Port monitor named: Port1_e1[3].prt

nx        = 62
ny        = 50
nz        = 34

nu        = 15
nv        = 26
iu        = 12
iv        = 19

idir      = 1
dcut      = -2.000000e-002
icut      = 9
type      = 0
frequency = 3.000000e+009

fcutoff   = 0.000000e+000
alpha     = 0.000000e+000
beta      = 1.149688e+002
accuracy  = 2.651738e-011

type          = QTEM
wave imp.     = 2.132897e+002
wave imp.sig. = 4.477367e-008
line imp.     = 4.923233e+001

ref. port     = 0

-0.000000e+000  -0.000000e+000  -0.000000e+000  -0.000000e+000  -0.000000e+000  -0.000000e+000  -0.000000e+000  -0.000000e+000  -0.000000e+000  -0.000000e+000  -0.000000e+000  -0.000000e+000  -0.000000e+000  -0.000000e+000  -0.000000e+000  
-1.672665e+001  -1.645170e+001  -1.591438e+001  -1.513894e+001  -1.415961e+001  -5.908859e+001  -5.740197e+001  -5.525067e+001  -4.879658e+001  -3.298969e+001  -1.687693e+001  -5.442234e+000  1.336106e+000  4.387871e+000  -0.000000e+000  
-4.064606e+001  -3.976156e+001  -3.804163e+001  -3.558064e+001  -3.251084e+001  -1.332401e+002  -1.282913e+002  -1.221876e+002  -1.043752e+002  -6.527392e+001  -2.967675e+001  -6.536961e+000  6.296606e+000  1.182773e+001  -0.000000e+000  
-8.785421e+001  -8.505226e+001  -7.963570e+001  -7.196533e+001  -6.254719e+001  -2.460931e+002  -2.323379e+002  -2.162988e+002  -1.716711e+002  -9.129205e+001  -3.123059e+001  2.131275e+000  1.845302e+001  2.489786e+001  -0.000000e+000  
-2.093026e+002  -1.995849e+002  -1.808445e+002  -1.544636e+002  -1.224669e+002  -4.428683e+002  -4.014084e+002  -3.568799e+002  -2.418230e+002  -9.070158e+001  -7.856402e+000  2.727104e+001  4.059541e+001  4.481151e+001  -0.000000e+000  
-5.893175e+002  -5.541322e+002  -4.851646e+002  -3.860038e+002  -2.638607e+002  -7.990168e+002  -6.601168e+002  -5.299309e+002  -2.369746e+002  -9.044547e+000  6.129111e+001  7.411164e+001  7.254729e+001  6.992873e+001  -0.000000e+000  
-1.688706e+003  -1.600785e+003  -1.409742e+003  -1.089524e+003  -6.223493e+002  -1.200139e+003  -7.153425e+002  -3.849716e+002  1.080589e+002  2.080153e+002  1.682953e+002  1.279049e+002  1.027969e+002  9.125947e+001  -0.000000e+000  
-2.183852e+003  -2.127192e+003  -1.982641e+003  -1.663296e+003  -9.842365e+002  -1.041622e+003  -3.081321e+002  1.715285e+001  3.024431e+002  2.729829e+002  1.929634e+002  1.388348e+002  1.085203e+002  9.514577e+001  -0.000000e+000  
-2.737138e+003  -2.744347e+003  -2.737006e+003  -2.611584e+003  -1.902395e+003  -3.796096e+002  5.091527e+002  6.330605e+002  5.265623e+002  3.399798e+002  2.168534e+002  1.490108e+002  1.137170e+002  9.862565e+001  -0.000000e+000  
-3.281692e+003  -3.375467e+003  -3.613340e+003  -4.167698e+003  -5.640357e+003  4.033098e+003  2.095869e+003  1.416439e+003  7.507821e+002  4.040941e+002  2.388889e+002  1.581161e+002  1.182702e+002  1.016383e+002  -0.000000e+000  
-3.722587e+003  -3.850303e+003  -4.153713e+003  -4.762657e+003  -5.965896e+003  3.570611e+003  2.423480e+003  1.780650e+003  9.275593e+002  4.596700e+002  2.578053e+002  1.657681e+002  1.220336e+002  1.041043e+002  -0.000000e+000  
-4.031571e+003  -4.144220e+003  -4.380569e+003  -4.749229e+003  -5.180141e+003  2.683557e+003  2.257602e+003  1.845745e+003  1.048234e+003  5.038831e+002  2.729510e+002  1.718124e+002  1.249705e+002  1.060149e+002  -0.000000e+000  
-4.223881e+003  -4.310140e+003  -4.470539e+003  -4.670234e+003  -4.831782e+003  2.260482e+003  2.080049e+003  1.817308e+003  1.122229e+003  5.347031e+002  2.836098e+002  1.760355e+002  1.270076e+002  1.073341e+002  -0.000000e+000  
-4.223881e+003  -4.310140e+003  -4.470539e+003  -4.670234e+003  -4.831782e+003  2.260482e+003  2.080049e+003  1.817308e+003  1.122229e+003  5.347031e+002  2.836098e+002  1.760355e+002  1.270076e+002  1.073341e+002  -0.000000e+000  
-4.031571e+003  -4.144220e+003  -4.380569e+003  -4.749229e+003  -5.180141e+003  2.683557e+003  2.257602e+003  1.845745e+003  1.048234e+003  5.038831e+002  2.729510e+002  1.718124e+002  1.249705e+002  1.060149e+002  -0.000000e+000  
-3.722587e+003  -3.850303e+003  -4.153713e+003  -4.762657e+003  -5.965896e+003  3.570611e+003  2.423480e+003  1.780650e+003  9.275593e+002  4.596700e+002  2.578053e+002  1.657681e+002  1.220336e+002  1.041043e+002  -0.000000e+000  
-3.281692e+003  -3.375467e+003  -3.613340e+003  -4.167698e+003  -5.640357e+003  4.033098e+003  2.095869e+003  1.416439e+003  7.507821e+002  4.040941e+002  2.388889e+002  1.581161e+002  1.182702e+002  1.016383e+002  -0.000000e+000  
-2.737138e+003  -2.744347e+003  -2.737006e+003  -2.611584e+003  -1.902395e+003  -3.796096e+002  5.091527e+002  6.330605e+002  5.265623e+002  3.399798e+002  2.168534e+002  1.490108e+002  1.137170e+002  9.862565e+001  -0.000000e+000  
-2.183852e+003  -2.127192e+003  -1.982641e+003  -1.663296e+003  -9.842365e+002  -1.041622e+003  -3.081321e+002  1.715285e+001  3.024431e+002  2.729829e+002  1.929634e+002  1.388348e+002  1.085203e+002  9.514577e+001  -0.000000e+000  
-1.688706e+003  -1.600785e+003  -1.409742e+003  -1.089524e+003  -6.223493e+002  -1.200139e+003  -7.153425e+002  -3.849716e+002  1.080589e+002  2.080153e+002  1.682953e+002  1.279049e+002  1.027969e+002  9.125947e+001  -0.000000e+000  
-5.893175e+002  -5.541322e+002  -4.851646e+002  -3.860038e+002  -2.638607e+002  -7.990168e+002  -6.601168e+002  -5.299309e+002  -2.369746e+002  -9.044547e+000  6.129111e+001  7.411164e+001  7.254729e+001  6.992873e+001  -0.000000e+000  
-2.093026e+002  -1.995849e+002  -1.808445e+002  -1.544636e+002  -1.224669e+002  -4.428683e+002  -4.014084e+002  -3.568799e+002  -2.418230e+002  -9.070158e+001  -7.856402e+000  2.727104e+001  4.059541e+001  4.481151e+001  -0.000000e+000  
-8.785421e+001  -8.505226e+001  -7.963570e+001  -7.196533e+001  -6.254719e+001  -2.460931e+002  -2.323379e+002  -2.162988e+002  -1.716711e+002  -9.129205e+001  -3.123059e+001  2.131275e+000  1.845302e+001  2.489786e+001  -0.000000e+000  
-4.064606e+001  -3.976156e+001  -3.804163e+001  -3.558064e+001  -3.251084e+001  -1.332401e+002  -1.282913e+002  -1.221876e+002  -1.043752e+002  -6.527392e+001  -2.967675e+001  -6.536961e+000  6.296606e+000  1.182773e+001  -0.000000e+000  
-1.672665e+001  -1.645170e+001  -1.591438e+001  -1.513894e+001  -1.415961e+001  -5.908859e+001  -5.740197e+001  -5.525067e+001  -4.879658e+001  -3.298969e+001  -1.687693e+001  -5.442234e+000  1.336106e+000  4.387871e+000  -0.000000e+000  
-0.000000e+000  -0.000000e+000  -0.000000e+000  -0.000000e+000  -0.000000e+000  -0.000000e+000  -0.000000e+000  -0.000000e+000  -0.000000e+000  -0.000000e+000  -0.000000e+000  -0.000000e+000  -0.000000e+000  -0.000000e+000  -0.000000e+000  

-0.000000e+000  1.544711e+000  3.128993e+000  4.790065e+000  6.560617e+000  8.466964e+000  1.515151e+000  -5.167731e+000  -1.149600e+001  -3.281769e+001  -4.597323e+001  -4.505700e+001  -3.448574e+001  -1.843049e+001  -0.000000e+000  
-0.000000e+000  4.645283e-001  1.031317e+000  1.795643e+000  2.839388e+000  4.225712e+000  -5.405763e+000  -1.447613e+001  -2.285654e+001  -4.880289e+001  -6.070180e+001  -5.550695e+001  -4.064781e+001  -2.118843e+001  -0.000000e+000  
-0.000000e+000  -3.366943e+000  -6.382608e+000  -8.722454e+000  -1.011346e+001  -1.035482e+001  -2.698504e+001  -4.200811e+001  -5.521145e+001  -8.890478e+001  -9.344566e+001  -7.668197e+001  -5.227746e+001  -2.615199e+001  -0.000000e+000  
-0.000000e+000  -1.659296e+001  -3.187166e+001  -4.462053e+001  -5.382246e+001  -5.875524e+001  -9.084197e+001  -1.177020e+002  -1.391939e+002  -1.727568e+002  -1.490959e+002  -1.071720e+002  -6.689695e+001  -3.180733e+001  -0.000000e+000  
-0.000000e+000  -6.492187e+001  -1.249315e+002  -1.752567e+002  -2.115582e+002  -2.305074e+002  -2.922708e+002  -3.353145e+002  -3.619670e+002  -3.327702e+002  -2.261398e+002  -1.388037e+002  -7.822477e+001  -3.511065e+001  -0.000000e+000  
-0.000000e+000  -2.330580e+002  -4.543611e+002  -6.484955e+002  -7.935193e+002  -8.620059e+002  -9.416927e+002  -9.444805e+002  -9.031298e+002  -5.608015e+002  -2.862907e+002  -1.475981e+002  -7.494089e+001  -3.181991e+001  -0.000000e+000  
-0.000000e+000  -4.754575e+002  -9.812426e+002  -1.531965e+003  -2.082636e+003  -2.424633e+003  -2.254302e+003  -1.837791e+003  -1.427869e+003  -6.160300e+002  -2.628997e+002  -1.246391e+002  -6.065393e+001  -2.522851e+001  -0.000000e+000  
-0.000000e+000  -5.328709e+002  -1.127948e+003  -1.856670e+003  -2.774106e+003  -3.660311e+003  -2.987378e+003  -2.161938e+003  -1.539066e+003  -6.083693e+002  -2.465042e+002  -1.135281e+002  -5.438399e+001  -2.244462e+001  -0.000000e+000  
-0.000000e+000  -5.251553e+002  -1.134738e+003  -1.983690e+003  -3.496928e+003  -6.669069e+003  -3.876730e+003  -2.284577e+003  -1.495413e+003  -5.667121e+002  -2.217858e+002  -9.976604e+001  -4.714966e+001  -1.932756e+001  -0.000000e+000  
-0.000000e+000  -4.296646e+002  -8.926626e+002  -1.419987e+003  -2.000472e+003  -0.000000e+000  -1.944197e+003  -1.605987e+003  -1.232122e+003  -4.908354e+002  -1.891255e+002  -8.359499e+001  -3.907886e+001  -1.593059e+001  -0.000000e+000  
-0.000000e+000  -3.005107e+002  -5.859183e+002  -8.045693e+002  -7.848359e+002  -0.000000e+000  -8.062441e+002  -9.677793e+002  -8.971373e+002  -3.894581e+002  -1.496488e+002  -6.536134e+001  -3.030859e+001  -1.230373e+001  -0.000000e+000  
-0.000000e+000  -1.866355e+002  -3.470285e+002  -4.320139e+002  -3.494531e+002  -0.000000e+000  -3.835507e+002  -5.587883e+002  -5.840822e+002  -2.717404e+002  -1.046241e+002  -4.538872e+001  -2.094362e+001  -8.480081e+000  -0.000000e+000  
-0.000000e+000  -0.000000e+000  -0.000000e+000  -0.000000e+000  -0.000000e+000  -0.000000e+000  -0.000000e+000  -0.000000e+000  -0.000000e+000  -0.000000e+000  -0.000000e+000  -0.000000e+000  -0.000000e+000  -0.000000e+000  -0.000000e+000  
-0.000000e+000  1.866355e+002  3.470285e+002  4.320139e+002  3.494531e+002  -0.000000e+000  3.835507e+002  5.587883e+002  5.840822e+002  2.717404e+002  1.046241e+002  4.538872e+001  2.094362e+001  8.480081e+000  -0.000000e+000  
-0.000000e+000  3.005107e+002  5.859183e+002  8.045693e+002  7.848359e+002  -0.000000e+000  8.062441e+002  9.677793e+002  8.971373e+002  3.894581e+002  1.496488e+002  6.536134e+001  3.030859e+001  1.230373e+001  -0.000000e+000  
-0.000000e+000  4.296646e+002  8.926626e+002  1.419987e+003  2.000472e+003  -0.000000e+000  1.944197e+003  1.605987e+003  1.232122e+003  4.908354e+002  1.891255e+002  8.359499e+001  3.907886e+001  1.593059e+001  -0.000000e+000  
-0.000000e+000  5.251553e+002  1.134738e+003  1.983690e+003  3.496928e+003  6.669069e+003  3.876730e+003  2.284577e+003  1.495413e+003  5.667121e+002  2.217858e+002  9.976604e+001  4.714966e+001  1.932756e+001  -0.000000e+000  
-0.000000e+000  5.328709e+002  1.127948e+003  1.856670e+003  2.774106e+003  3.660311e+003  2.987378e+003  2.161938e+003  1.539066e+003  6.083693e+002  2.465042e+002  1.135281e+002  5.438399e+001  2.244462e+001  -0.000000e+000  
-0.000000e+000  4.754575e+002  9.812426e+002  1.531965e+003  2.082636e+003  2.424633e+003  2.254302e+003  1.837791e+003  1.427869e+003  6.160300e+002  2.628997e+002  1.246391e+002  6.065393e+001  2.522851e+001  -0.000000e+000  
-0.000000e+000  2.330580e+002  4.543611e+002  6.484955e+002  7.935193e+002  8.620059e+002  9.416927e+002  9.444805e+002  9.031298e+002  5.608015e+002  2.862907e+002  1.475981e+002  7.494089e+001  3.181991e+001  -0.000000e+000  
-0.000000e+000  6.492187e+001  1.249315e+002  1.752567e+002  2.115582e+002  2.305074e+002  2.922708e+002  3.353145e+002  3.619670e+002  3.327702e+002  2.261398e+002  1.388037e+002  7.822477e+001  3.511065e+001  -0.000000e+000  
-0.000000e+000  1.659296e+001  3.187166e+001  4.462053e+001  5.382246e+001  5.875524e+001  9.084197e+001  1.177020e+002  1.391939e+002  1.727568e+002  1.490959e+002  1.071720e+002  6.689695e+001  3.180733e+001  -0.000000e+000  
-0.000000e+000  3.366943e+000  6.382608e+000  8.722454e+000  1.011346e+001  1.035482e+001  2.698504e+001  4.200811e+001  5.521145e+001  8.890478e+001  9.344566e+001  7.668197e+001  5.227746e+001  2.615199e+001  -0.000000e+000  
-0.000000e+000  -4.645283e-001  -1.031317e+000  -1.795643e+000  -2.839388e+000  -4.225712e+000  5.405763e+000  1.447613e+001  2.285654e+001  4.880289e+001  6.070180e+001  5.550695e+001  4.064781e+001  2.118843e+001  -0.000000e+000  
-0.000000e+000  -1.544711e+000  -3.128993e+000  -4.790065e+000  -6.560617e+000  -8.466964e+000  -1.515151e+000  5.167731e+000  1.149600e+001  3.281769e+001  4.597323e+001  4.505700e+001  3.448574e+001  1.843049e+001  -0.000000e+000  
-0.000000e+000  -0.000000e+000  -0.000000e+000  -0.000000e+000  -0.000000e+000  -0.000000e+000  -0.000000e+000  -0.000000e+000  -0.000000e+000  -0.000000e+000  -0.000000e+000  -0.000000e+000  -0.000000e+000  -0.000000e+000  -0.000000e+000  

0.000000e+000  0.000000e+000  0.000000e+000  0.000000e+000  0.000000e+000  0.000000e+000  0.000000e+000  0.000000e+000  0.000000e+000  0.000000e+000  0.000000e+000  0.000000e+000  0.000000e+000  0.000000e+000  0.000000e+000  
0.000000e+000  0.000000e+000  0.000000e+000  0.000000e+000  0.000000e+000  0.000000e+000  0.000000e+000  0.000000e+000  0.000000e+000  0.000000e+000  0.000000e+000  0.000000e+000  0.000000e+000  0.000000e+000  0.000000e+000  
0.000000e+000  0.000000e+000  0.000000e+000  0.000000e+000  0.000000e+000  0.000000e+000  0.000000e+000  0.000000e+000  0.000000e+000  0.000000e+000  0.000000e+000  0.000000e+000  0.000000e+000  0.000000e+000  0.000000e+000  
0.000000e+000  0.000000e+000  0.000000e+000  0.000000e+000  0.000000e+000  0.000000e+000  0.000000e+000  0.000000e+000  0.000000e+000  0.000000e+000  0.000000e+000  0.000000e+000  0.000000e+000  0.000000e+000  0.000000e+000  
0.000000e+000  0.000000e+000  0.000000e+000  0.000000e+000  0.000000e+000  0.000000e+000  0.000000e+000  0.000000e+000  0.000000e+000  0.000000e+000  0.000000e+000  0.000000e+000  0.000000e+000  0.000000e+000  0.000000e+000  
0.000000e+000  0.000000e+000  0.000000e+000  0.000000e+000  0.000000e+000  0.000000e+000  0.000000e+000  0.000000e+000  0.000000e+000  0.000000e+000  0.000000e+000  0.000000e+000  0.000000e+000  0.000000e+000  0.000000e+000  
0.000000e+000  0.000000e+000  0.000000e+000  0.000000e+000  0.000000e+000  0.000000e+000  0.000000e+000  0.000000e+000  0.000000e+000  0.000000e+000  0.000000e+000  0.000000e+000  0.000000e+000  0.000000e+000  0.000000e+000  
0.000000e+000  0.000000e+000  0.000000e+000  0.000000e+000  0.000000e+000  0.000000e+000  0.000000e+000  0.000000e+000  0.000000e+000  0.000000e+000  0.000000e+000  0.000000e+000  0.000000e+000  0.000000e+000  0.000000e+000  
0.000000e+000  0.000000e+000  0.000000e+000  0.000000e+000  0.000000e+000  0.000000e+000  0.000000e+000  0.000000e+000  0.000000e+000  0.000000e+000  0.000000e+000  0.000000e+000  0.000000e+000  0.000000e+000  0.000000e+000  
0.000000e+000  0.000000e+000  0.000000e+000  0.000000e+000  0.000000e+000  0.000000e+000  0.000000e+000  0.000000e+000  0.000000e+000  0.000000e+000  0.000000e+000  0.000000e+000  0.000000e+000  0.000000e+000  0.000000e+000  
0.000000e+000  0.000000e+000  0.000000e+000  0.000000e+000  0.000000e+000  0.000000e+000  0.000000e+000  0.000000e+000  0.000000e+000  0.000000e+000  0.000000e+000  0.000000e+000  0.000000e+000  0.000000e+000  0.000000e+000  
0.000000e+000  0.000000e+000  0.000000e+000  0.000000e+000  0.000000e+000  0.000000e+000  0.000000e+000  0.000000e+000  0.000000e+000  0.000000e+000  0.000000e+000  0.000000e+000  0.000000e+000  0.000000e+000  0.000000e+000  
0.000000e+000  0.000000e+000  0.000000e+000  0.000000e+000  0.000000e+000  0.000000e+000  0.000000e+000  0.000000e+000  0.000000e+000  0.000000e+000  0.000000e+000  0.000000e+000  0.000000e+000  0.000000e+000  0.000000e+000  
0.000000e+000  0.000000e+000  0.000000e+000  0.000000e+000  0.000000e+000  0.000000e+000  0.000000e+000  0.000000e+000  0.000000e+000  0.000000e+000  0.000000e+000  0.000000e+000  0.000000e+000  0.000000e+000  0.000000e+000  
0.000000e+000  0.000000e+000  0.000000e+000  0.000000e+000  0.000000e+000  0.000000e+000  0.000000e+000  0.000000e+000  0.000000e+000  0.000000e+000  0.000000e+000  0.000000e+000  0.000000e+000  0.000000e+000  0.000000e+000  
0.000000e+000  0.000000e+000  0.000000e+000  0.000000e+000  0.000000e+000  0.000000e+000  0.000000e+000  0.000000e+000  0.000000e+000  0.000000e+000  0.000000e+000  0.000000e+000  0.000000e+000  0.000000e+000  0.000000e+000  
0.000000e+000  0.000000e+000  0.000000e+000  0.000000e+000  0.000000e+000  0.000000e+000  0.000000e+000  0.000000e+000  0.000000e+000  0.000000e+000  0.000000e+000  0.000000e+000  0.000000e+000  0.000000e+000  0.000000e+000  
0.000000e+000  0.000000e+000  0.000000e+000  0.000000e+000  0.000000e+000  0.000000e+000  0.000000e+000  0.000000e+000  0.000000e+000  0.000000e+000  0.000000e+000  0.000000e+000  0.000000e+000  0.000000e+000  0.000000e+000  
0.000000e+000  0.000000e+000  0.000000e+000  0.000000e+000  0.000000e+000  0.000000e+000  0.000000e+000  0.000000e+000  0.000000e+000  0.000000e+000  0.000000e+000  0.000000e+000  0.000000e+000  0.000000e+000  0.000000e+000  
0.000000e+000  0.000000e+000  0.000000e+000  0.000000e+000  0.000000e+000  0.000000e+000  0.000000e+000  0.000000e+000  0.000000e+000  0.000000e+000  0.000000e+000  0.000000e+000  0.000000e+000  0.000000e+000  0.000000e+000  
0.000000e+000  0.000000e+000  0.000000e+000  0.000000e+000  0.000000e+000  0.000000e+000  0.000000e+000  0.000000e+000  0.000000e+000  0.000000e+000  0.000000e+000  0.000000e+000  0.000000e+000  0.000000e+000  0.000000e+000  
0.000000e+000  0.000000e+000  0.000000e+000  0.000000e+000  0.000000e+000  0.000000e+000  0.000000e+000  0.000000e+000  0.000000e+000  0.000000e+000  0.000000e+000  0.000000e+000  0.000000e+000  0.000000e+000  0.000000e+000  
0.000000e+000  0.000000e+000  0.000000e+000  0.000000e+000  0.000000e+000  0.000000e+000  0.000000e+000  0.000000e+000  0.000000e+000  0.000000e+000  0.000000e+000  0.000000e+000  0.000000e+000  0.000000e+000  0.000000e+000  
0.000000e+000  0.000000e+000  0.000000e+000  0.000000e+000  0.000000e+000  0.000000e+000  0.000000e+000  0.000000e+000  0.000000e+000  0.000000e+000  0.000000e+000  0.000000e+000  0.000000e+000  0.000000e+000  0.000000e+000  
0.000000e+000  0.000000e+000  0.000000e+000  0.000000e+000  0.000000e+000  0.000000e+000  0.000000e+000  0.000000e+000  0.000000e+000  0.000000e+000  0.000000e+000  0.000000e+000  0.000000e+000  0.000000e+000  0.000000e+000  
0.000000e+000  0.000000e+000  0.000000e+000  0.000000e+000  0.000000e+000  0.000000e+000  0.000000e+000  0.000000e+000  0.000000e+000  0.000000e+000  0.000000e+000  0.000000e+000  0.000000e+000  0.000000e+000  0.000000e+000  

0.000000e+000  0.000000e+000  0.000000e+000  0.000000e+000  0.000000e+000  0.000000e+000  0.000000e+000  0.000000e+000  0.000000e+000  0.000000e+000  0.000000e+000  0.000000e+000  0.000000e+000  0.000000e+000  0.000000e+000  
0.000000e+000  0.000000e+000  0.000000e+000  0.000000e+000  0.000000e+000  0.000000e+000  0.000000e+000  0.000000e+000  0.000000e+000  0.000000e+000  0.000000e+000  0.000000e+000  0.000000e+000  0.000000e+000  0.000000e+000  
0.000000e+000  0.000000e+000  0.000000e+000  0.000000e+000  0.000000e+000  0.000000e+000  0.000000e+000  0.000000e+000  0.000000e+000  0.000000e+000  0.000000e+000  0.000000e+000  0.000000e+000  0.000000e+000  0.000000e+000  
0.000000e+000  0.000000e+000  0.000000e+000  0.000000e+000  0.000000e+000  0.000000e+000  0.000000e+000  0.000000e+000  0.000000e+000  0.000000e+000  0.000000e+000  0.000000e+000  0.000000e+000  0.000000e+000  0.000000e+000  
0.000000e+000  0.000000e+000  0.000000e+000  0.000000e+000  0.000000e+000  0.000000e+000  0.000000e+000  0.000000e+000  0.000000e+000  0.000000e+000  0.000000e+000  0.000000e+000  0.000000e+000  0.000000e+000  0.000000e+000  
0.000000e+000  0.000000e+000  0.000000e+000  0.000000e+000  0.000000e+000  0.000000e+000  0.000000e+000  0.000000e+000  0.000000e+000  0.000000e+000  0.000000e+000  0.000000e+000  0.000000e+000  0.000000e+000  0.000000e+000  
0.000000e+000  0.000000e+000  0.000000e+000  0.000000e+000  0.000000e+000  0.000000e+000  0.000000e+000  0.000000e+000  0.000000e+000  0.000000e+000  0.000000e+000  0.000000e+000  0.000000e+000  0.000000e+000  0.000000e+000  
0.000000e+000  0.000000e+000  0.000000e+000  0.000000e+000  0.000000e+000  0.000000e+000  0.000000e+000  0.000000e+000  0.000000e+000  0.000000e+000  0.000000e+000  0.000000e+000  0.000000e+000  0.000000e+000  0.000000e+000  
0.000000e+000  0.000000e+000  0.000000e+000  0.000000e+000  0.000000e+000  0.000000e+000  0.000000e+000  0.000000e+000  0.000000e+000  0.000000e+000  0.000000e+000  0.000000e+000  0.000000e+000  0.000000e+000  0.000000e+000  
0.000000e+000  0.000000e+000  0.000000e+000  0.000000e+000  0.000000e+000  0.000000e+000  0.000000e+000  0.000000e+000  0.000000e+000  0.000000e+000  0.000000e+000  0.000000e+000  0.000000e+000  0.000000e+000  0.000000e+000  
0.000000e+000  0.000000e+000  0.000000e+000  0.000000e+000  0.000000e+000  0.000000e+000  0.000000e+000  0.000000e+000  0.000000e+000  0.000000e+000  0.000000e+000  0.000000e+000  0.000000e+000  0.000000e+000  0.000000e+000  
0.000000e+000  0.000000e+000  0.000000e+000  0.000000e+000  0.000000e+000  0.000000e+000  0.000000e+000  0.000000e+000  0.000000e+000  0.000000e+000  0.000000e+000  0.000000e+000  0.000000e+000  0.000000e+000  0.000000e+000  
0.000000e+000  0.000000e+000  0.000000e+000  0.000000e+000  0.000000e+000  0.000000e+000  0.000000e+000  0.000000e+000  0.000000e+000  0.000000e+000  0.000000e+000  0.000000e+000  0.000000e+000  0.000000e+000  0.000000e+000  
0.000000e+000  0.000000e+000  0.000000e+000  0.000000e+000  0.000000e+000  0.000000e+000  0.000000e+000  0.000000e+000  0.000000e+000  0.000000e+000  0.000000e+000  0.000000e+000  0.000000e+000  0.000000e+000  0.000000e+000  
0.000000e+000  0.000000e+000  0.000000e+000  0.000000e+000  0.000000e+000  0.000000e+000  0.000000e+000  0.000000e+000  0.000000e+000  0.000000e+000  0.000000e+000  0.000000e+000  0.000000e+000  0.000000e+000  0.000000e+000  
0.000000e+000  0.000000e+000  0.000000e+000  0.000000e+000  0.000000e+000  0.000000e+000  0.000000e+000  0.000000e+000  0.000000e+000  0.000000e+000  0.000000e+000  0.000000e+000  0.000000e+000  0.000000e+000  0.000000e+000  
0.000000e+000  0.000000e+000  0.000000e+000  0.000000e+000  0.000000e+000  0.000000e+000  0.000000e+000  0.000000e+000  0.000000e+000  0.000000e+000  0.000000e+000  0.000000e+000  0.000000e+000  0.000000e+000  0.000000e+000  
0.000000e+000  0.000000e+000  0.000000e+000  0.000000e+000  0.000000e+000  0.000000e+000  0.000000e+000  0.000000e+000  0.000000e+000  0.000000e+000  0.000000e+000  0.000000e+000  0.000000e+000  0.000000e+000  0.000000e+000  
0.000000e+000  0.000000e+000  0.000000e+000  0.000000e+000  0.000000e+000  0.000000e+000  0.000000e+000  0.000000e+000  0.000000e+000  0.000000e+000  0.000000e+000  0.000000e+000  0.000000e+000  0.000000e+000  0.000000e+000  
0.000000e+000  0.000000e+000  0.000000e+000  0.000000e+000  0.000000e+000  0.000000e+000  0.000000e+000  0.000000e+000  0.000000e+000  0.000000e+000  0.000000e+000  0.000000e+000  0.000000e+000  0.000000e+000  0.000000e+000  
0.000000e+000  0.000000e+000  0.000000e+000  0.000000e+000  0.000000e+000  0.000000e+000  0.000000e+000  0.000000e+000  0.000000e+000  0.000000e+000  0.000000e+000  0.000000e+000  0.000000e+000  0.000000e+000  0.000000e+000  
0.000000e+000  0.000000e+000  0.000000e+000  0.000000e+000  0.000000e+000  0.000000e+000  0.000000e+000  0.000000e+000  0.000000e+000  0.000000e+000  0.000000e+000  0.000000e+000  0.000000e+000  0.000000e+000  0.000000e+000  
0.000000e+000  0.000000e+000  0.000000e+000  0.000000e+000  0.000000e+000  0.000000e+000  0.000000e+000  0.000000e+000  0.000000e+000  0.000000e+000  0.000000e+000  0.000000e+000  0.000000e+000  0.000000e+000  0.000000e+000  
0.000000e+000  0.000000e+000  0.000000e+000  0.000000e+000  0.000000e+000  0.000000e+000  0.000000e+000  0.000000e+000  0.000000e+000  0.000000e+000  0.000000e+000  0.000000e+000  0.000000e+000  0.000000e+000  0.000000e+000  
0.000000e+000  0.000000e+000  0.000000e+000  0.000000e+000  0.000000e+000  0.000000e+000  0.000000e+000  0.000000e+000  0.000000e+000  0.000000e+000  0.000000e+000  0.000000e+000  0.000000e+000  0.000000e+000  0.000000e+000  
0.000000e+000  0.000000e+000  0.000000e+000  0.000000e+000  0.000000e+000  0.000000e+000  0.000000e+000  0.000000e+000  0.000000e+000  0.000000e+000  0.000000e+000  0.000000e+000  0.000000e+000  0.000000e+000  0.000000e+000  

0.000000e+000  0.000000e+000  0.000000e+000  0.000000e+000  0.000000e+000  0.000000e+000  0.000000e+000  0.000000e+000  0.000000e+000  0.000000e+000  0.000000e+000  0.000000e+000  0.000000e+000  0.000000e+000  0.000000e+000  
0.000000e+000  0.000000e+000  0.000000e+000  0.000000e+000  0.000000e+000  0.000000e+000  0.000000e+000  0.000000e+000  0.000000e+000  0.000000e+000  0.000000e+000  0.000000e+000  0.000000e+000  0.000000e+000  0.000000e+000  
0.000000e+000  0.000000e+000  0.000000e+000  0.000000e+000  0.000000e+000  0.000000e+000  0.000000e+000  0.000000e+000  0.000000e+000  0.000000e+000  0.000000e+000  0.000000e+000  0.000000e+000  0.000000e+000  0.000000e+000  
0.000000e+000  0.000000e+000  0.000000e+000  0.000000e+000  0.000000e+000  0.000000e+000  0.000000e+000  0.000000e+000  0.000000e+000  0.000000e+000  0.000000e+000  0.000000e+000  0.000000e+000  0.000000e+000  0.000000e+000  
0.000000e+000  0.000000e+000  0.000000e+000  0.000000e+000  0.000000e+000  0.000000e+000  0.000000e+000  0.000000e+000  0.000000e+000  0.000000e+000  0.000000e+000  0.000000e+000  0.000000e+000  0.000000e+000  0.000000e+000  
0.000000e+000  0.000000e+000  0.000000e+000  0.000000e+000  0.000000e+000  0.000000e+000  0.000000e+000  0.000000e+000  0.000000e+000  0.000000e+000  0.000000e+000  0.000000e+000  0.000000e+000  0.000000e+000  0.000000e+000  
0.000000e+000  0.000000e+000  0.000000e+000  0.000000e+000  0.000000e+000  0.000000e+000  0.000000e+000  0.000000e+000  0.000000e+000  0.000000e+000  0.000000e+000  0.000000e+000  0.000000e+000  0.000000e+000  0.000000e+000  
0.000000e+000  0.000000e+000  0.000000e+000  0.000000e+000  0.000000e+000  0.000000e+000  0.000000e+000  0.000000e+000  0.000000e+000  0.000000e+000  0.000000e+000  0.000000e+000  0.000000e+000  0.000000e+000  0.000000e+000  
0.000000e+000  0.000000e+000  0.000000e+000  0.000000e+000  0.000000e+000  0.000000e+000  0.000000e+000  0.000000e+000  0.000000e+000  0.000000e+000  0.000000e+000  0.000000e+000  0.000000e+000  0.000000e+000  0.000000e+000  
0.000000e+000  0.000000e+000  0.000000e+000  0.000000e+000  0.000000e+000  0.000000e+000  0.000000e+000  0.000000e+000  0.000000e+000  0.000000e+000  0.000000e+000  0.000000e+000  0.000000e+000  0.000000e+000  0.000000e+000  
0.000000e+000  0.000000e+000  0.000000e+000  0.000000e+000  0.000000e+000  0.000000e+000  0.000000e+000  0.000000e+000  0.000000e+000  0.000000e+000  0.000000e+000  0.000000e+000  0.000000e+000  0.000000e+000  0.000000e+000  
0.000000e+000  0.000000e+000  0.000000e+000  0.000000e+000  0.000000e+000  0.000000e+000  0.000000e+000  0.000000e+000  0.000000e+000  0.000000e+000  0.000000e+000  0.000000e+000  0.000000e+000  0.000000e+000  0.000000e+000  
0.000000e+000  0.000000e+000  0.000000e+000  0.000000e+000  0.000000e+000  0.000000e+000  0.000000e+000  0.000000e+000  0.000000e+000  0.000000e+000  0.000000e+000  0.000000e+000  0.000000e+000  0.000000e+000  0.000000e+000  
0.000000e+000  0.000000e+000  0.000000e+000  0.000000e+000  0.000000e+000  0.000000e+000  0.000000e+000  0.000000e+000  0.000000e+000  0.000000e+000  0.000000e+000  0.000000e+000  0.000000e+000  0.000000e+000  0.000000e+000  
0.000000e+000  0.000000e+000  0.000000e+000  0.000000e+000  0.000000e+000  0.000000e+000  0.000000e+000  0.000000e+000  0.000000e+000  0.000000e+000  0.000000e+000  0.000000e+000  0.000000e+000  0.000000e+000  0.000000e+000  
0.000000e+000  0.000000e+000  0.000000e+000  0.000000e+000  0.000000e+000  0.000000e+000  0.000000e+000  0.000000e+000  0.000000e+000  0.000000e+000  0.000000e+000  0.000000e+000  0.000000e+000  0.000000e+000  0.000000e+000  
0.000000e+000  0.000000e+000  0.000000e+000  0.000000e+000  0.000000e+000  0.000000e+000  0.000000e+000  0.000000e+000  0.000000e+000  0.000000e+000  0.000000e+000  0.000000e+000  0.000000e+000  0.000000e+000  0.000000e+000  
0.000000e+000  0.000000e+000  0.000000e+000  0.000000e+000  0.000000e+000  0.000000e+000  0.000000e+000  0.000000e+000  0.000000e+000  0.000000e+000  0.000000e+000  0.000000e+000  0.000000e+000  0.000000e+000  0.000000e+000  
0.000000e+000  0.000000e+000  0.000000e+000  0.000000e+000  0.000000e+000  0.000000e+000  0.000000e+000  0.000000e+000  0.000000e+000  0.000000e+000  0.000000e+000  0.000000e+000  0.000000e+000  0.000000e+000  0.000000e+000  
0.000000e+000  0.000000e+000  0.000000e+000  0.000000e+000  0.000000e+000  0.000000e+000  0.000000e+000  0.000000e+000  0.000000e+000  0.000000e+000  0.000000e+000  0.000000e+000  0.000000e+000  0.000000e+000  0.000000e+000  
0.000000e+000  0.000000e+000  0.000000e+000  0.000000e+000  0.000000e+000  0.000000e+000  0.000000e+000  0.000000e+000  0.000000e+000  0.000000e+000  0.000000e+000  0.000000e+000  0.000000e+000  0.000000e+000  0.000000e+000  
0.000000e+000  0.000000e+000  0.000000e+000  0.000000e+000  0.000000e+000  0.000000e+000  0.000000e+000  0.000000e+000  0.000000e+000  0.000000e+000  0.000000e+000  0.000000e+000  0.000000e+000  0.000000e+000  0.000000e+000  
0.000000e+000  0.000000e+000  0.000000e+000  0.000000e+000  0.000000e+000  0.000000e+000  0.000000e+000  0.000000e+000  0.000000e+000  0.000000e+000  0.000000e+000  0.000000e+000  0.000000e+000  0.000000e+000  0.000000e+000  
0.000000e+000  0.000000e+000  0.000000e+000  0.000000e+000  0.000000e+000  0.000000e+000  0.000000e+000  0.000000e+000  0.000000e+000  0.000000e+000  0.000000e+000  0.000000e+000  0.000000e+000  0.000000e+000  0.000000e+000  
0.000000e+000  0.000000e+000  0.000000e+000  0.000000e+000  0.000000e+000  0.000000e+000  0.000000e+000  0.000000e+000  0.000000e+000  0.000000e+000  0.000000e+000  0.000000e+000  0.000000e+000  0.000000e+000  0.000000e+000  
0.000000e+000  0.000000e+000  0.000000e+000  0.000000e+000  0.000000e+000  0.000000e+000  0.000000e+000  0.000000e+000  0.000000e+000  0.000000e+000  0.000000e+000  0.000000e+000  0.000000e+000  0.000000e+000  0.000000e+000  

-0.000000e+000  -0.000000e+000  -0.000000e+000  -0.000000e+000  -0.000000e+000  -0.000000e+000  -0.000000e+000  -0.000000e+000  -0.000000e+000  -0.000000e+000  -0.000000e+000  -0.000000e+000  -0.000000e+000  -0.000000e+000  -0.000000e+000  
-0.000000e+000  -1.807567e+000  -3.602099e+000  -5.370636e+000  -7.100369e+000  -8.778743e+000  -8.702395e+000  -8.578423e+000  -8.412781e+000  -7.371039e+000  -5.701459e+000  -4.058938e+000  -2.576708e+000  -1.245936e+000  -0.000000e+000  
-0.000000e+000  -3.944572e+000  -7.861255e+000  -1.172209e+001  -1.549902e+001  -1.916395e+001  -1.885888e+001  -1.845377e+001  -1.796595e+001  -1.529854e+001  -1.152210e+001  -8.066847e+000  -5.073138e+000  -2.441876e+000  -0.000000e+000  
-0.000000e+000  -6.785547e+000  -1.353054e+001  -2.019312e+001  -2.672899e+001  -3.309059e+001  -3.208461e+001  -3.093946e+001  -2.969730e+001  -2.402144e+001  -1.732680e+001  -1.183559e+001  -7.349608e+000  -3.517560e+000  -0.000000e+000  
-0.000000e+000  -1.063830e+001  -2.125871e+001  -3.183666e+001  -4.233446e+001  -5.269541e+001  -4.972953e+001  -4.672338e+001  -4.376004e+001  -3.277123e+001  -2.241347e+001  -1.493737e+001  -9.183279e+000  -4.379861e+000  -0.000000e+000  
-0.000000e+000  -1.485053e+001  -2.988488e+001  -4.526992e+001  -6.113281e+001  -7.752764e+001  -6.968360e+001  -6.258941e+001  -5.628006e+001  -3.841173e+001  -2.529479e+001  -1.676062e+001  -1.033497e+001  -4.945667e+000  -0.000000e+000  
-0.000000e+000  -1.435304e+001  -2.943606e+001  -4.608324e+001  -6.529547e+001  -8.813503e+001  -7.268817e+001  -6.113532e+001  -5.238966e+001  -3.560068e+001  -2.472634e+001  -1.704042e+001  -1.073940e+001  -5.193235e+000  -0.000000e+000  
-0.000000e+000  -1.215557e+001  -2.486823e+001  -3.894490e+001  -5.588045e+001  -7.854367e+001  -6.293058e+001  -5.330759e+001  -4.667687e+001  -3.386228e+001  -2.434044e+001  -1.700860e+001  -1.078281e+001  -5.227189e+000  -0.000000e+000  
-0.000000e+000  -9.371568e+000  -1.886648e+001  -2.880696e+001  -4.046567e+001  -5.951425e+001  -4.721328e+001  -4.252439e+001  -3.962951e+001  -3.187145e+001  -2.389665e+001  -1.695222e+001  -1.081181e+001  -5.254023e+000  -0.000000e+000  
-0.000000e+000  -6.454754e+000  -1.239156e+001  -1.686383e+001  -1.732392e+001  -0.000000e+000  -2.389008e+001  -2.997970e+001  -3.222980e+001  -2.983176e+001  -2.343796e+001  -1.688251e+001  -1.082970e+001  -5.274688e+000  -0.000000e+000  
-0.000000e+000  -4.098774e+000  -7.485405e+000  -9.161764e+000  -7.470314e+000  -0.000000e+000  -1.322739e+001  -2.139912e+001  -2.605205e+001  -2.798133e+001  -2.301310e+001  -1.681151e+001  -1.083960e+001  -5.289940e+000  -0.000000e+000  
-0.000000e+000  -2.467582e+000  -4.320906e+000  -4.891724e+000  -3.509340e+000  -0.000000e+000  -8.870520e+000  -1.629899e+001  -2.152170e+001  -2.646274e+001  -2.265565e+001  -1.674838e+001  -1.084455e+001  -5.300805e+000  -0.000000e+000  
-0.000000e+000  -1.462016e+000  -2.463010e+000  -2.612312e+000  -1.716866e+000  -0.000000e+000  -6.826783e+000  -1.338337e+001  -1.856792e+001  -2.538442e+001  -2.239702e+001  -1.670133e+001  -1.084680e+001  -5.307907e+000  -0.000000e+000  
-0.000000e+000  -1.462016e+000  -2.463010e+000  -2.612312e+000  -1.716866e+000  -0.000000e+000  -6.826783e+000  -1.338337e+001  -1.856792e+001  -2.538442e+001  -2.239702e+001  -1.670133e+001  -1.084680e+001  -5.307907e+000  -0.000000e+000  
-0.000000e+000  -2.467582e+000  -4.320906e+000  -4.891724e+000  -3.509340e+000  -0.000000e+000  -8.870520e+000  -1.629899e+001  -2.152170e+001  -2.646274e+001  -2.265565e+001  -1.674838e+001  -1.084455e+001  -5.300805e+000  -0.000000e+000  
-0.000000e+000  -4.098774e+000  -7.485405e+000  -9.161764e+000  -7.470314e+000  -0.000000e+000  -1.322739e+001  -2.139912e+001  -2.605205e+001  -2.798133e+001  -2.301310e+001  -1.681151e+001  -1.083960e+001  -5.289940e+000  -0.000000e+000  
-0.000000e+000  -6.454754e+000  -1.239156e+001  -1.686383e+001  -1.732392e+001  -0.000000e+000  -2.389008e+001  -2.997970e+001  -3.222980e+001  -2.983176e+001  -2.343796e+001  -1.688251e+001  -1.082970e+001  -5.274688e+000  -0.000000e+000  
-0.000000e+000  -9.371568e+000  -1.886648e+001  -2.880696e+001  -4.046567e+001  -5.951425e+001  -4.721328e+001  -4.252439e+001  -3.962951e+001  -3.187145e+001  -2.389665e+001  -1.695222e+001  -1.081181e+001  -5.254023e+000  -0.000000e+000  
-0.000000e+000  -1.215557e+001  -2.486823e+001  -3.894490e+001  -5.588045e+001  -7.854367e+001  -6.293058e+001  -5.330759e+001  -4.667687e+001  -3.386228e+001  -2.434044e+001  -1.700860e+001  -1.078281e+001  -5.227189e+000  -0.000000e+000  
-0.000000e+000  -1.435304e+001  -2.943606e+001  -4.608324e+001  -6.529547e+001  -8.813503e+001  -7.268817e+001  -6.113532e+001  -5.238966e+001  -3.560068e+001  -2.472634e+001  -1.704042e+001  -1.073940e+001  -5.193235e+000  -0.000000e+000  
-0.000000e+000  -1.485053e+001  -2.988488e+001  -4.526992e+001  -6.113281e+001  -7.752764e+001  -6.968360e+001  -6.258941e+001  -5.628006e+001  -3.841173e+001  -2.529479e+001  -1.676062e+001  -1.033497e+001  -4.945667e+000  -0.000000e+000  
-0.000000e+000  -1.063830e+001  -2.125871e+001  -3.183666e+001  -4.233446e+001  -5.269541e+001  -4.972953e+001  -4.672338e+001  -4.376004e+001  -3.277123e+001  -2.241347e+001  -1.493737e+001  -9.183279e+000  -4.379861e+000  -0.000000e+000  
-0.000000e+000  -6.785547e+000  -1.353054e+001  -2.019312e+001  -2.672899e+001  -3.309059e+001  -3.208461e+001  -3.093946e+001  -2.969730e+001  -2.402144e+001  -1.732680e+001  -1.183559e+001  -7.349608e+000  -3.517560e+000  -0.000000e+000  
-0.000000e+000  -3.944572e+000  -7.861255e+000  -1.172209e+001  -1.549902e+001  -1.916395e+001  -1.885888e+001  -1.845377e+001  -1.796595e+001  -1.529854e+001  -1.152210e+001  -8.066847e+000  -5.073138e+000  -2.441876e+000  -0.000000e+000  
-0.000000e+000  -1.807567e+000  -3.602099e+000  -5.370636e+000  -7.100369e+000  -8.778743e+000  -8.702394e+000  -8.578423e+000  -8.412781e+000  -7.371039e+000  -5.701459e+000  -4.058938e+000  -2.576708e+000  -1.245936e+000  -0.000000e+000  
-0.000000e+000  -0.000000e+000  -0.000000e+000  -0.000000e+000  -0.000000e+000  -0.000000e+000  -0.000000e+000  -0.000000e+000  -0.000000e+000  -0.000000e+000  -0.000000e+000  -0.000000e+000  -0.000000e+000  -0.000000e+000  -0.000000e+000  

