Port monitor named: Port1_h1[3].prt

nx        = 62
ny        = 50
nz        = 34

nu        = 15
nv        = 26
iu        = 12
iv        = 19

idir      = 1
dcut      = -2.000000e-002
icut      = 9
type      = 1
frequency = 3.000000e+009

fcutoff   = 0.000000e+000
alpha     = 0.000000e+000
beta      = 1.149688e+002
accuracy  = 2.651738e-011

type          = QTEM
wave imp.     = 2.132897e+002
wave imp.sig. = 4.477367e-008
line imp.     = 4.923233e+001

ref. port     = 0

-0.000000e+000  3.852145e-002  7.651898e-002  1.134820e-001  1.489257e-001  1.824028e-001  2.142007e-001  2.434809e-001  2.699791e-001  3.469454e-001  3.682919e-001  3.220279e-001  2.329824e-001  1.211756e-001  -0.000000e+000  
-0.000000e+000  5.215145e-002  1.034284e-001  1.529866e-001  2.000404e-001  2.438873e-001  2.848121e-001  3.216790e-001  3.541524e-001  4.386992e-001  4.428134e-001  3.714491e-001  2.608471e-001  1.332888e-001  -0.000000e+000  
-0.000000e+000  8.867052e-002  1.753136e-001  2.580001e-001  3.349916e-001  4.048178e-001  4.676908e-001  5.217667e-001  5.666465e-001  6.535898e-001  6.013353e-001  4.681365e-001  3.116935e-001  1.543186e-001  -0.000000e+000  
-0.000000e+000  1.786240e-001  3.514460e-001  5.130062e-001  6.585361e-001  7.842978e-001  8.901384e-001  9.731286e-001  1.033623e+000  1.061263e+000  8.531617e-001  5.991443e-001  3.713782e-001  1.763352e-001  -0.000000e+000  
-0.000000e+000  4.223477e-001  8.259883e-001  1.192634e+000  1.505419e+000  1.751009e+000  1.926593e+000  2.031435e+000  2.075611e+000  1.758753e+000  1.170960e+000  7.201236e-001  4.089971e-001  1.848199e-001  -0.000000e+000  
-0.000000e+000  1.116681e+000  2.192229e+000  3.171281e+000  3.972808e+000  4.493079e+000  4.658233e+000  4.541796e+000  4.270077e+000  2.639996e+000  1.372986e+000  7.245462e-001  3.755262e-001  1.616594e-001  -0.000000e+000  
-0.000000e+000  2.023863e+000  4.172593e+000  6.513582e+000  8.892274e+000  1.052943e+001  9.681230e+000  7.908907e+000  6.192472e+000  2.765450e+000  1.226178e+000  6.008450e-001  3.000001e-001  1.268362e-001  -0.000000e+000  
-0.000000e+000  2.226766e+000  4.699434e+000  7.702135e+000  1.147345e+001  1.530789e+001  1.246952e+001  9.100451e+000  6.559797e+000  2.695661e+000  1.139124e+000  5.437429e-001  2.677064e-001  1.124046e-001  -0.000000e+000  
-0.000000e+000  2.172162e+000  4.671269e+000  8.085469e+000  1.398370e+001  2.693357e+001  1.580368e+001  9.468172e+000  6.302407e+000  2.487162e+000  1.017223e+000  4.752266e-001  2.311588e-001  9.647857e-002  -0.000000e+000  
-0.000000e+000  1.777722e+000  3.691868e+000  5.886138e+000  8.422590e+000  -0.000000e+000  8.043774e+000  6.674169e+000  5.173400e+000  2.140655e+000  8.624576e-001  3.964676e-001  1.909693e-001  7.931366e-002  -0.000000e+000  
-0.000000e+000  1.245520e+000  2.430520e+000  3.347379e+000  3.291968e+000  -0.000000e+000  3.344166e+000  4.031123e+000  3.762672e+000  1.691947e+000  6.796572e-001  3.089950e-001  1.477530e-001  6.113713e-002  -0.000000e+000  
-0.000000e+000  7.745245e-001  1.441691e+000  1.799125e+000  1.462004e+000  -0.000000e+000  1.594684e+000  2.331347e+000  2.449131e+000  1.178092e+000  4.740280e-001  2.141556e-001  1.019481e-001  4.208708e-002  -0.000000e+000  
-0.000000e+000  -1.676441e-009  7.530094e-010  6.167815e-010  -2.919531e-010  -0.000000e+000  -0.000000e+000  -1.469514e-009  1.018249e-009  7.589598e-010  5.479713e-010  1.175127e-009  1.083246e-009  3.159706e-010  -0.000000e+000  
-0.000000e+000  -7.745245e-001  -1.441691e+000  -1.799125e+000  -1.462004e+000  -0.000000e+000  -1.594684e+000  -2.331347e+000  -2.449131e+000  -1.178092e+000  -4.740280e-001  -2.141556e-001  -1.019481e-001  -4.208709e-002  -0.000000e+000  
-0.000000e+000  -1.245520e+000  -2.430520e+000  -3.347379e+000  -3.291968e+000  -0.000000e+000  -3.344166e+000  -4.031123e+000  -3.762672e+000  -1.691947e+000  -6.796572e-001  -3.089950e-001  -1.477530e-001  -6.113712e-002  -0.000000e+000  
-0.000000e+000  -1.777722e+000  -3.691868e+000  -5.886138e+000  -8.422590e+000  -0.000000e+000  -8.043774e+000  -6.674169e+000  -5.173400e+000  -2.140655e+000  -8.624576e-001  -3.964676e-001  -1.909693e-001  -7.931367e-002  -0.000000e+000  
-0.000000e+000  -2.172162e+000  -4.671269e+000  -8.085469e+000  -1.398370e+001  -2.693357e+001  -1.580368e+001  -9.468172e+000  -6.302407e+000  -2.487162e+000  -1.017223e+000  -4.752266e-001  -2.311588e-001  -9.647858e-002  -0.000000e+000  
-0.000000e+000  -2.226766e+000  -4.699434e+000  -7.702134e+000  -1.147345e+001  -1.530789e+001  -1.246952e+001  -9.100451e+000  -6.559797e+000  -2.695661e+000  -1.139124e+000  -5.437429e-001  -2.677064e-001  -1.124046e-001  -0.000000e+000  
-0.000000e+000  -2.023863e+000  -4.172593e+000  -6.513582e+000  -8.892274e+000  -1.052943e+001  -9.681230e+000  -7.908907e+000  -6.192472e+000  -2.765450e+000  -1.226178e+000  -6.008450e-001  -3.000001e-001  -1.268362e-001  -0.000000e+000  
-0.000000e+000  -1.116681e+000  -2.192229e+000  -3.171281e+000  -3.972808e+000  -4.493079e+000  -4.658233e+000  -4.541796e+000  -4.270077e+000  -2.639996e+000  -1.372986e+000  -7.245462e-001  -3.755262e-001  -1.616594e-001  -0.000000e+000  
-0.000000e+000  -4.223477e-001  -8.259883e-001  -1.192634e+000  -1.505419e+000  -1.751009e+000  -1.926593e+000  -2.031435e+000  -2.075611e+000  -1.758753e+000  -1.170960e+000  -7.201236e-001  -4.089971e-001  -1.848199e-001  -0.000000e+000  
-0.000000e+000  -1.786240e-001  -3.514460e-001  -5.130062e-001  -6.585361e-001  -7.842978e-001  -8.901384e-001  -9.731286e-001  -1.033623e+000  -1.061263e+000  -8.531617e-001  -5.991443e-001  -3.713782e-001  -1.763352e-001  -0.000000e+000  
-0.000000e+000  -8.867052e-002  -1.753136e-001  -2.580001e-001  -3.349916e-001  -4.048178e-001  -4.676908e-001  -5.217667e-001  -5.666465e-001  -6.535898e-001  -6.013353e-001  -4.681365e-001  -3.116935e-001  -1.543186e-001  -0.000000e+000  
-0.000000e+000  -5.215145e-002  -1.034284e-001  -1.529866e-001  -2.000404e-001  -2.438873e-001  -2.848121e-001  -3.216790e-001  -3.541524e-001  -4.386992e-001  -4.428134e-001  -3.714491e-001  -2.608471e-001  -1.332888e-001  -0.000000e+000  
-0.000000e+000  -3.852144e-002  -7.651898e-002  -1.134820e-001  -1.489257e-001  -1.824028e-001  -2.142007e-001  -2.434809e-001  -2.699791e-001  -3.469454e-001  -3.682919e-001  -3.220279e-001  -2.329824e-001  -1.211756e-001  -0.000000e+000  
-0.000000e+000  -0.000000e+000  -0.000000e+000  -0.000000e+000  -0.000000e+000  -0.000000e+000  -0.000000e+000  -0.000000e+000  -0.000000e+000  -0.000000e+000  -0.000000e+000  -0.000000e+000  -0.000000e+000  -0.000000e+000  -0.000000e+000  

-0.000000e+000  -0.000000e+000  -0.000000e+000  -0.000000e+000  -0.000000e+000  -0.000000e+000  -0.000000e+000  -0.000000e+000  -0.000000e+000  -0.000000e+000  -0.000000e+000  -0.000000e+000  -0.000000e+000  -0.000000e+000  -0.000000e+000  
-3.196552e-001  -3.166011e-001  -3.105634e-001  -3.016805e-001  -2.901515e-001  -2.769076e-001  -2.625536e-001  -2.467150e-001  -2.036517e-001  -1.183988e-001  -4.086918e-002  1.062532e-002  3.974022e-002  5.243240e-002  -0.000000e+000  
-7.176839e-001  -7.097115e-001  -6.939958e-001  -6.709817e-001  -6.413047e-001  -6.071909e-001  -5.702152e-001  -5.298787e-001  -4.216171e-001  -2.224459e-001  -5.769611e-002  4.308287e-002  9.631524e-002  1.184288e-001  -0.000000e+000  
-1.321622e+000  -1.302672e+000  -1.265509e+000  -1.211564e+000  -1.142859e+000  -1.064165e+000  -9.793765e-001  -8.889661e-001  -6.523985e-001  -2.758050e-001  -1.436044e-002  1.224466e-001  1.853252e-001  2.087473e-001  -0.000000e+000  
-2.419380e+000  -2.369852e+000  -2.273291e+000  -2.134673e+000  -1.961318e+000  -1.765413e+000  -1.558965e+000  -1.348384e+000  -8.236206e-001  -1.813997e-001  1.486910e-001  2.761556e-001  3.170707e-001  3.269497e-001  -0.000000e+000  
-4.819554e+000  -4.673027e+000  -4.384550e+000  -3.966298e+000  -3.443637e+000  -2.862253e+000  -2.285197e+000  -1.754965e+000  -5.809055e-001  2.838856e-001  5.107496e-001  5.202856e-001  4.867951e-001  4.629992e-001  -0.000000e+000  
-1.008998e+001  -9.759538e+000  -9.038643e+000  -7.822817e+000  -6.033861e+000  -3.824506e+000  -1.975791e+000  -7.358508e-001  1.059380e+000  1.281378e+000  1.008914e+000  7.782649e-001  6.375361e-001  5.727179e-001  -0.000000e+000  
-1.220333e+001  -1.200182e+001  -1.148017e+001  -1.030735e+001  -7.767072e+000  -3.033592e+000  -2.492722e-001  9.420115e-001  1.876230e+000  1.562910e+000  1.119796e+000  8.294352e-001  6.655517e-001  5.924292e-001  -0.000000e+000  
-1.452150e+001  -1.457277e+001  -1.459592e+001  -1.421385e+001  -1.174662e+001  -2.493688e-001  3.078520e+000  3.447579e+000  2.802925e+000  1.849430e+000  1.226069e+000  8.766925e-001  6.908289e-001  6.099899e-001  -0.000000e+000  
-1.677977e+001  -1.716659e+001  -1.812793e+001  -2.028927e+001  -2.576024e+001  1.716501e+001  9.383948e+000  6.583492e+000  3.720440e+000  2.121111e+000  1.323301e+000  9.186975e-001  7.128590e-001  6.251286e-001  -0.000000e+000  
-1.860890e+001  -1.913484e+001  -2.038185e+001  -2.289314e+001  -2.797085e+001  1.544324e+001  1.070440e+001  8.040049e+000  4.440586e+000  2.355233e+000  1.406272e+000  9.538157e-001  7.309917e-001  6.374791e-001  -0.000000e+000  
-1.989340e+001  -2.035912e+001  -2.133708e+001  -2.286874e+001  -2.467964e+001  1.175942e+001  9.995547e+000  8.282209e+000  4.930342e+000  2.540812e+000  1.472429e+000  9.814514e-001  7.450985e-001  6.470236e-001  -0.000000e+000  
-2.069415e+001  -2.105199e+001  -2.171815e+001  -2.254957e+001  -2.322530e+001  9.997562e+000  9.246685e+000  8.149126e+000  5.229740e+000  2.669918e+000  1.518876e+000  1.000717e+000  7.548649e-001  6.536043e-001  -0.000000e+000  
-2.069415e+001  -2.105199e+001  -2.171815e+001  -2.254957e+001  -2.322530e+001  9.997562e+000  9.246685e+000  8.149126e+000  5.229740e+000  2.669918e+000  1.518876e+000  1.000717e+000  7.548649e-001  6.536043e-001  -0.000000e+000  
-1.989340e+001  -2.035912e+001  -2.133708e+001  -2.286874e+001  -2.467964e+001  1.175942e+001  9.995547e+000  8.282209e+000  4.930342e+000  2.540812e+000  1.472429e+000  9.814514e-001  7.450985e-001  6.470236e-001  -0.000000e+000  
-1.860890e+001  -1.913484e+001  -2.038185e+001  -2.289314e+001  -2.797085e+001  1.544324e+001  1.070440e+001  8.040049e+000  4.440586e+000  2.355233e+000  1.406272e+000  9.538157e-001  7.309917e-001  6.374791e-001  -0.000000e+000  
-1.677977e+001  -1.716659e+001  -1.812793e+001  -2.028927e+001  -2.576024e+001  1.716501e+001  9.383948e+000  6.583492e+000  3.720440e+000  2.121111e+000  1.323301e+000  9.186975e-001  7.128589e-001  6.251286e-001  -0.000000e+000  
-1.452150e+001  -1.457277e+001  -1.459592e+001  -1.421385e+001  -1.174662e+001  -2.493688e-001  3.078520e+000  3.447579e+000  2.802925e+000  1.849430e+000  1.226069e+000  8.766925e-001  6.908289e-001  6.099899e-001  -0.000000e+000  
-1.220333e+001  -1.200182e+001  -1.148017e+001  -1.030735e+001  -7.767072e+000  -3.033592e+000  -2.492723e-001  9.420115e-001  1.876230e+000  1.562910e+000  1.119796e+000  8.294352e-001  6.655517e-001  5.924292e-001  -0.000000e+000  
-1.008998e+001  -9.759538e+000  -9.038643e+000  -7.822817e+000  -6.033861e+000  -3.824506e+000  -1.975791e+000  -7.358508e-001  1.059380e+000  1.281378e+000  1.008914e+000  7.782649e-001  6.375361e-001  5.727179e-001  -0.000000e+000  
-4.819554e+000  -4.673027e+000  -4.384550e+000  -3.966298e+000  -3.443637e+000  -2.862253e+000  -2.285197e+000  -1.754965e+000  -5.809055e-001  2.838856e-001  5.107496e-001  5.202856e-001  4.867951e-001  4.629992e-001  -0.000000e+000  
-2.419380e+000  -2.369852e+000  -2.273291e+000  -2.134673e+000  -1.961318e+000  -1.765413e+000  -1.558965e+000  -1.348384e+000  -8.236206e-001  -1.813997e-001  1.486910e-001  2.761556e-001  3.170707e-001  3.269497e-001  -0.000000e+000  
-1.321622e+000  -1.302672e+000  -1.265509e+000  -1.211564e+000  -1.142859e+000  -1.064165e+000  -9.793765e-001  -8.889661e-001  -6.523985e-001  -2.758050e-001  -1.436044e-002  1.224466e-001  1.853252e-001  2.087473e-001  -0.000000e+000  
-7.176839e-001  -7.097115e-001  -6.939958e-001  -6.709818e-001  -6.413047e-001  -6.071909e-001  -5.702152e-001  -5.298787e-001  -4.216171e-001  -2.224459e-001  -5.769611e-002  4.308287e-002  9.631524e-002  1.184288e-001  -0.000000e+000  
-3.196552e-001  -3.166011e-001  -3.105634e-001  -3.016805e-001  -2.901515e-001  -2.769076e-001  -2.625536e-001  -2.467150e-001  -2.036517e-001  -1.183988e-001  -4.086918e-002  1.062532e-002  3.974022e-002  5.243240e-002  -0.000000e+000  
-0.000000e+000  -0.000000e+000  -0.000000e+000  -0.000000e+000  -0.000000e+000  -0.000000e+000  -0.000000e+000  -0.000000e+000  -0.000000e+000  -0.000000e+000  -0.000000e+000  -0.000000e+000  -0.000000e+000  -0.000000e+000  -0.000000e+000  

0.000000e+000  0.000000e+000  0.000000e+000  0.000000e+000  0.000000e+000  0.000000e+000  0.000000e+000  0.000000e+000  0.000000e+000  0.000000e+000  0.000000e+000  0.000000e+000  0.000000e+000  0.000000e+000  0.000000e+000  
0.000000e+000  0.000000e+000  0.000000e+000  0.000000e+000  0.000000e+000  0.000000e+000  0.000000e+000  0.000000e+000  0.000000e+000  0.000000e+000  0.000000e+000  0.000000e+000  0.000000e+000  0.000000e+000  0.000000e+000  
0.000000e+000  0.000000e+000  0.000000e+000  0.000000e+000  0.000000e+000  0.000000e+000  0.000000e+000  0.000000e+000  0.000000e+000  0.000000e+000  0.000000e+000  0.000000e+000  0.000000e+000  0.000000e+000  0.000000e+000  
0.000000e+000  0.000000e+000  0.000000e+000  0.000000e+000  0.000000e+000  0.000000e+000  0.000000e+000  0.000000e+000  0.000000e+000  0.000000e+000  0.000000e+000  0.000000e+000  0.000000e+000  0.000000e+000  0.000000e+000  
0.000000e+000  0.000000e+000  0.000000e+000  0.000000e+000  0.000000e+000  0.000000e+000  0.000000e+000  0.000000e+000  0.000000e+000  0.000000e+000  0.000000e+000  0.000000e+000  0.000000e+000  0.000000e+000  0.000000e+000  
0.000000e+000  0.000000e+000  0.000000e+000  0.000000e+000  0.000000e+000  0.000000e+000  0.000000e+000  0.000000e+000  0.000000e+000  0.000000e+000  0.000000e+000  0.000000e+000  0.000000e+000  0.000000e+000  0.000000e+000  
0.000000e+000  0.000000e+000  0.000000e+000  0.000000e+000  0.000000e+000  0.000000e+000  0.000000e+000  0.000000e+000  0.000000e+000  0.000000e+000  0.000000e+000  0.000000e+000  0.000000e+000  0.000000e+000  0.000000e+000  
0.000000e+000  0.000000e+000  0.000000e+000  0.000000e+000  0.000000e+000  0.000000e+000  0.000000e+000  0.000000e+000  0.000000e+000  0.000000e+000  0.000000e+000  0.000000e+000  0.000000e+000  0.000000e+000  0.000000e+000  
0.000000e+000  0.000000e+000  0.000000e+000  0.000000e+000  0.000000e+000  0.000000e+000  0.000000e+000  0.000000e+000  0.000000e+000  0.000000e+000  0.000000e+000  0.000000e+000  0.000000e+000  0.000000e+000  0.000000e+000  
0.000000e+000  0.000000e+000  0.000000e+000  0.000000e+000  0.000000e+000  0.000000e+000  0.000000e+000  0.000000e+000  0.000000e+000  0.000000e+000  0.000000e+000  0.000000e+000  0.000000e+000  0.000000e+000  0.000000e+000  
0.000000e+000  0.000000e+000  0.000000e+000  0.000000e+000  0.000000e+000  0.000000e+000  0.000000e+000  0.000000e+000  0.000000e+000  0.000000e+000  0.000000e+000  0.000000e+000  0.000000e+000  0.000000e+000  0.000000e+000  
0.000000e+000  0.000000e+000  0.000000e+000  0.000000e+000  0.000000e+000  0.000000e+000  0.000000e+000  0.000000e+000  0.000000e+000  0.000000e+000  0.000000e+000  0.000000e+000  0.000000e+000  0.000000e+000  0.000000e+000  
0.000000e+000  0.000000e+000  0.000000e+000  0.000000e+000  0.000000e+000  0.000000e+000  0.000000e+000  0.000000e+000  0.000000e+000  0.000000e+000  0.000000e+000  0.000000e+000  0.000000e+000  0.000000e+000  0.000000e+000  
0.000000e+000  0.000000e+000  0.000000e+000  0.000000e+000  0.000000e+000  0.000000e+000  0.000000e+000  0.000000e+000  0.000000e+000  0.000000e+000  0.000000e+000  0.000000e+000  0.000000e+000  0.000000e+000  0.000000e+000  
0.000000e+000  0.000000e+000  0.000000e+000  0.000000e+000  0.000000e+000  0.000000e+000  0.000000e+000  0.000000e+000  0.000000e+000  0.000000e+000  0.000000e+000  0.000000e+000  0.000000e+000  0.000000e+000  0.000000e+000  
0.000000e+000  0.000000e+000  0.000000e+000  0.000000e+000  0.000000e+000  0.000000e+000  0.000000e+000  0.000000e+000  0.000000e+000  0.000000e+000  0.000000e+000  0.000000e+000  0.000000e+000  0.000000e+000  0.000000e+000  
0.000000e+000  0.000000e+000  0.000000e+000  0.000000e+000  0.000000e+000  0.000000e+000  0.000000e+000  0.000000e+000  0.000000e+000  0.000000e+000  0.000000e+000  0.000000e+000  0.000000e+000  0.000000e+000  0.000000e+000  
0.000000e+000  0.000000e+000  0.000000e+000  0.000000e+000  0.000000e+000  0.000000e+000  0.000000e+000  0.000000e+000  0.000000e+000  0.000000e+000  0.000000e+000  0.000000e+000  0.000000e+000  0.000000e+000  0.000000e+000  
0.000000e+000  0.000000e+000  0.000000e+000  0.000000e+000  0.000000e+000  0.000000e+000  0.000000e+000  0.000000e+000  0.000000e+000  0.000000e+000  0.000000e+000  0.000000e+000  0.000000e+000  0.000000e+000  0.000000e+000  
0.000000e+000  0.000000e+000  0.000000e+000  0.000000e+000  0.000000e+000  0.000000e+000  0.000000e+000  0.000000e+000  0.000000e+000  0.000000e+000  0.000000e+000  0.000000e+000  0.000000e+000  0.000000e+000  0.000000e+000  
0.000000e+000  0.000000e+000  0.000000e+000  0.000000e+000  0.000000e+000  0.000000e+000  0.000000e+000  0.000000e+000  0.000000e+000  0.000000e+000  0.000000e+000  0.000000e+000  0.000000e+000  0.000000e+000  0.000000e+000  
0.000000e+000  0.000000e+000  0.000000e+000  0.000000e+000  0.000000e+000  0.000000e+000  0.000000e+000  0.000000e+000  0.000000e+000  0.000000e+000  0.000000e+000  0.000000e+000  0.000000e+000  0.000000e+000  0.000000e+000  
0.000000e+000  0.000000e+000  0.000000e+000  0.000000e+000  0.000000e+000  0.000000e+000  0.000000e+000  0.000000e+000  0.000000e+000  0.000000e+000  0.000000e+000  0.000000e+000  0.000000e+000  0.000000e+000  0.000000e+000  
0.000000e+000  0.000000e+000  0.000000e+000  0.000000e+000  0.000000e+000  0.000000e+000  0.000000e+000  0.000000e+000  0.000000e+000  0.000000e+000  0.000000e+000  0.000000e+000  0.000000e+000  0.000000e+000  0.000000e+000  
0.000000e+000  0.000000e+000  0.000000e+000  0.000000e+000  0.000000e+000  0.000000e+000  0.000000e+000  0.000000e+000  0.000000e+000  0.000000e+000  0.000000e+000  0.000000e+000  0.000000e+000  0.000000e+000  0.000000e+000  
0.000000e+000  0.000000e+000  0.000000e+000  0.000000e+000  0.000000e+000  0.000000e+000  0.000000e+000  0.000000e+000  0.000000e+000  0.000000e+000  0.000000e+000  0.000000e+000  0.000000e+000  0.000000e+000  0.000000e+000  

0.000000e+000  0.000000e+000  0.000000e+000  0.000000e+000  0.000000e+000  0.000000e+000  0.000000e+000  0.000000e+000  0.000000e+000  0.000000e+000  0.000000e+000  0.000000e+000  0.000000e+000  0.000000e+000  0.000000e+000  
0.000000e+000  0.000000e+000  0.000000e+000  0.000000e+000  0.000000e+000  0.000000e+000  0.000000e+000  0.000000e+000  0.000000e+000  0.000000e+000  0.000000e+000  0.000000e+000  0.000000e+000  0.000000e+000  0.000000e+000  
0.000000e+000  0.000000e+000  0.000000e+000  0.000000e+000  0.000000e+000  0.000000e+000  0.000000e+000  0.000000e+000  0.000000e+000  0.000000e+000  0.000000e+000  0.000000e+000  0.000000e+000  0.000000e+000  0.000000e+000  
0.000000e+000  0.000000e+000  0.000000e+000  0.000000e+000  0.000000e+000  0.000000e+000  0.000000e+000  0.000000e+000  0.000000e+000  0.000000e+000  0.000000e+000  0.000000e+000  0.000000e+000  0.000000e+000  0.000000e+000  
0.000000e+000  0.000000e+000  0.000000e+000  0.000000e+000  0.000000e+000  0.000000e+000  0.000000e+000  0.000000e+000  0.000000e+000  0.000000e+000  0.000000e+000  0.000000e+000  0.000000e+000  0.000000e+000  0.000000e+000  
0.000000e+000  0.000000e+000  0.000000e+000  0.000000e+000  0.000000e+000  0.000000e+000  0.000000e+000  0.000000e+000  0.000000e+000  0.000000e+000  0.000000e+000  0.000000e+000  0.000000e+000  0.000000e+000  0.000000e+000  
0.000000e+000  0.000000e+000  0.000000e+000  0.000000e+000  0.000000e+000  0.000000e+000  0.000000e+000  0.000000e+000  0.000000e+000  0.000000e+000  0.000000e+000  0.000000e+000  0.000000e+000  0.000000e+000  0.000000e+000  
0.000000e+000  0.000000e+000  0.000000e+000  0.000000e+000  0.000000e+000  0.000000e+000  0.000000e+000  0.000000e+000  0.000000e+000  0.000000e+000  0.000000e+000  0.000000e+000  0.000000e+000  0.000000e+000  0.000000e+000  
0.000000e+000  0.000000e+000  0.000000e+000  0.000000e+000  0.000000e+000  0.000000e+000  0.000000e+000  0.000000e+000  0.000000e+000  0.000000e+000  0.000000e+000  0.000000e+000  0.000000e+000  0.000000e+000  0.000000e+000  
0.000000e+000  0.000000e+000  0.000000e+000  0.000000e+000  0.000000e+000  0.000000e+000  0.000000e+000  0.000000e+000  0.000000e+000  0.000000e+000  0.000000e+000  0.000000e+000  0.000000e+000  0.000000e+000  0.000000e+000  
0.000000e+000  0.000000e+000  0.000000e+000  0.000000e+000  0.000000e+000  0.000000e+000  0.000000e+000  0.000000e+000  0.000000e+000  0.000000e+000  0.000000e+000  0.000000e+000  0.000000e+000  0.000000e+000  0.000000e+000  
0.000000e+000  0.000000e+000  0.000000e+000  0.000000e+000  0.000000e+000  0.000000e+000  0.000000e+000  0.000000e+000  0.000000e+000  0.000000e+000  0.000000e+000  0.000000e+000  0.000000e+000  0.000000e+000  0.000000e+000  
0.000000e+000  0.000000e+000  0.000000e+000  0.000000e+000  0.000000e+000  0.000000e+000  0.000000e+000  0.000000e+000  0.000000e+000  0.000000e+000  0.000000e+000  0.000000e+000  0.000000e+000  0.000000e+000  0.000000e+000  
0.000000e+000  0.000000e+000  0.000000e+000  0.000000e+000  0.000000e+000  0.000000e+000  0.000000e+000  0.000000e+000  0.000000e+000  0.000000e+000  0.000000e+000  0.000000e+000  0.000000e+000  0.000000e+000  0.000000e+000  
0.000000e+000  0.000000e+000  0.000000e+000  0.000000e+000  0.000000e+000  0.000000e+000  0.000000e+000  0.000000e+000  0.000000e+000  0.000000e+000  0.000000e+000  0.000000e+000  0.000000e+000  0.000000e+000  0.000000e+000  
0.000000e+000  0.000000e+000  0.000000e+000  0.000000e+000  0.000000e+000  0.000000e+000  0.000000e+000  0.000000e+000  0.000000e+000  0.000000e+000  0.000000e+000  0.000000e+000  0.000000e+000  0.000000e+000  0.000000e+000  
0.000000e+000  0.000000e+000  0.000000e+000  0.000000e+000  0.000000e+000  0.000000e+000  0.000000e+000  0.000000e+000  0.000000e+000  0.000000e+000  0.000000e+000  0.000000e+000  0.000000e+000  0.000000e+000  0.000000e+000  
0.000000e+000  0.000000e+000  0.000000e+000  0.000000e+000  0.000000e+000  0.000000e+000  0.000000e+000  0.000000e+000  0.000000e+000  0.000000e+000  0.000000e+000  0.000000e+000  0.000000e+000  0.000000e+000  0.000000e+000  
0.000000e+000  0.000000e+000  0.000000e+000  0.000000e+000  0.000000e+000  0.000000e+000  0.000000e+000  0.000000e+000  0.000000e+000  0.000000e+000  0.000000e+000  0.000000e+000  0.000000e+000  0.000000e+000  0.000000e+000  
0.000000e+000  0.000000e+000  0.000000e+000  0.000000e+000  0.000000e+000  0.000000e+000  0.000000e+000  0.000000e+000  0.000000e+000  0.000000e+000  0.000000e+000  0.000000e+000  0.000000e+000  0.000000e+000  0.000000e+000  
0.000000e+000  0.000000e+000  0.000000e+000  0.000000e+000  0.000000e+000  0.000000e+000  0.000000e+000  0.000000e+000  0.000000e+000  0.000000e+000  0.000000e+000  0.000000e+000  0.000000e+000  0.000000e+000  0.000000e+000  
0.000000e+000  0.000000e+000  0.000000e+000  0.000000e+000  0.000000e+000  0.000000e+000  0.000000e+000  0.000000e+000  0.000000e+000  0.000000e+000  0.000000e+000  0.000000e+000  0.000000e+000  0.000000e+000  0.000000e+000  
0.000000e+000  0.000000e+000  0.000000e+000  0.000000e+000  0.000000e+000  0.000000e+000  0.000000e+000  0.000000e+000  0.000000e+000  0.000000e+000  0.000000e+000  0.000000e+000  0.000000e+000  0.000000e+000  0.000000e+000  
0.000000e+000  0.000000e+000  0.000000e+000  0.000000e+000  0.000000e+000  0.000000e+000  0.000000e+000  0.000000e+000  0.000000e+000  0.000000e+000  0.000000e+000  0.000000e+000  0.000000e+000  0.000000e+000  0.000000e+000  
0.000000e+000  0.000000e+000  0.000000e+000  0.000000e+000  0.000000e+000  0.000000e+000  0.000000e+000  0.000000e+000  0.000000e+000  0.000000e+000  0.000000e+000  0.000000e+000  0.000000e+000  0.000000e+000  0.000000e+000  
0.000000e+000  0.000000e+000  0.000000e+000  0.000000e+000  0.000000e+000  0.000000e+000  0.000000e+000  0.000000e+000  0.000000e+000  0.000000e+000  0.000000e+000  0.000000e+000  0.000000e+000  0.000000e+000  0.000000e+000  

0.000000e+000  0.000000e+000  0.000000e+000  0.000000e+000  0.000000e+000  0.000000e+000  0.000000e+000  0.000000e+000  0.000000e+000  0.000000e+000  0.000000e+000  0.000000e+000  0.000000e+000  0.000000e+000  0.000000e+000  
0.000000e+000  0.000000e+000  0.000000e+000  0.000000e+000  0.000000e+000  0.000000e+000  0.000000e+000  0.000000e+000  0.000000e+000  0.000000e+000  0.000000e+000  0.000000e+000  0.000000e+000  0.000000e+000  0.000000e+000  
0.000000e+000  0.000000e+000  0.000000e+000  0.000000e+000  0.000000e+000  0.000000e+000  0.000000e+000  0.000000e+000  0.000000e+000  0.000000e+000  0.000000e+000  0.000000e+000  0.000000e+000  0.000000e+000  0.000000e+000  
0.000000e+000  0.000000e+000  0.000000e+000  0.000000e+000  0.000000e+000  0.000000e+000  0.000000e+000  0.000000e+000  0.000000e+000  0.000000e+000  0.000000e+000  0.000000e+000  0.000000e+000  0.000000e+000  0.000000e+000  
0.000000e+000  0.000000e+000  0.000000e+000  0.000000e+000  0.000000e+000  0.000000e+000  0.000000e+000  0.000000e+000  0.000000e+000  0.000000e+000  0.000000e+000  0.000000e+000  0.000000e+000  0.000000e+000  0.000000e+000  
0.000000e+000  0.000000e+000  0.000000e+000  0.000000e+000  0.000000e+000  0.000000e+000  0.000000e+000  0.000000e+000  0.000000e+000  0.000000e+000  0.000000e+000  0.000000e+000  0.000000e+000  0.000000e+000  0.000000e+000  
0.000000e+000  0.000000e+000  0.000000e+000  0.000000e+000  0.000000e+000  0.000000e+000  0.000000e+000  0.000000e+000  0.000000e+000  0.000000e+000  0.000000e+000  0.000000e+000  0.000000e+000  0.000000e+000  0.000000e+000  
0.000000e+000  0.000000e+000  0.000000e+000  0.000000e+000  0.000000e+000  0.000000e+000  0.000000e+000  0.000000e+000  0.000000e+000  0.000000e+000  0.000000e+000  0.000000e+000  0.000000e+000  0.000000e+000  0.000000e+000  
0.000000e+000  0.000000e+000  0.000000e+000  0.000000e+000  0.000000e+000  0.000000e+000  0.000000e+000  0.000000e+000  0.000000e+000  0.000000e+000  0.000000e+000  0.000000e+000  0.000000e+000  0.000000e+000  0.000000e+000  
0.000000e+000  0.000000e+000  0.000000e+000  0.000000e+000  0.000000e+000  0.000000e+000  0.000000e+000  0.000000e+000  0.000000e+000  0.000000e+000  0.000000e+000  0.000000e+000  0.000000e+000  0.000000e+000  0.000000e+000  
0.000000e+000  0.000000e+000  0.000000e+000  0.000000e+000  0.000000e+000  0.000000e+000  0.000000e+000  0.000000e+000  0.000000e+000  0.000000e+000  0.000000e+000  0.000000e+000  0.000000e+000  0.000000e+000  0.000000e+000  
0.000000e+000  0.000000e+000  0.000000e+000  0.000000e+000  0.000000e+000  0.000000e+000  0.000000e+000  0.000000e+000  0.000000e+000  0.000000e+000  0.000000e+000  0.000000e+000  0.000000e+000  0.000000e+000  0.000000e+000  
0.000000e+000  0.000000e+000  0.000000e+000  0.000000e+000  0.000000e+000  0.000000e+000  0.000000e+000  0.000000e+000  0.000000e+000  0.000000e+000  0.000000e+000  0.000000e+000  0.000000e+000  0.000000e+000  0.000000e+000  
0.000000e+000  0.000000e+000  0.000000e+000  0.000000e+000  0.000000e+000  0.000000e+000  0.000000e+000  0.000000e+000  0.000000e+000  0.000000e+000  0.000000e+000  0.000000e+000  0.000000e+000  0.000000e+000  0.000000e+000  
0.000000e+000  0.000000e+000  0.000000e+000  0.000000e+000  0.000000e+000  0.000000e+000  0.000000e+000  0.000000e+000  0.000000e+000  0.000000e+000  0.000000e+000  0.000000e+000  0.000000e+000  0.000000e+000  0.000000e+000  
0.000000e+000  0.000000e+000  0.000000e+000  0.000000e+000  0.000000e+000  0.000000e+000  0.000000e+000  0.000000e+000  0.000000e+000  0.000000e+000  0.000000e+000  0.000000e+000  0.000000e+000  0.000000e+000  0.000000e+000  
0.000000e+000  0.000000e+000  0.000000e+000  0.000000e+000  0.000000e+000  0.000000e+000  0.000000e+000  0.000000e+000  0.000000e+000  0.000000e+000  0.000000e+000  0.000000e+000  0.000000e+000  0.000000e+000  0.000000e+000  
0.000000e+000  0.000000e+000  0.000000e+000  0.000000e+000  0.000000e+000  0.000000e+000  0.000000e+000  0.000000e+000  0.000000e+000  0.000000e+000  0.000000e+000  0.000000e+000  0.000000e+000  0.000000e+000  0.000000e+000  
0.000000e+000  0.000000e+000  0.000000e+000  0.000000e+000  0.000000e+000  0.000000e+000  0.000000e+000  0.000000e+000  0.000000e+000  0.000000e+000  0.000000e+000  0.000000e+000  0.000000e+000  0.000000e+000  0.000000e+000  
0.000000e+000  0.000000e+000  0.000000e+000  0.000000e+000  0.000000e+000  0.000000e+000  0.000000e+000  0.000000e+000  0.000000e+000  0.000000e+000  0.000000e+000  0.000000e+000  0.000000e+000  0.000000e+000  0.000000e+000  
0.000000e+000  0.000000e+000  0.000000e+000  0.000000e+000  0.000000e+000  0.000000e+000  0.000000e+000  0.000000e+000  0.000000e+000  0.000000e+000  0.000000e+000  0.000000e+000  0.000000e+000  0.000000e+000  0.000000e+000  
0.000000e+000  0.000000e+000  0.000000e+000  0.000000e+000  0.000000e+000  0.000000e+000  0.000000e+000  0.000000e+000  0.000000e+000  0.000000e+000  0.000000e+000  0.000000e+000  0.000000e+000  0.000000e+000  0.000000e+000  
0.000000e+000  0.000000e+000  0.000000e+000  0.000000e+000  0.000000e+000  0.000000e+000  0.000000e+000  0.000000e+000  0.000000e+000  0.000000e+000  0.000000e+000  0.000000e+000  0.000000e+000  0.000000e+000  0.000000e+000  
0.000000e+000  0.000000e+000  0.000000e+000  0.000000e+000  0.000000e+000  0.000000e+000  0.000000e+000  0.000000e+000  0.000000e+000  0.000000e+000  0.000000e+000  0.000000e+000  0.000000e+000  0.000000e+000  0.000000e+000  
0.000000e+000  0.000000e+000  0.000000e+000  0.000000e+000  0.000000e+000  0.000000e+000  0.000000e+000  0.000000e+000  0.000000e+000  0.000000e+000  0.000000e+000  0.000000e+000  0.000000e+000  0.000000e+000  0.000000e+000  
0.000000e+000  0.000000e+000  0.000000e+000  0.000000e+000  0.000000e+000  0.000000e+000  0.000000e+000  0.000000e+000  0.000000e+000  0.000000e+000  0.000000e+000  0.000000e+000  0.000000e+000  0.000000e+000  0.000000e+000  

-6.296363e-001  -6.278568e-001  -6.243079e-001  -6.190095e-001  -6.119920e-001  -6.039957e-001  -5.958858e-001  -5.870421e-001  -5.630024e-001  -5.111372e-001  -4.525667e-001  -4.027237e-001  -3.671952e-001  -3.488560e-001  -0.000000e+000  
-6.702501e-001  -6.682226e-001  -6.641756e-001  -6.581261e-001  -6.501007e-001  -6.404340e-001  -6.300543e-001  -6.187865e-001  -5.883231e-001  -5.245794e-001  -4.556875e-001  -3.991919e-001  -3.599887e-001  -3.400744e-001  -0.000000e+000  
-7.576785e-001  -7.552059e-001  -7.502530e-001  -7.428067e-001  -7.328540e-001  -7.193177e-001  -7.032584e-001  -6.859898e-001  -6.398165e-001  -5.489230e-001  -4.584739e-001  -3.891692e-001  -3.433693e-001  -3.207698e-001  -0.000000e+000  
-9.028756e-001  -9.001953e-001  -8.947399e-001  -8.863305e-001  -8.747250e-001  -8.540892e-001  -8.256720e-001  -7.956060e-001  -7.166829e-001  -5.762387e-001  -4.525685e-001  -3.664151e-001  -3.131447e-001  -2.878636e-001  -0.000000e+000  
-1.109766e+000  -1.109453e+000  -1.108363e+000  -1.105586e+000  -1.099814e+000  -1.068092e+000  -1.011791e+000  -9.539021e-001  -8.067774e-001  -5.857198e-001  -4.220469e-001  -3.213146e-001  -2.639315e-001  -2.379338e-001  -0.000000e+000  
-1.299600e+000  -1.313172e+000  -1.339073e+000  -1.374482e+000  -1.414413e+000  -1.372094e+000  -1.248751e+000  -1.129923e+000  -8.490822e-001  -5.326797e-001  -3.467273e-001  -2.476156e-001  -1.958076e-001  -1.733805e-001  -0.000000e+000  
-1.230778e+000  -1.267820e+000  -1.344425e+000  -1.464055e+000  -1.625313e+000  -1.584579e+000  -1.344401e+000  -1.147985e+000  -7.569871e-001  -4.327381e-001  -2.687049e-001  -1.871462e-001  -1.459792e-001  -1.284573e-001  -0.000000e+000  
-1.166247e+000  -1.209290e+000  -1.300915e+000  -1.452967e+000  -1.681422e+000  -1.641751e+000  -1.336960e+000  -1.113523e+000  -7.029833e-001  -3.889005e-001  -2.371530e-001  -1.635523e-001  -1.268899e-001  -1.113860e-001  -0.000000e+000  
-1.056300e+000  -1.099541e+000  -1.193796e+000  -1.361532e+000  -1.667145e+000  -1.630414e+000  -1.249054e+000  -1.018509e+000  -6.263830e-001  -3.379513e-001  -2.029110e-001  -1.387378e-001  -1.071342e-001  -9.384480e-002  -0.000000e+000  
-9.016354e-001  -9.369948e-001  -1.010512e+000  -1.126966e+000  -1.286234e+000  -1.207766e+000  -1.012085e+000  -8.493309e-001  -5.280834e-001  -2.806094e-001  -1.664202e-001  -1.129848e-001  -8.691155e-002  -7.599826e-002  -0.000000e+000  
-7.113657e-001  -7.360166e-001  -7.840030e-001  -8.495346e-001  -9.124770e-001  -8.265018e-001  -7.450365e-001  -6.466144e-001  -4.131054e-001  -2.178843e-001  -1.280695e-001  -8.648276e-002  -6.633053e-002  -5.792504e-002  -0.000000e+000  
-4.956383e-001  -5.109119e-001  -5.392547e-001  -5.743776e-001  -6.025416e-001  -5.342783e-001  -4.953815e-001  -4.384107e-001  -2.864376e-001  -1.506480e-001  -8.807741e-002  -5.927981e-002  -4.538372e-002  -3.960020e-002  -0.000000e+000  
4.659267e-011  -0.000000e+000  -0.000000e+000  -0.000000e+000  -0.000000e+000  4.974725e-011  5.629966e-011  -0.000000e+000  3.684385e-011  -0.000000e+000  -0.000000e+000  -0.000000e+000  -3.289516e-011  -0.000000e+000  -0.000000e+000  
4.956383e-001  5.109119e-001  5.392547e-001  5.743776e-001  6.025416e-001  5.342783e-001  4.953815e-001  4.384107e-001  2.864376e-001  1.506480e-001  8.807741e-002  5.927981e-002  4.538372e-002  3.960020e-002  -0.000000e+000  
7.113657e-001  7.360166e-001  7.840030e-001  8.495346e-001  9.124770e-001  8.265018e-001  7.450365e-001  6.466144e-001  4.131054e-001  2.178843e-001  1.280695e-001  8.648276e-002  6.633053e-002  5.792504e-002  -0.000000e+000  
9.016354e-001  9.369948e-001  1.010512e+000  1.126966e+000  1.286234e+000  1.207766e+000  1.012085e+000  8.493309e-001  5.280834e-001  2.806094e-001  1.664202e-001  1.129848e-001  8.691155e-002  7.599826e-002  -0.000000e+000  
1.056300e+000  1.099541e+000  1.193796e+000  1.361532e+000  1.667145e+000  1.630414e+000  1.249054e+000  1.018509e+000  6.263830e-001  3.379513e-001  2.029110e-001  1.387378e-001  1.071342e-001  9.384480e-002  -0.000000e+000  
1.166247e+000  1.209290e+000  1.300915e+000  1.452967e+000  1.681422e+000  1.641751e+000  1.336960e+000  1.113523e+000  7.029833e-001  3.889005e-001  2.371530e-001  1.635523e-001  1.268899e-001  1.113860e-001  -0.000000e+000  
1.230778e+000  1.267820e+000  1.344425e+000  1.464055e+000  1.625313e+000  1.584579e+000  1.344401e+000  1.147985e+000  7.569871e-001  4.327381e-001  2.687049e-001  1.871462e-001  1.459792e-001  1.284573e-001  -0.000000e+000  
1.299600e+000  1.313172e+000  1.339073e+000  1.374482e+000  1.414413e+000  1.372094e+000  1.248751e+000  1.129923e+000  8.490822e-001  5.326797e-001  3.467273e-001  2.476156e-001  1.958076e-001  1.733805e-001  -0.000000e+000  
1.109766e+000  1.109453e+000  1.108363e+000  1.105586e+000  1.099814e+000  1.068092e+000  1.011791e+000  9.539021e-001  8.067774e-001  5.857198e-001  4.220469e-001  3.213146e-001  2.639315e-001  2.379338e-001  -0.000000e+000  
9.028756e-001  9.001953e-001  8.947399e-001  8.863305e-001  8.747250e-001  8.540892e-001  8.256720e-001  7.956060e-001  7.166829e-001  5.762387e-001  4.525685e-001  3.664151e-001  3.131447e-001  2.878636e-001  -0.000000e+000  
7.576785e-001  7.552059e-001  7.502530e-001  7.428067e-001  7.328540e-001  7.193177e-001  7.032584e-001  6.859898e-001  6.398165e-001  5.489230e-001  4.584739e-001  3.891692e-001  3.433693e-001  3.207698e-001  -0.000000e+000  
6.702501e-001  6.682226e-001  6.641756e-001  6.581261e-001  6.501007e-001  6.404340e-001  6.300543e-001  6.187865e-001  5.883231e-001  5.245794e-001  4.556875e-001  3.991919e-001  3.599887e-001  3.400744e-001  -0.000000e+000  
6.296363e-001  6.278568e-001  6.243079e-001  6.190095e-001  6.119920e-001  6.039957e-001  5.958858e-001  5.870421e-001  5.630024e-001  5.111372e-001  4.525667e-001  4.027237e-001  3.671952e-001  3.488560e-001  -0.000000e+000  
-0.000000e+000  -0.000000e+000  -0.000000e+000  -0.000000e+000  -0.000000e+000  -0.000000e+000  -0.000000e+000  -0.000000e+000  -0.000000e+000  -0.000000e+000  -0.000000e+000  -0.000000e+000  -0.000000e+000  -0.000000e+000  -0.000000e+000  

