matrixcalc_AMD64 @ EXODUS:  ----------
                            Infos #: 0
                            ----------

matrixcalc_AMD64 @ EXODUS:  -------------
                            WARNINGS #: 0
                            -------------

matrixcalc_AMD64 @ EXODUS:  -----------
                            ERRORS #: 0
                            -----------

matrixcalc_AMD64 @ EXODUS:  ----------
                            Infos #: 0
                            ----------

matrixcalc_AMD64 @ EXODUS:  -------------
                            WARNINGS #: 0
                            -------------

matrixcalc_AMD64 @ EXODUS:  -----------
                            ERRORS #: 0
                            -----------

matrixcalc_AMD64 @ EXODUS:  ----------
                            Infos #: 0
                            ----------

matrixcalc_AMD64 @ EXODUS:  -------------
                            WARNINGS #: 0
                            -------------

matrixcalc_AMD64 @ EXODUS:  -----------
                            ERRORS #: 0
                            -----------

matrixcalc_AMD64 @ EXODUS:  ----------
                            Infos #: 0
                            ----------

matrixcalc_AMD64 @ EXODUS:  -------------
                            WARNINGS #: 0
                            -------------

matrixcalc_AMD64 @ EXODUS:  -----------
                            ERRORS #: 0
                            -----------

matrixcalc_AMD64 @ EXODUS:  ----------
                            Infos #: 0
                            ----------

matrixcalc_AMD64 @ EXODUS:  -------------
                            WARNINGS #: 0
                            -------------

matrixcalc_AMD64 @ EXODUS:  -----------
                            ERRORS #: 0
                            -----------

