Port monitor named: Port3_e1[9.5].prt

nx        = 45
ny        = 37
nz        = 94

nu        = 16
nv        = 32
iu        = 1
iv        = 32

idir      = 0
dcut      = 3.600000e-002
icut      = 45
type      = 0
frequency = 9.500000e+009

fcutoff   = 7.496435e+009
alpha     = 0.000000e+000
beta      = 1.222682e+002
accuracy  = 5.976156e-011

type          = TE
wave imp.     = 6.134789e+002
wave imp.sig. = 1.172629e-005
line imp.     = 0.000000e+000

ref. port     = 0

0.000000e+000  0.000000e+000  0.000000e+000  0.000000e+000  0.000000e+000  0.000000e+000  0.000000e+000  0.000000e+000  0.000000e+000  0.000000e+000  0.000000e+000  0.000000e+000  0.000000e+000  0.000000e+000  0.000000e+000  0.000000e+000  
0.000000e+000  0.000000e+000  0.000000e+000  0.000000e+000  0.000000e+000  0.000000e+000  0.000000e+000  0.000000e+000  0.000000e+000  0.000000e+000  0.000000e+000  0.000000e+000  0.000000e+000  0.000000e+000  0.000000e+000  0.000000e+000  
0.000000e+000  0.000000e+000  0.000000e+000  0.000000e+000  0.000000e+000  0.000000e+000  0.000000e+000  0.000000e+000  0.000000e+000  0.000000e+000  0.000000e+000  0.000000e+000  0.000000e+000  0.000000e+000  0.000000e+000  0.000000e+000  
0.000000e+000  0.000000e+000  2.592488e+002  2.592488e+002  2.592488e+002  2.592488e+002  2.592488e+002  2.592488e+002  2.592488e+002  2.592488e+002  2.592488e+002  2.592488e+002  2.592488e+002  0.000000e+000  0.000000e+000  0.000000e+000  
0.000000e+000  0.000000e+000  5.156541e+002  5.156541e+002  5.156541e+002  5.156541e+002  5.156540e+002  5.156540e+002  5.156540e+002  5.156541e+002  5.156541e+002  5.156541e+002  5.156541e+002  0.000000e+000  0.000000e+000  0.000000e+000  
0.000000e+000  0.000000e+000  7.664033e+002  7.664033e+002  7.664033e+002  7.664033e+002  7.664033e+002  7.664033e+002  7.664033e+002  7.664033e+002  7.664033e+002  7.664033e+002  7.664033e+002  0.000000e+000  0.000000e+000  0.000000e+000  
0.000000e+000  0.000000e+000  1.008746e+003  1.008746e+003  1.008746e+003  1.008746e+003  1.008746e+003  1.008746e+003  1.008746e+003  1.008746e+003  1.008746e+003  1.008746e+003  1.008746e+003  0.000000e+000  0.000000e+000  0.000000e+000  
0.000000e+000  0.000000e+000  1.240025e+003  1.240025e+003  1.240025e+003  1.240025e+003  1.240025e+003  1.240025e+003  1.240025e+003  1.240025e+003  1.240025e+003  1.240025e+003  1.240025e+003  0.000000e+000  0.000000e+000  0.000000e+000  
0.000000e+000  0.000000e+000  1.457702e+003  1.457702e+003  1.457702e+003  1.457702e+003  1.457702e+003  1.457702e+003  1.457702e+003  1.457702e+003  1.457702e+003  1.457702e+003  1.457702e+003  0.000000e+000  0.000000e+000  0.000000e+000  
0.000000e+000  0.000000e+000  1.610467e+003  1.610467e+003  1.610467e+003  1.610467e+003  1.610467e+003  1.610467e+003  1.610467e+003  1.610467e+003  1.610467e+003  1.610467e+003  1.610467e+003  0.000000e+000  0.000000e+000  0.000000e+000  
0.000000e+000  0.000000e+000  1.753296e+003  1.753296e+003  1.753296e+003  1.753296e+003  1.753296e+003  1.753296e+003  1.753296e+003  1.753296e+003  1.753296e+003  1.753296e+003  1.753296e+003  0.000000e+000  0.000000e+000  0.000000e+000  
0.000000e+000  0.000000e+000  1.922786e+003  1.922786e+003  1.922786e+003  1.922786e+003  1.922786e+003  1.922786e+003  1.922786e+003  1.922786e+003  1.922786e+003  1.922786e+003  1.922786e+003  0.000000e+000  0.000000e+000  0.000000e+000  
0.000000e+000  0.000000e+000  2.072231e+003  2.072231e+003  2.072231e+003  2.072231e+003  2.072231e+003  2.072231e+003  2.072231e+003  2.072231e+003  2.072231e+003  2.072231e+003  2.072231e+003  0.000000e+000  0.000000e+000  0.000000e+000  
0.000000e+000  0.000000e+000  2.200073e+003  2.200073e+003  2.200073e+003  2.200073e+003  2.200073e+003  2.200073e+003  2.200073e+003  2.200073e+003  2.200073e+003  2.200073e+003  2.200073e+003  0.000000e+000  0.000000e+000  0.000000e+000  
0.000000e+000  0.000000e+000  2.370526e+003  2.370526e+003  2.370526e+003  2.370526e+003  2.370526e+003  2.370526e+003  2.370526e+003  2.370526e+003  2.370526e+003  2.370526e+003  2.370526e+003  0.000000e+000  0.000000e+000  0.000000e+000  
0.000000e+000  0.000000e+000  2.467874e+003  2.467874e+003  2.467874e+003  2.467874e+003  2.467874e+003  2.467874e+003  2.467874e+003  2.467874e+003  2.467874e+003  2.467874e+003  2.467874e+003  0.000000e+000  0.000000e+000  0.000000e+000  
0.000000e+000  0.000000e+000  2.467874e+003  2.467874e+003  2.467874e+003  2.467874e+003  2.467874e+003  2.467874e+003  2.467874e+003  2.467874e+003  2.467874e+003  2.467874e+003  2.467874e+003  0.000000e+000  0.000000e+000  0.000000e+000  
0.000000e+000  0.000000e+000  2.370526e+003  2.370526e+003  2.370526e+003  2.370526e+003  2.370526e+003  2.370526e+003  2.370526e+003  2.370526e+003  2.370526e+003  2.370526e+003  2.370526e+003  0.000000e+000  0.000000e+000  0.000000e+000  
0.000000e+000  0.000000e+000  2.200073e+003  2.200073e+003  2.200073e+003  2.200073e+003  2.200073e+003  2.200073e+003  2.200073e+003  2.200073e+003  2.200073e+003  2.200073e+003  2.200073e+003  0.000000e+000  0.000000e+000  0.000000e+000  
0.000000e+000  0.000000e+000  2.072231e+003  2.072231e+003  2.072231e+003  2.072231e+003  2.072231e+003  2.072231e+003  2.072231e+003  2.072231e+003  2.072231e+003  2.072231e+003  2.072231e+003  0.000000e+000  0.000000e+000  0.000000e+000  
0.000000e+000  0.000000e+000  1.922786e+003  1.922786e+003  1.922786e+003  1.922786e+003  1.922786e+003  1.922786e+003  1.922786e+003  1.922786e+003  1.922786e+003  1.922786e+003  1.922786e+003  0.000000e+000  0.000000e+000  0.000000e+000  
0.000000e+000  0.000000e+000  1.753296e+003  1.753296e+003  1.753296e+003  1.753296e+003  1.753296e+003  1.753296e+003  1.753296e+003  1.753296e+003  1.753296e+003  1.753296e+003  1.753296e+003  0.000000e+000  0.000000e+000  0.000000e+000  
0.000000e+000  0.000000e+000  1.610467e+003  1.610467e+003  1.610467e+003  1.610467e+003  1.610467e+003  1.610467e+003  1.610467e+003  1.610467e+003  1.610467e+003  1.610467e+003  1.610467e+003  0.000000e+000  0.000000e+000  0.000000e+000  
0.000000e+000  0.000000e+000  1.457702e+003  1.457702e+003  1.457702e+003  1.457702e+003  1.457702e+003  1.457702e+003  1.457702e+003  1.457702e+003  1.457702e+003  1.457702e+003  1.457702e+003  0.000000e+000  0.000000e+000  0.000000e+000  
0.000000e+000  0.000000e+000  1.240025e+003  1.240025e+003  1.240025e+003  1.240025e+003  1.240025e+003  1.240025e+003  1.240025e+003  1.240025e+003  1.240025e+003  1.240025e+003  1.240025e+003  0.000000e+000  0.000000e+000  0.000000e+000  
0.000000e+000  0.000000e+000  1.008746e+003  1.008746e+003  1.008746e+003  1.008746e+003  1.008746e+003  1.008746e+003  1.008746e+003  1.008746e+003  1.008746e+003  1.008746e+003  1.008746e+003  0.000000e+000  0.000000e+000  0.000000e+000  
0.000000e+000  0.000000e+000  7.664033e+002  7.664033e+002  7.664033e+002  7.664033e+002  7.664033e+002  7.664033e+002  7.664033e+002  7.664033e+002  7.664033e+002  7.664033e+002  7.664033e+002  0.000000e+000  0.000000e+000  0.000000e+000  
0.000000e+000  0.000000e+000  5.156541e+002  5.156541e+002  5.156541e+002  5.156541e+002  5.156540e+002  5.156540e+002  5.156540e+002  5.156541e+002  5.156541e+002  5.156541e+002  5.156541e+002  0.000000e+000  0.000000e+000  0.000000e+000  
0.000000e+000  0.000000e+000  2.592488e+002  2.592488e+002  2.592488e+002  2.592488e+002  2.592488e+002  2.592488e+002  2.592488e+002  2.592488e+002  2.592488e+002  2.592488e+002  2.592488e+002  0.000000e+000  0.000000e+000  0.000000e+000  
0.000000e+000  0.000000e+000  0.000000e+000  0.000000e+000  0.000000e+000  0.000000e+000  0.000000e+000  0.000000e+000  0.000000e+000  0.000000e+000  0.000000e+000  0.000000e+000  0.000000e+000  0.000000e+000  0.000000e+000  0.000000e+000  
0.000000e+000  0.000000e+000  0.000000e+000  0.000000e+000  0.000000e+000  0.000000e+000  0.000000e+000  0.000000e+000  0.000000e+000  0.000000e+000  0.000000e+000  0.000000e+000  0.000000e+000  0.000000e+000  0.000000e+000  0.000000e+000  
0.000000e+000  0.000000e+000  0.000000e+000  0.000000e+000  0.000000e+000  0.000000e+000  0.000000e+000  0.000000e+000  0.000000e+000  0.000000e+000  0.000000e+000  0.000000e+000  0.000000e+000  0.000000e+000  0.000000e+000  0.000000e+000  

0.000000e+000  0.000000e+000  0.000000e+000  0.000000e+000  0.000000e+000  0.000000e+000  0.000000e+000  0.000000e+000  0.000000e+000  0.000000e+000  0.000000e+000  0.000000e+000  0.000000e+000  0.000000e+000  0.000000e+000  0.000000e+000  
0.000000e+000  0.000000e+000  0.000000e+000  0.000000e+000  0.000000e+000  0.000000e+000  0.000000e+000  0.000000e+000  0.000000e+000  0.000000e+000  0.000000e+000  0.000000e+000  0.000000e+000  0.000000e+000  0.000000e+000  0.000000e+000  
0.000000e+000  0.000000e+000  0.000000e+000  6.866637e-006  1.397328e-005  2.157383e-005  3.763479e-005  1.205487e-005  -1.209368e-005  -3.765995e-005  -2.158186e-005  -1.397253e-005  -6.851662e-006  0.000000e+000  0.000000e+000  0.000000e+000  
0.000000e+000  0.000000e+000  0.000000e+000  6.519084e-006  1.328887e-005  2.059294e-005  3.623811e-005  1.153897e-005  -1.155028e-005  -3.625136e-005  -2.060885e-005  -1.328932e-005  -6.521975e-006  0.000000e+000  0.000000e+000  0.000000e+000  
0.000000e+000  0.000000e+000  0.000000e+000  5.811131e-006  1.191293e-005  1.858754e-005  3.320256e-005  1.044922e-005  -1.046155e-005  -3.319990e-005  -1.858666e-005  -1.193678e-005  -5.814003e-006  0.000000e+000  0.000000e+000  0.000000e+000  
0.000000e+000  0.000000e+000  0.000000e+000  4.744698e-006  9.821202e-006  1.552581e-005  2.795142e-005  8.737159e-006  -8.753919e-006  -2.795485e-005  -1.553371e-005  -9.836174e-006  -4.762153e-006  0.000000e+000  0.000000e+000  0.000000e+000  
0.000000e+000  0.000000e+000  0.000000e+000  3.298728e-006  6.968485e-006  1.163602e-005  1.927018e-005  6.437664e-006  -6.444882e-006  -1.927551e-005  -1.163195e-005  -6.984644e-006  -3.304281e-006  0.000000e+000  0.000000e+000  0.000000e+000  
0.000000e+000  0.000000e+000  0.000000e+000  1.443821e-006  2.994162e-006  8.186430e-006  4.467454e-006  4.078710e-006  -4.082352e-006  -4.449662e-006  -8.199586e-006  -3.008056e-006  -1.435817e-006  0.000000e+000  0.000000e+000  0.000000e+000  
0.000000e+000  0.000000e+000  0.000000e+000  -3.348475e-007  -3.827098e-006  -1.802856e-005  1.538949e-005  3.856236e-006  -3.872248e-006  -1.539043e-005  1.803975e-005  3.822179e-006  3.254185e-007  0.000000e+000  0.000000e+000  0.000000e+000  
0.000000e+000  0.000000e+000  0.000000e+000  6.393108e-008  -3.359848e-006  -1.974030e-005  1.942861e-005  3.045301e-006  -3.055151e-006  -1.941173e-005  1.973262e-005  3.358121e-006  -6.104728e-008  0.000000e+000  0.000000e+000  0.000000e+000  
0.000000e+000  0.000000e+000  0.000000e+000  2.830586e-006  6.084474e-006  1.296959e-005  -5.531438e-006  2.537360e-007  -2.433466e-007  5.544214e-006  -1.292771e-005  -6.072408e-006  -2.806507e-006  0.000000e+000  0.000000e+000  0.000000e+000  
0.000000e+000  0.000000e+000  0.000000e+000  5.508816e-006  1.302673e-005  2.202800e-005  -1.167796e-005  -1.255881e-006  1.274176e-006  1.169444e-005  -2.200431e-005  -1.300406e-005  -5.498499e-006  0.000000e+000  0.000000e+000  0.000000e+000  
0.000000e+000  0.000000e+000  0.000000e+000  6.117368e-006  1.835201e-005  5.553034e-005  -3.497580e-005  -6.708617e-007  6.997507e-007  3.498807e-005  -5.552534e-005  -1.835354e-005  -6.097987e-006  0.000000e+000  0.000000e+000  0.000000e+000  
0.000000e+000  0.000000e+000  0.000000e+000  -1.653566e-006  -9.094276e-006  -3.588133e-005  6.629384e-005  1.222670e-005  -1.220795e-005  -6.628596e-005  3.590401e-005  9.104329e-006  1.666545e-006  0.000000e+000  0.000000e+000  0.000000e+000  
0.000000e+000  0.000000e+000  0.000000e+000  7.066748e-006  1.833910e-005  4.185447e-005  3.318812e-006  3.215064e-006  -3.212093e-006  -3.326248e-006  -4.185408e-005  -1.833524e-005  -7.058947e-006  0.000000e+000  0.000000e+000  0.000000e+000  
0.000000e+000  0.000000e+000  0.000000e+000  0.000000e+000  0.000000e+000  0.000000e+000  -1.376458e-008  0.000000e+000  0.000000e+000  0.000000e+000  0.000000e+000  0.000000e+000  0.000000e+000  0.000000e+000  0.000000e+000  0.000000e+000  
0.000000e+000  0.000000e+000  0.000000e+000  -7.073172e-006  -1.835503e-005  -4.187431e-005  -3.345750e-006  -3.216407e-006  3.224756e-006  3.341121e-006  4.187240e-005  1.835807e-005  7.080446e-006  0.000000e+000  0.000000e+000  0.000000e+000  
0.000000e+000  0.000000e+000  0.000000e+000  1.651943e-006  9.085687e-006  3.587049e-005  -6.631682e-005  -1.223262e-005  1.221081e-005  6.630040e-005  -3.587229e-005  -9.088102e-006  -1.652951e-006  0.000000e+000  0.000000e+000  0.000000e+000  
0.000000e+000  0.000000e+000  0.000000e+000  -6.105659e-006  -1.835935e-005  -5.554473e-005  3.495016e-005  6.743172e-007  -6.845345e-007  -3.497755e-005  5.553979e-005  1.836465e-005  6.109046e-006  0.000000e+000  0.000000e+000  0.000000e+000  
0.000000e+000  0.000000e+000  0.000000e+000  -5.500714e-006  -1.300816e-005  -2.201779e-005  1.166741e-005  1.248019e-006  -1.280728e-006  -1.168136e-005  2.203753e-005  1.302467e-005  5.507466e-006  0.000000e+000  0.000000e+000  0.000000e+000  
0.000000e+000  0.000000e+000  0.000000e+000  -2.821923e-006  -6.063932e-006  -1.296422e-005  5.515900e-006  -2.476518e-007  2.349392e-007  -5.527731e-006  1.295113e-005  6.081861e-006  2.808326e-006  0.000000e+000  0.000000e+000  0.000000e+000  
0.000000e+000  0.000000e+000  0.000000e+000  -5.407058e-008  3.338102e-006  1.973563e-005  -1.943831e-005  -3.047809e-006  3.056109e-006  1.944732e-005  -1.973343e-005  -3.375261e-006  5.289956e-008  0.000000e+000  0.000000e+000  0.000000e+000  
0.000000e+000  0.000000e+000  0.000000e+000  3.292514e-007  3.831615e-006  1.800667e-005  -1.539838e-005  -3.832885e-006  3.853290e-006  1.540094e-005  -1.803293e-005  -3.831482e-006  -3.371201e-007  0.000000e+000  0.000000e+000  0.000000e+000  
0.000000e+000  0.000000e+000  0.000000e+000  -1.447378e-006  -3.010802e-006  -8.203990e-006  -4.461498e-006  -4.067373e-006  4.078619e-006  4.466563e-006  8.185885e-006  3.003499e-006  1.434434e-006  0.000000e+000  0.000000e+000  0.000000e+000  
0.000000e+000  0.000000e+000  0.000000e+000  -3.307677e-006  -6.992601e-006  -1.164974e-005  -1.928258e-005  -6.421859e-006  6.442621e-006  1.927224e-005  1.163380e-005  6.965488e-006  3.306081e-006  0.000000e+000  0.000000e+000  0.000000e+000  
0.000000e+000  0.000000e+000  0.000000e+000  -4.772669e-006  -9.838621e-006  -1.554482e-005  -2.795345e-005  -8.721500e-006  8.741890e-006  2.795463e-005  1.551861e-005  9.827405e-006  4.747001e-006  0.000000e+000  0.000000e+000  0.000000e+000  
0.000000e+000  0.000000e+000  0.000000e+000  -5.823623e-006  -1.193972e-005  -1.860095e-005  -3.320084e-005  -1.044783e-005  1.046906e-005  3.320384e-005  1.858398e-005  1.191330e-005  5.808991e-006  0.000000e+000  0.000000e+000  0.000000e+000  
0.000000e+000  0.000000e+000  0.000000e+000  -6.521513e-006  -1.330916e-005  -2.060836e-005  -3.624629e-005  -1.154380e-005  1.157372e-005  3.624265e-005  2.058903e-005  1.329691e-005  6.509572e-006  0.000000e+000  0.000000e+000  0.000000e+000  
0.000000e+000  0.000000e+000  0.000000e+000  -6.861891e-006  -1.398020e-005  -2.158727e-005  -3.765319e-005  -1.206122e-005  1.210974e-005  3.765360e-005  2.157250e-005  1.397531e-005  6.855788e-006  0.000000e+000  0.000000e+000  0.000000e+000  
0.000000e+000  0.000000e+000  0.000000e+000  0.000000e+000  0.000000e+000  0.000000e+000  0.000000e+000  0.000000e+000  0.000000e+000  0.000000e+000  0.000000e+000  0.000000e+000  0.000000e+000  0.000000e+000  0.000000e+000  0.000000e+000  
0.000000e+000  0.000000e+000  0.000000e+000  0.000000e+000  0.000000e+000  0.000000e+000  0.000000e+000  0.000000e+000  0.000000e+000  0.000000e+000  0.000000e+000  0.000000e+000  0.000000e+000  0.000000e+000  0.000000e+000  0.000000e+000  
0.000000e+000  0.000000e+000  0.000000e+000  0.000000e+000  0.000000e+000  0.000000e+000  0.000000e+000  0.000000e+000  0.000000e+000  0.000000e+000  0.000000e+000  0.000000e+000  0.000000e+000  0.000000e+000  0.000000e+000  0.000000e+000  

0.000000e+000  0.000000e+000  0.000000e+000  0.000000e+000  0.000000e+000  0.000000e+000  0.000000e+000  0.000000e+000  0.000000e+000  0.000000e+000  0.000000e+000  0.000000e+000  0.000000e+000  0.000000e+000  0.000000e+000  0.000000e+000  
0.000000e+000  0.000000e+000  0.000000e+000  0.000000e+000  0.000000e+000  0.000000e+000  0.000000e+000  0.000000e+000  0.000000e+000  0.000000e+000  0.000000e+000  0.000000e+000  0.000000e+000  0.000000e+000  0.000000e+000  0.000000e+000  
0.000000e+000  0.000000e+000  0.000000e+000  0.000000e+000  0.000000e+000  0.000000e+000  0.000000e+000  0.000000e+000  0.000000e+000  0.000000e+000  0.000000e+000  0.000000e+000  0.000000e+000  0.000000e+000  0.000000e+000  0.000000e+000  
0.000000e+000  0.000000e+000  0.000000e+000  0.000000e+000  0.000000e+000  0.000000e+000  0.000000e+000  0.000000e+000  0.000000e+000  0.000000e+000  0.000000e+000  0.000000e+000  0.000000e+000  0.000000e+000  0.000000e+000  0.000000e+000  
0.000000e+000  0.000000e+000  0.000000e+000  0.000000e+000  0.000000e+000  0.000000e+000  0.000000e+000  0.000000e+000  0.000000e+000  0.000000e+000  0.000000e+000  0.000000e+000  0.000000e+000  0.000000e+000  0.000000e+000  0.000000e+000  
0.000000e+000  0.000000e+000  0.000000e+000  0.000000e+000  0.000000e+000  0.000000e+000  0.000000e+000  0.000000e+000  0.000000e+000  0.000000e+000  0.000000e+000  0.000000e+000  0.000000e+000  0.000000e+000  0.000000e+000  0.000000e+000  
0.000000e+000  0.000000e+000  0.000000e+000  0.000000e+000  0.000000e+000  0.000000e+000  0.000000e+000  0.000000e+000  0.000000e+000  0.000000e+000  0.000000e+000  0.000000e+000  0.000000e+000  0.000000e+000  0.000000e+000  0.000000e+000  
0.000000e+000  0.000000e+000  0.000000e+000  0.000000e+000  0.000000e+000  0.000000e+000  0.000000e+000  0.000000e+000  0.000000e+000  0.000000e+000  0.000000e+000  0.000000e+000  0.000000e+000  0.000000e+000  0.000000e+000  0.000000e+000  
0.000000e+000  0.000000e+000  0.000000e+000  0.000000e+000  0.000000e+000  0.000000e+000  0.000000e+000  0.000000e+000  0.000000e+000  0.000000e+000  0.000000e+000  0.000000e+000  0.000000e+000  0.000000e+000  0.000000e+000  0.000000e+000  
0.000000e+000  0.000000e+000  0.000000e+000  0.000000e+000  0.000000e+000  0.000000e+000  0.000000e+000  0.000000e+000  0.000000e+000  0.000000e+000  0.000000e+000  0.000000e+000  0.000000e+000  0.000000e+000  0.000000e+000  0.000000e+000  
0.000000e+000  0.000000e+000  0.000000e+000  0.000000e+000  0.000000e+000  0.000000e+000  0.000000e+000  0.000000e+000  0.000000e+000  0.000000e+000  0.000000e+000  0.000000e+000  0.000000e+000  0.000000e+000  0.000000e+000  0.000000e+000  
0.000000e+000  0.000000e+000  0.000000e+000  0.000000e+000  0.000000e+000  0.000000e+000  0.000000e+000  0.000000e+000  0.000000e+000  0.000000e+000  0.000000e+000  0.000000e+000  0.000000e+000  0.000000e+000  0.000000e+000  0.000000e+000  
0.000000e+000  0.000000e+000  0.000000e+000  0.000000e+000  0.000000e+000  0.000000e+000  0.000000e+000  0.000000e+000  0.000000e+000  0.000000e+000  0.000000e+000  0.000000e+000  0.000000e+000  0.000000e+000  0.000000e+000  0.000000e+000  
0.000000e+000  0.000000e+000  0.000000e+000  0.000000e+000  0.000000e+000  0.000000e+000  0.000000e+000  0.000000e+000  0.000000e+000  0.000000e+000  0.000000e+000  0.000000e+000  0.000000e+000  0.000000e+000  0.000000e+000  0.000000e+000  
0.000000e+000  0.000000e+000  0.000000e+000  0.000000e+000  0.000000e+000  0.000000e+000  0.000000e+000  0.000000e+000  0.000000e+000  0.000000e+000  0.000000e+000  0.000000e+000  0.000000e+000  0.000000e+000  0.000000e+000  0.000000e+000  
0.000000e+000  0.000000e+000  0.000000e+000  0.000000e+000  0.000000e+000  0.000000e+000  0.000000e+000  0.000000e+000  0.000000e+000  0.000000e+000  0.000000e+000  0.000000e+000  0.000000e+000  0.000000e+000  0.000000e+000  0.000000e+000  
0.000000e+000  0.000000e+000  0.000000e+000  0.000000e+000  0.000000e+000  0.000000e+000  0.000000e+000  0.000000e+000  0.000000e+000  0.000000e+000  0.000000e+000  0.000000e+000  0.000000e+000  0.000000e+000  0.000000e+000  0.000000e+000  
0.000000e+000  0.000000e+000  0.000000e+000  0.000000e+000  0.000000e+000  0.000000e+000  0.000000e+000  0.000000e+000  0.000000e+000  0.000000e+000  0.000000e+000  0.000000e+000  0.000000e+000  0.000000e+000  0.000000e+000  0.000000e+000  
0.000000e+000  0.000000e+000  0.000000e+000  0.000000e+000  0.000000e+000  0.000000e+000  0.000000e+000  0.000000e+000  0.000000e+000  0.000000e+000  0.000000e+000  0.000000e+000  0.000000e+000  0.000000e+000  0.000000e+000  0.000000e+000  
0.000000e+000  0.000000e+000  0.000000e+000  0.000000e+000  0.000000e+000  0.000000e+000  0.000000e+000  0.000000e+000  0.000000e+000  0.000000e+000  0.000000e+000  0.000000e+000  0.000000e+000  0.000000e+000  0.000000e+000  0.000000e+000  
0.000000e+000  0.000000e+000  0.000000e+000  0.000000e+000  0.000000e+000  0.000000e+000  0.000000e+000  0.000000e+000  0.000000e+000  0.000000e+000  0.000000e+000  0.000000e+000  0.000000e+000  0.000000e+000  0.000000e+000  0.000000e+000  
0.000000e+000  0.000000e+000  0.000000e+000  0.000000e+000  0.000000e+000  0.000000e+000  0.000000e+000  0.000000e+000  0.000000e+000  0.000000e+000  0.000000e+000  0.000000e+000  0.000000e+000  0.000000e+000  0.000000e+000  0.000000e+000  
0.000000e+000  0.000000e+000  0.000000e+000  0.000000e+000  0.000000e+000  0.000000e+000  0.000000e+000  0.000000e+000  0.000000e+000  0.000000e+000  0.000000e+000  0.000000e+000  0.000000e+000  0.000000e+000  0.000000e+000  0.000000e+000  
0.000000e+000  0.000000e+000  0.000000e+000  0.000000e+000  0.000000e+000  0.000000e+000  0.000000e+000  0.000000e+000  0.000000e+000  0.000000e+000  0.000000e+000  0.000000e+000  0.000000e+000  0.000000e+000  0.000000e+000  0.000000e+000  
0.000000e+000  0.000000e+000  0.000000e+000  0.000000e+000  0.000000e+000  0.000000e+000  0.000000e+000  0.000000e+000  0.000000e+000  0.000000e+000  0.000000e+000  0.000000e+000  0.000000e+000  0.000000e+000  0.000000e+000  0.000000e+000  
0.000000e+000  0.000000e+000  0.000000e+000  0.000000e+000  0.000000e+000  0.000000e+000  0.000000e+000  0.000000e+000  0.000000e+000  0.000000e+000  0.000000e+000  0.000000e+000  0.000000e+000  0.000000e+000  0.000000e+000  0.000000e+000  
0.000000e+000  0.000000e+000  0.000000e+000  0.000000e+000  0.000000e+000  0.000000e+000  0.000000e+000  0.000000e+000  0.000000e+000  0.000000e+000  0.000000e+000  0.000000e+000  0.000000e+000  0.000000e+000  0.000000e+000  0.000000e+000  
0.000000e+000  0.000000e+000  0.000000e+000  0.000000e+000  0.000000e+000  0.000000e+000  0.000000e+000  0.000000e+000  0.000000e+000  0.000000e+000  0.000000e+000  0.000000e+000  0.000000e+000  0.000000e+000  0.000000e+000  0.000000e+000  
0.000000e+000  0.000000e+000  0.000000e+000  0.000000e+000  0.000000e+000  0.000000e+000  0.000000e+000  0.000000e+000  0.000000e+000  0.000000e+000  0.000000e+000  0.000000e+000  0.000000e+000  0.000000e+000  0.000000e+000  0.000000e+000  
0.000000e+000  0.000000e+000  0.000000e+000  0.000000e+000  0.000000e+000  0.000000e+000  0.000000e+000  0.000000e+000  0.000000e+000  0.000000e+000  0.000000e+000  0.000000e+000  0.000000e+000  0.000000e+000  0.000000e+000  0.000000e+000  
0.000000e+000  0.000000e+000  0.000000e+000  0.000000e+000  0.000000e+000  0.000000e+000  0.000000e+000  0.000000e+000  0.000000e+000  0.000000e+000  0.000000e+000  0.000000e+000  0.000000e+000  0.000000e+000  0.000000e+000  0.000000e+000  
0.000000e+000  0.000000e+000  0.000000e+000  0.000000e+000  0.000000e+000  0.000000e+000  0.000000e+000  0.000000e+000  0.000000e+000  0.000000e+000  0.000000e+000  0.000000e+000  0.000000e+000  0.000000e+000  0.000000e+000  0.000000e+000  

0.000000e+000  0.000000e+000  0.000000e+000  0.000000e+000  0.000000e+000  0.000000e+000  0.000000e+000  0.000000e+000  0.000000e+000  0.000000e+000  0.000000e+000  0.000000e+000  0.000000e+000  0.000000e+000  0.000000e+000  0.000000e+000  
0.000000e+000  0.000000e+000  0.000000e+000  0.000000e+000  0.000000e+000  0.000000e+000  0.000000e+000  0.000000e+000  0.000000e+000  0.000000e+000  0.000000e+000  0.000000e+000  0.000000e+000  0.000000e+000  0.000000e+000  0.000000e+000  
0.000000e+000  0.000000e+000  0.000000e+000  0.000000e+000  0.000000e+000  0.000000e+000  0.000000e+000  0.000000e+000  0.000000e+000  0.000000e+000  0.000000e+000  0.000000e+000  0.000000e+000  0.000000e+000  0.000000e+000  0.000000e+000  
0.000000e+000  0.000000e+000  0.000000e+000  0.000000e+000  0.000000e+000  0.000000e+000  0.000000e+000  0.000000e+000  0.000000e+000  0.000000e+000  0.000000e+000  0.000000e+000  0.000000e+000  0.000000e+000  0.000000e+000  0.000000e+000  
0.000000e+000  0.000000e+000  0.000000e+000  0.000000e+000  0.000000e+000  0.000000e+000  0.000000e+000  0.000000e+000  0.000000e+000  0.000000e+000  0.000000e+000  0.000000e+000  0.000000e+000  0.000000e+000  0.000000e+000  0.000000e+000  
0.000000e+000  0.000000e+000  0.000000e+000  0.000000e+000  0.000000e+000  0.000000e+000  0.000000e+000  0.000000e+000  0.000000e+000  0.000000e+000  0.000000e+000  0.000000e+000  0.000000e+000  0.000000e+000  0.000000e+000  0.000000e+000  
0.000000e+000  0.000000e+000  0.000000e+000  0.000000e+000  0.000000e+000  0.000000e+000  0.000000e+000  0.000000e+000  0.000000e+000  0.000000e+000  0.000000e+000  0.000000e+000  0.000000e+000  0.000000e+000  0.000000e+000  0.000000e+000  
0.000000e+000  0.000000e+000  0.000000e+000  0.000000e+000  0.000000e+000  0.000000e+000  0.000000e+000  0.000000e+000  0.000000e+000  0.000000e+000  0.000000e+000  0.000000e+000  0.000000e+000  0.000000e+000  0.000000e+000  0.000000e+000  
0.000000e+000  0.000000e+000  0.000000e+000  0.000000e+000  0.000000e+000  0.000000e+000  0.000000e+000  0.000000e+000  0.000000e+000  0.000000e+000  0.000000e+000  0.000000e+000  0.000000e+000  0.000000e+000  0.000000e+000  0.000000e+000  
0.000000e+000  0.000000e+000  0.000000e+000  0.000000e+000  0.000000e+000  0.000000e+000  0.000000e+000  0.000000e+000  0.000000e+000  0.000000e+000  0.000000e+000  0.000000e+000  0.000000e+000  0.000000e+000  0.000000e+000  0.000000e+000  
0.000000e+000  0.000000e+000  0.000000e+000  0.000000e+000  0.000000e+000  0.000000e+000  0.000000e+000  0.000000e+000  0.000000e+000  0.000000e+000  0.000000e+000  0.000000e+000  0.000000e+000  0.000000e+000  0.000000e+000  0.000000e+000  
0.000000e+000  0.000000e+000  0.000000e+000  0.000000e+000  0.000000e+000  0.000000e+000  0.000000e+000  0.000000e+000  0.000000e+000  0.000000e+000  0.000000e+000  0.000000e+000  0.000000e+000  0.000000e+000  0.000000e+000  0.000000e+000  
0.000000e+000  0.000000e+000  0.000000e+000  0.000000e+000  0.000000e+000  0.000000e+000  0.000000e+000  0.000000e+000  0.000000e+000  0.000000e+000  0.000000e+000  0.000000e+000  0.000000e+000  0.000000e+000  0.000000e+000  0.000000e+000  
0.000000e+000  0.000000e+000  0.000000e+000  0.000000e+000  0.000000e+000  0.000000e+000  0.000000e+000  0.000000e+000  0.000000e+000  0.000000e+000  0.000000e+000  0.000000e+000  0.000000e+000  0.000000e+000  0.000000e+000  0.000000e+000  
0.000000e+000  0.000000e+000  0.000000e+000  0.000000e+000  0.000000e+000  0.000000e+000  0.000000e+000  0.000000e+000  0.000000e+000  0.000000e+000  0.000000e+000  0.000000e+000  0.000000e+000  0.000000e+000  0.000000e+000  0.000000e+000  
0.000000e+000  0.000000e+000  0.000000e+000  0.000000e+000  0.000000e+000  0.000000e+000  0.000000e+000  0.000000e+000  0.000000e+000  0.000000e+000  0.000000e+000  0.000000e+000  0.000000e+000  0.000000e+000  0.000000e+000  0.000000e+000  
0.000000e+000  0.000000e+000  0.000000e+000  0.000000e+000  0.000000e+000  0.000000e+000  0.000000e+000  0.000000e+000  0.000000e+000  0.000000e+000  0.000000e+000  0.000000e+000  0.000000e+000  0.000000e+000  0.000000e+000  0.000000e+000  
0.000000e+000  0.000000e+000  0.000000e+000  0.000000e+000  0.000000e+000  0.000000e+000  0.000000e+000  0.000000e+000  0.000000e+000  0.000000e+000  0.000000e+000  0.000000e+000  0.000000e+000  0.000000e+000  0.000000e+000  0.000000e+000  
0.000000e+000  0.000000e+000  0.000000e+000  0.000000e+000  0.000000e+000  0.000000e+000  0.000000e+000  0.000000e+000  0.000000e+000  0.000000e+000  0.000000e+000  0.000000e+000  0.000000e+000  0.000000e+000  0.000000e+000  0.000000e+000  
0.000000e+000  0.000000e+000  0.000000e+000  0.000000e+000  0.000000e+000  0.000000e+000  0.000000e+000  0.000000e+000  0.000000e+000  0.000000e+000  0.000000e+000  0.000000e+000  0.000000e+000  0.000000e+000  0.000000e+000  0.000000e+000  
0.000000e+000  0.000000e+000  0.000000e+000  0.000000e+000  0.000000e+000  0.000000e+000  0.000000e+000  0.000000e+000  0.000000e+000  0.000000e+000  0.000000e+000  0.000000e+000  0.000000e+000  0.000000e+000  0.000000e+000  0.000000e+000  
0.000000e+000  0.000000e+000  0.000000e+000  0.000000e+000  0.000000e+000  0.000000e+000  0.000000e+000  0.000000e+000  0.000000e+000  0.000000e+000  0.000000e+000  0.000000e+000  0.000000e+000  0.000000e+000  0.000000e+000  0.000000e+000  
0.000000e+000  0.000000e+000  0.000000e+000  0.000000e+000  0.000000e+000  0.000000e+000  0.000000e+000  0.000000e+000  0.000000e+000  0.000000e+000  0.000000e+000  0.000000e+000  0.000000e+000  0.000000e+000  0.000000e+000  0.000000e+000  
0.000000e+000  0.000000e+000  0.000000e+000  0.000000e+000  0.000000e+000  0.000000e+000  0.000000e+000  0.000000e+000  0.000000e+000  0.000000e+000  0.000000e+000  0.000000e+000  0.000000e+000  0.000000e+000  0.000000e+000  0.000000e+000  
0.000000e+000  0.000000e+000  0.000000e+000  0.000000e+000  0.000000e+000  0.000000e+000  0.000000e+000  0.000000e+000  0.000000e+000  0.000000e+000  0.000000e+000  0.000000e+000  0.000000e+000  0.000000e+000  0.000000e+000  0.000000e+000  
0.000000e+000  0.000000e+000  0.000000e+000  0.000000e+000  0.000000e+000  0.000000e+000  0.000000e+000  0.000000e+000  0.000000e+000  0.000000e+000  0.000000e+000  0.000000e+000  0.000000e+000  0.000000e+000  0.000000e+000  0.000000e+000  
0.000000e+000  0.000000e+000  0.000000e+000  0.000000e+000  0.000000e+000  0.000000e+000  0.000000e+000  0.000000e+000  0.000000e+000  0.000000e+000  0.000000e+000  0.000000e+000  0.000000e+000  0.000000e+000  0.000000e+000  0.000000e+000  
0.000000e+000  0.000000e+000  0.000000e+000  0.000000e+000  0.000000e+000  0.000000e+000  0.000000e+000  0.000000e+000  0.000000e+000  0.000000e+000  0.000000e+000  0.000000e+000  0.000000e+000  0.000000e+000  0.000000e+000  0.000000e+000  
0.000000e+000  0.000000e+000  0.000000e+000  0.000000e+000  0.000000e+000  0.000000e+000  0.000000e+000  0.000000e+000  0.000000e+000  0.000000e+000  0.000000e+000  0.000000e+000  0.000000e+000  0.000000e+000  0.000000e+000  0.000000e+000  
0.000000e+000  0.000000e+000  0.000000e+000  0.000000e+000  0.000000e+000  0.000000e+000  0.000000e+000  0.000000e+000  0.000000e+000  0.000000e+000  0.000000e+000  0.000000e+000  0.000000e+000  0.000000e+000  0.000000e+000  0.000000e+000  
0.000000e+000  0.000000e+000  0.000000e+000  0.000000e+000  0.000000e+000  0.000000e+000  0.000000e+000  0.000000e+000  0.000000e+000  0.000000e+000  0.000000e+000  0.000000e+000  0.000000e+000  0.000000e+000  0.000000e+000  0.000000e+000  
0.000000e+000  0.000000e+000  0.000000e+000  0.000000e+000  0.000000e+000  0.000000e+000  0.000000e+000  0.000000e+000  0.000000e+000  0.000000e+000  0.000000e+000  0.000000e+000  0.000000e+000  0.000000e+000  0.000000e+000  0.000000e+000  

0.000000e+000  0.000000e+000  0.000000e+000  0.000000e+000  0.000000e+000  0.000000e+000  0.000000e+000  0.000000e+000  0.000000e+000  0.000000e+000  0.000000e+000  0.000000e+000  0.000000e+000  0.000000e+000  0.000000e+000  0.000000e+000  
0.000000e+000  0.000000e+000  0.000000e+000  0.000000e+000  0.000000e+000  0.000000e+000  0.000000e+000  0.000000e+000  0.000000e+000  0.000000e+000  0.000000e+000  0.000000e+000  0.000000e+000  0.000000e+000  0.000000e+000  0.000000e+000  
0.000000e+000  0.000000e+000  0.000000e+000  0.000000e+000  0.000000e+000  0.000000e+000  0.000000e+000  0.000000e+000  0.000000e+000  0.000000e+000  0.000000e+000  0.000000e+000  0.000000e+000  0.000000e+000  0.000000e+000  0.000000e+000  
0.000000e+000  0.000000e+000  0.000000e+000  0.000000e+000  0.000000e+000  0.000000e+000  0.000000e+000  0.000000e+000  0.000000e+000  0.000000e+000  0.000000e+000  0.000000e+000  0.000000e+000  0.000000e+000  0.000000e+000  0.000000e+000  
0.000000e+000  0.000000e+000  0.000000e+000  0.000000e+000  0.000000e+000  0.000000e+000  0.000000e+000  0.000000e+000  0.000000e+000  0.000000e+000  0.000000e+000  0.000000e+000  0.000000e+000  0.000000e+000  0.000000e+000  0.000000e+000  
0.000000e+000  0.000000e+000  0.000000e+000  0.000000e+000  0.000000e+000  0.000000e+000  0.000000e+000  0.000000e+000  0.000000e+000  0.000000e+000  0.000000e+000  0.000000e+000  0.000000e+000  0.000000e+000  0.000000e+000  0.000000e+000  
0.000000e+000  0.000000e+000  0.000000e+000  0.000000e+000  0.000000e+000  0.000000e+000  0.000000e+000  0.000000e+000  0.000000e+000  0.000000e+000  0.000000e+000  0.000000e+000  0.000000e+000  0.000000e+000  0.000000e+000  0.000000e+000  
0.000000e+000  0.000000e+000  0.000000e+000  0.000000e+000  0.000000e+000  0.000000e+000  0.000000e+000  0.000000e+000  0.000000e+000  0.000000e+000  0.000000e+000  0.000000e+000  0.000000e+000  0.000000e+000  0.000000e+000  0.000000e+000  
0.000000e+000  0.000000e+000  0.000000e+000  0.000000e+000  0.000000e+000  0.000000e+000  0.000000e+000  0.000000e+000  0.000000e+000  0.000000e+000  0.000000e+000  0.000000e+000  0.000000e+000  0.000000e+000  0.000000e+000  0.000000e+000  
0.000000e+000  0.000000e+000  0.000000e+000  0.000000e+000  0.000000e+000  0.000000e+000  0.000000e+000  0.000000e+000  0.000000e+000  0.000000e+000  0.000000e+000  0.000000e+000  0.000000e+000  0.000000e+000  0.000000e+000  0.000000e+000  
0.000000e+000  0.000000e+000  0.000000e+000  0.000000e+000  0.000000e+000  0.000000e+000  0.000000e+000  0.000000e+000  0.000000e+000  0.000000e+000  0.000000e+000  0.000000e+000  0.000000e+000  0.000000e+000  0.000000e+000  0.000000e+000  
0.000000e+000  0.000000e+000  0.000000e+000  0.000000e+000  0.000000e+000  0.000000e+000  0.000000e+000  0.000000e+000  0.000000e+000  0.000000e+000  0.000000e+000  0.000000e+000  0.000000e+000  0.000000e+000  0.000000e+000  0.000000e+000  
0.000000e+000  0.000000e+000  0.000000e+000  0.000000e+000  0.000000e+000  0.000000e+000  0.000000e+000  0.000000e+000  0.000000e+000  0.000000e+000  0.000000e+000  0.000000e+000  0.000000e+000  0.000000e+000  0.000000e+000  0.000000e+000  
0.000000e+000  0.000000e+000  0.000000e+000  0.000000e+000  0.000000e+000  0.000000e+000  0.000000e+000  0.000000e+000  0.000000e+000  0.000000e+000  0.000000e+000  0.000000e+000  0.000000e+000  0.000000e+000  0.000000e+000  0.000000e+000  
0.000000e+000  0.000000e+000  0.000000e+000  0.000000e+000  0.000000e+000  0.000000e+000  0.000000e+000  0.000000e+000  0.000000e+000  0.000000e+000  0.000000e+000  0.000000e+000  0.000000e+000  0.000000e+000  0.000000e+000  0.000000e+000  
0.000000e+000  0.000000e+000  0.000000e+000  0.000000e+000  0.000000e+000  0.000000e+000  0.000000e+000  0.000000e+000  0.000000e+000  0.000000e+000  0.000000e+000  0.000000e+000  0.000000e+000  0.000000e+000  0.000000e+000  0.000000e+000  
0.000000e+000  0.000000e+000  0.000000e+000  0.000000e+000  0.000000e+000  0.000000e+000  0.000000e+000  0.000000e+000  0.000000e+000  0.000000e+000  0.000000e+000  0.000000e+000  0.000000e+000  0.000000e+000  0.000000e+000  0.000000e+000  
0.000000e+000  0.000000e+000  0.000000e+000  0.000000e+000  0.000000e+000  0.000000e+000  0.000000e+000  0.000000e+000  0.000000e+000  0.000000e+000  0.000000e+000  0.000000e+000  0.000000e+000  0.000000e+000  0.000000e+000  0.000000e+000  
0.000000e+000  0.000000e+000  0.000000e+000  0.000000e+000  0.000000e+000  0.000000e+000  0.000000e+000  0.000000e+000  0.000000e+000  0.000000e+000  0.000000e+000  0.000000e+000  0.000000e+000  0.000000e+000  0.000000e+000  0.000000e+000  
0.000000e+000  0.000000e+000  0.000000e+000  0.000000e+000  0.000000e+000  0.000000e+000  0.000000e+000  0.000000e+000  0.000000e+000  0.000000e+000  0.000000e+000  0.000000e+000  0.000000e+000  0.000000e+000  0.000000e+000  0.000000e+000  
0.000000e+000  0.000000e+000  0.000000e+000  0.000000e+000  0.000000e+000  0.000000e+000  0.000000e+000  0.000000e+000  0.000000e+000  0.000000e+000  0.000000e+000  0.000000e+000  0.000000e+000  0.000000e+000  0.000000e+000  0.000000e+000  
0.000000e+000  0.000000e+000  0.000000e+000  0.000000e+000  0.000000e+000  0.000000e+000  0.000000e+000  0.000000e+000  0.000000e+000  0.000000e+000  0.000000e+000  0.000000e+000  0.000000e+000  0.000000e+000  0.000000e+000  0.000000e+000  
0.000000e+000  0.000000e+000  0.000000e+000  0.000000e+000  0.000000e+000  0.000000e+000  0.000000e+000  0.000000e+000  0.000000e+000  0.000000e+000  0.000000e+000  0.000000e+000  0.000000e+000  0.000000e+000  0.000000e+000  0.000000e+000  
0.000000e+000  0.000000e+000  0.000000e+000  0.000000e+000  0.000000e+000  0.000000e+000  0.000000e+000  0.000000e+000  0.000000e+000  0.000000e+000  0.000000e+000  0.000000e+000  0.000000e+000  0.000000e+000  0.000000e+000  0.000000e+000  
0.000000e+000  0.000000e+000  0.000000e+000  0.000000e+000  0.000000e+000  0.000000e+000  0.000000e+000  0.000000e+000  0.000000e+000  0.000000e+000  0.000000e+000  0.000000e+000  0.000000e+000  0.000000e+000  0.000000e+000  0.000000e+000  
0.000000e+000  0.000000e+000  0.000000e+000  0.000000e+000  0.000000e+000  0.000000e+000  0.000000e+000  0.000000e+000  0.000000e+000  0.000000e+000  0.000000e+000  0.000000e+000  0.000000e+000  0.000000e+000  0.000000e+000  0.000000e+000  
0.000000e+000  0.000000e+000  0.000000e+000  0.000000e+000  0.000000e+000  0.000000e+000  0.000000e+000  0.000000e+000  0.000000e+000  0.000000e+000  0.000000e+000  0.000000e+000  0.000000e+000  0.000000e+000  0.000000e+000  0.000000e+000  
0.000000e+000  0.000000e+000  0.000000e+000  0.000000e+000  0.000000e+000  0.000000e+000  0.000000e+000  0.000000e+000  0.000000e+000  0.000000e+000  0.000000e+000  0.000000e+000  0.000000e+000  0.000000e+000  0.000000e+000  0.000000e+000  
0.000000e+000  0.000000e+000  0.000000e+000  0.000000e+000  0.000000e+000  0.000000e+000  0.000000e+000  0.000000e+000  0.000000e+000  0.000000e+000  0.000000e+000  0.000000e+000  0.000000e+000  0.000000e+000  0.000000e+000  0.000000e+000  
0.000000e+000  0.000000e+000  0.000000e+000  0.000000e+000  0.000000e+000  0.000000e+000  0.000000e+000  0.000000e+000  0.000000e+000  0.000000e+000  0.000000e+000  0.000000e+000  0.000000e+000  0.000000e+000  0.000000e+000  0.000000e+000  
0.000000e+000  0.000000e+000  0.000000e+000  0.000000e+000  0.000000e+000  0.000000e+000  0.000000e+000  0.000000e+000  0.000000e+000  0.000000e+000  0.000000e+000  0.000000e+000  0.000000e+000  0.000000e+000  0.000000e+000  0.000000e+000  
0.000000e+000  0.000000e+000  0.000000e+000  0.000000e+000  0.000000e+000  0.000000e+000  0.000000e+000  0.000000e+000  0.000000e+000  0.000000e+000  0.000000e+000  0.000000e+000  0.000000e+000  0.000000e+000  0.000000e+000  0.000000e+000  

0.000000e+000  0.000000e+000  0.000000e+000  0.000000e+000  0.000000e+000  0.000000e+000  0.000000e+000  0.000000e+000  0.000000e+000  0.000000e+000  0.000000e+000  0.000000e+000  0.000000e+000  0.000000e+000  0.000000e+000  0.000000e+000  
0.000000e+000  0.000000e+000  0.000000e+000  0.000000e+000  0.000000e+000  0.000000e+000  0.000000e+000  0.000000e+000  0.000000e+000  0.000000e+000  0.000000e+000  0.000000e+000  0.000000e+000  0.000000e+000  0.000000e+000  0.000000e+000  
0.000000e+000  0.000000e+000  0.000000e+000  0.000000e+000  0.000000e+000  0.000000e+000  0.000000e+000  0.000000e+000  0.000000e+000  0.000000e+000  0.000000e+000  0.000000e+000  0.000000e+000  0.000000e+000  0.000000e+000  0.000000e+000  
0.000000e+000  0.000000e+000  0.000000e+000  0.000000e+000  -6.253585e-007  -8.111334e-007  -1.390602e-006  -5.438989e-007  1.268581e-007  1.228071e-006  1.031015e-006  3.694842e-007  4.588307e-007  0.000000e+000  0.000000e+000  0.000000e+000  
0.000000e+000  0.000000e+000  0.000000e+000  -4.879707e-007  -6.454732e-007  -1.654895e-006  -2.500754e-006  -7.641913e-007  7.179456e-007  2.289648e-006  1.461606e-006  1.342800e-006  2.313522e-007  0.000000e+000  0.000000e+000  0.000000e+000  
0.000000e+000  0.000000e+000  0.000000e+000  -3.885815e-007  -1.390713e-006  -2.008572e-006  -3.227842e-006  -1.015525e-006  1.008736e-006  3.250765e-006  2.338114e-006  1.061004e-006  8.440249e-007  0.000000e+000  0.000000e+000  0.000000e+000  
0.000000e+000  0.000000e+000  0.000000e+000  -6.810665e-007  -1.237886e-006  -2.332893e-006  -3.516184e-006  -9.841148e-007  8.168386e-007  3.517763e-006  2.204163e-006  1.347095e-006  5.619606e-007  0.000000e+000  0.000000e+000  0.000000e+000  
0.000000e+000  0.000000e+000  0.000000e+000  -5.979052e-007  -9.346013e-007  -1.694774e-006  -3.090850e-006  -8.452646e-007  7.465478e-007  2.807000e-006  2.055335e-006  9.686401e-007  4.876880e-007  0.000000e+000  0.000000e+000  0.000000e+000  
0.000000e+000  0.000000e+000  0.000000e+000  -1.580225e-007  -7.585631e-007  -6.332553e-007  -7.188364e-007  -3.021406e-007  4.528711e-007  9.874121e-007  3.375258e-007  5.097672e-007  6.092533e-007  0.000000e+000  0.000000e+000  0.000000e+000  
0.000000e+000  0.000000e+000  0.000000e+000  -9.218704e-007  2.209017e-007  1.358972e-006  -2.803163e-007  -9.372803e-008  -9.226655e-008  4.461197e-008  -9.169901e-007  -6.941311e-008  3.799055e-007  0.000000e+000  0.000000e+000  0.000000e+000  
0.000000e+000  0.000000e+000  0.000000e+000  -2.282868e-007  -1.330956e-006  -1.499887e-007  3.144494e-007  3.235854e-008  -4.025007e-007  -1.976986e-007  -4.230897e-007  1.041536e-006  2.489386e-007  0.000000e+000  0.000000e+000  0.000000e+000  
0.000000e+000  0.000000e+000  0.000000e+000  -1.274676e-006  -2.015799e-006  -3.260776e-006  3.056603e-006  5.565229e-007  -7.300524e-007  -2.997499e-006  3.477825e-006  2.036198e-006  1.508728e-006  0.000000e+000  0.000000e+000  0.000000e+000  
0.000000e+000  0.000000e+000  0.000000e+000  -1.971900e-006  -4.016673e-006  -5.964449e-006  3.731613e-006  7.613599e-007  -9.280111e-007  -3.606851e-006  6.189950e-006  4.377438e-006  1.783626e-006  0.000000e+000  0.000000e+000  0.000000e+000  
0.000000e+000  0.000000e+000  0.000000e+000  -2.614299e-006  -5.804308e-006  -1.067737e-005  2.991480e-006  6.260448e-007  -5.194728e-007  -2.962555e-006  1.061418e-005  5.587380e-006  2.695633e-006  0.000000e+000  0.000000e+000  0.000000e+000  
0.000000e+000  0.000000e+000  0.000000e+000  -2.292037e-006  -4.268659e-006  -4.632442e-006  -2.542146e-006  -4.870316e-007  5.340339e-007  2.693774e-006  4.714846e-006  4.167528e-006  2.458298e-006  0.000000e+000  0.000000e+000  0.000000e+000  
0.000000e+000  0.000000e+000  0.000000e+000  -4.011800e-006  -8.135345e-006  -1.360232e-005  -2.066930e-006  -6.458936e-007  7.005064e-007  2.134468e-006  1.353449e-005  8.177697e-006  3.929018e-006  0.000000e+000  0.000000e+000  0.000000e+000  
0.000000e+000  0.000000e+000  0.000000e+000  -4.118998e-006  -8.161126e-006  -1.334424e-005  -2.135534e-006  -6.305277e-007  6.264241e-007  2.068799e-006  1.318942e-005  8.231131e-006  3.914367e-006  0.000000e+000  0.000000e+000  0.000000e+000  
0.000000e+000  0.000000e+000  0.000000e+000  -2.467551e-006  -4.373839e-006  -4.588119e-006  -2.673226e-006  -3.864025e-007  6.413346e-007  2.689127e-006  4.593965e-006  4.503862e-006  2.338561e-006  0.000000e+000  0.000000e+000  0.000000e+000  
0.000000e+000  0.000000e+000  0.000000e+000  -2.647239e-006  -5.785448e-006  -1.075537e-005  2.998125e-006  5.431462e-007  -5.719451e-007  -3.036068e-006  1.074331e-005  5.895682e-006  2.521070e-006  0.000000e+000  0.000000e+000  0.000000e+000  
0.000000e+000  0.000000e+000  0.000000e+000  -1.891064e-006  -4.279610e-006  -6.349251e-006  3.431224e-006  9.777650e-007  -6.331521e-007  -3.717877e-006  6.037738e-006  3.999472e-006  1.943058e-006  0.000000e+000  0.000000e+000  0.000000e+000  
0.000000e+000  0.000000e+000  0.000000e+000  -1.174387e-006  -2.256314e-006  -3.181991e-006  2.995783e-006  4.504155e-007  -6.604305e-007  -3.076770e-006  3.502472e-006  2.389421e-006  1.311386e-006  0.000000e+000  0.000000e+000  0.000000e+000  
0.000000e+000  0.000000e+000  0.000000e+000  -4.937009e-007  -4.010376e-007  -2.378322e-007  1.540530e-007  1.897741e-007  -4.731361e-007  -5.320452e-007  -4.233619e-008  1.246707e-006  5.131460e-007  0.000000e+000  0.000000e+000  0.000000e+000  
0.000000e+000  0.000000e+000  0.000000e+000  -4.816947e-007  -5.183127e-007  1.566654e-006  -3.405622e-007  -4.777539e-007  3.509148e-007  3.720239e-007  -1.190297e-006  -2.175508e-008  3.996320e-007  0.000000e+000  0.000000e+000  0.000000e+000  
0.000000e+000  0.000000e+000  0.000000e+000  -2.792177e-007  -3.028460e-007  -8.014603e-007  -9.412655e-007  -1.146245e-007  2.462377e-007  9.033510e-007  6.152665e-007  5.493521e-007  4.329065e-007  0.000000e+000  0.000000e+000  0.000000e+000  
0.000000e+000  0.000000e+000  0.000000e+000  -4.551107e-007  -1.094653e-006  -1.653863e-006  -2.880563e-006  -8.599293e-007  7.436429e-007  3.073684e-006  1.728370e-006  1.265792e-006  2.614256e-007  0.000000e+000  0.000000e+000  0.000000e+000  
0.000000e+000  0.000000e+000  0.000000e+000  -3.747965e-007  -1.344579e-006  -2.242518e-006  -3.670249e-006  -9.260822e-007  9.534364e-007  3.504141e-006  2.354550e-006  1.213618e-006  6.803728e-007  0.000000e+000  0.000000e+000  0.000000e+000  
0.000000e+000  0.000000e+000  0.000000e+000  -6.978314e-007  -1.179117e-006  -2.142184e-006  -3.264828e-006  -8.065550e-007  7.977499e-007  3.231128e-006  2.045031e-006  1.494901e-006  5.090538e-007  0.000000e+000  0.000000e+000  0.000000e+000  
0.000000e+000  0.000000e+000  0.000000e+000  -3.521203e-007  -1.081539e-006  -1.517114e-006  -2.383314e-006  -7.143530e-007  6.082663e-007  2.489226e-006  1.583286e-006  8.752341e-007  3.554204e-007  0.000000e+000  0.000000e+000  0.000000e+000  
0.000000e+000  0.000000e+000  0.000000e+000  -3.292701e-007  -6.077948e-007  -8.061135e-007  -1.304194e-006  -4.952446e-007  2.806901e-007  1.223635e-006  8.569615e-007  5.781201e-007  1.595272e-007  0.000000e+000  0.000000e+000  0.000000e+000  
0.000000e+000  0.000000e+000  0.000000e+000  0.000000e+000  0.000000e+000  0.000000e+000  0.000000e+000  0.000000e+000  0.000000e+000  0.000000e+000  0.000000e+000  0.000000e+000  0.000000e+000  0.000000e+000  0.000000e+000  0.000000e+000  
0.000000e+000  0.000000e+000  0.000000e+000  0.000000e+000  0.000000e+000  0.000000e+000  0.000000e+000  0.000000e+000  0.000000e+000  0.000000e+000  0.000000e+000  0.000000e+000  0.000000e+000  0.000000e+000  0.000000e+000  0.000000e+000  
0.000000e+000  0.000000e+000  0.000000e+000  0.000000e+000  0.000000e+000  0.000000e+000  0.000000e+000  0.000000e+000  0.000000e+000  0.000000e+000  0.000000e+000  0.000000e+000  0.000000e+000  0.000000e+000  0.000000e+000  0.000000e+000  

