Port monitor named: Port1_e1.prt

nx        = 18
ny        = 12
nz        = 3

nu        = 18
nv        = 12
iu        = 1
iv        = 1

idir      = 2
dcut      = 5.000000e-002
icut      = 3
type      = 0
frequency = 7.500000e+009

fcutoff   = 6.554622e+009
alpha     = 0.000000e+000
beta      = 7.633990e+001
accuracy  = 1.788064e-011

type          = TE
wave imp.     = 7.757100e+002
wave imp.sig. = 1.172216e-005
line imp.     = 0.000000e+000

ref. port     = 0

-0.000000e+000  -0.000000e+000  -0.000000e+000  -0.000000e+000  -0.000000e+000  -0.000000e+000  -0.000000e+000  -0.000000e+000  -0.000000e+000  -0.000000e+000  -0.000000e+000  -0.000000e+000  -0.000000e+000  -0.000000e+000  -0.000000e+000  -0.000000e+000  -0.000000e+000  -0.000000e+000  
-0.000000e+000  -0.000000e+000  -0.000000e+000  -0.000000e+000  -0.000000e+000  -0.000000e+000  -0.000000e+000  -0.000000e+000  -0.000000e+000  -0.000000e+000  -0.000000e+000  -0.000000e+000  -0.000000e+000  -0.000000e+000  -0.000000e+000  -0.000000e+000  -0.000000e+000  -0.000000e+000  
-0.000000e+000  -9.461621e-006  -1.006378e-005  -1.062868e-005  -9.138748e-006  -1.797504e-005  -1.319739e-005  -6.659542e-006  -0.000000e+000  6.659133e-006  1.319920e-005  1.797421e-005  9.140837e-006  1.062909e-005  1.006033e-005  9.464422e-006  -0.000000e+000  -0.000000e+000  
-0.000000e+000  -1.823793e-005  -1.999295e-005  -2.252757e-005  -1.528970e-005  -3.891151e-005  -2.659315e-005  -1.323876e-005  -0.000000e+000  1.323874e-005  2.659535e-005  3.891200e-005  1.529054e-005  2.252988e-005  1.999803e-005  1.823489e-005  -0.000000e+000  -0.000000e+000  
-0.000000e+000  -2.514836e-005  -2.890912e-005  -4.093654e-005  -1.245010e-005  -6.781216e-005  -3.980228e-005  -1.957514e-005  -0.000000e+000  1.957606e-005  3.980317e-005  6.781150e-005  1.245051e-005  4.093719e-005  2.890783e-005  2.515051e-005  -0.000000e+000  -0.000000e+000  
-0.000000e+000  3.586829e-006  4.295789e-006  8.344617e-006  -3.951855e-006  -2.046765e-005  -1.470085e-005  -7.391015e-006  -0.000000e+000  7.391913e-006  1.470214e-005  2.046788e-005  3.950551e-006  -8.346299e-006  -4.298490e-006  -3.587737e-006  -0.000000e+000  -0.000000e+000  
-0.000000e+000  -3.590449e-006  -4.298277e-006  -8.346124e-006  3.948789e-006  2.046925e-005  1.470308e-005  7.391614e-006  -0.000000e+000  -7.390056e-006  -1.470291e-005  -2.046907e-005  -3.951695e-006  8.344561e-006  4.297330e-006  3.585452e-006  -0.000000e+000  -0.000000e+000  
-0.000000e+000  2.514933e-005  2.890710e-005  4.093563e-005  1.244753e-005  6.781240e-005  3.980502e-005  1.957460e-005  -0.000000e+000  -1.957400e-005  -3.980373e-005  -6.781254e-005  -1.244938e-005  -4.093689e-005  -2.890976e-005  -2.514706e-005  -0.000000e+000  -0.000000e+000  
-0.000000e+000  1.823987e-005  1.999533e-005  2.253122e-005  1.528813e-005  3.891193e-005  2.659578e-005  1.323810e-005  -0.000000e+000  -1.323817e-005  -2.659499e-005  -3.891340e-005  -1.528976e-005  -2.253289e-005  -1.999070e-005  -1.823776e-005  -0.000000e+000  -0.000000e+000  
-0.000000e+000  9.461359e-006  1.006492e-005  1.062677e-005  9.138493e-006  1.797481e-005  1.319934e-005  6.659162e-006  -0.000000e+000  -6.660048e-006  -1.319789e-005  -1.797424e-005  -9.138176e-006  -1.062630e-005  -1.006224e-005  -9.462180e-006  -0.000000e+000  -0.000000e+000  
-0.000000e+000  -0.000000e+000  -0.000000e+000  -0.000000e+000  -0.000000e+000  -0.000000e+000  -0.000000e+000  -0.000000e+000  -0.000000e+000  -0.000000e+000  -0.000000e+000  -0.000000e+000  -0.000000e+000  -0.000000e+000  -0.000000e+000  -0.000000e+000  -0.000000e+000  -0.000000e+000  
-0.000000e+000  -0.000000e+000  -0.000000e+000  -0.000000e+000  -0.000000e+000  -0.000000e+000  -0.000000e+000  -0.000000e+000  -0.000000e+000  -0.000000e+000  -0.000000e+000  -0.000000e+000  -0.000000e+000  -0.000000e+000  -0.000000e+000  -0.000000e+000  -0.000000e+000  -0.000000e+000  

-0.000000e+000  -0.000000e+000  -0.000000e+000  -0.000000e+000  -0.000000e+000  -0.000000e+000  -0.000000e+000  -0.000000e+000  -0.000000e+000  -0.000000e+000  -0.000000e+000  -0.000000e+000  -0.000000e+000  -0.000000e+000  -0.000000e+000  -0.000000e+000  -0.000000e+000  -0.000000e+000  
-0.000000e+000  -0.000000e+000  3.464497e+002  6.866187e+002  1.014340e+003  1.560074e+003  2.046797e+003  2.391366e+003  2.569848e+003  2.569848e+003  2.391366e+003  2.046797e+003  1.560074e+003  1.014340e+003  6.866187e+002  3.464497e+002  -0.000000e+000  -0.000000e+000  
-0.000000e+000  -0.000000e+000  3.464497e+002  6.866187e+002  1.014340e+003  1.560074e+003  2.046797e+003  2.391366e+003  2.569848e+003  2.569848e+003  2.391366e+003  2.046797e+003  1.560074e+003  1.014340e+003  6.866187e+002  3.464497e+002  -0.000000e+000  -0.000000e+000  
-0.000000e+000  -0.000000e+000  3.464497e+002  6.866187e+002  1.014340e+003  1.560074e+003  2.046797e+003  2.391366e+003  2.569848e+003  2.569848e+003  2.391366e+003  2.046797e+003  1.560074e+003  1.014340e+003  6.866187e+002  3.464497e+002  -0.000000e+000  -0.000000e+000  
-0.000000e+000  -0.000000e+000  3.464497e+002  6.866188e+002  1.014340e+003  1.560074e+003  2.046797e+003  2.391366e+003  2.569848e+003  2.569848e+003  2.391366e+003  2.046797e+003  1.560074e+003  1.014340e+003  6.866188e+002  3.464497e+002  -0.000000e+000  -0.000000e+000  
-0.000000e+000  -0.000000e+000  3.464497e+002  6.866188e+002  1.014340e+003  1.560074e+003  2.046798e+003  2.391366e+003  2.569848e+003  2.569848e+003  2.391366e+003  2.046798e+003  1.560074e+003  1.014340e+003  6.866188e+002  3.464497e+002  -0.000000e+000  -0.000000e+000  
-0.000000e+000  -0.000000e+000  3.464497e+002  6.866188e+002  1.014340e+003  1.560074e+003  2.046797e+003  2.391366e+003  2.569848e+003  2.569848e+003  2.391366e+003  2.046797e+003  1.560074e+003  1.014340e+003  6.866188e+002  3.464497e+002  -0.000000e+000  -0.000000e+000  
-0.000000e+000  -0.000000e+000  3.464497e+002  6.866187e+002  1.014340e+003  1.560074e+003  2.046797e+003  2.391366e+003  2.569848e+003  2.569848e+003  2.391366e+003  2.046797e+003  1.560074e+003  1.014340e+003  6.866187e+002  3.464497e+002  -0.000000e+000  -0.000000e+000  
-0.000000e+000  -0.000000e+000  3.464497e+002  6.866187e+002  1.014340e+003  1.560074e+003  2.046797e+003  2.391366e+003  2.569848e+003  2.569848e+003  2.391366e+003  2.046797e+003  1.560074e+003  1.014340e+003  6.866187e+002  3.464497e+002  -0.000000e+000  -0.000000e+000  
-0.000000e+000  -0.000000e+000  3.464497e+002  6.866187e+002  1.014340e+003  1.560074e+003  2.046797e+003  2.391366e+003  2.569848e+003  2.569848e+003  2.391366e+003  2.046797e+003  1.560074e+003  1.014340e+003  6.866187e+002  3.464497e+002  -0.000000e+000  -0.000000e+000  
-0.000000e+000  -0.000000e+000  -0.000000e+000  -0.000000e+000  -0.000000e+000  -0.000000e+000  -0.000000e+000  -0.000000e+000  -0.000000e+000  -0.000000e+000  -0.000000e+000  -0.000000e+000  -0.000000e+000  -0.000000e+000  -0.000000e+000  -0.000000e+000  -0.000000e+000  -0.000000e+000  
-0.000000e+000  -0.000000e+000  -0.000000e+000  -0.000000e+000  -0.000000e+000  -0.000000e+000  -0.000000e+000  -0.000000e+000  -0.000000e+000  -0.000000e+000  -0.000000e+000  -0.000000e+000  -0.000000e+000  -0.000000e+000  -0.000000e+000  -0.000000e+000  -0.000000e+000  -0.000000e+000  

0.000000e+000  0.000000e+000  0.000000e+000  0.000000e+000  0.000000e+000  0.000000e+000  0.000000e+000  0.000000e+000  0.000000e+000  0.000000e+000  0.000000e+000  0.000000e+000  0.000000e+000  0.000000e+000  0.000000e+000  0.000000e+000  0.000000e+000  0.000000e+000  
0.000000e+000  0.000000e+000  0.000000e+000  0.000000e+000  0.000000e+000  0.000000e+000  0.000000e+000  0.000000e+000  0.000000e+000  0.000000e+000  0.000000e+000  0.000000e+000  0.000000e+000  0.000000e+000  0.000000e+000  0.000000e+000  0.000000e+000  0.000000e+000  
0.000000e+000  0.000000e+000  0.000000e+000  0.000000e+000  0.000000e+000  0.000000e+000  0.000000e+000  0.000000e+000  0.000000e+000  0.000000e+000  0.000000e+000  0.000000e+000  0.000000e+000  0.000000e+000  0.000000e+000  0.000000e+000  0.000000e+000  0.000000e+000  
0.000000e+000  0.000000e+000  0.000000e+000  0.000000e+000  0.000000e+000  0.000000e+000  0.000000e+000  0.000000e+000  0.000000e+000  0.000000e+000  0.000000e+000  0.000000e+000  0.000000e+000  0.000000e+000  0.000000e+000  0.000000e+000  0.000000e+000  0.000000e+000  
0.000000e+000  0.000000e+000  0.000000e+000  0.000000e+000  0.000000e+000  0.000000e+000  0.000000e+000  0.000000e+000  0.000000e+000  0.000000e+000  0.000000e+000  0.000000e+000  0.000000e+000  0.000000e+000  0.000000e+000  0.000000e+000  0.000000e+000  0.000000e+000  
0.000000e+000  0.000000e+000  0.000000e+000  0.000000e+000  0.000000e+000  0.000000e+000  0.000000e+000  0.000000e+000  0.000000e+000  0.000000e+000  0.000000e+000  0.000000e+000  0.000000e+000  0.000000e+000  0.000000e+000  0.000000e+000  0.000000e+000  0.000000e+000  
0.000000e+000  0.000000e+000  0.000000e+000  0.000000e+000  0.000000e+000  0.000000e+000  0.000000e+000  0.000000e+000  0.000000e+000  0.000000e+000  0.000000e+000  0.000000e+000  0.000000e+000  0.000000e+000  0.000000e+000  0.000000e+000  0.000000e+000  0.000000e+000  
0.000000e+000  0.000000e+000  0.000000e+000  0.000000e+000  0.000000e+000  0.000000e+000  0.000000e+000  0.000000e+000  0.000000e+000  0.000000e+000  0.000000e+000  0.000000e+000  0.000000e+000  0.000000e+000  0.000000e+000  0.000000e+000  0.000000e+000  0.000000e+000  
0.000000e+000  0.000000e+000  0.000000e+000  0.000000e+000  0.000000e+000  0.000000e+000  0.000000e+000  0.000000e+000  0.000000e+000  0.000000e+000  0.000000e+000  0.000000e+000  0.000000e+000  0.000000e+000  0.000000e+000  0.000000e+000  0.000000e+000  0.000000e+000  
0.000000e+000  0.000000e+000  0.000000e+000  0.000000e+000  0.000000e+000  0.000000e+000  0.000000e+000  0.000000e+000  0.000000e+000  0.000000e+000  0.000000e+000  0.000000e+000  0.000000e+000  0.000000e+000  0.000000e+000  0.000000e+000  0.000000e+000  0.000000e+000  
0.000000e+000  0.000000e+000  0.000000e+000  0.000000e+000  0.000000e+000  0.000000e+000  0.000000e+000  0.000000e+000  0.000000e+000  0.000000e+000  0.000000e+000  0.000000e+000  0.000000e+000  0.000000e+000  0.000000e+000  0.000000e+000  0.000000e+000  0.000000e+000  
0.000000e+000  0.000000e+000  0.000000e+000  0.000000e+000  0.000000e+000  0.000000e+000  0.000000e+000  0.000000e+000  0.000000e+000  0.000000e+000  0.000000e+000  0.000000e+000  0.000000e+000  0.000000e+000  0.000000e+000  0.000000e+000  0.000000e+000  0.000000e+000  

0.000000e+000  0.000000e+000  0.000000e+000  0.000000e+000  0.000000e+000  0.000000e+000  0.000000e+000  0.000000e+000  0.000000e+000  0.000000e+000  0.000000e+000  0.000000e+000  0.000000e+000  0.000000e+000  0.000000e+000  0.000000e+000  0.000000e+000  0.000000e+000  
0.000000e+000  0.000000e+000  0.000000e+000  0.000000e+000  0.000000e+000  0.000000e+000  0.000000e+000  0.000000e+000  0.000000e+000  0.000000e+000  0.000000e+000  0.000000e+000  0.000000e+000  0.000000e+000  0.000000e+000  0.000000e+000  0.000000e+000  0.000000e+000  
0.000000e+000  0.000000e+000  0.000000e+000  0.000000e+000  0.000000e+000  0.000000e+000  0.000000e+000  0.000000e+000  0.000000e+000  0.000000e+000  0.000000e+000  0.000000e+000  0.000000e+000  0.000000e+000  0.000000e+000  0.000000e+000  0.000000e+000  0.000000e+000  
0.000000e+000  0.000000e+000  0.000000e+000  0.000000e+000  0.000000e+000  0.000000e+000  0.000000e+000  0.000000e+000  0.000000e+000  0.000000e+000  0.000000e+000  0.000000e+000  0.000000e+000  0.000000e+000  0.000000e+000  0.000000e+000  0.000000e+000  0.000000e+000  
0.000000e+000  0.000000e+000  0.000000e+000  0.000000e+000  0.000000e+000  0.000000e+000  0.000000e+000  0.000000e+000  0.000000e+000  0.000000e+000  0.000000e+000  0.000000e+000  0.000000e+000  0.000000e+000  0.000000e+000  0.000000e+000  0.000000e+000  0.000000e+000  
0.000000e+000  0.000000e+000  0.000000e+000  0.000000e+000  0.000000e+000  0.000000e+000  0.000000e+000  0.000000e+000  0.000000e+000  0.000000e+000  0.000000e+000  0.000000e+000  0.000000e+000  0.000000e+000  0.000000e+000  0.000000e+000  0.000000e+000  0.000000e+000  
0.000000e+000  0.000000e+000  0.000000e+000  0.000000e+000  0.000000e+000  0.000000e+000  0.000000e+000  0.000000e+000  0.000000e+000  0.000000e+000  0.000000e+000  0.000000e+000  0.000000e+000  0.000000e+000  0.000000e+000  0.000000e+000  0.000000e+000  0.000000e+000  
0.000000e+000  0.000000e+000  0.000000e+000  0.000000e+000  0.000000e+000  0.000000e+000  0.000000e+000  0.000000e+000  0.000000e+000  0.000000e+000  0.000000e+000  0.000000e+000  0.000000e+000  0.000000e+000  0.000000e+000  0.000000e+000  0.000000e+000  0.000000e+000  
0.000000e+000  0.000000e+000  0.000000e+000  0.000000e+000  0.000000e+000  0.000000e+000  0.000000e+000  0.000000e+000  0.000000e+000  0.000000e+000  0.000000e+000  0.000000e+000  0.000000e+000  0.000000e+000  0.000000e+000  0.000000e+000  0.000000e+000  0.000000e+000  
0.000000e+000  0.000000e+000  0.000000e+000  0.000000e+000  0.000000e+000  0.000000e+000  0.000000e+000  0.000000e+000  0.000000e+000  0.000000e+000  0.000000e+000  0.000000e+000  0.000000e+000  0.000000e+000  0.000000e+000  0.000000e+000  0.000000e+000  0.000000e+000  
0.000000e+000  0.000000e+000  0.000000e+000  0.000000e+000  0.000000e+000  0.000000e+000  0.000000e+000  0.000000e+000  0.000000e+000  0.000000e+000  0.000000e+000  0.000000e+000  0.000000e+000  0.000000e+000  0.000000e+000  0.000000e+000  0.000000e+000  0.000000e+000  
0.000000e+000  0.000000e+000  0.000000e+000  0.000000e+000  0.000000e+000  0.000000e+000  0.000000e+000  0.000000e+000  0.000000e+000  0.000000e+000  0.000000e+000  0.000000e+000  0.000000e+000  0.000000e+000  0.000000e+000  0.000000e+000  0.000000e+000  0.000000e+000  

0.000000e+000  0.000000e+000  0.000000e+000  0.000000e+000  0.000000e+000  0.000000e+000  0.000000e+000  0.000000e+000  0.000000e+000  0.000000e+000  0.000000e+000  0.000000e+000  0.000000e+000  0.000000e+000  0.000000e+000  0.000000e+000  0.000000e+000  0.000000e+000  
0.000000e+000  0.000000e+000  0.000000e+000  0.000000e+000  0.000000e+000  0.000000e+000  0.000000e+000  0.000000e+000  0.000000e+000  0.000000e+000  0.000000e+000  0.000000e+000  0.000000e+000  0.000000e+000  0.000000e+000  0.000000e+000  0.000000e+000  0.000000e+000  
0.000000e+000  0.000000e+000  0.000000e+000  0.000000e+000  0.000000e+000  0.000000e+000  0.000000e+000  0.000000e+000  0.000000e+000  0.000000e+000  0.000000e+000  0.000000e+000  0.000000e+000  0.000000e+000  0.000000e+000  0.000000e+000  0.000000e+000  0.000000e+000  
0.000000e+000  0.000000e+000  0.000000e+000  0.000000e+000  0.000000e+000  0.000000e+000  0.000000e+000  0.000000e+000  0.000000e+000  0.000000e+000  0.000000e+000  0.000000e+000  0.000000e+000  0.000000e+000  0.000000e+000  0.000000e+000  0.000000e+000  0.000000e+000  
0.000000e+000  0.000000e+000  0.000000e+000  0.000000e+000  0.000000e+000  0.000000e+000  0.000000e+000  0.000000e+000  0.000000e+000  0.000000e+000  0.000000e+000  0.000000e+000  0.000000e+000  0.000000e+000  0.000000e+000  0.000000e+000  0.000000e+000  0.000000e+000  
0.000000e+000  0.000000e+000  0.000000e+000  0.000000e+000  0.000000e+000  0.000000e+000  0.000000e+000  0.000000e+000  0.000000e+000  0.000000e+000  0.000000e+000  0.000000e+000  0.000000e+000  0.000000e+000  0.000000e+000  0.000000e+000  0.000000e+000  0.000000e+000  
0.000000e+000  0.000000e+000  0.000000e+000  0.000000e+000  0.000000e+000  0.000000e+000  0.000000e+000  0.000000e+000  0.000000e+000  0.000000e+000  0.000000e+000  0.000000e+000  0.000000e+000  0.000000e+000  0.000000e+000  0.000000e+000  0.000000e+000  0.000000e+000  
0.000000e+000  0.000000e+000  0.000000e+000  0.000000e+000  0.000000e+000  0.000000e+000  0.000000e+000  0.000000e+000  0.000000e+000  0.000000e+000  0.000000e+000  0.000000e+000  0.000000e+000  0.000000e+000  0.000000e+000  0.000000e+000  0.000000e+000  0.000000e+000  
0.000000e+000  0.000000e+000  0.000000e+000  0.000000e+000  0.000000e+000  0.000000e+000  0.000000e+000  0.000000e+000  0.000000e+000  0.000000e+000  0.000000e+000  0.000000e+000  0.000000e+000  0.000000e+000  0.000000e+000  0.000000e+000  0.000000e+000  0.000000e+000  
0.000000e+000  0.000000e+000  0.000000e+000  0.000000e+000  0.000000e+000  0.000000e+000  0.000000e+000  0.000000e+000  0.000000e+000  0.000000e+000  0.000000e+000  0.000000e+000  0.000000e+000  0.000000e+000  0.000000e+000  0.000000e+000  0.000000e+000  0.000000e+000  
0.000000e+000  0.000000e+000  0.000000e+000  0.000000e+000  0.000000e+000  0.000000e+000  0.000000e+000  0.000000e+000  0.000000e+000  0.000000e+000  0.000000e+000  0.000000e+000  0.000000e+000  0.000000e+000  0.000000e+000  0.000000e+000  0.000000e+000  0.000000e+000  
0.000000e+000  0.000000e+000  0.000000e+000  0.000000e+000  0.000000e+000  0.000000e+000  0.000000e+000  0.000000e+000  0.000000e+000  0.000000e+000  0.000000e+000  0.000000e+000  0.000000e+000  0.000000e+000  0.000000e+000  0.000000e+000  0.000000e+000  0.000000e+000  

-0.000000e+000  -0.000000e+000  -0.000000e+000  -0.000000e+000  -0.000000e+000  -0.000000e+000  -0.000000e+000  -0.000000e+000  -0.000000e+000  -0.000000e+000  -0.000000e+000  -0.000000e+000  -0.000000e+000  -0.000000e+000  -0.000000e+000  -0.000000e+000  -0.000000e+000  -0.000000e+000  
-0.000000e+000  -0.000000e+000  -0.000000e+000  -0.000000e+000  -0.000000e+000  -0.000000e+000  -0.000000e+000  -0.000000e+000  -0.000000e+000  -0.000000e+000  -0.000000e+000  -0.000000e+000  -0.000000e+000  -0.000000e+000  -0.000000e+000  -0.000000e+000  -0.000000e+000  -0.000000e+000  
-0.000000e+000  -0.000000e+000  -1.564030e-007  -5.175758e-008  3.605645e-008  6.203979e-007  2.708964e-006  3.976305e-006  4.531535e-006  4.504112e-006  4.004018e-006  2.738541e-006  6.437930e-007  1.088442e-007  -1.147648e-007  -1.262036e-007  -0.000000e+000  -0.000000e+000  
-0.000000e+000  -0.000000e+000  -3.553845e-007  -5.270778e-007  1.037361e-007  8.445078e-007  5.560471e-006  8.069848e-006  9.129953e-006  9.084259e-006  8.046698e-006  5.574760e-006  8.940366e-007  6.955884e-008  -4.218650e-007  -3.325674e-007  -0.000000e+000  -0.000000e+000  
-0.000000e+000  -0.000000e+000  -8.300602e-007  -1.229561e-006  7.157122e-008  2.429112e-007  8.821372e-006  1.236348e-005  1.376314e-005  1.381907e-005  1.235625e-005  8.880209e-006  2.145684e-007  9.903495e-008  -1.177828e-006  -8.393868e-007  -0.000000e+000  -0.000000e+000  
-0.000000e+000  -0.000000e+000  1.267954e-006  2.184490e-006  1.900906e-006  3.965150e-006  6.938559e-006  8.902811e-006  9.830780e-006  9.822797e-006  8.930068e-006  6.928252e-006  3.932924e-006  1.882775e-006  2.153461e-006  1.237842e-006  -0.000000e+000  -0.000000e+000  
-0.000000e+000  -0.000000e+000  -1.321967e-006  -2.214382e-006  -1.919271e-006  -3.979588e-006  -6.949714e-006  -8.927293e-006  -9.837017e-006  -9.826719e-006  -8.909675e-006  -6.932301e-006  -3.917741e-006  -1.882773e-006  -2.175519e-006  -1.230166e-006  -0.000000e+000  -0.000000e+000  
-0.000000e+000  -0.000000e+000  8.557536e-007  1.182706e-006  -4.881163e-008  -2.814673e-007  -8.856400e-006  -1.231436e-005  -1.376222e-005  -1.377468e-005  -1.231168e-005  -8.840497e-006  -2.294237e-007  -2.744557e-008  1.187858e-006  8.487050e-007  -0.000000e+000  -0.000000e+000  
-0.000000e+000  -0.000000e+000  4.283183e-007  4.359562e-007  -5.254588e-008  -8.817383e-007  -5.578046e-006  -8.077275e-006  -9.103596e-006  -9.112347e-006  -8.082147e-006  -5.601735e-006  -9.109194e-007  -1.189908e-007  4.423732e-007  2.946628e-007  -0.000000e+000  -0.000000e+000  
-0.000000e+000  -0.000000e+000  8.096814e-008  1.926546e-007  -5.928812e-008  -6.415416e-007  -2.729765e-006  -3.959328e-006  -4.459374e-006  -4.487032e-006  -4.001258e-006  -2.695104e-006  -6.130898e-007  -5.258825e-008  1.441653e-008  1.997903e-007  -0.000000e+000  -0.000000e+000  
-0.000000e+000  -0.000000e+000  -0.000000e+000  -0.000000e+000  -0.000000e+000  -0.000000e+000  -0.000000e+000  -0.000000e+000  -0.000000e+000  -0.000000e+000  -0.000000e+000  -0.000000e+000  -0.000000e+000  -0.000000e+000  -0.000000e+000  -0.000000e+000  -0.000000e+000  -0.000000e+000  
-0.000000e+000  -0.000000e+000  -0.000000e+000  -0.000000e+000  -0.000000e+000  -0.000000e+000  -0.000000e+000  -0.000000e+000  -0.000000e+000  -0.000000e+000  -0.000000e+000  -0.000000e+000  -0.000000e+000  -0.000000e+000  -0.000000e+000  -0.000000e+000  -0.000000e+000  -0.000000e+000  

