Port monitor named: Port2_h1[7.5].prt

nx        = 18
ny        = 12
nz        = 52

nu        = 18
nv        = 12
iu        = 1
iv        = 1

idir      = 2
dcut      = -5.000000e-002
icut      = 1
type      = 1
frequency = 7.500000e+009

fcutoff   = 6.554923e+009
alpha     = 0.000000e+000
beta      = 7.632046e+001
accuracy  = 1.724822e-011

type          = TE
wave imp.     = 7.759076e+002
wave imp.sig. = 1.175914e-005
line imp.     = 0.000000e+000

ref. port     = 0

0.000000e+000  0.000000e+000  0.000000e+000  0.000000e+000  0.000000e+000  0.000000e+000  0.000000e+000  0.000000e+000  0.000000e+000  0.000000e+000  0.000000e+000  0.000000e+000  0.000000e+000  0.000000e+000  0.000000e+000  0.000000e+000  0.000000e+000  0.000000e+000  
0.000000e+000  0.000000e+000  -4.465658e-001  -8.850361e-001  -1.307462e+000  -2.010900e+000  -2.638275e+000  -3.082417e+000  -3.312476e+000  -3.312476e+000  -3.082417e+000  -2.638275e+000  -2.010900e+000  -1.307462e+000  -8.850361e-001  -4.465658e-001  0.000000e+000  0.000000e+000  
0.000000e+000  0.000000e+000  -4.465658e-001  -8.850361e-001  -1.307462e+000  -2.010900e+000  -2.638275e+000  -3.082417e+000  -3.312476e+000  -3.312476e+000  -3.082417e+000  -2.638275e+000  -2.010900e+000  -1.307462e+000  -8.850361e-001  -4.465658e-001  0.000000e+000  0.000000e+000  
0.000000e+000  0.000000e+000  -4.465658e-001  -8.850361e-001  -1.307462e+000  -2.010900e+000  -2.638275e+000  -3.082417e+000  -3.312476e+000  -3.312476e+000  -3.082417e+000  -2.638275e+000  -2.010900e+000  -1.307462e+000  -8.850361e-001  -4.465658e-001  0.000000e+000  0.000000e+000  
0.000000e+000  0.000000e+000  -4.465658e-001  -8.850361e-001  -1.307462e+000  -2.010900e+000  -2.638275e+000  -3.082417e+000  -3.312476e+000  -3.312476e+000  -3.082417e+000  -2.638275e+000  -2.010900e+000  -1.307462e+000  -8.850361e-001  -4.465658e-001  0.000000e+000  0.000000e+000  
0.000000e+000  0.000000e+000  -4.465658e-001  -8.850361e-001  -1.307462e+000  -2.010900e+000  -2.638275e+000  -3.082417e+000  -3.312476e+000  -3.312476e+000  -3.082417e+000  -2.638275e+000  -2.010900e+000  -1.307462e+000  -8.850361e-001  -4.465658e-001  0.000000e+000  0.000000e+000  
0.000000e+000  0.000000e+000  -4.465658e-001  -8.850361e-001  -1.307462e+000  -2.010900e+000  -2.638275e+000  -3.082417e+000  -3.312476e+000  -3.312476e+000  -3.082417e+000  -2.638275e+000  -2.010900e+000  -1.307462e+000  -8.850361e-001  -4.465658e-001  0.000000e+000  0.000000e+000  
0.000000e+000  0.000000e+000  -4.465658e-001  -8.850361e-001  -1.307462e+000  -2.010900e+000  -2.638275e+000  -3.082417e+000  -3.312476e+000  -3.312476e+000  -3.082417e+000  -2.638275e+000  -2.010900e+000  -1.307462e+000  -8.850361e-001  -4.465658e-001  0.000000e+000  0.000000e+000  
0.000000e+000  0.000000e+000  -4.465658e-001  -8.850361e-001  -1.307462e+000  -2.010900e+000  -2.638275e+000  -3.082417e+000  -3.312476e+000  -3.312476e+000  -3.082417e+000  -2.638275e+000  -2.010900e+000  -1.307462e+000  -8.850361e-001  -4.465658e-001  0.000000e+000  0.000000e+000  
0.000000e+000  0.000000e+000  -4.465658e-001  -8.850361e-001  -1.307462e+000  -2.010900e+000  -2.638275e+000  -3.082417e+000  -3.312476e+000  -3.312476e+000  -3.082417e+000  -2.638275e+000  -2.010900e+000  -1.307462e+000  -8.850361e-001  -4.465658e-001  0.000000e+000  0.000000e+000  
0.000000e+000  0.000000e+000  0.000000e+000  0.000000e+000  0.000000e+000  0.000000e+000  0.000000e+000  0.000000e+000  0.000000e+000  0.000000e+000  0.000000e+000  0.000000e+000  0.000000e+000  0.000000e+000  0.000000e+000  0.000000e+000  0.000000e+000  0.000000e+000  
0.000000e+000  0.000000e+000  0.000000e+000  0.000000e+000  0.000000e+000  0.000000e+000  0.000000e+000  0.000000e+000  0.000000e+000  0.000000e+000  0.000000e+000  0.000000e+000  0.000000e+000  0.000000e+000  0.000000e+000  0.000000e+000  0.000000e+000  0.000000e+000  

0.000000e+000  0.000000e+000  0.000000e+000  0.000000e+000  0.000000e+000  0.000000e+000  0.000000e+000  0.000000e+000  0.000000e+000  0.000000e+000  0.000000e+000  0.000000e+000  0.000000e+000  0.000000e+000  0.000000e+000  0.000000e+000  0.000000e+000  0.000000e+000  
0.000000e+000  0.000000e+000  0.000000e+000  0.000000e+000  0.000000e+000  0.000000e+000  0.000000e+000  0.000000e+000  0.000000e+000  0.000000e+000  0.000000e+000  0.000000e+000  0.000000e+000  0.000000e+000  0.000000e+000  0.000000e+000  0.000000e+000  0.000000e+000  
0.000000e+000  -1.418121e-008  -1.242415e-008  -1.102625e-008  -6.431948e-009  -5.133727e-009  -5.933642e-009  -3.880198e-009  3.911800e-010  3.648443e-009  5.842735e-009  5.153691e-009  5.970695e-009  1.289409e-008  9.936009e-009  1.547037e-008  0.000000e+000  0.000000e+000  
0.000000e+000  -3.029169e-008  -2.581234e-008  -1.971782e-008  -1.232861e-008  -8.830095e-009  -1.265454e-008  -8.185201e-009  0.000000e+000  7.848168e-009  1.220973e-008  9.132079e-009  1.224952e-008  1.761897e-008  3.213871e-008  2.709972e-008  0.000000e+000  0.000000e+000  
0.000000e+000  -4.695604e-008  -4.264715e-008  -3.109946e-008  -1.476273e-008  -1.140073e-008  -2.083625e-008  -1.289475e-008  -2.164462e-010  1.284252e-008  2.087379e-008  1.125195e-008  1.474066e-008  3.163377e-008  4.220679e-008  4.768363e-008  0.000000e+000  0.000000e+000  
0.000000e+000  2.612309e-008  2.214784e-008  5.401397e-009  1.501715e-008  -2.268632e-010  -1.633538e-009  -1.934459e-009  1.160808e-010  9.226936e-010  1.906892e-009  4.003146e-010  -1.470987e-008  -6.044320e-009  -2.088186e-008  -2.637966e-008  0.000000e+000  0.000000e+000  
0.000000e+000  -2.674761e-008  -2.032943e-008  -5.214668e-009  -1.492525e-008  0.000000e+000  1.771107e-009  1.173213e-009  3.755978e-010  -1.820958e-009  -1.585124e-009  -1.348895e-010  1.428041e-008  6.313259e-009  2.146593e-008  2.609207e-008  0.000000e+000  0.000000e+000  
0.000000e+000  4.632923e-008  4.316656e-008  3.188422e-008  1.487201e-008  1.127084e-008  2.027291e-008  1.290442e-008  0.000000e+000  -1.272560e-008  -2.094365e-008  -1.099260e-008  -1.503645e-008  -3.121552e-008  -4.223116e-008  -4.708783e-008  0.000000e+000  0.000000e+000  
0.000000e+000  2.871936e-008  2.922037e-008  1.809085e-008  1.262267e-008  9.008180e-009  1.252940e-008  7.233356e-009  0.000000e+000  -7.928309e-009  -1.226406e-008  -8.856011e-009  -1.200862e-008  -1.914580e-008  -2.981839e-008  -2.753598e-008  0.000000e+000  0.000000e+000  
0.000000e+000  1.471789e-008  1.143743e-008  1.182443e-008  5.859139e-009  5.316927e-009  6.159192e-009  3.152551e-009  3.207005e-010  -4.032213e-009  -5.806281e-009  -5.198729e-009  -5.634691e-009  -1.276010e-008  -9.687193e-009  -1.576931e-008  0.000000e+000  0.000000e+000  
0.000000e+000  0.000000e+000  0.000000e+000  0.000000e+000  0.000000e+000  0.000000e+000  0.000000e+000  0.000000e+000  0.000000e+000  0.000000e+000  0.000000e+000  0.000000e+000  0.000000e+000  0.000000e+000  0.000000e+000  0.000000e+000  0.000000e+000  0.000000e+000  
0.000000e+000  0.000000e+000  0.000000e+000  0.000000e+000  0.000000e+000  0.000000e+000  0.000000e+000  0.000000e+000  0.000000e+000  0.000000e+000  0.000000e+000  0.000000e+000  0.000000e+000  0.000000e+000  0.000000e+000  0.000000e+000  0.000000e+000  0.000000e+000  

0.000000e+000  0.000000e+000  0.000000e+000  0.000000e+000  0.000000e+000  0.000000e+000  0.000000e+000  0.000000e+000  0.000000e+000  0.000000e+000  0.000000e+000  0.000000e+000  0.000000e+000  0.000000e+000  0.000000e+000  0.000000e+000  0.000000e+000  0.000000e+000  
0.000000e+000  0.000000e+000  0.000000e+000  0.000000e+000  0.000000e+000  0.000000e+000  0.000000e+000  0.000000e+000  0.000000e+000  0.000000e+000  0.000000e+000  0.000000e+000  0.000000e+000  0.000000e+000  0.000000e+000  0.000000e+000  0.000000e+000  0.000000e+000  
0.000000e+000  0.000000e+000  0.000000e+000  0.000000e+000  0.000000e+000  0.000000e+000  0.000000e+000  0.000000e+000  0.000000e+000  0.000000e+000  0.000000e+000  0.000000e+000  0.000000e+000  0.000000e+000  0.000000e+000  0.000000e+000  0.000000e+000  0.000000e+000  
0.000000e+000  0.000000e+000  0.000000e+000  0.000000e+000  0.000000e+000  0.000000e+000  0.000000e+000  0.000000e+000  0.000000e+000  0.000000e+000  0.000000e+000  0.000000e+000  0.000000e+000  0.000000e+000  0.000000e+000  0.000000e+000  0.000000e+000  0.000000e+000  
0.000000e+000  0.000000e+000  0.000000e+000  0.000000e+000  0.000000e+000  0.000000e+000  0.000000e+000  0.000000e+000  0.000000e+000  0.000000e+000  0.000000e+000  0.000000e+000  0.000000e+000  0.000000e+000  0.000000e+000  0.000000e+000  0.000000e+000  0.000000e+000  
0.000000e+000  0.000000e+000  0.000000e+000  0.000000e+000  0.000000e+000  0.000000e+000  0.000000e+000  0.000000e+000  0.000000e+000  0.000000e+000  0.000000e+000  0.000000e+000  0.000000e+000  0.000000e+000  0.000000e+000  0.000000e+000  0.000000e+000  0.000000e+000  
0.000000e+000  0.000000e+000  0.000000e+000  0.000000e+000  0.000000e+000  0.000000e+000  0.000000e+000  0.000000e+000  0.000000e+000  0.000000e+000  0.000000e+000  0.000000e+000  0.000000e+000  0.000000e+000  0.000000e+000  0.000000e+000  0.000000e+000  0.000000e+000  
0.000000e+000  0.000000e+000  0.000000e+000  0.000000e+000  0.000000e+000  0.000000e+000  0.000000e+000  0.000000e+000  0.000000e+000  0.000000e+000  0.000000e+000  0.000000e+000  0.000000e+000  0.000000e+000  0.000000e+000  0.000000e+000  0.000000e+000  0.000000e+000  
0.000000e+000  0.000000e+000  0.000000e+000  0.000000e+000  0.000000e+000  0.000000e+000  0.000000e+000  0.000000e+000  0.000000e+000  0.000000e+000  0.000000e+000  0.000000e+000  0.000000e+000  0.000000e+000  0.000000e+000  0.000000e+000  0.000000e+000  0.000000e+000  
0.000000e+000  0.000000e+000  0.000000e+000  0.000000e+000  0.000000e+000  0.000000e+000  0.000000e+000  0.000000e+000  0.000000e+000  0.000000e+000  0.000000e+000  0.000000e+000  0.000000e+000  0.000000e+000  0.000000e+000  0.000000e+000  0.000000e+000  0.000000e+000  
0.000000e+000  0.000000e+000  0.000000e+000  0.000000e+000  0.000000e+000  0.000000e+000  0.000000e+000  0.000000e+000  0.000000e+000  0.000000e+000  0.000000e+000  0.000000e+000  0.000000e+000  0.000000e+000  0.000000e+000  0.000000e+000  0.000000e+000  0.000000e+000  
0.000000e+000  0.000000e+000  0.000000e+000  0.000000e+000  0.000000e+000  0.000000e+000  0.000000e+000  0.000000e+000  0.000000e+000  0.000000e+000  0.000000e+000  0.000000e+000  0.000000e+000  0.000000e+000  0.000000e+000  0.000000e+000  0.000000e+000  0.000000e+000  

0.000000e+000  0.000000e+000  0.000000e+000  0.000000e+000  0.000000e+000  0.000000e+000  0.000000e+000  0.000000e+000  0.000000e+000  0.000000e+000  0.000000e+000  0.000000e+000  0.000000e+000  0.000000e+000  0.000000e+000  0.000000e+000  0.000000e+000  0.000000e+000  
0.000000e+000  0.000000e+000  0.000000e+000  0.000000e+000  0.000000e+000  0.000000e+000  0.000000e+000  0.000000e+000  0.000000e+000  0.000000e+000  0.000000e+000  0.000000e+000  0.000000e+000  0.000000e+000  0.000000e+000  0.000000e+000  0.000000e+000  0.000000e+000  
0.000000e+000  0.000000e+000  0.000000e+000  0.000000e+000  0.000000e+000  0.000000e+000  0.000000e+000  0.000000e+000  0.000000e+000  0.000000e+000  0.000000e+000  0.000000e+000  0.000000e+000  0.000000e+000  0.000000e+000  0.000000e+000  0.000000e+000  0.000000e+000  
0.000000e+000  0.000000e+000  0.000000e+000  0.000000e+000  0.000000e+000  0.000000e+000  0.000000e+000  0.000000e+000  0.000000e+000  0.000000e+000  0.000000e+000  0.000000e+000  0.000000e+000  0.000000e+000  0.000000e+000  0.000000e+000  0.000000e+000  0.000000e+000  
0.000000e+000  0.000000e+000  0.000000e+000  0.000000e+000  0.000000e+000  0.000000e+000  0.000000e+000  0.000000e+000  0.000000e+000  0.000000e+000  0.000000e+000  0.000000e+000  0.000000e+000  0.000000e+000  0.000000e+000  0.000000e+000  0.000000e+000  0.000000e+000  
0.000000e+000  0.000000e+000  0.000000e+000  0.000000e+000  0.000000e+000  0.000000e+000  0.000000e+000  0.000000e+000  0.000000e+000  0.000000e+000  0.000000e+000  0.000000e+000  0.000000e+000  0.000000e+000  0.000000e+000  0.000000e+000  0.000000e+000  0.000000e+000  
0.000000e+000  0.000000e+000  0.000000e+000  0.000000e+000  0.000000e+000  0.000000e+000  0.000000e+000  0.000000e+000  0.000000e+000  0.000000e+000  0.000000e+000  0.000000e+000  0.000000e+000  0.000000e+000  0.000000e+000  0.000000e+000  0.000000e+000  0.000000e+000  
0.000000e+000  0.000000e+000  0.000000e+000  0.000000e+000  0.000000e+000  0.000000e+000  0.000000e+000  0.000000e+000  0.000000e+000  0.000000e+000  0.000000e+000  0.000000e+000  0.000000e+000  0.000000e+000  0.000000e+000  0.000000e+000  0.000000e+000  0.000000e+000  
0.000000e+000  0.000000e+000  0.000000e+000  0.000000e+000  0.000000e+000  0.000000e+000  0.000000e+000  0.000000e+000  0.000000e+000  0.000000e+000  0.000000e+000  0.000000e+000  0.000000e+000  0.000000e+000  0.000000e+000  0.000000e+000  0.000000e+000  0.000000e+000  
0.000000e+000  0.000000e+000  0.000000e+000  0.000000e+000  0.000000e+000  0.000000e+000  0.000000e+000  0.000000e+000  0.000000e+000  0.000000e+000  0.000000e+000  0.000000e+000  0.000000e+000  0.000000e+000  0.000000e+000  0.000000e+000  0.000000e+000  0.000000e+000  
0.000000e+000  0.000000e+000  0.000000e+000  0.000000e+000  0.000000e+000  0.000000e+000  0.000000e+000  0.000000e+000  0.000000e+000  0.000000e+000  0.000000e+000  0.000000e+000  0.000000e+000  0.000000e+000  0.000000e+000  0.000000e+000  0.000000e+000  0.000000e+000  
0.000000e+000  0.000000e+000  0.000000e+000  0.000000e+000  0.000000e+000  0.000000e+000  0.000000e+000  0.000000e+000  0.000000e+000  0.000000e+000  0.000000e+000  0.000000e+000  0.000000e+000  0.000000e+000  0.000000e+000  0.000000e+000  0.000000e+000  0.000000e+000  

0.000000e+000  0.000000e+000  0.000000e+000  0.000000e+000  0.000000e+000  0.000000e+000  0.000000e+000  0.000000e+000  0.000000e+000  0.000000e+000  0.000000e+000  0.000000e+000  0.000000e+000  0.000000e+000  0.000000e+000  0.000000e+000  0.000000e+000  0.000000e+000  
0.000000e+000  0.000000e+000  0.000000e+000  0.000000e+000  0.000000e+000  0.000000e+000  0.000000e+000  0.000000e+000  0.000000e+000  0.000000e+000  0.000000e+000  0.000000e+000  0.000000e+000  0.000000e+000  0.000000e+000  0.000000e+000  0.000000e+000  0.000000e+000  
0.000000e+000  0.000000e+000  0.000000e+000  0.000000e+000  0.000000e+000  0.000000e+000  0.000000e+000  0.000000e+000  0.000000e+000  0.000000e+000  0.000000e+000  0.000000e+000  0.000000e+000  0.000000e+000  0.000000e+000  0.000000e+000  0.000000e+000  0.000000e+000  
0.000000e+000  0.000000e+000  0.000000e+000  0.000000e+000  0.000000e+000  0.000000e+000  0.000000e+000  0.000000e+000  0.000000e+000  0.000000e+000  0.000000e+000  0.000000e+000  0.000000e+000  0.000000e+000  0.000000e+000  0.000000e+000  0.000000e+000  0.000000e+000  
0.000000e+000  0.000000e+000  0.000000e+000  0.000000e+000  0.000000e+000  0.000000e+000  0.000000e+000  0.000000e+000  0.000000e+000  0.000000e+000  0.000000e+000  0.000000e+000  0.000000e+000  0.000000e+000  0.000000e+000  0.000000e+000  0.000000e+000  0.000000e+000  
0.000000e+000  0.000000e+000  0.000000e+000  0.000000e+000  0.000000e+000  0.000000e+000  0.000000e+000  0.000000e+000  0.000000e+000  0.000000e+000  0.000000e+000  0.000000e+000  0.000000e+000  0.000000e+000  0.000000e+000  0.000000e+000  0.000000e+000  0.000000e+000  
0.000000e+000  0.000000e+000  0.000000e+000  0.000000e+000  0.000000e+000  0.000000e+000  0.000000e+000  0.000000e+000  0.000000e+000  0.000000e+000  0.000000e+000  0.000000e+000  0.000000e+000  0.000000e+000  0.000000e+000  0.000000e+000  0.000000e+000  0.000000e+000  
0.000000e+000  0.000000e+000  0.000000e+000  0.000000e+000  0.000000e+000  0.000000e+000  0.000000e+000  0.000000e+000  0.000000e+000  0.000000e+000  0.000000e+000  0.000000e+000  0.000000e+000  0.000000e+000  0.000000e+000  0.000000e+000  0.000000e+000  0.000000e+000  
0.000000e+000  0.000000e+000  0.000000e+000  0.000000e+000  0.000000e+000  0.000000e+000  0.000000e+000  0.000000e+000  0.000000e+000  0.000000e+000  0.000000e+000  0.000000e+000  0.000000e+000  0.000000e+000  0.000000e+000  0.000000e+000  0.000000e+000  0.000000e+000  
0.000000e+000  0.000000e+000  0.000000e+000  0.000000e+000  0.000000e+000  0.000000e+000  0.000000e+000  0.000000e+000  0.000000e+000  0.000000e+000  0.000000e+000  0.000000e+000  0.000000e+000  0.000000e+000  0.000000e+000  0.000000e+000  0.000000e+000  0.000000e+000  
0.000000e+000  0.000000e+000  0.000000e+000  0.000000e+000  0.000000e+000  0.000000e+000  0.000000e+000  0.000000e+000  0.000000e+000  0.000000e+000  0.000000e+000  0.000000e+000  0.000000e+000  0.000000e+000  0.000000e+000  0.000000e+000  0.000000e+000  0.000000e+000  
0.000000e+000  0.000000e+000  0.000000e+000  0.000000e+000  0.000000e+000  0.000000e+000  0.000000e+000  0.000000e+000  0.000000e+000  0.000000e+000  0.000000e+000  0.000000e+000  0.000000e+000  0.000000e+000  0.000000e+000  0.000000e+000  0.000000e+000  0.000000e+000  

0.000000e+000  0.000000e+000  0.000000e+000  0.000000e+000  0.000000e+000  0.000000e+000  0.000000e+000  0.000000e+000  0.000000e+000  0.000000e+000  0.000000e+000  0.000000e+000  0.000000e+000  0.000000e+000  0.000000e+000  0.000000e+000  0.000000e+000  0.000000e+000  
0.000000e+000  -5.968037e+000  -5.859846e+000  -5.645424e+000  -5.200746e+000  -4.283624e+000  -3.032526e+000  -1.570811e+000  0.000000e+000  1.570811e+000  3.032526e+000  4.283624e+000  5.200746e+000  5.645424e+000  5.859846e+000  5.968037e+000  0.000000e+000  0.000000e+000  
0.000000e+000  -5.968037e+000  -5.859846e+000  -5.645424e+000  -5.200746e+000  -4.283624e+000  -3.032526e+000  -1.570811e+000  6.044865e-011  1.570811e+000  3.032526e+000  4.283624e+000  5.200746e+000  5.645424e+000  5.859846e+000  5.968037e+000  0.000000e+000  0.000000e+000  
0.000000e+000  -5.968037e+000  -5.859846e+000  -5.645424e+000  -5.200746e+000  -4.283624e+000  -3.032526e+000  -1.570811e+000  5.382870e-011  1.570811e+000  3.032526e+000  4.283624e+000  5.200746e+000  5.645424e+000  5.859846e+000  5.968037e+000  0.000000e+000  0.000000e+000  
0.000000e+000  -5.968037e+000  -5.859846e+000  -5.645424e+000  -5.200746e+000  -4.283624e+000  -3.032526e+000  -1.570811e+000  0.000000e+000  1.570811e+000  3.032526e+000  4.283624e+000  5.200746e+000  5.645424e+000  5.859846e+000  5.968037e+000  0.000000e+000  0.000000e+000  
0.000000e+000  -5.968037e+000  -5.859846e+000  -5.645424e+000  -5.200746e+000  -4.283624e+000  -3.032526e+000  -1.570811e+000  0.000000e+000  1.570811e+000  3.032526e+000  4.283624e+000  5.200746e+000  5.645424e+000  5.859846e+000  5.968037e+000  0.000000e+000  0.000000e+000  
0.000000e+000  -5.968037e+000  -5.859846e+000  -5.645424e+000  -5.200746e+000  -4.283624e+000  -3.032526e+000  -1.570811e+000  0.000000e+000  1.570811e+000  3.032526e+000  4.283624e+000  5.200746e+000  5.645424e+000  5.859846e+000  5.968037e+000  0.000000e+000  0.000000e+000  
0.000000e+000  -5.968037e+000  -5.859846e+000  -5.645424e+000  -5.200746e+000  -4.283624e+000  -3.032526e+000  -1.570811e+000  0.000000e+000  1.570811e+000  3.032526e+000  4.283624e+000  5.200746e+000  5.645424e+000  5.859846e+000  5.968037e+000  0.000000e+000  0.000000e+000  
0.000000e+000  -5.968037e+000  -5.859846e+000  -5.645424e+000  -5.200746e+000  -4.283624e+000  -3.032526e+000  -1.570811e+000  0.000000e+000  1.570811e+000  3.032526e+000  4.283624e+000  5.200746e+000  5.645424e+000  5.859846e+000  5.968037e+000  0.000000e+000  0.000000e+000  
0.000000e+000  -5.968037e+000  -5.859846e+000  -5.645424e+000  -5.200746e+000  -4.283624e+000  -3.032526e+000  -1.570811e+000  0.000000e+000  1.570811e+000  3.032526e+000  4.283624e+000  5.200746e+000  5.645424e+000  5.859846e+000  5.968037e+000  0.000000e+000  0.000000e+000  
0.000000e+000  0.000000e+000  0.000000e+000  0.000000e+000  0.000000e+000  0.000000e+000  0.000000e+000  0.000000e+000  0.000000e+000  0.000000e+000  0.000000e+000  0.000000e+000  0.000000e+000  0.000000e+000  0.000000e+000  0.000000e+000  0.000000e+000  0.000000e+000  
0.000000e+000  0.000000e+000  0.000000e+000  0.000000e+000  0.000000e+000  0.000000e+000  0.000000e+000  0.000000e+000  0.000000e+000  0.000000e+000  0.000000e+000  0.000000e+000  0.000000e+000  0.000000e+000  0.000000e+000  0.000000e+000  0.000000e+000  0.000000e+000  

