Port monitor named: Port1_h1.prt

nx        = 18
ny        = 12
nz        = 3

nu        = 18
nv        = 12
iu        = 1
iv        = 1

idir      = 2
dcut      = 5.000000e-002
icut      = 3
type      = 1
frequency = 7.500000e+009

fcutoff   = 6.554622e+009
alpha     = 0.000000e+000
beta      = 7.633990e+001
accuracy  = 1.788064e-011

type          = TE
wave imp.     = 7.757100e+002
wave imp.sig. = 1.172216e-005
line imp.     = 0.000000e+000

ref. port     = 0

0.000000e+000  0.000000e+000  0.000000e+000  0.000000e+000  0.000000e+000  0.000000e+000  0.000000e+000  0.000000e+000  0.000000e+000  0.000000e+000  0.000000e+000  0.000000e+000  0.000000e+000  0.000000e+000  0.000000e+000  0.000000e+000  0.000000e+000  0.000000e+000  
0.000000e+000  0.000000e+000  4.466227e-001  8.851488e-001  1.307628e+000  2.011156e+000  2.638612e+000  3.082809e+000  3.312898e+000  3.312898e+000  3.082809e+000  2.638612e+000  2.011156e+000  1.307628e+000  8.851488e-001  4.466227e-001  0.000000e+000  0.000000e+000  
0.000000e+000  0.000000e+000  4.466227e-001  8.851488e-001  1.307628e+000  2.011156e+000  2.638612e+000  3.082809e+000  3.312898e+000  3.312898e+000  3.082809e+000  2.638612e+000  2.011156e+000  1.307628e+000  8.851488e-001  4.466227e-001  0.000000e+000  0.000000e+000  
0.000000e+000  0.000000e+000  4.466227e-001  8.851488e-001  1.307628e+000  2.011156e+000  2.638612e+000  3.082809e+000  3.312898e+000  3.312898e+000  3.082809e+000  2.638612e+000  2.011156e+000  1.307628e+000  8.851488e-001  4.466227e-001  0.000000e+000  0.000000e+000  
0.000000e+000  0.000000e+000  4.466227e-001  8.851488e-001  1.307628e+000  2.011156e+000  2.638612e+000  3.082809e+000  3.312898e+000  3.312898e+000  3.082809e+000  2.638612e+000  2.011156e+000  1.307628e+000  8.851488e-001  4.466227e-001  0.000000e+000  0.000000e+000  
0.000000e+000  0.000000e+000  4.466227e-001  8.851488e-001  1.307628e+000  2.011156e+000  2.638612e+000  3.082809e+000  3.312898e+000  3.312898e+000  3.082809e+000  2.638612e+000  2.011156e+000  1.307628e+000  8.851488e-001  4.466227e-001  0.000000e+000  0.000000e+000  
0.000000e+000  0.000000e+000  4.466227e-001  8.851488e-001  1.307628e+000  2.011156e+000  2.638612e+000  3.082809e+000  3.312898e+000  3.312898e+000  3.082809e+000  2.638612e+000  2.011156e+000  1.307628e+000  8.851488e-001  4.466227e-001  0.000000e+000  0.000000e+000  
0.000000e+000  0.000000e+000  4.466227e-001  8.851488e-001  1.307628e+000  2.011156e+000  2.638612e+000  3.082809e+000  3.312898e+000  3.312898e+000  3.082809e+000  2.638612e+000  2.011156e+000  1.307628e+000  8.851488e-001  4.466227e-001  0.000000e+000  0.000000e+000  
0.000000e+000  0.000000e+000  4.466227e-001  8.851488e-001  1.307628e+000  2.011156e+000  2.638612e+000  3.082809e+000  3.312898e+000  3.312898e+000  3.082809e+000  2.638612e+000  2.011156e+000  1.307628e+000  8.851488e-001  4.466227e-001  0.000000e+000  0.000000e+000  
0.000000e+000  0.000000e+000  4.466227e-001  8.851488e-001  1.307628e+000  2.011156e+000  2.638612e+000  3.082809e+000  3.312898e+000  3.312898e+000  3.082809e+000  2.638612e+000  2.011156e+000  1.307628e+000  8.851488e-001  4.466227e-001  0.000000e+000  0.000000e+000  
0.000000e+000  0.000000e+000  0.000000e+000  0.000000e+000  0.000000e+000  0.000000e+000  0.000000e+000  0.000000e+000  0.000000e+000  0.000000e+000  0.000000e+000  0.000000e+000  0.000000e+000  0.000000e+000  0.000000e+000  0.000000e+000  0.000000e+000  0.000000e+000  
0.000000e+000  0.000000e+000  0.000000e+000  0.000000e+000  0.000000e+000  0.000000e+000  0.000000e+000  0.000000e+000  0.000000e+000  0.000000e+000  0.000000e+000  0.000000e+000  0.000000e+000  0.000000e+000  0.000000e+000  0.000000e+000  0.000000e+000  0.000000e+000  

0.000000e+000  0.000000e+000  0.000000e+000  0.000000e+000  0.000000e+000  0.000000e+000  0.000000e+000  0.000000e+000  0.000000e+000  0.000000e+000  0.000000e+000  0.000000e+000  0.000000e+000  0.000000e+000  0.000000e+000  0.000000e+000  0.000000e+000  0.000000e+000  
0.000000e+000  0.000000e+000  0.000000e+000  0.000000e+000  0.000000e+000  0.000000e+000  0.000000e+000  0.000000e+000  0.000000e+000  0.000000e+000  0.000000e+000  0.000000e+000  0.000000e+000  0.000000e+000  0.000000e+000  0.000000e+000  0.000000e+000  0.000000e+000  
0.000000e+000  1.489127e-008  1.117121e-008  1.218936e-008  6.213173e-009  4.793379e-009  5.860932e-009  3.699171e-009  2.413162e-010  -4.183834e-009  -5.879674e-009  -4.737906e-009  -6.686509e-009  -9.850948e-009  -1.277217e-008  -1.437472e-008  0.000000e+000  0.000000e+000  
0.000000e+000  2.963244e-008  2.873100e-008  1.817604e-008  1.265205e-008  8.662843e-009  1.220028e-008  7.737906e-009  4.021049e-010  -7.936272e-009  -1.253257e-008  -8.973586e-009  -1.185554e-008  -2.057988e-008  -2.731836e-008  -2.923552e-008  0.000000e+000  0.000000e+000  
0.000000e+000  4.671682e-008  4.414899e-008  3.036218e-008  1.441731e-008  1.193062e-008  2.014085e-008  1.291844e-008  -4.921658e-010  -1.236381e-008  -2.072341e-008  -1.116260e-008  -1.494959e-008  -3.078104e-008  -4.309562e-008  -4.688023e-008  0.000000e+000  0.000000e+000  
0.000000e+000  -2.646327e-008  -2.132438e-008  -5.872918e-009  -1.457490e-008  2.202534e-010  1.666423e-009  1.362114e-009  7.024853e-011  -1.673371e-009  -1.337541e-009  0.000000e+000  1.444227e-008  6.097245e-009  2.131205e-008  2.594580e-008  0.000000e+000  0.000000e+000  
0.000000e+000  2.739827e-008  2.091212e-008  5.676326e-009  1.454143e-008  -2.512147e-010  -1.552026e-009  -1.523435e-009  -9.062007e-011  1.457009e-009  1.553609e-009  -1.400317e-010  -1.429614e-008  -5.715045e-009  -2.182270e-008  -2.581064e-008  0.000000e+000  0.000000e+000  
0.000000e+000  -4.716062e-008  -4.289679e-008  -3.156006e-008  -1.382974e-008  -1.196197e-008  -2.088493e-008  -1.249348e-008  1.096601e-010  1.235951e-008  2.076686e-008  1.164412e-008  1.412444e-008  3.184096e-008  4.311038e-008  4.703628e-008  0.000000e+000  0.000000e+000  
0.000000e+000  -3.089116e-008  -2.590836e-008  -2.063193e-008  -1.180750e-008  -8.836344e-009  -1.229298e-008  -8.034353e-009  0.000000e+000  8.000307e-009  1.245755e-008  8.886573e-009  1.216468e-008  1.937911e-008  2.831502e-008  2.858635e-008  0.000000e+000  0.000000e+000  
0.000000e+000  -1.359163e-008  -1.489880e-008  -9.359925e-009  -6.232740e-009  -4.796097e-009  -6.195899e-009  -4.184296e-009  2.433933e-010  4.311024e-009  5.520029e-009  4.850002e-009  6.439597e-009  1.254470e-008  9.778754e-009  1.563929e-008  0.000000e+000  0.000000e+000  
0.000000e+000  0.000000e+000  0.000000e+000  0.000000e+000  0.000000e+000  0.000000e+000  0.000000e+000  0.000000e+000  0.000000e+000  0.000000e+000  0.000000e+000  0.000000e+000  0.000000e+000  0.000000e+000  0.000000e+000  0.000000e+000  0.000000e+000  0.000000e+000  
0.000000e+000  0.000000e+000  0.000000e+000  0.000000e+000  0.000000e+000  0.000000e+000  0.000000e+000  0.000000e+000  0.000000e+000  0.000000e+000  0.000000e+000  0.000000e+000  0.000000e+000  0.000000e+000  0.000000e+000  0.000000e+000  0.000000e+000  0.000000e+000  

0.000000e+000  0.000000e+000  0.000000e+000  0.000000e+000  0.000000e+000  0.000000e+000  0.000000e+000  0.000000e+000  0.000000e+000  0.000000e+000  0.000000e+000  0.000000e+000  0.000000e+000  0.000000e+000  0.000000e+000  0.000000e+000  0.000000e+000  0.000000e+000  
0.000000e+000  0.000000e+000  0.000000e+000  0.000000e+000  0.000000e+000  0.000000e+000  0.000000e+000  0.000000e+000  0.000000e+000  0.000000e+000  0.000000e+000  0.000000e+000  0.000000e+000  0.000000e+000  0.000000e+000  0.000000e+000  0.000000e+000  0.000000e+000  
0.000000e+000  0.000000e+000  0.000000e+000  0.000000e+000  0.000000e+000  0.000000e+000  0.000000e+000  0.000000e+000  0.000000e+000  0.000000e+000  0.000000e+000  0.000000e+000  0.000000e+000  0.000000e+000  0.000000e+000  0.000000e+000  0.000000e+000  0.000000e+000  
0.000000e+000  0.000000e+000  0.000000e+000  0.000000e+000  0.000000e+000  0.000000e+000  0.000000e+000  0.000000e+000  0.000000e+000  0.000000e+000  0.000000e+000  0.000000e+000  0.000000e+000  0.000000e+000  0.000000e+000  0.000000e+000  0.000000e+000  0.000000e+000  
0.000000e+000  0.000000e+000  0.000000e+000  0.000000e+000  0.000000e+000  0.000000e+000  0.000000e+000  0.000000e+000  0.000000e+000  0.000000e+000  0.000000e+000  0.000000e+000  0.000000e+000  0.000000e+000  0.000000e+000  0.000000e+000  0.000000e+000  0.000000e+000  
0.000000e+000  0.000000e+000  0.000000e+000  0.000000e+000  0.000000e+000  0.000000e+000  0.000000e+000  0.000000e+000  0.000000e+000  0.000000e+000  0.000000e+000  0.000000e+000  0.000000e+000  0.000000e+000  0.000000e+000  0.000000e+000  0.000000e+000  0.000000e+000  
0.000000e+000  0.000000e+000  0.000000e+000  0.000000e+000  0.000000e+000  0.000000e+000  0.000000e+000  0.000000e+000  0.000000e+000  0.000000e+000  0.000000e+000  0.000000e+000  0.000000e+000  0.000000e+000  0.000000e+000  0.000000e+000  0.000000e+000  0.000000e+000  
0.000000e+000  0.000000e+000  0.000000e+000  0.000000e+000  0.000000e+000  0.000000e+000  0.000000e+000  0.000000e+000  0.000000e+000  0.000000e+000  0.000000e+000  0.000000e+000  0.000000e+000  0.000000e+000  0.000000e+000  0.000000e+000  0.000000e+000  0.000000e+000  
0.000000e+000  0.000000e+000  0.000000e+000  0.000000e+000  0.000000e+000  0.000000e+000  0.000000e+000  0.000000e+000  0.000000e+000  0.000000e+000  0.000000e+000  0.000000e+000  0.000000e+000  0.000000e+000  0.000000e+000  0.000000e+000  0.000000e+000  0.000000e+000  
0.000000e+000  0.000000e+000  0.000000e+000  0.000000e+000  0.000000e+000  0.000000e+000  0.000000e+000  0.000000e+000  0.000000e+000  0.000000e+000  0.000000e+000  0.000000e+000  0.000000e+000  0.000000e+000  0.000000e+000  0.000000e+000  0.000000e+000  0.000000e+000  
0.000000e+000  0.000000e+000  0.000000e+000  0.000000e+000  0.000000e+000  0.000000e+000  0.000000e+000  0.000000e+000  0.000000e+000  0.000000e+000  0.000000e+000  0.000000e+000  0.000000e+000  0.000000e+000  0.000000e+000  0.000000e+000  0.000000e+000  0.000000e+000  
0.000000e+000  0.000000e+000  0.000000e+000  0.000000e+000  0.000000e+000  0.000000e+000  0.000000e+000  0.000000e+000  0.000000e+000  0.000000e+000  0.000000e+000  0.000000e+000  0.000000e+000  0.000000e+000  0.000000e+000  0.000000e+000  0.000000e+000  0.000000e+000  

0.000000e+000  0.000000e+000  0.000000e+000  0.000000e+000  0.000000e+000  0.000000e+000  0.000000e+000  0.000000e+000  0.000000e+000  0.000000e+000  0.000000e+000  0.000000e+000  0.000000e+000  0.000000e+000  0.000000e+000  0.000000e+000  0.000000e+000  0.000000e+000  
0.000000e+000  0.000000e+000  0.000000e+000  0.000000e+000  0.000000e+000  0.000000e+000  0.000000e+000  0.000000e+000  0.000000e+000  0.000000e+000  0.000000e+000  0.000000e+000  0.000000e+000  0.000000e+000  0.000000e+000  0.000000e+000  0.000000e+000  0.000000e+000  
0.000000e+000  0.000000e+000  0.000000e+000  0.000000e+000  0.000000e+000  0.000000e+000  0.000000e+000  0.000000e+000  0.000000e+000  0.000000e+000  0.000000e+000  0.000000e+000  0.000000e+000  0.000000e+000  0.000000e+000  0.000000e+000  0.000000e+000  0.000000e+000  
0.000000e+000  0.000000e+000  0.000000e+000  0.000000e+000  0.000000e+000  0.000000e+000  0.000000e+000  0.000000e+000  0.000000e+000  0.000000e+000  0.000000e+000  0.000000e+000  0.000000e+000  0.000000e+000  0.000000e+000  0.000000e+000  0.000000e+000  0.000000e+000  
0.000000e+000  0.000000e+000  0.000000e+000  0.000000e+000  0.000000e+000  0.000000e+000  0.000000e+000  0.000000e+000  0.000000e+000  0.000000e+000  0.000000e+000  0.000000e+000  0.000000e+000  0.000000e+000  0.000000e+000  0.000000e+000  0.000000e+000  0.000000e+000  
0.000000e+000  0.000000e+000  0.000000e+000  0.000000e+000  0.000000e+000  0.000000e+000  0.000000e+000  0.000000e+000  0.000000e+000  0.000000e+000  0.000000e+000  0.000000e+000  0.000000e+000  0.000000e+000  0.000000e+000  0.000000e+000  0.000000e+000  0.000000e+000  
0.000000e+000  0.000000e+000  0.000000e+000  0.000000e+000  0.000000e+000  0.000000e+000  0.000000e+000  0.000000e+000  0.000000e+000  0.000000e+000  0.000000e+000  0.000000e+000  0.000000e+000  0.000000e+000  0.000000e+000  0.000000e+000  0.000000e+000  0.000000e+000  
0.000000e+000  0.000000e+000  0.000000e+000  0.000000e+000  0.000000e+000  0.000000e+000  0.000000e+000  0.000000e+000  0.000000e+000  0.000000e+000  0.000000e+000  0.000000e+000  0.000000e+000  0.000000e+000  0.000000e+000  0.000000e+000  0.000000e+000  0.000000e+000  
0.000000e+000  0.000000e+000  0.000000e+000  0.000000e+000  0.000000e+000  0.000000e+000  0.000000e+000  0.000000e+000  0.000000e+000  0.000000e+000  0.000000e+000  0.000000e+000  0.000000e+000  0.000000e+000  0.000000e+000  0.000000e+000  0.000000e+000  0.000000e+000  
0.000000e+000  0.000000e+000  0.000000e+000  0.000000e+000  0.000000e+000  0.000000e+000  0.000000e+000  0.000000e+000  0.000000e+000  0.000000e+000  0.000000e+000  0.000000e+000  0.000000e+000  0.000000e+000  0.000000e+000  0.000000e+000  0.000000e+000  0.000000e+000  
0.000000e+000  0.000000e+000  0.000000e+000  0.000000e+000  0.000000e+000  0.000000e+000  0.000000e+000  0.000000e+000  0.000000e+000  0.000000e+000  0.000000e+000  0.000000e+000  0.000000e+000  0.000000e+000  0.000000e+000  0.000000e+000  0.000000e+000  0.000000e+000  
0.000000e+000  0.000000e+000  0.000000e+000  0.000000e+000  0.000000e+000  0.000000e+000  0.000000e+000  0.000000e+000  0.000000e+000  0.000000e+000  0.000000e+000  0.000000e+000  0.000000e+000  0.000000e+000  0.000000e+000  0.000000e+000  0.000000e+000  0.000000e+000  

0.000000e+000  0.000000e+000  0.000000e+000  0.000000e+000  0.000000e+000  0.000000e+000  0.000000e+000  0.000000e+000  0.000000e+000  0.000000e+000  0.000000e+000  0.000000e+000  0.000000e+000  0.000000e+000  0.000000e+000  0.000000e+000  0.000000e+000  0.000000e+000  
0.000000e+000  0.000000e+000  0.000000e+000  0.000000e+000  0.000000e+000  0.000000e+000  0.000000e+000  0.000000e+000  0.000000e+000  0.000000e+000  0.000000e+000  0.000000e+000  0.000000e+000  0.000000e+000  0.000000e+000  0.000000e+000  0.000000e+000  0.000000e+000  
0.000000e+000  0.000000e+000  0.000000e+000  0.000000e+000  0.000000e+000  0.000000e+000  0.000000e+000  0.000000e+000  0.000000e+000  0.000000e+000  0.000000e+000  0.000000e+000  0.000000e+000  0.000000e+000  0.000000e+000  0.000000e+000  0.000000e+000  0.000000e+000  
0.000000e+000  0.000000e+000  0.000000e+000  0.000000e+000  0.000000e+000  0.000000e+000  0.000000e+000  0.000000e+000  0.000000e+000  0.000000e+000  0.000000e+000  0.000000e+000  0.000000e+000  0.000000e+000  0.000000e+000  0.000000e+000  0.000000e+000  0.000000e+000  
0.000000e+000  0.000000e+000  0.000000e+000  0.000000e+000  0.000000e+000  0.000000e+000  0.000000e+000  0.000000e+000  0.000000e+000  0.000000e+000  0.000000e+000  0.000000e+000  0.000000e+000  0.000000e+000  0.000000e+000  0.000000e+000  0.000000e+000  0.000000e+000  
0.000000e+000  0.000000e+000  0.000000e+000  0.000000e+000  0.000000e+000  0.000000e+000  0.000000e+000  0.000000e+000  0.000000e+000  0.000000e+000  0.000000e+000  0.000000e+000  0.000000e+000  0.000000e+000  0.000000e+000  0.000000e+000  0.000000e+000  0.000000e+000  
0.000000e+000  0.000000e+000  0.000000e+000  0.000000e+000  0.000000e+000  0.000000e+000  0.000000e+000  0.000000e+000  0.000000e+000  0.000000e+000  0.000000e+000  0.000000e+000  0.000000e+000  0.000000e+000  0.000000e+000  0.000000e+000  0.000000e+000  0.000000e+000  
0.000000e+000  0.000000e+000  0.000000e+000  0.000000e+000  0.000000e+000  0.000000e+000  0.000000e+000  0.000000e+000  0.000000e+000  0.000000e+000  0.000000e+000  0.000000e+000  0.000000e+000  0.000000e+000  0.000000e+000  0.000000e+000  0.000000e+000  0.000000e+000  
0.000000e+000  0.000000e+000  0.000000e+000  0.000000e+000  0.000000e+000  0.000000e+000  0.000000e+000  0.000000e+000  0.000000e+000  0.000000e+000  0.000000e+000  0.000000e+000  0.000000e+000  0.000000e+000  0.000000e+000  0.000000e+000  0.000000e+000  0.000000e+000  
0.000000e+000  0.000000e+000  0.000000e+000  0.000000e+000  0.000000e+000  0.000000e+000  0.000000e+000  0.000000e+000  0.000000e+000  0.000000e+000  0.000000e+000  0.000000e+000  0.000000e+000  0.000000e+000  0.000000e+000  0.000000e+000  0.000000e+000  0.000000e+000  
0.000000e+000  0.000000e+000  0.000000e+000  0.000000e+000  0.000000e+000  0.000000e+000  0.000000e+000  0.000000e+000  0.000000e+000  0.000000e+000  0.000000e+000  0.000000e+000  0.000000e+000  0.000000e+000  0.000000e+000  0.000000e+000  0.000000e+000  0.000000e+000  
0.000000e+000  0.000000e+000  0.000000e+000  0.000000e+000  0.000000e+000  0.000000e+000  0.000000e+000  0.000000e+000  0.000000e+000  0.000000e+000  0.000000e+000  0.000000e+000  0.000000e+000  0.000000e+000  0.000000e+000  0.000000e+000  0.000000e+000  0.000000e+000  

0.000000e+000  0.000000e+000  0.000000e+000  0.000000e+000  0.000000e+000  0.000000e+000  0.000000e+000  0.000000e+000  0.000000e+000  0.000000e+000  0.000000e+000  0.000000e+000  0.000000e+000  0.000000e+000  0.000000e+000  0.000000e+000  0.000000e+000  0.000000e+000  
0.000000e+000  5.967277e+000  5.859099e+000  5.644705e+000  5.200083e+000  4.283078e+000  3.032140e+000  1.570611e+000  0.000000e+000  -1.570611e+000  -3.032140e+000  -4.283078e+000  -5.200083e+000  -5.644705e+000  -5.859099e+000  -5.967277e+000  0.000000e+000  0.000000e+000  
0.000000e+000  5.967277e+000  5.859099e+000  5.644705e+000  5.200083e+000  4.283078e+000  3.032140e+000  1.570611e+000  0.000000e+000  -1.570611e+000  -3.032140e+000  -4.283078e+000  -5.200083e+000  -5.644705e+000  -5.859099e+000  -5.967277e+000  0.000000e+000  0.000000e+000  
0.000000e+000  5.967277e+000  5.859099e+000  5.644705e+000  5.200083e+000  4.283078e+000  3.032140e+000  1.570611e+000  6.147392e-011  -1.570611e+000  -3.032140e+000  -4.283078e+000  -5.200083e+000  -5.644705e+000  -5.859099e+000  -5.967277e+000  0.000000e+000  0.000000e+000  
0.000000e+000  5.967277e+000  5.859099e+000  5.644704e+000  5.200083e+000  4.283078e+000  3.032140e+000  1.570611e+000  0.000000e+000  -1.570611e+000  -3.032140e+000  -4.283078e+000  -5.200083e+000  -5.644704e+000  -5.859099e+000  -5.967277e+000  0.000000e+000  0.000000e+000  
0.000000e+000  5.967277e+000  5.859099e+000  5.644705e+000  5.200083e+000  4.283078e+000  3.032140e+000  1.570611e+000  0.000000e+000  -1.570611e+000  -3.032140e+000  -4.283078e+000  -5.200083e+000  -5.644705e+000  -5.859099e+000  -5.967277e+000  0.000000e+000  0.000000e+000  
0.000000e+000  5.967277e+000  5.859099e+000  5.644704e+000  5.200083e+000  4.283078e+000  3.032140e+000  1.570611e+000  0.000000e+000  -1.570611e+000  -3.032140e+000  -4.283078e+000  -5.200083e+000  -5.644704e+000  -5.859099e+000  -5.967277e+000  0.000000e+000  0.000000e+000  
0.000000e+000  5.967277e+000  5.859099e+000  5.644705e+000  5.200083e+000  4.283078e+000  3.032140e+000  1.570611e+000  0.000000e+000  -1.570611e+000  -3.032140e+000  -4.283078e+000  -5.200083e+000  -5.644705e+000  -5.859099e+000  -5.967277e+000  0.000000e+000  0.000000e+000  
0.000000e+000  5.967277e+000  5.859099e+000  5.644705e+000  5.200083e+000  4.283078e+000  3.032140e+000  1.570611e+000  0.000000e+000  -1.570611e+000  -3.032140e+000  -4.283078e+000  -5.200083e+000  -5.644705e+000  -5.859099e+000  -5.967277e+000  0.000000e+000  0.000000e+000  
0.000000e+000  5.967277e+000  5.859099e+000  5.644705e+000  5.200083e+000  4.283078e+000  3.032140e+000  1.570611e+000  0.000000e+000  -1.570611e+000  -3.032140e+000  -4.283078e+000  -5.200083e+000  -5.644705e+000  -5.859099e+000  -5.967277e+000  0.000000e+000  0.000000e+000  
0.000000e+000  0.000000e+000  0.000000e+000  0.000000e+000  0.000000e+000  0.000000e+000  0.000000e+000  0.000000e+000  0.000000e+000  0.000000e+000  0.000000e+000  0.000000e+000  0.000000e+000  0.000000e+000  0.000000e+000  0.000000e+000  0.000000e+000  0.000000e+000  
0.000000e+000  0.000000e+000  0.000000e+000  0.000000e+000  0.000000e+000  0.000000e+000  0.000000e+000  0.000000e+000  0.000000e+000  0.000000e+000  0.000000e+000  0.000000e+000  0.000000e+000  0.000000e+000  0.000000e+000  0.000000e+000  0.000000e+000  0.000000e+000  

