Port monitor named: Port1_e1[7.5].prt

nx        = 18
ny        = 12
nz        = 52

nu        = 18
nv        = 12
iu        = 1
iv        = 1

idir      = 2
dcut      = 5.000000e-002
icut      = 52
type      = 0
frequency = 7.500000e+009

fcutoff   = 6.554923e+009
alpha     = 0.000000e+000
beta      = 7.632046e+001
accuracy  = 1.787790e-011

type          = TE
wave imp.     = 7.759076e+002
wave imp.sig. = 1.172511e-005
line imp.     = 0.000000e+000

ref. port     = 0

-0.000000e+000  -0.000000e+000  -0.000000e+000  -0.000000e+000  -0.000000e+000  -0.000000e+000  -0.000000e+000  -0.000000e+000  -0.000000e+000  -0.000000e+000  -0.000000e+000  -0.000000e+000  -0.000000e+000  -0.000000e+000  -0.000000e+000  -0.000000e+000  -0.000000e+000  -0.000000e+000  
-0.000000e+000  -0.000000e+000  -0.000000e+000  -0.000000e+000  -0.000000e+000  -0.000000e+000  -0.000000e+000  -0.000000e+000  -0.000000e+000  -0.000000e+000  -0.000000e+000  -0.000000e+000  -0.000000e+000  -0.000000e+000  -0.000000e+000  -0.000000e+000  -0.000000e+000  -0.000000e+000  
-0.000000e+000  -9.462827e-006  -1.006506e-005  -1.063004e-005  -9.139912e-006  -1.797733e-005  -1.319907e-005  -6.660390e-006  -0.000000e+000  6.659981e-006  1.320088e-005  1.797650e-005  9.142001e-006  1.063045e-005  1.006162e-005  9.465627e-006  -0.000000e+000  -0.000000e+000  
-0.000000e+000  -1.824025e-005  -1.999550e-005  -2.253044e-005  -1.529164e-005  -3.891646e-005  -2.659654e-005  -1.324044e-005  -0.000000e+000  1.324043e-005  2.659874e-005  3.891696e-005  1.529249e-005  2.253275e-005  2.000058e-005  1.823721e-005  -0.000000e+000  -0.000000e+000  
-0.000000e+000  -2.515156e-005  -2.891281e-005  -4.094175e-005  -1.245168e-005  -6.782080e-005  -3.980735e-005  -1.957763e-005  -0.000000e+000  1.957855e-005  3.980824e-005  6.782014e-005  1.245209e-005  4.094241e-005  2.891151e-005  2.515371e-005  -0.000000e+000  -0.000000e+000  
-0.000000e+000  3.587287e-006  4.296336e-006  8.345680e-006  -3.952359e-006  -2.047026e-005  -1.470272e-005  -7.391957e-006  -0.000000e+000  7.392855e-006  1.470402e-005  2.047049e-005  3.951054e-006  -8.347362e-006  -4.299038e-006  -3.588194e-006  -0.000000e+000  -0.000000e+000  
-0.000000e+000  -3.590906e-006  -4.298824e-006  -8.347187e-006  3.949292e-006  2.047186e-005  1.470495e-005  7.392556e-006  -0.000000e+000  -7.390997e-006  -1.470478e-005  -2.047168e-005  -3.952198e-006  8.345625e-006  4.297877e-006  3.585909e-006  -0.000000e+000  -0.000000e+000  
-0.000000e+000  2.515254e-005  2.891078e-005  4.094084e-005  1.244912e-005  6.782104e-005  3.981009e-005  1.957709e-005  -0.000000e+000  -1.957649e-005  -3.980880e-005  -6.782117e-005  -1.245097e-005  -4.094211e-005  -2.891345e-005  -2.515026e-005  -0.000000e+000  -0.000000e+000  
-0.000000e+000  1.824219e-005  1.999787e-005  2.253409e-005  1.529007e-005  3.891688e-005  2.659916e-005  1.323979e-005  -0.000000e+000  -1.323986e-005  -2.659838e-005  -3.891835e-005  -1.529171e-005  -2.253576e-005  -1.999325e-005  -1.824008e-005  -0.000000e+000  -0.000000e+000  
-0.000000e+000  9.462564e-006  1.006620e-005  1.062812e-005  9.139657e-006  1.797710e-005  1.320102e-005  6.660010e-006  -0.000000e+000  -6.660896e-006  -1.319957e-005  -1.797653e-005  -9.139340e-006  -1.062765e-005  -1.006352e-005  -9.463385e-006  -0.000000e+000  -0.000000e+000  
-0.000000e+000  -0.000000e+000  -0.000000e+000  -0.000000e+000  -0.000000e+000  -0.000000e+000  -0.000000e+000  -0.000000e+000  -0.000000e+000  -0.000000e+000  -0.000000e+000  -0.000000e+000  -0.000000e+000  -0.000000e+000  -0.000000e+000  -0.000000e+000  -0.000000e+000  -0.000000e+000  
-0.000000e+000  -0.000000e+000  -0.000000e+000  -0.000000e+000  -0.000000e+000  -0.000000e+000  -0.000000e+000  -0.000000e+000  -0.000000e+000  -0.000000e+000  -0.000000e+000  -0.000000e+000  -0.000000e+000  -0.000000e+000  -0.000000e+000  -0.000000e+000  -0.000000e+000  -0.000000e+000  

-0.000000e+000  -0.000000e+000  -0.000000e+000  -0.000000e+000  -0.000000e+000  -0.000000e+000  -0.000000e+000  -0.000000e+000  -0.000000e+000  -0.000000e+000  -0.000000e+000  -0.000000e+000  -0.000000e+000  -0.000000e+000  -0.000000e+000  -0.000000e+000  -0.000000e+000  -0.000000e+000  
-0.000000e+000  -0.000000e+000  3.464938e+002  6.867062e+002  1.014470e+003  1.560272e+003  2.047058e+003  2.391670e+003  2.570176e+003  2.570176e+003  2.391670e+003  2.047058e+003  1.560272e+003  1.014470e+003  6.867062e+002  3.464938e+002  -0.000000e+000  -0.000000e+000  
-0.000000e+000  -0.000000e+000  3.464938e+002  6.867062e+002  1.014470e+003  1.560272e+003  2.047058e+003  2.391670e+003  2.570176e+003  2.570176e+003  2.391670e+003  2.047058e+003  1.560272e+003  1.014470e+003  6.867062e+002  3.464938e+002  -0.000000e+000  -0.000000e+000  
-0.000000e+000  -0.000000e+000  3.464938e+002  6.867062e+002  1.014470e+003  1.560272e+003  2.047058e+003  2.391670e+003  2.570176e+003  2.570176e+003  2.391670e+003  2.047058e+003  1.560272e+003  1.014470e+003  6.867062e+002  3.464938e+002  -0.000000e+000  -0.000000e+000  
-0.000000e+000  -0.000000e+000  3.464938e+002  6.867062e+002  1.014470e+003  1.560272e+003  2.047058e+003  2.391671e+003  2.570176e+003  2.570176e+003  2.391671e+003  2.047058e+003  1.560272e+003  1.014470e+003  6.867062e+002  3.464938e+002  -0.000000e+000  -0.000000e+000  
-0.000000e+000  -0.000000e+000  3.464938e+002  6.867062e+002  1.014470e+003  1.560272e+003  2.047058e+003  2.391671e+003  2.570176e+003  2.570176e+003  2.391671e+003  2.047058e+003  1.560272e+003  1.014470e+003  6.867062e+002  3.464938e+002  -0.000000e+000  -0.000000e+000  
-0.000000e+000  -0.000000e+000  3.464938e+002  6.867062e+002  1.014470e+003  1.560272e+003  2.047058e+003  2.391671e+003  2.570176e+003  2.570176e+003  2.391671e+003  2.047058e+003  1.560272e+003  1.014470e+003  6.867062e+002  3.464938e+002  -0.000000e+000  -0.000000e+000  
-0.000000e+000  -0.000000e+000  3.464938e+002  6.867062e+002  1.014470e+003  1.560272e+003  2.047058e+003  2.391670e+003  2.570176e+003  2.570176e+003  2.391670e+003  2.047058e+003  1.560272e+003  1.014470e+003  6.867062e+002  3.464938e+002  -0.000000e+000  -0.000000e+000  
-0.000000e+000  -0.000000e+000  3.464938e+002  6.867062e+002  1.014470e+003  1.560272e+003  2.047058e+003  2.391670e+003  2.570176e+003  2.570176e+003  2.391670e+003  2.047058e+003  1.560272e+003  1.014470e+003  6.867062e+002  3.464938e+002  -0.000000e+000  -0.000000e+000  
-0.000000e+000  -0.000000e+000  3.464938e+002  6.867062e+002  1.014470e+003  1.560272e+003  2.047058e+003  2.391670e+003  2.570176e+003  2.570176e+003  2.391670e+003  2.047058e+003  1.560272e+003  1.014470e+003  6.867062e+002  3.464938e+002  -0.000000e+000  -0.000000e+000  
-0.000000e+000  -0.000000e+000  -0.000000e+000  -0.000000e+000  -0.000000e+000  -0.000000e+000  -0.000000e+000  -0.000000e+000  -0.000000e+000  -0.000000e+000  -0.000000e+000  -0.000000e+000  -0.000000e+000  -0.000000e+000  -0.000000e+000  -0.000000e+000  -0.000000e+000  -0.000000e+000  
-0.000000e+000  -0.000000e+000  -0.000000e+000  -0.000000e+000  -0.000000e+000  -0.000000e+000  -0.000000e+000  -0.000000e+000  -0.000000e+000  -0.000000e+000  -0.000000e+000  -0.000000e+000  -0.000000e+000  -0.000000e+000  -0.000000e+000  -0.000000e+000  -0.000000e+000  -0.000000e+000  

0.000000e+000  0.000000e+000  0.000000e+000  0.000000e+000  0.000000e+000  0.000000e+000  0.000000e+000  0.000000e+000  0.000000e+000  0.000000e+000  0.000000e+000  0.000000e+000  0.000000e+000  0.000000e+000  0.000000e+000  0.000000e+000  0.000000e+000  0.000000e+000  
0.000000e+000  0.000000e+000  0.000000e+000  0.000000e+000  0.000000e+000  0.000000e+000  0.000000e+000  0.000000e+000  0.000000e+000  0.000000e+000  0.000000e+000  0.000000e+000  0.000000e+000  0.000000e+000  0.000000e+000  0.000000e+000  0.000000e+000  0.000000e+000  
0.000000e+000  0.000000e+000  0.000000e+000  0.000000e+000  0.000000e+000  0.000000e+000  0.000000e+000  0.000000e+000  0.000000e+000  0.000000e+000  0.000000e+000  0.000000e+000  0.000000e+000  0.000000e+000  0.000000e+000  0.000000e+000  0.000000e+000  0.000000e+000  
0.000000e+000  0.000000e+000  0.000000e+000  0.000000e+000  0.000000e+000  0.000000e+000  0.000000e+000  0.000000e+000  0.000000e+000  0.000000e+000  0.000000e+000  0.000000e+000  0.000000e+000  0.000000e+000  0.000000e+000  0.000000e+000  0.000000e+000  0.000000e+000  
0.000000e+000  0.000000e+000  0.000000e+000  0.000000e+000  0.000000e+000  0.000000e+000  0.000000e+000  0.000000e+000  0.000000e+000  0.000000e+000  0.000000e+000  0.000000e+000  0.000000e+000  0.000000e+000  0.000000e+000  0.000000e+000  0.000000e+000  0.000000e+000  
0.000000e+000  0.000000e+000  0.000000e+000  0.000000e+000  0.000000e+000  0.000000e+000  0.000000e+000  0.000000e+000  0.000000e+000  0.000000e+000  0.000000e+000  0.000000e+000  0.000000e+000  0.000000e+000  0.000000e+000  0.000000e+000  0.000000e+000  0.000000e+000  
0.000000e+000  0.000000e+000  0.000000e+000  0.000000e+000  0.000000e+000  0.000000e+000  0.000000e+000  0.000000e+000  0.000000e+000  0.000000e+000  0.000000e+000  0.000000e+000  0.000000e+000  0.000000e+000  0.000000e+000  0.000000e+000  0.000000e+000  0.000000e+000  
0.000000e+000  0.000000e+000  0.000000e+000  0.000000e+000  0.000000e+000  0.000000e+000  0.000000e+000  0.000000e+000  0.000000e+000  0.000000e+000  0.000000e+000  0.000000e+000  0.000000e+000  0.000000e+000  0.000000e+000  0.000000e+000  0.000000e+000  0.000000e+000  
0.000000e+000  0.000000e+000  0.000000e+000  0.000000e+000  0.000000e+000  0.000000e+000  0.000000e+000  0.000000e+000  0.000000e+000  0.000000e+000  0.000000e+000  0.000000e+000  0.000000e+000  0.000000e+000  0.000000e+000  0.000000e+000  0.000000e+000  0.000000e+000  
0.000000e+000  0.000000e+000  0.000000e+000  0.000000e+000  0.000000e+000  0.000000e+000  0.000000e+000  0.000000e+000  0.000000e+000  0.000000e+000  0.000000e+000  0.000000e+000  0.000000e+000  0.000000e+000  0.000000e+000  0.000000e+000  0.000000e+000  0.000000e+000  
0.000000e+000  0.000000e+000  0.000000e+000  0.000000e+000  0.000000e+000  0.000000e+000  0.000000e+000  0.000000e+000  0.000000e+000  0.000000e+000  0.000000e+000  0.000000e+000  0.000000e+000  0.000000e+000  0.000000e+000  0.000000e+000  0.000000e+000  0.000000e+000  
0.000000e+000  0.000000e+000  0.000000e+000  0.000000e+000  0.000000e+000  0.000000e+000  0.000000e+000  0.000000e+000  0.000000e+000  0.000000e+000  0.000000e+000  0.000000e+000  0.000000e+000  0.000000e+000  0.000000e+000  0.000000e+000  0.000000e+000  0.000000e+000  

0.000000e+000  0.000000e+000  0.000000e+000  0.000000e+000  0.000000e+000  0.000000e+000  0.000000e+000  0.000000e+000  0.000000e+000  0.000000e+000  0.000000e+000  0.000000e+000  0.000000e+000  0.000000e+000  0.000000e+000  0.000000e+000  0.000000e+000  0.000000e+000  
0.000000e+000  0.000000e+000  0.000000e+000  0.000000e+000  0.000000e+000  0.000000e+000  0.000000e+000  0.000000e+000  0.000000e+000  0.000000e+000  0.000000e+000  0.000000e+000  0.000000e+000  0.000000e+000  0.000000e+000  0.000000e+000  0.000000e+000  0.000000e+000  
0.000000e+000  0.000000e+000  0.000000e+000  0.000000e+000  0.000000e+000  0.000000e+000  0.000000e+000  0.000000e+000  0.000000e+000  0.000000e+000  0.000000e+000  0.000000e+000  0.000000e+000  0.000000e+000  0.000000e+000  0.000000e+000  0.000000e+000  0.000000e+000  
0.000000e+000  0.000000e+000  0.000000e+000  0.000000e+000  0.000000e+000  0.000000e+000  0.000000e+000  0.000000e+000  0.000000e+000  0.000000e+000  0.000000e+000  0.000000e+000  0.000000e+000  0.000000e+000  0.000000e+000  0.000000e+000  0.000000e+000  0.000000e+000  
0.000000e+000  0.000000e+000  0.000000e+000  0.000000e+000  0.000000e+000  0.000000e+000  0.000000e+000  0.000000e+000  0.000000e+000  0.000000e+000  0.000000e+000  0.000000e+000  0.000000e+000  0.000000e+000  0.000000e+000  0.000000e+000  0.000000e+000  0.000000e+000  
0.000000e+000  0.000000e+000  0.000000e+000  0.000000e+000  0.000000e+000  0.000000e+000  0.000000e+000  0.000000e+000  0.000000e+000  0.000000e+000  0.000000e+000  0.000000e+000  0.000000e+000  0.000000e+000  0.000000e+000  0.000000e+000  0.000000e+000  0.000000e+000  
0.000000e+000  0.000000e+000  0.000000e+000  0.000000e+000  0.000000e+000  0.000000e+000  0.000000e+000  0.000000e+000  0.000000e+000  0.000000e+000  0.000000e+000  0.000000e+000  0.000000e+000  0.000000e+000  0.000000e+000  0.000000e+000  0.000000e+000  0.000000e+000  
0.000000e+000  0.000000e+000  0.000000e+000  0.000000e+000  0.000000e+000  0.000000e+000  0.000000e+000  0.000000e+000  0.000000e+000  0.000000e+000  0.000000e+000  0.000000e+000  0.000000e+000  0.000000e+000  0.000000e+000  0.000000e+000  0.000000e+000  0.000000e+000  
0.000000e+000  0.000000e+000  0.000000e+000  0.000000e+000  0.000000e+000  0.000000e+000  0.000000e+000  0.000000e+000  0.000000e+000  0.000000e+000  0.000000e+000  0.000000e+000  0.000000e+000  0.000000e+000  0.000000e+000  0.000000e+000  0.000000e+000  0.000000e+000  
0.000000e+000  0.000000e+000  0.000000e+000  0.000000e+000  0.000000e+000  0.000000e+000  0.000000e+000  0.000000e+000  0.000000e+000  0.000000e+000  0.000000e+000  0.000000e+000  0.000000e+000  0.000000e+000  0.000000e+000  0.000000e+000  0.000000e+000  0.000000e+000  
0.000000e+000  0.000000e+000  0.000000e+000  0.000000e+000  0.000000e+000  0.000000e+000  0.000000e+000  0.000000e+000  0.000000e+000  0.000000e+000  0.000000e+000  0.000000e+000  0.000000e+000  0.000000e+000  0.000000e+000  0.000000e+000  0.000000e+000  0.000000e+000  
0.000000e+000  0.000000e+000  0.000000e+000  0.000000e+000  0.000000e+000  0.000000e+000  0.000000e+000  0.000000e+000  0.000000e+000  0.000000e+000  0.000000e+000  0.000000e+000  0.000000e+000  0.000000e+000  0.000000e+000  0.000000e+000  0.000000e+000  0.000000e+000  

0.000000e+000  0.000000e+000  0.000000e+000  0.000000e+000  0.000000e+000  0.000000e+000  0.000000e+000  0.000000e+000  0.000000e+000  0.000000e+000  0.000000e+000  0.000000e+000  0.000000e+000  0.000000e+000  0.000000e+000  0.000000e+000  0.000000e+000  0.000000e+000  
0.000000e+000  0.000000e+000  0.000000e+000  0.000000e+000  0.000000e+000  0.000000e+000  0.000000e+000  0.000000e+000  0.000000e+000  0.000000e+000  0.000000e+000  0.000000e+000  0.000000e+000  0.000000e+000  0.000000e+000  0.000000e+000  0.000000e+000  0.000000e+000  
0.000000e+000  0.000000e+000  0.000000e+000  0.000000e+000  0.000000e+000  0.000000e+000  0.000000e+000  0.000000e+000  0.000000e+000  0.000000e+000  0.000000e+000  0.000000e+000  0.000000e+000  0.000000e+000  0.000000e+000  0.000000e+000  0.000000e+000  0.000000e+000  
0.000000e+000  0.000000e+000  0.000000e+000  0.000000e+000  0.000000e+000  0.000000e+000  0.000000e+000  0.000000e+000  0.000000e+000  0.000000e+000  0.000000e+000  0.000000e+000  0.000000e+000  0.000000e+000  0.000000e+000  0.000000e+000  0.000000e+000  0.000000e+000  
0.000000e+000  0.000000e+000  0.000000e+000  0.000000e+000  0.000000e+000  0.000000e+000  0.000000e+000  0.000000e+000  0.000000e+000  0.000000e+000  0.000000e+000  0.000000e+000  0.000000e+000  0.000000e+000  0.000000e+000  0.000000e+000  0.000000e+000  0.000000e+000  
0.000000e+000  0.000000e+000  0.000000e+000  0.000000e+000  0.000000e+000  0.000000e+000  0.000000e+000  0.000000e+000  0.000000e+000  0.000000e+000  0.000000e+000  0.000000e+000  0.000000e+000  0.000000e+000  0.000000e+000  0.000000e+000  0.000000e+000  0.000000e+000  
0.000000e+000  0.000000e+000  0.000000e+000  0.000000e+000  0.000000e+000  0.000000e+000  0.000000e+000  0.000000e+000  0.000000e+000  0.000000e+000  0.000000e+000  0.000000e+000  0.000000e+000  0.000000e+000  0.000000e+000  0.000000e+000  0.000000e+000  0.000000e+000  
0.000000e+000  0.000000e+000  0.000000e+000  0.000000e+000  0.000000e+000  0.000000e+000  0.000000e+000  0.000000e+000  0.000000e+000  0.000000e+000  0.000000e+000  0.000000e+000  0.000000e+000  0.000000e+000  0.000000e+000  0.000000e+000  0.000000e+000  0.000000e+000  
0.000000e+000  0.000000e+000  0.000000e+000  0.000000e+000  0.000000e+000  0.000000e+000  0.000000e+000  0.000000e+000  0.000000e+000  0.000000e+000  0.000000e+000  0.000000e+000  0.000000e+000  0.000000e+000  0.000000e+000  0.000000e+000  0.000000e+000  0.000000e+000  
0.000000e+000  0.000000e+000  0.000000e+000  0.000000e+000  0.000000e+000  0.000000e+000  0.000000e+000  0.000000e+000  0.000000e+000  0.000000e+000  0.000000e+000  0.000000e+000  0.000000e+000  0.000000e+000  0.000000e+000  0.000000e+000  0.000000e+000  0.000000e+000  
0.000000e+000  0.000000e+000  0.000000e+000  0.000000e+000  0.000000e+000  0.000000e+000  0.000000e+000  0.000000e+000  0.000000e+000  0.000000e+000  0.000000e+000  0.000000e+000  0.000000e+000  0.000000e+000  0.000000e+000  0.000000e+000  0.000000e+000  0.000000e+000  
0.000000e+000  0.000000e+000  0.000000e+000  0.000000e+000  0.000000e+000  0.000000e+000  0.000000e+000  0.000000e+000  0.000000e+000  0.000000e+000  0.000000e+000  0.000000e+000  0.000000e+000  0.000000e+000  0.000000e+000  0.000000e+000  0.000000e+000  0.000000e+000  

-0.000000e+000  -0.000000e+000  -0.000000e+000  -0.000000e+000  -0.000000e+000  -0.000000e+000  -0.000000e+000  -0.000000e+000  -0.000000e+000  -0.000000e+000  -0.000000e+000  -0.000000e+000  -0.000000e+000  -0.000000e+000  -0.000000e+000  -0.000000e+000  -0.000000e+000  -0.000000e+000  
-0.000000e+000  -0.000000e+000  -0.000000e+000  -0.000000e+000  -0.000000e+000  -0.000000e+000  -0.000000e+000  -0.000000e+000  -0.000000e+000  -0.000000e+000  -0.000000e+000  -0.000000e+000  -0.000000e+000  -0.000000e+000  -0.000000e+000  -0.000000e+000  -0.000000e+000  -0.000000e+000  
-0.000000e+000  -0.000000e+000  -1.563884e-007  -5.173595e-008  3.604445e-008  6.202987e-007  2.708637e-006  3.975792e-006  4.530964e-006  4.503540e-006  4.003537e-006  2.738192e-006  6.437270e-007  1.088326e-007  -1.147396e-007  -1.261896e-007  -0.000000e+000  -0.000000e+000  
-0.000000e+000  -0.000000e+000  -3.553366e-007  -5.270623e-007  1.037322e-007  8.443718e-007  5.559726e-006  8.068829e-006  9.128811e-006  9.083104e-006  8.045673e-006  5.574037e-006  8.939132e-007  6.954932e-008  -4.218227e-007  -3.325220e-007  -0.000000e+000  -0.000000e+000  
-0.000000e+000  -0.000000e+000  -8.299523e-007  -1.229427e-006  7.155162e-008  2.428884e-007  8.820220e-006  1.236189e-005  1.376135e-005  1.381730e-005  1.235465e-005  8.879078e-006  2.145232e-007  9.901781e-008  -1.177680e-006  -8.392661e-007  -0.000000e+000  -0.000000e+000  
-0.000000e+000  -0.000000e+000  1.267799e-006  2.184206e-006  1.900655e-006  3.964640e-006  6.937670e-006  8.901668e-006  9.829534e-006  9.821558e-006  8.928944e-006  6.927354e-006  3.932412e-006  1.882532e-006  2.153169e-006  1.237673e-006  -0.000000e+000  -0.000000e+000  
-0.000000e+000  -0.000000e+000  -1.321828e-006  -2.214103e-006  -1.919032e-006  -3.979090e-006  -6.948833e-006  -8.926168e-006  -9.835791e-006  -9.825490e-006  -8.908554e-006  -6.931413e-006  -3.917231e-006  -1.882538e-006  -2.175226e-006  -1.229993e-006  -0.000000e+000  -0.000000e+000  
-0.000000e+000  -0.000000e+000  8.556463e-007  1.182565e-006  -4.879682e-008  -2.814482e-007  -8.855272e-006  -1.231276e-005  -1.376047e-005  -1.377293e-005  -1.231011e-005  -8.839353e-006  -2.294095e-007  -2.740262e-008  1.187707e-006  8.486019e-007  -0.000000e+000  -0.000000e+000  
-0.000000e+000  -0.000000e+000  4.282957e-007  4.358993e-007  -5.252295e-008  -8.816209e-007  -5.577331e-006  -8.076287e-006  -9.102476e-006  -9.111224e-006  -8.081130e-006  -5.601037e-006  -9.108034e-007  -1.189969e-007  4.423164e-007  2.946024e-007  -0.000000e+000  -0.000000e+000  
-0.000000e+000  -0.000000e+000  8.095320e-008  1.926492e-007  -5.928809e-008  -6.414629e-007  -2.729432e-006  -3.958817e-006  -4.458790e-006  -4.486444e-006  -4.000752e-006  -2.694743e-006  -6.129887e-007  -5.255927e-008  1.437934e-008  1.997920e-007  -0.000000e+000  -0.000000e+000  
-0.000000e+000  -0.000000e+000  -0.000000e+000  -0.000000e+000  -0.000000e+000  -0.000000e+000  -0.000000e+000  -0.000000e+000  -0.000000e+000  -0.000000e+000  -0.000000e+000  -0.000000e+000  -0.000000e+000  -0.000000e+000  -0.000000e+000  -0.000000e+000  -0.000000e+000  -0.000000e+000  
-0.000000e+000  -0.000000e+000  -0.000000e+000  -0.000000e+000  -0.000000e+000  -0.000000e+000  -0.000000e+000  -0.000000e+000  -0.000000e+000  -0.000000e+000  -0.000000e+000  -0.000000e+000  -0.000000e+000  -0.000000e+000  -0.000000e+000  -0.000000e+000  -0.000000e+000  -0.000000e+000  

