Port monitor named: Port1_h1[7.5].prt

nx        = 18
ny        = 12
nz        = 52

nu        = 18
nv        = 12
iu        = 1
iv        = 1

idir      = 2
dcut      = 5.000000e-002
icut      = 52
type      = 1
frequency = 7.500000e+009

fcutoff   = 6.554923e+009
alpha     = 0.000000e+000
beta      = 7.632046e+001
accuracy  = 1.787790e-011

type          = TE
wave imp.     = 7.759076e+002
wave imp.sig. = 1.172511e-005
line imp.     = 0.000000e+000

ref. port     = 0

-0.000000e+000  -0.000000e+000  -0.000000e+000  -0.000000e+000  -0.000000e+000  -0.000000e+000  -0.000000e+000  -0.000000e+000  -0.000000e+000  -0.000000e+000  -0.000000e+000  -0.000000e+000  -0.000000e+000  -0.000000e+000  -0.000000e+000  -0.000000e+000  -0.000000e+000  -0.000000e+000  
-0.000000e+000  -0.000000e+000  -4.465658e-001  -8.850361e-001  -1.307462e+000  -2.010900e+000  -2.638275e+000  -3.082417e+000  -3.312476e+000  -3.312476e+000  -3.082417e+000  -2.638275e+000  -2.010900e+000  -1.307462e+000  -8.850361e-001  -4.465658e-001  -0.000000e+000  -0.000000e+000  
-0.000000e+000  -0.000000e+000  -4.465658e-001  -8.850361e-001  -1.307462e+000  -2.010900e+000  -2.638275e+000  -3.082417e+000  -3.312476e+000  -3.312476e+000  -3.082417e+000  -2.638275e+000  -2.010900e+000  -1.307462e+000  -8.850361e-001  -4.465658e-001  -0.000000e+000  -0.000000e+000  
-0.000000e+000  -0.000000e+000  -4.465658e-001  -8.850361e-001  -1.307462e+000  -2.010900e+000  -2.638275e+000  -3.082417e+000  -3.312476e+000  -3.312476e+000  -3.082417e+000  -2.638275e+000  -2.010900e+000  -1.307462e+000  -8.850361e-001  -4.465658e-001  -0.000000e+000  -0.000000e+000  
-0.000000e+000  -0.000000e+000  -4.465658e-001  -8.850361e-001  -1.307462e+000  -2.010900e+000  -2.638275e+000  -3.082417e+000  -3.312476e+000  -3.312476e+000  -3.082417e+000  -2.638275e+000  -2.010900e+000  -1.307462e+000  -8.850361e-001  -4.465658e-001  -0.000000e+000  -0.000000e+000  
-0.000000e+000  -0.000000e+000  -4.465658e-001  -8.850361e-001  -1.307462e+000  -2.010900e+000  -2.638275e+000  -3.082417e+000  -3.312476e+000  -3.312476e+000  -3.082417e+000  -2.638275e+000  -2.010900e+000  -1.307462e+000  -8.850361e-001  -4.465658e-001  -0.000000e+000  -0.000000e+000  
-0.000000e+000  -0.000000e+000  -4.465658e-001  -8.850361e-001  -1.307462e+000  -2.010900e+000  -2.638275e+000  -3.082417e+000  -3.312476e+000  -3.312476e+000  -3.082417e+000  -2.638275e+000  -2.010900e+000  -1.307462e+000  -8.850361e-001  -4.465658e-001  -0.000000e+000  -0.000000e+000  
-0.000000e+000  -0.000000e+000  -4.465658e-001  -8.850361e-001  -1.307462e+000  -2.010900e+000  -2.638275e+000  -3.082417e+000  -3.312476e+000  -3.312476e+000  -3.082417e+000  -2.638275e+000  -2.010900e+000  -1.307462e+000  -8.850361e-001  -4.465658e-001  -0.000000e+000  -0.000000e+000  
-0.000000e+000  -0.000000e+000  -4.465658e-001  -8.850361e-001  -1.307462e+000  -2.010900e+000  -2.638275e+000  -3.082417e+000  -3.312476e+000  -3.312476e+000  -3.082417e+000  -2.638275e+000  -2.010900e+000  -1.307462e+000  -8.850361e-001  -4.465658e-001  -0.000000e+000  -0.000000e+000  
-0.000000e+000  -0.000000e+000  -4.465658e-001  -8.850361e-001  -1.307462e+000  -2.010900e+000  -2.638275e+000  -3.082417e+000  -3.312476e+000  -3.312476e+000  -3.082417e+000  -2.638275e+000  -2.010900e+000  -1.307462e+000  -8.850361e-001  -4.465658e-001  -0.000000e+000  -0.000000e+000  
-0.000000e+000  -0.000000e+000  -0.000000e+000  -0.000000e+000  -0.000000e+000  -0.000000e+000  -0.000000e+000  -0.000000e+000  -0.000000e+000  -0.000000e+000  -0.000000e+000  -0.000000e+000  -0.000000e+000  -0.000000e+000  -0.000000e+000  -0.000000e+000  -0.000000e+000  -0.000000e+000  
-0.000000e+000  -0.000000e+000  -0.000000e+000  -0.000000e+000  -0.000000e+000  -0.000000e+000  -0.000000e+000  -0.000000e+000  -0.000000e+000  -0.000000e+000  -0.000000e+000  -0.000000e+000  -0.000000e+000  -0.000000e+000  -0.000000e+000  -0.000000e+000  -0.000000e+000  -0.000000e+000  

-0.000000e+000  -0.000000e+000  -0.000000e+000  -0.000000e+000  -0.000000e+000  -0.000000e+000  -0.000000e+000  -0.000000e+000  -0.000000e+000  -0.000000e+000  -0.000000e+000  -0.000000e+000  -0.000000e+000  -0.000000e+000  -0.000000e+000  -0.000000e+000  -0.000000e+000  -0.000000e+000  
-0.000000e+000  -0.000000e+000  -0.000000e+000  -0.000000e+000  -0.000000e+000  -0.000000e+000  -0.000000e+000  -0.000000e+000  -0.000000e+000  -0.000000e+000  -0.000000e+000  -0.000000e+000  -0.000000e+000  -0.000000e+000  -0.000000e+000  -0.000000e+000  -0.000000e+000  -0.000000e+000  
-0.000000e+000  -1.488946e-008  -1.116944e-008  -1.218819e-008  -6.212504e-009  -4.792431e-009  -5.860399e-009  -3.698591e-009  -2.413244e-010  4.183537e-009  5.878665e-009  4.737450e-009  6.685527e-009  9.849837e-009  1.277033e-008  1.437292e-008  -0.000000e+000  -0.000000e+000  
-0.000000e+000  -2.962862e-008  -2.872828e-008  -1.817268e-008  -1.265080e-008  -8.661810e-009  -1.219834e-008  -7.736819e-009  -4.022074e-010  7.935235e-009  1.253087e-008  8.972473e-009  1.185411e-008  2.057707e-008  2.731513e-008  2.923174e-008  -0.000000e+000  -0.000000e+000  
-0.000000e+000  -4.671083e-008  -4.414378e-008  -3.035812e-008  -1.441529e-008  -1.192942e-008  -2.013818e-008  -1.291699e-008  4.923977e-010  1.236201e-008  2.072104e-008  1.116102e-008  1.494782e-008  3.077716e-008  4.309040e-008  4.687402e-008  -0.000000e+000  -0.000000e+000  
-0.000000e+000  2.646002e-008  2.132144e-008  5.872102e-009  1.457308e-008  -2.202287e-010  -1.666238e-009  -1.361803e-009  -7.018652e-011  1.673166e-009  1.337111e-009  -0.000000e+000  -1.444035e-008  -6.096720e-009  -2.130923e-008  -2.594230e-008  -0.000000e+000  -0.000000e+000  
-0.000000e+000  -2.739527e-008  -2.090901e-008  -5.675641e-009  -1.453961e-008  2.512235e-010  1.551757e-009  1.523111e-009  9.064316e-011  -1.456749e-009  -1.553234e-009  1.400691e-010  1.429416e-008  5.714685e-009  2.181993e-008  2.580706e-008  -0.000000e+000  -0.000000e+000  
-0.000000e+000  4.715464e-008  4.289147e-008  3.155601e-008  1.382774e-008  1.196059e-008  2.088250e-008  1.249163e-008  -1.096348e-010  -1.235786e-008  -2.076410e-008  -1.164292e-008  -1.412213e-008  -3.183759e-008  -4.310480e-008  -4.703038e-008  -0.000000e+000  -0.000000e+000  
-0.000000e+000  3.088778e-008  2.590449e-008  2.062961e-008  1.180589e-008  8.835222e-009  1.229100e-008  8.033341e-009  -0.000000e+000  -7.999074e-009  -1.245599e-008  -8.885303e-009  -1.216334e-008  -1.937628e-008  -2.831180e-008  -2.858231e-008  -0.000000e+000  -0.000000e+000  
-0.000000e+000  1.358982e-008  1.489731e-008  9.358274e-009  6.231990e-009  4.795390e-009  6.195290e-009  4.183840e-009  -2.433488e-010  -4.310652e-009  -5.519143e-009  -4.849335e-009  -6.438784e-009  -1.254410e-008  -9.776433e-009  -1.563777e-008  -0.000000e+000  -0.000000e+000  
-0.000000e+000  -0.000000e+000  -0.000000e+000  -0.000000e+000  -0.000000e+000  -0.000000e+000  -0.000000e+000  -0.000000e+000  -0.000000e+000  -0.000000e+000  -0.000000e+000  -0.000000e+000  -0.000000e+000  -0.000000e+000  -0.000000e+000  -0.000000e+000  -0.000000e+000  -0.000000e+000  
-0.000000e+000  -0.000000e+000  -0.000000e+000  -0.000000e+000  -0.000000e+000  -0.000000e+000  -0.000000e+000  -0.000000e+000  -0.000000e+000  -0.000000e+000  -0.000000e+000  -0.000000e+000  -0.000000e+000  -0.000000e+000  -0.000000e+000  -0.000000e+000  -0.000000e+000  -0.000000e+000  

0.000000e+000  0.000000e+000  0.000000e+000  0.000000e+000  0.000000e+000  0.000000e+000  0.000000e+000  0.000000e+000  0.000000e+000  0.000000e+000  0.000000e+000  0.000000e+000  0.000000e+000  0.000000e+000  0.000000e+000  0.000000e+000  0.000000e+000  0.000000e+000  
0.000000e+000  0.000000e+000  0.000000e+000  0.000000e+000  0.000000e+000  0.000000e+000  0.000000e+000  0.000000e+000  0.000000e+000  0.000000e+000  0.000000e+000  0.000000e+000  0.000000e+000  0.000000e+000  0.000000e+000  0.000000e+000  0.000000e+000  0.000000e+000  
0.000000e+000  0.000000e+000  0.000000e+000  0.000000e+000  0.000000e+000  0.000000e+000  0.000000e+000  0.000000e+000  0.000000e+000  0.000000e+000  0.000000e+000  0.000000e+000  0.000000e+000  0.000000e+000  0.000000e+000  0.000000e+000  0.000000e+000  0.000000e+000  
0.000000e+000  0.000000e+000  0.000000e+000  0.000000e+000  0.000000e+000  0.000000e+000  0.000000e+000  0.000000e+000  0.000000e+000  0.000000e+000  0.000000e+000  0.000000e+000  0.000000e+000  0.000000e+000  0.000000e+000  0.000000e+000  0.000000e+000  0.000000e+000  
0.000000e+000  0.000000e+000  0.000000e+000  0.000000e+000  0.000000e+000  0.000000e+000  0.000000e+000  0.000000e+000  0.000000e+000  0.000000e+000  0.000000e+000  0.000000e+000  0.000000e+000  0.000000e+000  0.000000e+000  0.000000e+000  0.000000e+000  0.000000e+000  
0.000000e+000  0.000000e+000  0.000000e+000  0.000000e+000  0.000000e+000  0.000000e+000  0.000000e+000  0.000000e+000  0.000000e+000  0.000000e+000  0.000000e+000  0.000000e+000  0.000000e+000  0.000000e+000  0.000000e+000  0.000000e+000  0.000000e+000  0.000000e+000  
0.000000e+000  0.000000e+000  0.000000e+000  0.000000e+000  0.000000e+000  0.000000e+000  0.000000e+000  0.000000e+000  0.000000e+000  0.000000e+000  0.000000e+000  0.000000e+000  0.000000e+000  0.000000e+000  0.000000e+000  0.000000e+000  0.000000e+000  0.000000e+000  
0.000000e+000  0.000000e+000  0.000000e+000  0.000000e+000  0.000000e+000  0.000000e+000  0.000000e+000  0.000000e+000  0.000000e+000  0.000000e+000  0.000000e+000  0.000000e+000  0.000000e+000  0.000000e+000  0.000000e+000  0.000000e+000  0.000000e+000  0.000000e+000  
0.000000e+000  0.000000e+000  0.000000e+000  0.000000e+000  0.000000e+000  0.000000e+000  0.000000e+000  0.000000e+000  0.000000e+000  0.000000e+000  0.000000e+000  0.000000e+000  0.000000e+000  0.000000e+000  0.000000e+000  0.000000e+000  0.000000e+000  0.000000e+000  
0.000000e+000  0.000000e+000  0.000000e+000  0.000000e+000  0.000000e+000  0.000000e+000  0.000000e+000  0.000000e+000  0.000000e+000  0.000000e+000  0.000000e+000  0.000000e+000  0.000000e+000  0.000000e+000  0.000000e+000  0.000000e+000  0.000000e+000  0.000000e+000  
0.000000e+000  0.000000e+000  0.000000e+000  0.000000e+000  0.000000e+000  0.000000e+000  0.000000e+000  0.000000e+000  0.000000e+000  0.000000e+000  0.000000e+000  0.000000e+000  0.000000e+000  0.000000e+000  0.000000e+000  0.000000e+000  0.000000e+000  0.000000e+000  
0.000000e+000  0.000000e+000  0.000000e+000  0.000000e+000  0.000000e+000  0.000000e+000  0.000000e+000  0.000000e+000  0.000000e+000  0.000000e+000  0.000000e+000  0.000000e+000  0.000000e+000  0.000000e+000  0.000000e+000  0.000000e+000  0.000000e+000  0.000000e+000  

0.000000e+000  0.000000e+000  0.000000e+000  0.000000e+000  0.000000e+000  0.000000e+000  0.000000e+000  0.000000e+000  0.000000e+000  0.000000e+000  0.000000e+000  0.000000e+000  0.000000e+000  0.000000e+000  0.000000e+000  0.000000e+000  0.000000e+000  0.000000e+000  
0.000000e+000  0.000000e+000  0.000000e+000  0.000000e+000  0.000000e+000  0.000000e+000  0.000000e+000  0.000000e+000  0.000000e+000  0.000000e+000  0.000000e+000  0.000000e+000  0.000000e+000  0.000000e+000  0.000000e+000  0.000000e+000  0.000000e+000  0.000000e+000  
0.000000e+000  0.000000e+000  0.000000e+000  0.000000e+000  0.000000e+000  0.000000e+000  0.000000e+000  0.000000e+000  0.000000e+000  0.000000e+000  0.000000e+000  0.000000e+000  0.000000e+000  0.000000e+000  0.000000e+000  0.000000e+000  0.000000e+000  0.000000e+000  
0.000000e+000  0.000000e+000  0.000000e+000  0.000000e+000  0.000000e+000  0.000000e+000  0.000000e+000  0.000000e+000  0.000000e+000  0.000000e+000  0.000000e+000  0.000000e+000  0.000000e+000  0.000000e+000  0.000000e+000  0.000000e+000  0.000000e+000  0.000000e+000  
0.000000e+000  0.000000e+000  0.000000e+000  0.000000e+000  0.000000e+000  0.000000e+000  0.000000e+000  0.000000e+000  0.000000e+000  0.000000e+000  0.000000e+000  0.000000e+000  0.000000e+000  0.000000e+000  0.000000e+000  0.000000e+000  0.000000e+000  0.000000e+000  
0.000000e+000  0.000000e+000  0.000000e+000  0.000000e+000  0.000000e+000  0.000000e+000  0.000000e+000  0.000000e+000  0.000000e+000  0.000000e+000  0.000000e+000  0.000000e+000  0.000000e+000  0.000000e+000  0.000000e+000  0.000000e+000  0.000000e+000  0.000000e+000  
0.000000e+000  0.000000e+000  0.000000e+000  0.000000e+000  0.000000e+000  0.000000e+000  0.000000e+000  0.000000e+000  0.000000e+000  0.000000e+000  0.000000e+000  0.000000e+000  0.000000e+000  0.000000e+000  0.000000e+000  0.000000e+000  0.000000e+000  0.000000e+000  
0.000000e+000  0.000000e+000  0.000000e+000  0.000000e+000  0.000000e+000  0.000000e+000  0.000000e+000  0.000000e+000  0.000000e+000  0.000000e+000  0.000000e+000  0.000000e+000  0.000000e+000  0.000000e+000  0.000000e+000  0.000000e+000  0.000000e+000  0.000000e+000  
0.000000e+000  0.000000e+000  0.000000e+000  0.000000e+000  0.000000e+000  0.000000e+000  0.000000e+000  0.000000e+000  0.000000e+000  0.000000e+000  0.000000e+000  0.000000e+000  0.000000e+000  0.000000e+000  0.000000e+000  0.000000e+000  0.000000e+000  0.000000e+000  
0.000000e+000  0.000000e+000  0.000000e+000  0.000000e+000  0.000000e+000  0.000000e+000  0.000000e+000  0.000000e+000  0.000000e+000  0.000000e+000  0.000000e+000  0.000000e+000  0.000000e+000  0.000000e+000  0.000000e+000  0.000000e+000  0.000000e+000  0.000000e+000  
0.000000e+000  0.000000e+000  0.000000e+000  0.000000e+000  0.000000e+000  0.000000e+000  0.000000e+000  0.000000e+000  0.000000e+000  0.000000e+000  0.000000e+000  0.000000e+000  0.000000e+000  0.000000e+000  0.000000e+000  0.000000e+000  0.000000e+000  0.000000e+000  
0.000000e+000  0.000000e+000  0.000000e+000  0.000000e+000  0.000000e+000  0.000000e+000  0.000000e+000  0.000000e+000  0.000000e+000  0.000000e+000  0.000000e+000  0.000000e+000  0.000000e+000  0.000000e+000  0.000000e+000  0.000000e+000  0.000000e+000  0.000000e+000  

0.000000e+000  0.000000e+000  0.000000e+000  0.000000e+000  0.000000e+000  0.000000e+000  0.000000e+000  0.000000e+000  0.000000e+000  0.000000e+000  0.000000e+000  0.000000e+000  0.000000e+000  0.000000e+000  0.000000e+000  0.000000e+000  0.000000e+000  0.000000e+000  
0.000000e+000  0.000000e+000  0.000000e+000  0.000000e+000  0.000000e+000  0.000000e+000  0.000000e+000  0.000000e+000  0.000000e+000  0.000000e+000  0.000000e+000  0.000000e+000  0.000000e+000  0.000000e+000  0.000000e+000  0.000000e+000  0.000000e+000  0.000000e+000  
0.000000e+000  0.000000e+000  0.000000e+000  0.000000e+000  0.000000e+000  0.000000e+000  0.000000e+000  0.000000e+000  0.000000e+000  0.000000e+000  0.000000e+000  0.000000e+000  0.000000e+000  0.000000e+000  0.000000e+000  0.000000e+000  0.000000e+000  0.000000e+000  
0.000000e+000  0.000000e+000  0.000000e+000  0.000000e+000  0.000000e+000  0.000000e+000  0.000000e+000  0.000000e+000  0.000000e+000  0.000000e+000  0.000000e+000  0.000000e+000  0.000000e+000  0.000000e+000  0.000000e+000  0.000000e+000  0.000000e+000  0.000000e+000  
0.000000e+000  0.000000e+000  0.000000e+000  0.000000e+000  0.000000e+000  0.000000e+000  0.000000e+000  0.000000e+000  0.000000e+000  0.000000e+000  0.000000e+000  0.000000e+000  0.000000e+000  0.000000e+000  0.000000e+000  0.000000e+000  0.000000e+000  0.000000e+000  
0.000000e+000  0.000000e+000  0.000000e+000  0.000000e+000  0.000000e+000  0.000000e+000  0.000000e+000  0.000000e+000  0.000000e+000  0.000000e+000  0.000000e+000  0.000000e+000  0.000000e+000  0.000000e+000  0.000000e+000  0.000000e+000  0.000000e+000  0.000000e+000  
0.000000e+000  0.000000e+000  0.000000e+000  0.000000e+000  0.000000e+000  0.000000e+000  0.000000e+000  0.000000e+000  0.000000e+000  0.000000e+000  0.000000e+000  0.000000e+000  0.000000e+000  0.000000e+000  0.000000e+000  0.000000e+000  0.000000e+000  0.000000e+000  
0.000000e+000  0.000000e+000  0.000000e+000  0.000000e+000  0.000000e+000  0.000000e+000  0.000000e+000  0.000000e+000  0.000000e+000  0.000000e+000  0.000000e+000  0.000000e+000  0.000000e+000  0.000000e+000  0.000000e+000  0.000000e+000  0.000000e+000  0.000000e+000  
0.000000e+000  0.000000e+000  0.000000e+000  0.000000e+000  0.000000e+000  0.000000e+000  0.000000e+000  0.000000e+000  0.000000e+000  0.000000e+000  0.000000e+000  0.000000e+000  0.000000e+000  0.000000e+000  0.000000e+000  0.000000e+000  0.000000e+000  0.000000e+000  
0.000000e+000  0.000000e+000  0.000000e+000  0.000000e+000  0.000000e+000  0.000000e+000  0.000000e+000  0.000000e+000  0.000000e+000  0.000000e+000  0.000000e+000  0.000000e+000  0.000000e+000  0.000000e+000  0.000000e+000  0.000000e+000  0.000000e+000  0.000000e+000  
0.000000e+000  0.000000e+000  0.000000e+000  0.000000e+000  0.000000e+000  0.000000e+000  0.000000e+000  0.000000e+000  0.000000e+000  0.000000e+000  0.000000e+000  0.000000e+000  0.000000e+000  0.000000e+000  0.000000e+000  0.000000e+000  0.000000e+000  0.000000e+000  
0.000000e+000  0.000000e+000  0.000000e+000  0.000000e+000  0.000000e+000  0.000000e+000  0.000000e+000  0.000000e+000  0.000000e+000  0.000000e+000  0.000000e+000  0.000000e+000  0.000000e+000  0.000000e+000  0.000000e+000  0.000000e+000  0.000000e+000  0.000000e+000  

-0.000000e+000  -0.000000e+000  -0.000000e+000  -0.000000e+000  -0.000000e+000  -0.000000e+000  -0.000000e+000  -0.000000e+000  -0.000000e+000  -0.000000e+000  -0.000000e+000  -0.000000e+000  -0.000000e+000  -0.000000e+000  -0.000000e+000  -0.000000e+000  -0.000000e+000  -0.000000e+000  
-0.000000e+000  -5.968037e+000  -5.859846e+000  -5.645424e+000  -5.200746e+000  -4.283624e+000  -3.032526e+000  -1.570811e+000  -0.000000e+000  1.570811e+000  3.032526e+000  4.283624e+000  5.200746e+000  5.645424e+000  5.859846e+000  5.968037e+000  -0.000000e+000  -0.000000e+000  
-0.000000e+000  -5.968037e+000  -5.859846e+000  -5.645424e+000  -5.200746e+000  -4.283624e+000  -3.032526e+000  -1.570811e+000  -0.000000e+000  1.570811e+000  3.032526e+000  4.283624e+000  5.200746e+000  5.645424e+000  5.859846e+000  5.968037e+000  -0.000000e+000  -0.000000e+000  
-0.000000e+000  -5.968037e+000  -5.859846e+000  -5.645424e+000  -5.200746e+000  -4.283624e+000  -3.032526e+000  -1.570811e+000  -6.149501e-011  1.570811e+000  3.032526e+000  4.283624e+000  5.200746e+000  5.645424e+000  5.859846e+000  5.968037e+000  -0.000000e+000  -0.000000e+000  
-0.000000e+000  -5.968037e+000  -5.859846e+000  -5.645424e+000  -5.200746e+000  -4.283624e+000  -3.032526e+000  -1.570811e+000  -0.000000e+000  1.570811e+000  3.032526e+000  4.283624e+000  5.200746e+000  5.645424e+000  5.859846e+000  5.968037e+000  -0.000000e+000  -0.000000e+000  
-0.000000e+000  -5.968037e+000  -5.859846e+000  -5.645424e+000  -5.200746e+000  -4.283624e+000  -3.032526e+000  -1.570811e+000  -0.000000e+000  1.570811e+000  3.032526e+000  4.283624e+000  5.200746e+000  5.645424e+000  5.859846e+000  5.968037e+000  -0.000000e+000  -0.000000e+000  
-0.000000e+000  -5.968037e+000  -5.859846e+000  -5.645424e+000  -5.200746e+000  -4.283624e+000  -3.032526e+000  -1.570811e+000  -0.000000e+000  1.570811e+000  3.032526e+000  4.283624e+000  5.200746e+000  5.645424e+000  5.859846e+000  5.968037e+000  -0.000000e+000  -0.000000e+000  
-0.000000e+000  -5.968037e+000  -5.859846e+000  -5.645424e+000  -5.200746e+000  -4.283624e+000  -3.032526e+000  -1.570811e+000  -0.000000e+000  1.570811e+000  3.032526e+000  4.283624e+000  5.200746e+000  5.645424e+000  5.859846e+000  5.968037e+000  -0.000000e+000  -0.000000e+000  
-0.000000e+000  -5.968037e+000  -5.859846e+000  -5.645424e+000  -5.200746e+000  -4.283624e+000  -3.032526e+000  -1.570811e+000  -0.000000e+000  1.570811e+000  3.032526e+000  4.283624e+000  5.200746e+000  5.645424e+000  5.859846e+000  5.968037e+000  -0.000000e+000  -0.000000e+000  
-0.000000e+000  -5.968037e+000  -5.859846e+000  -5.645424e+000  -5.200746e+000  -4.283624e+000  -3.032526e+000  -1.570811e+000  -0.000000e+000  1.570811e+000  3.032526e+000  4.283624e+000  5.200746e+000  5.645424e+000  5.859846e+000  5.968037e+000  -0.000000e+000  -0.000000e+000  
-0.000000e+000  -0.000000e+000  -0.000000e+000  -0.000000e+000  -0.000000e+000  -0.000000e+000  -0.000000e+000  -0.000000e+000  -0.000000e+000  -0.000000e+000  -0.000000e+000  -0.000000e+000  -0.000000e+000  -0.000000e+000  -0.000000e+000  -0.000000e+000  -0.000000e+000  -0.000000e+000  
-0.000000e+000  -0.000000e+000  -0.000000e+000  -0.000000e+000  -0.000000e+000  -0.000000e+000  -0.000000e+000  -0.000000e+000  -0.000000e+000  -0.000000e+000  -0.000000e+000  -0.000000e+000  -0.000000e+000  -0.000000e+000  -0.000000e+000  -0.000000e+000  -0.000000e+000  -0.000000e+000  

