ARM GAS  C:\Users\Acer\AppData\Local\Temp\ccGrg2bA.s 			page 1


   1              		.syntax unified
   2              		.cpu cortex-m3
   3              		.fpu softvfp
   4              		.eabi_attribute 20, 1
   5              		.eabi_attribute 21, 1
   6              		.eabi_attribute 23, 3
   7              		.eabi_attribute 24, 1
   8              		.eabi_attribute 25, 1
   9              		.eabi_attribute 26, 1
  10              		.eabi_attribute 30, 1
  11              		.eabi_attribute 34, 1
  12              		.eabi_attribute 18, 4
  13              		.thumb
  14              		.syntax unified
  15              		.file	"main.c"
  16              		.text
  17              	.Ltext0:
  18              		.cfi_sections	.debug_frame
  19              		.section	.text.main,"ax",%progbits
  20              		.align	2
  21              		.global	main
  22              		.thumb
  23              		.thumb_func
  24              		.type	main, %function
  25              	main:
  26              	.LFB64:
  27              		.file 1 "main.c"
   1:main.c        **** /* ========================================
   2:main.c        ****  *
   3:main.c        ****  * Copyright YOUR COMPANY, THE YEAR
   4:main.c        ****  * All Rights Reserved
   5:main.c        ****  * UNPUBLISHED, LICENSED SOFTWARE.
   6:main.c        ****  *
   7:main.c        ****  * CONFIDENTIAL AND PROPRIETARY INFORMATION
   8:main.c        ****  * WHICH IS THE PROPERTY OF your company.
   9:main.c        ****  *
  10:main.c        ****  * ========================================
  11:main.c        **** */
  12:main.c        **** #include "project.h"
  13:main.c        **** #include <stdio.h>
  14:main.c        **** 
  15:main.c        **** 
  16:main.c        **** int main(void)
  17:main.c        **** {
  28              		.loc 1 17 0
  29              		.cfi_startproc
  30              		@ Volatile: function does not return.
  31              		@ args = 0, pretend = 0, frame = 0
  32              		@ frame_needed = 0, uses_anonymous_args = 0
  33 0000 08B5     		push	{r3, lr}
  34              		.cfi_def_cfa_offset 8
  35              		.cfi_offset 3, -8
  36              		.cfi_offset 14, -4
  18:main.c        ****     CyGlobalIntEnable;
  37              		.loc 1 18 0
  38              		.syntax unified
  39              	@ 18 "main.c" 1
ARM GAS  C:\Users\Acer\AppData\Local\Temp\ccGrg2bA.s 			page 2


  40 0002 62B6     		CPSIE   i
  41              	@ 0 "" 2
  42              		.thumb
  43              		.syntax unified
  44              	.L2:
  19:main.c        ****     for(;;)
  20:main.c        ****     {
  21:main.c        ****         LED1_Write(1);
  45              		.loc 1 21 0 discriminator 1
  46 0004 0120     		movs	r0, #1
  47 0006 FFF7FEFF 		bl	LED1_Write
  48              	.LVL0:
  22:main.c        ****         LED2_Write(0);
  49              		.loc 1 22 0 discriminator 1
  50 000a 0020     		movs	r0, #0
  51 000c FFF7FEFF 		bl	LED2_Write
  52              	.LVL1:
  23:main.c        ****         CyDelay(500);
  53              		.loc 1 23 0 discriminator 1
  54 0010 4FF4FA70 		mov	r0, #500
  55 0014 FFF7FEFF 		bl	CyDelay
  56              	.LVL2:
  24:main.c        ****         LED1_Write(0);
  57              		.loc 1 24 0 discriminator 1
  58 0018 0020     		movs	r0, #0
  59 001a FFF7FEFF 		bl	LED1_Write
  60              	.LVL3:
  25:main.c        ****         LED2_Write(1);
  61              		.loc 1 25 0 discriminator 1
  62 001e 0120     		movs	r0, #1
  63 0020 FFF7FEFF 		bl	LED2_Write
  64              	.LVL4:
  26:main.c        ****         CyDelay(500);
  65              		.loc 1 26 0 discriminator 1
  66 0024 4FF4FA70 		mov	r0, #500
  67 0028 FFF7FEFF 		bl	CyDelay
  68              	.LVL5:
  69 002c EAE7     		b	.L2
  70              		.cfi_endproc
  71              	.LFE64:
  72              		.size	main, .-main
  73 002e 00BF     		.text
  74              	.Letext0:
  75              		.file 2 "c:\\program files (x86)\\cypress\\psoc creator\\4.4\\psoc creator\\import\\gnu\\arm\\5.4.
  76              		.file 3 "c:\\program files (x86)\\cypress\\psoc creator\\4.4\\psoc creator\\import\\gnu\\arm\\5.4.
  77              		.file 4 "Generated_Source\\PSoC5/LED1.h"
  78              		.file 5 "Generated_Source\\PSoC5/LED2.h"
  79              		.file 6 "Generated_Source\\PSoC5/CyLib.h"
  80              		.file 7 "Generated_Source\\PSoC5/core_cm3.h"
  81              		.section	.debug_info,"",%progbits
  82              	.Ldebug_info0:
  83 0000 5F010000 		.4byte	0x15f
  84 0004 0400     		.2byte	0x4
  85 0006 00000000 		.4byte	.Ldebug_abbrev0
  86 000a 04       		.byte	0x4
  87 000b 01       		.uleb128 0x1
  88 000c 45000000 		.4byte	.LASF19
ARM GAS  C:\Users\Acer\AppData\Local\Temp\ccGrg2bA.s 			page 3


  89 0010 0C       		.byte	0xc
  90 0011 39000000 		.4byte	.LASF20
  91 0015 27010000 		.4byte	.LASF21
  92 0019 00000000 		.4byte	.Ldebug_ranges0+0
  93 001d 00000000 		.4byte	0
  94 0021 00000000 		.4byte	.Ldebug_line0
  95 0025 02       		.uleb128 0x2
  96 0026 01       		.byte	0x1
  97 0027 06       		.byte	0x6
  98 0028 7B010000 		.4byte	.LASF0
  99 002c 02       		.uleb128 0x2
 100 002d 01       		.byte	0x1
 101 002e 08       		.byte	0x8
 102 002f 04010000 		.4byte	.LASF1
 103 0033 02       		.uleb128 0x2
 104 0034 02       		.byte	0x2
 105 0035 05       		.byte	0x5
 106 0036 AE010000 		.4byte	.LASF2
 107 003a 02       		.uleb128 0x2
 108 003b 02       		.byte	0x2
 109 003c 07       		.byte	0x7
 110 003d 0E000000 		.4byte	.LASF3
 111 0041 03       		.uleb128 0x3
 112 0042 93010000 		.4byte	.LASF9
 113 0046 02       		.byte	0x2
 114 0047 3F       		.byte	0x3f
 115 0048 4C000000 		.4byte	0x4c
 116 004c 02       		.uleb128 0x2
 117 004d 04       		.byte	0x4
 118 004e 05       		.byte	0x5
 119 004f 17010000 		.4byte	.LASF4
 120 0053 02       		.uleb128 0x2
 121 0054 04       		.byte	0x4
 122 0055 07       		.byte	0x7
 123 0056 DB000000 		.4byte	.LASF5
 124 005a 02       		.uleb128 0x2
 125 005b 08       		.byte	0x8
 126 005c 05       		.byte	0x5
 127 005d 00000000 		.4byte	.LASF6
 128 0061 02       		.uleb128 0x2
 129 0062 08       		.byte	0x8
 130 0063 07       		.byte	0x7
 131 0064 ED000000 		.4byte	.LASF7
 132 0068 04       		.uleb128 0x4
 133 0069 04       		.byte	0x4
 134 006a 05       		.byte	0x5
 135 006b 696E7400 		.ascii	"int\000"
 136 006f 02       		.uleb128 0x2
 137 0070 04       		.byte	0x4
 138 0071 07       		.byte	0x7
 139 0072 21000000 		.4byte	.LASF8
 140 0076 03       		.uleb128 0x3
 141 0077 B8010000 		.4byte	.LASF10
 142 007b 03       		.byte	0x3
 143 007c 2C       		.byte	0x2c
 144 007d 41000000 		.4byte	0x41
 145 0081 02       		.uleb128 0x2
ARM GAS  C:\Users\Acer\AppData\Local\Temp\ccGrg2bA.s 			page 4


 146 0082 04       		.byte	0x4
 147 0083 04       		.byte	0x4
 148 0084 A8010000 		.4byte	.LASF11
 149 0088 02       		.uleb128 0x2
 150 0089 08       		.byte	0x8
 151 008a 04       		.byte	0x4
 152 008b 20010000 		.4byte	.LASF12
 153 008f 02       		.uleb128 0x2
 154 0090 01       		.byte	0x1
 155 0091 08       		.byte	0x8
 156 0092 12010000 		.4byte	.LASF13
 157 0096 02       		.uleb128 0x2
 158 0097 04       		.byte	0x4
 159 0098 07       		.byte	0x7
 160 0099 C0010000 		.4byte	.LASF14
 161 009d 02       		.uleb128 0x2
 162 009e 08       		.byte	0x8
 163 009f 04       		.byte	0x4
 164 00a0 87010000 		.4byte	.LASF15
 165 00a4 05       		.uleb128 0x5
 166 00a5 40000000 		.4byte	.LASF22
 167 00a9 01       		.byte	0x1
 168 00aa 10       		.byte	0x10
 169 00ab 68000000 		.4byte	0x68
 170 00af 00000000 		.4byte	.LFB64
 171 00b3 2E000000 		.4byte	.LFE64-.LFB64
 172 00b7 01       		.uleb128 0x1
 173 00b8 9C       		.byte	0x9c
 174 00b9 30010000 		.4byte	0x130
 175 00bd 06       		.uleb128 0x6
 176 00be 0A000000 		.4byte	.LVL0
 177 00c2 41010000 		.4byte	0x141
 178 00c6 D0000000 		.4byte	0xd0
 179 00ca 07       		.uleb128 0x7
 180 00cb 01       		.uleb128 0x1
 181 00cc 50       		.byte	0x50
 182 00cd 01       		.uleb128 0x1
 183 00ce 31       		.byte	0x31
 184 00cf 00       		.byte	0
 185 00d0 06       		.uleb128 0x6
 186 00d1 10000000 		.4byte	.LVL1
 187 00d5 4C010000 		.4byte	0x14c
 188 00d9 E3000000 		.4byte	0xe3
 189 00dd 07       		.uleb128 0x7
 190 00de 01       		.uleb128 0x1
 191 00df 50       		.byte	0x50
 192 00e0 01       		.uleb128 0x1
 193 00e1 30       		.byte	0x30
 194 00e2 00       		.byte	0
 195 00e3 06       		.uleb128 0x6
 196 00e4 18000000 		.4byte	.LVL2
 197 00e8 57010000 		.4byte	0x157
 198 00ec F8000000 		.4byte	0xf8
 199 00f0 07       		.uleb128 0x7
 200 00f1 01       		.uleb128 0x1
 201 00f2 50       		.byte	0x50
 202 00f3 03       		.uleb128 0x3
ARM GAS  C:\Users\Acer\AppData\Local\Temp\ccGrg2bA.s 			page 5


 203 00f4 0A       		.byte	0xa
 204 00f5 F401     		.2byte	0x1f4
 205 00f7 00       		.byte	0
 206 00f8 06       		.uleb128 0x6
 207 00f9 1E000000 		.4byte	.LVL3
 208 00fd 41010000 		.4byte	0x141
 209 0101 0B010000 		.4byte	0x10b
 210 0105 07       		.uleb128 0x7
 211 0106 01       		.uleb128 0x1
 212 0107 50       		.byte	0x50
 213 0108 01       		.uleb128 0x1
 214 0109 30       		.byte	0x30
 215 010a 00       		.byte	0
 216 010b 06       		.uleb128 0x6
 217 010c 24000000 		.4byte	.LVL4
 218 0110 4C010000 		.4byte	0x14c
 219 0114 1E010000 		.4byte	0x11e
 220 0118 07       		.uleb128 0x7
 221 0119 01       		.uleb128 0x1
 222 011a 50       		.byte	0x50
 223 011b 01       		.uleb128 0x1
 224 011c 31       		.byte	0x31
 225 011d 00       		.byte	0
 226 011e 08       		.uleb128 0x8
 227 011f 2C000000 		.4byte	.LVL5
 228 0123 57010000 		.4byte	0x157
 229 0127 07       		.uleb128 0x7
 230 0128 01       		.uleb128 0x1
 231 0129 50       		.byte	0x50
 232 012a 03       		.uleb128 0x3
 233 012b 0A       		.byte	0xa
 234 012c F401     		.2byte	0x1f4
 235 012e 00       		.byte	0
 236 012f 00       		.byte	0
 237 0130 09       		.uleb128 0x9
 238 0131 6E010000 		.4byte	.LASF23
 239 0135 07       		.byte	0x7
 240 0136 1207     		.2byte	0x712
 241 0138 3C010000 		.4byte	0x13c
 242 013c 0A       		.uleb128 0xa
 243 013d 76000000 		.4byte	0x76
 244 0141 0B       		.uleb128 0xb
 245 0142 9D010000 		.4byte	.LASF16
 246 0146 9D010000 		.4byte	.LASF16
 247 014a 04       		.byte	0x4
 248 014b 26       		.byte	0x26
 249 014c 0B       		.uleb128 0xb
 250 014d 2E000000 		.4byte	.LASF17
 251 0151 2E000000 		.4byte	.LASF17
 252 0155 05       		.byte	0x5
 253 0156 26       		.byte	0x26
 254 0157 0B       		.uleb128 0xb
 255 0158 D3000000 		.4byte	.LASF18
 256 015c D3000000 		.4byte	.LASF18
 257 0160 06       		.byte	0x6
 258 0161 76       		.byte	0x76
 259 0162 00       		.byte	0
ARM GAS  C:\Users\Acer\AppData\Local\Temp\ccGrg2bA.s 			page 6


 260              		.section	.debug_abbrev,"",%progbits
 261              	.Ldebug_abbrev0:
 262 0000 01       		.uleb128 0x1
 263 0001 11       		.uleb128 0x11
 264 0002 01       		.byte	0x1
 265 0003 25       		.uleb128 0x25
 266 0004 0E       		.uleb128 0xe
 267 0005 13       		.uleb128 0x13
 268 0006 0B       		.uleb128 0xb
 269 0007 03       		.uleb128 0x3
 270 0008 0E       		.uleb128 0xe
 271 0009 1B       		.uleb128 0x1b
 272 000a 0E       		.uleb128 0xe
 273 000b 55       		.uleb128 0x55
 274 000c 17       		.uleb128 0x17
 275 000d 11       		.uleb128 0x11
 276 000e 01       		.uleb128 0x1
 277 000f 10       		.uleb128 0x10
 278 0010 17       		.uleb128 0x17
 279 0011 00       		.byte	0
 280 0012 00       		.byte	0
 281 0013 02       		.uleb128 0x2
 282 0014 24       		.uleb128 0x24
 283 0015 00       		.byte	0
 284 0016 0B       		.uleb128 0xb
 285 0017 0B       		.uleb128 0xb
 286 0018 3E       		.uleb128 0x3e
 287 0019 0B       		.uleb128 0xb
 288 001a 03       		.uleb128 0x3
 289 001b 0E       		.uleb128 0xe
 290 001c 00       		.byte	0
 291 001d 00       		.byte	0
 292 001e 03       		.uleb128 0x3
 293 001f 16       		.uleb128 0x16
 294 0020 00       		.byte	0
 295 0021 03       		.uleb128 0x3
 296 0022 0E       		.uleb128 0xe
 297 0023 3A       		.uleb128 0x3a
 298 0024 0B       		.uleb128 0xb
 299 0025 3B       		.uleb128 0x3b
 300 0026 0B       		.uleb128 0xb
 301 0027 49       		.uleb128 0x49
 302 0028 13       		.uleb128 0x13
 303 0029 00       		.byte	0
 304 002a 00       		.byte	0
 305 002b 04       		.uleb128 0x4
 306 002c 24       		.uleb128 0x24
 307 002d 00       		.byte	0
 308 002e 0B       		.uleb128 0xb
 309 002f 0B       		.uleb128 0xb
 310 0030 3E       		.uleb128 0x3e
 311 0031 0B       		.uleb128 0xb
 312 0032 03       		.uleb128 0x3
 313 0033 08       		.uleb128 0x8
 314 0034 00       		.byte	0
 315 0035 00       		.byte	0
 316 0036 05       		.uleb128 0x5
ARM GAS  C:\Users\Acer\AppData\Local\Temp\ccGrg2bA.s 			page 7


 317 0037 2E       		.uleb128 0x2e
 318 0038 01       		.byte	0x1
 319 0039 3F       		.uleb128 0x3f
 320 003a 19       		.uleb128 0x19
 321 003b 03       		.uleb128 0x3
 322 003c 0E       		.uleb128 0xe
 323 003d 3A       		.uleb128 0x3a
 324 003e 0B       		.uleb128 0xb
 325 003f 3B       		.uleb128 0x3b
 326 0040 0B       		.uleb128 0xb
 327 0041 27       		.uleb128 0x27
 328 0042 19       		.uleb128 0x19
 329 0043 49       		.uleb128 0x49
 330 0044 13       		.uleb128 0x13
 331 0045 8701     		.uleb128 0x87
 332 0047 19       		.uleb128 0x19
 333 0048 11       		.uleb128 0x11
 334 0049 01       		.uleb128 0x1
 335 004a 12       		.uleb128 0x12
 336 004b 06       		.uleb128 0x6
 337 004c 40       		.uleb128 0x40
 338 004d 18       		.uleb128 0x18
 339 004e 9742     		.uleb128 0x2117
 340 0050 19       		.uleb128 0x19
 341 0051 01       		.uleb128 0x1
 342 0052 13       		.uleb128 0x13
 343 0053 00       		.byte	0
 344 0054 00       		.byte	0
 345 0055 06       		.uleb128 0x6
 346 0056 898201   		.uleb128 0x4109
 347 0059 01       		.byte	0x1
 348 005a 11       		.uleb128 0x11
 349 005b 01       		.uleb128 0x1
 350 005c 31       		.uleb128 0x31
 351 005d 13       		.uleb128 0x13
 352 005e 01       		.uleb128 0x1
 353 005f 13       		.uleb128 0x13
 354 0060 00       		.byte	0
 355 0061 00       		.byte	0
 356 0062 07       		.uleb128 0x7
 357 0063 8A8201   		.uleb128 0x410a
 358 0066 00       		.byte	0
 359 0067 02       		.uleb128 0x2
 360 0068 18       		.uleb128 0x18
 361 0069 9142     		.uleb128 0x2111
 362 006b 18       		.uleb128 0x18
 363 006c 00       		.byte	0
 364 006d 00       		.byte	0
 365 006e 08       		.uleb128 0x8
 366 006f 898201   		.uleb128 0x4109
 367 0072 01       		.byte	0x1
 368 0073 11       		.uleb128 0x11
 369 0074 01       		.uleb128 0x1
 370 0075 31       		.uleb128 0x31
 371 0076 13       		.uleb128 0x13
 372 0077 00       		.byte	0
 373 0078 00       		.byte	0
ARM GAS  C:\Users\Acer\AppData\Local\Temp\ccGrg2bA.s 			page 8


 374 0079 09       		.uleb128 0x9
 375 007a 34       		.uleb128 0x34
 376 007b 00       		.byte	0
 377 007c 03       		.uleb128 0x3
 378 007d 0E       		.uleb128 0xe
 379 007e 3A       		.uleb128 0x3a
 380 007f 0B       		.uleb128 0xb
 381 0080 3B       		.uleb128 0x3b
 382 0081 05       		.uleb128 0x5
 383 0082 49       		.uleb128 0x49
 384 0083 13       		.uleb128 0x13
 385 0084 3F       		.uleb128 0x3f
 386 0085 19       		.uleb128 0x19
 387 0086 3C       		.uleb128 0x3c
 388 0087 19       		.uleb128 0x19
 389 0088 00       		.byte	0
 390 0089 00       		.byte	0
 391 008a 0A       		.uleb128 0xa
 392 008b 35       		.uleb128 0x35
 393 008c 00       		.byte	0
 394 008d 49       		.uleb128 0x49
 395 008e 13       		.uleb128 0x13
 396 008f 00       		.byte	0
 397 0090 00       		.byte	0
 398 0091 0B       		.uleb128 0xb
 399 0092 2E       		.uleb128 0x2e
 400 0093 00       		.byte	0
 401 0094 3F       		.uleb128 0x3f
 402 0095 19       		.uleb128 0x19
 403 0096 3C       		.uleb128 0x3c
 404 0097 19       		.uleb128 0x19
 405 0098 6E       		.uleb128 0x6e
 406 0099 0E       		.uleb128 0xe
 407 009a 03       		.uleb128 0x3
 408 009b 0E       		.uleb128 0xe
 409 009c 3A       		.uleb128 0x3a
 410 009d 0B       		.uleb128 0xb
 411 009e 3B       		.uleb128 0x3b
 412 009f 0B       		.uleb128 0xb
 413 00a0 00       		.byte	0
 414 00a1 00       		.byte	0
 415 00a2 00       		.byte	0
 416              		.section	.debug_aranges,"",%progbits
 417 0000 1C000000 		.4byte	0x1c
 418 0004 0200     		.2byte	0x2
 419 0006 00000000 		.4byte	.Ldebug_info0
 420 000a 04       		.byte	0x4
 421 000b 00       		.byte	0
 422 000c 0000     		.2byte	0
 423 000e 0000     		.2byte	0
 424 0010 00000000 		.4byte	.LFB64
 425 0014 2E000000 		.4byte	.LFE64-.LFB64
 426 0018 00000000 		.4byte	0
 427 001c 00000000 		.4byte	0
 428              		.section	.debug_ranges,"",%progbits
 429              	.Ldebug_ranges0:
 430 0000 00000000 		.4byte	.LFB64
ARM GAS  C:\Users\Acer\AppData\Local\Temp\ccGrg2bA.s 			page 9


 431 0004 2E000000 		.4byte	.LFE64
 432 0008 00000000 		.4byte	0
 433 000c 00000000 		.4byte	0
 434              		.section	.debug_line,"",%progbits
 435              	.Ldebug_line0:
 436 0000 92010000 		.section	.debug_str,"MS",%progbits,1
 436      02005E01 
 436      00000201 
 436      FB0E0D00 
 436      01010101 
 437              	.LASF6:
 438 0000 6C6F6E67 		.ascii	"long long int\000"
 438      206C6F6E 
 438      6720696E 
 438      7400
 439              	.LASF3:
 440 000e 73686F72 		.ascii	"short unsigned int\000"
 440      7420756E 
 440      7369676E 
 440      65642069 
 440      6E7400
 441              	.LASF8:
 442 0021 756E7369 		.ascii	"unsigned int\000"
 442      676E6564 
 442      20696E74 
 442      00
 443              	.LASF17:
 444 002e 4C454432 		.ascii	"LED2_Write\000"
 444      5F577269 
 444      746500
 445              	.LASF20:
 446 0039 6D61696E 		.ascii	"main.c\000"
 446      2E6300
 447              	.LASF22:
 448 0040 6D61696E 		.ascii	"main\000"
 448      00
 449              	.LASF19:
 450 0045 474E5520 		.ascii	"GNU C11 5.4.1 20160609 (release) [ARM/embedded-5-br"
 450      43313120 
 450      352E342E 
 450      31203230 
 450      31363036 
 451 0078 616E6368 		.ascii	"anch revision 237715] -mcpu=cortex-m3 -mthumb -g -O"
 451      20726576 
 451      6973696F 
 451      6E203233 
 451      37373135 
 452 00ab 67202D66 		.ascii	"g -ffunction-sections -ffat-lto-objects\000"
 452      66756E63 
 452      74696F6E 
 452      2D736563 
 452      74696F6E 
 453              	.LASF18:
 454 00d3 43794465 		.ascii	"CyDelay\000"
 454      6C617900 
 455              	.LASF5:
 456 00db 6C6F6E67 		.ascii	"long unsigned int\000"
ARM GAS  C:\Users\Acer\AppData\Local\Temp\ccGrg2bA.s 			page 10


 456      20756E73 
 456      69676E65 
 456      6420696E 
 456      7400
 457              	.LASF7:
 458 00ed 6C6F6E67 		.ascii	"long long unsigned int\000"
 458      206C6F6E 
 458      6720756E 
 458      7369676E 
 458      65642069 
 459              	.LASF1:
 460 0104 756E7369 		.ascii	"unsigned char\000"
 460      676E6564 
 460      20636861 
 460      7200
 461              	.LASF13:
 462 0112 63686172 		.ascii	"char\000"
 462      00
 463              	.LASF4:
 464 0117 6C6F6E67 		.ascii	"long int\000"
 464      20696E74 
 464      00
 465              	.LASF12:
 466 0120 646F7562 		.ascii	"double\000"
 466      6C6500
 467              	.LASF21:
 468 0127 433A5C55 		.ascii	"C:\\Users\\Acer\\3D Objects\\Class Notes\\PSoC\\Wor"
 468      73657273 
 468      5C416365 
 468      725C3344 
 468      204F626A 
 469 0154 6B737061 		.ascii	"kspace_1\\endsem_LED.cydsn\000"
 469      63655F31 
 469      5C656E64 
 469      73656D5F 
 469      4C45442E 
 470              	.LASF23:
 471 016e 49544D5F 		.ascii	"ITM_RxBuffer\000"
 471      52784275 
 471      66666572 
 471      00
 472              	.LASF0:
 473 017b 7369676E 		.ascii	"signed char\000"
 473      65642063 
 473      68617200 
 474              	.LASF15:
 475 0187 6C6F6E67 		.ascii	"long double\000"
 475      20646F75 
 475      626C6500 
 476              	.LASF9:
 477 0193 5F5F696E 		.ascii	"__int32_t\000"
 477      7433325F 
 477      7400
 478              	.LASF16:
 479 019d 4C454431 		.ascii	"LED1_Write\000"
 479      5F577269 
 479      746500
ARM GAS  C:\Users\Acer\AppData\Local\Temp\ccGrg2bA.s 			page 11


 480              	.LASF11:
 481 01a8 666C6F61 		.ascii	"float\000"
 481      7400
 482              	.LASF2:
 483 01ae 73686F72 		.ascii	"short int\000"
 483      7420696E 
 483      7400
 484              	.LASF10:
 485 01b8 696E7433 		.ascii	"int32_t\000"
 485      325F7400 
 486              	.LASF14:
 487 01c0 73697A65 		.ascii	"sizetype\000"
 487      74797065 
 487      00
 488              		.ident	"GCC: (GNU Tools for ARM Embedded Processors) 5.4.1 20160609 (release) [ARM/embedded-5-bran
