Port monitor named: Port1_h1[7].prt

nx        = 87
ny        = 71
nz        = 33

nu        = 16
nv        = 47
iu        = 11
iv        = 21

idir      = 1
dcut      = -1.500000e-002
icut      = 8
type      = 1
frequency = 7.000000e+009

fcutoff   = 0.000000e+000
alpha     = 0.000000e+000
beta      = 2.721860e+002
accuracy  = 2.238050e-010

type          = QTEM
wave imp.     = 2.137166e+002
wave imp.sig. = 2.270741e-009
line imp.     = 4.948522e+001

ref. port     = 0

-0.000000e+000  4.426230e-002  8.792223e-002  1.303895e-001  1.763044e-001  2.143847e-001  2.496266e-001  2.816037e-001  3.134949e-001  3.418869e-001  3.665754e-001  4.318089e-001  3.996991e-001  2.928027e-001  1.519693e-001  -0.000000e+000  
-0.000000e+000  4.959342e-002  9.847492e-002  1.459481e-001  1.971455e-001  2.394533e-001  2.784318e-001  3.135939e-001  3.483950e-001  3.790769e-001  4.054286e-001  4.700103e-001  4.265118e-001  3.077771e-001  1.582911e-001  -0.000000e+000  
-0.000000e+000  6.125031e-002  1.215374e-001  1.799223e-001  2.425936e-001  2.940355e-001  3.410315e-001  3.829613e-001  4.238569e-001  4.592312e-001  4.888677e-001  5.499774e-001  4.809133e-001  3.373899e-001  1.705720e-001  -0.000000e+000  
-0.000000e+000  8.151853e-002  1.616031e-001  2.388609e-001  3.212587e-001  3.882626e-001  4.487548e-001  5.018822e-001  5.526015e-001  5.952318e-001  6.295782e-001  6.789665e-001  5.641002e-001  3.807180e-001  1.879908e-001  -0.000000e+000  
-0.000000e+000  1.146955e-001  2.271083e-001  3.350302e-001  4.492027e-001  5.409434e-001  6.225048e-001  6.926532e-001  7.576870e-001  8.101502e-001  8.499676e-001  8.679785e-001  6.768380e-001  4.357299e-001  2.090854e-001  -0.000000e+000  
-0.000000e+000  1.646736e-001  3.256387e-001  4.793189e-001  6.403718e-001  7.679558e-001  8.792718e-001  9.725182e-001  1.055692e+000  1.119043e+000  1.162879e+000  1.112165e+000  8.076438e-001  4.939544e-001  2.298985e-001  -0.000000e+000  
-0.000000e+000  2.144864e-001  4.237085e-001  6.225890e-001  8.294131e-001  9.912942e-001  1.130211e+000  1.243786e+000  1.341370e+000  1.411384e+000  1.454814e+000  1.315637e+000  9.039954e-001  5.323955e-001  2.424394e-001  -0.000000e+000  
-0.000000e+000  2.490839e-001  4.917956e-001  7.219786e-001  9.603520e-001  1.145646e+000  1.303093e+000  1.429887e+000  1.536200e+000  1.609359e+000  1.650969e+000  1.444393e+000  9.613291e-001  5.540162e-001  2.491373e-001  -0.000000e+000  
-0.000000e+000  2.907367e-001  5.737532e-001  8.415586e-001  1.117706e+000  1.330771e+000  1.509797e+000  1.651416e+000  1.766617e+000  1.841645e+000  1.879088e+000  1.584436e+000  1.019540e+000  5.745526e-001  2.550860e-001  -0.000000e+000  
-0.000000e+000  3.405506e-001  6.717893e-001  9.846125e-001  1.305865e+000  1.551812e+000  1.755892e+000  1.913943e+000  2.037689e+000  2.112406e+000  2.142240e+000  1.734247e+000  1.077149e+000  5.932926e-001  2.600300e-001  -0.000000e+000  
-0.000000e+000  3.999747e-001  7.888376e-001  1.155585e+000  1.530921e+000  1.816063e+000  2.049417e+000  2.225606e+000  2.356861e+000  2.427744e+000  2.444925e+000  1.892617e+000  1.132933e+000  6.096864e-001  2.637826e-001  -0.000000e+000  
-0.000000e+000  4.713508e-001  9.296804e-001  1.361828e+000  1.803157e+000  2.136067e+000  2.404437e+000  2.600845e+000  2.737487e+000  2.798725e+000  2.795461e+000  2.059131e+000  1.185864e+000  6.232321e-001  2.661617e-001  -0.000000e+000  
-0.000000e+000  6.113008e-001  1.206729e+000  1.769440e+000  2.344376e+000  2.774723e+000  3.113572e+000  3.347376e+000  3.486219e+000  3.515808e+000  3.459107e+000  2.341057e+000  1.265018e+000  6.396209e-001  2.674441e-001  -0.000000e+000  
-0.000000e+000  8.942183e-001  1.774314e+000  2.621502e+000  3.506655e+000  4.176146e+000  4.689406e+000  4.999361e+000  5.092280e+000  4.970717e+000  4.714639e+000  2.726822e+000  1.333121e+000  6.377574e-001  2.590785e-001  -0.000000e+000  
-0.000000e+000  1.152953e+000  2.312505e+000  3.476425e+000  4.770333e+000  5.817742e+000  6.650293e+000  7.099515e+000  7.027030e+000  6.525745e+000  5.848836e+000  2.925046e+000  1.328480e+000  6.124580e-001  2.442122e-001  -0.000000e+000  
-0.000000e+000  1.302216e+000  2.633501e+000  4.015171e+000  5.637076e+000  7.052368e+000  8.266503e+000  8.931229e+000  8.615217e+000  7.652215e+000  6.535615e+000  2.998513e+000  1.306499e+000  5.897194e-001  2.326136e-001  -0.000000e+000  
-0.000000e+000  1.417704e+000  2.895553e+000  4.495009e+000  6.517262e+000  8.503559e+000  1.048594e+001  1.177423e+001  1.081295e+001  8.939919e+000  7.122462e+000  3.006091e+000  1.262825e+000  5.592978e-001  2.184398e-001  -0.000000e+000  
-0.000000e+000  1.465982e+000  3.022474e+000  4.780814e+000  7.201545e+000  9.990283e+000  1.355042e+001  1.704562e+001  1.395071e+001  1.023898e+001  7.439925e+000  2.926933e+000  1.193767e+000  5.199598e-001  2.012373e-001  -0.000000e+000  
-0.000000e+000  1.401452e+000  2.898637e+000  4.623812e+000  7.140081e+000  1.054767e+001  1.676237e+001  2.986872e+001  1.783989e+001  1.068854e+001  7.147071e+000  2.735364e+000  1.095837e+000  4.708991e-001  1.808006e-001  -0.000000e+000  
-0.000000e+000  1.216382e+000  2.488257e+000  3.879327e+000  5.691647e+000  7.607140e+000  9.750435e+000  -0.000000e+000  8.864277e+000  7.540713e+000  5.971040e+000  2.433810e+000  9.718773e-001  4.136056e-001  1.577651e-001  -0.000000e+000  
-0.000000e+000  9.609275e-001  1.926839e+000  2.884006e+000  3.871205e+000  4.374366e+000  3.782474e+000  -0.000000e+000  3.710265e+000  4.665104e+000  4.525379e+000  2.049543e+000  8.247116e-001  3.488345e-001  1.323819e-001  -0.000000e+000  
-0.000000e+000  6.981386e-001  1.373988e+000  1.983616e+000  2.476959e+000  2.496405e+000  1.772616e+000  -0.000000e+000  1.875431e+000  2.906559e+000  3.222955e+000  1.614996e+000  6.583850e-001  2.776340e-001  1.049788e-001  -0.000000e+000  
-0.000000e+000  2.263918e-001  4.297571e-001  5.828696e-001  6.544714e-001  5.812078e-001  3.542826e-001  -0.000000e+000  4.574847e-001  8.479575e-001  1.087460e+000  6.930243e-001  2.965245e-001  1.249454e-001  4.692563e-002  -0.000000e+000  
-0.000000e+000  -2.263918e-001  -4.297571e-001  -5.828696e-001  -6.544714e-001  -5.812078e-001  -3.542826e-001  -0.000000e+000  -4.574847e-001  -8.479575e-001  -1.087460e+000  -6.930243e-001  -2.965245e-001  -1.249454e-001  -4.692563e-002  -0.000000e+000  
-0.000000e+000  -6.981385e-001  -1.373988e+000  -1.983616e+000  -2.476959e+000  -2.496405e+000  -1.772616e+000  -0.000000e+000  -1.875431e+000  -2.906559e+000  -3.222955e+000  -1.614996e+000  -6.583850e-001  -2.776340e-001  -1.049788e-001  -0.000000e+000  
-0.000000e+000  -9.609276e-001  -1.926839e+000  -2.884006e+000  -3.871205e+000  -4.374366e+000  -3.782474e+000  -0.000000e+000  -3.710265e+000  -4.665104e+000  -4.525379e+000  -2.049543e+000  -8.247116e-001  -3.488345e-001  -1.323819e-001  -0.000000e+000  
-0.000000e+000  -1.216382e+000  -2.488257e+000  -3.879327e+000  -5.691647e+000  -7.607140e+000  -9.750435e+000  -0.000000e+000  -8.864277e+000  -7.540713e+000  -5.971040e+000  -2.433810e+000  -9.718773e-001  -4.136056e-001  -1.577651e-001  -0.000000e+000  
-0.000000e+000  -1.401452e+000  -2.898637e+000  -4.623812e+000  -7.140081e+000  -1.054767e+001  -1.676237e+001  -2.986872e+001  -1.783989e+001  -1.068854e+001  -7.147071e+000  -2.735364e+000  -1.095837e+000  -4.708991e-001  -1.808005e-001  -0.000000e+000  
-0.000000e+000  -1.465982e+000  -3.022474e+000  -4.780814e+000  -7.201545e+000  -9.990283e+000  -1.355042e+001  -1.704562e+001  -1.395071e+001  -1.023898e+001  -7.439925e+000  -2.926933e+000  -1.193767e+000  -5.199598e-001  -2.012373e-001  -0.000000e+000  
-0.000000e+000  -1.417704e+000  -2.895553e+000  -4.495009e+000  -6.517262e+000  -8.503558e+000  -1.048594e+001  -1.177423e+001  -1.081295e+001  -8.939919e+000  -7.122462e+000  -3.006091e+000  -1.262825e+000  -5.592978e-001  -2.184397e-001  -0.000000e+000  
-0.000000e+000  -1.302216e+000  -2.633501e+000  -4.015171e+000  -5.637076e+000  -7.052368e+000  -8.266503e+000  -8.931229e+000  -8.615218e+000  -7.652215e+000  -6.535615e+000  -2.998513e+000  -1.306499e+000  -5.897194e-001  -2.326136e-001  -0.000000e+000  
-0.000000e+000  -1.152953e+000  -2.312505e+000  -3.476425e+000  -4.770333e+000  -5.817742e+000  -6.650293e+000  -7.099516e+000  -7.027030e+000  -6.525745e+000  -5.848836e+000  -2.925046e+000  -1.328480e+000  -6.124580e-001  -2.442121e-001  -0.000000e+000  
-0.000000e+000  -8.942183e-001  -1.774314e+000  -2.621502e+000  -3.506655e+000  -4.176146e+000  -4.689406e+000  -4.999361e+000  -5.092280e+000  -4.970717e+000  -4.714639e+000  -2.726822e+000  -1.333121e+000  -6.377574e-001  -2.590785e-001  -0.000000e+000  
-0.000000e+000  -6.113008e-001  -1.206729e+000  -1.769440e+000  -2.344376e+000  -2.774723e+000  -3.113572e+000  -3.347376e+000  -3.486219e+000  -3.515808e+000  -3.459107e+000  -2.341057e+000  -1.265018e+000  -6.396210e-001  -2.674441e-001  -0.000000e+000  
-0.000000e+000  -4.713508e-001  -9.296805e-001  -1.361828e+000  -1.803157e+000  -2.136067e+000  -2.404437e+000  -2.600845e+000  -2.737487e+000  -2.798725e+000  -2.795461e+000  -2.059131e+000  -1.185864e+000  -6.232320e-001  -2.661617e-001  -0.000000e+000  
-0.000000e+000  -3.999748e-001  -7.888374e-001  -1.155585e+000  -1.530922e+000  -1.816063e+000  -2.049417e+000  -2.225606e+000  -2.356861e+000  -2.427744e+000  -2.444925e+000  -1.892617e+000  -1.132933e+000  -6.096864e-001  -2.637826e-001  -0.000000e+000  
-0.000000e+000  -3.405506e-001  -6.717894e-001  -9.846125e-001  -1.305865e+000  -1.551812e+000  -1.755892e+000  -1.913943e+000  -2.037689e+000  -2.112406e+000  -2.142240e+000  -1.734247e+000  -1.077149e+000  -5.932925e-001  -2.600300e-001  -0.000000e+000  
-0.000000e+000  -2.907367e-001  -5.737532e-001  -8.415585e-001  -1.117706e+000  -1.330771e+000  -1.509797e+000  -1.651416e+000  -1.766617e+000  -1.841645e+000  -1.879088e+000  -1.584436e+000  -1.019540e+000  -5.745527e-001  -2.550860e-001  -0.000000e+000  
-0.000000e+000  -2.490839e-001  -4.917956e-001  -7.219787e-001  -9.603519e-001  -1.145647e+000  -1.303093e+000  -1.429888e+000  -1.536200e+000  -1.609359e+000  -1.650969e+000  -1.444393e+000  -9.613291e-001  -5.540162e-001  -2.491374e-001  -0.000000e+000  
-0.000000e+000  -2.144864e-001  -4.237085e-001  -6.225890e-001  -8.294132e-001  -9.912941e-001  -1.130211e+000  -1.243786e+000  -1.341370e+000  -1.411384e+000  -1.454814e+000  -1.315637e+000  -9.039954e-001  -5.323955e-001  -2.424394e-001  -0.000000e+000  
-0.000000e+000  -1.646736e-001  -3.256387e-001  -4.793190e-001  -6.403718e-001  -7.679558e-001  -8.792718e-001  -9.725182e-001  -1.055692e+000  -1.119043e+000  -1.162879e+000  -1.112165e+000  -8.076438e-001  -4.939544e-001  -2.298985e-001  -0.000000e+000  
-0.000000e+000  -1.146955e-001  -2.271083e-001  -3.350302e-001  -4.492027e-001  -5.409435e-001  -6.225048e-001  -6.926532e-001  -7.576870e-001  -8.101502e-001  -8.499676e-001  -8.679785e-001  -6.768380e-001  -4.357299e-001  -2.090854e-001  -0.000000e+000  
-0.000000e+000  -8.151853e-002  -1.616031e-001  -2.388609e-001  -3.212587e-001  -3.882626e-001  -4.487548e-001  -5.018822e-001  -5.526015e-001  -5.952318e-001  -6.295782e-001  -6.789665e-001  -5.641002e-001  -3.807180e-001  -1.879908e-001  -0.000000e+000  
-0.000000e+000  -6.125031e-002  -1.215375e-001  -1.799223e-001  -2.425936e-001  -2.940354e-001  -3.410315e-001  -3.829613e-001  -4.238569e-001  -4.592312e-001  -4.888676e-001  -5.499774e-001  -4.809133e-001  -3.373899e-001  -1.705720e-001  -0.000000e+000  
-0.000000e+000  -4.959344e-002  -9.847492e-002  -1.459481e-001  -1.971455e-001  -2.394533e-001  -2.784318e-001  -3.135939e-001  -3.483950e-001  -3.790769e-001  -4.054286e-001  -4.700103e-001  -4.265118e-001  -3.077771e-001  -1.582911e-001  -0.000000e+000  
-0.000000e+000  -4.426228e-002  -8.792223e-002  -1.303895e-001  -1.763044e-001  -2.143847e-001  -2.496266e-001  -2.816037e-001  -3.134949e-001  -3.418869e-001  -3.665754e-001  -4.318089e-001  -3.996991e-001  -2.928027e-001  -1.519693e-001  -0.000000e+000  
-0.000000e+000  -0.000000e+000  -0.000000e+000  -0.000000e+000  -0.000000e+000  -0.000000e+000  -0.000000e+000  -0.000000e+000  -0.000000e+000  -0.000000e+000  -0.000000e+000  -0.000000e+000  -0.000000e+000  -0.000000e+000  -0.000000e+000  -0.000000e+000  

-0.000000e+000  -0.000000e+000  -0.000000e+000  -0.000000e+000  -0.000000e+000  -0.000000e+000  -0.000000e+000  -0.000000e+000  -0.000000e+000  -0.000000e+000  -0.000000e+000  -0.000000e+000  -0.000000e+000  -0.000000e+000  -0.000000e+000  -0.000000e+000  
-3.420582e-001  -3.392612e-001  -3.337083e-001  -3.249408e-001  -3.131016e-001  -2.996099e-001  -2.839249e-001  -2.683974e-001  -2.540408e-001  -2.389432e-001  -1.933858e-001  -1.133377e-001  -5.218797e-002  -1.795971e-002  -3.430990e-003  -0.000000e+000  
-7.076244e-001  -7.016656e-001  -6.898400e-001  -6.711817e-001  -6.460132e-001  -6.173670e-001  -5.841130e-001  -5.510192e-001  -5.201990e-001  -4.878676e-001  -3.905919e-001  -2.235689e-001  -9.966377e-002  -3.196171e-002  -3.695839e-003  -0.000000e+000  
-1.123466e+000  -1.113522e+000  -1.093802e+000  -1.062724e+000  -1.020882e+000  -9.733604e-001  -9.183375e-001  -8.631223e-001  -8.111251e-001  -7.568117e-001  -5.942310e-001  -3.261677e-001  -1.370682e-001  -3.794027e-002  2.274153e-003  -0.000000e+000  
-1.623730e+000  -1.608293e+000  -1.577711e+000  -1.529602e+000  -1.465011e+000  -1.391892e+000  -1.307559e+000  -1.222024e+000  -1.140358e+000  -1.055606e+000  -8.038417e-001  -4.135089e-001  -1.577837e-001  -3.168558e-002  1.730435e-002  -0.000000e+000  
-2.256153e+000  -2.232572e+000  -2.185923e+000  -2.112715e+000  -2.014808e+000  -1.904473e+000  -1.777918e+000  -1.648005e+000  -1.522136e+000  -1.392714e+000  -1.012385e+000  -4.726917e-001  -1.534544e-001  -8.966764e-003  4.373801e-002  -0.000000e+000  
-2.959241e+000  -2.924970e+000  -2.857273e+000  -2.751298e+000  -2.610159e+000  -2.451908e+000  -2.271548e+000  -2.084458e+000  -1.901047e+000  -1.714575e+000  -1.173695e+000  -4.843378e-001  -1.217574e-001  2.660915e-002  7.660090e-002  -0.000000e+000  
-3.307427e+000  -3.267193e+000  -3.187760e+000  -3.063530e+000  -2.898371e+000  -2.713620e+000  -2.503726e+000  -2.285106e+000  -2.069917e+000  -1.852524e+000  -1.226526e+000  -4.732033e-001  -9.949447e-002  4.580610e-002  9.269399e-002  -0.000000e+000  
-3.698248e+000  -3.650906e+000  -3.557472e+000  -3.411450e+000  -3.217610e+000  -3.001263e+000  -2.756273e+000  -2.500120e+000  -2.247143e+000  -1.993422e+000  -1.268865e+000  -4.512730e-001  -7.135626e-002  6.780439e-002  1.103375e-001  -0.000000e+000  
-4.139451e+000  -4.083615e+000  -3.973419e+000  -3.801247e+000  -3.572910e+000  -3.318544e+000  -3.031427e+000  -2.730161e+000  -2.431902e+000  -2.135316e+000  -1.296644e+000  -4.167416e-001  -3.692318e-002  9.262269e-002  1.294673e-001  -0.000000e+000  
-4.631880e+000  -4.566088e+000  -4.436174e+000  -4.233082e+000  -3.963713e+000  -3.663982e+000  -3.326619e+000  -2.971474e+000  -2.619423e+000  -2.272923e+000  -1.304682e+000  -3.685484e-001  3.460885e-003  1.197691e-001  1.496503e-001  -0.000000e+000  
-5.192657e+000  -5.115118e+000  -4.961793e+000  -4.721658e+000  -4.402569e+000  -4.047431e+000  -3.648510e+000  -3.227216e+000  -2.809653e+000  -2.403942e+000  -1.287271e+000  -3.042961e-001  5.055306e-002  1.495325e-001  1.710571e-001  -0.000000e+000  
-5.834269e+000  -5.743111e+000  -5.562364e+000  -5.278168e+000  -4.898751e+000  -4.475331e+000  -3.999850e+000  -3.495927e+000  -2.997465e+000  -2.521220e+000  -1.236500e+000  -2.220002e-001  1.044966e-001  1.817656e-001  1.935321e-001  -0.000000e+000  
-7.652062e+000  -7.523710e+000  -7.266129e+000  -6.853726e+000  -6.289857e+000  -5.648980e+000  -4.922637e+000  -4.144376e+000  -3.383456e+000  -2.694733e+000  -9.596369e-001  3.994394e-002  2.529290e-001  2.636121e-001  2.480191e-001  -0.000000e+000  
-1.016965e+001  -1.000990e+001  -9.678176e+000  -9.118014e+000  -8.292005e+000  -7.285538e+000  -6.080326e+000  -4.744150e+000  -3.482854e+000  -2.468161e+000  -3.022547e-001  4.225816e-001  4.327386e-001  3.530651e-001  3.041811e-001  -0.000000e+000  
-1.154859e+001  -1.139762e+001  -1.107415e+001  -1.049867e+001  -9.578590e+000  -8.354020e+000  -6.753597e+000  -4.868151e+000  -3.178349e+000  -1.977337e+000  1.704934e-001  6.262621e-001  5.176081e-001  3.927114e-001  3.282023e-001  -0.000000e+000  
-1.308338e+001  -1.296534e+001  -1.269959e+001  -1.218663e+001  -1.125722e+001  -9.832291e+000  -7.665563e+000  -4.771820e+000  -2.441901e+000  -1.072485e+000  7.652420e-001  8.477267e-001  6.044289e-001  4.319337e-001  3.515014e-001  -0.000000e+000  
-1.473571e+001  -1.468375e+001  -1.455171e+001  -1.424650e+001  -1.353955e+001  -1.212645e+001  -9.246584e+000  -4.072970e+000  -8.454423e-001  4.970497e-001  1.476924e+000  1.080433e+000  6.911768e-001  4.700177e-001  3.737297e-001  -0.000000e+000  
-1.652574e+001  -1.657762e+001  -1.667668e+001  -1.680746e+001  -1.683938e+001  -1.630729e+001  -1.338456e+001  -1.204296e+000  2.683870e+000  3.141789e+000  2.315957e+000  1.328254e+000  7.801868e-001  5.081760e-001  3.956540e-001  -0.000000e+000  
-1.823169e+001  -1.839318e+001  -1.875240e+001  -1.945023e+001  -2.081698e+001  -2.343673e+001  -2.971185e+001  1.861526e+001  9.673464e+000  6.542336e+000  3.142108e+000  1.564820e+000  8.637012e-001  5.433479e-001  4.155935e-001  -0.000000e+000  
-1.971569e+001  -1.994161e+001  -2.043899e+001  -2.138106e+001  -2.311006e+001  -2.600011e+001  -3.134753e+001  1.598228e+001  1.084791e+001  7.986309e+000  3.797584e+000  1.776538e+000  9.389507e-001  5.746879e-001  4.331718e-001  -0.000000e+000  
-2.089562e+001  -2.112915e+001  -2.162092e+001  -2.247555e+001  -2.380151e+001  -2.548054e+001  -2.728016e+001  1.159741e+001  9.770363e+000  8.020912e+000  4.245394e+000  1.953833e+000  1.003464e+000  6.014117e-001  4.480410e-001  -0.000000e+000  
-2.176063e+001  -2.197082e+001  -2.239173e+001  -2.305758e+001  -2.392480e+001  -2.478086e+001  -2.541537e+001  9.352380e+000  8.646820e+000  7.623178e+000  4.526991e+000  2.091919e+000  1.055262e+000  6.228499e-001  4.599039e-001  -0.000000e+000  
-2.263404e+001  -2.276872e+001  -2.302445e+001  -2.339413e+001  -2.380941e+001  -2.415564e+001  -2.436677e+001  7.670754e+000  7.367578e+000  6.805827e+000  4.704319e+000  2.261193e+000  1.125591e+000  6.522304e-001  4.760100e-001  -0.000000e+000  
-2.176063e+001  -2.197082e+001  -2.239173e+001  -2.305758e+001  -2.392480e+001  -2.478086e+001  -2.541537e+001  9.352380e+000  8.646820e+000  7.623178e+000  4.526991e+000  2.091919e+000  1.055262e+000  6.228499e-001  4.599039e-001  -0.000000e+000  
-2.089562e+001  -2.112915e+001  -2.162092e+001  -2.247555e+001  -2.380151e+001  -2.548054e+001  -2.728016e+001  1.159741e+001  9.770363e+000  8.020912e+000  4.245394e+000  1.953833e+000  1.003464e+000  6.014117e-001  4.480410e-001  -0.000000e+000  
-1.971569e+001  -1.994161e+001  -2.043899e+001  -2.138106e+001  -2.311006e+001  -2.600011e+001  -3.134753e+001  1.598228e+001  1.084791e+001  7.986309e+000  3.797584e+000  1.776538e+000  9.389507e-001  5.746879e-001  4.331718e-001  -0.000000e+000  
-1.823169e+001  -1.839318e+001  -1.875240e+001  -1.945023e+001  -2.081698e+001  -2.343673e+001  -2.971185e+001  1.861526e+001  9.673464e+000  6.542336e+000  3.142108e+000  1.564820e+000  8.637012e-001  5.433479e-001  4.155935e-001  -0.000000e+000  
-1.652574e+001  -1.657762e+001  -1.667668e+001  -1.680746e+001  -1.683939e+001  -1.630729e+001  -1.338456e+001  -1.204296e+000  2.683870e+000  3.141789e+000  2.315957e+000  1.328254e+000  7.801868e-001  5.081760e-001  3.956540e-001  -0.000000e+000  
-1.473571e+001  -1.468375e+001  -1.455171e+001  -1.424650e+001  -1.353955e+001  -1.212645e+001  -9.246584e+000  -4.072970e+000  -8.454423e-001  4.970498e-001  1.476924e+000  1.080433e+000  6.911768e-001  4.700177e-001  3.737297e-001  -0.000000e+000  
-1.308338e+001  -1.296534e+001  -1.269959e+001  -1.218663e+001  -1.125722e+001  -9.832291e+000  -7.665563e+000  -4.771820e+000  -2.441900e+000  -1.072485e+000  7.652420e-001  8.477267e-001  6.044289e-001  4.319337e-001  3.515014e-001  -0.000000e+000  
-1.154859e+001  -1.139762e+001  -1.107415e+001  -1.049867e+001  -9.578590e+000  -8.354020e+000  -6.753597e+000  -4.868151e+000  -3.178349e+000  -1.977337e+000  1.704934e-001  6.262621e-001  5.176081e-001  3.927114e-001  3.282023e-001  -0.000000e+000  
-1.016965e+001  -1.000990e+001  -9.678176e+000  -9.118014e+000  -8.292005e+000  -7.285538e+000  -6.080326e+000  -4.744150e+000  -3.482854e+000  -2.468161e+000  -3.022548e-001  4.225816e-001  4.327386e-001  3.530651e-001  3.041811e-001  -0.000000e+000  
-7.652062e+000  -7.523710e+000  -7.266129e+000  -6.853726e+000  -6.289857e+000  -5.648980e+000  -4.922637e+000  -4.144376e+000  -3.383456e+000  -2.694733e+000  -9.596369e-001  3.994394e-002  2.529290e-001  2.636121e-001  2.480191e-001  -0.000000e+000  
-5.834269e+000  -5.743111e+000  -5.562364e+000  -5.278168e+000  -4.898751e+000  -4.475331e+000  -3.999850e+000  -3.495927e+000  -2.997465e+000  -2.521220e+000  -1.236500e+000  -2.220002e-001  1.044966e-001  1.817656e-001  1.935321e-001  -0.000000e+000  
-5.192657e+000  -5.115118e+000  -4.961793e+000  -4.721658e+000  -4.402569e+000  -4.047431e+000  -3.648510e+000  -3.227216e+000  -2.809653e+000  -2.403942e+000  -1.287271e+000  -3.042961e-001  5.055307e-002  1.495325e-001  1.710571e-001  -0.000000e+000  
-4.631880e+000  -4.566088e+000  -4.436174e+000  -4.233082e+000  -3.963713e+000  -3.663982e+000  -3.326619e+000  -2.971474e+000  -2.619423e+000  -2.272923e+000  -1.304682e+000  -3.685484e-001  3.460888e-003  1.197691e-001  1.496503e-001  -0.000000e+000  
-4.139451e+000  -4.083615e+000  -3.973419e+000  -3.801247e+000  -3.572910e+000  -3.318544e+000  -3.031427e+000  -2.730161e+000  -2.431902e+000  -2.135316e+000  -1.296644e+000  -4.167415e-001  -3.692318e-002  9.262269e-002  1.294673e-001  -0.000000e+000  
-3.698248e+000  -3.650906e+000  -3.557472e+000  -3.411450e+000  -3.217610e+000  -3.001263e+000  -2.756273e+000  -2.500120e+000  -2.247143e+000  -1.993422e+000  -1.268865e+000  -4.512730e-001  -7.135625e-002  6.780439e-002  1.103375e-001  -0.000000e+000  
-3.307427e+000  -3.267193e+000  -3.187760e+000  -3.063530e+000  -2.898371e+000  -2.713620e+000  -2.503726e+000  -2.285106e+000  -2.069917e+000  -1.852524e+000  -1.226526e+000  -4.732033e-001  -9.949447e-002  4.580610e-002  9.269399e-002  -0.000000e+000  
-2.959241e+000  -2.924970e+000  -2.857273e+000  -2.751298e+000  -2.610159e+000  -2.451908e+000  -2.271548e+000  -2.084458e+000  -1.901047e+000  -1.714575e+000  -1.173695e+000  -4.843378e-001  -1.217574e-001  2.660915e-002  7.660090e-002  -0.000000e+000  
-2.256153e+000  -2.232571e+000  -2.185923e+000  -2.112715e+000  -2.014808e+000  -1.904473e+000  -1.777918e+000  -1.648005e+000  -1.522136e+000  -1.392714e+000  -1.012385e+000  -4.726917e-001  -1.534544e-001  -8.966762e-003  4.373801e-002  -0.000000e+000  
-1.623730e+000  -1.608293e+000  -1.577711e+000  -1.529602e+000  -1.465011e+000  -1.391892e+000  -1.307559e+000  -1.222024e+000  -1.140358e+000  -1.055606e+000  -8.038417e-001  -4.135089e-001  -1.577837e-001  -3.168558e-002  1.730435e-002  -0.000000e+000  
-1.123466e+000  -1.113522e+000  -1.093802e+000  -1.062724e+000  -1.020882e+000  -9.733604e-001  -9.183374e-001  -8.631223e-001  -8.111251e-001  -7.568117e-001  -5.942310e-001  -3.261677e-001  -1.370682e-001  -3.794027e-002  2.274153e-003  -0.000000e+000  
-7.076244e-001  -7.016656e-001  -6.898400e-001  -6.711817e-001  -6.460132e-001  -6.173670e-001  -5.841130e-001  -5.510192e-001  -5.201991e-001  -4.878676e-001  -3.905919e-001  -2.235689e-001  -9.966377e-002  -3.196171e-002  -3.695837e-003  -0.000000e+000  
-3.420582e-001  -3.392613e-001  -3.337082e-001  -3.249409e-001  -3.131016e-001  -2.996099e-001  -2.839249e-001  -2.683974e-001  -2.540408e-001  -2.389432e-001  -1.933858e-001  -1.133377e-001  -5.218797e-002  -1.795971e-002  -3.430991e-003  -0.000000e+000  
-0.000000e+000  -0.000000e+000  -0.000000e+000  -0.000000e+000  -0.000000e+000  -0.000000e+000  -0.000000e+000  -0.000000e+000  -0.000000e+000  -0.000000e+000  -0.000000e+000  -0.000000e+000  -0.000000e+000  -0.000000e+000  -0.000000e+000  -0.000000e+000  

0.000000e+000  0.000000e+000  0.000000e+000  0.000000e+000  0.000000e+000  0.000000e+000  0.000000e+000  0.000000e+000  0.000000e+000  0.000000e+000  0.000000e+000  0.000000e+000  0.000000e+000  0.000000e+000  0.000000e+000  0.000000e+000  
0.000000e+000  0.000000e+000  0.000000e+000  0.000000e+000  0.000000e+000  0.000000e+000  0.000000e+000  0.000000e+000  0.000000e+000  0.000000e+000  0.000000e+000  0.000000e+000  0.000000e+000  0.000000e+000  0.000000e+000  0.000000e+000  
0.000000e+000  0.000000e+000  0.000000e+000  0.000000e+000  0.000000e+000  0.000000e+000  0.000000e+000  0.000000e+000  0.000000e+000  0.000000e+000  0.000000e+000  0.000000e+000  0.000000e+000  0.000000e+000  0.000000e+000  0.000000e+000  
0.000000e+000  0.000000e+000  0.000000e+000  0.000000e+000  0.000000e+000  0.000000e+000  0.000000e+000  0.000000e+000  0.000000e+000  0.000000e+000  0.000000e+000  0.000000e+000  0.000000e+000  0.000000e+000  0.000000e+000  0.000000e+000  
0.000000e+000  0.000000e+000  0.000000e+000  0.000000e+000  0.000000e+000  0.000000e+000  0.000000e+000  0.000000e+000  0.000000e+000  0.000000e+000  0.000000e+000  0.000000e+000  0.000000e+000  0.000000e+000  0.000000e+000  0.000000e+000  
0.000000e+000  0.000000e+000  0.000000e+000  0.000000e+000  0.000000e+000  0.000000e+000  0.000000e+000  0.000000e+000  0.000000e+000  0.000000e+000  0.000000e+000  0.000000e+000  0.000000e+000  0.000000e+000  0.000000e+000  0.000000e+000  
0.000000e+000  0.000000e+000  0.000000e+000  0.000000e+000  0.000000e+000  0.000000e+000  0.000000e+000  0.000000e+000  0.000000e+000  0.000000e+000  0.000000e+000  0.000000e+000  0.000000e+000  0.000000e+000  0.000000e+000  0.000000e+000  
0.000000e+000  0.000000e+000  0.000000e+000  0.000000e+000  0.000000e+000  0.000000e+000  0.000000e+000  0.000000e+000  0.000000e+000  0.000000e+000  0.000000e+000  0.000000e+000  0.000000e+000  0.000000e+000  0.000000e+000  0.000000e+000  
0.000000e+000  0.000000e+000  0.000000e+000  0.000000e+000  0.000000e+000  0.000000e+000  0.000000e+000  0.000000e+000  0.000000e+000  0.000000e+000  0.000000e+000  0.000000e+000  0.000000e+000  0.000000e+000  0.000000e+000  0.000000e+000  
0.000000e+000  0.000000e+000  0.000000e+000  0.000000e+000  0.000000e+000  0.000000e+000  0.000000e+000  0.000000e+000  0.000000e+000  0.000000e+000  0.000000e+000  0.000000e+000  0.000000e+000  0.000000e+000  0.000000e+000  0.000000e+000  
0.000000e+000  0.000000e+000  0.000000e+000  0.000000e+000  0.000000e+000  0.000000e+000  0.000000e+000  0.000000e+000  0.000000e+000  0.000000e+000  0.000000e+000  0.000000e+000  0.000000e+000  0.000000e+000  0.000000e+000  0.000000e+000  
0.000000e+000  0.000000e+000  0.000000e+000  0.000000e+000  0.000000e+000  0.000000e+000  0.000000e+000  0.000000e+000  0.000000e+000  0.000000e+000  0.000000e+000  0.000000e+000  0.000000e+000  0.000000e+000  0.000000e+000  0.000000e+000  
0.000000e+000  0.000000e+000  0.000000e+000  0.000000e+000  0.000000e+000  0.000000e+000  0.000000e+000  0.000000e+000  0.000000e+000  0.000000e+000  0.000000e+000  0.000000e+000  0.000000e+000  0.000000e+000  0.000000e+000  0.000000e+000  
0.000000e+000  0.000000e+000  0.000000e+000  0.000000e+000  0.000000e+000  0.000000e+000  0.000000e+000  0.000000e+000  0.000000e+000  0.000000e+000  0.000000e+000  0.000000e+000  0.000000e+000  0.000000e+000  0.000000e+000  0.000000e+000  
0.000000e+000  0.000000e+000  0.000000e+000  0.000000e+000  0.000000e+000  0.000000e+000  0.000000e+000  0.000000e+000  0.000000e+000  0.000000e+000  0.000000e+000  0.000000e+000  0.000000e+000  0.000000e+000  0.000000e+000  0.000000e+000  
0.000000e+000  0.000000e+000  0.000000e+000  0.000000e+000  0.000000e+000  0.000000e+000  0.000000e+000  0.000000e+000  0.000000e+000  0.000000e+000  0.000000e+000  0.000000e+000  0.000000e+000  0.000000e+000  0.000000e+000  0.000000e+000  
0.000000e+000  0.000000e+000  0.000000e+000  0.000000e+000  0.000000e+000  0.000000e+000  0.000000e+000  0.000000e+000  0.000000e+000  0.000000e+000  0.000000e+000  0.000000e+000  0.000000e+000  0.000000e+000  0.000000e+000  0.000000e+000  
0.000000e+000  0.000000e+000  0.000000e+000  0.000000e+000  0.000000e+000  0.000000e+000  0.000000e+000  0.000000e+000  0.000000e+000  0.000000e+000  0.000000e+000  0.000000e+000  0.000000e+000  0.000000e+000  0.000000e+000  0.000000e+000  
0.000000e+000  0.000000e+000  0.000000e+000  0.000000e+000  0.000000e+000  0.000000e+000  0.000000e+000  0.000000e+000  0.000000e+000  0.000000e+000  0.000000e+000  0.000000e+000  0.000000e+000  0.000000e+000  0.000000e+000  0.000000e+000  
0.000000e+000  0.000000e+000  0.000000e+000  0.000000e+000  0.000000e+000  0.000000e+000  0.000000e+000  0.000000e+000  0.000000e+000  0.000000e+000  0.000000e+000  0.000000e+000  0.000000e+000  0.000000e+000  0.000000e+000  0.000000e+000  
0.000000e+000  0.000000e+000  0.000000e+000  0.000000e+000  0.000000e+000  0.000000e+000  0.000000e+000  0.000000e+000  0.000000e+000  0.000000e+000  0.000000e+000  0.000000e+000  0.000000e+000  0.000000e+000  0.000000e+000  0.000000e+000  
0.000000e+000  0.000000e+000  0.000000e+000  0.000000e+000  0.000000e+000  0.000000e+000  0.000000e+000  0.000000e+000  0.000000e+000  0.000000e+000  0.000000e+000  0.000000e+000  0.000000e+000  0.000000e+000  0.000000e+000  0.000000e+000  
0.000000e+000  0.000000e+000  0.000000e+000  0.000000e+000  0.000000e+000  0.000000e+000  0.000000e+000  0.000000e+000  0.000000e+000  0.000000e+000  0.000000e+000  0.000000e+000  0.000000e+000  0.000000e+000  0.000000e+000  0.000000e+000  
0.000000e+000  0.000000e+000  0.000000e+000  0.000000e+000  0.000000e+000  0.000000e+000  0.000000e+000  0.000000e+000  0.000000e+000  0.000000e+000  0.000000e+000  0.000000e+000  0.000000e+000  0.000000e+000  0.000000e+000  0.000000e+000  
0.000000e+000  0.000000e+000  0.000000e+000  0.000000e+000  0.000000e+000  0.000000e+000  0.000000e+000  0.000000e+000  0.000000e+000  0.000000e+000  0.000000e+000  0.000000e+000  0.000000e+000  0.000000e+000  0.000000e+000  0.000000e+000  
0.000000e+000  0.000000e+000  0.000000e+000  0.000000e+000  0.000000e+000  0.000000e+000  0.000000e+000  0.000000e+000  0.000000e+000  0.000000e+000  0.000000e+000  0.000000e+000  0.000000e+000  0.000000e+000  0.000000e+000  0.000000e+000  
0.000000e+000  0.000000e+000  0.000000e+000  0.000000e+000  0.000000e+000  0.000000e+000  0.000000e+000  0.000000e+000  0.000000e+000  0.000000e+000  0.000000e+000  0.000000e+000  0.000000e+000  0.000000e+000  0.000000e+000  0.000000e+000  
0.000000e+000  0.000000e+000  0.000000e+000  0.000000e+000  0.000000e+000  0.000000e+000  0.000000e+000  0.000000e+000  0.000000e+000  0.000000e+000  0.000000e+000  0.000000e+000  0.000000e+000  0.000000e+000  0.000000e+000  0.000000e+000  
0.000000e+000  0.000000e+000  0.000000e+000  0.000000e+000  0.000000e+000  0.000000e+000  0.000000e+000  0.000000e+000  0.000000e+000  0.000000e+000  0.000000e+000  0.000000e+000  0.000000e+000  0.000000e+000  0.000000e+000  0.000000e+000  
0.000000e+000  0.000000e+000  0.000000e+000  0.000000e+000  0.000000e+000  0.000000e+000  0.000000e+000  0.000000e+000  0.000000e+000  0.000000e+000  0.000000e+000  0.000000e+000  0.000000e+000  0.000000e+000  0.000000e+000  0.000000e+000  
0.000000e+000  0.000000e+000  0.000000e+000  0.000000e+000  0.000000e+000  0.000000e+000  0.000000e+000  0.000000e+000  0.000000e+000  0.000000e+000  0.000000e+000  0.000000e+000  0.000000e+000  0.000000e+000  0.000000e+000  0.000000e+000  
0.000000e+000  0.000000e+000  0.000000e+000  0.000000e+000  0.000000e+000  0.000000e+000  0.000000e+000  0.000000e+000  0.000000e+000  0.000000e+000  0.000000e+000  0.000000e+000  0.000000e+000  0.000000e+000  0.000000e+000  0.000000e+000  
0.000000e+000  0.000000e+000  0.000000e+000  0.000000e+000  0.000000e+000  0.000000e+000  0.000000e+000  0.000000e+000  0.000000e+000  0.000000e+000  0.000000e+000  0.000000e+000  0.000000e+000  0.000000e+000  0.000000e+000  0.000000e+000  
0.000000e+000  0.000000e+000  0.000000e+000  0.000000e+000  0.000000e+000  0.000000e+000  0.000000e+000  0.000000e+000  0.000000e+000  0.000000e+000  0.000000e+000  0.000000e+000  0.000000e+000  0.000000e+000  0.000000e+000  0.000000e+000  
0.000000e+000  0.000000e+000  0.000000e+000  0.000000e+000  0.000000e+000  0.000000e+000  0.000000e+000  0.000000e+000  0.000000e+000  0.000000e+000  0.000000e+000  0.000000e+000  0.000000e+000  0.000000e+000  0.000000e+000  0.000000e+000  
0.000000e+000  0.000000e+000  0.000000e+000  0.000000e+000  0.000000e+000  0.000000e+000  0.000000e+000  0.000000e+000  0.000000e+000  0.000000e+000  0.000000e+000  0.000000e+000  0.000000e+000  0.000000e+000  0.000000e+000  0.000000e+000  
0.000000e+000  0.000000e+000  0.000000e+000  0.000000e+000  0.000000e+000  0.000000e+000  0.000000e+000  0.000000e+000  0.000000e+000  0.000000e+000  0.000000e+000  0.000000e+000  0.000000e+000  0.000000e+000  0.000000e+000  0.000000e+000  
0.000000e+000  0.000000e+000  0.000000e+000  0.000000e+000  0.000000e+000  0.000000e+000  0.000000e+000  0.000000e+000  0.000000e+000  0.000000e+000  0.000000e+000  0.000000e+000  0.000000e+000  0.000000e+000  0.000000e+000  0.000000e+000  
0.000000e+000  0.000000e+000  0.000000e+000  0.000000e+000  0.000000e+000  0.000000e+000  0.000000e+000  0.000000e+000  0.000000e+000  0.000000e+000  0.000000e+000  0.000000e+000  0.000000e+000  0.000000e+000  0.000000e+000  0.000000e+000  
0.000000e+000  0.000000e+000  0.000000e+000  0.000000e+000  0.000000e+000  0.000000e+000  0.000000e+000  0.000000e+000  0.000000e+000  0.000000e+000  0.000000e+000  0.000000e+000  0.000000e+000  0.000000e+000  0.000000e+000  0.000000e+000  
0.000000e+000  0.000000e+000  0.000000e+000  0.000000e+000  0.000000e+000  0.000000e+000  0.000000e+000  0.000000e+000  0.000000e+000  0.000000e+000  0.000000e+000  0.000000e+000  0.000000e+000  0.000000e+000  0.000000e+000  0.000000e+000  
0.000000e+000  0.000000e+000  0.000000e+000  0.000000e+000  0.000000e+000  0.000000e+000  0.000000e+000  0.000000e+000  0.000000e+000  0.000000e+000  0.000000e+000  0.000000e+000  0.000000e+000  0.000000e+000  0.000000e+000  0.000000e+000  
0.000000e+000  0.000000e+000  0.000000e+000  0.000000e+000  0.000000e+000  0.000000e+000  0.000000e+000  0.000000e+000  0.000000e+000  0.000000e+000  0.000000e+000  0.000000e+000  0.000000e+000  0.000000e+000  0.000000e+000  0.000000e+000  
0.000000e+000  0.000000e+000  0.000000e+000  0.000000e+000  0.000000e+000  0.000000e+000  0.000000e+000  0.000000e+000  0.000000e+000  0.000000e+000  0.000000e+000  0.000000e+000  0.000000e+000  0.000000e+000  0.000000e+000  0.000000e+000  
0.000000e+000  0.000000e+000  0.000000e+000  0.000000e+000  0.000000e+000  0.000000e+000  0.000000e+000  0.000000e+000  0.000000e+000  0.000000e+000  0.000000e+000  0.000000e+000  0.000000e+000  0.000000e+000  0.000000e+000  0.000000e+000  
0.000000e+000  0.000000e+000  0.000000e+000  0.000000e+000  0.000000e+000  0.000000e+000  0.000000e+000  0.000000e+000  0.000000e+000  0.000000e+000  0.000000e+000  0.000000e+000  0.000000e+000  0.000000e+000  0.000000e+000  0.000000e+000  
0.000000e+000  0.000000e+000  0.000000e+000  0.000000e+000  0.000000e+000  0.000000e+000  0.000000e+000  0.000000e+000  0.000000e+000  0.000000e+000  0.000000e+000  0.000000e+000  0.000000e+000  0.000000e+000  0.000000e+000  0.000000e+000  

0.000000e+000  0.000000e+000  0.000000e+000  0.000000e+000  0.000000e+000  0.000000e+000  0.000000e+000  0.000000e+000  0.000000e+000  0.000000e+000  0.000000e+000  0.000000e+000  0.000000e+000  0.000000e+000  0.000000e+000  0.000000e+000  
0.000000e+000  0.000000e+000  0.000000e+000  0.000000e+000  0.000000e+000  0.000000e+000  0.000000e+000  0.000000e+000  0.000000e+000  0.000000e+000  0.000000e+000  0.000000e+000  0.000000e+000  0.000000e+000  0.000000e+000  0.000000e+000  
0.000000e+000  0.000000e+000  0.000000e+000  0.000000e+000  0.000000e+000  0.000000e+000  0.000000e+000  0.000000e+000  0.000000e+000  0.000000e+000  0.000000e+000  0.000000e+000  0.000000e+000  0.000000e+000  0.000000e+000  0.000000e+000  
0.000000e+000  0.000000e+000  0.000000e+000  0.000000e+000  0.000000e+000  0.000000e+000  0.000000e+000  0.000000e+000  0.000000e+000  0.000000e+000  0.000000e+000  0.000000e+000  0.000000e+000  0.000000e+000  0.000000e+000  0.000000e+000  
0.000000e+000  0.000000e+000  0.000000e+000  0.000000e+000  0.000000e+000  0.000000e+000  0.000000e+000  0.000000e+000  0.000000e+000  0.000000e+000  0.000000e+000  0.000000e+000  0.000000e+000  0.000000e+000  0.000000e+000  0.000000e+000  
0.000000e+000  0.000000e+000  0.000000e+000  0.000000e+000  0.000000e+000  0.000000e+000  0.000000e+000  0.000000e+000  0.000000e+000  0.000000e+000  0.000000e+000  0.000000e+000  0.000000e+000  0.000000e+000  0.000000e+000  0.000000e+000  
0.000000e+000  0.000000e+000  0.000000e+000  0.000000e+000  0.000000e+000  0.000000e+000  0.000000e+000  0.000000e+000  0.000000e+000  0.000000e+000  0.000000e+000  0.000000e+000  0.000000e+000  0.000000e+000  0.000000e+000  0.000000e+000  
0.000000e+000  0.000000e+000  0.000000e+000  0.000000e+000  0.000000e+000  0.000000e+000  0.000000e+000  0.000000e+000  0.000000e+000  0.000000e+000  0.000000e+000  0.000000e+000  0.000000e+000  0.000000e+000  0.000000e+000  0.000000e+000  
0.000000e+000  0.000000e+000  0.000000e+000  0.000000e+000  0.000000e+000  0.000000e+000  0.000000e+000  0.000000e+000  0.000000e+000  0.000000e+000  0.000000e+000  0.000000e+000  0.000000e+000  0.000000e+000  0.000000e+000  0.000000e+000  
0.000000e+000  0.000000e+000  0.000000e+000  0.000000e+000  0.000000e+000  0.000000e+000  0.000000e+000  0.000000e+000  0.000000e+000  0.000000e+000  0.000000e+000  0.000000e+000  0.000000e+000  0.000000e+000  0.000000e+000  0.000000e+000  
0.000000e+000  0.000000e+000  0.000000e+000  0.000000e+000  0.000000e+000  0.000000e+000  0.000000e+000  0.000000e+000  0.000000e+000  0.000000e+000  0.000000e+000  0.000000e+000  0.000000e+000  0.000000e+000  0.000000e+000  0.000000e+000  
0.000000e+000  0.000000e+000  0.000000e+000  0.000000e+000  0.000000e+000  0.000000e+000  0.000000e+000  0.000000e+000  0.000000e+000  0.000000e+000  0.000000e+000  0.000000e+000  0.000000e+000  0.000000e+000  0.000000e+000  0.000000e+000  
0.000000e+000  0.000000e+000  0.000000e+000  0.000000e+000  0.000000e+000  0.000000e+000  0.000000e+000  0.000000e+000  0.000000e+000  0.000000e+000  0.000000e+000  0.000000e+000  0.000000e+000  0.000000e+000  0.000000e+000  0.000000e+000  
0.000000e+000  0.000000e+000  0.000000e+000  0.000000e+000  0.000000e+000  0.000000e+000  0.000000e+000  0.000000e+000  0.000000e+000  0.000000e+000  0.000000e+000  0.000000e+000  0.000000e+000  0.000000e+000  0.000000e+000  0.000000e+000  
0.000000e+000  0.000000e+000  0.000000e+000  0.000000e+000  0.000000e+000  0.000000e+000  0.000000e+000  0.000000e+000  0.000000e+000  0.000000e+000  0.000000e+000  0.000000e+000  0.000000e+000  0.000000e+000  0.000000e+000  0.000000e+000  
0.000000e+000  0.000000e+000  0.000000e+000  0.000000e+000  0.000000e+000  0.000000e+000  0.000000e+000  0.000000e+000  0.000000e+000  0.000000e+000  0.000000e+000  0.000000e+000  0.000000e+000  0.000000e+000  0.000000e+000  0.000000e+000  
0.000000e+000  0.000000e+000  0.000000e+000  0.000000e+000  0.000000e+000  0.000000e+000  0.000000e+000  0.000000e+000  0.000000e+000  0.000000e+000  0.000000e+000  0.000000e+000  0.000000e+000  0.000000e+000  0.000000e+000  0.000000e+000  
0.000000e+000  0.000000e+000  0.000000e+000  0.000000e+000  0.000000e+000  0.000000e+000  0.000000e+000  0.000000e+000  0.000000e+000  0.000000e+000  0.000000e+000  0.000000e+000  0.000000e+000  0.000000e+000  0.000000e+000  0.000000e+000  
0.000000e+000  0.000000e+000  0.000000e+000  0.000000e+000  0.000000e+000  0.000000e+000  0.000000e+000  0.000000e+000  0.000000e+000  0.000000e+000  0.000000e+000  0.000000e+000  0.000000e+000  0.000000e+000  0.000000e+000  0.000000e+000  
0.000000e+000  0.000000e+000  0.000000e+000  0.000000e+000  0.000000e+000  0.000000e+000  0.000000e+000  0.000000e+000  0.000000e+000  0.000000e+000  0.000000e+000  0.000000e+000  0.000000e+000  0.000000e+000  0.000000e+000  0.000000e+000  
0.000000e+000  0.000000e+000  0.000000e+000  0.000000e+000  0.000000e+000  0.000000e+000  0.000000e+000  0.000000e+000  0.000000e+000  0.000000e+000  0.000000e+000  0.000000e+000  0.000000e+000  0.000000e+000  0.000000e+000  0.000000e+000  
0.000000e+000  0.000000e+000  0.000000e+000  0.000000e+000  0.000000e+000  0.000000e+000  0.000000e+000  0.000000e+000  0.000000e+000  0.000000e+000  0.000000e+000  0.000000e+000  0.000000e+000  0.000000e+000  0.000000e+000  0.000000e+000  
0.000000e+000  0.000000e+000  0.000000e+000  0.000000e+000  0.000000e+000  0.000000e+000  0.000000e+000  0.000000e+000  0.000000e+000  0.000000e+000  0.000000e+000  0.000000e+000  0.000000e+000  0.000000e+000  0.000000e+000  0.000000e+000  
0.000000e+000  0.000000e+000  0.000000e+000  0.000000e+000  0.000000e+000  0.000000e+000  0.000000e+000  0.000000e+000  0.000000e+000  0.000000e+000  0.000000e+000  0.000000e+000  0.000000e+000  0.000000e+000  0.000000e+000  0.000000e+000  
0.000000e+000  0.000000e+000  0.000000e+000  0.000000e+000  0.000000e+000  0.000000e+000  0.000000e+000  0.000000e+000  0.000000e+000  0.000000e+000  0.000000e+000  0.000000e+000  0.000000e+000  0.000000e+000  0.000000e+000  0.000000e+000  
0.000000e+000  0.000000e+000  0.000000e+000  0.000000e+000  0.000000e+000  0.000000e+000  0.000000e+000  0.000000e+000  0.000000e+000  0.000000e+000  0.000000e+000  0.000000e+000  0.000000e+000  0.000000e+000  0.000000e+000  0.000000e+000  
0.000000e+000  0.000000e+000  0.000000e+000  0.000000e+000  0.000000e+000  0.000000e+000  0.000000e+000  0.000000e+000  0.000000e+000  0.000000e+000  0.000000e+000  0.000000e+000  0.000000e+000  0.000000e+000  0.000000e+000  0.000000e+000  
0.000000e+000  0.000000e+000  0.000000e+000  0.000000e+000  0.000000e+000  0.000000e+000  0.000000e+000  0.000000e+000  0.000000e+000  0.000000e+000  0.000000e+000  0.000000e+000  0.000000e+000  0.000000e+000  0.000000e+000  0.000000e+000  
0.000000e+000  0.000000e+000  0.000000e+000  0.000000e+000  0.000000e+000  0.000000e+000  0.000000e+000  0.000000e+000  0.000000e+000  0.000000e+000  0.000000e+000  0.000000e+000  0.000000e+000  0.000000e+000  0.000000e+000  0.000000e+000  
0.000000e+000  0.000000e+000  0.000000e+000  0.000000e+000  0.000000e+000  0.000000e+000  0.000000e+000  0.000000e+000  0.000000e+000  0.000000e+000  0.000000e+000  0.000000e+000  0.000000e+000  0.000000e+000  0.000000e+000  0.000000e+000  
0.000000e+000  0.000000e+000  0.000000e+000  0.000000e+000  0.000000e+000  0.000000e+000  0.000000e+000  0.000000e+000  0.000000e+000  0.000000e+000  0.000000e+000  0.000000e+000  0.000000e+000  0.000000e+000  0.000000e+000  0.000000e+000  
0.000000e+000  0.000000e+000  0.000000e+000  0.000000e+000  0.000000e+000  0.000000e+000  0.000000e+000  0.000000e+000  0.000000e+000  0.000000e+000  0.000000e+000  0.000000e+000  0.000000e+000  0.000000e+000  0.000000e+000  0.000000e+000  
0.000000e+000  0.000000e+000  0.000000e+000  0.000000e+000  0.000000e+000  0.000000e+000  0.000000e+000  0.000000e+000  0.000000e+000  0.000000e+000  0.000000e+000  0.000000e+000  0.000000e+000  0.000000e+000  0.000000e+000  0.000000e+000  
0.000000e+000  0.000000e+000  0.000000e+000  0.000000e+000  0.000000e+000  0.000000e+000  0.000000e+000  0.000000e+000  0.000000e+000  0.000000e+000  0.000000e+000  0.000000e+000  0.000000e+000  0.000000e+000  0.000000e+000  0.000000e+000  
0.000000e+000  0.000000e+000  0.000000e+000  0.000000e+000  0.000000e+000  0.000000e+000  0.000000e+000  0.000000e+000  0.000000e+000  0.000000e+000  0.000000e+000  0.000000e+000  0.000000e+000  0.000000e+000  0.000000e+000  0.000000e+000  
0.000000e+000  0.000000e+000  0.000000e+000  0.000000e+000  0.000000e+000  0.000000e+000  0.000000e+000  0.000000e+000  0.000000e+000  0.000000e+000  0.000000e+000  0.000000e+000  0.000000e+000  0.000000e+000  0.000000e+000  0.000000e+000  
0.000000e+000  0.000000e+000  0.000000e+000  0.000000e+000  0.000000e+000  0.000000e+000  0.000000e+000  0.000000e+000  0.000000e+000  0.000000e+000  0.000000e+000  0.000000e+000  0.000000e+000  0.000000e+000  0.000000e+000  0.000000e+000  
0.000000e+000  0.000000e+000  0.000000e+000  0.000000e+000  0.000000e+000  0.000000e+000  0.000000e+000  0.000000e+000  0.000000e+000  0.000000e+000  0.000000e+000  0.000000e+000  0.000000e+000  0.000000e+000  0.000000e+000  0.000000e+000  
0.000000e+000  0.000000e+000  0.000000e+000  0.000000e+000  0.000000e+000  0.000000e+000  0.000000e+000  0.000000e+000  0.000000e+000  0.000000e+000  0.000000e+000  0.000000e+000  0.000000e+000  0.000000e+000  0.000000e+000  0.000000e+000  
0.000000e+000  0.000000e+000  0.000000e+000  0.000000e+000  0.000000e+000  0.000000e+000  0.000000e+000  0.000000e+000  0.000000e+000  0.000000e+000  0.000000e+000  0.000000e+000  0.000000e+000  0.000000e+000  0.000000e+000  0.000000e+000  
0.000000e+000  0.000000e+000  0.000000e+000  0.000000e+000  0.000000e+000  0.000000e+000  0.000000e+000  0.000000e+000  0.000000e+000  0.000000e+000  0.000000e+000  0.000000e+000  0.000000e+000  0.000000e+000  0.000000e+000  0.000000e+000  
0.000000e+000  0.000000e+000  0.000000e+000  0.000000e+000  0.000000e+000  0.000000e+000  0.000000e+000  0.000000e+000  0.000000e+000  0.000000e+000  0.000000e+000  0.000000e+000  0.000000e+000  0.000000e+000  0.000000e+000  0.000000e+000  
0.000000e+000  0.000000e+000  0.000000e+000  0.000000e+000  0.000000e+000  0.000000e+000  0.000000e+000  0.000000e+000  0.000000e+000  0.000000e+000  0.000000e+000  0.000000e+000  0.000000e+000  0.000000e+000  0.000000e+000  0.000000e+000  
0.000000e+000  0.000000e+000  0.000000e+000  0.000000e+000  0.000000e+000  0.000000e+000  0.000000e+000  0.000000e+000  0.000000e+000  0.000000e+000  0.000000e+000  0.000000e+000  0.000000e+000  0.000000e+000  0.000000e+000  0.000000e+000  
0.000000e+000  0.000000e+000  0.000000e+000  0.000000e+000  0.000000e+000  0.000000e+000  0.000000e+000  0.000000e+000  0.000000e+000  0.000000e+000  0.000000e+000  0.000000e+000  0.000000e+000  0.000000e+000  0.000000e+000  0.000000e+000  
0.000000e+000  0.000000e+000  0.000000e+000  0.000000e+000  0.000000e+000  0.000000e+000  0.000000e+000  0.000000e+000  0.000000e+000  0.000000e+000  0.000000e+000  0.000000e+000  0.000000e+000  0.000000e+000  0.000000e+000  0.000000e+000  
0.000000e+000  0.000000e+000  0.000000e+000  0.000000e+000  0.000000e+000  0.000000e+000  0.000000e+000  0.000000e+000  0.000000e+000  0.000000e+000  0.000000e+000  0.000000e+000  0.000000e+000  0.000000e+000  0.000000e+000  0.000000e+000  

0.000000e+000  0.000000e+000  0.000000e+000  0.000000e+000  0.000000e+000  0.000000e+000  0.000000e+000  0.000000e+000  0.000000e+000  0.000000e+000  0.000000e+000  0.000000e+000  0.000000e+000  0.000000e+000  0.000000e+000  0.000000e+000  
0.000000e+000  0.000000e+000  0.000000e+000  0.000000e+000  0.000000e+000  0.000000e+000  0.000000e+000  0.000000e+000  0.000000e+000  0.000000e+000  0.000000e+000  0.000000e+000  0.000000e+000  0.000000e+000  0.000000e+000  0.000000e+000  
0.000000e+000  0.000000e+000  0.000000e+000  0.000000e+000  0.000000e+000  0.000000e+000  0.000000e+000  0.000000e+000  0.000000e+000  0.000000e+000  0.000000e+000  0.000000e+000  0.000000e+000  0.000000e+000  0.000000e+000  0.000000e+000  
0.000000e+000  0.000000e+000  0.000000e+000  0.000000e+000  0.000000e+000  0.000000e+000  0.000000e+000  0.000000e+000  0.000000e+000  0.000000e+000  0.000000e+000  0.000000e+000  0.000000e+000  0.000000e+000  0.000000e+000  0.000000e+000  
0.000000e+000  0.000000e+000  0.000000e+000  0.000000e+000  0.000000e+000  0.000000e+000  0.000000e+000  0.000000e+000  0.000000e+000  0.000000e+000  0.000000e+000  0.000000e+000  0.000000e+000  0.000000e+000  0.000000e+000  0.000000e+000  
0.000000e+000  0.000000e+000  0.000000e+000  0.000000e+000  0.000000e+000  0.000000e+000  0.000000e+000  0.000000e+000  0.000000e+000  0.000000e+000  0.000000e+000  0.000000e+000  0.000000e+000  0.000000e+000  0.000000e+000  0.000000e+000  
0.000000e+000  0.000000e+000  0.000000e+000  0.000000e+000  0.000000e+000  0.000000e+000  0.000000e+000  0.000000e+000  0.000000e+000  0.000000e+000  0.000000e+000  0.000000e+000  0.000000e+000  0.000000e+000  0.000000e+000  0.000000e+000  
0.000000e+000  0.000000e+000  0.000000e+000  0.000000e+000  0.000000e+000  0.000000e+000  0.000000e+000  0.000000e+000  0.000000e+000  0.000000e+000  0.000000e+000  0.000000e+000  0.000000e+000  0.000000e+000  0.000000e+000  0.000000e+000  
0.000000e+000  0.000000e+000  0.000000e+000  0.000000e+000  0.000000e+000  0.000000e+000  0.000000e+000  0.000000e+000  0.000000e+000  0.000000e+000  0.000000e+000  0.000000e+000  0.000000e+000  0.000000e+000  0.000000e+000  0.000000e+000  
0.000000e+000  0.000000e+000  0.000000e+000  0.000000e+000  0.000000e+000  0.000000e+000  0.000000e+000  0.000000e+000  0.000000e+000  0.000000e+000  0.000000e+000  0.000000e+000  0.000000e+000  0.000000e+000  0.000000e+000  0.000000e+000  
0.000000e+000  0.000000e+000  0.000000e+000  0.000000e+000  0.000000e+000  0.000000e+000  0.000000e+000  0.000000e+000  0.000000e+000  0.000000e+000  0.000000e+000  0.000000e+000  0.000000e+000  0.000000e+000  0.000000e+000  0.000000e+000  
0.000000e+000  0.000000e+000  0.000000e+000  0.000000e+000  0.000000e+000  0.000000e+000  0.000000e+000  0.000000e+000  0.000000e+000  0.000000e+000  0.000000e+000  0.000000e+000  0.000000e+000  0.000000e+000  0.000000e+000  0.000000e+000  
0.000000e+000  0.000000e+000  0.000000e+000  0.000000e+000  0.000000e+000  0.000000e+000  0.000000e+000  0.000000e+000  0.000000e+000  0.000000e+000  0.000000e+000  0.000000e+000  0.000000e+000  0.000000e+000  0.000000e+000  0.000000e+000  
0.000000e+000  0.000000e+000  0.000000e+000  0.000000e+000  0.000000e+000  0.000000e+000  0.000000e+000  0.000000e+000  0.000000e+000  0.000000e+000  0.000000e+000  0.000000e+000  0.000000e+000  0.000000e+000  0.000000e+000  0.000000e+000  
0.000000e+000  0.000000e+000  0.000000e+000  0.000000e+000  0.000000e+000  0.000000e+000  0.000000e+000  0.000000e+000  0.000000e+000  0.000000e+000  0.000000e+000  0.000000e+000  0.000000e+000  0.000000e+000  0.000000e+000  0.000000e+000  
0.000000e+000  0.000000e+000  0.000000e+000  0.000000e+000  0.000000e+000  0.000000e+000  0.000000e+000  0.000000e+000  0.000000e+000  0.000000e+000  0.000000e+000  0.000000e+000  0.000000e+000  0.000000e+000  0.000000e+000  0.000000e+000  
0.000000e+000  0.000000e+000  0.000000e+000  0.000000e+000  0.000000e+000  0.000000e+000  0.000000e+000  0.000000e+000  0.000000e+000  0.000000e+000  0.000000e+000  0.000000e+000  0.000000e+000  0.000000e+000  0.000000e+000  0.000000e+000  
0.000000e+000  0.000000e+000  0.000000e+000  0.000000e+000  0.000000e+000  0.000000e+000  0.000000e+000  0.000000e+000  0.000000e+000  0.000000e+000  0.000000e+000  0.000000e+000  0.000000e+000  0.000000e+000  0.000000e+000  0.000000e+000  
0.000000e+000  0.000000e+000  0.000000e+000  0.000000e+000  0.000000e+000  0.000000e+000  0.000000e+000  0.000000e+000  0.000000e+000  0.000000e+000  0.000000e+000  0.000000e+000  0.000000e+000  0.000000e+000  0.000000e+000  0.000000e+000  
0.000000e+000  0.000000e+000  0.000000e+000  0.000000e+000  0.000000e+000  0.000000e+000  0.000000e+000  0.000000e+000  0.000000e+000  0.000000e+000  0.000000e+000  0.000000e+000  0.000000e+000  0.000000e+000  0.000000e+000  0.000000e+000  
0.000000e+000  0.000000e+000  0.000000e+000  0.000000e+000  0.000000e+000  0.000000e+000  0.000000e+000  0.000000e+000  0.000000e+000  0.000000e+000  0.000000e+000  0.000000e+000  0.000000e+000  0.000000e+000  0.000000e+000  0.000000e+000  
0.000000e+000  0.000000e+000  0.000000e+000  0.000000e+000  0.000000e+000  0.000000e+000  0.000000e+000  0.000000e+000  0.000000e+000  0.000000e+000  0.000000e+000  0.000000e+000  0.000000e+000  0.000000e+000  0.000000e+000  0.000000e+000  
0.000000e+000  0.000000e+000  0.000000e+000  0.000000e+000  0.000000e+000  0.000000e+000  0.000000e+000  0.000000e+000  0.000000e+000  0.000000e+000  0.000000e+000  0.000000e+000  0.000000e+000  0.000000e+000  0.000000e+000  0.000000e+000  
0.000000e+000  0.000000e+000  0.000000e+000  0.000000e+000  0.000000e+000  0.000000e+000  0.000000e+000  0.000000e+000  0.000000e+000  0.000000e+000  0.000000e+000  0.000000e+000  0.000000e+000  0.000000e+000  0.000000e+000  0.000000e+000  
0.000000e+000  0.000000e+000  0.000000e+000  0.000000e+000  0.000000e+000  0.000000e+000  0.000000e+000  0.000000e+000  0.000000e+000  0.000000e+000  0.000000e+000  0.000000e+000  0.000000e+000  0.000000e+000  0.000000e+000  0.000000e+000  
0.000000e+000  0.000000e+000  0.000000e+000  0.000000e+000  0.000000e+000  0.000000e+000  0.000000e+000  0.000000e+000  0.000000e+000  0.000000e+000  0.000000e+000  0.000000e+000  0.000000e+000  0.000000e+000  0.000000e+000  0.000000e+000  
0.000000e+000  0.000000e+000  0.000000e+000  0.000000e+000  0.000000e+000  0.000000e+000  0.000000e+000  0.000000e+000  0.000000e+000  0.000000e+000  0.000000e+000  0.000000e+000  0.000000e+000  0.000000e+000  0.000000e+000  0.000000e+000  
0.000000e+000  0.000000e+000  0.000000e+000  0.000000e+000  0.000000e+000  0.000000e+000  0.000000e+000  0.000000e+000  0.000000e+000  0.000000e+000  0.000000e+000  0.000000e+000  0.000000e+000  0.000000e+000  0.000000e+000  0.000000e+000  
0.000000e+000  0.000000e+000  0.000000e+000  0.000000e+000  0.000000e+000  0.000000e+000  0.000000e+000  0.000000e+000  0.000000e+000  0.000000e+000  0.000000e+000  0.000000e+000  0.000000e+000  0.000000e+000  0.000000e+000  0.000000e+000  
0.000000e+000  0.000000e+000  0.000000e+000  0.000000e+000  0.000000e+000  0.000000e+000  0.000000e+000  0.000000e+000  0.000000e+000  0.000000e+000  0.000000e+000  0.000000e+000  0.000000e+000  0.000000e+000  0.000000e+000  0.000000e+000  
0.000000e+000  0.000000e+000  0.000000e+000  0.000000e+000  0.000000e+000  0.000000e+000  0.000000e+000  0.000000e+000  0.000000e+000  0.000000e+000  0.000000e+000  0.000000e+000  0.000000e+000  0.000000e+000  0.000000e+000  0.000000e+000  
0.000000e+000  0.000000e+000  0.000000e+000  0.000000e+000  0.000000e+000  0.000000e+000  0.000000e+000  0.000000e+000  0.000000e+000  0.000000e+000  0.000000e+000  0.000000e+000  0.000000e+000  0.000000e+000  0.000000e+000  0.000000e+000  
0.000000e+000  0.000000e+000  0.000000e+000  0.000000e+000  0.000000e+000  0.000000e+000  0.000000e+000  0.000000e+000  0.000000e+000  0.000000e+000  0.000000e+000  0.000000e+000  0.000000e+000  0.000000e+000  0.000000e+000  0.000000e+000  
0.000000e+000  0.000000e+000  0.000000e+000  0.000000e+000  0.000000e+000  0.000000e+000  0.000000e+000  0.000000e+000  0.000000e+000  0.000000e+000  0.000000e+000  0.000000e+000  0.000000e+000  0.000000e+000  0.000000e+000  0.000000e+000  
0.000000e+000  0.000000e+000  0.000000e+000  0.000000e+000  0.000000e+000  0.000000e+000  0.000000e+000  0.000000e+000  0.000000e+000  0.000000e+000  0.000000e+000  0.000000e+000  0.000000e+000  0.000000e+000  0.000000e+000  0.000000e+000  
0.000000e+000  0.000000e+000  0.000000e+000  0.000000e+000  0.000000e+000  0.000000e+000  0.000000e+000  0.000000e+000  0.000000e+000  0.000000e+000  0.000000e+000  0.000000e+000  0.000000e+000  0.000000e+000  0.000000e+000  0.000000e+000  
0.000000e+000  0.000000e+000  0.000000e+000  0.000000e+000  0.000000e+000  0.000000e+000  0.000000e+000  0.000000e+000  0.000000e+000  0.000000e+000  0.000000e+000  0.000000e+000  0.000000e+000  0.000000e+000  0.000000e+000  0.000000e+000  
0.000000e+000  0.000000e+000  0.000000e+000  0.000000e+000  0.000000e+000  0.000000e+000  0.000000e+000  0.000000e+000  0.000000e+000  0.000000e+000  0.000000e+000  0.000000e+000  0.000000e+000  0.000000e+000  0.000000e+000  0.000000e+000  
0.000000e+000  0.000000e+000  0.000000e+000  0.000000e+000  0.000000e+000  0.000000e+000  0.000000e+000  0.000000e+000  0.000000e+000  0.000000e+000  0.000000e+000  0.000000e+000  0.000000e+000  0.000000e+000  0.000000e+000  0.000000e+000  
0.000000e+000  0.000000e+000  0.000000e+000  0.000000e+000  0.000000e+000  0.000000e+000  0.000000e+000  0.000000e+000  0.000000e+000  0.000000e+000  0.000000e+000  0.000000e+000  0.000000e+000  0.000000e+000  0.000000e+000  0.000000e+000  
0.000000e+000  0.000000e+000  0.000000e+000  0.000000e+000  0.000000e+000  0.000000e+000  0.000000e+000  0.000000e+000  0.000000e+000  0.000000e+000  0.000000e+000  0.000000e+000  0.000000e+000  0.000000e+000  0.000000e+000  0.000000e+000  
0.000000e+000  0.000000e+000  0.000000e+000  0.000000e+000  0.000000e+000  0.000000e+000  0.000000e+000  0.000000e+000  0.000000e+000  0.000000e+000  0.000000e+000  0.000000e+000  0.000000e+000  0.000000e+000  0.000000e+000  0.000000e+000  
0.000000e+000  0.000000e+000  0.000000e+000  0.000000e+000  0.000000e+000  0.000000e+000  0.000000e+000  0.000000e+000  0.000000e+000  0.000000e+000  0.000000e+000  0.000000e+000  0.000000e+000  0.000000e+000  0.000000e+000  0.000000e+000  
0.000000e+000  0.000000e+000  0.000000e+000  0.000000e+000  0.000000e+000  0.000000e+000  0.000000e+000  0.000000e+000  0.000000e+000  0.000000e+000  0.000000e+000  0.000000e+000  0.000000e+000  0.000000e+000  0.000000e+000  0.000000e+000  
0.000000e+000  0.000000e+000  0.000000e+000  0.000000e+000  0.000000e+000  0.000000e+000  0.000000e+000  0.000000e+000  0.000000e+000  0.000000e+000  0.000000e+000  0.000000e+000  0.000000e+000  0.000000e+000  0.000000e+000  0.000000e+000  
0.000000e+000  0.000000e+000  0.000000e+000  0.000000e+000  0.000000e+000  0.000000e+000  0.000000e+000  0.000000e+000  0.000000e+000  0.000000e+000  0.000000e+000  0.000000e+000  0.000000e+000  0.000000e+000  0.000000e+000  0.000000e+000  
0.000000e+000  0.000000e+000  0.000000e+000  0.000000e+000  0.000000e+000  0.000000e+000  0.000000e+000  0.000000e+000  0.000000e+000  0.000000e+000  0.000000e+000  0.000000e+000  0.000000e+000  0.000000e+000  0.000000e+000  0.000000e+000  

-1.090420e+000  -1.085441e+000  -1.075502e+000  -1.059669e+000  -1.037983e+000  -1.012866e+000  -9.830890e-001  -9.541883e-001  -9.295851e-001  -9.040584e-001  -8.274178e-001  -6.820719e-001  -5.453487e-001  -4.489211e-001  -3.997827e-001  -0.000000e+000  
-1.127874e+000  -1.122753e+000  -1.112527e+000  -1.096228e+000  -1.073886e+000  -1.047982e+000  -1.017240e+000  -9.867786e-001  -9.601316e-001  -9.325092e-001  -8.496776e-001  -6.941823e-001  -5.500671e-001  -4.496444e-001  -3.988540e-001  -0.000000e+000  
-1.203793e+000  -1.198416e+000  -1.187672e+000  -1.170525e+000  -1.146972e+000  -1.119605e+000  -1.087043e+000  -1.053386e+000  -1.022394e+000  -9.903270e-001  -8.943978e-001  -7.178715e-001  -5.588623e-001  -4.505847e-001  -3.966035e-001  -0.000000e+000  
-1.319915e+000  -1.314244e+000  -1.302895e+000  -1.284736e+000  -1.259698e+000  -1.230480e+000  -1.195542e+000  -1.156919e+000  -1.118718e+000  -1.079301e+000  -9.618122e-001  -7.519074e-001  -5.703801e-001  -4.507214e-001  -3.922600e-001  -0.000000e+000  
-1.477980e+000  -1.472140e+000  -1.460417e+000  -1.441568e+000  -1.415383e+000  -1.384576e+000  -1.347393e+000  -1.301875e+000  -1.252608e+000  -1.201971e+000  -1.051779e+000  -7.939944e-001  -5.824172e-001  -4.485133e-001  -3.847112e-001  -0.000000e+000  
-1.663715e+000  -1.658148e+000  -1.646905e+000  -1.628651e+000  -1.602915e+000  -1.572152e+000  -1.534363e+000  -1.480573e+000  -1.415931e+000  -1.349820e+000  -1.154934e+000  -8.368349e-001  -5.910663e-001  -4.423874e-001  -3.734471e-001  -0.000000e+000  
-1.803621e+000  -1.798793e+000  -1.788952e+000  -1.772738e+000  -1.749383e+000  -1.720837e+000  -1.684920e+000  -1.624792e+000  -1.546042e+000  -1.465855e+000  -1.230755e+000  -8.635902e-001  -5.931508e-001  -4.349626e-001  -3.630410e-001  -0.000000e+000  
-1.888014e+000  -1.883831e+000  -1.875225e+000  -1.860842e+000  -1.839697e+000  -1.813318e+000  -1.779419e+000  -1.715446e+000  -1.627258e+000  -1.537701e+000  -1.275995e+000  -8.781005e-001  -5.931244e-001  -4.296638e-001  -3.561888e-001  -0.000000e+000  
-1.975136e+000  -1.971878e+000  -1.965057e+000  -1.953349e+000  -1.935499e+000  -1.912449e+000  -1.881806e+000  -1.813842e+000  -1.714705e+000  -1.614339e+000  -1.322160e+000  -8.911899e-001  -5.916166e-001  -4.232389e-001  -3.484334e-001  -0.000000e+000  
-2.063121e+000  -2.061135e+000  -2.056778e+000  -2.048796e+000  -2.035609e+000  -2.017363e+000  -1.991564e+000  -1.919548e+000  -1.807772e+000  -1.695015e+000  -1.368197e+000  -9.022233e-001  -5.883869e-001  -4.156323e-001  -3.397847e-001  -0.000000e+000  
-2.150407e+000  -2.150117e+000  -2.149058e+000  -2.146101e+000  -2.139280e+000  -2.127696e+000  -2.108756e+000  -2.032696e+000  -1.906308e+000  -1.779346e+000  -1.413241e+000  -9.106636e-001  -5.832221e-001  -4.067735e-001  -3.302202e-001  -0.000000e+000  
-2.235720e+000  -2.237658e+000  -2.240955e+000  -2.244685e+000  -2.246439e+000  -2.243951e+000  -2.234536e+000  -2.154492e+000  -2.010980e+000  -1.867558e+000  -1.456556e+000  -9.159290e-001  -5.758214e-001  -3.964971e-001  -3.196239e-001  -0.000000e+000  
-2.368110e+000  -2.374750e+000  -2.387293e+000  -2.405344e+000  -2.425707e+000  -2.443233e+000  -2.455102e+000  -2.368781e+000  -2.192141e+000  -2.017349e+000  -1.522398e+000  -9.181338e-001  -5.595691e-001  -3.771694e-001  -3.004984e-001  -0.000000e+000  
-2.500596e+000  -2.517993e+000  -2.552029e+000  -2.604216e+000  -2.670591e+000  -2.739389e+000  -2.807686e+000  -2.714316e+000  -2.468822e+000  -2.232098e+000  -1.582235e+000  -8.939026e-001  -5.215888e-001  -3.417005e-001  -2.680884e-001  -0.000000e+000  
-2.513559e+000  -2.541783e+000  -2.598205e+000  -2.687935e+000  -2.809049e+000  -2.943620e+000  -3.089228e+000  -2.992286e+000  -2.665492e+000  -2.363837e+000  -1.577090e+000  -8.488911e-001  -4.811817e-001  -3.095474e-001  -2.405211e-001  -0.000000e+000  
-2.487339e+000  -2.522167e+000  -2.592646e+000  -2.707128e+000  -2.867224e+000  -3.052775e+000  -3.263500e+000  -3.163935e+000  -2.770634e+000  -2.422225e+000  -1.553665e+000  -8.126482e-001  -4.528130e-001  -2.881567e-001  -2.226041e-001  -0.000000e+000  
-2.419663e+000  -2.460139e+000  -2.543141e+000  -2.681269e+000  -2.883005e+000  -3.130625e+000  -3.432599e+000  -3.328597e+000  -2.843412e+000  -2.441903e+000  -1.505099e+000  -7.669410e-001  -4.206667e-001  -2.650194e-001  -2.036263e-001  -0.000000e+000  
-2.301100e+000  -2.344989e+000  -2.436074e+000  -2.591314e+000  -2.829309e+000  -3.144966e+000  -3.578357e+000  -3.465244e+000  -2.849177e+000  -2.394824e+000  -1.424604e+000  -7.098146e-001  -3.837678e-001  -2.395035e-001  -1.830842e-001  -0.000000e+000  
-2.122099e+000  -2.165334e+000  -2.255417e+000  -2.410594e+000  -2.656196e+000  -3.009782e+000  -3.607004e+000  -3.478494e+000  -2.701746e+000  -2.231692e+000  -1.305220e+000  -6.401094e-001  -3.418239e-001  -2.115190e-001  -1.609404e-001  -0.000000e+000  
-1.886874e+000  -1.924916e+000  -2.003088e+000  -2.133833e+000  -2.327067e+000  -2.568495e+000  -2.863239e+000  -2.644004e+000  -2.254558e+000  -1.922334e+000  -1.149910e+000  -5.599159e-001  -2.960951e-001  -1.818994e-001  -1.378467e-001  -0.000000e+000  
-1.602132e+000  -1.632342e+000  -1.693048e+000  -1.790114e+000  -1.920517e+000  -2.057891e+000  -2.173955e+000  -1.920436e+000  -1.757140e+000  -1.551283e+000  -9.662161e-001  -4.703659e-001  -2.469659e-001  -1.508266e-001  -1.139175e-001  -0.000000e+000  
-1.277964e+000  -1.299947e+000  -1.343251e+000  -1.409911e+000  -1.493060e+000  -1.571301e+000  -1.626230e+000  -1.391027e+000  -1.308336e+000  -1.179920e+000  -7.632492e-001  -3.730067e-001  -1.949320e-001  -1.185198e-001  -8.928480e-002  -0.000000e+000  
-5.721712e-001  -5.792995e-001  -5.928310e-001  -6.123804e-001  -6.343053e-001  -6.525358e-001  -6.636095e-001  -5.318270e-001  -5.115952e-001  -4.740538e-001  -3.333599e-001  -1.662028e-001  -8.623724e-002  -5.194778e-002  -3.891250e-002  -0.000000e+000  
5.721712e-001  5.792995e-001  5.928310e-001  6.123804e-001  6.343053e-001  6.525358e-001  6.636095e-001  5.318270e-001  5.115952e-001  4.740538e-001  3.333599e-001  1.662028e-001  8.623724e-002  5.194778e-002  3.891250e-002  -0.000000e+000  
1.277964e+000  1.299947e+000  1.343251e+000  1.409911e+000  1.493060e+000  1.571301e+000  1.626230e+000  1.391027e+000  1.308336e+000  1.179920e+000  7.632492e-001  3.730067e-001  1.949320e-001  1.185198e-001  8.928480e-002  -0.000000e+000  
1.602132e+000  1.632342e+000  1.693048e+000  1.790114e+000  1.920517e+000  2.057891e+000  2.173955e+000  1.920436e+000  1.757140e+000  1.551283e+000  9.662161e-001  4.703659e-001  2.469659e-001  1.508266e-001  1.139175e-001  -0.000000e+000  
1.886874e+000  1.924916e+000  2.003088e+000  2.133833e+000  2.327067e+000  2.568495e+000  2.863239e+000  2.644004e+000  2.254558e+000  1.922334e+000  1.149910e+000  5.599159e-001  2.960951e-001  1.818994e-001  1.378467e-001  -0.000000e+000  
2.122099e+000  2.165334e+000  2.255417e+000  2.410594e+000  2.656196e+000  3.009782e+000  3.607004e+000  3.478494e+000  2.701746e+000  2.231692e+000  1.305220e+000  6.401094e-001  3.418239e-001  2.115190e-001  1.609404e-001  -0.000000e+000  
2.301100e+000  2.344989e+000  2.436074e+000  2.591314e+000  2.829309e+000  3.144966e+000  3.578357e+000  3.465244e+000  2.849177e+000  2.394824e+000  1.424604e+000  7.098146e-001  3.837678e-001  2.395035e-001  1.830842e-001  -0.000000e+000  
2.419663e+000  2.460139e+000  2.543141e+000  2.681269e+000  2.883005e+000  3.130625e+000  3.432599e+000  3.328597e+000  2.843412e+000  2.441903e+000  1.505099e+000  7.669410e-001  4.206667e-001  2.650194e-001  2.036263e-001  -0.000000e+000  
2.487339e+000  2.522167e+000  2.592646e+000  2.707128e+000  2.867224e+000  3.052775e+000  3.263500e+000  3.163935e+000  2.770634e+000  2.422225e+000  1.553665e+000  8.126482e-001  4.528130e-001  2.881567e-001  2.226041e-001  -0.000000e+000  
2.513559e+000  2.541783e+000  2.598205e+000  2.687935e+000  2.809049e+000  2.943620e+000  3.089228e+000  2.992286e+000  2.665492e+000  2.363837e+000  1.577090e+000  8.488911e-001  4.811817e-001  3.095474e-001  2.405211e-001  -0.000000e+000  
2.500596e+000  2.517993e+000  2.552029e+000  2.604216e+000  2.670591e+000  2.739389e+000  2.807686e+000  2.714316e+000  2.468822e+000  2.232098e+000  1.582235e+000  8.939026e-001  5.215888e-001  3.417005e-001  2.680884e-001  -0.000000e+000  
2.368110e+000  2.374750e+000  2.387293e+000  2.405344e+000  2.425707e+000  2.443233e+000  2.455102e+000  2.368781e+000  2.192141e+000  2.017349e+000  1.522398e+000  9.181338e-001  5.595691e-001  3.771694e-001  3.004984e-001  -0.000000e+000  
2.235720e+000  2.237658e+000  2.240955e+000  2.244685e+000  2.246439e+000  2.243951e+000  2.234536e+000  2.154492e+000  2.010980e+000  1.867558e+000  1.456556e+000  9.159290e-001  5.758214e-001  3.964971e-001  3.196239e-001  -0.000000e+000  
2.150407e+000  2.150117e+000  2.149058e+000  2.146101e+000  2.139280e+000  2.127696e+000  2.108756e+000  2.032696e+000  1.906308e+000  1.779346e+000  1.413241e+000  9.106636e-001  5.832221e-001  4.067735e-001  3.302202e-001  -0.000000e+000  
2.063121e+000  2.061135e+000  2.056778e+000  2.048796e+000  2.035609e+000  2.017363e+000  1.991564e+000  1.919548e+000  1.807772e+000  1.695015e+000  1.368197e+000  9.022233e-001  5.883869e-001  4.156323e-001  3.397847e-001  -0.000000e+000  
1.975136e+000  1.971878e+000  1.965057e+000  1.953349e+000  1.935499e+000  1.912449e+000  1.881806e+000  1.813842e+000  1.714705e+000  1.614339e+000  1.322160e+000  8.911899e-001  5.916166e-001  4.232389e-001  3.484334e-001  -0.000000e+000  
1.888014e+000  1.883831e+000  1.875225e+000  1.860842e+000  1.839697e+000  1.813318e+000  1.779419e+000  1.715446e+000  1.627258e+000  1.537701e+000  1.275995e+000  8.781005e-001  5.931244e-001  4.296638e-001  3.561888e-001  -0.000000e+000  
1.803621e+000  1.798793e+000  1.788952e+000  1.772738e+000  1.749383e+000  1.720837e+000  1.684920e+000  1.624792e+000  1.546042e+000  1.465855e+000  1.230755e+000  8.635902e-001  5.931508e-001  4.349626e-001  3.630410e-001  -0.000000e+000  
1.663715e+000  1.658148e+000  1.646905e+000  1.628651e+000  1.602915e+000  1.572152e+000  1.534363e+000  1.480573e+000  1.415931e+000  1.349820e+000  1.154934e+000  8.368349e-001  5.910663e-001  4.423874e-001  3.734471e-001  -0.000000e+000  
1.477980e+000  1.472140e+000  1.460417e+000  1.441568e+000  1.415383e+000  1.384576e+000  1.347393e+000  1.301875e+000  1.252608e+000  1.201971e+000  1.051779e+000  7.939944e-001  5.824172e-001  4.485133e-001  3.847112e-001  -0.000000e+000  
1.319915e+000  1.314244e+000  1.302895e+000  1.284736e+000  1.259698e+000  1.230480e+000  1.195542e+000  1.156919e+000  1.118718e+000  1.079301e+000  9.618122e-001  7.519074e-001  5.703801e-001  4.507214e-001  3.922600e-001  -0.000000e+000  
1.203793e+000  1.198416e+000  1.187672e+000  1.170525e+000  1.146972e+000  1.119605e+000  1.087043e+000  1.053386e+000  1.022394e+000  9.903270e-001  8.943978e-001  7.178715e-001  5.588623e-001  4.505847e-001  3.966035e-001  -0.000000e+000  
1.127874e+000  1.122753e+000  1.112527e+000  1.096228e+000  1.073886e+000  1.047982e+000  1.017240e+000  9.867786e-001  9.601316e-001  9.325092e-001  8.496776e-001  6.941823e-001  5.500671e-001  4.496444e-001  3.988540e-001  -0.000000e+000  
1.090420e+000  1.085441e+000  1.075502e+000  1.059669e+000  1.037983e+000  1.012866e+000  9.830890e-001  9.541883e-001  9.295851e-001  9.040584e-001  8.274178e-001  6.820719e-001  5.453487e-001  4.489211e-001  3.997827e-001  -0.000000e+000  
-0.000000e+000  -0.000000e+000  -0.000000e+000  -0.000000e+000  -0.000000e+000  -0.000000e+000  -0.000000e+000  -0.000000e+000  -0.000000e+000  -0.000000e+000  -0.000000e+000  -0.000000e+000  -0.000000e+000  -0.000000e+000  -0.000000e+000  -0.000000e+000  

