Port monitor named: Port1_e1[7].prt

nx        = 87
ny        = 71
nz        = 33

nu        = 16
nv        = 47
iu        = 11
iv        = 21

idir      = 1
dcut      = -1.500000e-002
icut      = 8
type      = 0
frequency = 7.000000e+009

fcutoff   = 0.000000e+000
alpha     = 0.000000e+000
beta      = 2.721860e+002
accuracy  = 2.238050e-010

type          = QTEM
wave imp.     = 2.137166e+002
wave imp.sig. = 2.270741e-009
line imp.     = 4.948522e+001

ref. port     = 0

-0.000000e+000  -0.000000e+000  -0.000000e+000  -0.000000e+000  -0.000000e+000  -0.000000e+000  -0.000000e+000  -0.000000e+000  -0.000000e+000  -0.000000e+000  -0.000000e+000  -0.000000e+000  -0.000000e+000  -0.000000e+000  -0.000000e+000  -0.000000e+000  
-2.314717e+001  -2.281709e+001  -2.216602e+001  -2.114920e+001  -1.980016e+001  -1.829447e+001  -1.658852e+001  -6.671658e+001  -6.426260e+001  -6.148305e+001  -5.260389e+001  -3.429915e+001  -1.897606e+001  -9.870285e+000  -5.842684e+000  -0.000000e+000  
-4.922576e+001  -4.848217e+001  -4.701640e+001  -4.472973e+001  -4.170140e+001  -3.832857e+001  -3.451737e+001  -1.380846e+002  -1.326563e+002  -1.265448e+002  -1.071337e+002  -6.839906e+001  -3.703830e+001  -1.885238e+001  -1.093090e+001  -0.000000e+000  
-8.193484e+001  -8.058071e+001  -7.791406e+001  -7.376092e+001  -6.827577e+001  -6.218659e+001  -5.533435e+001  -2.192673e+002  -2.096645e+002  -1.989615e+002  -1.652935e+002  -1.017337e+002  -5.308421e+001  -2.601151e+001  -1.452110e+001  -0.000000e+000  
-1.267889e+002  -1.244404e+002  -1.198210e+002  -1.126413e+002  -1.031908e+002  -9.274218e+001  -8.104503e+001  -3.164797e+002  -3.004447e+002  -2.828253e+002  -2.281523e+002  -1.329189e+002  -6.563705e+001  -3.033752e+001  -1.590477e+001  -0.000000e+000  
-1.928464e+002  -1.887850e+002  -1.808064e+002  -1.684320e+002  -1.522025e+002  -1.343387e+002  -1.144561e+002  -4.375382e+002  -4.110206e+002  -3.824197e+002  -2.952490e+002  -1.591358e+002  -7.268357e+001  -3.075635e+001  -1.445803e+001  -0.000000e+000  
-2.786780e+002  -2.720897e+002  -2.591580e+002  -2.391324e+002  -2.129417e+002  -1.842216e+002  -1.524210e+002  -5.678482e+002  -5.266282e+002  -4.830709e+002  -3.529381e+002  -1.735888e+002  -7.225296e+001  -2.717442e+001  -1.061222e+001  -0.000000e+000  
-3.261295e+002  -3.180395e+002  -3.021616e+002  -2.775799e+002  -2.454524e+002  -2.102662e+002  -1.713856e+002  -6.298348e+002  -5.801346e+002  -5.281705e+002  -3.745300e+002  -1.759106e+002  -6.982485e+001  -2.452752e+001  -8.330540e+000  -0.000000e+000  
-3.825276e+002  -3.725976e+002  -3.531048e+002  -3.229231e+002  -2.834848e+002  -2.403286e+002  -1.927256e+002  -6.975007e+002  -6.375174e+002  -5.755148e+002  -3.942648e+002  -1.757460e+002  -6.596505e+001  -2.116817e+001  -5.636115e+000  -0.000000e+000  
-4.499269e+002  -4.377453e+002  -4.138188e+002  -3.767452e+002  -3.282725e+002  -2.752415e+002  -2.168233e+002  -7.712401e+002  -6.987236e+002  -6.247091e+002  -4.110955e+002  -1.726043e+002  -6.054833e+001  -1.708168e+001  -2.538729e+000  -0.000000e+000  
-5.294494e+002  -5.145748e+002  -4.853241e+002  -4.399266e+002  -3.804620e+002  -3.153526e+002  -2.436699e+002  -8.500080e+002  -7.623954e+002  -6.742337e+002  -4.234882e+002  -1.660784e+002  -5.358656e+001  -1.234723e+001  8.858401e-001  -0.000000e+000  
-6.249774e+002  -6.068700e+002  -5.711879e+002  -5.156407e+002  -4.426089e+002  -3.624496e+002  -2.741425e+002  -9.349943e+002  -8.288103e+002  -7.237234e+002  -4.300652e+002  -1.555948e+002  -4.491636e+001  -6.915568e+000  4.659651e+000  -0.000000e+000  
-7.400099e+002  -7.180960e+002  -6.747648e+002  -6.069654e+002  -5.172286e+002  -4.182365e+002  -3.088936e+002  -1.025927e+003  -8.966780e+002  -7.713192e+002  -4.286958e+002  -1.405848e+002  -3.447481e+001  -8.120954e-001  8.750403e+000  -0.000000e+000  
-1.090312e+003  -1.057748e+003  -9.925009e+002  -8.883385e+002  -7.466488e+002  -5.867335e+002  -4.073420e+002  -1.252206e+003  -1.048057e+003  -8.614312e+002  -3.859632e+002  -8.740812e+001  -3.977891e+000  1.544231e+001  1.910228e+001  -0.000000e+000  
-1.622883e+003  -1.580525e+003  -1.492717e+003  -1.344841e+003  -1.127731e+003  -8.646027e+002  -5.517330e+002  -1.477122e+003  -1.133349e+003  -8.536543e+002  -2.452986e+002  -2.397018e+000  3.516159e+001  3.407592e+001  3.024410e+001  -0.000000e+000  
-1.931145e+003  -1.890211e+003  -1.802735e+003  -1.647749e+003  -1.401442e+003  -1.075884e+003  -6.541869e+002  -1.541357e+003  -1.081428e+003  -7.489456e+002  -1.348392e+002  4.472848e+001  5.416973e+001  4.253710e+001  3.511605e+001  -0.000000e+000  
-2.282947e+003  -2.249725e+003  -2.175416e+003  -2.033304e+003  -1.778828e+003  -1.393118e+003  -8.144605e+002  -1.549787e+003  -9.176260e+002  -5.362502e+002  8.243894e+000  9.689654e+001  7.388957e+001  5.101334e+001  3.989713e+001  -0.000000e+000  
-2.669321e+003  -2.652607e+003  -2.611569e+003  -2.520549e+003  -2.317952e+003  -1.923816e+003  -1.138226e+003  -1.405236e+003  -5.301030e+002  -1.492601e+002  1.830896e+002  1.524994e+002  9.382381e+001  5.933192e+001  4.450463e+001  -0.000000e+000  
-3.094312e+003  -3.104245e+003  -3.122625e+003  -3.143898e+003  -3.130999e+003  -2.955012e+003  -2.094000e+003  -7.056492e+002  3.615316e+002  5.203227e+002  3.924789e+002  2.123996e+002  1.144805e+002  6.774444e+001  4.908954e+001  -0.000000e+000  
-3.503289e+003  -3.541700e+003  -3.627995e+003  -3.798706e+003  -4.143779e+003  -4.833164e+003  -6.564743e+003  4.440402e+003  2.168363e+003  1.395467e+003  6.010415e+002  2.700912e+002  1.340191e+002  7.555977e+001  5.329116e+001  -0.000000e+000  
-3.860467e+003  -3.915550e+003  -4.037346e+003  -4.269452e+003  -4.697856e+003  -5.411646e+003  -6.699489e+003  3.739992e+003  2.473820e+003  1.771446e+003  7.678330e+002  3.220570e+002  1.517354e+002  8.256805e+001  5.701841e+001  -0.000000e+000  
-4.144636e+003  -4.201883e+003  -4.322621e+003  -4.532834e+003  -4.859168e+003  -5.270724e+003  -5.706513e+003  2.669129e+003  2.219916e+003  1.792429e+003  8.829061e+002  3.657797e+002  1.669963e+002  8.857393e+001  6.018693e+001  -0.000000e+000  
-4.352772e+003  -4.404356e+003  -4.507686e+003  -4.671161e+003  -4.883916e+003  -5.093430e+003  -5.247978e+003  2.123788e+003  1.951438e+003  1.702718e+003  9.561221e+002  3.999494e+002  1.792913e+002  9.340975e+001  6.272428e+001  -0.000000e+000  
-4.561716e+003  -4.594754e+003  -4.657479e+003  -4.748137e+003  -4.849920e+003  -4.934703e+003  -4.986334e+003  1.719020e+003  1.645681e+003  1.510163e+003  1.004919e+003  4.421452e+002  1.960961e+002  1.000876e+002  6.619648e+001  -0.000000e+000  
-4.352772e+003  -4.404356e+003  -4.507686e+003  -4.671161e+003  -4.883916e+003  -5.093430e+003  -5.247978e+003  2.123788e+003  1.951438e+003  1.702718e+003  9.561221e+002  3.999494e+002  1.792913e+002  9.340975e+001  6.272428e+001  -0.000000e+000  
-4.144636e+003  -4.201883e+003  -4.322621e+003  -4.532834e+003  -4.859168e+003  -5.270724e+003  -5.706513e+003  2.669129e+003  2.219916e+003  1.792429e+003  8.829061e+002  3.657797e+002  1.669963e+002  8.857393e+001  6.018693e+001  -0.000000e+000  
-3.860467e+003  -3.915550e+003  -4.037346e+003  -4.269452e+003  -4.697856e+003  -5.411646e+003  -6.699489e+003  3.739992e+003  2.473820e+003  1.771446e+003  7.678330e+002  3.220570e+002  1.517354e+002  8.256805e+001  5.701841e+001  -0.000000e+000  
-3.503289e+003  -3.541700e+003  -3.627995e+003  -3.798706e+003  -4.143779e+003  -4.833164e+003  -6.564743e+003  4.440402e+003  2.168363e+003  1.395467e+003  6.010415e+002  2.700912e+002  1.340191e+002  7.555977e+001  5.329116e+001  -0.000000e+000  
-3.094312e+003  -3.104245e+003  -3.122625e+003  -3.143898e+003  -3.130999e+003  -2.955012e+003  -2.094000e+003  -7.056492e+002  3.615316e+002  5.203227e+002  3.924789e+002  2.123996e+002  1.144805e+002  6.774444e+001  4.908954e+001  -0.000000e+000  
-2.669321e+003  -2.652607e+003  -2.611569e+003  -2.520549e+003  -2.317952e+003  -1.923816e+003  -1.138226e+003  -1.405236e+003  -5.301030e+002  -1.492601e+002  1.830896e+002  1.524994e+002  9.382381e+001  5.933192e+001  4.450463e+001  -0.000000e+000  
-2.282947e+003  -2.249725e+003  -2.175416e+003  -2.033304e+003  -1.778828e+003  -1.393118e+003  -8.144605e+002  -1.549787e+003  -9.176260e+002  -5.362502e+002  8.243894e+000  9.689654e+001  7.388957e+001  5.101334e+001  3.989713e+001  -0.000000e+000  
-1.931145e+003  -1.890211e+003  -1.802735e+003  -1.647749e+003  -1.401442e+003  -1.075884e+003  -6.541869e+002  -1.541357e+003  -1.081428e+003  -7.489456e+002  -1.348392e+002  4.472848e+001  5.416973e+001  4.253710e+001  3.511605e+001  -0.000000e+000  
-1.622883e+003  -1.580525e+003  -1.492717e+003  -1.344841e+003  -1.127731e+003  -8.646027e+002  -5.517330e+002  -1.477122e+003  -1.133349e+003  -8.536543e+002  -2.452986e+002  -2.397018e+000  3.516159e+001  3.407592e+001  3.024410e+001  -0.000000e+000  
-1.090312e+003  -1.057748e+003  -9.925009e+002  -8.883385e+002  -7.466488e+002  -5.867335e+002  -4.073420e+002  -1.252206e+003  -1.048057e+003  -8.614312e+002  -3.859632e+002  -8.740812e+001  -3.977891e+000  1.544231e+001  1.910228e+001  -0.000000e+000  
-7.400099e+002  -7.180960e+002  -6.747648e+002  -6.069654e+002  -5.172286e+002  -4.182365e+002  -3.088936e+002  -1.025927e+003  -8.966780e+002  -7.713192e+002  -4.286958e+002  -1.405848e+002  -3.447481e+001  -8.120954e-001  8.750403e+000  -0.000000e+000  
-6.249774e+002  -6.068700e+002  -5.711879e+002  -5.156407e+002  -4.426089e+002  -3.624496e+002  -2.741425e+002  -9.349943e+002  -8.288103e+002  -7.237234e+002  -4.300652e+002  -1.555948e+002  -4.491636e+001  -6.915568e+000  4.659651e+000  -0.000000e+000  
-5.294494e+002  -5.145748e+002  -4.853241e+002  -4.399266e+002  -3.804620e+002  -3.153526e+002  -2.436699e+002  -8.500080e+002  -7.623954e+002  -6.742337e+002  -4.234882e+002  -1.660784e+002  -5.358656e+001  -1.234723e+001  8.858401e-001  -0.000000e+000  
-4.499269e+002  -4.377453e+002  -4.138188e+002  -3.767452e+002  -3.282725e+002  -2.752415e+002  -2.168233e+002  -7.712401e+002  -6.987236e+002  -6.247091e+002  -4.110955e+002  -1.726043e+002  -6.054833e+001  -1.708168e+001  -2.538729e+000  -0.000000e+000  
-3.825276e+002  -3.725976e+002  -3.531048e+002  -3.229231e+002  -2.834848e+002  -2.403286e+002  -1.927256e+002  -6.975007e+002  -6.375174e+002  -5.755148e+002  -3.942648e+002  -1.757460e+002  -6.596505e+001  -2.116817e+001  -5.636115e+000  -0.000000e+000  
-3.261295e+002  -3.180395e+002  -3.021616e+002  -2.775799e+002  -2.454524e+002  -2.102662e+002  -1.713856e+002  -6.298348e+002  -5.801346e+002  -5.281705e+002  -3.745300e+002  -1.759106e+002  -6.982485e+001  -2.452752e+001  -8.330540e+000  -0.000000e+000  
-2.786780e+002  -2.720897e+002  -2.591580e+002  -2.391324e+002  -2.129417e+002  -1.842216e+002  -1.524210e+002  -5.678482e+002  -5.266282e+002  -4.830709e+002  -3.529381e+002  -1.735888e+002  -7.225296e+001  -2.717442e+001  -1.061222e+001  -0.000000e+000  
-1.928464e+002  -1.887850e+002  -1.808064e+002  -1.684320e+002  -1.522025e+002  -1.343387e+002  -1.144561e+002  -4.375382e+002  -4.110206e+002  -3.824197e+002  -2.952490e+002  -1.591358e+002  -7.268357e+001  -3.075635e+001  -1.445803e+001  -0.000000e+000  
-1.267889e+002  -1.244404e+002  -1.198210e+002  -1.126413e+002  -1.031908e+002  -9.274218e+001  -8.104503e+001  -3.164797e+002  -3.004447e+002  -2.828253e+002  -2.281523e+002  -1.329189e+002  -6.563705e+001  -3.033752e+001  -1.590477e+001  -0.000000e+000  
-8.193484e+001  -8.058071e+001  -7.791406e+001  -7.376092e+001  -6.827577e+001  -6.218659e+001  -5.533435e+001  -2.192673e+002  -2.096645e+002  -1.989615e+002  -1.652935e+002  -1.017337e+002  -5.308421e+001  -2.601151e+001  -1.452110e+001  -0.000000e+000  
-4.922576e+001  -4.848217e+001  -4.701640e+001  -4.472973e+001  -4.170140e+001  -3.832857e+001  -3.451737e+001  -1.380846e+002  -1.326563e+002  -1.265448e+002  -1.071337e+002  -6.839906e+001  -3.703830e+001  -1.885238e+001  -1.093090e+001  -0.000000e+000  
-2.314717e+001  -2.281709e+001  -2.216602e+001  -2.114920e+001  -1.980016e+001  -1.829447e+001  -1.658852e+001  -6.671658e+001  -6.426260e+001  -6.148305e+001  -5.260389e+001  -3.429915e+001  -1.897606e+001  -9.870285e+000  -5.842684e+000  -0.000000e+000  
-0.000000e+000  -0.000000e+000  -0.000000e+000  -0.000000e+000  -0.000000e+000  -0.000000e+000  -0.000000e+000  -0.000000e+000  -0.000000e+000  -0.000000e+000  -0.000000e+000  -0.000000e+000  -0.000000e+000  -0.000000e+000  -0.000000e+000  -0.000000e+000  

-0.000000e+000  6.020571e+000  1.208637e+001  1.823991e+001  2.535088e+001  3.180589e+001  3.843738e+001  4.525249e+001  3.437902e+001  2.405006e+001  1.437008e+001  -2.209445e+001  -3.942483e+001  -3.542710e+001  -1.998273e+001  -0.000000e+000  
-0.000000e+000  5.535018e+000  1.114054e+001  1.688328e+001  2.361580e+001  2.983511e+001  3.633830e+001  4.314252e+001  3.104350e+001  1.964814e+001  9.071764e+000  -2.926298e+001  -4.519287e+001  -3.888224e+001  -2.150219e+001  -0.000000e+000  
-0.000000e+000  4.327659e+000  8.786507e+000  1.350130e+001  1.927790e+001  2.488908e+001  3.104120e+001  3.777505e+001  2.306035e+001  9.421539e+000  -3.006115e+000  -4.468176e+001  -5.707854e+001  -4.579511e+001  -2.448621e+001  -0.000000e+000  
-0.000000e+000  1.831713e+000  3.915369e+000  6.491117e+000  1.025931e+001  1.456533e+001  1.992183e+001  2.641521e+001  7.356166e+000  -9.913584e+000  -2.523646e+001  -7.060224e+001  -7.570360e+001  -5.610617e+001  -2.879845e+001  -0.000000e+000  
-0.000000e+000  -3.079774e+000  -5.676856e+000  -7.330657e+000  -7.561450e+000  -5.893261e+000  -2.203993e+000  3.676935e+000  -2.196975e+001  -4.452144e+001  -6.381740e+001  -1.105681e+002  -1.017653e+002  -6.955688e+001  -3.416996e+001  -0.000000e+000  
-0.000000e+000  -1.187512e+001  -2.286227e+001  -3.211297e+001  -3.955495e+001  -4.268094e+001  -4.207685e+001  -3.742774e+001  -7.185308e+001  -1.009837e+002  -1.247330e+002  -1.651673e+002  -1.331876e+002  -8.432344e+001  -3.969994e+001  -0.000000e+000  
-0.000000e+000  -2.187531e+001  -4.241046e+001  -6.032074e+001  -7.600164e+001  -8.461941e+001  -8.756245e+001  -8.434980e+001  -1.261659e+002  -1.602842e+002  -1.868004e+002  -2.129592e+002  -1.572366e+002  -9.450355e+001  -4.323323e+001  -0.000000e+000  
-0.000000e+000  -2.917025e+001  -5.667678e+001  -8.091973e+001  -1.026371e+002  -1.152831e+002  -1.208255e+002  -1.186557e+002  -1.651049e+002  -2.021191e+002  -2.299703e+002  -2.438129e+002  -1.717985e+002  -1.003625e+002  -4.518872e+001  -0.000000e+000  
-0.000000e+000  -3.834689e+001  -7.463488e+001  -1.068736e+002  -1.362352e+002  -1.539915e+002  -1.628269e+002  -1.619586e+002  -2.133427e+002  -2.531120e+002  -2.818236e+002  -2.780431e+002  -1.868678e+002  -1.060871e+002  -4.701168e+001  -0.000000e+000  
-0.000000e+000  -4.975816e+001  -9.698945e+001  -1.392305e+002  -1.782012e+002  -2.024041e+002  -2.153898e+002  -2.161282e+002  -2.725833e+002  -3.146907e+002  -3.434625e+002  -3.153883e+002  -2.021026e+002  -1.115041e+002  -4.863838e+001  -0.000000e+000  
-0.000000e+000  -6.383979e+001  -1.246204e+002  -1.793207e+002  -2.303572e+002  -2.627086e+002  -2.809449e+002  -2.836654e+002  -3.451062e+002  -3.887432e+002  -4.163167e+002  -3.556390e+002  -2.172166e+002  -1.164798e+002  -5.002274e+001  -0.000000e+000  
-0.000000e+000  -8.126124e+001  -1.588920e+002  -2.292348e+002  -2.956176e+002  -3.384573e+002  -3.634850e+002  -3.686993e+002  -4.347209e+002  -4.784450e+002  -5.028102e+002  -3.987984e+002  -2.319838e+002  -1.209010e+002  -5.112407e+001  -0.000000e+000  
-0.000000e+000  -1.163053e+002  -2.280991e+002  -3.306239e+002  -4.292333e+002  -4.945560e+002  -5.343266e+002  -5.448206e+002  -6.167142e+002  -6.564432e+002  -6.702792e+002  -4.733807e+002  -2.549178e+002  -1.269587e+002  -5.237548e+001  -0.000000e+000  
-0.000000e+000  -1.904579e+002  -3.766278e+002  -5.529935e+002  -7.311880e+002  -8.565418e+002  -9.381219e+002  -9.633486e+002  -1.029853e+003  -1.035244e+003  -1.000904e+003  -5.812253e+002  -2.783893e+002  -1.300638e+002  -5.189669e+001  -0.000000e+000  
-0.000000e+000  -2.608884e+002  -5.227752e+002  -7.842777e+002  -1.071187e+003  -1.295677e+003  -1.459349e+003  -1.518109e+003  -1.544493e+003  -1.453134e+003  -1.310375e+003  -6.430512e+002  -2.832259e+002  -1.268663e+002  -4.955366e+001  -0.000000e+000  
-0.000000e+000  -3.024647e+002  -6.118044e+002  -9.327448e+002  -1.307954e+003  -1.629947e+003  -1.892649e+003  -2.004028e+003  -1.969317e+003  -1.758764e+003  -1.501554e+003  -6.697326e+002  -2.816818e+002  -1.232191e+002  -4.754320e+001  -0.000000e+000  
-0.000000e+000  -3.360588e+002  -6.872564e+002  -1.068947e+003  -1.553493e+003  -2.028528e+003  -2.492508e+003  -2.756688e+003  -2.558708e+003  -2.111705e+003  -1.670793e+003  -6.805311e+002  -2.749541e+002  -1.177665e+002  -4.493598e+001  -0.000000e+000  
-0.000000e+000  -3.528843e+002  -7.291387e+002  -1.157589e+003  -1.754029e+003  -2.448634e+003  -3.335107e+003  -4.148518e+003  -3.403351e+003  -2.475214e+003  -1.774705e+003  -6.701772e+002  -2.621848e+002  -1.102479e+002  -4.164132e+001  -0.000000e+000  
-0.000000e+000  -3.407310e+002  -7.064843e+002  -1.132073e+003  -1.762983e+003  -2.638990e+003  -4.287263e+003  -7.562750e+003  -4.466149e+003  -2.627664e+003  -1.724473e+003  -6.318857e+002  -2.424563e+002  -1.004552e+002  -3.760708e+001  -0.000000e+000  
-0.000000e+000  -2.971023e+002  -6.086932e+002  -9.511698e+002  -1.399027e+003  -1.867351e+003  -2.354579e+003  -0.000000e+000  -2.183114e+003  -1.847596e+003  -1.446362e+003  -5.656750e+002  -2.162991e+002  -8.868087e+001  -3.295913e+001  -0.000000e+000  
-0.000000e+000  -2.351214e+002  -4.718094e+002  -7.067960e+002  -9.490090e+002  -1.069940e+003  -9.179701e+002  -0.000000e+000  -9.108042e+002  -1.139676e+003  -1.097393e+003  -4.782715e+002  -1.843745e+002  -7.509736e+001  -2.775436e+001  -0.000000e+000  
-0.000000e+000  -1.709150e+002  -3.364769e+002  -4.858806e+002  -6.064996e+002  -6.101908e+002  -4.316165e+002  -0.000000e+000  -4.588527e+002  -7.084332e+002  -7.815982e+002  -3.777850e+002  -1.476645e+002  -5.995202e+001  -2.206876e+001  -0.000000e+000  
-0.000000e+000  -5.542325e+001  -1.052090e+002  -1.426775e+002  -1.601399e+002  -1.421019e+002  -8.651679e+001  -0.000000e+000  -1.113050e+002  -2.058814e+002  -2.633502e+002  -1.626979e+002  -6.691960e+001  -2.715403e+001  -9.922266e+000  -0.000000e+000  
-0.000000e+000  5.542325e+001  1.052090e+002  1.426775e+002  1.601399e+002  1.421019e+002  8.651679e+001  -0.000000e+000  1.113050e+002  2.058814e+002  2.633502e+002  1.626979e+002  6.691960e+001  2.715403e+001  9.922266e+000  -0.000000e+000  
-0.000000e+000  1.709150e+002  3.364769e+002  4.858806e+002  6.064996e+002  6.101908e+002  4.316165e+002  -0.000000e+000  4.588527e+002  7.084332e+002  7.815982e+002  3.777850e+002  1.476645e+002  5.995202e+001  2.206876e+001  -0.000000e+000  
-0.000000e+000  2.351214e+002  4.718094e+002  7.067960e+002  9.490090e+002  1.069940e+003  9.179701e+002  -0.000000e+000  9.108042e+002  1.139676e+003  1.097393e+003  4.782715e+002  1.843745e+002  7.509736e+001  2.775436e+001  -0.000000e+000  
-0.000000e+000  2.971023e+002  6.086932e+002  9.511698e+002  1.399027e+003  1.867351e+003  2.354579e+003  -0.000000e+000  2.183114e+003  1.847596e+003  1.446362e+003  5.656750e+002  2.162991e+002  8.868087e+001  3.295913e+001  -0.000000e+000  
-0.000000e+000  3.407310e+002  7.064843e+002  1.132073e+003  1.762983e+003  2.638990e+003  4.287263e+003  7.562750e+003  4.466149e+003  2.627664e+003  1.724473e+003  6.318857e+002  2.424563e+002  1.004552e+002  3.760708e+001  -0.000000e+000  
-0.000000e+000  3.528843e+002  7.291387e+002  1.157589e+003  1.754029e+003  2.448634e+003  3.335107e+003  4.148518e+003  3.403351e+003  2.475214e+003  1.774705e+003  6.701772e+002  2.621848e+002  1.102479e+002  4.164132e+001  -0.000000e+000  
-0.000000e+000  3.360588e+002  6.872564e+002  1.068947e+003  1.553493e+003  2.028528e+003  2.492508e+003  2.756688e+003  2.558708e+003  2.111705e+003  1.670793e+003  6.805311e+002  2.749541e+002  1.177665e+002  4.493598e+001  -0.000000e+000  
-0.000000e+000  3.024647e+002  6.118044e+002  9.327448e+002  1.307954e+003  1.629947e+003  1.892649e+003  2.004028e+003  1.969317e+003  1.758764e+003  1.501554e+003  6.697326e+002  2.816818e+002  1.232191e+002  4.754320e+001  -0.000000e+000  
-0.000000e+000  2.608884e+002  5.227752e+002  7.842777e+002  1.071187e+003  1.295677e+003  1.459349e+003  1.518109e+003  1.544493e+003  1.453134e+003  1.310375e+003  6.430512e+002  2.832259e+002  1.268663e+002  4.955366e+001  -0.000000e+000  
-0.000000e+000  1.904579e+002  3.766278e+002  5.529935e+002  7.311880e+002  8.565418e+002  9.381219e+002  9.633486e+002  1.029853e+003  1.035244e+003  1.000904e+003  5.812253e+002  2.783893e+002  1.300638e+002  5.189669e+001  -0.000000e+000  
-0.000000e+000  1.163053e+002  2.280991e+002  3.306239e+002  4.292333e+002  4.945560e+002  5.343266e+002  5.448206e+002  6.167142e+002  6.564432e+002  6.702792e+002  4.733807e+002  2.549178e+002  1.269587e+002  5.237548e+001  -0.000000e+000  
-0.000000e+000  8.126124e+001  1.588920e+002  2.292348e+002  2.956176e+002  3.384573e+002  3.634850e+002  3.686993e+002  4.347209e+002  4.784450e+002  5.028102e+002  3.987984e+002  2.319838e+002  1.209010e+002  5.112407e+001  -0.000000e+000  
-0.000000e+000  6.383979e+001  1.246204e+002  1.793207e+002  2.303572e+002  2.627086e+002  2.809449e+002  2.836654e+002  3.451062e+002  3.887432e+002  4.163167e+002  3.556390e+002  2.172166e+002  1.164798e+002  5.002274e+001  -0.000000e+000  
-0.000000e+000  4.975816e+001  9.698945e+001  1.392305e+002  1.782012e+002  2.024041e+002  2.153898e+002  2.161282e+002  2.725833e+002  3.146907e+002  3.434625e+002  3.153883e+002  2.021026e+002  1.115041e+002  4.863838e+001  -0.000000e+000  
-0.000000e+000  3.834689e+001  7.463488e+001  1.068736e+002  1.362352e+002  1.539915e+002  1.628269e+002  1.619586e+002  2.133427e+002  2.531120e+002  2.818236e+002  2.780431e+002  1.868678e+002  1.060871e+002  4.701168e+001  -0.000000e+000  
-0.000000e+000  2.917025e+001  5.667678e+001  8.091973e+001  1.026371e+002  1.152831e+002  1.208255e+002  1.186557e+002  1.651049e+002  2.021191e+002  2.299703e+002  2.438129e+002  1.717985e+002  1.003625e+002  4.518872e+001  -0.000000e+000  
-0.000000e+000  2.187531e+001  4.241046e+001  6.032074e+001  7.600164e+001  8.461941e+001  8.756245e+001  8.434980e+001  1.261659e+002  1.602842e+002  1.868004e+002  2.129592e+002  1.572366e+002  9.450355e+001  4.323323e+001  -0.000000e+000  
-0.000000e+000  1.187512e+001  2.286227e+001  3.211297e+001  3.955495e+001  4.268094e+001  4.207685e+001  3.742774e+001  7.185308e+001  1.009837e+002  1.247330e+002  1.651673e+002  1.331876e+002  8.432344e+001  3.969994e+001  -0.000000e+000  
-0.000000e+000  3.079774e+000  5.676856e+000  7.330657e+000  7.561450e+000  5.893261e+000  2.203993e+000  -3.676935e+000  2.196975e+001  4.452144e+001  6.381740e+001  1.105681e+002  1.017653e+002  6.955688e+001  3.416996e+001  -0.000000e+000  
-0.000000e+000  -1.831713e+000  -3.915369e+000  -6.491117e+000  -1.025931e+001  -1.456533e+001  -1.992183e+001  -2.641521e+001  -7.356166e+000  9.913584e+000  2.523646e+001  7.060224e+001  7.570360e+001  5.610617e+001  2.879845e+001  -0.000000e+000  
-0.000000e+000  -4.327659e+000  -8.786507e+000  -1.350130e+001  -1.927790e+001  -2.488908e+001  -3.104120e+001  -3.777505e+001  -2.306035e+001  -9.421539e+000  3.006115e+000  4.468176e+001  5.707854e+001  4.579511e+001  2.448621e+001  -0.000000e+000  
-0.000000e+000  -5.535018e+000  -1.114054e+001  -1.688328e+001  -2.361580e+001  -2.983511e+001  -3.633830e+001  -4.314252e+001  -3.104350e+001  -1.964814e+001  -9.071764e+000  2.926298e+001  4.519287e+001  3.888224e+001  2.150219e+001  -0.000000e+000  
-0.000000e+000  -6.020571e+000  -1.208637e+001  -1.823991e+001  -2.535088e+001  -3.180589e+001  -3.843738e+001  -4.525249e+001  -3.437902e+001  -2.405006e+001  -1.437008e+001  2.209445e+001  3.942483e+001  3.542710e+001  1.998273e+001  -0.000000e+000  
-0.000000e+000  -0.000000e+000  -0.000000e+000  -0.000000e+000  -0.000000e+000  -0.000000e+000  -0.000000e+000  -0.000000e+000  -0.000000e+000  -0.000000e+000  -0.000000e+000  -0.000000e+000  -0.000000e+000  -0.000000e+000  -0.000000e+000  -0.000000e+000  

0.000000e+000  0.000000e+000  0.000000e+000  0.000000e+000  0.000000e+000  0.000000e+000  0.000000e+000  0.000000e+000  0.000000e+000  0.000000e+000  0.000000e+000  0.000000e+000  0.000000e+000  0.000000e+000  0.000000e+000  0.000000e+000  
0.000000e+000  0.000000e+000  0.000000e+000  0.000000e+000  0.000000e+000  0.000000e+000  0.000000e+000  0.000000e+000  0.000000e+000  0.000000e+000  0.000000e+000  0.000000e+000  0.000000e+000  0.000000e+000  0.000000e+000  0.000000e+000  
0.000000e+000  0.000000e+000  0.000000e+000  0.000000e+000  0.000000e+000  0.000000e+000  0.000000e+000  0.000000e+000  0.000000e+000  0.000000e+000  0.000000e+000  0.000000e+000  0.000000e+000  0.000000e+000  0.000000e+000  0.000000e+000  
0.000000e+000  0.000000e+000  0.000000e+000  0.000000e+000  0.000000e+000  0.000000e+000  0.000000e+000  0.000000e+000  0.000000e+000  0.000000e+000  0.000000e+000  0.000000e+000  0.000000e+000  0.000000e+000  0.000000e+000  0.000000e+000  
0.000000e+000  0.000000e+000  0.000000e+000  0.000000e+000  0.000000e+000  0.000000e+000  0.000000e+000  0.000000e+000  0.000000e+000  0.000000e+000  0.000000e+000  0.000000e+000  0.000000e+000  0.000000e+000  0.000000e+000  0.000000e+000  
0.000000e+000  0.000000e+000  0.000000e+000  0.000000e+000  0.000000e+000  0.000000e+000  0.000000e+000  0.000000e+000  0.000000e+000  0.000000e+000  0.000000e+000  0.000000e+000  0.000000e+000  0.000000e+000  0.000000e+000  0.000000e+000  
0.000000e+000  0.000000e+000  0.000000e+000  0.000000e+000  0.000000e+000  0.000000e+000  0.000000e+000  0.000000e+000  0.000000e+000  0.000000e+000  0.000000e+000  0.000000e+000  0.000000e+000  0.000000e+000  0.000000e+000  0.000000e+000  
0.000000e+000  0.000000e+000  0.000000e+000  0.000000e+000  0.000000e+000  0.000000e+000  0.000000e+000  0.000000e+000  0.000000e+000  0.000000e+000  0.000000e+000  0.000000e+000  0.000000e+000  0.000000e+000  0.000000e+000  0.000000e+000  
0.000000e+000  0.000000e+000  0.000000e+000  0.000000e+000  0.000000e+000  0.000000e+000  0.000000e+000  0.000000e+000  0.000000e+000  0.000000e+000  0.000000e+000  0.000000e+000  0.000000e+000  0.000000e+000  0.000000e+000  0.000000e+000  
0.000000e+000  0.000000e+000  0.000000e+000  0.000000e+000  0.000000e+000  0.000000e+000  0.000000e+000  0.000000e+000  0.000000e+000  0.000000e+000  0.000000e+000  0.000000e+000  0.000000e+000  0.000000e+000  0.000000e+000  0.000000e+000  
0.000000e+000  0.000000e+000  0.000000e+000  0.000000e+000  0.000000e+000  0.000000e+000  0.000000e+000  0.000000e+000  0.000000e+000  0.000000e+000  0.000000e+000  0.000000e+000  0.000000e+000  0.000000e+000  0.000000e+000  0.000000e+000  
0.000000e+000  0.000000e+000  0.000000e+000  0.000000e+000  0.000000e+000  0.000000e+000  0.000000e+000  0.000000e+000  0.000000e+000  0.000000e+000  0.000000e+000  0.000000e+000  0.000000e+000  0.000000e+000  0.000000e+000  0.000000e+000  
0.000000e+000  0.000000e+000  0.000000e+000  0.000000e+000  0.000000e+000  0.000000e+000  0.000000e+000  0.000000e+000  0.000000e+000  0.000000e+000  0.000000e+000  0.000000e+000  0.000000e+000  0.000000e+000  0.000000e+000  0.000000e+000  
0.000000e+000  0.000000e+000  0.000000e+000  0.000000e+000  0.000000e+000  0.000000e+000  0.000000e+000  0.000000e+000  0.000000e+000  0.000000e+000  0.000000e+000  0.000000e+000  0.000000e+000  0.000000e+000  0.000000e+000  0.000000e+000  
0.000000e+000  0.000000e+000  0.000000e+000  0.000000e+000  0.000000e+000  0.000000e+000  0.000000e+000  0.000000e+000  0.000000e+000  0.000000e+000  0.000000e+000  0.000000e+000  0.000000e+000  0.000000e+000  0.000000e+000  0.000000e+000  
0.000000e+000  0.000000e+000  0.000000e+000  0.000000e+000  0.000000e+000  0.000000e+000  0.000000e+000  0.000000e+000  0.000000e+000  0.000000e+000  0.000000e+000  0.000000e+000  0.000000e+000  0.000000e+000  0.000000e+000  0.000000e+000  
0.000000e+000  0.000000e+000  0.000000e+000  0.000000e+000  0.000000e+000  0.000000e+000  0.000000e+000  0.000000e+000  0.000000e+000  0.000000e+000  0.000000e+000  0.000000e+000  0.000000e+000  0.000000e+000  0.000000e+000  0.000000e+000  
0.000000e+000  0.000000e+000  0.000000e+000  0.000000e+000  0.000000e+000  0.000000e+000  0.000000e+000  0.000000e+000  0.000000e+000  0.000000e+000  0.000000e+000  0.000000e+000  0.000000e+000  0.000000e+000  0.000000e+000  0.000000e+000  
0.000000e+000  0.000000e+000  0.000000e+000  0.000000e+000  0.000000e+000  0.000000e+000  0.000000e+000  0.000000e+000  0.000000e+000  0.000000e+000  0.000000e+000  0.000000e+000  0.000000e+000  0.000000e+000  0.000000e+000  0.000000e+000  
0.000000e+000  0.000000e+000  0.000000e+000  0.000000e+000  0.000000e+000  0.000000e+000  0.000000e+000  0.000000e+000  0.000000e+000  0.000000e+000  0.000000e+000  0.000000e+000  0.000000e+000  0.000000e+000  0.000000e+000  0.000000e+000  
0.000000e+000  0.000000e+000  0.000000e+000  0.000000e+000  0.000000e+000  0.000000e+000  0.000000e+000  0.000000e+000  0.000000e+000  0.000000e+000  0.000000e+000  0.000000e+000  0.000000e+000  0.000000e+000  0.000000e+000  0.000000e+000  
0.000000e+000  0.000000e+000  0.000000e+000  0.000000e+000  0.000000e+000  0.000000e+000  0.000000e+000  0.000000e+000  0.000000e+000  0.000000e+000  0.000000e+000  0.000000e+000  0.000000e+000  0.000000e+000  0.000000e+000  0.000000e+000  
0.000000e+000  0.000000e+000  0.000000e+000  0.000000e+000  0.000000e+000  0.000000e+000  0.000000e+000  0.000000e+000  0.000000e+000  0.000000e+000  0.000000e+000  0.000000e+000  0.000000e+000  0.000000e+000  0.000000e+000  0.000000e+000  
0.000000e+000  0.000000e+000  0.000000e+000  0.000000e+000  0.000000e+000  0.000000e+000  0.000000e+000  0.000000e+000  0.000000e+000  0.000000e+000  0.000000e+000  0.000000e+000  0.000000e+000  0.000000e+000  0.000000e+000  0.000000e+000  
0.000000e+000  0.000000e+000  0.000000e+000  0.000000e+000  0.000000e+000  0.000000e+000  0.000000e+000  0.000000e+000  0.000000e+000  0.000000e+000  0.000000e+000  0.000000e+000  0.000000e+000  0.000000e+000  0.000000e+000  0.000000e+000  
0.000000e+000  0.000000e+000  0.000000e+000  0.000000e+000  0.000000e+000  0.000000e+000  0.000000e+000  0.000000e+000  0.000000e+000  0.000000e+000  0.000000e+000  0.000000e+000  0.000000e+000  0.000000e+000  0.000000e+000  0.000000e+000  
0.000000e+000  0.000000e+000  0.000000e+000  0.000000e+000  0.000000e+000  0.000000e+000  0.000000e+000  0.000000e+000  0.000000e+000  0.000000e+000  0.000000e+000  0.000000e+000  0.000000e+000  0.000000e+000  0.000000e+000  0.000000e+000  
0.000000e+000  0.000000e+000  0.000000e+000  0.000000e+000  0.000000e+000  0.000000e+000  0.000000e+000  0.000000e+000  0.000000e+000  0.000000e+000  0.000000e+000  0.000000e+000  0.000000e+000  0.000000e+000  0.000000e+000  0.000000e+000  
0.000000e+000  0.000000e+000  0.000000e+000  0.000000e+000  0.000000e+000  0.000000e+000  0.000000e+000  0.000000e+000  0.000000e+000  0.000000e+000  0.000000e+000  0.000000e+000  0.000000e+000  0.000000e+000  0.000000e+000  0.000000e+000  
0.000000e+000  0.000000e+000  0.000000e+000  0.000000e+000  0.000000e+000  0.000000e+000  0.000000e+000  0.000000e+000  0.000000e+000  0.000000e+000  0.000000e+000  0.000000e+000  0.000000e+000  0.000000e+000  0.000000e+000  0.000000e+000  
0.000000e+000  0.000000e+000  0.000000e+000  0.000000e+000  0.000000e+000  0.000000e+000  0.000000e+000  0.000000e+000  0.000000e+000  0.000000e+000  0.000000e+000  0.000000e+000  0.000000e+000  0.000000e+000  0.000000e+000  0.000000e+000  
0.000000e+000  0.000000e+000  0.000000e+000  0.000000e+000  0.000000e+000  0.000000e+000  0.000000e+000  0.000000e+000  0.000000e+000  0.000000e+000  0.000000e+000  0.000000e+000  0.000000e+000  0.000000e+000  0.000000e+000  0.000000e+000  
0.000000e+000  0.000000e+000  0.000000e+000  0.000000e+000  0.000000e+000  0.000000e+000  0.000000e+000  0.000000e+000  0.000000e+000  0.000000e+000  0.000000e+000  0.000000e+000  0.000000e+000  0.000000e+000  0.000000e+000  0.000000e+000  
0.000000e+000  0.000000e+000  0.000000e+000  0.000000e+000  0.000000e+000  0.000000e+000  0.000000e+000  0.000000e+000  0.000000e+000  0.000000e+000  0.000000e+000  0.000000e+000  0.000000e+000  0.000000e+000  0.000000e+000  0.000000e+000  
0.000000e+000  0.000000e+000  0.000000e+000  0.000000e+000  0.000000e+000  0.000000e+000  0.000000e+000  0.000000e+000  0.000000e+000  0.000000e+000  0.000000e+000  0.000000e+000  0.000000e+000  0.000000e+000  0.000000e+000  0.000000e+000  
0.000000e+000  0.000000e+000  0.000000e+000  0.000000e+000  0.000000e+000  0.000000e+000  0.000000e+000  0.000000e+000  0.000000e+000  0.000000e+000  0.000000e+000  0.000000e+000  0.000000e+000  0.000000e+000  0.000000e+000  0.000000e+000  
0.000000e+000  0.000000e+000  0.000000e+000  0.000000e+000  0.000000e+000  0.000000e+000  0.000000e+000  0.000000e+000  0.000000e+000  0.000000e+000  0.000000e+000  0.000000e+000  0.000000e+000  0.000000e+000  0.000000e+000  0.000000e+000  
0.000000e+000  0.000000e+000  0.000000e+000  0.000000e+000  0.000000e+000  0.000000e+000  0.000000e+000  0.000000e+000  0.000000e+000  0.000000e+000  0.000000e+000  0.000000e+000  0.000000e+000  0.000000e+000  0.000000e+000  0.000000e+000  
0.000000e+000  0.000000e+000  0.000000e+000  0.000000e+000  0.000000e+000  0.000000e+000  0.000000e+000  0.000000e+000  0.000000e+000  0.000000e+000  0.000000e+000  0.000000e+000  0.000000e+000  0.000000e+000  0.000000e+000  0.000000e+000  
0.000000e+000  0.000000e+000  0.000000e+000  0.000000e+000  0.000000e+000  0.000000e+000  0.000000e+000  0.000000e+000  0.000000e+000  0.000000e+000  0.000000e+000  0.000000e+000  0.000000e+000  0.000000e+000  0.000000e+000  0.000000e+000  
0.000000e+000  0.000000e+000  0.000000e+000  0.000000e+000  0.000000e+000  0.000000e+000  0.000000e+000  0.000000e+000  0.000000e+000  0.000000e+000  0.000000e+000  0.000000e+000  0.000000e+000  0.000000e+000  0.000000e+000  0.000000e+000  
0.000000e+000  0.000000e+000  0.000000e+000  0.000000e+000  0.000000e+000  0.000000e+000  0.000000e+000  0.000000e+000  0.000000e+000  0.000000e+000  0.000000e+000  0.000000e+000  0.000000e+000  0.000000e+000  0.000000e+000  0.000000e+000  
0.000000e+000  0.000000e+000  0.000000e+000  0.000000e+000  0.000000e+000  0.000000e+000  0.000000e+000  0.000000e+000  0.000000e+000  0.000000e+000  0.000000e+000  0.000000e+000  0.000000e+000  0.000000e+000  0.000000e+000  0.000000e+000  
0.000000e+000  0.000000e+000  0.000000e+000  0.000000e+000  0.000000e+000  0.000000e+000  0.000000e+000  0.000000e+000  0.000000e+000  0.000000e+000  0.000000e+000  0.000000e+000  0.000000e+000  0.000000e+000  0.000000e+000  0.000000e+000  
0.000000e+000  0.000000e+000  0.000000e+000  0.000000e+000  0.000000e+000  0.000000e+000  0.000000e+000  0.000000e+000  0.000000e+000  0.000000e+000  0.000000e+000  0.000000e+000  0.000000e+000  0.000000e+000  0.000000e+000  0.000000e+000  
0.000000e+000  0.000000e+000  0.000000e+000  0.000000e+000  0.000000e+000  0.000000e+000  0.000000e+000  0.000000e+000  0.000000e+000  0.000000e+000  0.000000e+000  0.000000e+000  0.000000e+000  0.000000e+000  0.000000e+000  0.000000e+000  
0.000000e+000  0.000000e+000  0.000000e+000  0.000000e+000  0.000000e+000  0.000000e+000  0.000000e+000  0.000000e+000  0.000000e+000  0.000000e+000  0.000000e+000  0.000000e+000  0.000000e+000  0.000000e+000  0.000000e+000  0.000000e+000  

0.000000e+000  0.000000e+000  0.000000e+000  0.000000e+000  0.000000e+000  0.000000e+000  0.000000e+000  0.000000e+000  0.000000e+000  0.000000e+000  0.000000e+000  0.000000e+000  0.000000e+000  0.000000e+000  0.000000e+000  0.000000e+000  
0.000000e+000  0.000000e+000  0.000000e+000  0.000000e+000  0.000000e+000  0.000000e+000  0.000000e+000  0.000000e+000  0.000000e+000  0.000000e+000  0.000000e+000  0.000000e+000  0.000000e+000  0.000000e+000  0.000000e+000  0.000000e+000  
0.000000e+000  0.000000e+000  0.000000e+000  0.000000e+000  0.000000e+000  0.000000e+000  0.000000e+000  0.000000e+000  0.000000e+000  0.000000e+000  0.000000e+000  0.000000e+000  0.000000e+000  0.000000e+000  0.000000e+000  0.000000e+000  
0.000000e+000  0.000000e+000  0.000000e+000  0.000000e+000  0.000000e+000  0.000000e+000  0.000000e+000  0.000000e+000  0.000000e+000  0.000000e+000  0.000000e+000  0.000000e+000  0.000000e+000  0.000000e+000  0.000000e+000  0.000000e+000  
0.000000e+000  0.000000e+000  0.000000e+000  0.000000e+000  0.000000e+000  0.000000e+000  0.000000e+000  0.000000e+000  0.000000e+000  0.000000e+000  0.000000e+000  0.000000e+000  0.000000e+000  0.000000e+000  0.000000e+000  0.000000e+000  
0.000000e+000  0.000000e+000  0.000000e+000  0.000000e+000  0.000000e+000  0.000000e+000  0.000000e+000  0.000000e+000  0.000000e+000  0.000000e+000  0.000000e+000  0.000000e+000  0.000000e+000  0.000000e+000  0.000000e+000  0.000000e+000  
0.000000e+000  0.000000e+000  0.000000e+000  0.000000e+000  0.000000e+000  0.000000e+000  0.000000e+000  0.000000e+000  0.000000e+000  0.000000e+000  0.000000e+000  0.000000e+000  0.000000e+000  0.000000e+000  0.000000e+000  0.000000e+000  
0.000000e+000  0.000000e+000  0.000000e+000  0.000000e+000  0.000000e+000  0.000000e+000  0.000000e+000  0.000000e+000  0.000000e+000  0.000000e+000  0.000000e+000  0.000000e+000  0.000000e+000  0.000000e+000  0.000000e+000  0.000000e+000  
0.000000e+000  0.000000e+000  0.000000e+000  0.000000e+000  0.000000e+000  0.000000e+000  0.000000e+000  0.000000e+000  0.000000e+000  0.000000e+000  0.000000e+000  0.000000e+000  0.000000e+000  0.000000e+000  0.000000e+000  0.000000e+000  
0.000000e+000  0.000000e+000  0.000000e+000  0.000000e+000  0.000000e+000  0.000000e+000  0.000000e+000  0.000000e+000  0.000000e+000  0.000000e+000  0.000000e+000  0.000000e+000  0.000000e+000  0.000000e+000  0.000000e+000  0.000000e+000  
0.000000e+000  0.000000e+000  0.000000e+000  0.000000e+000  0.000000e+000  0.000000e+000  0.000000e+000  0.000000e+000  0.000000e+000  0.000000e+000  0.000000e+000  0.000000e+000  0.000000e+000  0.000000e+000  0.000000e+000  0.000000e+000  
0.000000e+000  0.000000e+000  0.000000e+000  0.000000e+000  0.000000e+000  0.000000e+000  0.000000e+000  0.000000e+000  0.000000e+000  0.000000e+000  0.000000e+000  0.000000e+000  0.000000e+000  0.000000e+000  0.000000e+000  0.000000e+000  
0.000000e+000  0.000000e+000  0.000000e+000  0.000000e+000  0.000000e+000  0.000000e+000  0.000000e+000  0.000000e+000  0.000000e+000  0.000000e+000  0.000000e+000  0.000000e+000  0.000000e+000  0.000000e+000  0.000000e+000  0.000000e+000  
0.000000e+000  0.000000e+000  0.000000e+000  0.000000e+000  0.000000e+000  0.000000e+000  0.000000e+000  0.000000e+000  0.000000e+000  0.000000e+000  0.000000e+000  0.000000e+000  0.000000e+000  0.000000e+000  0.000000e+000  0.000000e+000  
0.000000e+000  0.000000e+000  0.000000e+000  0.000000e+000  0.000000e+000  0.000000e+000  0.000000e+000  0.000000e+000  0.000000e+000  0.000000e+000  0.000000e+000  0.000000e+000  0.000000e+000  0.000000e+000  0.000000e+000  0.000000e+000  
0.000000e+000  0.000000e+000  0.000000e+000  0.000000e+000  0.000000e+000  0.000000e+000  0.000000e+000  0.000000e+000  0.000000e+000  0.000000e+000  0.000000e+000  0.000000e+000  0.000000e+000  0.000000e+000  0.000000e+000  0.000000e+000  
0.000000e+000  0.000000e+000  0.000000e+000  0.000000e+000  0.000000e+000  0.000000e+000  0.000000e+000  0.000000e+000  0.000000e+000  0.000000e+000  0.000000e+000  0.000000e+000  0.000000e+000  0.000000e+000  0.000000e+000  0.000000e+000  
0.000000e+000  0.000000e+000  0.000000e+000  0.000000e+000  0.000000e+000  0.000000e+000  0.000000e+000  0.000000e+000  0.000000e+000  0.000000e+000  0.000000e+000  0.000000e+000  0.000000e+000  0.000000e+000  0.000000e+000  0.000000e+000  
0.000000e+000  0.000000e+000  0.000000e+000  0.000000e+000  0.000000e+000  0.000000e+000  0.000000e+000  0.000000e+000  0.000000e+000  0.000000e+000  0.000000e+000  0.000000e+000  0.000000e+000  0.000000e+000  0.000000e+000  0.000000e+000  
0.000000e+000  0.000000e+000  0.000000e+000  0.000000e+000  0.000000e+000  0.000000e+000  0.000000e+000  0.000000e+000  0.000000e+000  0.000000e+000  0.000000e+000  0.000000e+000  0.000000e+000  0.000000e+000  0.000000e+000  0.000000e+000  
0.000000e+000  0.000000e+000  0.000000e+000  0.000000e+000  0.000000e+000  0.000000e+000  0.000000e+000  0.000000e+000  0.000000e+000  0.000000e+000  0.000000e+000  0.000000e+000  0.000000e+000  0.000000e+000  0.000000e+000  0.000000e+000  
0.000000e+000  0.000000e+000  0.000000e+000  0.000000e+000  0.000000e+000  0.000000e+000  0.000000e+000  0.000000e+000  0.000000e+000  0.000000e+000  0.000000e+000  0.000000e+000  0.000000e+000  0.000000e+000  0.000000e+000  0.000000e+000  
0.000000e+000  0.000000e+000  0.000000e+000  0.000000e+000  0.000000e+000  0.000000e+000  0.000000e+000  0.000000e+000  0.000000e+000  0.000000e+000  0.000000e+000  0.000000e+000  0.000000e+000  0.000000e+000  0.000000e+000  0.000000e+000  
0.000000e+000  0.000000e+000  0.000000e+000  0.000000e+000  0.000000e+000  0.000000e+000  0.000000e+000  0.000000e+000  0.000000e+000  0.000000e+000  0.000000e+000  0.000000e+000  0.000000e+000  0.000000e+000  0.000000e+000  0.000000e+000  
0.000000e+000  0.000000e+000  0.000000e+000  0.000000e+000  0.000000e+000  0.000000e+000  0.000000e+000  0.000000e+000  0.000000e+000  0.000000e+000  0.000000e+000  0.000000e+000  0.000000e+000  0.000000e+000  0.000000e+000  0.000000e+000  
0.000000e+000  0.000000e+000  0.000000e+000  0.000000e+000  0.000000e+000  0.000000e+000  0.000000e+000  0.000000e+000  0.000000e+000  0.000000e+000  0.000000e+000  0.000000e+000  0.000000e+000  0.000000e+000  0.000000e+000  0.000000e+000  
0.000000e+000  0.000000e+000  0.000000e+000  0.000000e+000  0.000000e+000  0.000000e+000  0.000000e+000  0.000000e+000  0.000000e+000  0.000000e+000  0.000000e+000  0.000000e+000  0.000000e+000  0.000000e+000  0.000000e+000  0.000000e+000  
0.000000e+000  0.000000e+000  0.000000e+000  0.000000e+000  0.000000e+000  0.000000e+000  0.000000e+000  0.000000e+000  0.000000e+000  0.000000e+000  0.000000e+000  0.000000e+000  0.000000e+000  0.000000e+000  0.000000e+000  0.000000e+000  
0.000000e+000  0.000000e+000  0.000000e+000  0.000000e+000  0.000000e+000  0.000000e+000  0.000000e+000  0.000000e+000  0.000000e+000  0.000000e+000  0.000000e+000  0.000000e+000  0.000000e+000  0.000000e+000  0.000000e+000  0.000000e+000  
0.000000e+000  0.000000e+000  0.000000e+000  0.000000e+000  0.000000e+000  0.000000e+000  0.000000e+000  0.000000e+000  0.000000e+000  0.000000e+000  0.000000e+000  0.000000e+000  0.000000e+000  0.000000e+000  0.000000e+000  0.000000e+000  
0.000000e+000  0.000000e+000  0.000000e+000  0.000000e+000  0.000000e+000  0.000000e+000  0.000000e+000  0.000000e+000  0.000000e+000  0.000000e+000  0.000000e+000  0.000000e+000  0.000000e+000  0.000000e+000  0.000000e+000  0.000000e+000  
0.000000e+000  0.000000e+000  0.000000e+000  0.000000e+000  0.000000e+000  0.000000e+000  0.000000e+000  0.000000e+000  0.000000e+000  0.000000e+000  0.000000e+000  0.000000e+000  0.000000e+000  0.000000e+000  0.000000e+000  0.000000e+000  
0.000000e+000  0.000000e+000  0.000000e+000  0.000000e+000  0.000000e+000  0.000000e+000  0.000000e+000  0.000000e+000  0.000000e+000  0.000000e+000  0.000000e+000  0.000000e+000  0.000000e+000  0.000000e+000  0.000000e+000  0.000000e+000  
0.000000e+000  0.000000e+000  0.000000e+000  0.000000e+000  0.000000e+000  0.000000e+000  0.000000e+000  0.000000e+000  0.000000e+000  0.000000e+000  0.000000e+000  0.000000e+000  0.000000e+000  0.000000e+000  0.000000e+000  0.000000e+000  
0.000000e+000  0.000000e+000  0.000000e+000  0.000000e+000  0.000000e+000  0.000000e+000  0.000000e+000  0.000000e+000  0.000000e+000  0.000000e+000  0.000000e+000  0.000000e+000  0.000000e+000  0.000000e+000  0.000000e+000  0.000000e+000  
0.000000e+000  0.000000e+000  0.000000e+000  0.000000e+000  0.000000e+000  0.000000e+000  0.000000e+000  0.000000e+000  0.000000e+000  0.000000e+000  0.000000e+000  0.000000e+000  0.000000e+000  0.000000e+000  0.000000e+000  0.000000e+000  
0.000000e+000  0.000000e+000  0.000000e+000  0.000000e+000  0.000000e+000  0.000000e+000  0.000000e+000  0.000000e+000  0.000000e+000  0.000000e+000  0.000000e+000  0.000000e+000  0.000000e+000  0.000000e+000  0.000000e+000  0.000000e+000  
0.000000e+000  0.000000e+000  0.000000e+000  0.000000e+000  0.000000e+000  0.000000e+000  0.000000e+000  0.000000e+000  0.000000e+000  0.000000e+000  0.000000e+000  0.000000e+000  0.000000e+000  0.000000e+000  0.000000e+000  0.000000e+000  
0.000000e+000  0.000000e+000  0.000000e+000  0.000000e+000  0.000000e+000  0.000000e+000  0.000000e+000  0.000000e+000  0.000000e+000  0.000000e+000  0.000000e+000  0.000000e+000  0.000000e+000  0.000000e+000  0.000000e+000  0.000000e+000  
0.000000e+000  0.000000e+000  0.000000e+000  0.000000e+000  0.000000e+000  0.000000e+000  0.000000e+000  0.000000e+000  0.000000e+000  0.000000e+000  0.000000e+000  0.000000e+000  0.000000e+000  0.000000e+000  0.000000e+000  0.000000e+000  
0.000000e+000  0.000000e+000  0.000000e+000  0.000000e+000  0.000000e+000  0.000000e+000  0.000000e+000  0.000000e+000  0.000000e+000  0.000000e+000  0.000000e+000  0.000000e+000  0.000000e+000  0.000000e+000  0.000000e+000  0.000000e+000  
0.000000e+000  0.000000e+000  0.000000e+000  0.000000e+000  0.000000e+000  0.000000e+000  0.000000e+000  0.000000e+000  0.000000e+000  0.000000e+000  0.000000e+000  0.000000e+000  0.000000e+000  0.000000e+000  0.000000e+000  0.000000e+000  
0.000000e+000  0.000000e+000  0.000000e+000  0.000000e+000  0.000000e+000  0.000000e+000  0.000000e+000  0.000000e+000  0.000000e+000  0.000000e+000  0.000000e+000  0.000000e+000  0.000000e+000  0.000000e+000  0.000000e+000  0.000000e+000  
0.000000e+000  0.000000e+000  0.000000e+000  0.000000e+000  0.000000e+000  0.000000e+000  0.000000e+000  0.000000e+000  0.000000e+000  0.000000e+000  0.000000e+000  0.000000e+000  0.000000e+000  0.000000e+000  0.000000e+000  0.000000e+000  
0.000000e+000  0.000000e+000  0.000000e+000  0.000000e+000  0.000000e+000  0.000000e+000  0.000000e+000  0.000000e+000  0.000000e+000  0.000000e+000  0.000000e+000  0.000000e+000  0.000000e+000  0.000000e+000  0.000000e+000  0.000000e+000  
0.000000e+000  0.000000e+000  0.000000e+000  0.000000e+000  0.000000e+000  0.000000e+000  0.000000e+000  0.000000e+000  0.000000e+000  0.000000e+000  0.000000e+000  0.000000e+000  0.000000e+000  0.000000e+000  0.000000e+000  0.000000e+000  
0.000000e+000  0.000000e+000  0.000000e+000  0.000000e+000  0.000000e+000  0.000000e+000  0.000000e+000  0.000000e+000  0.000000e+000  0.000000e+000  0.000000e+000  0.000000e+000  0.000000e+000  0.000000e+000  0.000000e+000  0.000000e+000  

0.000000e+000  0.000000e+000  0.000000e+000  0.000000e+000  0.000000e+000  0.000000e+000  0.000000e+000  0.000000e+000  0.000000e+000  0.000000e+000  0.000000e+000  0.000000e+000  0.000000e+000  0.000000e+000  0.000000e+000  0.000000e+000  
0.000000e+000  0.000000e+000  0.000000e+000  0.000000e+000  0.000000e+000  0.000000e+000  0.000000e+000  0.000000e+000  0.000000e+000  0.000000e+000  0.000000e+000  0.000000e+000  0.000000e+000  0.000000e+000  0.000000e+000  0.000000e+000  
0.000000e+000  0.000000e+000  0.000000e+000  0.000000e+000  0.000000e+000  0.000000e+000  0.000000e+000  0.000000e+000  0.000000e+000  0.000000e+000  0.000000e+000  0.000000e+000  0.000000e+000  0.000000e+000  0.000000e+000  0.000000e+000  
0.000000e+000  0.000000e+000  0.000000e+000  0.000000e+000  0.000000e+000  0.000000e+000  0.000000e+000  0.000000e+000  0.000000e+000  0.000000e+000  0.000000e+000  0.000000e+000  0.000000e+000  0.000000e+000  0.000000e+000  0.000000e+000  
0.000000e+000  0.000000e+000  0.000000e+000  0.000000e+000  0.000000e+000  0.000000e+000  0.000000e+000  0.000000e+000  0.000000e+000  0.000000e+000  0.000000e+000  0.000000e+000  0.000000e+000  0.000000e+000  0.000000e+000  0.000000e+000  
0.000000e+000  0.000000e+000  0.000000e+000  0.000000e+000  0.000000e+000  0.000000e+000  0.000000e+000  0.000000e+000  0.000000e+000  0.000000e+000  0.000000e+000  0.000000e+000  0.000000e+000  0.000000e+000  0.000000e+000  0.000000e+000  
0.000000e+000  0.000000e+000  0.000000e+000  0.000000e+000  0.000000e+000  0.000000e+000  0.000000e+000  0.000000e+000  0.000000e+000  0.000000e+000  0.000000e+000  0.000000e+000  0.000000e+000  0.000000e+000  0.000000e+000  0.000000e+000  
0.000000e+000  0.000000e+000  0.000000e+000  0.000000e+000  0.000000e+000  0.000000e+000  0.000000e+000  0.000000e+000  0.000000e+000  0.000000e+000  0.000000e+000  0.000000e+000  0.000000e+000  0.000000e+000  0.000000e+000  0.000000e+000  
0.000000e+000  0.000000e+000  0.000000e+000  0.000000e+000  0.000000e+000  0.000000e+000  0.000000e+000  0.000000e+000  0.000000e+000  0.000000e+000  0.000000e+000  0.000000e+000  0.000000e+000  0.000000e+000  0.000000e+000  0.000000e+000  
0.000000e+000  0.000000e+000  0.000000e+000  0.000000e+000  0.000000e+000  0.000000e+000  0.000000e+000  0.000000e+000  0.000000e+000  0.000000e+000  0.000000e+000  0.000000e+000  0.000000e+000  0.000000e+000  0.000000e+000  0.000000e+000  
0.000000e+000  0.000000e+000  0.000000e+000  0.000000e+000  0.000000e+000  0.000000e+000  0.000000e+000  0.000000e+000  0.000000e+000  0.000000e+000  0.000000e+000  0.000000e+000  0.000000e+000  0.000000e+000  0.000000e+000  0.000000e+000  
0.000000e+000  0.000000e+000  0.000000e+000  0.000000e+000  0.000000e+000  0.000000e+000  0.000000e+000  0.000000e+000  0.000000e+000  0.000000e+000  0.000000e+000  0.000000e+000  0.000000e+000  0.000000e+000  0.000000e+000  0.000000e+000  
0.000000e+000  0.000000e+000  0.000000e+000  0.000000e+000  0.000000e+000  0.000000e+000  0.000000e+000  0.000000e+000  0.000000e+000  0.000000e+000  0.000000e+000  0.000000e+000  0.000000e+000  0.000000e+000  0.000000e+000  0.000000e+000  
0.000000e+000  0.000000e+000  0.000000e+000  0.000000e+000  0.000000e+000  0.000000e+000  0.000000e+000  0.000000e+000  0.000000e+000  0.000000e+000  0.000000e+000  0.000000e+000  0.000000e+000  0.000000e+000  0.000000e+000  0.000000e+000  
0.000000e+000  0.000000e+000  0.000000e+000  0.000000e+000  0.000000e+000  0.000000e+000  0.000000e+000  0.000000e+000  0.000000e+000  0.000000e+000  0.000000e+000  0.000000e+000  0.000000e+000  0.000000e+000  0.000000e+000  0.000000e+000  
0.000000e+000  0.000000e+000  0.000000e+000  0.000000e+000  0.000000e+000  0.000000e+000  0.000000e+000  0.000000e+000  0.000000e+000  0.000000e+000  0.000000e+000  0.000000e+000  0.000000e+000  0.000000e+000  0.000000e+000  0.000000e+000  
0.000000e+000  0.000000e+000  0.000000e+000  0.000000e+000  0.000000e+000  0.000000e+000  0.000000e+000  0.000000e+000  0.000000e+000  0.000000e+000  0.000000e+000  0.000000e+000  0.000000e+000  0.000000e+000  0.000000e+000  0.000000e+000  
0.000000e+000  0.000000e+000  0.000000e+000  0.000000e+000  0.000000e+000  0.000000e+000  0.000000e+000  0.000000e+000  0.000000e+000  0.000000e+000  0.000000e+000  0.000000e+000  0.000000e+000  0.000000e+000  0.000000e+000  0.000000e+000  
0.000000e+000  0.000000e+000  0.000000e+000  0.000000e+000  0.000000e+000  0.000000e+000  0.000000e+000  0.000000e+000  0.000000e+000  0.000000e+000  0.000000e+000  0.000000e+000  0.000000e+000  0.000000e+000  0.000000e+000  0.000000e+000  
0.000000e+000  0.000000e+000  0.000000e+000  0.000000e+000  0.000000e+000  0.000000e+000  0.000000e+000  0.000000e+000  0.000000e+000  0.000000e+000  0.000000e+000  0.000000e+000  0.000000e+000  0.000000e+000  0.000000e+000  0.000000e+000  
0.000000e+000  0.000000e+000  0.000000e+000  0.000000e+000  0.000000e+000  0.000000e+000  0.000000e+000  0.000000e+000  0.000000e+000  0.000000e+000  0.000000e+000  0.000000e+000  0.000000e+000  0.000000e+000  0.000000e+000  0.000000e+000  
0.000000e+000  0.000000e+000  0.000000e+000  0.000000e+000  0.000000e+000  0.000000e+000  0.000000e+000  0.000000e+000  0.000000e+000  0.000000e+000  0.000000e+000  0.000000e+000  0.000000e+000  0.000000e+000  0.000000e+000  0.000000e+000  
0.000000e+000  0.000000e+000  0.000000e+000  0.000000e+000  0.000000e+000  0.000000e+000  0.000000e+000  0.000000e+000  0.000000e+000  0.000000e+000  0.000000e+000  0.000000e+000  0.000000e+000  0.000000e+000  0.000000e+000  0.000000e+000  
0.000000e+000  0.000000e+000  0.000000e+000  0.000000e+000  0.000000e+000  0.000000e+000  0.000000e+000  0.000000e+000  0.000000e+000  0.000000e+000  0.000000e+000  0.000000e+000  0.000000e+000  0.000000e+000  0.000000e+000  0.000000e+000  
0.000000e+000  0.000000e+000  0.000000e+000  0.000000e+000  0.000000e+000  0.000000e+000  0.000000e+000  0.000000e+000  0.000000e+000  0.000000e+000  0.000000e+000  0.000000e+000  0.000000e+000  0.000000e+000  0.000000e+000  0.000000e+000  
0.000000e+000  0.000000e+000  0.000000e+000  0.000000e+000  0.000000e+000  0.000000e+000  0.000000e+000  0.000000e+000  0.000000e+000  0.000000e+000  0.000000e+000  0.000000e+000  0.000000e+000  0.000000e+000  0.000000e+000  0.000000e+000  
0.000000e+000  0.000000e+000  0.000000e+000  0.000000e+000  0.000000e+000  0.000000e+000  0.000000e+000  0.000000e+000  0.000000e+000  0.000000e+000  0.000000e+000  0.000000e+000  0.000000e+000  0.000000e+000  0.000000e+000  0.000000e+000  
0.000000e+000  0.000000e+000  0.000000e+000  0.000000e+000  0.000000e+000  0.000000e+000  0.000000e+000  0.000000e+000  0.000000e+000  0.000000e+000  0.000000e+000  0.000000e+000  0.000000e+000  0.000000e+000  0.000000e+000  0.000000e+000  
0.000000e+000  0.000000e+000  0.000000e+000  0.000000e+000  0.000000e+000  0.000000e+000  0.000000e+000  0.000000e+000  0.000000e+000  0.000000e+000  0.000000e+000  0.000000e+000  0.000000e+000  0.000000e+000  0.000000e+000  0.000000e+000  
0.000000e+000  0.000000e+000  0.000000e+000  0.000000e+000  0.000000e+000  0.000000e+000  0.000000e+000  0.000000e+000  0.000000e+000  0.000000e+000  0.000000e+000  0.000000e+000  0.000000e+000  0.000000e+000  0.000000e+000  0.000000e+000  
0.000000e+000  0.000000e+000  0.000000e+000  0.000000e+000  0.000000e+000  0.000000e+000  0.000000e+000  0.000000e+000  0.000000e+000  0.000000e+000  0.000000e+000  0.000000e+000  0.000000e+000  0.000000e+000  0.000000e+000  0.000000e+000  
0.000000e+000  0.000000e+000  0.000000e+000  0.000000e+000  0.000000e+000  0.000000e+000  0.000000e+000  0.000000e+000  0.000000e+000  0.000000e+000  0.000000e+000  0.000000e+000  0.000000e+000  0.000000e+000  0.000000e+000  0.000000e+000  
0.000000e+000  0.000000e+000  0.000000e+000  0.000000e+000  0.000000e+000  0.000000e+000  0.000000e+000  0.000000e+000  0.000000e+000  0.000000e+000  0.000000e+000  0.000000e+000  0.000000e+000  0.000000e+000  0.000000e+000  0.000000e+000  
0.000000e+000  0.000000e+000  0.000000e+000  0.000000e+000  0.000000e+000  0.000000e+000  0.000000e+000  0.000000e+000  0.000000e+000  0.000000e+000  0.000000e+000  0.000000e+000  0.000000e+000  0.000000e+000  0.000000e+000  0.000000e+000  
0.000000e+000  0.000000e+000  0.000000e+000  0.000000e+000  0.000000e+000  0.000000e+000  0.000000e+000  0.000000e+000  0.000000e+000  0.000000e+000  0.000000e+000  0.000000e+000  0.000000e+000  0.000000e+000  0.000000e+000  0.000000e+000  
0.000000e+000  0.000000e+000  0.000000e+000  0.000000e+000  0.000000e+000  0.000000e+000  0.000000e+000  0.000000e+000  0.000000e+000  0.000000e+000  0.000000e+000  0.000000e+000  0.000000e+000  0.000000e+000  0.000000e+000  0.000000e+000  
0.000000e+000  0.000000e+000  0.000000e+000  0.000000e+000  0.000000e+000  0.000000e+000  0.000000e+000  0.000000e+000  0.000000e+000  0.000000e+000  0.000000e+000  0.000000e+000  0.000000e+000  0.000000e+000  0.000000e+000  0.000000e+000  
0.000000e+000  0.000000e+000  0.000000e+000  0.000000e+000  0.000000e+000  0.000000e+000  0.000000e+000  0.000000e+000  0.000000e+000  0.000000e+000  0.000000e+000  0.000000e+000  0.000000e+000  0.000000e+000  0.000000e+000  0.000000e+000  
0.000000e+000  0.000000e+000  0.000000e+000  0.000000e+000  0.000000e+000  0.000000e+000  0.000000e+000  0.000000e+000  0.000000e+000  0.000000e+000  0.000000e+000  0.000000e+000  0.000000e+000  0.000000e+000  0.000000e+000  0.000000e+000  
0.000000e+000  0.000000e+000  0.000000e+000  0.000000e+000  0.000000e+000  0.000000e+000  0.000000e+000  0.000000e+000  0.000000e+000  0.000000e+000  0.000000e+000  0.000000e+000  0.000000e+000  0.000000e+000  0.000000e+000  0.000000e+000  
0.000000e+000  0.000000e+000  0.000000e+000  0.000000e+000  0.000000e+000  0.000000e+000  0.000000e+000  0.000000e+000  0.000000e+000  0.000000e+000  0.000000e+000  0.000000e+000  0.000000e+000  0.000000e+000  0.000000e+000  0.000000e+000  
0.000000e+000  0.000000e+000  0.000000e+000  0.000000e+000  0.000000e+000  0.000000e+000  0.000000e+000  0.000000e+000  0.000000e+000  0.000000e+000  0.000000e+000  0.000000e+000  0.000000e+000  0.000000e+000  0.000000e+000  0.000000e+000  
0.000000e+000  0.000000e+000  0.000000e+000  0.000000e+000  0.000000e+000  0.000000e+000  0.000000e+000  0.000000e+000  0.000000e+000  0.000000e+000  0.000000e+000  0.000000e+000  0.000000e+000  0.000000e+000  0.000000e+000  0.000000e+000  
0.000000e+000  0.000000e+000  0.000000e+000  0.000000e+000  0.000000e+000  0.000000e+000  0.000000e+000  0.000000e+000  0.000000e+000  0.000000e+000  0.000000e+000  0.000000e+000  0.000000e+000  0.000000e+000  0.000000e+000  0.000000e+000  
0.000000e+000  0.000000e+000  0.000000e+000  0.000000e+000  0.000000e+000  0.000000e+000  0.000000e+000  0.000000e+000  0.000000e+000  0.000000e+000  0.000000e+000  0.000000e+000  0.000000e+000  0.000000e+000  0.000000e+000  0.000000e+000  
0.000000e+000  0.000000e+000  0.000000e+000  0.000000e+000  0.000000e+000  0.000000e+000  0.000000e+000  0.000000e+000  0.000000e+000  0.000000e+000  0.000000e+000  0.000000e+000  0.000000e+000  0.000000e+000  0.000000e+000  0.000000e+000  
0.000000e+000  0.000000e+000  0.000000e+000  0.000000e+000  0.000000e+000  0.000000e+000  0.000000e+000  0.000000e+000  0.000000e+000  0.000000e+000  0.000000e+000  0.000000e+000  0.000000e+000  0.000000e+000  0.000000e+000  0.000000e+000  

-0.000000e+000  -0.000000e+000  -0.000000e+000  -0.000000e+000  -0.000000e+000  -0.000000e+000  -0.000000e+000  -0.000000e+000  -0.000000e+000  -0.000000e+000  -0.000000e+000  -0.000000e+000  -0.000000e+000  -0.000000e+000  -0.000000e+000  -0.000000e+000  
-0.000000e+000  -2.828206e+000  -5.641884e+000  -8.426463e+000  -1.152338e+001  -1.419690e+001  -1.679507e+001  -1.930291e+001  -1.847420e+001  -1.761421e+001  -1.673480e+001  -1.235951e+001  -7.865087e+000  -4.528068e+000  -2.049484e+000  -0.000000e+000  
-0.000000e+000  -5.768907e+000  -1.150933e+001  -1.719262e+001  -2.351727e+001  -2.898166e+001  -3.429680e+001  -3.943230e+001  -3.765529e+001  -3.582198e+001  -3.395788e+001  -2.482995e+001  -1.566921e+001  -8.978035e+000  -4.054538e+000  -0.000000e+000  
-0.000000e+000  -8.928139e+000  -1.781566e+001  -2.662149e+001  -3.643279e+001  -4.492296e+001  -5.319569e+001  -6.120457e+001  -5.821955e+001  -5.516971e+001  -5.209776e+001  -3.745476e+001  -2.331525e+001  -1.325846e+001  -5.967207e+000  -0.000000e+000  
-0.000000e+000  -1.239259e+001  -2.473716e+001  -3.698461e+001  -5.065892e+001  -6.252440e+001  -7.412124e+001  -8.538663e+001  -8.075087e+001  -7.607792e+001  -7.143277e+001  -5.013080e+001  -3.063467e+001  -1.725379e+001  -7.733795e+000  -0.000000e+000  
-0.000000e+000  -1.620102e+001  -3.235763e+001  -4.842303e+001  -6.642262e+001  -8.211289e+001  -9.752585e+001  -1.125837e+002  -1.056035e+002  -9.868837e+001  -9.193066e+001  -6.250811e+001  -3.735686e+001  -2.081946e+001  -9.295347e+000  -0.000000e+000  
-0.000000e+000  -1.967814e+001  -3.933364e+001  -5.893939e+001  -8.101241e+001  -1.003762e+002  -1.195314e+002  -1.383921e+002  -1.285842e+002  -1.190461e+002  -1.098941e+002  -7.229087e+001  -4.232530e+001  -2.339600e+001  -1.042137e+001  -0.000000e+000  
-0.000000e+000  -2.109807e+001  -4.219126e+001  -6.326909e+001  -8.706586e+001  -1.080183e+002  -1.288284e+002  -1.494102e+002  -1.381612e+002  -1.273195e+002  -1.170083e+002  -7.584053e+001  -4.404978e+001  -2.428708e+001  -1.081412e+001  -0.000000e+000  
-0.000000e+000  -2.250034e+001  -4.502003e+001  -6.757147e+001  -9.311622e+001  -1.157048e+002  -1.382461e+002  -1.606564e+002  -1.477789e+002  -1.354858e+002  -1.239038e+002  -7.908176e+001  -4.558301e+001  -2.508195e+001  -1.116788e+001  -0.000000e+000  
-0.000000e+000  -2.385554e+001  -4.776259e+001  -7.176432e+001  -9.905877e+001  -1.233182e+002  -1.476618e+002  -1.720126e+002  -1.573017e+002  -1.434016e+002  -1.304370e+002  -8.194353e+001  -4.690343e+001  -2.577501e+001  -1.148135e+001  -0.000000e+000  
-0.000000e+000  -2.510562e+001  -5.030375e+001  -7.567719e+001  -1.046645e+002  -1.305829e+002  -1.567607e+002  -1.831326e+002  -1.664024e+002  -1.507661e+002  -1.363374e+002  -8.431339e+001  -4.797486e+001  -2.635315e+001  -1.174969e+001  -0.000000e+000  
-0.000000e+000  -2.622581e+001  -5.259589e+001  -7.924373e+001  -1.098540e+002  -1.374193e+002  -1.654760e+002  -1.939786e+002  -1.750060e+002  -1.574847e+002  -1.415035e+002  -8.616164e+001  -4.880221e+001  -2.682514e+001  -1.197792e+001  -0.000000e+000  
-0.000000e+000  -2.715728e+001  -5.452241e+001  -8.229237e+001  -1.144002e+002  -1.435616e+002  -1.735176e+002  -2.042549e+002  -1.828151e+002  -1.632770e+002  -1.456825e+002  -8.740737e+001  -4.937049e+001  -2.718944e+001  -1.216629e+001  -0.000000e+000  
-0.000000e+000  -2.830641e+001  -5.700988e+001  -8.650375e+001  -1.212750e+002  -1.536765e+002  -1.878967e+002  -2.240651e+002  -1.962076e+002  -1.717173e+002  -1.504001e+002  -8.769987e+001  -4.965766e+001  -2.761856e+001  -1.244994e+001  -0.000000e+000  
-0.000000e+000  -2.700247e+001  -5.461060e+001  -8.346758e+001  -1.184655e+002  -1.524226e+002  -1.899679e+002  -2.316746e+002  -1.968213e+002  -1.679143e+002  -1.440036e+002  -8.365835e+001  -4.852874e+001  -2.753610e+001  -1.255443e+001  -0.000000e+000  
-0.000000e+000  -2.527685e+001  -5.118138e+001  -7.841670e+001  -1.118567e+002  -1.450529e+002  -1.829453e+002  -2.267443e+002  -1.892415e+002  -1.596621e+002  -1.360935e+002  -8.049378e+001  -4.766073e+001  -2.737487e+001  -1.255673e+001  -0.000000e+000  
-0.000000e+000  -2.282497e+001  -4.621495e+001  -7.084742e+001  -1.013309e+002  -1.322965e+002  -1.691472e+002  -2.144673e+002  -1.750657e+002  -1.464537e+002  -1.248494e+002  -7.657098e+001  -4.660454e+001  -2.715111e+001  -1.253682e+001  -0.000000e+000  
-0.000000e+000  -1.971928e+001  -3.981496e+001  -6.077933e+001  -8.649868e+001  -1.128427e+002  -1.457331e+002  -1.908868e+002  -1.516645e+002  -1.273498e+002  -1.103777e+002  -7.205130e+001  -4.541036e+001  -2.688063e+001  -1.249944e+001  -0.000000e+000  
-0.000000e+000  -1.596286e+001  -3.196249e+001  -4.806805e+001  -6.665004e+001  -8.426190e+001  -1.060228e+002  -1.441216e+002  -1.128415e+002  -1.003967e+002  -9.241597e+001  -6.689082e+001  -4.406441e+001  -2.656317e+001  -1.244648e+001  -0.000000e+000  
-0.000000e+000  -1.214179e+001  -2.394045e+001  -3.492370e+001  -4.534287e+001  -5.042965e+001  -4.590263e+001  -0.000000e+000  -5.543742e+001  -6.928162e+001  -7.382585e+001  -6.168895e+001  -4.270776e+001  -2.623416e+001  -1.238565e+001  -0.000000e+000  
-0.000000e+000  -8.731696e+000  -1.690108e+001  -2.380030e+001  -2.878503e+001  -2.847023e+001  -2.040326e+001  -0.000000e+000  -2.936107e+001  -4.774865e+001  -5.790761e+001  -5.682490e+001  -4.141799e+001  -2.591466e+001  -1.232280e+001  -0.000000e+000  
-0.000000e+000  -6.009575e+000  -1.141910e+001  -1.555340e+001  -1.769645e+001  -1.610487e+001  -1.020090e+001  -0.000000e+000  -1.864848e+001  -3.465510e+001  -4.576081e+001  -5.259888e+001  -4.026715e+001  -2.562449e+001  -1.226338e+001  -0.000000e+000  
-0.000000e+000  -4.025540e+000  -7.507319e+000  -9.898405e+000  -1.065024e+001  -9.076188e+000  -5.323043e+000  -0.000000e+000  -1.333786e+001  -2.660846e+001  -3.710722e+001  -4.920644e+001  -3.931613e+001  -2.538112e+001  -1.221221e+001  -0.000000e+000  
-0.000000e+000  -2.096281e+000  -3.845105e+000  -4.934499e+000  -5.089733e+000  -4.160883e+000  -2.347925e+000  -0.000000e+000  -9.580588e+000  -1.973100e+001  -2.842636e+001  -4.472165e+001  -3.794707e+001  -2.501725e+001  -1.213187e+001  -0.000000e+000  
-0.000000e+000  -4.025540e+000  -7.507319e+000  -9.898404e+000  -1.065024e+001  -9.076188e+000  -5.323042e+000  -0.000000e+000  -1.333786e+001  -2.660846e+001  -3.710722e+001  -4.920644e+001  -3.931613e+001  -2.538112e+001  -1.221221e+001  -0.000000e+000  
-0.000000e+000  -6.009576e+000  -1.141910e+001  -1.555340e+001  -1.769645e+001  -1.610487e+001  -1.020090e+001  -0.000000e+000  -1.864848e+001  -3.465510e+001  -4.576081e+001  -5.259888e+001  -4.026715e+001  -2.562449e+001  -1.226338e+001  -0.000000e+000  
-0.000000e+000  -8.731696e+000  -1.690108e+001  -2.380030e+001  -2.878503e+001  -2.847023e+001  -2.040326e+001  -0.000000e+000  -2.936107e+001  -4.774865e+001  -5.790761e+001  -5.682490e+001  -4.141799e+001  -2.591465e+001  -1.232280e+001  -0.000000e+000  
-0.000000e+000  -1.214179e+001  -2.394045e+001  -3.492370e+001  -4.534287e+001  -5.042965e+001  -4.590263e+001  -0.000000e+000  -5.543742e+001  -6.928162e+001  -7.382585e+001  -6.168895e+001  -4.270776e+001  -2.623416e+001  -1.238565e+001  -0.000000e+000  
-0.000000e+000  -1.596286e+001  -3.196249e+001  -4.806805e+001  -6.665004e+001  -8.426190e+001  -1.060228e+002  -1.441216e+002  -1.128415e+002  -1.003967e+002  -9.241597e+001  -6.689082e+001  -4.406441e+001  -2.656317e+001  -1.244648e+001  -0.000000e+000  
-0.000000e+000  -1.971928e+001  -3.981496e+001  -6.077933e+001  -8.649868e+001  -1.128427e+002  -1.457331e+002  -1.908868e+002  -1.516645e+002  -1.273498e+002  -1.103777e+002  -7.205130e+001  -4.541036e+001  -2.688063e+001  -1.249944e+001  -0.000000e+000  
-0.000000e+000  -2.282497e+001  -4.621495e+001  -7.084742e+001  -1.013309e+002  -1.322965e+002  -1.691472e+002  -2.144673e+002  -1.750658e+002  -1.464537e+002  -1.248494e+002  -7.657098e+001  -4.660454e+001  -2.715111e+001  -1.253682e+001  -0.000000e+000  
-0.000000e+000  -2.527685e+001  -5.118138e+001  -7.841670e+001  -1.118567e+002  -1.450529e+002  -1.829453e+002  -2.267443e+002  -1.892415e+002  -1.596621e+002  -1.360935e+002  -8.049378e+001  -4.766073e+001  -2.737487e+001  -1.255673e+001  -0.000000e+000  
-0.000000e+000  -2.700247e+001  -5.461060e+001  -8.346758e+001  -1.184655e+002  -1.524226e+002  -1.899679e+002  -2.316746e+002  -1.968213e+002  -1.679143e+002  -1.440036e+002  -8.365835e+001  -4.852874e+001  -2.753610e+001  -1.255443e+001  -0.000000e+000  
-0.000000e+000  -2.830641e+001  -5.700988e+001  -8.650375e+001  -1.212750e+002  -1.536765e+002  -1.878967e+002  -2.240651e+002  -1.962076e+002  -1.717173e+002  -1.504001e+002  -8.769987e+001  -4.965766e+001  -2.761856e+001  -1.244994e+001  -0.000000e+000  
-0.000000e+000  -2.715728e+001  -5.452241e+001  -8.229237e+001  -1.144002e+002  -1.435616e+002  -1.735176e+002  -2.042549e+002  -1.828151e+002  -1.632770e+002  -1.456825e+002  -8.740737e+001  -4.937049e+001  -2.718944e+001  -1.216629e+001  -0.000000e+000  
-0.000000e+000  -2.622582e+001  -5.259589e+001  -7.924373e+001  -1.098540e+002  -1.374193e+002  -1.654760e+002  -1.939786e+002  -1.750060e+002  -1.574847e+002  -1.415035e+002  -8.616164e+001  -4.880221e+001  -2.682514e+001  -1.197792e+001  -0.000000e+000  
-0.000000e+000  -2.510562e+001  -5.030375e+001  -7.567719e+001  -1.046645e+002  -1.305829e+002  -1.567607e+002  -1.831326e+002  -1.664024e+002  -1.507661e+002  -1.363374e+002  -8.431339e+001  -4.797486e+001  -2.635315e+001  -1.174969e+001  -0.000000e+000  
-0.000000e+000  -2.385554e+001  -4.776259e+001  -7.176432e+001  -9.905877e+001  -1.233182e+002  -1.476618e+002  -1.720126e+002  -1.573017e+002  -1.434016e+002  -1.304370e+002  -8.194353e+001  -4.690343e+001  -2.577501e+001  -1.148135e+001  -0.000000e+000  
-0.000000e+000  -2.250034e+001  -4.502003e+001  -6.757147e+001  -9.311622e+001  -1.157048e+002  -1.382461e+002  -1.606564e+002  -1.477789e+002  -1.354858e+002  -1.239038e+002  -7.908176e+001  -4.558301e+001  -2.508195e+001  -1.116788e+001  -0.000000e+000  
-0.000000e+000  -2.109807e+001  -4.219126e+001  -6.326909e+001  -8.706586e+001  -1.080182e+002  -1.288284e+002  -1.494102e+002  -1.381612e+002  -1.273195e+002  -1.170083e+002  -7.584053e+001  -4.404978e+001  -2.428708e+001  -1.081412e+001  -0.000000e+000  
-0.000000e+000  -1.967814e+001  -3.933364e+001  -5.893939e+001  -8.101241e+001  -1.003762e+002  -1.195314e+002  -1.383921e+002  -1.285842e+002  -1.190461e+002  -1.098941e+002  -7.229087e+001  -4.232530e+001  -2.339600e+001  -1.042137e+001  -0.000000e+000  
-0.000000e+000  -1.620102e+001  -3.235763e+001  -4.842303e+001  -6.642262e+001  -8.211289e+001  -9.752585e+001  -1.125837e+002  -1.056035e+002  -9.868837e+001  -9.193066e+001  -6.250811e+001  -3.735686e+001  -2.081946e+001  -9.295347e+000  -0.000000e+000  
-0.000000e+000  -1.239259e+001  -2.473717e+001  -3.698461e+001  -5.065892e+001  -6.252440e+001  -7.412124e+001  -8.538663e+001  -8.075087e+001  -7.607792e+001  -7.143277e+001  -5.013080e+001  -3.063467e+001  -1.725379e+001  -7.733795e+000  -0.000000e+000  
-0.000000e+000  -8.928139e+000  -1.781566e+001  -2.662149e+001  -3.643279e+001  -4.492296e+001  -5.319569e+001  -6.120457e+001  -5.821955e+001  -5.516971e+001  -5.209776e+001  -3.745476e+001  -2.331525e+001  -1.325846e+001  -5.967207e+000  -0.000000e+000  
-0.000000e+000  -5.768907e+000  -1.150933e+001  -1.719262e+001  -2.351727e+001  -2.898166e+001  -3.429680e+001  -3.943230e+001  -3.765529e+001  -3.582198e+001  -3.395788e+001  -2.482995e+001  -1.566921e+001  -8.978035e+000  -4.054539e+000  -0.000000e+000  
-0.000000e+000  -2.828205e+000  -5.641884e+000  -8.426462e+000  -1.152338e+001  -1.419690e+001  -1.679507e+001  -1.930291e+001  -1.847420e+001  -1.761421e+001  -1.673480e+001  -1.235951e+001  -7.865087e+000  -4.528068e+000  -2.049484e+000  -0.000000e+000  
-0.000000e+000  -0.000000e+000  -0.000000e+000  -0.000000e+000  -0.000000e+000  -0.000000e+000  -0.000000e+000  -0.000000e+000  -0.000000e+000  -0.000000e+000  -0.000000e+000  -0.000000e+000  -0.000000e+000  -0.000000e+000  -0.000000e+000  -0.000000e+000  

