Port monitor named: Port1_e1.prt

nx        = 17
ny        = 16
nz        = 3

nu        = 17
nv        = 16
iu        = 1
iv        = 1

idir      = 2
dcut      = 5.000000e-002
icut      = 3
type      = 0
frequency = 7.500000e+009

fcutoff   = 7.493563e+009
alpha     = 0.000000e+000
beta      = 6.505522e+000
accuracy  = 3.570018e-013

type          = TE
wave imp.     = 9.102671e+003
wave imp.sig. = 2.242163e-004
line imp.     = 0.000000e+000

ref. port     = 0

0.000000e+000  0.000000e+000  0.000000e+000  0.000000e+000  0.000000e+000  0.000000e+000  0.000000e+000  0.000000e+000  0.000000e+000  0.000000e+000  0.000000e+000  0.000000e+000  0.000000e+000  0.000000e+000  0.000000e+000  0.000000e+000  0.000000e+000  
0.000000e+000  0.000000e+000  0.000000e+000  0.000000e+000  0.000000e+000  0.000000e+000  0.000000e+000  0.000000e+000  0.000000e+000  0.000000e+000  0.000000e+000  0.000000e+000  0.000000e+000  0.000000e+000  0.000000e+000  0.000000e+000  0.000000e+000  
0.000000e+000  -7.787312e-006  -4.672605e-006  6.527943e-007  6.893920e-006  -1.347388e-005  -7.497253e-006  -2.066397e-006  2.066588e-006  7.497276e-006  1.347364e-005  -6.894064e-006  -6.527222e-007  4.672136e-006  7.787327e-006  0.000000e+000  0.000000e+000  
0.000000e+000  -1.848571e-005  -1.143035e-005  1.983384e-006  2.291805e-005  -3.412082e-005  -1.467822e-005  -3.734352e-006  3.734467e-006  1.467823e-005  3.412051e-005  -2.291814e-005  -1.983761e-006  1.143038e-005  1.848538e-005  0.000000e+000  0.000000e+000  
0.000000e+000  -3.575943e-005  -2.423178e-005  1.185082e-006  6.592375e-005  -7.567092e-005  -1.922308e-005  -4.375202e-006  4.375159e-006  1.922295e-005  7.567064e-005  -6.592400e-005  -1.185273e-006  2.423133e-005  3.575913e-005  0.000000e+000  0.000000e+000  
0.000000e+000  -7.045059e-005  -5.766620e-005  -3.101642e-005  7.795884e-005  1.905645e-005  -5.040372e-006  -3.061792e-006  3.061450e-006  5.039944e-006  -1.905673e-005  -7.795929e-005  3.101607e-005  5.766568e-005  7.045014e-005  0.000000e+000  0.000000e+000  
0.000000e+000  -2.762416e-005  -2.075173e-005  -7.416607e-006  1.763248e-005  1.064385e-005  1.562605e-006  -2.920915e-007  2.916392e-007  -1.563048e-006  -1.064440e-005  -1.763298e-005  7.416310e-006  2.075135e-005  2.762370e-005  0.000000e+000  0.000000e+000  
0.000000e+000  -7.169411e-006  -5.299334e-006  -1.954136e-006  3.203724e-006  3.017286e-006  9.484517e-007  1.087229e-007  -1.091425e-007  -9.487916e-007  -3.017837e-006  -3.204049e-006  1.954096e-006  5.299474e-006  7.169359e-006  0.000000e+000  0.000000e+000  
0.000000e+000  7.169664e-006  5.299627e-006  1.954275e-006  -3.203955e-006  -3.017728e-006  -9.488142e-007  -1.091932e-007  1.087370e-007  9.482462e-007  3.017091e-006  3.203549e-006  -1.954582e-006  -5.299582e-006  -7.169808e-006  0.000000e+000  0.000000e+000  
0.000000e+000  2.762388e-005  2.075147e-005  7.416322e-006  -1.763293e-005  -1.064438e-005  -1.562997e-006  2.917440e-007  -2.923142e-007  1.562471e-006  1.064364e-005  1.763237e-005  -7.416996e-006  -2.075203e-005  -2.762450e-005  0.000000e+000  0.000000e+000  
0.000000e+000  7.045042e-005  5.766614e-005  3.101628e-005  -7.795919e-005  -1.905681e-005  5.039929e-006  3.061455e-006  -3.061866e-006  -5.040427e-006  1.905623e-005  7.795873e-005  -3.101661e-005  -5.766638e-005  -7.045071e-005  0.000000e+000  0.000000e+000  
0.000000e+000  3.575910e-005  2.423138e-005  -1.185137e-006  -6.592398e-005  7.567080e-005  1.922312e-005  4.375252e-006  -4.375173e-006  -1.922311e-005  -7.567086e-005  6.592384e-005  1.185262e-006  -2.423199e-005  -3.575920e-005  0.000000e+000  0.000000e+000  
0.000000e+000  1.848545e-005  1.143068e-005  -1.983770e-006  -2.291805e-005  3.412058e-005  1.467835e-005  3.734543e-006  -3.734281e-006  -1.467821e-005  -3.412077e-005  2.291804e-005  1.983203e-006  -1.143001e-005  -1.848600e-005  0.000000e+000  0.000000e+000  
0.000000e+000  7.787305e-006  4.672415e-006  -6.526004e-007  -6.893964e-006  1.347377e-005  7.497304e-006  2.066566e-006  -2.066441e-006  -7.497241e-006  -1.347388e-005  6.893872e-006  6.529158e-007  -4.672969e-006  -7.787291e-006  0.000000e+000  0.000000e+000  
0.000000e+000  0.000000e+000  0.000000e+000  0.000000e+000  0.000000e+000  0.000000e+000  0.000000e+000  0.000000e+000  0.000000e+000  0.000000e+000  0.000000e+000  0.000000e+000  0.000000e+000  0.000000e+000  0.000000e+000  0.000000e+000  0.000000e+000  
0.000000e+000  0.000000e+000  0.000000e+000  0.000000e+000  0.000000e+000  0.000000e+000  0.000000e+000  0.000000e+000  0.000000e+000  0.000000e+000  0.000000e+000  0.000000e+000  0.000000e+000  0.000000e+000  0.000000e+000  0.000000e+000  0.000000e+000  

0.000000e+000  0.000000e+000  0.000000e+000  0.000000e+000  0.000000e+000  0.000000e+000  0.000000e+000  0.000000e+000  0.000000e+000  0.000000e+000  0.000000e+000  0.000000e+000  0.000000e+000  0.000000e+000  0.000000e+000  0.000000e+000  0.000000e+000  
0.000000e+000  0.000000e+000  1.065445e+003  2.106751e+003  3.100330e+003  4.626678e+003  5.982611e+003  6.843785e+003  7.138980e+003  6.843785e+003  5.982611e+003  4.626678e+003  3.100330e+003  2.106751e+003  1.065445e+003  0.000000e+000  0.000000e+000  
0.000000e+000  0.000000e+000  1.065445e+003  2.106751e+003  3.100330e+003  4.626678e+003  5.982611e+003  6.843785e+003  7.138980e+003  6.843785e+003  5.982611e+003  4.626678e+003  3.100330e+003  2.106751e+003  1.065445e+003  0.000000e+000  0.000000e+000  
0.000000e+000  0.000000e+000  1.065445e+003  2.106751e+003  3.100330e+003  4.626678e+003  5.982611e+003  6.843785e+003  7.138980e+003  6.843785e+003  5.982611e+003  4.626678e+003  3.100330e+003  2.106751e+003  1.065445e+003  0.000000e+000  0.000000e+000  
0.000000e+000  0.000000e+000  1.065445e+003  2.106751e+003  3.100330e+003  4.626678e+003  5.982611e+003  6.843785e+003  7.138981e+003  6.843785e+003  5.982611e+003  4.626678e+003  3.100330e+003  2.106751e+003  1.065445e+003  0.000000e+000  0.000000e+000  
0.000000e+000  0.000000e+000  1.065445e+003  2.106751e+003  3.100330e+003  4.626678e+003  5.982611e+003  6.843785e+003  7.138980e+003  6.843785e+003  5.982611e+003  4.626678e+003  3.100330e+003  2.106751e+003  1.065445e+003  0.000000e+000  0.000000e+000  
0.000000e+000  0.000000e+000  1.065444e+003  2.106751e+003  3.100330e+003  4.626678e+003  5.982611e+003  6.843785e+003  7.138980e+003  6.843785e+003  5.982611e+003  4.626678e+003  3.100330e+003  2.106751e+003  1.065444e+003  0.000000e+000  0.000000e+000  
0.000000e+000  0.000000e+000  1.065444e+003  2.106751e+003  3.100330e+003  4.626678e+003  5.982611e+003  6.843785e+003  7.138980e+003  6.843785e+003  5.982611e+003  4.626678e+003  3.100330e+003  2.106751e+003  1.065444e+003  0.000000e+000  0.000000e+000  
0.000000e+000  0.000000e+000  1.065444e+003  2.106751e+003  3.100330e+003  4.626678e+003  5.982611e+003  6.843785e+003  7.138980e+003  6.843785e+003  5.982611e+003  4.626678e+003  3.100330e+003  2.106751e+003  1.065444e+003  0.000000e+000  0.000000e+000  
0.000000e+000  0.000000e+000  1.065445e+003  2.106751e+003  3.100330e+003  4.626678e+003  5.982611e+003  6.843785e+003  7.138980e+003  6.843785e+003  5.982611e+003  4.626678e+003  3.100330e+003  2.106751e+003  1.065445e+003  0.000000e+000  0.000000e+000  
0.000000e+000  0.000000e+000  1.065445e+003  2.106751e+003  3.100330e+003  4.626678e+003  5.982611e+003  6.843785e+003  7.138981e+003  6.843785e+003  5.982611e+003  4.626678e+003  3.100330e+003  2.106751e+003  1.065445e+003  0.000000e+000  0.000000e+000  
0.000000e+000  0.000000e+000  1.065445e+003  2.106751e+003  3.100330e+003  4.626678e+003  5.982611e+003  6.843785e+003  7.138980e+003  6.843785e+003  5.982611e+003  4.626678e+003  3.100330e+003  2.106751e+003  1.065445e+003  0.000000e+000  0.000000e+000  
0.000000e+000  0.000000e+000  1.065445e+003  2.106751e+003  3.100330e+003  4.626678e+003  5.982611e+003  6.843785e+003  7.138980e+003  6.843785e+003  5.982611e+003  4.626678e+003  3.100330e+003  2.106751e+003  1.065445e+003  0.000000e+000  0.000000e+000  
0.000000e+000  0.000000e+000  1.065445e+003  2.106751e+003  3.100330e+003  4.626678e+003  5.982611e+003  6.843785e+003  7.138980e+003  6.843785e+003  5.982611e+003  4.626678e+003  3.100330e+003  2.106751e+003  1.065445e+003  0.000000e+000  0.000000e+000  
0.000000e+000  0.000000e+000  0.000000e+000  0.000000e+000  0.000000e+000  0.000000e+000  0.000000e+000  0.000000e+000  0.000000e+000  0.000000e+000  0.000000e+000  0.000000e+000  0.000000e+000  0.000000e+000  0.000000e+000  0.000000e+000  0.000000e+000  
0.000000e+000  0.000000e+000  0.000000e+000  0.000000e+000  0.000000e+000  0.000000e+000  0.000000e+000  0.000000e+000  0.000000e+000  0.000000e+000  0.000000e+000  0.000000e+000  0.000000e+000  0.000000e+000  0.000000e+000  0.000000e+000  0.000000e+000  

0.000000e+000  0.000000e+000  0.000000e+000  0.000000e+000  0.000000e+000  0.000000e+000  0.000000e+000  0.000000e+000  0.000000e+000  0.000000e+000  0.000000e+000  0.000000e+000  0.000000e+000  0.000000e+000  0.000000e+000  0.000000e+000  0.000000e+000  
0.000000e+000  0.000000e+000  0.000000e+000  0.000000e+000  0.000000e+000  0.000000e+000  0.000000e+000  0.000000e+000  0.000000e+000  0.000000e+000  0.000000e+000  0.000000e+000  0.000000e+000  0.000000e+000  0.000000e+000  0.000000e+000  0.000000e+000  
0.000000e+000  0.000000e+000  0.000000e+000  0.000000e+000  0.000000e+000  0.000000e+000  0.000000e+000  0.000000e+000  0.000000e+000  0.000000e+000  0.000000e+000  0.000000e+000  0.000000e+000  0.000000e+000  0.000000e+000  0.000000e+000  0.000000e+000  
0.000000e+000  0.000000e+000  0.000000e+000  0.000000e+000  0.000000e+000  0.000000e+000  0.000000e+000  0.000000e+000  0.000000e+000  0.000000e+000  0.000000e+000  0.000000e+000  0.000000e+000  0.000000e+000  0.000000e+000  0.000000e+000  0.000000e+000  
0.000000e+000  0.000000e+000  0.000000e+000  0.000000e+000  0.000000e+000  0.000000e+000  0.000000e+000  0.000000e+000  0.000000e+000  0.000000e+000  0.000000e+000  0.000000e+000  0.000000e+000  0.000000e+000  0.000000e+000  0.000000e+000  0.000000e+000  
0.000000e+000  0.000000e+000  0.000000e+000  0.000000e+000  0.000000e+000  0.000000e+000  0.000000e+000  0.000000e+000  0.000000e+000  0.000000e+000  0.000000e+000  0.000000e+000  0.000000e+000  0.000000e+000  0.000000e+000  0.000000e+000  0.000000e+000  
0.000000e+000  0.000000e+000  0.000000e+000  0.000000e+000  0.000000e+000  0.000000e+000  0.000000e+000  0.000000e+000  0.000000e+000  0.000000e+000  0.000000e+000  0.000000e+000  0.000000e+000  0.000000e+000  0.000000e+000  0.000000e+000  0.000000e+000  
0.000000e+000  0.000000e+000  0.000000e+000  0.000000e+000  0.000000e+000  0.000000e+000  0.000000e+000  0.000000e+000  0.000000e+000  0.000000e+000  0.000000e+000  0.000000e+000  0.000000e+000  0.000000e+000  0.000000e+000  0.000000e+000  0.000000e+000  
0.000000e+000  0.000000e+000  0.000000e+000  0.000000e+000  0.000000e+000  0.000000e+000  0.000000e+000  0.000000e+000  0.000000e+000  0.000000e+000  0.000000e+000  0.000000e+000  0.000000e+000  0.000000e+000  0.000000e+000  0.000000e+000  0.000000e+000  
0.000000e+000  0.000000e+000  0.000000e+000  0.000000e+000  0.000000e+000  0.000000e+000  0.000000e+000  0.000000e+000  0.000000e+000  0.000000e+000  0.000000e+000  0.000000e+000  0.000000e+000  0.000000e+000  0.000000e+000  0.000000e+000  0.000000e+000  
0.000000e+000  0.000000e+000  0.000000e+000  0.000000e+000  0.000000e+000  0.000000e+000  0.000000e+000  0.000000e+000  0.000000e+000  0.000000e+000  0.000000e+000  0.000000e+000  0.000000e+000  0.000000e+000  0.000000e+000  0.000000e+000  0.000000e+000  
0.000000e+000  0.000000e+000  0.000000e+000  0.000000e+000  0.000000e+000  0.000000e+000  0.000000e+000  0.000000e+000  0.000000e+000  0.000000e+000  0.000000e+000  0.000000e+000  0.000000e+000  0.000000e+000  0.000000e+000  0.000000e+000  0.000000e+000  
0.000000e+000  0.000000e+000  0.000000e+000  0.000000e+000  0.000000e+000  0.000000e+000  0.000000e+000  0.000000e+000  0.000000e+000  0.000000e+000  0.000000e+000  0.000000e+000  0.000000e+000  0.000000e+000  0.000000e+000  0.000000e+000  0.000000e+000  
0.000000e+000  0.000000e+000  0.000000e+000  0.000000e+000  0.000000e+000  0.000000e+000  0.000000e+000  0.000000e+000  0.000000e+000  0.000000e+000  0.000000e+000  0.000000e+000  0.000000e+000  0.000000e+000  0.000000e+000  0.000000e+000  0.000000e+000  
0.000000e+000  0.000000e+000  0.000000e+000  0.000000e+000  0.000000e+000  0.000000e+000  0.000000e+000  0.000000e+000  0.000000e+000  0.000000e+000  0.000000e+000  0.000000e+000  0.000000e+000  0.000000e+000  0.000000e+000  0.000000e+000  0.000000e+000  
0.000000e+000  0.000000e+000  0.000000e+000  0.000000e+000  0.000000e+000  0.000000e+000  0.000000e+000  0.000000e+000  0.000000e+000  0.000000e+000  0.000000e+000  0.000000e+000  0.000000e+000  0.000000e+000  0.000000e+000  0.000000e+000  0.000000e+000  

0.000000e+000  0.000000e+000  0.000000e+000  0.000000e+000  0.000000e+000  0.000000e+000  0.000000e+000  0.000000e+000  0.000000e+000  0.000000e+000  0.000000e+000  0.000000e+000  0.000000e+000  0.000000e+000  0.000000e+000  0.000000e+000  0.000000e+000  
0.000000e+000  0.000000e+000  0.000000e+000  0.000000e+000  0.000000e+000  0.000000e+000  0.000000e+000  0.000000e+000  0.000000e+000  0.000000e+000  0.000000e+000  0.000000e+000  0.000000e+000  0.000000e+000  0.000000e+000  0.000000e+000  0.000000e+000  
0.000000e+000  0.000000e+000  0.000000e+000  0.000000e+000  0.000000e+000  0.000000e+000  0.000000e+000  0.000000e+000  0.000000e+000  0.000000e+000  0.000000e+000  0.000000e+000  0.000000e+000  0.000000e+000  0.000000e+000  0.000000e+000  0.000000e+000  
0.000000e+000  0.000000e+000  0.000000e+000  0.000000e+000  0.000000e+000  0.000000e+000  0.000000e+000  0.000000e+000  0.000000e+000  0.000000e+000  0.000000e+000  0.000000e+000  0.000000e+000  0.000000e+000  0.000000e+000  0.000000e+000  0.000000e+000  
0.000000e+000  0.000000e+000  0.000000e+000  0.000000e+000  0.000000e+000  0.000000e+000  0.000000e+000  0.000000e+000  0.000000e+000  0.000000e+000  0.000000e+000  0.000000e+000  0.000000e+000  0.000000e+000  0.000000e+000  0.000000e+000  0.000000e+000  
0.000000e+000  0.000000e+000  0.000000e+000  0.000000e+000  0.000000e+000  0.000000e+000  0.000000e+000  0.000000e+000  0.000000e+000  0.000000e+000  0.000000e+000  0.000000e+000  0.000000e+000  0.000000e+000  0.000000e+000  0.000000e+000  0.000000e+000  
0.000000e+000  0.000000e+000  0.000000e+000  0.000000e+000  0.000000e+000  0.000000e+000  0.000000e+000  0.000000e+000  0.000000e+000  0.000000e+000  0.000000e+000  0.000000e+000  0.000000e+000  0.000000e+000  0.000000e+000  0.000000e+000  0.000000e+000  
0.000000e+000  0.000000e+000  0.000000e+000  0.000000e+000  0.000000e+000  0.000000e+000  0.000000e+000  0.000000e+000  0.000000e+000  0.000000e+000  0.000000e+000  0.000000e+000  0.000000e+000  0.000000e+000  0.000000e+000  0.000000e+000  0.000000e+000  
0.000000e+000  0.000000e+000  0.000000e+000  0.000000e+000  0.000000e+000  0.000000e+000  0.000000e+000  0.000000e+000  0.000000e+000  0.000000e+000  0.000000e+000  0.000000e+000  0.000000e+000  0.000000e+000  0.000000e+000  0.000000e+000  0.000000e+000  
0.000000e+000  0.000000e+000  0.000000e+000  0.000000e+000  0.000000e+000  0.000000e+000  0.000000e+000  0.000000e+000  0.000000e+000  0.000000e+000  0.000000e+000  0.000000e+000  0.000000e+000  0.000000e+000  0.000000e+000  0.000000e+000  0.000000e+000  
0.000000e+000  0.000000e+000  0.000000e+000  0.000000e+000  0.000000e+000  0.000000e+000  0.000000e+000  0.000000e+000  0.000000e+000  0.000000e+000  0.000000e+000  0.000000e+000  0.000000e+000  0.000000e+000  0.000000e+000  0.000000e+000  0.000000e+000  
0.000000e+000  0.000000e+000  0.000000e+000  0.000000e+000  0.000000e+000  0.000000e+000  0.000000e+000  0.000000e+000  0.000000e+000  0.000000e+000  0.000000e+000  0.000000e+000  0.000000e+000  0.000000e+000  0.000000e+000  0.000000e+000  0.000000e+000  
0.000000e+000  0.000000e+000  0.000000e+000  0.000000e+000  0.000000e+000  0.000000e+000  0.000000e+000  0.000000e+000  0.000000e+000  0.000000e+000  0.000000e+000  0.000000e+000  0.000000e+000  0.000000e+000  0.000000e+000  0.000000e+000  0.000000e+000  
0.000000e+000  0.000000e+000  0.000000e+000  0.000000e+000  0.000000e+000  0.000000e+000  0.000000e+000  0.000000e+000  0.000000e+000  0.000000e+000  0.000000e+000  0.000000e+000  0.000000e+000  0.000000e+000  0.000000e+000  0.000000e+000  0.000000e+000  
0.000000e+000  0.000000e+000  0.000000e+000  0.000000e+000  0.000000e+000  0.000000e+000  0.000000e+000  0.000000e+000  0.000000e+000  0.000000e+000  0.000000e+000  0.000000e+000  0.000000e+000  0.000000e+000  0.000000e+000  0.000000e+000  0.000000e+000  
0.000000e+000  0.000000e+000  0.000000e+000  0.000000e+000  0.000000e+000  0.000000e+000  0.000000e+000  0.000000e+000  0.000000e+000  0.000000e+000  0.000000e+000  0.000000e+000  0.000000e+000  0.000000e+000  0.000000e+000  0.000000e+000  0.000000e+000  

0.000000e+000  0.000000e+000  0.000000e+000  0.000000e+000  0.000000e+000  0.000000e+000  0.000000e+000  0.000000e+000  0.000000e+000  0.000000e+000  0.000000e+000  0.000000e+000  0.000000e+000  0.000000e+000  0.000000e+000  0.000000e+000  0.000000e+000  
0.000000e+000  0.000000e+000  0.000000e+000  0.000000e+000  0.000000e+000  0.000000e+000  0.000000e+000  0.000000e+000  0.000000e+000  0.000000e+000  0.000000e+000  0.000000e+000  0.000000e+000  0.000000e+000  0.000000e+000  0.000000e+000  0.000000e+000  
0.000000e+000  0.000000e+000  0.000000e+000  0.000000e+000  0.000000e+000  0.000000e+000  0.000000e+000  0.000000e+000  0.000000e+000  0.000000e+000  0.000000e+000  0.000000e+000  0.000000e+000  0.000000e+000  0.000000e+000  0.000000e+000  0.000000e+000  
0.000000e+000  0.000000e+000  0.000000e+000  0.000000e+000  0.000000e+000  0.000000e+000  0.000000e+000  0.000000e+000  0.000000e+000  0.000000e+000  0.000000e+000  0.000000e+000  0.000000e+000  0.000000e+000  0.000000e+000  0.000000e+000  0.000000e+000  
0.000000e+000  0.000000e+000  0.000000e+000  0.000000e+000  0.000000e+000  0.000000e+000  0.000000e+000  0.000000e+000  0.000000e+000  0.000000e+000  0.000000e+000  0.000000e+000  0.000000e+000  0.000000e+000  0.000000e+000  0.000000e+000  0.000000e+000  
0.000000e+000  0.000000e+000  0.000000e+000  0.000000e+000  0.000000e+000  0.000000e+000  0.000000e+000  0.000000e+000  0.000000e+000  0.000000e+000  0.000000e+000  0.000000e+000  0.000000e+000  0.000000e+000  0.000000e+000  0.000000e+000  0.000000e+000  
0.000000e+000  0.000000e+000  0.000000e+000  0.000000e+000  0.000000e+000  0.000000e+000  0.000000e+000  0.000000e+000  0.000000e+000  0.000000e+000  0.000000e+000  0.000000e+000  0.000000e+000  0.000000e+000  0.000000e+000  0.000000e+000  0.000000e+000  
0.000000e+000  0.000000e+000  0.000000e+000  0.000000e+000  0.000000e+000  0.000000e+000  0.000000e+000  0.000000e+000  0.000000e+000  0.000000e+000  0.000000e+000  0.000000e+000  0.000000e+000  0.000000e+000  0.000000e+000  0.000000e+000  0.000000e+000  
0.000000e+000  0.000000e+000  0.000000e+000  0.000000e+000  0.000000e+000  0.000000e+000  0.000000e+000  0.000000e+000  0.000000e+000  0.000000e+000  0.000000e+000  0.000000e+000  0.000000e+000  0.000000e+000  0.000000e+000  0.000000e+000  0.000000e+000  
0.000000e+000  0.000000e+000  0.000000e+000  0.000000e+000  0.000000e+000  0.000000e+000  0.000000e+000  0.000000e+000  0.000000e+000  0.000000e+000  0.000000e+000  0.000000e+000  0.000000e+000  0.000000e+000  0.000000e+000  0.000000e+000  0.000000e+000  
0.000000e+000  0.000000e+000  0.000000e+000  0.000000e+000  0.000000e+000  0.000000e+000  0.000000e+000  0.000000e+000  0.000000e+000  0.000000e+000  0.000000e+000  0.000000e+000  0.000000e+000  0.000000e+000  0.000000e+000  0.000000e+000  0.000000e+000  
0.000000e+000  0.000000e+000  0.000000e+000  0.000000e+000  0.000000e+000  0.000000e+000  0.000000e+000  0.000000e+000  0.000000e+000  0.000000e+000  0.000000e+000  0.000000e+000  0.000000e+000  0.000000e+000  0.000000e+000  0.000000e+000  0.000000e+000  
0.000000e+000  0.000000e+000  0.000000e+000  0.000000e+000  0.000000e+000  0.000000e+000  0.000000e+000  0.000000e+000  0.000000e+000  0.000000e+000  0.000000e+000  0.000000e+000  0.000000e+000  0.000000e+000  0.000000e+000  0.000000e+000  0.000000e+000  
0.000000e+000  0.000000e+000  0.000000e+000  0.000000e+000  0.000000e+000  0.000000e+000  0.000000e+000  0.000000e+000  0.000000e+000  0.000000e+000  0.000000e+000  0.000000e+000  0.000000e+000  0.000000e+000  0.000000e+000  0.000000e+000  0.000000e+000  
0.000000e+000  0.000000e+000  0.000000e+000  0.000000e+000  0.000000e+000  0.000000e+000  0.000000e+000  0.000000e+000  0.000000e+000  0.000000e+000  0.000000e+000  0.000000e+000  0.000000e+000  0.000000e+000  0.000000e+000  0.000000e+000  0.000000e+000  
0.000000e+000  0.000000e+000  0.000000e+000  0.000000e+000  0.000000e+000  0.000000e+000  0.000000e+000  0.000000e+000  0.000000e+000  0.000000e+000  0.000000e+000  0.000000e+000  0.000000e+000  0.000000e+000  0.000000e+000  0.000000e+000  0.000000e+000  

0.000000e+000  0.000000e+000  0.000000e+000  0.000000e+000  0.000000e+000  0.000000e+000  0.000000e+000  0.000000e+000  0.000000e+000  0.000000e+000  0.000000e+000  0.000000e+000  0.000000e+000  0.000000e+000  0.000000e+000  0.000000e+000  0.000000e+000  
0.000000e+000  0.000000e+000  0.000000e+000  0.000000e+000  0.000000e+000  0.000000e+000  0.000000e+000  0.000000e+000  0.000000e+000  0.000000e+000  0.000000e+000  0.000000e+000  0.000000e+000  0.000000e+000  0.000000e+000  0.000000e+000  0.000000e+000  
0.000000e+000  0.000000e+000  0.000000e+000  -1.129238e-007  -1.089466e-007  -2.201659e-007  1.889166e-007  4.701608e-007  5.548181e-007  5.036828e-007  2.470120e-007  -2.142001e-007  -1.573121e-007  0.000000e+000  -1.211268e-007  0.000000e+000  0.000000e+000  
0.000000e+000  0.000000e+000  -1.752805e-007  -1.312473e-007  -2.639150e-007  -5.766927e-007  4.721494e-007  9.779628e-007  1.096568e-006  9.629063e-007  4.603598e-007  -6.222883e-007  -2.536879e-007  -2.877071e-007  -5.383412e-008  0.000000e+000  0.000000e+000  
0.000000e+000  0.000000e+000  -1.323836e-007  -2.994967e-007  -3.065278e-007  -1.380795e-006  8.612038e-007  1.553661e-006  1.752805e-006  1.571274e-006  8.825102e-007  -1.363111e-006  -2.949513e-007  -2.343347e-007  -1.774466e-007  0.000000e+000  0.000000e+000  
0.000000e+000  0.000000e+000  -5.806166e-007  -1.171318e-006  -1.980925e-006  -4.420932e-006  -6.476926e-006  -7.419875e-006  -7.721006e-006  -7.411921e-006  -6.482182e-006  -4.416528e-006  -2.002835e-006  -1.145395e-006  -5.797998e-007  0.000000e+000  0.000000e+000  
0.000000e+000  0.000000e+000  -4.446109e-007  -9.175592e-007  -1.477207e-006  -2.674022e-006  -3.793033e-006  -4.417452e-006  -4.604735e-006  -4.405023e-006  -3.773928e-006  -2.682899e-006  -1.504443e-006  -9.037101e-007  -4.348987e-007  0.000000e+000  0.000000e+000  
0.000000e+000  0.000000e+000  -1.777485e-007  -3.368894e-007  -5.136968e-007  -8.799534e-007  -1.264818e-006  -1.449118e-006  -1.514813e-006  -1.461262e-006  -1.233710e-006  -9.054501e-007  -5.497756e-007  -3.661856e-007  -1.431611e-007  0.000000e+000  0.000000e+000  
0.000000e+000  0.000000e+000  1.761505e-007  3.686714e-007  5.633762e-007  9.056631e-007  1.260343e-006  1.463464e-006  1.525892e-006  1.489174e-006  1.257858e-006  8.904646e-007  5.374534e-007  2.987865e-007  1.915976e-007  0.000000e+000  0.000000e+000  
0.000000e+000  0.000000e+000  4.435100e-007  9.176302e-007  1.498371e-006  2.679561e-006  3.772720e-006  4.394512e-006  4.625686e-006  4.388333e-006  3.793459e-006  2.666351e-006  1.518932e-006  9.056987e-007  4.527783e-007  0.000000e+000  0.000000e+000  
0.000000e+000  0.000000e+000  5.505746e-007  1.174372e-006  2.001805e-006  4.405804e-006  6.468261e-006  7.409577e-006  7.689330e-006  7.409932e-006  6.480903e-006  4.404242e-006  1.991720e-006  1.160878e-006  5.606063e-007  0.000000e+000  0.000000e+000  
0.000000e+000  0.000000e+000  1.718359e-007  2.467989e-007  3.239990e-007  1.372415e-006  -8.687321e-007  -1.567723e-006  -1.728658e-006  -1.567297e-006  -8.842147e-007  1.360199e-006  2.968689e-007  3.551418e-007  9.191927e-008  0.000000e+000  0.000000e+000  
0.000000e+000  0.000000e+000  0.000000e+000  2.478642e-007  2.192426e-007  5.889083e-007  -4.899047e-007  -1.001826e-006  -1.142022e-006  -9.835024e-007  -4.582292e-007  6.075159e-007  3.021955e-007  1.005661e-007  2.054290e-007  0.000000e+000  0.000000e+000  
0.000000e+000  0.000000e+000  7.723562e-008  8.579369e-008  1.656926e-007  2.711592e-007  -2.058196e-007  -4.654734e-007  -5.150462e-007  -4.602178e-007  -2.157626e-007  2.154785e-007  9.055211e-008  1.541161e-007  0.000000e+000  0.000000e+000  0.000000e+000  
0.000000e+000  0.000000e+000  0.000000e+000  0.000000e+000  0.000000e+000  0.000000e+000  0.000000e+000  0.000000e+000  0.000000e+000  0.000000e+000  0.000000e+000  0.000000e+000  0.000000e+000  0.000000e+000  0.000000e+000  0.000000e+000  0.000000e+000  
0.000000e+000  0.000000e+000  0.000000e+000  0.000000e+000  0.000000e+000  0.000000e+000  0.000000e+000  0.000000e+000  0.000000e+000  0.000000e+000  0.000000e+000  0.000000e+000  0.000000e+000  0.000000e+000  0.000000e+000  0.000000e+000  0.000000e+000  

