Port monitor named: Port2_h1[7.5].prt

nx        = 17
ny        = 16
nz        = 52

nu        = 17
nv        = 16
iu        = 1
iv        = 1

idir      = 2
dcut      = -5.000000e-002
icut      = 1
type      = 1
frequency = 7.500000e+009

fcutoff   = 7.494020e+009
alpha     = 0.000000e+000
beta      = 6.269767e+000
accuracy  = 2.085022e-013

type          = TE
wave imp.     = 9.444948e+003
wave imp.sig. = 2.321158e-004
line imp.     = 0.000000e+000

ref. port     = 0

0.000000e+000  0.000000e+000  0.000000e+000  0.000000e+000  0.000000e+000  0.000000e+000  0.000000e+000  0.000000e+000  0.000000e+000  0.000000e+000  0.000000e+000  0.000000e+000  0.000000e+000  0.000000e+000  0.000000e+000  0.000000e+000  0.000000e+000  
0.000000e+000  0.000000e+000  -1.149070e-001  -2.272109e-001  -3.343672e-001  -4.989823e-001  -6.452182e-001  -7.380948e-001  -7.699313e-001  -7.380948e-001  -6.452182e-001  -4.989823e-001  -3.343672e-001  -2.272109e-001  -1.149070e-001  0.000000e+000  0.000000e+000  
0.000000e+000  0.000000e+000  -1.149071e-001  -2.272109e-001  -3.343672e-001  -4.989823e-001  -6.452182e-001  -7.380948e-001  -7.699313e-001  -7.380948e-001  -6.452182e-001  -4.989823e-001  -3.343672e-001  -2.272109e-001  -1.149070e-001  0.000000e+000  0.000000e+000  
0.000000e+000  0.000000e+000  -1.149070e-001  -2.272109e-001  -3.343672e-001  -4.989823e-001  -6.452182e-001  -7.380948e-001  -7.699313e-001  -7.380948e-001  -6.452182e-001  -4.989823e-001  -3.343672e-001  -2.272109e-001  -1.149070e-001  0.000000e+000  0.000000e+000  
0.000000e+000  0.000000e+000  -1.149070e-001  -2.272109e-001  -3.343672e-001  -4.989822e-001  -6.452182e-001  -7.380948e-001  -7.699313e-001  -7.380948e-001  -6.452182e-001  -4.989822e-001  -3.343672e-001  -2.272109e-001  -1.149070e-001  0.000000e+000  0.000000e+000  
0.000000e+000  0.000000e+000  -1.149070e-001  -2.272109e-001  -3.343672e-001  -4.989823e-001  -6.452182e-001  -7.380948e-001  -7.699313e-001  -7.380948e-001  -6.452182e-001  -4.989823e-001  -3.343672e-001  -2.272109e-001  -1.149070e-001  0.000000e+000  0.000000e+000  
0.000000e+000  0.000000e+000  -1.149070e-001  -2.272109e-001  -3.343672e-001  -4.989823e-001  -6.452182e-001  -7.380948e-001  -7.699313e-001  -7.380948e-001  -6.452182e-001  -4.989823e-001  -3.343672e-001  -2.272109e-001  -1.149070e-001  0.000000e+000  0.000000e+000  
0.000000e+000  0.000000e+000  -1.149070e-001  -2.272109e-001  -3.343672e-001  -4.989823e-001  -6.452182e-001  -7.380948e-001  -7.699313e-001  -7.380948e-001  -6.452182e-001  -4.989823e-001  -3.343672e-001  -2.272109e-001  -1.149070e-001  0.000000e+000  0.000000e+000  
0.000000e+000  0.000000e+000  -1.149070e-001  -2.272109e-001  -3.343672e-001  -4.989823e-001  -6.452182e-001  -7.380948e-001  -7.699313e-001  -7.380948e-001  -6.452182e-001  -4.989823e-001  -3.343672e-001  -2.272109e-001  -1.149070e-001  0.000000e+000  0.000000e+000  
0.000000e+000  0.000000e+000  -1.149070e-001  -2.272109e-001  -3.343672e-001  -4.989823e-001  -6.452182e-001  -7.380948e-001  -7.699313e-001  -7.380948e-001  -6.452182e-001  -4.989823e-001  -3.343672e-001  -2.272109e-001  -1.149070e-001  0.000000e+000  0.000000e+000  
0.000000e+000  0.000000e+000  -1.149070e-001  -2.272109e-001  -3.343672e-001  -4.989822e-001  -6.452182e-001  -7.380948e-001  -7.699313e-001  -7.380948e-001  -6.452182e-001  -4.989822e-001  -3.343672e-001  -2.272109e-001  -1.149070e-001  0.000000e+000  0.000000e+000  
0.000000e+000  0.000000e+000  -1.149070e-001  -2.272109e-001  -3.343672e-001  -4.989823e-001  -6.452182e-001  -7.380948e-001  -7.699313e-001  -7.380948e-001  -6.452182e-001  -4.989823e-001  -3.343672e-001  -2.272109e-001  -1.149070e-001  0.000000e+000  0.000000e+000  
0.000000e+000  0.000000e+000  -1.149070e-001  -2.272109e-001  -3.343672e-001  -4.989823e-001  -6.452182e-001  -7.380948e-001  -7.699313e-001  -7.380948e-001  -6.452182e-001  -4.989823e-001  -3.343672e-001  -2.272109e-001  -1.149070e-001  0.000000e+000  0.000000e+000  
0.000000e+000  0.000000e+000  -1.149070e-001  -2.272109e-001  -3.343672e-001  -4.989823e-001  -6.452182e-001  -7.380948e-001  -7.699313e-001  -7.380948e-001  -6.452182e-001  -4.989823e-001  -3.343672e-001  -2.272109e-001  -1.149070e-001  0.000000e+000  0.000000e+000  
0.000000e+000  0.000000e+000  0.000000e+000  0.000000e+000  0.000000e+000  0.000000e+000  0.000000e+000  0.000000e+000  0.000000e+000  0.000000e+000  0.000000e+000  0.000000e+000  0.000000e+000  0.000000e+000  0.000000e+000  0.000000e+000  0.000000e+000  
0.000000e+000  0.000000e+000  0.000000e+000  0.000000e+000  0.000000e+000  0.000000e+000  0.000000e+000  0.000000e+000  0.000000e+000  0.000000e+000  0.000000e+000  0.000000e+000  0.000000e+000  0.000000e+000  0.000000e+000  0.000000e+000  0.000000e+000  

0.000000e+000  0.000000e+000  0.000000e+000  0.000000e+000  0.000000e+000  0.000000e+000  0.000000e+000  0.000000e+000  0.000000e+000  0.000000e+000  0.000000e+000  0.000000e+000  0.000000e+000  0.000000e+000  0.000000e+000  0.000000e+000  0.000000e+000  
0.000000e+000  0.000000e+000  0.000000e+000  0.000000e+000  0.000000e+000  0.000000e+000  0.000000e+000  0.000000e+000  0.000000e+000  0.000000e+000  0.000000e+000  0.000000e+000  0.000000e+000  0.000000e+000  0.000000e+000  0.000000e+000  0.000000e+000  
0.000000e+000  -2.560916e-009  7.109362e-010  -2.186728e-009  2.597006e-010  2.249222e-009  1.737552e-009  0.000000e+000  -2.295728e-010  -1.880218e-009  -2.141892e-009  0.000000e+000  1.069179e-009  1.532540e-009  1.392113e-009  0.000000e+000  0.000000e+000  
0.000000e+000  -3.017747e-009  -4.250477e-009  0.000000e+000  -9.325741e-010  5.779124e-009  3.116587e-009  1.292860e-009  -1.677382e-009  -2.377478e-009  -6.489714e-009  1.292539e-009  8.140655e-010  3.248434e-009  3.364265e-009  0.000000e+000  0.000000e+000  
0.000000e+000  -6.807795e-009  -4.801352e-009  2.686361e-010  -4.038442e-009  1.226987e-008  4.380464e-009  1.011790e-009  -1.119154e-009  -4.572047e-009  -1.177600e-008  3.855760e-009  0.000000e+000  4.887324e-009  6.425834e-009  0.000000e+000  0.000000e+000  
0.000000e+000  -1.740807e-008  -1.660558e-008  -1.729261e-008  -1.657718e-008  -1.630777e-008  -9.096366e-009  -3.084904e-009  2.876985e-009  9.077318e-009  1.653941e-008  1.659244e-008  1.706416e-008  1.681518e-008  1.739184e-008  0.000000e+000  0.000000e+000  
0.000000e+000  -1.080572e-008  -1.091598e-008  -9.961905e-009  -1.003075e-008  -9.025035e-009  -5.416932e-009  -1.969637e-009  1.830331e-009  5.560917e-009  9.007351e-009  1.009227e-008  1.027211e-008  1.068494e-008  1.064672e-008  0.000000e+000  0.000000e+000  
0.000000e+000  -3.891479e-009  -2.898698e-009  -3.953327e-009  -3.216159e-009  -2.883722e-009  -1.802548e-009  -7.647460e-010  6.376694e-010  1.845326e-009  2.969989e-009  3.202388e-009  3.439343e-009  3.460716e-009  3.862931e-009  0.000000e+000  0.000000e+000  
0.000000e+000  3.863927e-009  3.063890e-009  4.243440e-009  3.140120e-009  2.951656e-009  1.775363e-009  5.840065e-010  -7.436789e-010  -1.769259e-009  -2.918372e-009  -3.144703e-009  -3.957899e-009  -3.488969e-009  -3.486868e-009  0.000000e+000  0.000000e+000  
0.000000e+000  1.091737e-008  1.058957e-008  9.799040e-009  1.046338e-008  8.752618e-009  5.594900e-009  1.845973e-009  -2.172074e-009  -5.249119e-009  -8.717959e-009  -1.027649e-008  -9.930137e-009  -1.102601e-008  -1.077103e-008  0.000000e+000  0.000000e+000  
0.000000e+000  1.717706e-008  1.720070e-008  1.670336e-008  1.681298e-008  1.638861e-008  9.048795e-009  2.864772e-009  -2.950373e-009  -9.113998e-009  -1.624322e-008  -1.630853e-008  -1.774236e-008  -1.665881e-008  -1.752621e-008  0.000000e+000  0.000000e+000  
0.000000e+000  7.091039e-009  4.163715e-009  2.842655e-010  3.978058e-009  -1.226172e-008  -4.247310e-009  -9.058277e-010  7.821850e-010  4.210636e-009  1.253279e-008  -4.251690e-009  9.494186e-010  -5.501906e-009  -6.733480e-009  0.000000e+000  0.000000e+000  
0.000000e+000  3.358438e-009  3.504791e-009  3.545824e-010  1.193963e-009  -5.974777e-009  -2.944044e-009  -1.201840e-009  9.599986e-010  3.120676e-009  6.045441e-009  -1.278802e-009  -6.180604e-010  -2.313951e-009  -4.152138e-009  0.000000e+000  0.000000e+000  
0.000000e+000  2.028111e-009  5.383392e-010  1.139277e-009  0.000000e+000  -2.201666e-009  -1.752515e-009  -4.333727e-010  3.110971e-010  1.817732e-009  2.310369e-009  -2.286944e-010  -6.875973e-010  -5.772606e-010  -2.051491e-009  0.000000e+000  0.000000e+000  
0.000000e+000  0.000000e+000  0.000000e+000  0.000000e+000  0.000000e+000  0.000000e+000  0.000000e+000  0.000000e+000  0.000000e+000  0.000000e+000  0.000000e+000  0.000000e+000  0.000000e+000  0.000000e+000  0.000000e+000  0.000000e+000  0.000000e+000  
0.000000e+000  0.000000e+000  0.000000e+000  0.000000e+000  0.000000e+000  0.000000e+000  0.000000e+000  0.000000e+000  0.000000e+000  0.000000e+000  0.000000e+000  0.000000e+000  0.000000e+000  0.000000e+000  0.000000e+000  0.000000e+000  0.000000e+000  

0.000000e+000  0.000000e+000  0.000000e+000  0.000000e+000  0.000000e+000  0.000000e+000  0.000000e+000  0.000000e+000  0.000000e+000  0.000000e+000  0.000000e+000  0.000000e+000  0.000000e+000  0.000000e+000  0.000000e+000  0.000000e+000  0.000000e+000  
0.000000e+000  0.000000e+000  0.000000e+000  0.000000e+000  0.000000e+000  0.000000e+000  0.000000e+000  0.000000e+000  0.000000e+000  0.000000e+000  0.000000e+000  0.000000e+000  0.000000e+000  0.000000e+000  0.000000e+000  0.000000e+000  0.000000e+000  
0.000000e+000  0.000000e+000  0.000000e+000  0.000000e+000  0.000000e+000  0.000000e+000  0.000000e+000  0.000000e+000  0.000000e+000  0.000000e+000  0.000000e+000  0.000000e+000  0.000000e+000  0.000000e+000  0.000000e+000  0.000000e+000  0.000000e+000  
0.000000e+000  0.000000e+000  0.000000e+000  0.000000e+000  0.000000e+000  0.000000e+000  0.000000e+000  0.000000e+000  0.000000e+000  0.000000e+000  0.000000e+000  0.000000e+000  0.000000e+000  0.000000e+000  0.000000e+000  0.000000e+000  0.000000e+000  
0.000000e+000  0.000000e+000  0.000000e+000  0.000000e+000  0.000000e+000  0.000000e+000  0.000000e+000  0.000000e+000  0.000000e+000  0.000000e+000  0.000000e+000  0.000000e+000  0.000000e+000  0.000000e+000  0.000000e+000  0.000000e+000  0.000000e+000  
0.000000e+000  0.000000e+000  0.000000e+000  0.000000e+000  0.000000e+000  0.000000e+000  0.000000e+000  0.000000e+000  0.000000e+000  0.000000e+000  0.000000e+000  0.000000e+000  0.000000e+000  0.000000e+000  0.000000e+000  0.000000e+000  0.000000e+000  
0.000000e+000  0.000000e+000  0.000000e+000  0.000000e+000  0.000000e+000  0.000000e+000  0.000000e+000  0.000000e+000  0.000000e+000  0.000000e+000  0.000000e+000  0.000000e+000  0.000000e+000  0.000000e+000  0.000000e+000  0.000000e+000  0.000000e+000  
0.000000e+000  0.000000e+000  0.000000e+000  0.000000e+000  0.000000e+000  0.000000e+000  0.000000e+000  0.000000e+000  0.000000e+000  0.000000e+000  0.000000e+000  0.000000e+000  0.000000e+000  0.000000e+000  0.000000e+000  0.000000e+000  0.000000e+000  
0.000000e+000  0.000000e+000  0.000000e+000  0.000000e+000  0.000000e+000  0.000000e+000  0.000000e+000  0.000000e+000  0.000000e+000  0.000000e+000  0.000000e+000  0.000000e+000  0.000000e+000  0.000000e+000  0.000000e+000  0.000000e+000  0.000000e+000  
0.000000e+000  0.000000e+000  0.000000e+000  0.000000e+000  0.000000e+000  0.000000e+000  0.000000e+000  0.000000e+000  0.000000e+000  0.000000e+000  0.000000e+000  0.000000e+000  0.000000e+000  0.000000e+000  0.000000e+000  0.000000e+000  0.000000e+000  
0.000000e+000  0.000000e+000  0.000000e+000  0.000000e+000  0.000000e+000  0.000000e+000  0.000000e+000  0.000000e+000  0.000000e+000  0.000000e+000  0.000000e+000  0.000000e+000  0.000000e+000  0.000000e+000  0.000000e+000  0.000000e+000  0.000000e+000  
0.000000e+000  0.000000e+000  0.000000e+000  0.000000e+000  0.000000e+000  0.000000e+000  0.000000e+000  0.000000e+000  0.000000e+000  0.000000e+000  0.000000e+000  0.000000e+000  0.000000e+000  0.000000e+000  0.000000e+000  0.000000e+000  0.000000e+000  
0.000000e+000  0.000000e+000  0.000000e+000  0.000000e+000  0.000000e+000  0.000000e+000  0.000000e+000  0.000000e+000  0.000000e+000  0.000000e+000  0.000000e+000  0.000000e+000  0.000000e+000  0.000000e+000  0.000000e+000  0.000000e+000  0.000000e+000  
0.000000e+000  0.000000e+000  0.000000e+000  0.000000e+000  0.000000e+000  0.000000e+000  0.000000e+000  0.000000e+000  0.000000e+000  0.000000e+000  0.000000e+000  0.000000e+000  0.000000e+000  0.000000e+000  0.000000e+000  0.000000e+000  0.000000e+000  
0.000000e+000  0.000000e+000  0.000000e+000  0.000000e+000  0.000000e+000  0.000000e+000  0.000000e+000  0.000000e+000  0.000000e+000  0.000000e+000  0.000000e+000  0.000000e+000  0.000000e+000  0.000000e+000  0.000000e+000  0.000000e+000  0.000000e+000  
0.000000e+000  0.000000e+000  0.000000e+000  0.000000e+000  0.000000e+000  0.000000e+000  0.000000e+000  0.000000e+000  0.000000e+000  0.000000e+000  0.000000e+000  0.000000e+000  0.000000e+000  0.000000e+000  0.000000e+000  0.000000e+000  0.000000e+000  

0.000000e+000  0.000000e+000  0.000000e+000  0.000000e+000  0.000000e+000  0.000000e+000  0.000000e+000  0.000000e+000  0.000000e+000  0.000000e+000  0.000000e+000  0.000000e+000  0.000000e+000  0.000000e+000  0.000000e+000  0.000000e+000  0.000000e+000  
0.000000e+000  0.000000e+000  0.000000e+000  0.000000e+000  0.000000e+000  0.000000e+000  0.000000e+000  0.000000e+000  0.000000e+000  0.000000e+000  0.000000e+000  0.000000e+000  0.000000e+000  0.000000e+000  0.000000e+000  0.000000e+000  0.000000e+000  
0.000000e+000  0.000000e+000  0.000000e+000  0.000000e+000  0.000000e+000  0.000000e+000  0.000000e+000  0.000000e+000  0.000000e+000  0.000000e+000  0.000000e+000  0.000000e+000  0.000000e+000  0.000000e+000  0.000000e+000  0.000000e+000  0.000000e+000  
0.000000e+000  0.000000e+000  0.000000e+000  0.000000e+000  0.000000e+000  0.000000e+000  0.000000e+000  0.000000e+000  0.000000e+000  0.000000e+000  0.000000e+000  0.000000e+000  0.000000e+000  0.000000e+000  0.000000e+000  0.000000e+000  0.000000e+000  
0.000000e+000  0.000000e+000  0.000000e+000  0.000000e+000  0.000000e+000  0.000000e+000  0.000000e+000  0.000000e+000  0.000000e+000  0.000000e+000  0.000000e+000  0.000000e+000  0.000000e+000  0.000000e+000  0.000000e+000  0.000000e+000  0.000000e+000  
0.000000e+000  0.000000e+000  0.000000e+000  0.000000e+000  0.000000e+000  0.000000e+000  0.000000e+000  0.000000e+000  0.000000e+000  0.000000e+000  0.000000e+000  0.000000e+000  0.000000e+000  0.000000e+000  0.000000e+000  0.000000e+000  0.000000e+000  
0.000000e+000  0.000000e+000  0.000000e+000  0.000000e+000  0.000000e+000  0.000000e+000  0.000000e+000  0.000000e+000  0.000000e+000  0.000000e+000  0.000000e+000  0.000000e+000  0.000000e+000  0.000000e+000  0.000000e+000  0.000000e+000  0.000000e+000  
0.000000e+000  0.000000e+000  0.000000e+000  0.000000e+000  0.000000e+000  0.000000e+000  0.000000e+000  0.000000e+000  0.000000e+000  0.000000e+000  0.000000e+000  0.000000e+000  0.000000e+000  0.000000e+000  0.000000e+000  0.000000e+000  0.000000e+000  
0.000000e+000  0.000000e+000  0.000000e+000  0.000000e+000  0.000000e+000  0.000000e+000  0.000000e+000  0.000000e+000  0.000000e+000  0.000000e+000  0.000000e+000  0.000000e+000  0.000000e+000  0.000000e+000  0.000000e+000  0.000000e+000  0.000000e+000  
0.000000e+000  0.000000e+000  0.000000e+000  0.000000e+000  0.000000e+000  0.000000e+000  0.000000e+000  0.000000e+000  0.000000e+000  0.000000e+000  0.000000e+000  0.000000e+000  0.000000e+000  0.000000e+000  0.000000e+000  0.000000e+000  0.000000e+000  
0.000000e+000  0.000000e+000  0.000000e+000  0.000000e+000  0.000000e+000  0.000000e+000  0.000000e+000  0.000000e+000  0.000000e+000  0.000000e+000  0.000000e+000  0.000000e+000  0.000000e+000  0.000000e+000  0.000000e+000  0.000000e+000  0.000000e+000  
0.000000e+000  0.000000e+000  0.000000e+000  0.000000e+000  0.000000e+000  0.000000e+000  0.000000e+000  0.000000e+000  0.000000e+000  0.000000e+000  0.000000e+000  0.000000e+000  0.000000e+000  0.000000e+000  0.000000e+000  0.000000e+000  0.000000e+000  
0.000000e+000  0.000000e+000  0.000000e+000  0.000000e+000  0.000000e+000  0.000000e+000  0.000000e+000  0.000000e+000  0.000000e+000  0.000000e+000  0.000000e+000  0.000000e+000  0.000000e+000  0.000000e+000  0.000000e+000  0.000000e+000  0.000000e+000  
0.000000e+000  0.000000e+000  0.000000e+000  0.000000e+000  0.000000e+000  0.000000e+000  0.000000e+000  0.000000e+000  0.000000e+000  0.000000e+000  0.000000e+000  0.000000e+000  0.000000e+000  0.000000e+000  0.000000e+000  0.000000e+000  0.000000e+000  
0.000000e+000  0.000000e+000  0.000000e+000  0.000000e+000  0.000000e+000  0.000000e+000  0.000000e+000  0.000000e+000  0.000000e+000  0.000000e+000  0.000000e+000  0.000000e+000  0.000000e+000  0.000000e+000  0.000000e+000  0.000000e+000  0.000000e+000  
0.000000e+000  0.000000e+000  0.000000e+000  0.000000e+000  0.000000e+000  0.000000e+000  0.000000e+000  0.000000e+000  0.000000e+000  0.000000e+000  0.000000e+000  0.000000e+000  0.000000e+000  0.000000e+000  0.000000e+000  0.000000e+000  0.000000e+000  

0.000000e+000  0.000000e+000  0.000000e+000  0.000000e+000  0.000000e+000  0.000000e+000  0.000000e+000  0.000000e+000  0.000000e+000  0.000000e+000  0.000000e+000  0.000000e+000  0.000000e+000  0.000000e+000  0.000000e+000  0.000000e+000  0.000000e+000  
0.000000e+000  0.000000e+000  0.000000e+000  0.000000e+000  0.000000e+000  0.000000e+000  0.000000e+000  0.000000e+000  0.000000e+000  0.000000e+000  0.000000e+000  0.000000e+000  0.000000e+000  0.000000e+000  0.000000e+000  0.000000e+000  0.000000e+000  
0.000000e+000  0.000000e+000  0.000000e+000  0.000000e+000  0.000000e+000  0.000000e+000  0.000000e+000  0.000000e+000  0.000000e+000  0.000000e+000  0.000000e+000  0.000000e+000  0.000000e+000  0.000000e+000  0.000000e+000  0.000000e+000  0.000000e+000  
0.000000e+000  0.000000e+000  0.000000e+000  0.000000e+000  0.000000e+000  0.000000e+000  0.000000e+000  0.000000e+000  0.000000e+000  0.000000e+000  0.000000e+000  0.000000e+000  0.000000e+000  0.000000e+000  0.000000e+000  0.000000e+000  0.000000e+000  
0.000000e+000  0.000000e+000  0.000000e+000  0.000000e+000  0.000000e+000  0.000000e+000  0.000000e+000  0.000000e+000  0.000000e+000  0.000000e+000  0.000000e+000  0.000000e+000  0.000000e+000  0.000000e+000  0.000000e+000  0.000000e+000  0.000000e+000  
0.000000e+000  0.000000e+000  0.000000e+000  0.000000e+000  0.000000e+000  0.000000e+000  0.000000e+000  0.000000e+000  0.000000e+000  0.000000e+000  0.000000e+000  0.000000e+000  0.000000e+000  0.000000e+000  0.000000e+000  0.000000e+000  0.000000e+000  
0.000000e+000  0.000000e+000  0.000000e+000  0.000000e+000  0.000000e+000  0.000000e+000  0.000000e+000  0.000000e+000  0.000000e+000  0.000000e+000  0.000000e+000  0.000000e+000  0.000000e+000  0.000000e+000  0.000000e+000  0.000000e+000  0.000000e+000  
0.000000e+000  0.000000e+000  0.000000e+000  0.000000e+000  0.000000e+000  0.000000e+000  0.000000e+000  0.000000e+000  0.000000e+000  0.000000e+000  0.000000e+000  0.000000e+000  0.000000e+000  0.000000e+000  0.000000e+000  0.000000e+000  0.000000e+000  
0.000000e+000  0.000000e+000  0.000000e+000  0.000000e+000  0.000000e+000  0.000000e+000  0.000000e+000  0.000000e+000  0.000000e+000  0.000000e+000  0.000000e+000  0.000000e+000  0.000000e+000  0.000000e+000  0.000000e+000  0.000000e+000  0.000000e+000  
0.000000e+000  0.000000e+000  0.000000e+000  0.000000e+000  0.000000e+000  0.000000e+000  0.000000e+000  0.000000e+000  0.000000e+000  0.000000e+000  0.000000e+000  0.000000e+000  0.000000e+000  0.000000e+000  0.000000e+000  0.000000e+000  0.000000e+000  
0.000000e+000  0.000000e+000  0.000000e+000  0.000000e+000  0.000000e+000  0.000000e+000  0.000000e+000  0.000000e+000  0.000000e+000  0.000000e+000  0.000000e+000  0.000000e+000  0.000000e+000  0.000000e+000  0.000000e+000  0.000000e+000  0.000000e+000  
0.000000e+000  0.000000e+000  0.000000e+000  0.000000e+000  0.000000e+000  0.000000e+000  0.000000e+000  0.000000e+000  0.000000e+000  0.000000e+000  0.000000e+000  0.000000e+000  0.000000e+000  0.000000e+000  0.000000e+000  0.000000e+000  0.000000e+000  
0.000000e+000  0.000000e+000  0.000000e+000  0.000000e+000  0.000000e+000  0.000000e+000  0.000000e+000  0.000000e+000  0.000000e+000  0.000000e+000  0.000000e+000  0.000000e+000  0.000000e+000  0.000000e+000  0.000000e+000  0.000000e+000  0.000000e+000  
0.000000e+000  0.000000e+000  0.000000e+000  0.000000e+000  0.000000e+000  0.000000e+000  0.000000e+000  0.000000e+000  0.000000e+000  0.000000e+000  0.000000e+000  0.000000e+000  0.000000e+000  0.000000e+000  0.000000e+000  0.000000e+000  0.000000e+000  
0.000000e+000  0.000000e+000  0.000000e+000  0.000000e+000  0.000000e+000  0.000000e+000  0.000000e+000  0.000000e+000  0.000000e+000  0.000000e+000  0.000000e+000  0.000000e+000  0.000000e+000  0.000000e+000  0.000000e+000  0.000000e+000  0.000000e+000  
0.000000e+000  0.000000e+000  0.000000e+000  0.000000e+000  0.000000e+000  0.000000e+000  0.000000e+000  0.000000e+000  0.000000e+000  0.000000e+000  0.000000e+000  0.000000e+000  0.000000e+000  0.000000e+000  0.000000e+000  0.000000e+000  0.000000e+000  

0.000000e+000  0.000000e+000  0.000000e+000  0.000000e+000  0.000000e+000  0.000000e+000  0.000000e+000  0.000000e+000  0.000000e+000  0.000000e+000  0.000000e+000  0.000000e+000  0.000000e+000  0.000000e+000  0.000000e+000  0.000000e+000  0.000000e+000  
0.000000e+000  -1.911516e+001  -1.868210e+001  -1.782581e+001  -1.612577e+001  -1.273257e+001  -8.086646e+000  -2.771962e+000  2.771962e+000  8.086646e+000  1.273257e+001  1.612577e+001  1.782581e+001  1.868210e+001  1.911516e+001  0.000000e+000  0.000000e+000  
0.000000e+000  -1.911516e+001  -1.868210e+001  -1.782581e+001  -1.612577e+001  -1.273257e+001  -8.086646e+000  -2.771962e+000  2.771962e+000  8.086646e+000  1.273257e+001  1.612577e+001  1.782581e+001  1.868210e+001  1.911516e+001  0.000000e+000  0.000000e+000  
0.000000e+000  -1.911516e+001  -1.868210e+001  -1.782581e+001  -1.612577e+001  -1.273257e+001  -8.086646e+000  -2.771962e+000  2.771962e+000  8.086646e+000  1.273257e+001  1.612577e+001  1.782581e+001  1.868210e+001  1.911516e+001  0.000000e+000  0.000000e+000  
0.000000e+000  -1.911516e+001  -1.868210e+001  -1.782581e+001  -1.612577e+001  -1.273257e+001  -8.086646e+000  -2.771962e+000  2.771962e+000  8.086646e+000  1.273257e+001  1.612577e+001  1.782581e+001  1.868210e+001  1.911516e+001  0.000000e+000  0.000000e+000  
0.000000e+000  -1.911516e+001  -1.868210e+001  -1.782581e+001  -1.612577e+001  -1.273257e+001  -8.086646e+000  -2.771962e+000  2.771962e+000  8.086646e+000  1.273257e+001  1.612577e+001  1.782581e+001  1.868210e+001  1.911516e+001  0.000000e+000  0.000000e+000  
0.000000e+000  -1.911516e+001  -1.868210e+001  -1.782581e+001  -1.612577e+001  -1.273257e+001  -8.086646e+000  -2.771962e+000  2.771962e+000  8.086646e+000  1.273257e+001  1.612577e+001  1.782581e+001  1.868210e+001  1.911516e+001  0.000000e+000  0.000000e+000  
0.000000e+000  -1.911516e+001  -1.868210e+001  -1.782581e+001  -1.612577e+001  -1.273257e+001  -8.086646e+000  -2.771962e+000  2.771962e+000  8.086646e+000  1.273257e+001  1.612577e+001  1.782581e+001  1.868210e+001  1.911516e+001  0.000000e+000  0.000000e+000  
0.000000e+000  -1.911516e+001  -1.868210e+001  -1.782581e+001  -1.612577e+001  -1.273257e+001  -8.086646e+000  -2.771962e+000  2.771962e+000  8.086646e+000  1.273257e+001  1.612577e+001  1.782581e+001  1.868210e+001  1.911516e+001  0.000000e+000  0.000000e+000  
0.000000e+000  -1.911516e+001  -1.868210e+001  -1.782581e+001  -1.612577e+001  -1.273257e+001  -8.086646e+000  -2.771962e+000  2.771962e+000  8.086646e+000  1.273257e+001  1.612577e+001  1.782581e+001  1.868210e+001  1.911516e+001  0.000000e+000  0.000000e+000  
0.000000e+000  -1.911516e+001  -1.868210e+001  -1.782581e+001  -1.612577e+001  -1.273257e+001  -8.086646e+000  -2.771962e+000  2.771962e+000  8.086646e+000  1.273257e+001  1.612577e+001  1.782581e+001  1.868210e+001  1.911516e+001  0.000000e+000  0.000000e+000  
0.000000e+000  -1.911516e+001  -1.868210e+001  -1.782581e+001  -1.612577e+001  -1.273257e+001  -8.086646e+000  -2.771962e+000  2.771962e+000  8.086646e+000  1.273257e+001  1.612577e+001  1.782581e+001  1.868210e+001  1.911516e+001  0.000000e+000  0.000000e+000  
0.000000e+000  -1.911516e+001  -1.868210e+001  -1.782581e+001  -1.612577e+001  -1.273257e+001  -8.086646e+000  -2.771962e+000  2.771962e+000  8.086646e+000  1.273257e+001  1.612577e+001  1.782581e+001  1.868210e+001  1.911516e+001  0.000000e+000  0.000000e+000  
0.000000e+000  -1.911516e+001  -1.868210e+001  -1.782581e+001  -1.612577e+001  -1.273257e+001  -8.086646e+000  -2.771962e+000  2.771962e+000  8.086646e+000  1.273257e+001  1.612577e+001  1.782581e+001  1.868210e+001  1.911516e+001  0.000000e+000  0.000000e+000  
0.000000e+000  0.000000e+000  0.000000e+000  0.000000e+000  0.000000e+000  0.000000e+000  0.000000e+000  0.000000e+000  0.000000e+000  0.000000e+000  0.000000e+000  0.000000e+000  0.000000e+000  0.000000e+000  0.000000e+000  0.000000e+000  0.000000e+000  
0.000000e+000  0.000000e+000  0.000000e+000  0.000000e+000  0.000000e+000  0.000000e+000  0.000000e+000  0.000000e+000  0.000000e+000  0.000000e+000  0.000000e+000  0.000000e+000  0.000000e+000  0.000000e+000  0.000000e+000  0.000000e+000  0.000000e+000  

