Port monitor named: Port1_h3[7.5].prt

nx        = 17
ny        = 16
nz        = 52

nu        = 17
nv        = 16
iu        = 1
iv        = 1

idir      = 2
dcut      = 5.000000e-002
icut      = 52
type      = 1
frequency = 7.500000e+009

fcutoff   = 1.120980e+010
alpha     = 1.743378e+002
beta      = 0.000000e+000
accuracy  = 1.093533e-009

type          = UNDEF
wave imp.     = 3.383856e+002
wave imp.sig. = 3.322072e+002
line imp.     = 0.000000e+000

ref. port     = 0

0.000000e+000  0.000000e+000  0.000000e+000  0.000000e+000  0.000000e+000  0.000000e+000  0.000000e+000  0.000000e+000  0.000000e+000  0.000000e+000  0.000000e+000  0.000000e+000  0.000000e+000  0.000000e+000  0.000000e+000  0.000000e+000  0.000000e+000  
0.000000e+000  0.000000e+000  0.000000e+000  0.000000e+000  0.000000e+000  0.000000e+000  0.000000e+000  0.000000e+000  0.000000e+000  0.000000e+000  0.000000e+000  0.000000e+000  0.000000e+000  0.000000e+000  0.000000e+000  0.000000e+000  0.000000e+000  
0.000000e+000  0.000000e+000  0.000000e+000  0.000000e+000  0.000000e+000  0.000000e+000  0.000000e+000  0.000000e+000  0.000000e+000  0.000000e+000  0.000000e+000  0.000000e+000  0.000000e+000  0.000000e+000  0.000000e+000  0.000000e+000  0.000000e+000  
0.000000e+000  0.000000e+000  0.000000e+000  0.000000e+000  0.000000e+000  0.000000e+000  0.000000e+000  0.000000e+000  0.000000e+000  0.000000e+000  0.000000e+000  0.000000e+000  0.000000e+000  0.000000e+000  0.000000e+000  0.000000e+000  0.000000e+000  
0.000000e+000  0.000000e+000  0.000000e+000  0.000000e+000  0.000000e+000  0.000000e+000  0.000000e+000  0.000000e+000  0.000000e+000  0.000000e+000  0.000000e+000  0.000000e+000  0.000000e+000  0.000000e+000  0.000000e+000  0.000000e+000  0.000000e+000  
0.000000e+000  0.000000e+000  0.000000e+000  0.000000e+000  0.000000e+000  0.000000e+000  0.000000e+000  0.000000e+000  0.000000e+000  0.000000e+000  0.000000e+000  0.000000e+000  0.000000e+000  0.000000e+000  0.000000e+000  0.000000e+000  0.000000e+000  
0.000000e+000  0.000000e+000  0.000000e+000  0.000000e+000  0.000000e+000  0.000000e+000  0.000000e+000  0.000000e+000  0.000000e+000  0.000000e+000  0.000000e+000  0.000000e+000  0.000000e+000  0.000000e+000  0.000000e+000  0.000000e+000  0.000000e+000  
0.000000e+000  0.000000e+000  0.000000e+000  0.000000e+000  0.000000e+000  0.000000e+000  0.000000e+000  0.000000e+000  0.000000e+000  0.000000e+000  0.000000e+000  0.000000e+000  0.000000e+000  0.000000e+000  0.000000e+000  0.000000e+000  0.000000e+000  
0.000000e+000  0.000000e+000  0.000000e+000  0.000000e+000  0.000000e+000  0.000000e+000  0.000000e+000  0.000000e+000  0.000000e+000  0.000000e+000  0.000000e+000  0.000000e+000  0.000000e+000  0.000000e+000  0.000000e+000  0.000000e+000  0.000000e+000  
0.000000e+000  0.000000e+000  0.000000e+000  0.000000e+000  0.000000e+000  0.000000e+000  0.000000e+000  0.000000e+000  0.000000e+000  0.000000e+000  0.000000e+000  0.000000e+000  0.000000e+000  0.000000e+000  0.000000e+000  0.000000e+000  0.000000e+000  
0.000000e+000  0.000000e+000  0.000000e+000  0.000000e+000  0.000000e+000  0.000000e+000  0.000000e+000  0.000000e+000  0.000000e+000  0.000000e+000  0.000000e+000  0.000000e+000  0.000000e+000  0.000000e+000  0.000000e+000  0.000000e+000  0.000000e+000  
0.000000e+000  0.000000e+000  0.000000e+000  0.000000e+000  0.000000e+000  0.000000e+000  0.000000e+000  0.000000e+000  0.000000e+000  0.000000e+000  0.000000e+000  0.000000e+000  0.000000e+000  0.000000e+000  0.000000e+000  0.000000e+000  0.000000e+000  
0.000000e+000  0.000000e+000  0.000000e+000  0.000000e+000  0.000000e+000  0.000000e+000  0.000000e+000  0.000000e+000  0.000000e+000  0.000000e+000  0.000000e+000  0.000000e+000  0.000000e+000  0.000000e+000  0.000000e+000  0.000000e+000  0.000000e+000  
0.000000e+000  0.000000e+000  0.000000e+000  0.000000e+000  0.000000e+000  0.000000e+000  0.000000e+000  0.000000e+000  0.000000e+000  0.000000e+000  0.000000e+000  0.000000e+000  0.000000e+000  0.000000e+000  0.000000e+000  0.000000e+000  0.000000e+000  
0.000000e+000  0.000000e+000  0.000000e+000  0.000000e+000  0.000000e+000  0.000000e+000  0.000000e+000  0.000000e+000  0.000000e+000  0.000000e+000  0.000000e+000  0.000000e+000  0.000000e+000  0.000000e+000  0.000000e+000  0.000000e+000  0.000000e+000  
0.000000e+000  0.000000e+000  0.000000e+000  0.000000e+000  0.000000e+000  0.000000e+000  0.000000e+000  0.000000e+000  0.000000e+000  0.000000e+000  0.000000e+000  0.000000e+000  0.000000e+000  0.000000e+000  0.000000e+000  0.000000e+000  0.000000e+000  

0.000000e+000  0.000000e+000  0.000000e+000  0.000000e+000  0.000000e+000  0.000000e+000  0.000000e+000  0.000000e+000  0.000000e+000  0.000000e+000  0.000000e+000  0.000000e+000  0.000000e+000  0.000000e+000  0.000000e+000  0.000000e+000  0.000000e+000  
0.000000e+000  0.000000e+000  0.000000e+000  0.000000e+000  0.000000e+000  0.000000e+000  0.000000e+000  0.000000e+000  0.000000e+000  0.000000e+000  0.000000e+000  0.000000e+000  0.000000e+000  0.000000e+000  0.000000e+000  0.000000e+000  0.000000e+000  
0.000000e+000  0.000000e+000  0.000000e+000  0.000000e+000  0.000000e+000  0.000000e+000  0.000000e+000  0.000000e+000  0.000000e+000  0.000000e+000  0.000000e+000  0.000000e+000  0.000000e+000  0.000000e+000  0.000000e+000  0.000000e+000  0.000000e+000  
0.000000e+000  0.000000e+000  0.000000e+000  0.000000e+000  0.000000e+000  0.000000e+000  0.000000e+000  0.000000e+000  0.000000e+000  0.000000e+000  0.000000e+000  0.000000e+000  0.000000e+000  0.000000e+000  0.000000e+000  0.000000e+000  0.000000e+000  
0.000000e+000  0.000000e+000  0.000000e+000  0.000000e+000  0.000000e+000  0.000000e+000  0.000000e+000  0.000000e+000  0.000000e+000  0.000000e+000  0.000000e+000  0.000000e+000  0.000000e+000  0.000000e+000  0.000000e+000  0.000000e+000  0.000000e+000  
0.000000e+000  0.000000e+000  0.000000e+000  0.000000e+000  0.000000e+000  0.000000e+000  0.000000e+000  0.000000e+000  0.000000e+000  0.000000e+000  0.000000e+000  0.000000e+000  0.000000e+000  0.000000e+000  0.000000e+000  0.000000e+000  0.000000e+000  
0.000000e+000  0.000000e+000  0.000000e+000  0.000000e+000  0.000000e+000  0.000000e+000  0.000000e+000  0.000000e+000  0.000000e+000  0.000000e+000  0.000000e+000  0.000000e+000  0.000000e+000  0.000000e+000  0.000000e+000  0.000000e+000  0.000000e+000  
0.000000e+000  0.000000e+000  0.000000e+000  0.000000e+000  0.000000e+000  0.000000e+000  0.000000e+000  0.000000e+000  0.000000e+000  0.000000e+000  0.000000e+000  0.000000e+000  0.000000e+000  0.000000e+000  0.000000e+000  0.000000e+000  0.000000e+000  
0.000000e+000  0.000000e+000  0.000000e+000  0.000000e+000  0.000000e+000  0.000000e+000  0.000000e+000  0.000000e+000  0.000000e+000  0.000000e+000  0.000000e+000  0.000000e+000  0.000000e+000  0.000000e+000  0.000000e+000  0.000000e+000  0.000000e+000  
0.000000e+000  0.000000e+000  0.000000e+000  0.000000e+000  0.000000e+000  0.000000e+000  0.000000e+000  0.000000e+000  0.000000e+000  0.000000e+000  0.000000e+000  0.000000e+000  0.000000e+000  0.000000e+000  0.000000e+000  0.000000e+000  0.000000e+000  
0.000000e+000  0.000000e+000  0.000000e+000  0.000000e+000  0.000000e+000  0.000000e+000  0.000000e+000  0.000000e+000  0.000000e+000  0.000000e+000  0.000000e+000  0.000000e+000  0.000000e+000  0.000000e+000  0.000000e+000  0.000000e+000  0.000000e+000  
0.000000e+000  0.000000e+000  0.000000e+000  0.000000e+000  0.000000e+000  0.000000e+000  0.000000e+000  0.000000e+000  0.000000e+000  0.000000e+000  0.000000e+000  0.000000e+000  0.000000e+000  0.000000e+000  0.000000e+000  0.000000e+000  0.000000e+000  
0.000000e+000  0.000000e+000  0.000000e+000  0.000000e+000  0.000000e+000  0.000000e+000  0.000000e+000  0.000000e+000  0.000000e+000  0.000000e+000  0.000000e+000  0.000000e+000  0.000000e+000  0.000000e+000  0.000000e+000  0.000000e+000  0.000000e+000  
0.000000e+000  0.000000e+000  0.000000e+000  0.000000e+000  0.000000e+000  0.000000e+000  0.000000e+000  0.000000e+000  0.000000e+000  0.000000e+000  0.000000e+000  0.000000e+000  0.000000e+000  0.000000e+000  0.000000e+000  0.000000e+000  0.000000e+000  
0.000000e+000  0.000000e+000  0.000000e+000  0.000000e+000  0.000000e+000  0.000000e+000  0.000000e+000  0.000000e+000  0.000000e+000  0.000000e+000  0.000000e+000  0.000000e+000  0.000000e+000  0.000000e+000  0.000000e+000  0.000000e+000  0.000000e+000  
0.000000e+000  0.000000e+000  0.000000e+000  0.000000e+000  0.000000e+000  0.000000e+000  0.000000e+000  0.000000e+000  0.000000e+000  0.000000e+000  0.000000e+000  0.000000e+000  0.000000e+000  0.000000e+000  0.000000e+000  0.000000e+000  0.000000e+000  

0.000000e+000  0.000000e+000  0.000000e+000  0.000000e+000  0.000000e+000  0.000000e+000  0.000000e+000  0.000000e+000  0.000000e+000  0.000000e+000  0.000000e+000  0.000000e+000  0.000000e+000  0.000000e+000  0.000000e+000  0.000000e+000  0.000000e+000  
0.000000e+000  0.000000e+000  0.000000e+000  0.000000e+000  0.000000e+000  0.000000e+000  0.000000e+000  0.000000e+000  0.000000e+000  0.000000e+000  0.000000e+000  0.000000e+000  0.000000e+000  0.000000e+000  0.000000e+000  0.000000e+000  0.000000e+000  
0.000000e+000  0.000000e+000  0.000000e+000  0.000000e+000  0.000000e+000  0.000000e+000  0.000000e+000  0.000000e+000  0.000000e+000  0.000000e+000  0.000000e+000  0.000000e+000  0.000000e+000  0.000000e+000  0.000000e+000  0.000000e+000  0.000000e+000  
0.000000e+000  0.000000e+000  0.000000e+000  0.000000e+000  0.000000e+000  0.000000e+000  0.000000e+000  0.000000e+000  0.000000e+000  0.000000e+000  0.000000e+000  0.000000e+000  0.000000e+000  0.000000e+000  0.000000e+000  0.000000e+000  0.000000e+000  
0.000000e+000  0.000000e+000  0.000000e+000  0.000000e+000  0.000000e+000  0.000000e+000  0.000000e+000  0.000000e+000  0.000000e+000  0.000000e+000  0.000000e+000  0.000000e+000  0.000000e+000  0.000000e+000  0.000000e+000  0.000000e+000  0.000000e+000  
0.000000e+000  0.000000e+000  0.000000e+000  0.000000e+000  0.000000e+000  0.000000e+000  0.000000e+000  0.000000e+000  0.000000e+000  0.000000e+000  0.000000e+000  0.000000e+000  0.000000e+000  0.000000e+000  0.000000e+000  0.000000e+000  0.000000e+000  
0.000000e+000  0.000000e+000  0.000000e+000  0.000000e+000  0.000000e+000  0.000000e+000  0.000000e+000  0.000000e+000  0.000000e+000  0.000000e+000  0.000000e+000  0.000000e+000  0.000000e+000  0.000000e+000  0.000000e+000  0.000000e+000  0.000000e+000  
0.000000e+000  0.000000e+000  0.000000e+000  0.000000e+000  0.000000e+000  0.000000e+000  0.000000e+000  0.000000e+000  0.000000e+000  0.000000e+000  0.000000e+000  0.000000e+000  0.000000e+000  0.000000e+000  0.000000e+000  0.000000e+000  0.000000e+000  
0.000000e+000  0.000000e+000  0.000000e+000  0.000000e+000  0.000000e+000  0.000000e+000  0.000000e+000  0.000000e+000  0.000000e+000  0.000000e+000  0.000000e+000  0.000000e+000  0.000000e+000  0.000000e+000  0.000000e+000  0.000000e+000  0.000000e+000  
0.000000e+000  0.000000e+000  0.000000e+000  0.000000e+000  0.000000e+000  0.000000e+000  0.000000e+000  0.000000e+000  0.000000e+000  0.000000e+000  0.000000e+000  0.000000e+000  0.000000e+000  0.000000e+000  0.000000e+000  0.000000e+000  0.000000e+000  
0.000000e+000  0.000000e+000  0.000000e+000  0.000000e+000  0.000000e+000  0.000000e+000  0.000000e+000  0.000000e+000  0.000000e+000  0.000000e+000  0.000000e+000  0.000000e+000  0.000000e+000  0.000000e+000  0.000000e+000  0.000000e+000  0.000000e+000  
0.000000e+000  0.000000e+000  0.000000e+000  0.000000e+000  0.000000e+000  0.000000e+000  0.000000e+000  0.000000e+000  0.000000e+000  0.000000e+000  0.000000e+000  0.000000e+000  0.000000e+000  0.000000e+000  0.000000e+000  0.000000e+000  0.000000e+000  
0.000000e+000  0.000000e+000  0.000000e+000  0.000000e+000  0.000000e+000  0.000000e+000  0.000000e+000  0.000000e+000  0.000000e+000  0.000000e+000  0.000000e+000  0.000000e+000  0.000000e+000  0.000000e+000  0.000000e+000  0.000000e+000  0.000000e+000  
0.000000e+000  0.000000e+000  0.000000e+000  0.000000e+000  0.000000e+000  0.000000e+000  0.000000e+000  0.000000e+000  0.000000e+000  0.000000e+000  0.000000e+000  0.000000e+000  0.000000e+000  0.000000e+000  0.000000e+000  0.000000e+000  0.000000e+000  
0.000000e+000  0.000000e+000  0.000000e+000  0.000000e+000  0.000000e+000  0.000000e+000  0.000000e+000  0.000000e+000  0.000000e+000  0.000000e+000  0.000000e+000  0.000000e+000  0.000000e+000  0.000000e+000  0.000000e+000  0.000000e+000  0.000000e+000  
0.000000e+000  0.000000e+000  0.000000e+000  0.000000e+000  0.000000e+000  0.000000e+000  0.000000e+000  0.000000e+000  0.000000e+000  0.000000e+000  0.000000e+000  0.000000e+000  0.000000e+000  0.000000e+000  0.000000e+000  0.000000e+000  0.000000e+000  

-0.000000e+000  -0.000000e+000  -0.000000e+000  -0.000000e+000  -0.000000e+000  -0.000000e+000  -0.000000e+000  -0.000000e+000  -0.000000e+000  -0.000000e+000  -0.000000e+000  -0.000000e+000  -0.000000e+000  -0.000000e+000  -0.000000e+000  -0.000000e+000  -0.000000e+000  
-0.000000e+000  -0.000000e+000  -9.428818e-001  -1.864403e+000  -2.743685e+000  -4.094451e+000  -5.294405e+000  -6.056514e+000  -6.317752e+000  -6.056514e+000  -5.294405e+000  -4.094451e+000  -2.743685e+000  -1.864403e+000  -9.428818e-001  -0.000000e+000  -0.000000e+000  
-0.000000e+000  -0.000000e+000  -9.167480e-001  -1.812727e+000  -2.667639e+000  -3.980965e+000  -5.147660e+000  -5.888646e+000  -6.142643e+000  -5.888646e+000  -5.147660e+000  -3.980965e+000  -2.667638e+000  -1.812727e+000  -9.167480e-001  -0.000000e+000  -0.000000e+000  
-0.000000e+000  -0.000000e+000  -8.652048e-001  -1.710808e+000  -2.517653e+000  -3.757140e+000  -4.858238e+000  -5.557563e+000  -5.797279e+000  -5.557563e+000  -4.858238e+000  -3.757140e+000  -2.517653e+000  -1.710808e+000  -8.652048e-001  -0.000000e+000  -0.000000e+000  
-0.000000e+000  -0.000000e+000  -7.640985e-001  -1.510886e+000  -2.223445e+000  -3.318087e+000  -4.290514e+000  -4.908117e+000  -5.119820e+000  -4.908117e+000  -4.290514e+000  -3.318087e+000  -2.223445e+000  -1.510886e+000  -7.640986e-001  -0.000000e+000  -0.000000e+000  
-0.000000e+000  -0.000000e+000  -5.653890e-001  -1.117969e+000  -1.645221e+000  -2.455194e+000  -3.174733e+000  -3.631724e+000  -3.788372e+000  -3.631724e+000  -3.174733e+000  -2.455194e+000  -1.645221e+000  -1.117969e+000  -5.653889e-001  -0.000000e+000  -0.000000e+000  
-0.000000e+000  -0.000000e+000  -2.976034e-001  -5.884646e-001  -8.659940e-001  -1.292339e+000  -1.671082e+000  -1.911628e+000  -1.994083e+000  -1.911628e+000  -1.671082e+000  -1.292339e+000  -8.659940e-001  -5.884646e-001  -2.976034e-001  -0.000000e+000  -0.000000e+000  
-0.000000e+000  -0.000000e+000  -4.604251e-009  1.315569e-008  4.684213e-009  2.074652e-009  -6.993877e-009  1.048351e-008  -3.483966e-009  -3.201643e-009  -1.095312e-008  -8.808221e-009  -9.779300e-009  1.056095e-008  -4.571705e-009  -0.000000e+000  -0.000000e+000  
-0.000000e+000  -0.000000e+000  2.976034e-001  5.884646e-001  8.659940e-001  1.292339e+000  1.671082e+000  1.911628e+000  1.994083e+000  1.911628e+000  1.671082e+000  1.292339e+000  8.659940e-001  5.884646e-001  2.976034e-001  -0.000000e+000  -0.000000e+000  
-0.000000e+000  -0.000000e+000  5.653890e-001  1.117969e+000  1.645221e+000  2.455194e+000  3.174733e+000  3.631724e+000  3.788372e+000  3.631724e+000  3.174733e+000  2.455194e+000  1.645221e+000  1.117969e+000  5.653890e-001  -0.000000e+000  -0.000000e+000  
-0.000000e+000  -0.000000e+000  7.640985e-001  1.510886e+000  2.223445e+000  3.318087e+000  4.290514e+000  4.908117e+000  5.119820e+000  4.908117e+000  4.290514e+000  3.318087e+000  2.223445e+000  1.510886e+000  7.640985e-001  -0.000000e+000  -0.000000e+000  
-0.000000e+000  -0.000000e+000  8.652048e-001  1.710808e+000  2.517653e+000  3.757140e+000  4.858238e+000  5.557563e+000  5.797279e+000  5.557563e+000  4.858238e+000  3.757140e+000  2.517653e+000  1.710808e+000  8.652048e-001  -0.000000e+000  -0.000000e+000  
-0.000000e+000  -0.000000e+000  9.167480e-001  1.812727e+000  2.667639e+000  3.980965e+000  5.147660e+000  5.888646e+000  6.142643e+000  5.888646e+000  5.147660e+000  3.980965e+000  2.667638e+000  1.812727e+000  9.167479e-001  -0.000000e+000  -0.000000e+000  
-0.000000e+000  -0.000000e+000  9.428818e-001  1.864403e+000  2.743685e+000  4.094451e+000  5.294405e+000  6.056514e+000  6.317752e+000  6.056514e+000  5.294405e+000  4.094451e+000  2.743685e+000  1.864403e+000  9.428818e-001  -0.000000e+000  -0.000000e+000  
-0.000000e+000  -0.000000e+000  -0.000000e+000  -0.000000e+000  -0.000000e+000  -0.000000e+000  -0.000000e+000  -0.000000e+000  -0.000000e+000  -0.000000e+000  -0.000000e+000  -0.000000e+000  -0.000000e+000  -0.000000e+000  -0.000000e+000  -0.000000e+000  -0.000000e+000  
-0.000000e+000  -0.000000e+000  -0.000000e+000  -0.000000e+000  -0.000000e+000  -0.000000e+000  -0.000000e+000  -0.000000e+000  -0.000000e+000  -0.000000e+000  -0.000000e+000  -0.000000e+000  -0.000000e+000  -0.000000e+000  -0.000000e+000  -0.000000e+000  -0.000000e+000  

-0.000000e+000  -0.000000e+000  -0.000000e+000  -0.000000e+000  -0.000000e+000  -0.000000e+000  -0.000000e+000  -0.000000e+000  -0.000000e+000  -0.000000e+000  -0.000000e+000  -0.000000e+000  -0.000000e+000  -0.000000e+000  -0.000000e+000  -0.000000e+000  -0.000000e+000  
-0.000000e+000  -0.000000e+000  -0.000000e+000  -0.000000e+000  -0.000000e+000  -0.000000e+000  -0.000000e+000  -0.000000e+000  -0.000000e+000  -0.000000e+000  -0.000000e+000  -0.000000e+000  -0.000000e+000  -0.000000e+000  -0.000000e+000  -0.000000e+000  -0.000000e+000  
-0.000000e+000  -4.936779e-001  -4.824936e-001  -4.603784e-001  -4.164724e-001  -3.288378e-001  -2.088499e-001  -7.159011e-002  7.159011e-002  2.088499e-001  3.288378e-001  4.164724e-001  4.603784e-001  4.824936e-001  4.936779e-001  -0.000000e+000  -0.000000e+000  
-0.000000e+000  -9.736726e-001  -9.516140e-001  -9.079965e-001  -8.214015e-001  -6.485612e-001  -4.119110e-001  -1.411960e-001  1.411960e-001  4.119110e-001  6.485612e-001  8.214014e-001  9.079966e-001  9.516140e-001  9.736726e-001  -0.000000e+000  -0.000000e+000  
-0.000000e+000  -1.426680e+000  -1.394359e+000  -1.330448e+000  -1.203564e+000  -9.503085e-001  -6.035553e-001  -2.068883e-001  2.068883e-001  6.035553e-001  9.503085e-001  1.203564e+000  1.330448e+000  1.394359e+000  1.426680e+000  -0.000000e+000  -0.000000e+000  
-0.000000e+000  -2.097781e+000  -2.050255e+000  -1.956281e+000  -1.769712e+000  -1.397327e+000  -8.874637e-001  -3.042072e-001  3.042072e-001  8.874637e-001  1.397327e+000  1.769712e+000  1.956281e+000  2.050255e+000  2.097781e+000  -0.000000e+000  -0.000000e+000  
-0.000000e+000  -2.660615e+000  -2.600338e+000  -2.481151e+000  -2.244525e+000  -1.772230e+000  -1.125570e+000  -3.858259e-001  3.858259e-001  1.125570e+000  1.772230e+000  2.244525e+000  2.481151e+000  2.600338e+000  2.660615e+000  -0.000000e+000  -0.000000e+000  
-0.000000e+000  -2.956873e+000  -2.889885e+000  -2.757427e+000  -2.494452e+000  -1.969567e+000  -1.250902e+000  -4.287875e-001  4.287875e-001  1.250902e+000  1.969567e+000  2.494452e+000  2.757427e+000  2.889885e+000  2.956873e+000  -0.000000e+000  -0.000000e+000  
-0.000000e+000  -2.956873e+000  -2.889885e+000  -2.757427e+000  -2.494452e+000  -1.969567e+000  -1.250902e+000  -4.287875e-001  4.287875e-001  1.250902e+000  1.969567e+000  2.494452e+000  2.757427e+000  2.889885e+000  2.956873e+000  -0.000000e+000  -0.000000e+000  
-0.000000e+000  -2.660615e+000  -2.600338e+000  -2.481151e+000  -2.244525e+000  -1.772230e+000  -1.125570e+000  -3.858259e-001  3.858259e-001  1.125570e+000  1.772230e+000  2.244525e+000  2.481151e+000  2.600338e+000  2.660615e+000  -0.000000e+000  -0.000000e+000  
-0.000000e+000  -2.097781e+000  -2.050255e+000  -1.956281e+000  -1.769712e+000  -1.397327e+000  -8.874637e-001  -3.042072e-001  3.042072e-001  8.874637e-001  1.397327e+000  1.769712e+000  1.956281e+000  2.050255e+000  2.097781e+000  -0.000000e+000  -0.000000e+000  
-0.000000e+000  -1.426680e+000  -1.394359e+000  -1.330448e+000  -1.203564e+000  -9.503085e-001  -6.035553e-001  -2.068883e-001  2.068883e-001  6.035553e-001  9.503085e-001  1.203564e+000  1.330448e+000  1.394359e+000  1.426680e+000  -0.000000e+000  -0.000000e+000  
-0.000000e+000  -9.736726e-001  -9.516140e-001  -9.079966e-001  -8.214014e-001  -6.485612e-001  -4.119110e-001  -1.411960e-001  1.411960e-001  4.119110e-001  6.485612e-001  8.214014e-001  9.079966e-001  9.516139e-001  9.736727e-001  -0.000000e+000  -0.000000e+000  
-0.000000e+000  -4.936779e-001  -4.824936e-001  -4.603785e-001  -4.164724e-001  -3.288378e-001  -2.088498e-001  -7.159010e-002  7.159011e-002  2.088498e-001  3.288378e-001  4.164724e-001  4.603784e-001  4.824937e-001  4.936779e-001  -0.000000e+000  -0.000000e+000  
-0.000000e+000  -0.000000e+000  -0.000000e+000  -0.000000e+000  -0.000000e+000  -0.000000e+000  -0.000000e+000  -0.000000e+000  -0.000000e+000  -0.000000e+000  -0.000000e+000  -0.000000e+000  -0.000000e+000  -0.000000e+000  -0.000000e+000  -0.000000e+000  -0.000000e+000  
-0.000000e+000  -0.000000e+000  -0.000000e+000  -0.000000e+000  -0.000000e+000  -0.000000e+000  -0.000000e+000  -0.000000e+000  -0.000000e+000  -0.000000e+000  -0.000000e+000  -0.000000e+000  -0.000000e+000  -0.000000e+000  -0.000000e+000  -0.000000e+000  -0.000000e+000  

-0.000000e+000  -0.000000e+000  -0.000000e+000  -0.000000e+000  -0.000000e+000  -0.000000e+000  -0.000000e+000  -0.000000e+000  -0.000000e+000  -0.000000e+000  -0.000000e+000  -0.000000e+000  -0.000000e+000  -0.000000e+000  -0.000000e+000  -0.000000e+000  -0.000000e+000  
-0.000000e+000  -8.608133e+000  -8.413115e+000  -8.027498e+000  -7.261920e+000  -5.733859e+000  -3.641661e+000  -1.248298e+000  1.248298e+000  3.641661e+000  5.733859e+000  7.261920e+000  8.027498e+000  8.413115e+000  8.608133e+000  -0.000000e+000  -0.000000e+000  
-0.000000e+000  -8.369542e+000  -8.179929e+000  -7.805000e+000  -7.060642e+000  -5.574934e+000  -3.540725e+000  -1.213699e+000  1.213699e+000  3.540725e+000  5.574934e+000  7.060642e+000  7.805000e+000  8.179929e+000  8.369542e+000  -0.000000e+000  -0.000000e+000  
-0.000000e+000  -7.898973e+000  -7.720021e+000  -7.366172e+000  -6.663665e+000  -5.261489e+000  -3.341651e+000  -1.145460e+000  1.145460e+000  3.341651e+000  5.261489e+000  6.663665e+000  7.366172e+000  7.720021e+000  7.898973e+000  -0.000000e+000  -0.000000e+000  
-0.000000e+000  -6.975913e+000  -6.817874e+000  -6.505375e+000  -5.884961e+000  -4.646641e+000  -2.951152e+000  -1.011604e+000  1.011604e+000  2.951152e+000  4.646641e+000  5.884961e+000  6.505375e+000  6.817874e+000  6.975913e+000  -0.000000e+000  -0.000000e+000  
-0.000000e+000  -5.161775e+000  -5.044834e+000  -4.813603e+000  -4.354533e+000  -3.438247e+000  -2.183683e+000  -7.485286e-001  7.485286e-001  2.183683e+000  3.438247e+000  4.354533e+000  4.813603e+000  5.044834e+000  5.161775e+000  -0.000000e+000  -0.000000e+000  
-0.000000e+000  -2.717000e+000  -2.655446e+000  -2.533733e+000  -2.292092e+000  -1.809788e+000  -1.149424e+000  -3.940025e-001  3.940025e-001  1.149424e+000  1.809788e+000  2.292092e+000  2.533733e+000  2.655446e+000  2.717000e+000  -0.000000e+000  -0.000000e+000  
-0.000000e+000  1.906504e-009  4.441457e-009  2.449434e-009  -4.644161e-010  -1.380468e-009  -1.433620e-009  -1.608976e-009  -1.266601e-009  1.009675e-009  -5.033763e-010  1.081927e-009  2.214825e-009  3.320916e-009  3.102854e-009  -0.000000e+000  -0.000000e+000  
-0.000000e+000  2.717000e+000  2.655446e+000  2.533733e+000  2.292092e+000  1.809788e+000  1.149424e+000  3.940025e-001  -3.940025e-001  -1.149424e+000  -1.809788e+000  -2.292092e+000  -2.533733e+000  -2.655446e+000  -2.717000e+000  -0.000000e+000  -0.000000e+000  
-0.000000e+000  5.161775e+000  5.044834e+000  4.813603e+000  4.354533e+000  3.438247e+000  2.183683e+000  7.485286e-001  -7.485286e-001  -2.183683e+000  -3.438247e+000  -4.354533e+000  -4.813603e+000  -5.044834e+000  -5.161775e+000  -0.000000e+000  -0.000000e+000  
-0.000000e+000  6.975913e+000  6.817874e+000  6.505375e+000  5.884961e+000  4.646641e+000  2.951152e+000  1.011604e+000  -1.011604e+000  -2.951152e+000  -4.646641e+000  -5.884961e+000  -6.505375e+000  -6.817874e+000  -6.975913e+000  -0.000000e+000  -0.000000e+000  
-0.000000e+000  7.898973e+000  7.720021e+000  7.366172e+000  6.663665e+000  5.261489e+000  3.341651e+000  1.145460e+000  -1.145460e+000  -3.341651e+000  -5.261489e+000  -6.663665e+000  -7.366172e+000  -7.720021e+000  -7.898973e+000  -0.000000e+000  -0.000000e+000  
-0.000000e+000  8.369542e+000  8.179929e+000  7.805000e+000  7.060642e+000  5.574934e+000  3.540725e+000  1.213699e+000  -1.213699e+000  -3.540725e+000  -5.574934e+000  -7.060642e+000  -7.805000e+000  -8.179929e+000  -8.369542e+000  -0.000000e+000  -0.000000e+000  
-0.000000e+000  8.608133e+000  8.413115e+000  8.027498e+000  7.261920e+000  5.733859e+000  3.641661e+000  1.248298e+000  -1.248298e+000  -3.641661e+000  -5.733859e+000  -7.261920e+000  -8.027498e+000  -8.413115e+000  -8.608133e+000  -0.000000e+000  -0.000000e+000  
-0.000000e+000  -0.000000e+000  -0.000000e+000  -0.000000e+000  -0.000000e+000  -0.000000e+000  -0.000000e+000  -0.000000e+000  -0.000000e+000  -0.000000e+000  -0.000000e+000  -0.000000e+000  -0.000000e+000  -0.000000e+000  -0.000000e+000  -0.000000e+000  -0.000000e+000  
-0.000000e+000  -0.000000e+000  -0.000000e+000  -0.000000e+000  -0.000000e+000  -0.000000e+000  -0.000000e+000  -0.000000e+000  -0.000000e+000  -0.000000e+000  -0.000000e+000  -0.000000e+000  -0.000000e+000  -0.000000e+000  -0.000000e+000  -0.000000e+000  -0.000000e+000  

