Port monitor named: Port2_e3[7.5].prt

nx        = 17
ny        = 16
nz        = 52

nu        = 17
nv        = 16
iu        = 1
iv        = 1

idir      = 2
dcut      = -5.000000e-002
icut      = 1
type      = 0
frequency = 7.500000e+009

fcutoff   = 1.120980e+010
alpha     = 1.743378e+002
beta      = 0.000000e+000
accuracy  = 1.507542e-010

type          = UNDEF
wave imp.     = 3.387902e+002
wave imp.sig. = 3.334103e+002
line imp.     = 0.000000e+000

ref. port     = 0

0.000000e+000  0.000000e+000  0.000000e+000  0.000000e+000  0.000000e+000  0.000000e+000  0.000000e+000  0.000000e+000  0.000000e+000  0.000000e+000  0.000000e+000  0.000000e+000  0.000000e+000  0.000000e+000  0.000000e+000  0.000000e+000  0.000000e+000  
0.000000e+000  0.000000e+000  0.000000e+000  0.000000e+000  0.000000e+000  0.000000e+000  0.000000e+000  0.000000e+000  0.000000e+000  0.000000e+000  0.000000e+000  0.000000e+000  0.000000e+000  0.000000e+000  0.000000e+000  0.000000e+000  0.000000e+000  
0.000000e+000  -3.939481e+002  -3.850232e+002  -3.673756e+002  -3.323392e+002  -2.624080e+002  -1.666593e+002  -5.712791e+001  5.712791e+001  1.666593e+002  2.624080e+002  3.323392e+002  3.673756e+002  3.850232e+002  3.939481e+002  0.000000e+000  0.000000e+000  
0.000000e+000  -7.769772e+002  -7.593747e+002  -7.245686e+002  -6.554669e+002  -5.175429e+002  -3.286993e+002  -1.126724e+002  1.126724e+002  3.286993e+002  5.175429e+002  6.554669e+002  7.245686e+002  7.593747e+002  7.769772e+002  0.000000e+000  0.000000e+000  
0.000000e+000  -1.138471e+003  -1.112679e+003  -1.061679e+003  -9.604271e+002  -7.583330e+002  -4.816288e+002  -1.650940e+002  1.650940e+002  4.816288e+002  7.583330e+002  9.604271e+002  1.061679e+003  1.112679e+003  1.138471e+003  0.000000e+000  0.000000e+000  
0.000000e+000  -1.674000e+003  -1.636075e+003  -1.561085e+003  -1.412205e+003  -1.115048e+003  -7.081836e+002  -2.427531e+002  2.427531e+002  7.081836e+002  1.115048e+003  1.412205e+003  1.561085e+003  1.636075e+003  1.674000e+003  0.000000e+000  0.000000e+000  
0.000000e+000  -2.123133e+003  -2.075034e+003  -1.979924e+003  -1.791100e+003  -1.414215e+003  -8.981891e+002  -3.078837e+002  3.078837e+002  8.981891e+002  1.414215e+003  1.791100e+003  1.979924e+003  2.075034e+003  2.123133e+003  0.000000e+000  0.000000e+000  
0.000000e+000  -2.359544e+003  -2.306088e+003  -2.200388e+003  -1.990538e+003  -1.571687e+003  -9.982022e+002  -3.421664e+002  3.421664e+002  9.982022e+002  1.571687e+003  1.990538e+003  2.200388e+003  2.306088e+003  2.359544e+003  0.000000e+000  0.000000e+000  
0.000000e+000  -2.359544e+003  -2.306088e+003  -2.200388e+003  -1.990538e+003  -1.571687e+003  -9.982022e+002  -3.421664e+002  3.421664e+002  9.982022e+002  1.571687e+003  1.990538e+003  2.200388e+003  2.306088e+003  2.359544e+003  0.000000e+000  0.000000e+000  
0.000000e+000  -2.123133e+003  -2.075034e+003  -1.979924e+003  -1.791100e+003  -1.414215e+003  -8.981891e+002  -3.078837e+002  3.078837e+002  8.981891e+002  1.414215e+003  1.791100e+003  1.979924e+003  2.075034e+003  2.123133e+003  0.000000e+000  0.000000e+000  
0.000000e+000  -1.674000e+003  -1.636075e+003  -1.561085e+003  -1.412205e+003  -1.115048e+003  -7.081836e+002  -2.427531e+002  2.427531e+002  7.081836e+002  1.115048e+003  1.412205e+003  1.561085e+003  1.636075e+003  1.674000e+003  0.000000e+000  0.000000e+000  
0.000000e+000  -1.138471e+003  -1.112679e+003  -1.061679e+003  -9.604271e+002  -7.583330e+002  -4.816288e+002  -1.650940e+002  1.650940e+002  4.816288e+002  7.583330e+002  9.604271e+002  1.061679e+003  1.112679e+003  1.138471e+003  0.000000e+000  0.000000e+000  
0.000000e+000  -7.769772e+002  -7.593747e+002  -7.245686e+002  -6.554669e+002  -5.175429e+002  -3.286993e+002  -1.126724e+002  1.126724e+002  3.286993e+002  5.175429e+002  6.554669e+002  7.245686e+002  7.593747e+002  7.769772e+002  0.000000e+000  0.000000e+000  
0.000000e+000  -3.939481e+002  -3.850232e+002  -3.673756e+002  -3.323392e+002  -2.624080e+002  -1.666593e+002  -5.712791e+001  5.712791e+001  1.666593e+002  2.624080e+002  3.323392e+002  3.673756e+002  3.850232e+002  3.939481e+002  0.000000e+000  0.000000e+000  
0.000000e+000  0.000000e+000  0.000000e+000  0.000000e+000  0.000000e+000  0.000000e+000  0.000000e+000  0.000000e+000  0.000000e+000  0.000000e+000  0.000000e+000  0.000000e+000  0.000000e+000  0.000000e+000  0.000000e+000  0.000000e+000  0.000000e+000  
0.000000e+000  0.000000e+000  0.000000e+000  0.000000e+000  0.000000e+000  0.000000e+000  0.000000e+000  0.000000e+000  0.000000e+000  0.000000e+000  0.000000e+000  0.000000e+000  0.000000e+000  0.000000e+000  0.000000e+000  0.000000e+000  0.000000e+000  

0.000000e+000  0.000000e+000  0.000000e+000  0.000000e+000  0.000000e+000  0.000000e+000  0.000000e+000  0.000000e+000  0.000000e+000  0.000000e+000  0.000000e+000  0.000000e+000  0.000000e+000  0.000000e+000  0.000000e+000  0.000000e+000  0.000000e+000  
0.000000e+000  0.000000e+000  9.333508e+001  1.845556e+002  2.715951e+002  4.053063e+002  5.240887e+002  5.995293e+002  6.253890e+002  5.995293e+002  5.240887e+002  4.053063e+002  2.715951e+002  1.845556e+002  9.333508e+001  0.000000e+000  0.000000e+000  
0.000000e+000  0.000000e+000  9.074812e+001  1.794403e+002  2.640673e+002  3.940724e+002  5.095626e+002  5.829122e+002  6.080551e+002  5.829122e+002  5.095626e+002  3.940724e+002  2.640673e+002  1.794403e+002  9.074812e+001  0.000000e+000  0.000000e+000  
0.000000e+000  0.000000e+000  8.564590e+001  1.693515e+002  2.492204e+002  3.719161e+002  4.809130e+002  5.501385e+002  5.738679e+002  5.501385e+002  4.809130e+002  3.719161e+002  2.492204e+002  1.693515e+002  8.564590e+001  0.000000e+000  0.000000e+000  
0.000000e+000  0.000000e+000  7.563747e+001  1.495614e+002  2.200970e+002  3.284547e+002  4.247144e+002  4.858504e+002  5.068068e+002  4.858504e+002  4.247144e+002  3.284547e+002  2.200970e+002  1.495614e+002  7.563747e+001  0.000000e+000  0.000000e+000  
0.000000e+000  0.000000e+000  5.596736e+001  1.106668e+002  1.628590e+002  2.430375e+002  3.142642e+002  3.595013e+002  3.750078e+002  3.595013e+002  3.142642e+002  2.430375e+002  1.628590e+002  1.106668e+002  5.596736e+001  0.000000e+000  0.000000e+000  
0.000000e+000  0.000000e+000  2.945950e+001  5.825159e+001  8.572400e+001  1.279275e+002  1.654190e+002  1.892305e+002  1.973926e+002  1.892305e+002  1.654190e+002  1.279275e+002  8.572400e+001  5.825159e+001  2.945950e+001  0.000000e+000  0.000000e+000  
0.000000e+000  0.000000e+000  0.000000e+000  0.000000e+000  1.640959e-008  0.000000e+000  0.000000e+000  0.000000e+000  0.000000e+000  0.000000e+000  -1.638758e-008  0.000000e+000  0.000000e+000  0.000000e+000  0.000000e+000  0.000000e+000  0.000000e+000  
0.000000e+000  0.000000e+000  -2.945950e+001  -5.825159e+001  -8.572400e+001  -1.279275e+002  -1.654190e+002  -1.892305e+002  -1.973926e+002  -1.892305e+002  -1.654190e+002  -1.279275e+002  -8.572400e+001  -5.825159e+001  -2.945950e+001  0.000000e+000  0.000000e+000  
0.000000e+000  0.000000e+000  -5.596736e+001  -1.106668e+002  -1.628590e+002  -2.430375e+002  -3.142642e+002  -3.595013e+002  -3.750078e+002  -3.595013e+002  -3.142642e+002  -2.430375e+002  -1.628590e+002  -1.106668e+002  -5.596736e+001  0.000000e+000  0.000000e+000  
0.000000e+000  0.000000e+000  -7.563747e+001  -1.495614e+002  -2.200970e+002  -3.284547e+002  -4.247144e+002  -4.858504e+002  -5.068068e+002  -4.858504e+002  -4.247144e+002  -3.284547e+002  -2.200970e+002  -1.495614e+002  -7.563747e+001  0.000000e+000  0.000000e+000  
0.000000e+000  0.000000e+000  -8.564590e+001  -1.693515e+002  -2.492204e+002  -3.719161e+002  -4.809130e+002  -5.501385e+002  -5.738679e+002  -5.501385e+002  -4.809130e+002  -3.719161e+002  -2.492204e+002  -1.693515e+002  -8.564590e+001  0.000000e+000  0.000000e+000  
0.000000e+000  0.000000e+000  -9.074812e+001  -1.794403e+002  -2.640673e+002  -3.940724e+002  -5.095626e+002  -5.829122e+002  -6.080551e+002  -5.829122e+002  -5.095626e+002  -3.940724e+002  -2.640673e+002  -1.794403e+002  -9.074812e+001  0.000000e+000  0.000000e+000  
0.000000e+000  0.000000e+000  -9.333508e+001  -1.845556e+002  -2.715951e+002  -4.053063e+002  -5.240887e+002  -5.995293e+002  -6.253890e+002  -5.995293e+002  -5.240887e+002  -4.053063e+002  -2.715951e+002  -1.845556e+002  -9.333508e+001  0.000000e+000  0.000000e+000  
0.000000e+000  0.000000e+000  0.000000e+000  0.000000e+000  0.000000e+000  0.000000e+000  0.000000e+000  0.000000e+000  0.000000e+000  0.000000e+000  0.000000e+000  0.000000e+000  0.000000e+000  0.000000e+000  0.000000e+000  0.000000e+000  0.000000e+000  
0.000000e+000  0.000000e+000  0.000000e+000  0.000000e+000  0.000000e+000  0.000000e+000  0.000000e+000  0.000000e+000  0.000000e+000  0.000000e+000  0.000000e+000  0.000000e+000  0.000000e+000  0.000000e+000  0.000000e+000  0.000000e+000  0.000000e+000  

0.000000e+000  0.000000e+000  0.000000e+000  0.000000e+000  0.000000e+000  0.000000e+000  0.000000e+000  0.000000e+000  0.000000e+000  0.000000e+000  0.000000e+000  0.000000e+000  0.000000e+000  0.000000e+000  0.000000e+000  0.000000e+000  0.000000e+000  
0.000000e+000  0.000000e+000  0.000000e+000  0.000000e+000  0.000000e+000  0.000000e+000  0.000000e+000  0.000000e+000  0.000000e+000  0.000000e+000  0.000000e+000  0.000000e+000  0.000000e+000  0.000000e+000  0.000000e+000  0.000000e+000  0.000000e+000  
0.000000e+000  0.000000e+000  3.784544e+001  7.483349e+001  1.101262e+002  1.643433e+002  2.125071e+002  2.430967e+002  2.535823e+002  2.430967e+002  2.125071e+002  1.643433e+002  1.101262e+002  7.483349e+001  3.784544e+001  0.000000e+000  0.000000e+000  
0.000000e+000  0.000000e+000  7.464192e+001  1.475928e+002  2.172000e+002  3.241315e+002  4.191242e+002  4.794555e+002  5.001360e+002  4.794555e+002  4.191242e+002  3.241315e+002  2.172000e+002  1.475928e+002  7.464192e+001  0.000000e+000  0.000000e+000  
0.000000e+000  0.000000e+000  1.093696e+002  2.162614e+002  3.182537e+002  4.749358e+002  6.141245e+002  7.025253e+002  7.328275e+002  7.025253e+002  6.141245e+002  4.749358e+002  3.182537e+002  2.162614e+002  1.093696e+002  0.000000e+000  0.000000e+000  
0.000000e+000  0.000000e+000  1.608162e+002  3.179892e+002  4.679581e+002  6.983423e+002  9.030043e+002  1.032988e+003  1.077544e+003  1.032988e+003  9.030043e+002  6.983423e+002  4.679581e+002  3.179892e+002  1.608162e+002  0.000000e+000  0.000000e+000  
0.000000e+000  0.000000e+000  2.039632e+002  4.033056e+002  5.935112e+002  8.857074e+002  1.145280e+003  1.310139e+003  1.366649e+003  1.310139e+003  1.145280e+003  8.857074e+002  5.935112e+002  4.033056e+002  2.039632e+002  0.000000e+000  0.000000e+000  
0.000000e+000  0.000000e+000  2.266745e+002  4.482136e+002  6.595985e+002  9.843307e+002  1.272807e+003  1.456022e+003  1.518825e+003  1.456022e+003  1.272807e+003  9.843307e+002  6.595985e+002  4.482136e+002  2.266745e+002  0.000000e+000  0.000000e+000  
0.000000e+000  0.000000e+000  2.266745e+002  4.482136e+002  6.595985e+002  9.843307e+002  1.272807e+003  1.456022e+003  1.518825e+003  1.456022e+003  1.272807e+003  9.843307e+002  6.595985e+002  4.482136e+002  2.266745e+002  0.000000e+000  0.000000e+000  
0.000000e+000  0.000000e+000  2.039632e+002  4.033056e+002  5.935112e+002  8.857074e+002  1.145280e+003  1.310139e+003  1.366649e+003  1.310139e+003  1.145280e+003  8.857074e+002  5.935112e+002  4.033056e+002  2.039632e+002  0.000000e+000  0.000000e+000  
0.000000e+000  0.000000e+000  1.608162e+002  3.179892e+002  4.679581e+002  6.983423e+002  9.030043e+002  1.032988e+003  1.077544e+003  1.032988e+003  9.030043e+002  6.983423e+002  4.679581e+002  3.179892e+002  1.608162e+002  0.000000e+000  0.000000e+000  
0.000000e+000  0.000000e+000  1.093696e+002  2.162614e+002  3.182537e+002  4.749358e+002  6.141245e+002  7.025253e+002  7.328275e+002  7.025253e+002  6.141245e+002  4.749358e+002  3.182537e+002  2.162614e+002  1.093696e+002  0.000000e+000  0.000000e+000  
0.000000e+000  0.000000e+000  7.464192e+001  1.475928e+002  2.172000e+002  3.241315e+002  4.191242e+002  4.794555e+002  5.001360e+002  4.794555e+002  4.191242e+002  3.241315e+002  2.172000e+002  1.475928e+002  7.464192e+001  0.000000e+000  0.000000e+000  
0.000000e+000  0.000000e+000  3.784544e+001  7.483349e+001  1.101262e+002  1.643433e+002  2.125071e+002  2.430967e+002  2.535823e+002  2.430967e+002  2.125071e+002  1.643433e+002  1.101262e+002  7.483349e+001  3.784544e+001  0.000000e+000  0.000000e+000  
0.000000e+000  0.000000e+000  0.000000e+000  0.000000e+000  0.000000e+000  0.000000e+000  0.000000e+000  0.000000e+000  0.000000e+000  0.000000e+000  0.000000e+000  0.000000e+000  0.000000e+000  0.000000e+000  0.000000e+000  0.000000e+000  0.000000e+000  
0.000000e+000  0.000000e+000  0.000000e+000  0.000000e+000  0.000000e+000  0.000000e+000  0.000000e+000  0.000000e+000  0.000000e+000  0.000000e+000  0.000000e+000  0.000000e+000  0.000000e+000  0.000000e+000  0.000000e+000  0.000000e+000  0.000000e+000  

0.000000e+000  0.000000e+000  0.000000e+000  0.000000e+000  0.000000e+000  0.000000e+000  0.000000e+000  0.000000e+000  0.000000e+000  0.000000e+000  0.000000e+000  0.000000e+000  0.000000e+000  0.000000e+000  0.000000e+000  0.000000e+000  0.000000e+000  
0.000000e+000  0.000000e+000  0.000000e+000  0.000000e+000  0.000000e+000  0.000000e+000  0.000000e+000  0.000000e+000  0.000000e+000  0.000000e+000  0.000000e+000  0.000000e+000  0.000000e+000  0.000000e+000  0.000000e+000  0.000000e+000  0.000000e+000  
0.000000e+000  0.000000e+000  0.000000e+000  0.000000e+000  0.000000e+000  0.000000e+000  0.000000e+000  0.000000e+000  0.000000e+000  0.000000e+000  0.000000e+000  0.000000e+000  0.000000e+000  0.000000e+000  0.000000e+000  0.000000e+000  0.000000e+000  
0.000000e+000  0.000000e+000  0.000000e+000  0.000000e+000  0.000000e+000  0.000000e+000  0.000000e+000  0.000000e+000  0.000000e+000  0.000000e+000  0.000000e+000  0.000000e+000  0.000000e+000  0.000000e+000  0.000000e+000  0.000000e+000  0.000000e+000  
0.000000e+000  0.000000e+000  0.000000e+000  0.000000e+000  0.000000e+000  0.000000e+000  0.000000e+000  0.000000e+000  0.000000e+000  0.000000e+000  0.000000e+000  0.000000e+000  0.000000e+000  0.000000e+000  0.000000e+000  0.000000e+000  0.000000e+000  
0.000000e+000  0.000000e+000  0.000000e+000  0.000000e+000  0.000000e+000  0.000000e+000  0.000000e+000  0.000000e+000  0.000000e+000  0.000000e+000  0.000000e+000  0.000000e+000  0.000000e+000  0.000000e+000  0.000000e+000  0.000000e+000  0.000000e+000  
0.000000e+000  0.000000e+000  0.000000e+000  0.000000e+000  0.000000e+000  0.000000e+000  0.000000e+000  0.000000e+000  0.000000e+000  0.000000e+000  0.000000e+000  0.000000e+000  0.000000e+000  0.000000e+000  0.000000e+000  0.000000e+000  0.000000e+000  
0.000000e+000  0.000000e+000  0.000000e+000  0.000000e+000  0.000000e+000  0.000000e+000  0.000000e+000  0.000000e+000  0.000000e+000  0.000000e+000  0.000000e+000  0.000000e+000  0.000000e+000  0.000000e+000  0.000000e+000  0.000000e+000  0.000000e+000  
0.000000e+000  0.000000e+000  0.000000e+000  0.000000e+000  0.000000e+000  0.000000e+000  0.000000e+000  0.000000e+000  0.000000e+000  0.000000e+000  0.000000e+000  0.000000e+000  0.000000e+000  0.000000e+000  0.000000e+000  0.000000e+000  0.000000e+000  
0.000000e+000  0.000000e+000  0.000000e+000  0.000000e+000  0.000000e+000  0.000000e+000  0.000000e+000  0.000000e+000  0.000000e+000  0.000000e+000  0.000000e+000  0.000000e+000  0.000000e+000  0.000000e+000  0.000000e+000  0.000000e+000  0.000000e+000  
0.000000e+000  0.000000e+000  0.000000e+000  0.000000e+000  0.000000e+000  0.000000e+000  0.000000e+000  0.000000e+000  0.000000e+000  0.000000e+000  0.000000e+000  0.000000e+000  0.000000e+000  0.000000e+000  0.000000e+000  0.000000e+000  0.000000e+000  
0.000000e+000  0.000000e+000  0.000000e+000  0.000000e+000  0.000000e+000  0.000000e+000  0.000000e+000  0.000000e+000  0.000000e+000  0.000000e+000  0.000000e+000  0.000000e+000  0.000000e+000  0.000000e+000  0.000000e+000  0.000000e+000  0.000000e+000  
0.000000e+000  0.000000e+000  0.000000e+000  0.000000e+000  0.000000e+000  0.000000e+000  0.000000e+000  0.000000e+000  0.000000e+000  0.000000e+000  0.000000e+000  0.000000e+000  0.000000e+000  0.000000e+000  0.000000e+000  0.000000e+000  0.000000e+000  
0.000000e+000  0.000000e+000  0.000000e+000  0.000000e+000  0.000000e+000  0.000000e+000  0.000000e+000  0.000000e+000  0.000000e+000  0.000000e+000  0.000000e+000  0.000000e+000  0.000000e+000  0.000000e+000  0.000000e+000  0.000000e+000  0.000000e+000  
0.000000e+000  0.000000e+000  0.000000e+000  0.000000e+000  0.000000e+000  0.000000e+000  0.000000e+000  0.000000e+000  0.000000e+000  0.000000e+000  0.000000e+000  0.000000e+000  0.000000e+000  0.000000e+000  0.000000e+000  0.000000e+000  0.000000e+000  
0.000000e+000  0.000000e+000  0.000000e+000  0.000000e+000  0.000000e+000  0.000000e+000  0.000000e+000  0.000000e+000  0.000000e+000  0.000000e+000  0.000000e+000  0.000000e+000  0.000000e+000  0.000000e+000  0.000000e+000  0.000000e+000  0.000000e+000  

0.000000e+000  0.000000e+000  0.000000e+000  0.000000e+000  0.000000e+000  0.000000e+000  0.000000e+000  0.000000e+000  0.000000e+000  0.000000e+000  0.000000e+000  0.000000e+000  0.000000e+000  0.000000e+000  0.000000e+000  0.000000e+000  0.000000e+000  
0.000000e+000  0.000000e+000  0.000000e+000  0.000000e+000  0.000000e+000  0.000000e+000  0.000000e+000  0.000000e+000  0.000000e+000  0.000000e+000  0.000000e+000  0.000000e+000  0.000000e+000  0.000000e+000  0.000000e+000  0.000000e+000  0.000000e+000  
0.000000e+000  0.000000e+000  0.000000e+000  0.000000e+000  0.000000e+000  0.000000e+000  0.000000e+000  0.000000e+000  0.000000e+000  0.000000e+000  0.000000e+000  0.000000e+000  0.000000e+000  0.000000e+000  0.000000e+000  0.000000e+000  0.000000e+000  
0.000000e+000  0.000000e+000  0.000000e+000  0.000000e+000  0.000000e+000  0.000000e+000  0.000000e+000  0.000000e+000  0.000000e+000  0.000000e+000  0.000000e+000  0.000000e+000  0.000000e+000  0.000000e+000  0.000000e+000  0.000000e+000  0.000000e+000  
0.000000e+000  0.000000e+000  0.000000e+000  0.000000e+000  0.000000e+000  0.000000e+000  0.000000e+000  0.000000e+000  0.000000e+000  0.000000e+000  0.000000e+000  0.000000e+000  0.000000e+000  0.000000e+000  0.000000e+000  0.000000e+000  0.000000e+000  
0.000000e+000  0.000000e+000  0.000000e+000  0.000000e+000  0.000000e+000  0.000000e+000  0.000000e+000  0.000000e+000  0.000000e+000  0.000000e+000  0.000000e+000  0.000000e+000  0.000000e+000  0.000000e+000  0.000000e+000  0.000000e+000  0.000000e+000  
0.000000e+000  0.000000e+000  0.000000e+000  0.000000e+000  0.000000e+000  0.000000e+000  0.000000e+000  0.000000e+000  0.000000e+000  0.000000e+000  0.000000e+000  0.000000e+000  0.000000e+000  0.000000e+000  0.000000e+000  0.000000e+000  0.000000e+000  
0.000000e+000  0.000000e+000  0.000000e+000  0.000000e+000  0.000000e+000  0.000000e+000  0.000000e+000  0.000000e+000  0.000000e+000  0.000000e+000  0.000000e+000  0.000000e+000  0.000000e+000  0.000000e+000  0.000000e+000  0.000000e+000  0.000000e+000  
0.000000e+000  0.000000e+000  0.000000e+000  0.000000e+000  0.000000e+000  0.000000e+000  0.000000e+000  0.000000e+000  0.000000e+000  0.000000e+000  0.000000e+000  0.000000e+000  0.000000e+000  0.000000e+000  0.000000e+000  0.000000e+000  0.000000e+000  
0.000000e+000  0.000000e+000  0.000000e+000  0.000000e+000  0.000000e+000  0.000000e+000  0.000000e+000  0.000000e+000  0.000000e+000  0.000000e+000  0.000000e+000  0.000000e+000  0.000000e+000  0.000000e+000  0.000000e+000  0.000000e+000  0.000000e+000  
0.000000e+000  0.000000e+000  0.000000e+000  0.000000e+000  0.000000e+000  0.000000e+000  0.000000e+000  0.000000e+000  0.000000e+000  0.000000e+000  0.000000e+000  0.000000e+000  0.000000e+000  0.000000e+000  0.000000e+000  0.000000e+000  0.000000e+000  
0.000000e+000  0.000000e+000  0.000000e+000  0.000000e+000  0.000000e+000  0.000000e+000  0.000000e+000  0.000000e+000  0.000000e+000  0.000000e+000  0.000000e+000  0.000000e+000  0.000000e+000  0.000000e+000  0.000000e+000  0.000000e+000  0.000000e+000  
0.000000e+000  0.000000e+000  0.000000e+000  0.000000e+000  0.000000e+000  0.000000e+000  0.000000e+000  0.000000e+000  0.000000e+000  0.000000e+000  0.000000e+000  0.000000e+000  0.000000e+000  0.000000e+000  0.000000e+000  0.000000e+000  0.000000e+000  
0.000000e+000  0.000000e+000  0.000000e+000  0.000000e+000  0.000000e+000  0.000000e+000  0.000000e+000  0.000000e+000  0.000000e+000  0.000000e+000  0.000000e+000  0.000000e+000  0.000000e+000  0.000000e+000  0.000000e+000  0.000000e+000  0.000000e+000  
0.000000e+000  0.000000e+000  0.000000e+000  0.000000e+000  0.000000e+000  0.000000e+000  0.000000e+000  0.000000e+000  0.000000e+000  0.000000e+000  0.000000e+000  0.000000e+000  0.000000e+000  0.000000e+000  0.000000e+000  0.000000e+000  0.000000e+000  
0.000000e+000  0.000000e+000  0.000000e+000  0.000000e+000  0.000000e+000  0.000000e+000  0.000000e+000  0.000000e+000  0.000000e+000  0.000000e+000  0.000000e+000  0.000000e+000  0.000000e+000  0.000000e+000  0.000000e+000  0.000000e+000  0.000000e+000  

0.000000e+000  0.000000e+000  0.000000e+000  0.000000e+000  0.000000e+000  0.000000e+000  0.000000e+000  0.000000e+000  0.000000e+000  0.000000e+000  0.000000e+000  0.000000e+000  0.000000e+000  0.000000e+000  0.000000e+000  0.000000e+000  0.000000e+000  
0.000000e+000  0.000000e+000  0.000000e+000  0.000000e+000  0.000000e+000  0.000000e+000  0.000000e+000  0.000000e+000  0.000000e+000  0.000000e+000  0.000000e+000  0.000000e+000  0.000000e+000  0.000000e+000  0.000000e+000  0.000000e+000  0.000000e+000  
0.000000e+000  0.000000e+000  0.000000e+000  0.000000e+000  0.000000e+000  0.000000e+000  0.000000e+000  0.000000e+000  0.000000e+000  0.000000e+000  0.000000e+000  0.000000e+000  0.000000e+000  0.000000e+000  0.000000e+000  0.000000e+000  0.000000e+000  
0.000000e+000  0.000000e+000  0.000000e+000  0.000000e+000  0.000000e+000  0.000000e+000  0.000000e+000  0.000000e+000  0.000000e+000  0.000000e+000  0.000000e+000  0.000000e+000  0.000000e+000  0.000000e+000  0.000000e+000  0.000000e+000  0.000000e+000  
0.000000e+000  0.000000e+000  0.000000e+000  0.000000e+000  0.000000e+000  0.000000e+000  0.000000e+000  0.000000e+000  0.000000e+000  0.000000e+000  0.000000e+000  0.000000e+000  0.000000e+000  0.000000e+000  0.000000e+000  0.000000e+000  0.000000e+000  
0.000000e+000  0.000000e+000  0.000000e+000  0.000000e+000  0.000000e+000  0.000000e+000  0.000000e+000  0.000000e+000  0.000000e+000  0.000000e+000  0.000000e+000  0.000000e+000  0.000000e+000  0.000000e+000  0.000000e+000  0.000000e+000  0.000000e+000  
0.000000e+000  0.000000e+000  0.000000e+000  0.000000e+000  0.000000e+000  0.000000e+000  0.000000e+000  0.000000e+000  0.000000e+000  0.000000e+000  0.000000e+000  0.000000e+000  0.000000e+000  0.000000e+000  0.000000e+000  0.000000e+000  0.000000e+000  
0.000000e+000  0.000000e+000  0.000000e+000  0.000000e+000  0.000000e+000  0.000000e+000  0.000000e+000  0.000000e+000  0.000000e+000  0.000000e+000  0.000000e+000  0.000000e+000  0.000000e+000  0.000000e+000  0.000000e+000  0.000000e+000  0.000000e+000  
0.000000e+000  0.000000e+000  0.000000e+000  0.000000e+000  0.000000e+000  0.000000e+000  0.000000e+000  0.000000e+000  0.000000e+000  0.000000e+000  0.000000e+000  0.000000e+000  0.000000e+000  0.000000e+000  0.000000e+000  0.000000e+000  0.000000e+000  
0.000000e+000  0.000000e+000  0.000000e+000  0.000000e+000  0.000000e+000  0.000000e+000  0.000000e+000  0.000000e+000  0.000000e+000  0.000000e+000  0.000000e+000  0.000000e+000  0.000000e+000  0.000000e+000  0.000000e+000  0.000000e+000  0.000000e+000  
0.000000e+000  0.000000e+000  0.000000e+000  0.000000e+000  0.000000e+000  0.000000e+000  0.000000e+000  0.000000e+000  0.000000e+000  0.000000e+000  0.000000e+000  0.000000e+000  0.000000e+000  0.000000e+000  0.000000e+000  0.000000e+000  0.000000e+000  
0.000000e+000  0.000000e+000  0.000000e+000  0.000000e+000  0.000000e+000  0.000000e+000  0.000000e+000  0.000000e+000  0.000000e+000  0.000000e+000  0.000000e+000  0.000000e+000  0.000000e+000  0.000000e+000  0.000000e+000  0.000000e+000  0.000000e+000  
0.000000e+000  0.000000e+000  0.000000e+000  0.000000e+000  0.000000e+000  0.000000e+000  0.000000e+000  0.000000e+000  0.000000e+000  0.000000e+000  0.000000e+000  0.000000e+000  0.000000e+000  0.000000e+000  0.000000e+000  0.000000e+000  0.000000e+000  
0.000000e+000  0.000000e+000  0.000000e+000  0.000000e+000  0.000000e+000  0.000000e+000  0.000000e+000  0.000000e+000  0.000000e+000  0.000000e+000  0.000000e+000  0.000000e+000  0.000000e+000  0.000000e+000  0.000000e+000  0.000000e+000  0.000000e+000  
0.000000e+000  0.000000e+000  0.000000e+000  0.000000e+000  0.000000e+000  0.000000e+000  0.000000e+000  0.000000e+000  0.000000e+000  0.000000e+000  0.000000e+000  0.000000e+000  0.000000e+000  0.000000e+000  0.000000e+000  0.000000e+000  0.000000e+000  
0.000000e+000  0.000000e+000  0.000000e+000  0.000000e+000  0.000000e+000  0.000000e+000  0.000000e+000  0.000000e+000  0.000000e+000  0.000000e+000  0.000000e+000  0.000000e+000  0.000000e+000  0.000000e+000  0.000000e+000  0.000000e+000  0.000000e+000  

