Port monitor named: Port2_e2.prt

nx        = 17
ny        = 16
nz        = 3

nu        = 17
nv        = 16
iu        = 1
iv        = 1

idir      = 2
dcut      = -5.000000e-002
icut      = 1
type      = 0
frequency = 7.500000e+009

fcutoff   = 8.327958e+009
alpha     = 7.579969e+001
beta      = 0.000000e+000
accuracy  = 8.760023e-012

type          = TE
wave imp.     = 7.812383e+002
wave imp.sig. = 1.956049e-005
line imp.     = 0.000000e+000

ref. port     = 0

-0.000000e+000  -0.000000e+000  -0.000000e+000  -0.000000e+000  -0.000000e+000  -0.000000e+000  -0.000000e+000  -0.000000e+000  -0.000000e+000  -0.000000e+000  -0.000000e+000  -0.000000e+000  -0.000000e+000  -0.000000e+000  -0.000000e+000  -0.000000e+000  -0.000000e+000  
-0.000000e+000  -0.000000e+000  -0.000000e+000  -0.000000e+000  -0.000000e+000  -0.000000e+000  -0.000000e+000  -0.000000e+000  -0.000000e+000  -0.000000e+000  -0.000000e+000  -0.000000e+000  -0.000000e+000  -0.000000e+000  -0.000000e+000  -0.000000e+000  -0.000000e+000  
-0.000000e+000  3.451340e+002  3.451340e+002  3.451340e+002  3.451340e+002  3.451340e+002  3.451340e+002  3.451340e+002  3.451340e+002  3.451340e+002  3.451340e+002  3.451340e+002  3.451340e+002  3.451340e+002  3.451340e+002  -0.000000e+000  -0.000000e+000  
-0.000000e+000  6.807020e+002  6.807020e+002  6.807020e+002  6.807020e+002  6.807020e+002  6.807020e+002  6.807020e+002  6.807020e+002  6.807020e+002  6.807020e+002  6.807020e+002  6.807020e+002  6.807020e+002  6.807020e+002  -0.000000e+000  -0.000000e+000  
-0.000000e+000  9.974030e+002  9.974030e+002  9.974030e+002  9.974030e+002  9.974029e+002  9.974029e+002  9.974029e+002  9.974029e+002  9.974029e+002  9.974029e+002  9.974030e+002  9.974030e+002  9.974030e+002  9.974030e+002  -0.000000e+000  -0.000000e+000  
-0.000000e+000  1.466574e+003  1.466574e+003  1.466574e+003  1.466574e+003  1.466574e+003  1.466574e+003  1.466574e+003  1.466574e+003  1.466574e+003  1.466574e+003  1.466574e+003  1.466574e+003  1.466574e+003  1.466574e+003  -0.000000e+000  -0.000000e+000  
-0.000000e+000  1.860056e+003  1.860056e+003  1.860056e+003  1.860056e+003  1.860056e+003  1.860056e+003  1.860056e+003  1.860056e+003  1.860056e+003  1.860056e+003  1.860056e+003  1.860056e+003  1.860056e+003  1.860056e+003  -0.000000e+000  -0.000000e+000  
-0.000000e+000  2.067173e+003  2.067173e+003  2.067173e+003  2.067173e+003  2.067173e+003  2.067173e+003  2.067173e+003  2.067173e+003  2.067173e+003  2.067173e+003  2.067173e+003  2.067173e+003  2.067173e+003  2.067173e+003  -0.000000e+000  -0.000000e+000  
-0.000000e+000  2.067173e+003  2.067173e+003  2.067173e+003  2.067173e+003  2.067173e+003  2.067173e+003  2.067173e+003  2.067173e+003  2.067173e+003  2.067173e+003  2.067173e+003  2.067173e+003  2.067173e+003  2.067173e+003  -0.000000e+000  -0.000000e+000  
-0.000000e+000  1.860056e+003  1.860056e+003  1.860056e+003  1.860056e+003  1.860056e+003  1.860056e+003  1.860056e+003  1.860056e+003  1.860056e+003  1.860056e+003  1.860056e+003  1.860056e+003  1.860056e+003  1.860056e+003  -0.000000e+000  -0.000000e+000  
-0.000000e+000  1.466574e+003  1.466574e+003  1.466574e+003  1.466574e+003  1.466574e+003  1.466574e+003  1.466574e+003  1.466574e+003  1.466574e+003  1.466574e+003  1.466574e+003  1.466574e+003  1.466574e+003  1.466574e+003  -0.000000e+000  -0.000000e+000  
-0.000000e+000  9.974030e+002  9.974030e+002  9.974030e+002  9.974030e+002  9.974029e+002  9.974029e+002  9.974029e+002  9.974029e+002  9.974029e+002  9.974029e+002  9.974030e+002  9.974030e+002  9.974030e+002  9.974030e+002  -0.000000e+000  -0.000000e+000  
-0.000000e+000  6.807020e+002  6.807020e+002  6.807020e+002  6.807020e+002  6.807020e+002  6.807020e+002  6.807020e+002  6.807020e+002  6.807020e+002  6.807020e+002  6.807020e+002  6.807020e+002  6.807020e+002  6.807020e+002  -0.000000e+000  -0.000000e+000  
-0.000000e+000  3.451340e+002  3.451340e+002  3.451340e+002  3.451340e+002  3.451340e+002  3.451340e+002  3.451340e+002  3.451340e+002  3.451340e+002  3.451340e+002  3.451340e+002  3.451340e+002  3.451340e+002  3.451340e+002  -0.000000e+000  -0.000000e+000  
-0.000000e+000  -0.000000e+000  -0.000000e+000  -0.000000e+000  -0.000000e+000  -0.000000e+000  -0.000000e+000  -0.000000e+000  -0.000000e+000  -0.000000e+000  -0.000000e+000  -0.000000e+000  -0.000000e+000  -0.000000e+000  -0.000000e+000  -0.000000e+000  -0.000000e+000  
-0.000000e+000  -0.000000e+000  -0.000000e+000  -0.000000e+000  -0.000000e+000  -0.000000e+000  -0.000000e+000  -0.000000e+000  -0.000000e+000  -0.000000e+000  -0.000000e+000  -0.000000e+000  -0.000000e+000  -0.000000e+000  -0.000000e+000  -0.000000e+000  -0.000000e+000  

-0.000000e+000  -0.000000e+000  -0.000000e+000  -0.000000e+000  -0.000000e+000  -0.000000e+000  -0.000000e+000  -0.000000e+000  -0.000000e+000  -0.000000e+000  -0.000000e+000  -0.000000e+000  -0.000000e+000  -0.000000e+000  -0.000000e+000  -0.000000e+000  -0.000000e+000  
-0.000000e+000  -0.000000e+000  9.756198e-006  2.006825e-005  3.245102e-005  5.467015e-005  3.771788e-005  1.946520e-005  -0.000000e+000  -1.946783e-005  -3.771902e-005  -5.466994e-005  -3.245176e-005  -2.006869e-005  -9.755852e-006  -0.000000e+000  -0.000000e+000  
-0.000000e+000  -0.000000e+000  8.932634e-006  1.746324e-005  2.655108e-005  5.140124e-005  3.702626e-005  1.925553e-005  -0.000000e+000  -1.925872e-005  -3.702847e-005  -5.140254e-005  -2.655209e-005  -1.746347e-005  -8.934790e-006  -0.000000e+000  -0.000000e+000  
-0.000000e+000  -0.000000e+000  8.273476e-006  1.380887e-005  1.148595e-005  4.544754e-005  3.622972e-005  1.891576e-005  -0.000000e+000  -1.891804e-005  -3.623091e-005  -4.544737e-005  -1.148573e-005  -1.380940e-005  -8.272110e-006  -0.000000e+000  -0.000000e+000  
-0.000000e+000  -0.000000e+000  1.070398e-005  1.883858e-005  1.950123e-005  5.464954e-005  3.676085e-005  1.834226e-005  -0.000000e+000  -1.834388e-005  -3.676353e-005  -5.465024e-005  -1.950192e-005  -1.883982e-005  -1.070401e-005  -0.000000e+000  -0.000000e+000  
-0.000000e+000  -0.000000e+000  2.070762e-005  4.621505e-005  8.454569e-005  6.383561e-005  3.484924e-005  1.598757e-005  -0.000000e+000  -1.598907e-005  -3.484969e-005  -6.383684e-005  -8.454627e-005  -4.621493e-005  -2.070652e-005  -0.000000e+000  -0.000000e+000  
-0.000000e+000  -0.000000e+000  1.206526e-005  2.474787e-005  3.765537e-005  3.174833e-005  1.939141e-005  9.066278e-006  -0.000000e+000  -9.066811e-006  -1.939285e-005  -3.174940e-005  -3.765632e-005  -2.474856e-005  -1.206487e-005  -0.000000e+000  -0.000000e+000  
-0.000000e+000  -0.000000e+000  -0.000000e+000  -0.000000e+000  -0.000000e+000  -0.000000e+000  -0.000000e+000  -0.000000e+000  -0.000000e+000  -0.000000e+000  -0.000000e+000  -0.000000e+000  -0.000000e+000  -0.000000e+000  -0.000000e+000  -0.000000e+000  -0.000000e+000  
-0.000000e+000  -0.000000e+000  -1.206490e-005  -2.474894e-005  -3.765637e-005  -3.174946e-005  -1.939334e-005  -9.067647e-006  -0.000000e+000  9.064890e-006  1.939214e-005  3.174775e-005  3.765574e-005  2.474868e-005  1.206581e-005  -0.000000e+000  -0.000000e+000  
-0.000000e+000  -0.000000e+000  -2.070662e-005  -4.621518e-005  -8.454618e-005  -6.383652e-005  -3.485086e-005  -1.598935e-005  -0.000000e+000  1.598822e-005  3.484986e-005  6.383445e-005  8.454501e-005  4.621499e-005  2.070751e-005  -0.000000e+000  -0.000000e+000  
-0.000000e+000  -0.000000e+000  -1.070432e-005  -1.883887e-005  -1.950105e-005  -5.464829e-005  -3.676431e-005  -1.834450e-005  -0.000000e+000  1.834354e-005  3.676245e-005  5.464834e-005  1.950035e-005  1.883903e-005  1.070474e-005  -0.000000e+000  -0.000000e+000  
-0.000000e+000  -0.000000e+000  -8.273137e-006  -1.381091e-005  -1.148559e-005  -4.544743e-005  -3.623280e-005  -1.891821e-005  -0.000000e+000  1.891778e-005  3.623130e-005  4.544690e-005  1.148484e-005  1.380955e-005  8.272866e-006  -0.000000e+000  -0.000000e+000  
-0.000000e+000  -0.000000e+000  -8.935145e-006  -1.746025e-005  -2.655113e-005  -5.140044e-005  -3.702972e-005  -1.925778e-005  -0.000000e+000  1.925848e-005  3.702782e-005  5.139976e-005  2.654862e-005  1.745989e-005  8.935165e-006  -0.000000e+000  -0.000000e+000  
-0.000000e+000  -0.000000e+000  -9.757059e-006  -2.006892e-005  -3.245089e-005  -5.467106e-005  -3.772249e-005  -1.946805e-005  -0.000000e+000  1.946688e-005  3.771977e-005  5.466815e-005  3.244833e-005  2.006754e-005  9.756181e-006  -0.000000e+000  -0.000000e+000  
-0.000000e+000  -0.000000e+000  -0.000000e+000  -0.000000e+000  -0.000000e+000  -0.000000e+000  -0.000000e+000  -0.000000e+000  -0.000000e+000  -0.000000e+000  -0.000000e+000  -0.000000e+000  -0.000000e+000  -0.000000e+000  -0.000000e+000  -0.000000e+000  -0.000000e+000  
-0.000000e+000  -0.000000e+000  -0.000000e+000  -0.000000e+000  -0.000000e+000  -0.000000e+000  -0.000000e+000  -0.000000e+000  -0.000000e+000  -0.000000e+000  -0.000000e+000  -0.000000e+000  -0.000000e+000  -0.000000e+000  -0.000000e+000  -0.000000e+000  -0.000000e+000  

-0.000000e+000  -0.000000e+000  -0.000000e+000  -0.000000e+000  -0.000000e+000  -0.000000e+000  -0.000000e+000  -0.000000e+000  -0.000000e+000  -0.000000e+000  -0.000000e+000  -0.000000e+000  -0.000000e+000  -0.000000e+000  -0.000000e+000  -0.000000e+000  -0.000000e+000  
-0.000000e+000  -0.000000e+000  -0.000000e+000  -0.000000e+000  -0.000000e+000  -0.000000e+000  -0.000000e+000  -0.000000e+000  -0.000000e+000  -0.000000e+000  -0.000000e+000  -0.000000e+000  -0.000000e+000  -0.000000e+000  -0.000000e+000  -0.000000e+000  -0.000000e+000  
-0.000000e+000  -0.000000e+000  -1.686495e-006  -3.290112e-006  -5.261656e-006  -5.528922e-006  -3.715405e-006  -1.929150e-006  -0.000000e+000  1.916769e-006  3.700624e-006  5.509896e-006  5.255905e-006  3.257250e-006  1.693517e-006  -0.000000e+000  -0.000000e+000  
-0.000000e+000  -0.000000e+000  -3.112016e-006  -6.461038e-006  -9.823903e-006  -1.051584e-005  -7.347278e-006  -3.848748e-006  -0.000000e+000  3.857750e-006  7.358638e-006  1.053119e-005  9.828947e-006  6.460100e-006  3.150751e-006  -0.000000e+000  -0.000000e+000  
-0.000000e+000  -0.000000e+000  -4.635896e-006  -9.010275e-006  -1.289281e-005  -1.436131e-005  -1.087002e-005  -5.746966e-006  -0.000000e+000  5.752285e-006  1.085250e-005  1.435792e-005  1.290158e-005  8.972815e-006  4.622051e-006  -0.000000e+000  -0.000000e+000  
-0.000000e+000  -0.000000e+000  -7.180704e-006  -1.404127e-005  -1.996398e-005  -2.187933e-005  -1.705861e-005  -8.976634e-006  -0.000000e+000  8.981467e-006  1.707017e-005  2.188098e-005  1.997602e-005  1.401999e-005  7.213094e-006  -0.000000e+000  -0.000000e+000  
-0.000000e+000  -0.000000e+000  -1.068374e-005  -2.148603e-005  -3.260737e-005  -3.945639e-005  -2.548190e-005  -1.262277e-005  -0.000000e+000  1.262652e-005  2.548405e-005  3.947473e-005  3.261135e-005  2.146975e-005  1.066620e-005  -0.000000e+000  -0.000000e+000  
-0.000000e+000  -0.000000e+000  -1.268331e-005  -2.558331e-005  -3.890550e-005  -4.750686e-005  -3.024620e-005  -1.478596e-005  -0.000000e+000  1.478697e-005  3.025706e-005  4.752131e-005  3.891838e-005  2.560211e-005  1.267070e-005  -0.000000e+000  -0.000000e+000  
-0.000000e+000  -0.000000e+000  -1.268899e-005  -2.560104e-005  -3.891866e-005  -4.751226e-005  -3.026508e-005  -1.479323e-005  -0.000000e+000  1.476894e-005  3.025348e-005  4.750911e-005  3.889836e-005  2.561070e-005  1.267728e-005  -0.000000e+000  -0.000000e+000  
-0.000000e+000  -0.000000e+000  -1.068248e-005  -2.146912e-005  -3.260585e-005  -3.946925e-005  -2.548240e-005  -1.262024e-005  -9.911140e-009  1.264231e-005  2.547803e-005  3.946119e-005  3.258449e-005  2.150218e-005  1.067402e-005  -0.000000e+000  -0.000000e+000  
-0.000000e+000  -0.000000e+000  -7.193223e-006  -1.403439e-005  -1.997565e-005  -2.187184e-005  -1.706293e-005  -8.980643e-006  -0.000000e+000  8.983619e-006  1.706138e-005  2.188966e-005  1.995820e-005  1.404822e-005  7.205081e-006  -0.000000e+000  -0.000000e+000  
-0.000000e+000  -0.000000e+000  -4.627149e-006  -8.982457e-006  -1.291813e-005  -1.436754e-005  -1.086384e-005  -5.749423e-006  -0.000000e+000  5.753923e-006  1.087445e-005  1.437206e-005  1.289718e-005  8.978401e-006  4.660170e-006  -0.000000e+000  -0.000000e+000  
-0.000000e+000  -0.000000e+000  -3.114869e-006  -6.423897e-006  -9.811328e-006  -1.049834e-005  -7.349558e-006  -3.843564e-006  -8.154900e-009  3.859206e-006  7.352525e-006  1.050139e-005  9.801374e-006  6.430151e-006  3.124613e-006  -0.000000e+000  -0.000000e+000  
-0.000000e+000  -0.000000e+000  -1.677153e-006  -3.324734e-006  -5.253529e-006  -5.552765e-006  -3.737017e-006  -1.935182e-006  -0.000000e+000  1.913806e-006  3.720543e-006  5.520726e-006  5.259402e-006  3.301726e-006  1.673062e-006  -0.000000e+000  -0.000000e+000  
-0.000000e+000  -0.000000e+000  -0.000000e+000  -0.000000e+000  -0.000000e+000  -0.000000e+000  -0.000000e+000  -0.000000e+000  -0.000000e+000  -0.000000e+000  -0.000000e+000  -0.000000e+000  -0.000000e+000  -0.000000e+000  -0.000000e+000  -0.000000e+000  -0.000000e+000  
-0.000000e+000  -0.000000e+000  -0.000000e+000  -0.000000e+000  -0.000000e+000  -0.000000e+000  -0.000000e+000  -0.000000e+000  -0.000000e+000  -0.000000e+000  -0.000000e+000  -0.000000e+000  -0.000000e+000  -0.000000e+000  -0.000000e+000  -0.000000e+000  -0.000000e+000  

0.000000e+000  0.000000e+000  0.000000e+000  0.000000e+000  0.000000e+000  0.000000e+000  0.000000e+000  0.000000e+000  0.000000e+000  0.000000e+000  0.000000e+000  0.000000e+000  0.000000e+000  0.000000e+000  0.000000e+000  0.000000e+000  0.000000e+000  
0.000000e+000  0.000000e+000  0.000000e+000  0.000000e+000  0.000000e+000  0.000000e+000  0.000000e+000  0.000000e+000  0.000000e+000  0.000000e+000  0.000000e+000  0.000000e+000  0.000000e+000  0.000000e+000  0.000000e+000  0.000000e+000  0.000000e+000  
0.000000e+000  0.000000e+000  0.000000e+000  0.000000e+000  0.000000e+000  0.000000e+000  0.000000e+000  0.000000e+000  0.000000e+000  0.000000e+000  0.000000e+000  0.000000e+000  0.000000e+000  0.000000e+000  0.000000e+000  0.000000e+000  0.000000e+000  
0.000000e+000  0.000000e+000  0.000000e+000  0.000000e+000  0.000000e+000  0.000000e+000  0.000000e+000  0.000000e+000  0.000000e+000  0.000000e+000  0.000000e+000  0.000000e+000  0.000000e+000  0.000000e+000  0.000000e+000  0.000000e+000  0.000000e+000  
0.000000e+000  0.000000e+000  0.000000e+000  0.000000e+000  0.000000e+000  0.000000e+000  0.000000e+000  0.000000e+000  0.000000e+000  0.000000e+000  0.000000e+000  0.000000e+000  0.000000e+000  0.000000e+000  0.000000e+000  0.000000e+000  0.000000e+000  
0.000000e+000  0.000000e+000  0.000000e+000  0.000000e+000  0.000000e+000  0.000000e+000  0.000000e+000  0.000000e+000  0.000000e+000  0.000000e+000  0.000000e+000  0.000000e+000  0.000000e+000  0.000000e+000  0.000000e+000  0.000000e+000  0.000000e+000  
0.000000e+000  0.000000e+000  0.000000e+000  0.000000e+000  0.000000e+000  0.000000e+000  0.000000e+000  0.000000e+000  0.000000e+000  0.000000e+000  0.000000e+000  0.000000e+000  0.000000e+000  0.000000e+000  0.000000e+000  0.000000e+000  0.000000e+000  
0.000000e+000  0.000000e+000  0.000000e+000  0.000000e+000  0.000000e+000  0.000000e+000  0.000000e+000  0.000000e+000  0.000000e+000  0.000000e+000  0.000000e+000  0.000000e+000  0.000000e+000  0.000000e+000  0.000000e+000  0.000000e+000  0.000000e+000  
0.000000e+000  0.000000e+000  0.000000e+000  0.000000e+000  0.000000e+000  0.000000e+000  0.000000e+000  0.000000e+000  0.000000e+000  0.000000e+000  0.000000e+000  0.000000e+000  0.000000e+000  0.000000e+000  0.000000e+000  0.000000e+000  0.000000e+000  
0.000000e+000  0.000000e+000  0.000000e+000  0.000000e+000  0.000000e+000  0.000000e+000  0.000000e+000  0.000000e+000  0.000000e+000  0.000000e+000  0.000000e+000  0.000000e+000  0.000000e+000  0.000000e+000  0.000000e+000  0.000000e+000  0.000000e+000  
0.000000e+000  0.000000e+000  0.000000e+000  0.000000e+000  0.000000e+000  0.000000e+000  0.000000e+000  0.000000e+000  0.000000e+000  0.000000e+000  0.000000e+000  0.000000e+000  0.000000e+000  0.000000e+000  0.000000e+000  0.000000e+000  0.000000e+000  
0.000000e+000  0.000000e+000  0.000000e+000  0.000000e+000  0.000000e+000  0.000000e+000  0.000000e+000  0.000000e+000  0.000000e+000  0.000000e+000  0.000000e+000  0.000000e+000  0.000000e+000  0.000000e+000  0.000000e+000  0.000000e+000  0.000000e+000  
0.000000e+000  0.000000e+000  0.000000e+000  0.000000e+000  0.000000e+000  0.000000e+000  0.000000e+000  0.000000e+000  0.000000e+000  0.000000e+000  0.000000e+000  0.000000e+000  0.000000e+000  0.000000e+000  0.000000e+000  0.000000e+000  0.000000e+000  
0.000000e+000  0.000000e+000  0.000000e+000  0.000000e+000  0.000000e+000  0.000000e+000  0.000000e+000  0.000000e+000  0.000000e+000  0.000000e+000  0.000000e+000  0.000000e+000  0.000000e+000  0.000000e+000  0.000000e+000  0.000000e+000  0.000000e+000  
0.000000e+000  0.000000e+000  0.000000e+000  0.000000e+000  0.000000e+000  0.000000e+000  0.000000e+000  0.000000e+000  0.000000e+000  0.000000e+000  0.000000e+000  0.000000e+000  0.000000e+000  0.000000e+000  0.000000e+000  0.000000e+000  0.000000e+000  
0.000000e+000  0.000000e+000  0.000000e+000  0.000000e+000  0.000000e+000  0.000000e+000  0.000000e+000  0.000000e+000  0.000000e+000  0.000000e+000  0.000000e+000  0.000000e+000  0.000000e+000  0.000000e+000  0.000000e+000  0.000000e+000  0.000000e+000  

0.000000e+000  0.000000e+000  0.000000e+000  0.000000e+000  0.000000e+000  0.000000e+000  0.000000e+000  0.000000e+000  0.000000e+000  0.000000e+000  0.000000e+000  0.000000e+000  0.000000e+000  0.000000e+000  0.000000e+000  0.000000e+000  0.000000e+000  
0.000000e+000  0.000000e+000  0.000000e+000  0.000000e+000  0.000000e+000  0.000000e+000  0.000000e+000  0.000000e+000  0.000000e+000  0.000000e+000  0.000000e+000  0.000000e+000  0.000000e+000  0.000000e+000  0.000000e+000  0.000000e+000  0.000000e+000  
0.000000e+000  0.000000e+000  0.000000e+000  0.000000e+000  0.000000e+000  0.000000e+000  0.000000e+000  0.000000e+000  0.000000e+000  0.000000e+000  0.000000e+000  0.000000e+000  0.000000e+000  0.000000e+000  0.000000e+000  0.000000e+000  0.000000e+000  
0.000000e+000  0.000000e+000  0.000000e+000  0.000000e+000  0.000000e+000  0.000000e+000  0.000000e+000  0.000000e+000  0.000000e+000  0.000000e+000  0.000000e+000  0.000000e+000  0.000000e+000  0.000000e+000  0.000000e+000  0.000000e+000  0.000000e+000  
0.000000e+000  0.000000e+000  0.000000e+000  0.000000e+000  0.000000e+000  0.000000e+000  0.000000e+000  0.000000e+000  0.000000e+000  0.000000e+000  0.000000e+000  0.000000e+000  0.000000e+000  0.000000e+000  0.000000e+000  0.000000e+000  0.000000e+000  
0.000000e+000  0.000000e+000  0.000000e+000  0.000000e+000  0.000000e+000  0.000000e+000  0.000000e+000  0.000000e+000  0.000000e+000  0.000000e+000  0.000000e+000  0.000000e+000  0.000000e+000  0.000000e+000  0.000000e+000  0.000000e+000  0.000000e+000  
0.000000e+000  0.000000e+000  0.000000e+000  0.000000e+000  0.000000e+000  0.000000e+000  0.000000e+000  0.000000e+000  0.000000e+000  0.000000e+000  0.000000e+000  0.000000e+000  0.000000e+000  0.000000e+000  0.000000e+000  0.000000e+000  0.000000e+000  
0.000000e+000  0.000000e+000  0.000000e+000  0.000000e+000  0.000000e+000  0.000000e+000  0.000000e+000  0.000000e+000  0.000000e+000  0.000000e+000  0.000000e+000  0.000000e+000  0.000000e+000  0.000000e+000  0.000000e+000  0.000000e+000  0.000000e+000  
0.000000e+000  0.000000e+000  0.000000e+000  0.000000e+000  0.000000e+000  0.000000e+000  0.000000e+000  0.000000e+000  0.000000e+000  0.000000e+000  0.000000e+000  0.000000e+000  0.000000e+000  0.000000e+000  0.000000e+000  0.000000e+000  0.000000e+000  
0.000000e+000  0.000000e+000  0.000000e+000  0.000000e+000  0.000000e+000  0.000000e+000  0.000000e+000  0.000000e+000  0.000000e+000  0.000000e+000  0.000000e+000  0.000000e+000  0.000000e+000  0.000000e+000  0.000000e+000  0.000000e+000  0.000000e+000  
0.000000e+000  0.000000e+000  0.000000e+000  0.000000e+000  0.000000e+000  0.000000e+000  0.000000e+000  0.000000e+000  0.000000e+000  0.000000e+000  0.000000e+000  0.000000e+000  0.000000e+000  0.000000e+000  0.000000e+000  0.000000e+000  0.000000e+000  
0.000000e+000  0.000000e+000  0.000000e+000  0.000000e+000  0.000000e+000  0.000000e+000  0.000000e+000  0.000000e+000  0.000000e+000  0.000000e+000  0.000000e+000  0.000000e+000  0.000000e+000  0.000000e+000  0.000000e+000  0.000000e+000  0.000000e+000  
0.000000e+000  0.000000e+000  0.000000e+000  0.000000e+000  0.000000e+000  0.000000e+000  0.000000e+000  0.000000e+000  0.000000e+000  0.000000e+000  0.000000e+000  0.000000e+000  0.000000e+000  0.000000e+000  0.000000e+000  0.000000e+000  0.000000e+000  
0.000000e+000  0.000000e+000  0.000000e+000  0.000000e+000  0.000000e+000  0.000000e+000  0.000000e+000  0.000000e+000  0.000000e+000  0.000000e+000  0.000000e+000  0.000000e+000  0.000000e+000  0.000000e+000  0.000000e+000  0.000000e+000  0.000000e+000  
0.000000e+000  0.000000e+000  0.000000e+000  0.000000e+000  0.000000e+000  0.000000e+000  0.000000e+000  0.000000e+000  0.000000e+000  0.000000e+000  0.000000e+000  0.000000e+000  0.000000e+000  0.000000e+000  0.000000e+000  0.000000e+000  0.000000e+000  
0.000000e+000  0.000000e+000  0.000000e+000  0.000000e+000  0.000000e+000  0.000000e+000  0.000000e+000  0.000000e+000  0.000000e+000  0.000000e+000  0.000000e+000  0.000000e+000  0.000000e+000  0.000000e+000  0.000000e+000  0.000000e+000  0.000000e+000  

0.000000e+000  0.000000e+000  0.000000e+000  0.000000e+000  0.000000e+000  0.000000e+000  0.000000e+000  0.000000e+000  0.000000e+000  0.000000e+000  0.000000e+000  0.000000e+000  0.000000e+000  0.000000e+000  0.000000e+000  0.000000e+000  0.000000e+000  
0.000000e+000  0.000000e+000  0.000000e+000  0.000000e+000  0.000000e+000  0.000000e+000  0.000000e+000  0.000000e+000  0.000000e+000  0.000000e+000  0.000000e+000  0.000000e+000  0.000000e+000  0.000000e+000  0.000000e+000  0.000000e+000  0.000000e+000  
0.000000e+000  0.000000e+000  0.000000e+000  0.000000e+000  0.000000e+000  0.000000e+000  0.000000e+000  0.000000e+000  0.000000e+000  0.000000e+000  0.000000e+000  0.000000e+000  0.000000e+000  0.000000e+000  0.000000e+000  0.000000e+000  0.000000e+000  
0.000000e+000  0.000000e+000  0.000000e+000  0.000000e+000  0.000000e+000  0.000000e+000  0.000000e+000  0.000000e+000  0.000000e+000  0.000000e+000  0.000000e+000  0.000000e+000  0.000000e+000  0.000000e+000  0.000000e+000  0.000000e+000  0.000000e+000  
0.000000e+000  0.000000e+000  0.000000e+000  0.000000e+000  0.000000e+000  0.000000e+000  0.000000e+000  0.000000e+000  0.000000e+000  0.000000e+000  0.000000e+000  0.000000e+000  0.000000e+000  0.000000e+000  0.000000e+000  0.000000e+000  0.000000e+000  
0.000000e+000  0.000000e+000  0.000000e+000  0.000000e+000  0.000000e+000  0.000000e+000  0.000000e+000  0.000000e+000  0.000000e+000  0.000000e+000  0.000000e+000  0.000000e+000  0.000000e+000  0.000000e+000  0.000000e+000  0.000000e+000  0.000000e+000  
0.000000e+000  0.000000e+000  0.000000e+000  0.000000e+000  0.000000e+000  0.000000e+000  0.000000e+000  0.000000e+000  0.000000e+000  0.000000e+000  0.000000e+000  0.000000e+000  0.000000e+000  0.000000e+000  0.000000e+000  0.000000e+000  0.000000e+000  
0.000000e+000  0.000000e+000  0.000000e+000  0.000000e+000  0.000000e+000  0.000000e+000  0.000000e+000  0.000000e+000  0.000000e+000  0.000000e+000  0.000000e+000  0.000000e+000  0.000000e+000  0.000000e+000  0.000000e+000  0.000000e+000  0.000000e+000  
0.000000e+000  0.000000e+000  0.000000e+000  0.000000e+000  0.000000e+000  0.000000e+000  0.000000e+000  0.000000e+000  0.000000e+000  0.000000e+000  0.000000e+000  0.000000e+000  0.000000e+000  0.000000e+000  0.000000e+000  0.000000e+000  0.000000e+000  
0.000000e+000  0.000000e+000  0.000000e+000  0.000000e+000  0.000000e+000  0.000000e+000  0.000000e+000  0.000000e+000  0.000000e+000  0.000000e+000  0.000000e+000  0.000000e+000  0.000000e+000  0.000000e+000  0.000000e+000  0.000000e+000  0.000000e+000  
0.000000e+000  0.000000e+000  0.000000e+000  0.000000e+000  0.000000e+000  0.000000e+000  0.000000e+000  0.000000e+000  0.000000e+000  0.000000e+000  0.000000e+000  0.000000e+000  0.000000e+000  0.000000e+000  0.000000e+000  0.000000e+000  0.000000e+000  
0.000000e+000  0.000000e+000  0.000000e+000  0.000000e+000  0.000000e+000  0.000000e+000  0.000000e+000  0.000000e+000  0.000000e+000  0.000000e+000  0.000000e+000  0.000000e+000  0.000000e+000  0.000000e+000  0.000000e+000  0.000000e+000  0.000000e+000  
0.000000e+000  0.000000e+000  0.000000e+000  0.000000e+000  0.000000e+000  0.000000e+000  0.000000e+000  0.000000e+000  0.000000e+000  0.000000e+000  0.000000e+000  0.000000e+000  0.000000e+000  0.000000e+000  0.000000e+000  0.000000e+000  0.000000e+000  
0.000000e+000  0.000000e+000  0.000000e+000  0.000000e+000  0.000000e+000  0.000000e+000  0.000000e+000  0.000000e+000  0.000000e+000  0.000000e+000  0.000000e+000  0.000000e+000  0.000000e+000  0.000000e+000  0.000000e+000  0.000000e+000  0.000000e+000  
0.000000e+000  0.000000e+000  0.000000e+000  0.000000e+000  0.000000e+000  0.000000e+000  0.000000e+000  0.000000e+000  0.000000e+000  0.000000e+000  0.000000e+000  0.000000e+000  0.000000e+000  0.000000e+000  0.000000e+000  0.000000e+000  0.000000e+000  
0.000000e+000  0.000000e+000  0.000000e+000  0.000000e+000  0.000000e+000  0.000000e+000  0.000000e+000  0.000000e+000  0.000000e+000  0.000000e+000  0.000000e+000  0.000000e+000  0.000000e+000  0.000000e+000  0.000000e+000  0.000000e+000  0.000000e+000  

