Port monitor named: Port1_h3.prt

nx        = 17
ny        = 16
nz        = 3

nu        = 17
nv        = 16
iu        = 1
iv        = 1

idir      = 2
dcut      = 5.000000e-002
icut      = 3
type      = 1
frequency = 7.500000e+009

fcutoff   = 1.120827e+010
alpha     = 1.743292e+002
beta      = 0.000000e+000
accuracy  = 1.092387e-009

type          = UNDEF
wave imp.     = 3.384228e+002
wave imp.sig. = 3.322433e+002
line imp.     = 1.190962e+002

ref. port     = 0

0.000000e+000  0.000000e+000  0.000000e+000  0.000000e+000  0.000000e+000  0.000000e+000  0.000000e+000  0.000000e+000  0.000000e+000  0.000000e+000  0.000000e+000  0.000000e+000  0.000000e+000  0.000000e+000  0.000000e+000  0.000000e+000  0.000000e+000  
0.000000e+000  0.000000e+000  0.000000e+000  0.000000e+000  0.000000e+000  0.000000e+000  0.000000e+000  0.000000e+000  0.000000e+000  0.000000e+000  0.000000e+000  0.000000e+000  0.000000e+000  0.000000e+000  0.000000e+000  0.000000e+000  0.000000e+000  
0.000000e+000  0.000000e+000  0.000000e+000  0.000000e+000  0.000000e+000  0.000000e+000  0.000000e+000  0.000000e+000  0.000000e+000  0.000000e+000  0.000000e+000  0.000000e+000  0.000000e+000  0.000000e+000  0.000000e+000  0.000000e+000  0.000000e+000  
0.000000e+000  0.000000e+000  0.000000e+000  0.000000e+000  0.000000e+000  0.000000e+000  0.000000e+000  0.000000e+000  0.000000e+000  0.000000e+000  0.000000e+000  0.000000e+000  0.000000e+000  0.000000e+000  0.000000e+000  0.000000e+000  0.000000e+000  
0.000000e+000  0.000000e+000  0.000000e+000  0.000000e+000  0.000000e+000  0.000000e+000  0.000000e+000  0.000000e+000  0.000000e+000  0.000000e+000  0.000000e+000  0.000000e+000  0.000000e+000  0.000000e+000  0.000000e+000  0.000000e+000  0.000000e+000  
0.000000e+000  0.000000e+000  0.000000e+000  0.000000e+000  0.000000e+000  0.000000e+000  0.000000e+000  0.000000e+000  0.000000e+000  0.000000e+000  0.000000e+000  0.000000e+000  0.000000e+000  0.000000e+000  0.000000e+000  0.000000e+000  0.000000e+000  
0.000000e+000  0.000000e+000  0.000000e+000  0.000000e+000  0.000000e+000  0.000000e+000  0.000000e+000  0.000000e+000  0.000000e+000  0.000000e+000  0.000000e+000  0.000000e+000  0.000000e+000  0.000000e+000  0.000000e+000  0.000000e+000  0.000000e+000  
0.000000e+000  0.000000e+000  0.000000e+000  0.000000e+000  0.000000e+000  0.000000e+000  0.000000e+000  0.000000e+000  0.000000e+000  0.000000e+000  0.000000e+000  0.000000e+000  0.000000e+000  0.000000e+000  0.000000e+000  0.000000e+000  0.000000e+000  
0.000000e+000  0.000000e+000  0.000000e+000  0.000000e+000  0.000000e+000  0.000000e+000  0.000000e+000  0.000000e+000  0.000000e+000  0.000000e+000  0.000000e+000  0.000000e+000  0.000000e+000  0.000000e+000  0.000000e+000  0.000000e+000  0.000000e+000  
0.000000e+000  0.000000e+000  0.000000e+000  0.000000e+000  0.000000e+000  0.000000e+000  0.000000e+000  0.000000e+000  0.000000e+000  0.000000e+000  0.000000e+000  0.000000e+000  0.000000e+000  0.000000e+000  0.000000e+000  0.000000e+000  0.000000e+000  
0.000000e+000  0.000000e+000  0.000000e+000  0.000000e+000  0.000000e+000  0.000000e+000  0.000000e+000  0.000000e+000  0.000000e+000  0.000000e+000  0.000000e+000  0.000000e+000  0.000000e+000  0.000000e+000  0.000000e+000  0.000000e+000  0.000000e+000  
0.000000e+000  0.000000e+000  0.000000e+000  0.000000e+000  0.000000e+000  0.000000e+000  0.000000e+000  0.000000e+000  0.000000e+000  0.000000e+000  0.000000e+000  0.000000e+000  0.000000e+000  0.000000e+000  0.000000e+000  0.000000e+000  0.000000e+000  
0.000000e+000  0.000000e+000  0.000000e+000  0.000000e+000  0.000000e+000  0.000000e+000  0.000000e+000  0.000000e+000  0.000000e+000  0.000000e+000  0.000000e+000  0.000000e+000  0.000000e+000  0.000000e+000  0.000000e+000  0.000000e+000  0.000000e+000  
0.000000e+000  0.000000e+000  0.000000e+000  0.000000e+000  0.000000e+000  0.000000e+000  0.000000e+000  0.000000e+000  0.000000e+000  0.000000e+000  0.000000e+000  0.000000e+000  0.000000e+000  0.000000e+000  0.000000e+000  0.000000e+000  0.000000e+000  
0.000000e+000  0.000000e+000  0.000000e+000  0.000000e+000  0.000000e+000  0.000000e+000  0.000000e+000  0.000000e+000  0.000000e+000  0.000000e+000  0.000000e+000  0.000000e+000  0.000000e+000  0.000000e+000  0.000000e+000  0.000000e+000  0.000000e+000  
0.000000e+000  0.000000e+000  0.000000e+000  0.000000e+000  0.000000e+000  0.000000e+000  0.000000e+000  0.000000e+000  0.000000e+000  0.000000e+000  0.000000e+000  0.000000e+000  0.000000e+000  0.000000e+000  0.000000e+000  0.000000e+000  0.000000e+000  

0.000000e+000  0.000000e+000  0.000000e+000  0.000000e+000  0.000000e+000  0.000000e+000  0.000000e+000  0.000000e+000  0.000000e+000  0.000000e+000  0.000000e+000  0.000000e+000  0.000000e+000  0.000000e+000  0.000000e+000  0.000000e+000  0.000000e+000  
0.000000e+000  0.000000e+000  0.000000e+000  0.000000e+000  0.000000e+000  0.000000e+000  0.000000e+000  0.000000e+000  0.000000e+000  0.000000e+000  0.000000e+000  0.000000e+000  0.000000e+000  0.000000e+000  0.000000e+000  0.000000e+000  0.000000e+000  
0.000000e+000  0.000000e+000  0.000000e+000  0.000000e+000  0.000000e+000  0.000000e+000  0.000000e+000  0.000000e+000  0.000000e+000  0.000000e+000  0.000000e+000  0.000000e+000  0.000000e+000  0.000000e+000  0.000000e+000  0.000000e+000  0.000000e+000  
0.000000e+000  0.000000e+000  0.000000e+000  0.000000e+000  0.000000e+000  0.000000e+000  0.000000e+000  0.000000e+000  0.000000e+000  0.000000e+000  0.000000e+000  0.000000e+000  0.000000e+000  0.000000e+000  0.000000e+000  0.000000e+000  0.000000e+000  
0.000000e+000  0.000000e+000  0.000000e+000  0.000000e+000  0.000000e+000  0.000000e+000  0.000000e+000  0.000000e+000  0.000000e+000  0.000000e+000  0.000000e+000  0.000000e+000  0.000000e+000  0.000000e+000  0.000000e+000  0.000000e+000  0.000000e+000  
0.000000e+000  0.000000e+000  0.000000e+000  0.000000e+000  0.000000e+000  0.000000e+000  0.000000e+000  0.000000e+000  0.000000e+000  0.000000e+000  0.000000e+000  0.000000e+000  0.000000e+000  0.000000e+000  0.000000e+000  0.000000e+000  0.000000e+000  
0.000000e+000  0.000000e+000  0.000000e+000  0.000000e+000  0.000000e+000  0.000000e+000  0.000000e+000  0.000000e+000  0.000000e+000  0.000000e+000  0.000000e+000  0.000000e+000  0.000000e+000  0.000000e+000  0.000000e+000  0.000000e+000  0.000000e+000  
0.000000e+000  0.000000e+000  0.000000e+000  0.000000e+000  0.000000e+000  0.000000e+000  0.000000e+000  0.000000e+000  0.000000e+000  0.000000e+000  0.000000e+000  0.000000e+000  0.000000e+000  0.000000e+000  0.000000e+000  0.000000e+000  0.000000e+000  
0.000000e+000  0.000000e+000  0.000000e+000  0.000000e+000  0.000000e+000  0.000000e+000  0.000000e+000  0.000000e+000  0.000000e+000  0.000000e+000  0.000000e+000  0.000000e+000  0.000000e+000  0.000000e+000  0.000000e+000  0.000000e+000  0.000000e+000  
0.000000e+000  0.000000e+000  0.000000e+000  0.000000e+000  0.000000e+000  0.000000e+000  0.000000e+000  0.000000e+000  0.000000e+000  0.000000e+000  0.000000e+000  0.000000e+000  0.000000e+000  0.000000e+000  0.000000e+000  0.000000e+000  0.000000e+000  
0.000000e+000  0.000000e+000  0.000000e+000  0.000000e+000  0.000000e+000  0.000000e+000  0.000000e+000  0.000000e+000  0.000000e+000  0.000000e+000  0.000000e+000  0.000000e+000  0.000000e+000  0.000000e+000  0.000000e+000  0.000000e+000  0.000000e+000  
0.000000e+000  0.000000e+000  0.000000e+000  0.000000e+000  0.000000e+000  0.000000e+000  0.000000e+000  0.000000e+000  0.000000e+000  0.000000e+000  0.000000e+000  0.000000e+000  0.000000e+000  0.000000e+000  0.000000e+000  0.000000e+000  0.000000e+000  
0.000000e+000  0.000000e+000  0.000000e+000  0.000000e+000  0.000000e+000  0.000000e+000  0.000000e+000  0.000000e+000  0.000000e+000  0.000000e+000  0.000000e+000  0.000000e+000  0.000000e+000  0.000000e+000  0.000000e+000  0.000000e+000  0.000000e+000  
0.000000e+000  0.000000e+000  0.000000e+000  0.000000e+000  0.000000e+000  0.000000e+000  0.000000e+000  0.000000e+000  0.000000e+000  0.000000e+000  0.000000e+000  0.000000e+000  0.000000e+000  0.000000e+000  0.000000e+000  0.000000e+000  0.000000e+000  
0.000000e+000  0.000000e+000  0.000000e+000  0.000000e+000  0.000000e+000  0.000000e+000  0.000000e+000  0.000000e+000  0.000000e+000  0.000000e+000  0.000000e+000  0.000000e+000  0.000000e+000  0.000000e+000  0.000000e+000  0.000000e+000  0.000000e+000  
0.000000e+000  0.000000e+000  0.000000e+000  0.000000e+000  0.000000e+000  0.000000e+000  0.000000e+000  0.000000e+000  0.000000e+000  0.000000e+000  0.000000e+000  0.000000e+000  0.000000e+000  0.000000e+000  0.000000e+000  0.000000e+000  0.000000e+000  

0.000000e+000  0.000000e+000  0.000000e+000  0.000000e+000  0.000000e+000  0.000000e+000  0.000000e+000  0.000000e+000  0.000000e+000  0.000000e+000  0.000000e+000  0.000000e+000  0.000000e+000  0.000000e+000  0.000000e+000  0.000000e+000  0.000000e+000  
0.000000e+000  0.000000e+000  0.000000e+000  0.000000e+000  0.000000e+000  0.000000e+000  0.000000e+000  0.000000e+000  0.000000e+000  0.000000e+000  0.000000e+000  0.000000e+000  0.000000e+000  0.000000e+000  0.000000e+000  0.000000e+000  0.000000e+000  
0.000000e+000  0.000000e+000  0.000000e+000  0.000000e+000  0.000000e+000  0.000000e+000  0.000000e+000  0.000000e+000  0.000000e+000  0.000000e+000  0.000000e+000  0.000000e+000  0.000000e+000  0.000000e+000  0.000000e+000  0.000000e+000  0.000000e+000  
0.000000e+000  0.000000e+000  0.000000e+000  0.000000e+000  0.000000e+000  0.000000e+000  0.000000e+000  0.000000e+000  0.000000e+000  0.000000e+000  0.000000e+000  0.000000e+000  0.000000e+000  0.000000e+000  0.000000e+000  0.000000e+000  0.000000e+000  
0.000000e+000  0.000000e+000  0.000000e+000  0.000000e+000  0.000000e+000  0.000000e+000  0.000000e+000  0.000000e+000  0.000000e+000  0.000000e+000  0.000000e+000  0.000000e+000  0.000000e+000  0.000000e+000  0.000000e+000  0.000000e+000  0.000000e+000  
0.000000e+000  0.000000e+000  0.000000e+000  0.000000e+000  0.000000e+000  0.000000e+000  0.000000e+000  0.000000e+000  0.000000e+000  0.000000e+000  0.000000e+000  0.000000e+000  0.000000e+000  0.000000e+000  0.000000e+000  0.000000e+000  0.000000e+000  
0.000000e+000  0.000000e+000  0.000000e+000  0.000000e+000  0.000000e+000  0.000000e+000  0.000000e+000  0.000000e+000  0.000000e+000  0.000000e+000  0.000000e+000  0.000000e+000  0.000000e+000  0.000000e+000  0.000000e+000  0.000000e+000  0.000000e+000  
0.000000e+000  0.000000e+000  0.000000e+000  0.000000e+000  0.000000e+000  0.000000e+000  0.000000e+000  0.000000e+000  0.000000e+000  0.000000e+000  0.000000e+000  0.000000e+000  0.000000e+000  0.000000e+000  0.000000e+000  0.000000e+000  0.000000e+000  
0.000000e+000  0.000000e+000  0.000000e+000  0.000000e+000  0.000000e+000  0.000000e+000  0.000000e+000  0.000000e+000  0.000000e+000  0.000000e+000  0.000000e+000  0.000000e+000  0.000000e+000  0.000000e+000  0.000000e+000  0.000000e+000  0.000000e+000  
0.000000e+000  0.000000e+000  0.000000e+000  0.000000e+000  0.000000e+000  0.000000e+000  0.000000e+000  0.000000e+000  0.000000e+000  0.000000e+000  0.000000e+000  0.000000e+000  0.000000e+000  0.000000e+000  0.000000e+000  0.000000e+000  0.000000e+000  
0.000000e+000  0.000000e+000  0.000000e+000  0.000000e+000  0.000000e+000  0.000000e+000  0.000000e+000  0.000000e+000  0.000000e+000  0.000000e+000  0.000000e+000  0.000000e+000  0.000000e+000  0.000000e+000  0.000000e+000  0.000000e+000  0.000000e+000  
0.000000e+000  0.000000e+000  0.000000e+000  0.000000e+000  0.000000e+000  0.000000e+000  0.000000e+000  0.000000e+000  0.000000e+000  0.000000e+000  0.000000e+000  0.000000e+000  0.000000e+000  0.000000e+000  0.000000e+000  0.000000e+000  0.000000e+000  
0.000000e+000  0.000000e+000  0.000000e+000  0.000000e+000  0.000000e+000  0.000000e+000  0.000000e+000  0.000000e+000  0.000000e+000  0.000000e+000  0.000000e+000  0.000000e+000  0.000000e+000  0.000000e+000  0.000000e+000  0.000000e+000  0.000000e+000  
0.000000e+000  0.000000e+000  0.000000e+000  0.000000e+000  0.000000e+000  0.000000e+000  0.000000e+000  0.000000e+000  0.000000e+000  0.000000e+000  0.000000e+000  0.000000e+000  0.000000e+000  0.000000e+000  0.000000e+000  0.000000e+000  0.000000e+000  
0.000000e+000  0.000000e+000  0.000000e+000  0.000000e+000  0.000000e+000  0.000000e+000  0.000000e+000  0.000000e+000  0.000000e+000  0.000000e+000  0.000000e+000  0.000000e+000  0.000000e+000  0.000000e+000  0.000000e+000  0.000000e+000  0.000000e+000  
0.000000e+000  0.000000e+000  0.000000e+000  0.000000e+000  0.000000e+000  0.000000e+000  0.000000e+000  0.000000e+000  0.000000e+000  0.000000e+000  0.000000e+000  0.000000e+000  0.000000e+000  0.000000e+000  0.000000e+000  0.000000e+000  0.000000e+000  

-0.000000e+000  -0.000000e+000  -0.000000e+000  -0.000000e+000  -0.000000e+000  -0.000000e+000  -0.000000e+000  -0.000000e+000  -0.000000e+000  -0.000000e+000  -0.000000e+000  -0.000000e+000  -0.000000e+000  -0.000000e+000  -0.000000e+000  -0.000000e+000  -0.000000e+000  
-0.000000e+000  -0.000000e+000  -9.429084e-001  -1.864455e+000  -2.743763e+000  -4.094567e+000  -5.294555e+000  -6.056685e+000  -6.317930e+000  -6.056685e+000  -5.294555e+000  -4.094567e+000  -2.743763e+000  -1.864455e+000  -9.429084e-001  -0.000000e+000  -0.000000e+000  
-0.000000e+000  -0.000000e+000  -9.167740e-001  -1.812778e+000  -2.667714e+000  -3.981078e+000  -5.147806e+000  -5.888812e+000  -6.142817e+000  -5.888812e+000  -5.147806e+000  -3.981078e+000  -2.667714e+000  -1.812778e+000  -9.167739e-001  -0.000000e+000  -0.000000e+000  
-0.000000e+000  -0.000000e+000  -8.652292e-001  -1.710857e+000  -2.517724e+000  -3.757246e+000  -4.858376e+000  -5.557720e+000  -5.797443e+000  -5.557720e+000  -4.858376e+000  -3.757246e+000  -2.517724e+000  -1.710857e+000  -8.652292e-001  -0.000000e+000  -0.000000e+000  
-0.000000e+000  -0.000000e+000  -7.641201e-001  -1.510929e+000  -2.223508e+000  -3.318181e+000  -4.290635e+000  -4.908255e+000  -5.119965e+000  -4.908255e+000  -4.290635e+000  -3.318181e+000  -2.223508e+000  -1.510929e+000  -7.641201e-001  -0.000000e+000  -0.000000e+000  
-0.000000e+000  -0.000000e+000  -5.654049e-001  -1.118001e+000  -1.645268e+000  -2.455263e+000  -3.174823e+000  -3.631826e+000  -3.788479e+000  -3.631827e+000  -3.174823e+000  -2.455263e+000  -1.645268e+000  -1.118001e+000  -5.654049e-001  -0.000000e+000  -0.000000e+000  
-0.000000e+000  -0.000000e+000  -2.976118e-001  -5.884812e-001  -8.660185e-001  -1.292375e+000  -1.671129e+000  -1.911682e+000  -1.994139e+000  -1.911682e+000  -1.671129e+000  -1.292375e+000  -8.660185e-001  -5.884812e-001  -2.976118e-001  -0.000000e+000  -0.000000e+000  
-0.000000e+000  -0.000000e+000  4.616017e-009  -1.313463e-008  -4.658223e-009  -2.064938e-009  6.950755e-009  -1.045983e-008  3.465276e-009  3.196698e-009  1.093085e-008  8.795833e-009  9.783391e-009  -1.054616e-008  4.609058e-009  -0.000000e+000  -0.000000e+000  
-0.000000e+000  -0.000000e+000  2.976118e-001  5.884812e-001  8.660185e-001  1.292375e+000  1.671129e+000  1.911682e+000  1.994139e+000  1.911682e+000  1.671129e+000  1.292375e+000  8.660185e-001  5.884812e-001  2.976118e-001  -0.000000e+000  -0.000000e+000  
-0.000000e+000  -0.000000e+000  5.654049e-001  1.118001e+000  1.645268e+000  2.455263e+000  3.174823e+000  3.631826e+000  3.788479e+000  3.631826e+000  3.174823e+000  2.455263e+000  1.645268e+000  1.118001e+000  5.654049e-001  -0.000000e+000  -0.000000e+000  
-0.000000e+000  -0.000000e+000  7.641202e-001  1.510929e+000  2.223508e+000  3.318181e+000  4.290635e+000  4.908255e+000  5.119965e+000  4.908255e+000  4.290635e+000  3.318181e+000  2.223508e+000  1.510929e+000  7.641202e-001  -0.000000e+000  -0.000000e+000  
-0.000000e+000  -0.000000e+000  8.652292e-001  1.710857e+000  2.517724e+000  3.757246e+000  4.858376e+000  5.557720e+000  5.797443e+000  5.557720e+000  4.858376e+000  3.757246e+000  2.517724e+000  1.710857e+000  8.652292e-001  -0.000000e+000  -0.000000e+000  
-0.000000e+000  -0.000000e+000  9.167739e-001  1.812778e+000  2.667714e+000  3.981078e+000  5.147806e+000  5.888813e+000  6.142817e+000  5.888813e+000  5.147806e+000  3.981078e+000  2.667714e+000  1.812778e+000  9.167740e-001  -0.000000e+000  -0.000000e+000  
-0.000000e+000  -0.000000e+000  9.429085e-001  1.864455e+000  2.743763e+000  4.094567e+000  5.294555e+000  6.056685e+000  6.317930e+000  6.056685e+000  5.294555e+000  4.094567e+000  2.743763e+000  1.864455e+000  9.429084e-001  -0.000000e+000  -0.000000e+000  
-0.000000e+000  -0.000000e+000  -0.000000e+000  -0.000000e+000  -0.000000e+000  -0.000000e+000  -0.000000e+000  -0.000000e+000  -0.000000e+000  -0.000000e+000  -0.000000e+000  -0.000000e+000  -0.000000e+000  -0.000000e+000  -0.000000e+000  -0.000000e+000  -0.000000e+000  
-0.000000e+000  -0.000000e+000  -0.000000e+000  -0.000000e+000  -0.000000e+000  -0.000000e+000  -0.000000e+000  -0.000000e+000  -0.000000e+000  -0.000000e+000  -0.000000e+000  -0.000000e+000  -0.000000e+000  -0.000000e+000  -0.000000e+000  -0.000000e+000  -0.000000e+000  

-0.000000e+000  -0.000000e+000  -0.000000e+000  -0.000000e+000  -0.000000e+000  -0.000000e+000  -0.000000e+000  -0.000000e+000  -0.000000e+000  -0.000000e+000  -0.000000e+000  -0.000000e+000  -0.000000e+000  -0.000000e+000  -0.000000e+000  -0.000000e+000  -0.000000e+000  
-0.000000e+000  -0.000000e+000  -0.000000e+000  -0.000000e+000  -0.000000e+000  -0.000000e+000  -0.000000e+000  -0.000000e+000  -0.000000e+000  -0.000000e+000  -0.000000e+000  -0.000000e+000  -0.000000e+000  -0.000000e+000  -0.000000e+000  -0.000000e+000  -0.000000e+000  
-0.000000e+000  -4.936279e-001  -4.824447e-001  -4.603317e-001  -4.164301e-001  -3.288044e-001  -2.088287e-001  -7.158285e-002  7.158285e-002  2.088287e-001  3.288044e-001  4.164301e-001  4.603317e-001  4.824447e-001  4.936278e-001  -0.000000e+000  -0.000000e+000  
-0.000000e+000  -9.735738e-001  -9.515175e-001  -9.079045e-001  -8.213181e-001  -6.484954e-001  -4.118692e-001  -1.411816e-001  1.411816e-001  4.118693e-001  6.484954e-001  8.213181e-001  9.079044e-001  9.515175e-001  9.735738e-001  -0.000000e+000  -0.000000e+000  
-0.000000e+000  -1.426535e+000  -1.394217e+000  -1.330313e+000  -1.203442e+000  -9.502121e-001  -6.034941e-001  -2.068673e-001  2.068673e-001  6.034941e-001  9.502121e-001  1.203442e+000  1.330313e+000  1.394217e+000  1.426535e+000  -0.000000e+000  -0.000000e+000  
-0.000000e+000  -2.097568e+000  -2.050047e+000  -1.956083e+000  -1.769532e+000  -1.397186e+000  -8.873737e-001  -3.041763e-001  3.041763e-001  8.873737e-001  1.397186e+000  1.769532e+000  1.956083e+000  2.050047e+000  2.097568e+000  -0.000000e+000  -0.000000e+000  
-0.000000e+000  -2.660345e+000  -2.600074e+000  -2.480900e+000  -2.244298e+000  -1.772050e+000  -1.125456e+000  -3.857867e-001  3.857867e-001  1.125456e+000  1.772050e+000  2.244298e+000  2.480900e+000  2.600075e+000  2.660345e+000  -0.000000e+000  -0.000000e+000  
-0.000000e+000  -2.956573e+000  -2.889592e+000  -2.757147e+000  -2.494199e+000  -1.969367e+000  -1.250775e+000  -4.287440e-001  4.287440e-001  1.250775e+000  1.969367e+000  2.494199e+000  2.757147e+000  2.889592e+000  2.956573e+000  -0.000000e+000  -0.000000e+000  
-0.000000e+000  -2.956573e+000  -2.889592e+000  -2.757147e+000  -2.494199e+000  -1.969367e+000  -1.250775e+000  -4.287440e-001  4.287440e-001  1.250775e+000  1.969367e+000  2.494199e+000  2.757147e+000  2.889592e+000  2.956573e+000  -0.000000e+000  -0.000000e+000  
-0.000000e+000  -2.660345e+000  -2.600074e+000  -2.480900e+000  -2.244298e+000  -1.772050e+000  -1.125456e+000  -3.857867e-001  3.857867e-001  1.125456e+000  1.772050e+000  2.244298e+000  2.480900e+000  2.600074e+000  2.660345e+000  -0.000000e+000  -0.000000e+000  
-0.000000e+000  -2.097568e+000  -2.050047e+000  -1.956083e+000  -1.769532e+000  -1.397186e+000  -8.873737e-001  -3.041763e-001  3.041763e-001  8.873737e-001  1.397186e+000  1.769532e+000  1.956083e+000  2.050047e+000  2.097568e+000  -0.000000e+000  -0.000000e+000  
-0.000000e+000  -1.426535e+000  -1.394217e+000  -1.330313e+000  -1.203442e+000  -9.502121e-001  -6.034941e-001  -2.068673e-001  2.068673e-001  6.034941e-001  9.502121e-001  1.203442e+000  1.330313e+000  1.394217e+000  1.426535e+000  -0.000000e+000  -0.000000e+000  
-0.000000e+000  -9.735738e-001  -9.515175e-001  -9.079045e-001  -8.213181e-001  -6.484954e-001  -4.118692e-001  -1.411816e-001  1.411816e-001  4.118692e-001  6.484954e-001  8.213181e-001  9.079044e-001  9.515176e-001  9.735738e-001  -0.000000e+000  -0.000000e+000  
-0.000000e+000  -4.936278e-001  -4.824447e-001  -4.603316e-001  -4.164302e-001  -3.288044e-001  -2.088287e-001  -7.158285e-002  7.158284e-002  2.088287e-001  3.288044e-001  4.164301e-001  4.603317e-001  4.824446e-001  4.936279e-001  -0.000000e+000  -0.000000e+000  
-0.000000e+000  -0.000000e+000  -0.000000e+000  -0.000000e+000  -0.000000e+000  -0.000000e+000  -0.000000e+000  -0.000000e+000  -0.000000e+000  -0.000000e+000  -0.000000e+000  -0.000000e+000  -0.000000e+000  -0.000000e+000  -0.000000e+000  -0.000000e+000  -0.000000e+000  
-0.000000e+000  -0.000000e+000  -0.000000e+000  -0.000000e+000  -0.000000e+000  -0.000000e+000  -0.000000e+000  -0.000000e+000  -0.000000e+000  -0.000000e+000  -0.000000e+000  -0.000000e+000  -0.000000e+000  -0.000000e+000  -0.000000e+000  -0.000000e+000  -0.000000e+000  

0.000000e+000  0.000000e+000  0.000000e+000  0.000000e+000  0.000000e+000  0.000000e+000  0.000000e+000  0.000000e+000  0.000000e+000  0.000000e+000  0.000000e+000  0.000000e+000  0.000000e+000  0.000000e+000  0.000000e+000  0.000000e+000  0.000000e+000  
0.000000e+000  8.608418e+000  8.413394e+000  8.027764e+000  7.262160e+000  5.734049e+000  3.641781e+000  1.248339e+000  -1.248339e+000  -3.641781e+000  -5.734049e+000  -7.262160e+000  -8.027764e+000  -8.413394e+000  -8.608418e+000  0.000000e+000  0.000000e+000  
0.000000e+000  8.369819e+000  8.180200e+000  7.805259e+000  7.060876e+000  5.575119e+000  3.540842e+000  1.213739e+000  -1.213739e+000  -3.540842e+000  -5.575119e+000  -7.060876e+000  -7.805259e+000  -8.180200e+000  -8.369819e+000  0.000000e+000  0.000000e+000  
0.000000e+000  7.899234e+000  7.720277e+000  7.366416e+000  6.663885e+000  5.261663e+000  3.341762e+000  1.145498e+000  -1.145498e+000  -3.341762e+000  -5.261663e+000  -6.663885e+000  -7.366416e+000  -7.720277e+000  -7.899234e+000  0.000000e+000  0.000000e+000  
0.000000e+000  6.976144e+000  6.818100e+000  6.505591e+000  5.885156e+000  4.646795e+000  2.951250e+000  1.011637e+000  -1.011637e+000  -2.951250e+000  -4.646795e+000  -5.885156e+000  -6.505591e+000  -6.818100e+000  -6.976144e+000  0.000000e+000  0.000000e+000  
0.000000e+000  5.161945e+000  5.045001e+000  4.813763e+000  4.354677e+000  3.438361e+000  2.183755e+000  7.485534e-001  -7.485534e-001  -2.183755e+000  -3.438361e+000  -4.354677e+000  -4.813763e+000  -5.045001e+000  -5.161945e+000  0.000000e+000  0.000000e+000  
0.000000e+000  2.717090e+000  2.655534e+000  2.533817e+000  2.292168e+000  1.809848e+000  1.149462e+000  3.940155e-001  -3.940155e-001  -1.149462e+000  -1.809848e+000  -2.292168e+000  -2.533817e+000  -2.655534e+000  -2.717090e+000  0.000000e+000  0.000000e+000  
0.000000e+000  1.902410e-009  4.433295e-009  2.443563e-009  -4.606751e-010  -1.375021e-009  -1.432090e-009  -1.608789e-009  -1.271528e-009  9.982410e-010  -5.046237e-010  1.086954e-009  2.216506e-009  3.325493e-009  3.113008e-009  0.000000e+000  0.000000e+000  
0.000000e+000  -2.717090e+000  -2.655534e+000  -2.533817e+000  -2.292168e+000  -1.809848e+000  -1.149462e+000  -3.940155e-001  3.940155e-001  1.149462e+000  1.809848e+000  2.292168e+000  2.533817e+000  2.655534e+000  2.717090e+000  0.000000e+000  0.000000e+000  
0.000000e+000  -5.161945e+000  -5.045001e+000  -4.813763e+000  -4.354677e+000  -3.438361e+000  -2.183755e+000  -7.485534e-001  7.485534e-001  2.183755e+000  3.438361e+000  4.354677e+000  4.813763e+000  5.045001e+000  5.161945e+000  0.000000e+000  0.000000e+000  
0.000000e+000  -6.976144e+000  -6.818100e+000  -6.505591e+000  -5.885156e+000  -4.646795e+000  -2.951250e+000  -1.011637e+000  1.011637e+000  2.951250e+000  4.646795e+000  5.885156e+000  6.505591e+000  6.818100e+000  6.976144e+000  0.000000e+000  0.000000e+000  
0.000000e+000  -7.899234e+000  -7.720277e+000  -7.366416e+000  -6.663885e+000  -5.261663e+000  -3.341762e+000  -1.145498e+000  1.145498e+000  3.341762e+000  5.261663e+000  6.663885e+000  7.366416e+000  7.720277e+000  7.899234e+000  0.000000e+000  0.000000e+000  
0.000000e+000  -8.369819e+000  -8.180200e+000  -7.805259e+000  -7.060876e+000  -5.575119e+000  -3.540842e+000  -1.213739e+000  1.213739e+000  3.540842e+000  5.575119e+000  7.060876e+000  7.805259e+000  8.180200e+000  8.369819e+000  0.000000e+000  0.000000e+000  
0.000000e+000  -8.608418e+000  -8.413394e+000  -8.027764e+000  -7.262160e+000  -5.734049e+000  -3.641781e+000  -1.248339e+000  1.248339e+000  3.641781e+000  5.734049e+000  7.262160e+000  8.027764e+000  8.413394e+000  8.608418e+000  0.000000e+000  0.000000e+000  
0.000000e+000  0.000000e+000  0.000000e+000  0.000000e+000  0.000000e+000  0.000000e+000  0.000000e+000  0.000000e+000  0.000000e+000  0.000000e+000  0.000000e+000  0.000000e+000  0.000000e+000  0.000000e+000  0.000000e+000  0.000000e+000  0.000000e+000  
0.000000e+000  0.000000e+000  0.000000e+000  0.000000e+000  0.000000e+000  0.000000e+000  0.000000e+000  0.000000e+000  0.000000e+000  0.000000e+000  0.000000e+000  0.000000e+000  0.000000e+000  0.000000e+000  0.000000e+000  0.000000e+000  0.000000e+000  

