Port monitor named: Port2_e2[7.5].prt

nx        = 17
ny        = 16
nz        = 52

nu        = 17
nv        = 16
iu        = 1
iv        = 1

idir      = 2
dcut      = -5.000000e-002
icut      = 1
type      = 0
frequency = 7.500000e+009

fcutoff   = 8.328585e+009
alpha     = 7.581956e+001
beta      = 0.000000e+000
accuracy  = 3.139287e-011

type          = TE
wave imp.     = 7.810336e+002
wave imp.sig. = 1.959630e-005
line imp.     = 0.000000e+000

ref. port     = 0

-0.000000e+000  -0.000000e+000  -0.000000e+000  -0.000000e+000  -0.000000e+000  -0.000000e+000  -0.000000e+000  -0.000000e+000  -0.000000e+000  -0.000000e+000  -0.000000e+000  -0.000000e+000  -0.000000e+000  -0.000000e+000  -0.000000e+000  -0.000000e+000  -0.000000e+000  
-0.000000e+000  -0.000000e+000  -0.000000e+000  -0.000000e+000  -0.000000e+000  -0.000000e+000  -0.000000e+000  -0.000000e+000  -0.000000e+000  -0.000000e+000  -0.000000e+000  -0.000000e+000  -0.000000e+000  -0.000000e+000  -0.000000e+000  -0.000000e+000  -0.000000e+000  
-0.000000e+000  3.450888e+002  3.450888e+002  3.450888e+002  3.450888e+002  3.450888e+002  3.450888e+002  3.450888e+002  3.450888e+002  3.450888e+002  3.450888e+002  3.450888e+002  3.450888e+002  3.450888e+002  3.450888e+002  -0.000000e+000  -0.000000e+000  
-0.000000e+000  6.806128e+002  6.806128e+002  6.806128e+002  6.806128e+002  6.806128e+002  6.806128e+002  6.806128e+002  6.806128e+002  6.806128e+002  6.806128e+002  6.806128e+002  6.806128e+002  6.806128e+002  6.806128e+002  -0.000000e+000  -0.000000e+000  
-0.000000e+000  9.972723e+002  9.972723e+002  9.972723e+002  9.972723e+002  9.972723e+002  9.972723e+002  9.972723e+002  9.972723e+002  9.972723e+002  9.972723e+002  9.972723e+002  9.972723e+002  9.972723e+002  9.972723e+002  -0.000000e+000  -0.000000e+000  
-0.000000e+000  1.466382e+003  1.466382e+003  1.466382e+003  1.466382e+003  1.466382e+003  1.466382e+003  1.466382e+003  1.466382e+003  1.466382e+003  1.466382e+003  1.466382e+003  1.466382e+003  1.466382e+003  1.466382e+003  -0.000000e+000  -0.000000e+000  
-0.000000e+000  1.859812e+003  1.859812e+003  1.859812e+003  1.859812e+003  1.859812e+003  1.859812e+003  1.859812e+003  1.859812e+003  1.859812e+003  1.859812e+003  1.859812e+003  1.859812e+003  1.859812e+003  1.859812e+003  -0.000000e+000  -0.000000e+000  
-0.000000e+000  2.066902e+003  2.066902e+003  2.066902e+003  2.066902e+003  2.066902e+003  2.066902e+003  2.066902e+003  2.066902e+003  2.066902e+003  2.066902e+003  2.066902e+003  2.066902e+003  2.066902e+003  2.066902e+003  -0.000000e+000  -0.000000e+000  
-0.000000e+000  2.066902e+003  2.066902e+003  2.066902e+003  2.066902e+003  2.066902e+003  2.066902e+003  2.066902e+003  2.066902e+003  2.066902e+003  2.066902e+003  2.066902e+003  2.066902e+003  2.066902e+003  2.066902e+003  -0.000000e+000  -0.000000e+000  
-0.000000e+000  1.859812e+003  1.859812e+003  1.859812e+003  1.859812e+003  1.859812e+003  1.859812e+003  1.859812e+003  1.859812e+003  1.859812e+003  1.859812e+003  1.859812e+003  1.859812e+003  1.859812e+003  1.859812e+003  -0.000000e+000  -0.000000e+000  
-0.000000e+000  1.466382e+003  1.466382e+003  1.466382e+003  1.466382e+003  1.466382e+003  1.466382e+003  1.466382e+003  1.466382e+003  1.466382e+003  1.466382e+003  1.466382e+003  1.466382e+003  1.466382e+003  1.466382e+003  -0.000000e+000  -0.000000e+000  
-0.000000e+000  9.972723e+002  9.972723e+002  9.972723e+002  9.972723e+002  9.972723e+002  9.972723e+002  9.972723e+002  9.972723e+002  9.972723e+002  9.972723e+002  9.972723e+002  9.972723e+002  9.972723e+002  9.972723e+002  -0.000000e+000  -0.000000e+000  
-0.000000e+000  6.806128e+002  6.806128e+002  6.806128e+002  6.806128e+002  6.806128e+002  6.806128e+002  6.806128e+002  6.806128e+002  6.806128e+002  6.806128e+002  6.806128e+002  6.806128e+002  6.806128e+002  6.806128e+002  -0.000000e+000  -0.000000e+000  
-0.000000e+000  3.450888e+002  3.450888e+002  3.450888e+002  3.450888e+002  3.450888e+002  3.450888e+002  3.450888e+002  3.450888e+002  3.450888e+002  3.450888e+002  3.450888e+002  3.450888e+002  3.450888e+002  3.450888e+002  -0.000000e+000  -0.000000e+000  
-0.000000e+000  -0.000000e+000  -0.000000e+000  -0.000000e+000  -0.000000e+000  -0.000000e+000  -0.000000e+000  -0.000000e+000  -0.000000e+000  -0.000000e+000  -0.000000e+000  -0.000000e+000  -0.000000e+000  -0.000000e+000  -0.000000e+000  -0.000000e+000  -0.000000e+000  
-0.000000e+000  -0.000000e+000  -0.000000e+000  -0.000000e+000  -0.000000e+000  -0.000000e+000  -0.000000e+000  -0.000000e+000  -0.000000e+000  -0.000000e+000  -0.000000e+000  -0.000000e+000  -0.000000e+000  -0.000000e+000  -0.000000e+000  -0.000000e+000  -0.000000e+000  

-0.000000e+000  -0.000000e+000  -0.000000e+000  -0.000000e+000  -0.000000e+000  -0.000000e+000  -0.000000e+000  -0.000000e+000  -0.000000e+000  -0.000000e+000  -0.000000e+000  -0.000000e+000  -0.000000e+000  -0.000000e+000  -0.000000e+000  -0.000000e+000  -0.000000e+000  
-0.000000e+000  -0.000000e+000  9.763278e-006  2.006299e-005  3.245517e-005  5.466738e-005  3.771396e-005  1.946515e-005  -0.000000e+000  -1.946707e-005  -3.771839e-005  -5.466746e-005  -3.244554e-005  -2.007035e-005  -9.749527e-006  -0.000000e+000  -0.000000e+000  
-0.000000e+000  -0.000000e+000  8.930179e-006  1.746681e-005  2.655082e-005  5.139806e-005  3.702472e-005  1.925203e-005  -0.000000e+000  -1.925229e-005  -3.702432e-005  -5.139716e-005  -2.654959e-005  -1.744990e-005  -8.940632e-006  -0.000000e+000  -0.000000e+000  
-0.000000e+000  -0.000000e+000  8.278901e-006  1.380106e-005  1.148907e-005  4.543787e-005  3.622737e-005  1.891975e-005  -0.000000e+000  -1.891517e-005  -3.622940e-005  -4.544034e-005  -1.148148e-005  -1.381338e-005  -8.266233e-006  -0.000000e+000  -0.000000e+000  
-0.000000e+000  -0.000000e+000  1.069902e-005  1.883308e-005  1.949289e-005  5.463303e-005  3.675633e-005  1.834044e-005  -0.000000e+000  -1.834302e-005  -3.675907e-005  -5.464635e-005  -1.950204e-005  -1.883818e-005  -1.070648e-005  -0.000000e+000  -0.000000e+000  
-0.000000e+000  -0.000000e+000  2.070030e-005  4.620527e-005  8.452993e-005  6.381944e-005  3.484009e-005  1.598196e-005  -0.000000e+000  -1.599445e-005  -3.485372e-005  -6.383104e-005  -8.453791e-005  -4.621079e-005  -2.070610e-005  -0.000000e+000  -0.000000e+000  
-0.000000e+000  -0.000000e+000  1.206156e-005  2.474249e-005  3.765087e-005  3.174072e-005  1.938409e-005  9.059605e-006  -0.000000e+000  -9.071474e-006  -1.939630e-005  -3.174690e-005  -3.765141e-005  -2.474502e-005  -1.206560e-005  -0.000000e+000  -0.000000e+000  
-0.000000e+000  -0.000000e+000  -0.000000e+000  -0.000000e+000  -0.000000e+000  -0.000000e+000  -0.000000e+000  -0.000000e+000  -0.000000e+000  -0.000000e+000  -0.000000e+000  -0.000000e+000  -0.000000e+000  -0.000000e+000  -0.000000e+000  -0.000000e+000  -0.000000e+000  
-0.000000e+000  -0.000000e+000  -1.206512e-005  -2.474297e-005  -3.764859e-005  -3.174436e-005  -1.939045e-005  -9.063495e-006  -0.000000e+000  9.070664e-006  1.939025e-005  3.174259e-005  3.764954e-005  2.474465e-005  1.206005e-005  -0.000000e+000  -0.000000e+000  
-0.000000e+000  -0.000000e+000  -2.070356e-005  -4.620822e-005  -8.453523e-005  -6.382450e-005  -3.484569e-005  -1.598482e-005  -0.000000e+000  1.599055e-005  3.485177e-005  6.382961e-005  8.453339e-005  4.620932e-005  2.070412e-005  -0.000000e+000  -0.000000e+000  
-0.000000e+000  -0.000000e+000  -1.070228e-005  -1.883321e-005  -1.949543e-005  -5.464337e-005  -3.676221e-005  -1.834282e-005  -0.000000e+000  1.834166e-005  3.675977e-005  5.464492e-005  1.950091e-005  1.883471e-005  1.070791e-005  -0.000000e+000  -0.000000e+000  
-0.000000e+000  -0.000000e+000  -8.269314e-006  -1.380653e-005  -1.147879e-005  -4.544115e-005  -3.622978e-005  -1.891614e-005  -0.000000e+000  1.891360e-005  3.622642e-005  4.543922e-005  1.148295e-005  1.380882e-005  8.270638e-006  -0.000000e+000  -0.000000e+000  
-0.000000e+000  -0.000000e+000  -8.937439e-006  -1.745175e-005  -2.654342e-005  -5.139344e-005  -3.702365e-005  -1.925813e-005  -0.000000e+000  1.925146e-005  3.701805e-005  5.138816e-005  2.654513e-005  1.746096e-005  8.936346e-006  -0.000000e+000  -0.000000e+000  
-0.000000e+000  -0.000000e+000  -9.756464e-006  -2.006437e-005  -3.243863e-005  -5.466274e-005  -3.771673e-005  -1.947426e-005  -0.000000e+000  1.945774e-005  3.771394e-005  5.465619e-005  3.244128e-005  2.006443e-005  9.757162e-006  -0.000000e+000  -0.000000e+000  
-0.000000e+000  -0.000000e+000  -0.000000e+000  -0.000000e+000  -0.000000e+000  -0.000000e+000  -0.000000e+000  -0.000000e+000  -0.000000e+000  -0.000000e+000  -0.000000e+000  -0.000000e+000  -0.000000e+000  -0.000000e+000  -0.000000e+000  -0.000000e+000  -0.000000e+000  
-0.000000e+000  -0.000000e+000  -0.000000e+000  -0.000000e+000  -0.000000e+000  -0.000000e+000  -0.000000e+000  -0.000000e+000  -0.000000e+000  -0.000000e+000  -0.000000e+000  -0.000000e+000  -0.000000e+000  -0.000000e+000  -0.000000e+000  -0.000000e+000  -0.000000e+000  

-0.000000e+000  -0.000000e+000  -0.000000e+000  -0.000000e+000  -0.000000e+000  -0.000000e+000  -0.000000e+000  -0.000000e+000  -0.000000e+000  -0.000000e+000  -0.000000e+000  -0.000000e+000  -0.000000e+000  -0.000000e+000  -0.000000e+000  -0.000000e+000  -0.000000e+000  
-0.000000e+000  -0.000000e+000  -0.000000e+000  -0.000000e+000  -0.000000e+000  -0.000000e+000  -0.000000e+000  -0.000000e+000  -0.000000e+000  -0.000000e+000  -0.000000e+000  -0.000000e+000  -0.000000e+000  -0.000000e+000  -0.000000e+000  -0.000000e+000  -0.000000e+000  
-0.000000e+000  -0.000000e+000  -1.693431e-006  -3.230362e-006  -5.338206e-006  -5.529165e-006  -3.722686e-006  -1.987401e-006  -3.302200e-008  2.029272e-006  3.736350e-006  5.587731e-006  5.114611e-006  3.682684e-006  1.414253e-006  -0.000000e+000  -0.000000e+000  
-0.000000e+000  -0.000000e+000  -3.107485e-006  -6.456010e-006  -9.938918e-006  -1.062497e-005  -7.381894e-006  -3.739022e-006  -3.292412e-008  3.827451e-006  7.323793e-006  1.054894e-005  9.882238e-006  6.128787e-006  3.359200e-006  -0.000000e+000  -0.000000e+000  
-0.000000e+000  -0.000000e+000  -4.744799e-006  -9.024467e-006  -1.302342e-005  -1.447288e-005  -1.091192e-005  -5.819894e-006  -1.300725e-008  5.743872e-006  1.089155e-005  1.429779e-005  1.278006e-005  9.054776e-006  4.476021e-006  -0.000000e+000  -0.000000e+000  
-0.000000e+000  -0.000000e+000  -7.232598e-006  -1.399260e-005  -2.000035e-005  -2.189849e-005  -1.710995e-005  -9.034496e-006  -3.331032e-008  8.938846e-006  1.701225e-005  2.186510e-005  1.983176e-005  1.408977e-005  7.109049e-006  -0.000000e+000  -0.000000e+000  
-0.000000e+000  -0.000000e+000  -1.074389e-005  -2.142584e-005  -3.265201e-005  -3.945532e-005  -2.551527e-005  -1.267716e-005  -0.000000e+000  1.263070e-005  2.550469e-005  3.942193e-005  3.251116e-005  2.148083e-005  1.056887e-005  -0.000000e+000  -0.000000e+000  
-0.000000e+000  -0.000000e+000  -1.271630e-005  -2.550874e-005  -3.895756e-005  -4.755635e-005  -3.023992e-005  -1.477098e-005  -1.990240e-008  1.483344e-005  3.031870e-005  4.746541e-005  3.876375e-005  2.560292e-005  1.260672e-005  -0.000000e+000  -0.000000e+000  
-0.000000e+000  -0.000000e+000  -1.265324e-005  -2.554617e-005  -3.894546e-005  -4.755526e-005  -3.029323e-005  -1.478604e-005  -6.885707e-008  1.487629e-005  3.025025e-005  4.745326e-005  3.878237e-005  2.557307e-005  1.261100e-005  -0.000000e+000  -0.000000e+000  
-0.000000e+000  -0.000000e+000  -1.065029e-005  -2.145577e-005  -3.268335e-005  -3.947896e-005  -2.554078e-005  -1.264742e-005  -3.520702e-008  1.264340e-005  2.550773e-005  3.945495e-005  3.254399e-005  2.147571e-005  1.067526e-005  -0.000000e+000  -0.000000e+000  
-0.000000e+000  -0.000000e+000  -7.185711e-006  -1.402706e-005  -1.993731e-005  -2.197154e-005  -1.712083e-005  -9.033960e-006  -1.379335e-008  8.965208e-006  1.700623e-005  2.184357e-005  1.995750e-005  1.398310e-005  7.245850e-006  -0.000000e+000  -0.000000e+000  
-0.000000e+000  -0.000000e+000  -4.541074e-006  -9.097267e-006  -1.283332e-005  -1.442649e-005  -1.084354e-005  -5.767844e-006  -0.000000e+000  5.732456e-006  1.083353e-005  1.424052e-005  1.289816e-005  8.955943e-006  4.570348e-006  -0.000000e+000  -0.000000e+000  
-0.000000e+000  -0.000000e+000  -3.318714e-006  -6.280001e-006  -9.847628e-006  -1.053139e-005  -7.295590e-006  -3.895682e-006  -1.271551e-008  3.832725e-006  7.281640e-006  1.040598e-005  9.820637e-006  6.445697e-006  3.136587e-006  -0.000000e+000  -0.000000e+000  
-0.000000e+000  -0.000000e+000  -1.505141e-006  -3.547517e-006  -5.121069e-006  -5.569467e-006  -3.725156e-006  -2.040608e-006  -0.000000e+000  1.886765e-006  3.769425e-006  5.504055e-006  5.216214e-006  3.240696e-006  1.678460e-006  -0.000000e+000  -0.000000e+000  
-0.000000e+000  -0.000000e+000  -0.000000e+000  -0.000000e+000  -0.000000e+000  -0.000000e+000  -0.000000e+000  -0.000000e+000  -0.000000e+000  -0.000000e+000  -0.000000e+000  -0.000000e+000  -0.000000e+000  -0.000000e+000  -0.000000e+000  -0.000000e+000  -0.000000e+000  
-0.000000e+000  -0.000000e+000  -0.000000e+000  -0.000000e+000  -0.000000e+000  -0.000000e+000  -0.000000e+000  -0.000000e+000  -0.000000e+000  -0.000000e+000  -0.000000e+000  -0.000000e+000  -0.000000e+000  -0.000000e+000  -0.000000e+000  -0.000000e+000  -0.000000e+000  

0.000000e+000  0.000000e+000  0.000000e+000  0.000000e+000  0.000000e+000  0.000000e+000  0.000000e+000  0.000000e+000  0.000000e+000  0.000000e+000  0.000000e+000  0.000000e+000  0.000000e+000  0.000000e+000  0.000000e+000  0.000000e+000  0.000000e+000  
0.000000e+000  0.000000e+000  0.000000e+000  0.000000e+000  0.000000e+000  0.000000e+000  0.000000e+000  0.000000e+000  0.000000e+000  0.000000e+000  0.000000e+000  0.000000e+000  0.000000e+000  0.000000e+000  0.000000e+000  0.000000e+000  0.000000e+000  
0.000000e+000  0.000000e+000  0.000000e+000  0.000000e+000  0.000000e+000  0.000000e+000  0.000000e+000  0.000000e+000  0.000000e+000  0.000000e+000  0.000000e+000  0.000000e+000  0.000000e+000  0.000000e+000  0.000000e+000  0.000000e+000  0.000000e+000  
0.000000e+000  0.000000e+000  0.000000e+000  0.000000e+000  0.000000e+000  0.000000e+000  0.000000e+000  0.000000e+000  0.000000e+000  0.000000e+000  0.000000e+000  0.000000e+000  0.000000e+000  0.000000e+000  0.000000e+000  0.000000e+000  0.000000e+000  
0.000000e+000  0.000000e+000  0.000000e+000  0.000000e+000  0.000000e+000  0.000000e+000  0.000000e+000  0.000000e+000  0.000000e+000  0.000000e+000  0.000000e+000  0.000000e+000  0.000000e+000  0.000000e+000  0.000000e+000  0.000000e+000  0.000000e+000  
0.000000e+000  0.000000e+000  0.000000e+000  0.000000e+000  0.000000e+000  0.000000e+000  0.000000e+000  0.000000e+000  0.000000e+000  0.000000e+000  0.000000e+000  0.000000e+000  0.000000e+000  0.000000e+000  0.000000e+000  0.000000e+000  0.000000e+000  
0.000000e+000  0.000000e+000  0.000000e+000  0.000000e+000  0.000000e+000  0.000000e+000  0.000000e+000  0.000000e+000  0.000000e+000  0.000000e+000  0.000000e+000  0.000000e+000  0.000000e+000  0.000000e+000  0.000000e+000  0.000000e+000  0.000000e+000  
0.000000e+000  0.000000e+000  0.000000e+000  0.000000e+000  0.000000e+000  0.000000e+000  0.000000e+000  0.000000e+000  0.000000e+000  0.000000e+000  0.000000e+000  0.000000e+000  0.000000e+000  0.000000e+000  0.000000e+000  0.000000e+000  0.000000e+000  
0.000000e+000  0.000000e+000  0.000000e+000  0.000000e+000  0.000000e+000  0.000000e+000  0.000000e+000  0.000000e+000  0.000000e+000  0.000000e+000  0.000000e+000  0.000000e+000  0.000000e+000  0.000000e+000  0.000000e+000  0.000000e+000  0.000000e+000  
0.000000e+000  0.000000e+000  0.000000e+000  0.000000e+000  0.000000e+000  0.000000e+000  0.000000e+000  0.000000e+000  0.000000e+000  0.000000e+000  0.000000e+000  0.000000e+000  0.000000e+000  0.000000e+000  0.000000e+000  0.000000e+000  0.000000e+000  
0.000000e+000  0.000000e+000  0.000000e+000  0.000000e+000  0.000000e+000  0.000000e+000  0.000000e+000  0.000000e+000  0.000000e+000  0.000000e+000  0.000000e+000  0.000000e+000  0.000000e+000  0.000000e+000  0.000000e+000  0.000000e+000  0.000000e+000  
0.000000e+000  0.000000e+000  0.000000e+000  0.000000e+000  0.000000e+000  0.000000e+000  0.000000e+000  0.000000e+000  0.000000e+000  0.000000e+000  0.000000e+000  0.000000e+000  0.000000e+000  0.000000e+000  0.000000e+000  0.000000e+000  0.000000e+000  
0.000000e+000  0.000000e+000  0.000000e+000  0.000000e+000  0.000000e+000  0.000000e+000  0.000000e+000  0.000000e+000  0.000000e+000  0.000000e+000  0.000000e+000  0.000000e+000  0.000000e+000  0.000000e+000  0.000000e+000  0.000000e+000  0.000000e+000  
0.000000e+000  0.000000e+000  0.000000e+000  0.000000e+000  0.000000e+000  0.000000e+000  0.000000e+000  0.000000e+000  0.000000e+000  0.000000e+000  0.000000e+000  0.000000e+000  0.000000e+000  0.000000e+000  0.000000e+000  0.000000e+000  0.000000e+000  
0.000000e+000  0.000000e+000  0.000000e+000  0.000000e+000  0.000000e+000  0.000000e+000  0.000000e+000  0.000000e+000  0.000000e+000  0.000000e+000  0.000000e+000  0.000000e+000  0.000000e+000  0.000000e+000  0.000000e+000  0.000000e+000  0.000000e+000  
0.000000e+000  0.000000e+000  0.000000e+000  0.000000e+000  0.000000e+000  0.000000e+000  0.000000e+000  0.000000e+000  0.000000e+000  0.000000e+000  0.000000e+000  0.000000e+000  0.000000e+000  0.000000e+000  0.000000e+000  0.000000e+000  0.000000e+000  

0.000000e+000  0.000000e+000  0.000000e+000  0.000000e+000  0.000000e+000  0.000000e+000  0.000000e+000  0.000000e+000  0.000000e+000  0.000000e+000  0.000000e+000  0.000000e+000  0.000000e+000  0.000000e+000  0.000000e+000  0.000000e+000  0.000000e+000  
0.000000e+000  0.000000e+000  0.000000e+000  0.000000e+000  0.000000e+000  0.000000e+000  0.000000e+000  0.000000e+000  0.000000e+000  0.000000e+000  0.000000e+000  0.000000e+000  0.000000e+000  0.000000e+000  0.000000e+000  0.000000e+000  0.000000e+000  
0.000000e+000  0.000000e+000  0.000000e+000  0.000000e+000  0.000000e+000  0.000000e+000  0.000000e+000  0.000000e+000  0.000000e+000  0.000000e+000  0.000000e+000  0.000000e+000  0.000000e+000  0.000000e+000  0.000000e+000  0.000000e+000  0.000000e+000  
0.000000e+000  0.000000e+000  0.000000e+000  0.000000e+000  0.000000e+000  0.000000e+000  0.000000e+000  0.000000e+000  0.000000e+000  0.000000e+000  0.000000e+000  0.000000e+000  0.000000e+000  0.000000e+000  0.000000e+000  0.000000e+000  0.000000e+000  
0.000000e+000  0.000000e+000  0.000000e+000  0.000000e+000  0.000000e+000  0.000000e+000  0.000000e+000  0.000000e+000  0.000000e+000  0.000000e+000  0.000000e+000  0.000000e+000  0.000000e+000  0.000000e+000  0.000000e+000  0.000000e+000  0.000000e+000  
0.000000e+000  0.000000e+000  0.000000e+000  0.000000e+000  0.000000e+000  0.000000e+000  0.000000e+000  0.000000e+000  0.000000e+000  0.000000e+000  0.000000e+000  0.000000e+000  0.000000e+000  0.000000e+000  0.000000e+000  0.000000e+000  0.000000e+000  
0.000000e+000  0.000000e+000  0.000000e+000  0.000000e+000  0.000000e+000  0.000000e+000  0.000000e+000  0.000000e+000  0.000000e+000  0.000000e+000  0.000000e+000  0.000000e+000  0.000000e+000  0.000000e+000  0.000000e+000  0.000000e+000  0.000000e+000  
0.000000e+000  0.000000e+000  0.000000e+000  0.000000e+000  0.000000e+000  0.000000e+000  0.000000e+000  0.000000e+000  0.000000e+000  0.000000e+000  0.000000e+000  0.000000e+000  0.000000e+000  0.000000e+000  0.000000e+000  0.000000e+000  0.000000e+000  
0.000000e+000  0.000000e+000  0.000000e+000  0.000000e+000  0.000000e+000  0.000000e+000  0.000000e+000  0.000000e+000  0.000000e+000  0.000000e+000  0.000000e+000  0.000000e+000  0.000000e+000  0.000000e+000  0.000000e+000  0.000000e+000  0.000000e+000  
0.000000e+000  0.000000e+000  0.000000e+000  0.000000e+000  0.000000e+000  0.000000e+000  0.000000e+000  0.000000e+000  0.000000e+000  0.000000e+000  0.000000e+000  0.000000e+000  0.000000e+000  0.000000e+000  0.000000e+000  0.000000e+000  0.000000e+000  
0.000000e+000  0.000000e+000  0.000000e+000  0.000000e+000  0.000000e+000  0.000000e+000  0.000000e+000  0.000000e+000  0.000000e+000  0.000000e+000  0.000000e+000  0.000000e+000  0.000000e+000  0.000000e+000  0.000000e+000  0.000000e+000  0.000000e+000  
0.000000e+000  0.000000e+000  0.000000e+000  0.000000e+000  0.000000e+000  0.000000e+000  0.000000e+000  0.000000e+000  0.000000e+000  0.000000e+000  0.000000e+000  0.000000e+000  0.000000e+000  0.000000e+000  0.000000e+000  0.000000e+000  0.000000e+000  
0.000000e+000  0.000000e+000  0.000000e+000  0.000000e+000  0.000000e+000  0.000000e+000  0.000000e+000  0.000000e+000  0.000000e+000  0.000000e+000  0.000000e+000  0.000000e+000  0.000000e+000  0.000000e+000  0.000000e+000  0.000000e+000  0.000000e+000  
0.000000e+000  0.000000e+000  0.000000e+000  0.000000e+000  0.000000e+000  0.000000e+000  0.000000e+000  0.000000e+000  0.000000e+000  0.000000e+000  0.000000e+000  0.000000e+000  0.000000e+000  0.000000e+000  0.000000e+000  0.000000e+000  0.000000e+000  
0.000000e+000  0.000000e+000  0.000000e+000  0.000000e+000  0.000000e+000  0.000000e+000  0.000000e+000  0.000000e+000  0.000000e+000  0.000000e+000  0.000000e+000  0.000000e+000  0.000000e+000  0.000000e+000  0.000000e+000  0.000000e+000  0.000000e+000  
0.000000e+000  0.000000e+000  0.000000e+000  0.000000e+000  0.000000e+000  0.000000e+000  0.000000e+000  0.000000e+000  0.000000e+000  0.000000e+000  0.000000e+000  0.000000e+000  0.000000e+000  0.000000e+000  0.000000e+000  0.000000e+000  0.000000e+000  

0.000000e+000  0.000000e+000  0.000000e+000  0.000000e+000  0.000000e+000  0.000000e+000  0.000000e+000  0.000000e+000  0.000000e+000  0.000000e+000  0.000000e+000  0.000000e+000  0.000000e+000  0.000000e+000  0.000000e+000  0.000000e+000  0.000000e+000  
0.000000e+000  0.000000e+000  0.000000e+000  0.000000e+000  0.000000e+000  0.000000e+000  0.000000e+000  0.000000e+000  0.000000e+000  0.000000e+000  0.000000e+000  0.000000e+000  0.000000e+000  0.000000e+000  0.000000e+000  0.000000e+000  0.000000e+000  
0.000000e+000  0.000000e+000  0.000000e+000  0.000000e+000  0.000000e+000  0.000000e+000  0.000000e+000  0.000000e+000  0.000000e+000  0.000000e+000  0.000000e+000  0.000000e+000  0.000000e+000  0.000000e+000  0.000000e+000  0.000000e+000  0.000000e+000  
0.000000e+000  0.000000e+000  0.000000e+000  0.000000e+000  0.000000e+000  0.000000e+000  0.000000e+000  0.000000e+000  0.000000e+000  0.000000e+000  0.000000e+000  0.000000e+000  0.000000e+000  0.000000e+000  0.000000e+000  0.000000e+000  0.000000e+000  
0.000000e+000  0.000000e+000  0.000000e+000  0.000000e+000  0.000000e+000  0.000000e+000  0.000000e+000  0.000000e+000  0.000000e+000  0.000000e+000  0.000000e+000  0.000000e+000  0.000000e+000  0.000000e+000  0.000000e+000  0.000000e+000  0.000000e+000  
0.000000e+000  0.000000e+000  0.000000e+000  0.000000e+000  0.000000e+000  0.000000e+000  0.000000e+000  0.000000e+000  0.000000e+000  0.000000e+000  0.000000e+000  0.000000e+000  0.000000e+000  0.000000e+000  0.000000e+000  0.000000e+000  0.000000e+000  
0.000000e+000  0.000000e+000  0.000000e+000  0.000000e+000  0.000000e+000  0.000000e+000  0.000000e+000  0.000000e+000  0.000000e+000  0.000000e+000  0.000000e+000  0.000000e+000  0.000000e+000  0.000000e+000  0.000000e+000  0.000000e+000  0.000000e+000  
0.000000e+000  0.000000e+000  0.000000e+000  0.000000e+000  0.000000e+000  0.000000e+000  0.000000e+000  0.000000e+000  0.000000e+000  0.000000e+000  0.000000e+000  0.000000e+000  0.000000e+000  0.000000e+000  0.000000e+000  0.000000e+000  0.000000e+000  
0.000000e+000  0.000000e+000  0.000000e+000  0.000000e+000  0.000000e+000  0.000000e+000  0.000000e+000  0.000000e+000  0.000000e+000  0.000000e+000  0.000000e+000  0.000000e+000  0.000000e+000  0.000000e+000  0.000000e+000  0.000000e+000  0.000000e+000  
0.000000e+000  0.000000e+000  0.000000e+000  0.000000e+000  0.000000e+000  0.000000e+000  0.000000e+000  0.000000e+000  0.000000e+000  0.000000e+000  0.000000e+000  0.000000e+000  0.000000e+000  0.000000e+000  0.000000e+000  0.000000e+000  0.000000e+000  
0.000000e+000  0.000000e+000  0.000000e+000  0.000000e+000  0.000000e+000  0.000000e+000  0.000000e+000  0.000000e+000  0.000000e+000  0.000000e+000  0.000000e+000  0.000000e+000  0.000000e+000  0.000000e+000  0.000000e+000  0.000000e+000  0.000000e+000  
0.000000e+000  0.000000e+000  0.000000e+000  0.000000e+000  0.000000e+000  0.000000e+000  0.000000e+000  0.000000e+000  0.000000e+000  0.000000e+000  0.000000e+000  0.000000e+000  0.000000e+000  0.000000e+000  0.000000e+000  0.000000e+000  0.000000e+000  
0.000000e+000  0.000000e+000  0.000000e+000  0.000000e+000  0.000000e+000  0.000000e+000  0.000000e+000  0.000000e+000  0.000000e+000  0.000000e+000  0.000000e+000  0.000000e+000  0.000000e+000  0.000000e+000  0.000000e+000  0.000000e+000  0.000000e+000  
0.000000e+000  0.000000e+000  0.000000e+000  0.000000e+000  0.000000e+000  0.000000e+000  0.000000e+000  0.000000e+000  0.000000e+000  0.000000e+000  0.000000e+000  0.000000e+000  0.000000e+000  0.000000e+000  0.000000e+000  0.000000e+000  0.000000e+000  
0.000000e+000  0.000000e+000  0.000000e+000  0.000000e+000  0.000000e+000  0.000000e+000  0.000000e+000  0.000000e+000  0.000000e+000  0.000000e+000  0.000000e+000  0.000000e+000  0.000000e+000  0.000000e+000  0.000000e+000  0.000000e+000  0.000000e+000  
0.000000e+000  0.000000e+000  0.000000e+000  0.000000e+000  0.000000e+000  0.000000e+000  0.000000e+000  0.000000e+000  0.000000e+000  0.000000e+000  0.000000e+000  0.000000e+000  0.000000e+000  0.000000e+000  0.000000e+000  0.000000e+000  0.000000e+000  

