Port monitor named: Port2_h1.prt

nx        = 17
ny        = 16
nz        = 3

nu        = 17
nv        = 16
iu        = 1
iv        = 1

idir      = 2
dcut      = -5.000000e-002
icut      = 1
type      = 1
frequency = 7.500000e+009

fcutoff   = 7.493563e+009
alpha     = 0.000000e+000
beta      = 6.505522e+000
accuracy  = 3.573231e-013

type          = TE
wave imp.     = 9.102671e+003
wave imp.sig. = 2.241982e-004
line imp.     = 0.000000e+000

ref. port     = 0

0.000000e+000  0.000000e+000  0.000000e+000  0.000000e+000  0.000000e+000  0.000000e+000  0.000000e+000  0.000000e+000  0.000000e+000  0.000000e+000  0.000000e+000  0.000000e+000  0.000000e+000  0.000000e+000  0.000000e+000  0.000000e+000  0.000000e+000  
0.000000e+000  0.000000e+000  -1.170475e-001  -2.314432e-001  -3.405956e-001  -5.082770e-001  -6.572369e-001  -7.518436e-001  -7.842732e-001  -7.518436e-001  -6.572369e-001  -5.082770e-001  -3.405956e-001  -2.314432e-001  -1.170475e-001  0.000000e+000  0.000000e+000  
0.000000e+000  0.000000e+000  -1.170475e-001  -2.314432e-001  -3.405956e-001  -5.082770e-001  -6.572369e-001  -7.518436e-001  -7.842732e-001  -7.518436e-001  -6.572369e-001  -5.082770e-001  -3.405956e-001  -2.314432e-001  -1.170475e-001  0.000000e+000  0.000000e+000  
0.000000e+000  0.000000e+000  -1.170475e-001  -2.314432e-001  -3.405956e-001  -5.082770e-001  -6.572369e-001  -7.518436e-001  -7.842732e-001  -7.518436e-001  -6.572369e-001  -5.082770e-001  -3.405956e-001  -2.314432e-001  -1.170475e-001  0.000000e+000  0.000000e+000  
0.000000e+000  0.000000e+000  -1.170475e-001  -2.314432e-001  -3.405956e-001  -5.082770e-001  -6.572369e-001  -7.518436e-001  -7.842732e-001  -7.518436e-001  -6.572369e-001  -5.082770e-001  -3.405956e-001  -2.314432e-001  -1.170475e-001  0.000000e+000  0.000000e+000  
0.000000e+000  0.000000e+000  -1.170475e-001  -2.314432e-001  -3.405956e-001  -5.082770e-001  -6.572369e-001  -7.518436e-001  -7.842732e-001  -7.518436e-001  -6.572369e-001  -5.082770e-001  -3.405956e-001  -2.314432e-001  -1.170475e-001  0.000000e+000  0.000000e+000  
0.000000e+000  0.000000e+000  -1.170475e-001  -2.314432e-001  -3.405956e-001  -5.082770e-001  -6.572369e-001  -7.518436e-001  -7.842732e-001  -7.518436e-001  -6.572369e-001  -5.082770e-001  -3.405956e-001  -2.314432e-001  -1.170475e-001  0.000000e+000  0.000000e+000  
0.000000e+000  0.000000e+000  -1.170475e-001  -2.314432e-001  -3.405956e-001  -5.082770e-001  -6.572369e-001  -7.518436e-001  -7.842732e-001  -7.518436e-001  -6.572369e-001  -5.082770e-001  -3.405956e-001  -2.314432e-001  -1.170475e-001  0.000000e+000  0.000000e+000  
0.000000e+000  0.000000e+000  -1.170475e-001  -2.314432e-001  -3.405956e-001  -5.082770e-001  -6.572369e-001  -7.518436e-001  -7.842732e-001  -7.518436e-001  -6.572369e-001  -5.082770e-001  -3.405956e-001  -2.314432e-001  -1.170475e-001  0.000000e+000  0.000000e+000  
0.000000e+000  0.000000e+000  -1.170475e-001  -2.314432e-001  -3.405956e-001  -5.082770e-001  -6.572369e-001  -7.518436e-001  -7.842732e-001  -7.518436e-001  -6.572369e-001  -5.082770e-001  -3.405956e-001  -2.314432e-001  -1.170475e-001  0.000000e+000  0.000000e+000  
0.000000e+000  0.000000e+000  -1.170475e-001  -2.314432e-001  -3.405956e-001  -5.082770e-001  -6.572369e-001  -7.518436e-001  -7.842732e-001  -7.518436e-001  -6.572369e-001  -5.082770e-001  -3.405956e-001  -2.314432e-001  -1.170475e-001  0.000000e+000  0.000000e+000  
0.000000e+000  0.000000e+000  -1.170475e-001  -2.314432e-001  -3.405956e-001  -5.082770e-001  -6.572369e-001  -7.518436e-001  -7.842732e-001  -7.518436e-001  -6.572369e-001  -5.082770e-001  -3.405956e-001  -2.314432e-001  -1.170475e-001  0.000000e+000  0.000000e+000  
0.000000e+000  0.000000e+000  -1.170475e-001  -2.314432e-001  -3.405956e-001  -5.082770e-001  -6.572369e-001  -7.518436e-001  -7.842732e-001  -7.518436e-001  -6.572369e-001  -5.082770e-001  -3.405956e-001  -2.314432e-001  -1.170475e-001  0.000000e+000  0.000000e+000  
0.000000e+000  0.000000e+000  -1.170475e-001  -2.314432e-001  -3.405956e-001  -5.082770e-001  -6.572369e-001  -7.518436e-001  -7.842732e-001  -7.518436e-001  -6.572369e-001  -5.082770e-001  -3.405956e-001  -2.314432e-001  -1.170475e-001  0.000000e+000  0.000000e+000  
0.000000e+000  0.000000e+000  0.000000e+000  0.000000e+000  0.000000e+000  0.000000e+000  0.000000e+000  0.000000e+000  0.000000e+000  0.000000e+000  0.000000e+000  0.000000e+000  0.000000e+000  0.000000e+000  0.000000e+000  0.000000e+000  0.000000e+000  
0.000000e+000  0.000000e+000  0.000000e+000  0.000000e+000  0.000000e+000  0.000000e+000  0.000000e+000  0.000000e+000  0.000000e+000  0.000000e+000  0.000000e+000  0.000000e+000  0.000000e+000  0.000000e+000  0.000000e+000  0.000000e+000  0.000000e+000  

0.000000e+000  0.000000e+000  0.000000e+000  0.000000e+000  0.000000e+000  0.000000e+000  0.000000e+000  0.000000e+000  0.000000e+000  0.000000e+000  0.000000e+000  0.000000e+000  0.000000e+000  0.000000e+000  0.000000e+000  0.000000e+000  0.000000e+000  
0.000000e+000  0.000000e+000  0.000000e+000  0.000000e+000  0.000000e+000  0.000000e+000  0.000000e+000  0.000000e+000  0.000000e+000  0.000000e+000  0.000000e+000  0.000000e+000  0.000000e+000  0.000000e+000  0.000000e+000  0.000000e+000  0.000000e+000  
0.000000e+000  -8.554973e-010  -2.493486e-009  0.000000e+000  -4.013420e-010  2.296171e-009  1.761174e-009  5.599546e-010  -2.495998e-010  -1.530712e-009  -2.779375e-009  0.000000e+000  2.716533e-009  -1.630134e-009  2.998904e-009  0.000000e+000  0.000000e+000  
0.000000e+000  -5.121757e-009  -4.726545e-010  -2.113774e-009  -7.329482e-010  5.920357e-009  3.056893e-009  6.922884e-010  -8.336935e-010  -3.021538e-009  -6.228105e-009  1.303814e-009  -8.196112e-010  5.383039e-009  2.965806e-009  0.000000e+000  0.000000e+000  
0.000000e+000  -6.251050e-009  -5.627606e-009  0.000000e+000  -3.894621e-009  1.235165e-008  4.276880e-009  1.348617e-009  -1.200657e-009  -4.231065e-009  -1.239162e-008  3.845977e-009  9.286691e-010  3.659589e-009  7.056905e-009  0.000000e+000  0.000000e+000  
0.000000e+000  -1.796435e-008  -1.672563e-008  -1.768134e-008  -1.673350e-008  -1.685716e-008  -9.251583e-009  -3.112998e-009  3.187598e-009  9.127795e-009  1.693962e-008  1.646938e-008  1.848875e-008  1.632685e-008  1.794022e-008  0.000000e+000  0.000000e+000  
0.000000e+000  -1.086876e-008  -1.060412e-008  -1.066118e-008  -1.048224e-008  -9.140449e-009  -5.583260e-009  -1.751364e-009  1.872436e-009  5.636244e-009  8.885052e-009  1.028919e-008  1.138791e-008  1.053497e-008  1.069390e-008  0.000000e+000  0.000000e+000  
0.000000e+000  -3.916098e-009  -3.394805e-009  -3.315640e-009  -3.447130e-009  -3.212486e-009  -1.594129e-009  -5.989025e-010  4.796994e-010  1.998051e-009  2.693240e-009  3.326291e-009  3.474500e-009  4.491542e-009  3.313476e-009  0.000000e+000  0.000000e+000  
0.000000e+000  3.899867e-009  3.969625e-009  3.633383e-009  3.205866e-009  2.934841e-009  1.772173e-009  5.549858e-010  -3.147556e-010  -2.040012e-009  -3.051449e-009  -3.308667e-009  -4.413974e-009  -2.494816e-009  -4.144431e-009  0.000000e+000  0.000000e+000  
0.000000e+000  1.086091e-008  1.060816e-008  1.105205e-008  1.031830e-008  8.906005e-009  5.555065e-009  2.166414e-009  -2.222781e-009  -5.308950e-009  -9.224277e-009  -9.965887e-009  -1.160377e-008  -1.026891e-008  -1.100202e-008  0.000000e+000  0.000000e+000  
0.000000e+000  1.744083e-008  1.732292e-008  1.798216e-008  1.636626e-008  1.691932e-008  9.226001e-009  2.915893e-009  -2.912010e-009  -9.117373e-009  -1.704836e-008  -1.645323e-008  -1.804724e-008  -1.692266e-008  -1.759723e-008  0.000000e+000  0.000000e+000  
0.000000e+000  6.959958e-009  3.979199e-009  1.227648e-009  3.631625e-009  -1.235363e-008  -4.322705e-009  -1.013398e-009  1.014717e-009  4.178670e-009  1.238570e-008  -3.790748e-009  1.160946e-009  -7.292254e-009  -5.553965e-009  0.000000e+000  0.000000e+000  
0.000000e+000  2.030772e-009  5.621367e-009  -7.295477e-010  1.314873e-009  -6.199291e-009  -3.101399e-009  -8.795150e-010  1.040603e-009  3.241523e-009  6.070947e-009  -6.401364e-010  -3.350927e-009  6.012742e-010  -5.649041e-009  0.000000e+000  0.000000e+000  
0.000000e+000  2.210214e-009  6.609072e-010  1.345569e-009  3.387250e-010  -2.906376e-009  -1.584396e-009  -2.273421e-010  2.784235e-010  1.431199e-009  2.487348e-009  -5.324646e-010  1.190026e-009  -3.226549e-009  -8.554948e-010  0.000000e+000  0.000000e+000  
0.000000e+000  0.000000e+000  0.000000e+000  0.000000e+000  0.000000e+000  0.000000e+000  0.000000e+000  0.000000e+000  0.000000e+000  0.000000e+000  0.000000e+000  0.000000e+000  0.000000e+000  0.000000e+000  0.000000e+000  0.000000e+000  0.000000e+000  
0.000000e+000  0.000000e+000  0.000000e+000  0.000000e+000  0.000000e+000  0.000000e+000  0.000000e+000  0.000000e+000  0.000000e+000  0.000000e+000  0.000000e+000  0.000000e+000  0.000000e+000  0.000000e+000  0.000000e+000  0.000000e+000  0.000000e+000  

0.000000e+000  0.000000e+000  0.000000e+000  0.000000e+000  0.000000e+000  0.000000e+000  0.000000e+000  0.000000e+000  0.000000e+000  0.000000e+000  0.000000e+000  0.000000e+000  0.000000e+000  0.000000e+000  0.000000e+000  0.000000e+000  0.000000e+000  
0.000000e+000  0.000000e+000  0.000000e+000  0.000000e+000  0.000000e+000  0.000000e+000  0.000000e+000  0.000000e+000  0.000000e+000  0.000000e+000  0.000000e+000  0.000000e+000  0.000000e+000  0.000000e+000  0.000000e+000  0.000000e+000  0.000000e+000  
0.000000e+000  0.000000e+000  0.000000e+000  0.000000e+000  0.000000e+000  0.000000e+000  0.000000e+000  0.000000e+000  0.000000e+000  0.000000e+000  0.000000e+000  0.000000e+000  0.000000e+000  0.000000e+000  0.000000e+000  0.000000e+000  0.000000e+000  
0.000000e+000  0.000000e+000  0.000000e+000  0.000000e+000  0.000000e+000  0.000000e+000  0.000000e+000  0.000000e+000  0.000000e+000  0.000000e+000  0.000000e+000  0.000000e+000  0.000000e+000  0.000000e+000  0.000000e+000  0.000000e+000  0.000000e+000  
0.000000e+000  0.000000e+000  0.000000e+000  0.000000e+000  0.000000e+000  0.000000e+000  0.000000e+000  0.000000e+000  0.000000e+000  0.000000e+000  0.000000e+000  0.000000e+000  0.000000e+000  0.000000e+000  0.000000e+000  0.000000e+000  0.000000e+000  
0.000000e+000  0.000000e+000  0.000000e+000  0.000000e+000  0.000000e+000  0.000000e+000  0.000000e+000  0.000000e+000  0.000000e+000  0.000000e+000  0.000000e+000  0.000000e+000  0.000000e+000  0.000000e+000  0.000000e+000  0.000000e+000  0.000000e+000  
0.000000e+000  0.000000e+000  0.000000e+000  0.000000e+000  0.000000e+000  0.000000e+000  0.000000e+000  0.000000e+000  0.000000e+000  0.000000e+000  0.000000e+000  0.000000e+000  0.000000e+000  0.000000e+000  0.000000e+000  0.000000e+000  0.000000e+000  
0.000000e+000  0.000000e+000  0.000000e+000  0.000000e+000  0.000000e+000  0.000000e+000  0.000000e+000  0.000000e+000  0.000000e+000  0.000000e+000  0.000000e+000  0.000000e+000  0.000000e+000  0.000000e+000  0.000000e+000  0.000000e+000  0.000000e+000  
0.000000e+000  0.000000e+000  0.000000e+000  0.000000e+000  0.000000e+000  0.000000e+000  0.000000e+000  0.000000e+000  0.000000e+000  0.000000e+000  0.000000e+000  0.000000e+000  0.000000e+000  0.000000e+000  0.000000e+000  0.000000e+000  0.000000e+000  
0.000000e+000  0.000000e+000  0.000000e+000  0.000000e+000  0.000000e+000  0.000000e+000  0.000000e+000  0.000000e+000  0.000000e+000  0.000000e+000  0.000000e+000  0.000000e+000  0.000000e+000  0.000000e+000  0.000000e+000  0.000000e+000  0.000000e+000  
0.000000e+000  0.000000e+000  0.000000e+000  0.000000e+000  0.000000e+000  0.000000e+000  0.000000e+000  0.000000e+000  0.000000e+000  0.000000e+000  0.000000e+000  0.000000e+000  0.000000e+000  0.000000e+000  0.000000e+000  0.000000e+000  0.000000e+000  
0.000000e+000  0.000000e+000  0.000000e+000  0.000000e+000  0.000000e+000  0.000000e+000  0.000000e+000  0.000000e+000  0.000000e+000  0.000000e+000  0.000000e+000  0.000000e+000  0.000000e+000  0.000000e+000  0.000000e+000  0.000000e+000  0.000000e+000  
0.000000e+000  0.000000e+000  0.000000e+000  0.000000e+000  0.000000e+000  0.000000e+000  0.000000e+000  0.000000e+000  0.000000e+000  0.000000e+000  0.000000e+000  0.000000e+000  0.000000e+000  0.000000e+000  0.000000e+000  0.000000e+000  0.000000e+000  
0.000000e+000  0.000000e+000  0.000000e+000  0.000000e+000  0.000000e+000  0.000000e+000  0.000000e+000  0.000000e+000  0.000000e+000  0.000000e+000  0.000000e+000  0.000000e+000  0.000000e+000  0.000000e+000  0.000000e+000  0.000000e+000  0.000000e+000  
0.000000e+000  0.000000e+000  0.000000e+000  0.000000e+000  0.000000e+000  0.000000e+000  0.000000e+000  0.000000e+000  0.000000e+000  0.000000e+000  0.000000e+000  0.000000e+000  0.000000e+000  0.000000e+000  0.000000e+000  0.000000e+000  0.000000e+000  
0.000000e+000  0.000000e+000  0.000000e+000  0.000000e+000  0.000000e+000  0.000000e+000  0.000000e+000  0.000000e+000  0.000000e+000  0.000000e+000  0.000000e+000  0.000000e+000  0.000000e+000  0.000000e+000  0.000000e+000  0.000000e+000  0.000000e+000  

0.000000e+000  0.000000e+000  0.000000e+000  0.000000e+000  0.000000e+000  0.000000e+000  0.000000e+000  0.000000e+000  0.000000e+000  0.000000e+000  0.000000e+000  0.000000e+000  0.000000e+000  0.000000e+000  0.000000e+000  0.000000e+000  0.000000e+000  
0.000000e+000  0.000000e+000  0.000000e+000  0.000000e+000  0.000000e+000  0.000000e+000  0.000000e+000  0.000000e+000  0.000000e+000  0.000000e+000  0.000000e+000  0.000000e+000  0.000000e+000  0.000000e+000  0.000000e+000  0.000000e+000  0.000000e+000  
0.000000e+000  0.000000e+000  0.000000e+000  0.000000e+000  0.000000e+000  0.000000e+000  0.000000e+000  0.000000e+000  0.000000e+000  0.000000e+000  0.000000e+000  0.000000e+000  0.000000e+000  0.000000e+000  0.000000e+000  0.000000e+000  0.000000e+000  
0.000000e+000  0.000000e+000  0.000000e+000  0.000000e+000  0.000000e+000  0.000000e+000  0.000000e+000  0.000000e+000  0.000000e+000  0.000000e+000  0.000000e+000  0.000000e+000  0.000000e+000  0.000000e+000  0.000000e+000  0.000000e+000  0.000000e+000  
0.000000e+000  0.000000e+000  0.000000e+000  0.000000e+000  0.000000e+000  0.000000e+000  0.000000e+000  0.000000e+000  0.000000e+000  0.000000e+000  0.000000e+000  0.000000e+000  0.000000e+000  0.000000e+000  0.000000e+000  0.000000e+000  0.000000e+000  
0.000000e+000  0.000000e+000  0.000000e+000  0.000000e+000  0.000000e+000  0.000000e+000  0.000000e+000  0.000000e+000  0.000000e+000  0.000000e+000  0.000000e+000  0.000000e+000  0.000000e+000  0.000000e+000  0.000000e+000  0.000000e+000  0.000000e+000  
0.000000e+000  0.000000e+000  0.000000e+000  0.000000e+000  0.000000e+000  0.000000e+000  0.000000e+000  0.000000e+000  0.000000e+000  0.000000e+000  0.000000e+000  0.000000e+000  0.000000e+000  0.000000e+000  0.000000e+000  0.000000e+000  0.000000e+000  
0.000000e+000  0.000000e+000  0.000000e+000  0.000000e+000  0.000000e+000  0.000000e+000  0.000000e+000  0.000000e+000  0.000000e+000  0.000000e+000  0.000000e+000  0.000000e+000  0.000000e+000  0.000000e+000  0.000000e+000  0.000000e+000  0.000000e+000  
0.000000e+000  0.000000e+000  0.000000e+000  0.000000e+000  0.000000e+000  0.000000e+000  0.000000e+000  0.000000e+000  0.000000e+000  0.000000e+000  0.000000e+000  0.000000e+000  0.000000e+000  0.000000e+000  0.000000e+000  0.000000e+000  0.000000e+000  
0.000000e+000  0.000000e+000  0.000000e+000  0.000000e+000  0.000000e+000  0.000000e+000  0.000000e+000  0.000000e+000  0.000000e+000  0.000000e+000  0.000000e+000  0.000000e+000  0.000000e+000  0.000000e+000  0.000000e+000  0.000000e+000  0.000000e+000  
0.000000e+000  0.000000e+000  0.000000e+000  0.000000e+000  0.000000e+000  0.000000e+000  0.000000e+000  0.000000e+000  0.000000e+000  0.000000e+000  0.000000e+000  0.000000e+000  0.000000e+000  0.000000e+000  0.000000e+000  0.000000e+000  0.000000e+000  
0.000000e+000  0.000000e+000  0.000000e+000  0.000000e+000  0.000000e+000  0.000000e+000  0.000000e+000  0.000000e+000  0.000000e+000  0.000000e+000  0.000000e+000  0.000000e+000  0.000000e+000  0.000000e+000  0.000000e+000  0.000000e+000  0.000000e+000  
0.000000e+000  0.000000e+000  0.000000e+000  0.000000e+000  0.000000e+000  0.000000e+000  0.000000e+000  0.000000e+000  0.000000e+000  0.000000e+000  0.000000e+000  0.000000e+000  0.000000e+000  0.000000e+000  0.000000e+000  0.000000e+000  0.000000e+000  
0.000000e+000  0.000000e+000  0.000000e+000  0.000000e+000  0.000000e+000  0.000000e+000  0.000000e+000  0.000000e+000  0.000000e+000  0.000000e+000  0.000000e+000  0.000000e+000  0.000000e+000  0.000000e+000  0.000000e+000  0.000000e+000  0.000000e+000  
0.000000e+000  0.000000e+000  0.000000e+000  0.000000e+000  0.000000e+000  0.000000e+000  0.000000e+000  0.000000e+000  0.000000e+000  0.000000e+000  0.000000e+000  0.000000e+000  0.000000e+000  0.000000e+000  0.000000e+000  0.000000e+000  0.000000e+000  
0.000000e+000  0.000000e+000  0.000000e+000  0.000000e+000  0.000000e+000  0.000000e+000  0.000000e+000  0.000000e+000  0.000000e+000  0.000000e+000  0.000000e+000  0.000000e+000  0.000000e+000  0.000000e+000  0.000000e+000  0.000000e+000  0.000000e+000  

0.000000e+000  0.000000e+000  0.000000e+000  0.000000e+000  0.000000e+000  0.000000e+000  0.000000e+000  0.000000e+000  0.000000e+000  0.000000e+000  0.000000e+000  0.000000e+000  0.000000e+000  0.000000e+000  0.000000e+000  0.000000e+000  0.000000e+000  
0.000000e+000  0.000000e+000  0.000000e+000  0.000000e+000  0.000000e+000  0.000000e+000  0.000000e+000  0.000000e+000  0.000000e+000  0.000000e+000  0.000000e+000  0.000000e+000  0.000000e+000  0.000000e+000  0.000000e+000  0.000000e+000  0.000000e+000  
0.000000e+000  0.000000e+000  0.000000e+000  0.000000e+000  0.000000e+000  0.000000e+000  0.000000e+000  0.000000e+000  0.000000e+000  0.000000e+000  0.000000e+000  0.000000e+000  0.000000e+000  0.000000e+000  0.000000e+000  0.000000e+000  0.000000e+000  
0.000000e+000  0.000000e+000  0.000000e+000  0.000000e+000  0.000000e+000  0.000000e+000  0.000000e+000  0.000000e+000  0.000000e+000  0.000000e+000  0.000000e+000  0.000000e+000  0.000000e+000  0.000000e+000  0.000000e+000  0.000000e+000  0.000000e+000  
0.000000e+000  0.000000e+000  0.000000e+000  0.000000e+000  0.000000e+000  0.000000e+000  0.000000e+000  0.000000e+000  0.000000e+000  0.000000e+000  0.000000e+000  0.000000e+000  0.000000e+000  0.000000e+000  0.000000e+000  0.000000e+000  0.000000e+000  
0.000000e+000  0.000000e+000  0.000000e+000  0.000000e+000  0.000000e+000  0.000000e+000  0.000000e+000  0.000000e+000  0.000000e+000  0.000000e+000  0.000000e+000  0.000000e+000  0.000000e+000  0.000000e+000  0.000000e+000  0.000000e+000  0.000000e+000  
0.000000e+000  0.000000e+000  0.000000e+000  0.000000e+000  0.000000e+000  0.000000e+000  0.000000e+000  0.000000e+000  0.000000e+000  0.000000e+000  0.000000e+000  0.000000e+000  0.000000e+000  0.000000e+000  0.000000e+000  0.000000e+000  0.000000e+000  
0.000000e+000  0.000000e+000  0.000000e+000  0.000000e+000  0.000000e+000  0.000000e+000  0.000000e+000  0.000000e+000  0.000000e+000  0.000000e+000  0.000000e+000  0.000000e+000  0.000000e+000  0.000000e+000  0.000000e+000  0.000000e+000  0.000000e+000  
0.000000e+000  0.000000e+000  0.000000e+000  0.000000e+000  0.000000e+000  0.000000e+000  0.000000e+000  0.000000e+000  0.000000e+000  0.000000e+000  0.000000e+000  0.000000e+000  0.000000e+000  0.000000e+000  0.000000e+000  0.000000e+000  0.000000e+000  
0.000000e+000  0.000000e+000  0.000000e+000  0.000000e+000  0.000000e+000  0.000000e+000  0.000000e+000  0.000000e+000  0.000000e+000  0.000000e+000  0.000000e+000  0.000000e+000  0.000000e+000  0.000000e+000  0.000000e+000  0.000000e+000  0.000000e+000  
0.000000e+000  0.000000e+000  0.000000e+000  0.000000e+000  0.000000e+000  0.000000e+000  0.000000e+000  0.000000e+000  0.000000e+000  0.000000e+000  0.000000e+000  0.000000e+000  0.000000e+000  0.000000e+000  0.000000e+000  0.000000e+000  0.000000e+000  
0.000000e+000  0.000000e+000  0.000000e+000  0.000000e+000  0.000000e+000  0.000000e+000  0.000000e+000  0.000000e+000  0.000000e+000  0.000000e+000  0.000000e+000  0.000000e+000  0.000000e+000  0.000000e+000  0.000000e+000  0.000000e+000  0.000000e+000  
0.000000e+000  0.000000e+000  0.000000e+000  0.000000e+000  0.000000e+000  0.000000e+000  0.000000e+000  0.000000e+000  0.000000e+000  0.000000e+000  0.000000e+000  0.000000e+000  0.000000e+000  0.000000e+000  0.000000e+000  0.000000e+000  0.000000e+000  
0.000000e+000  0.000000e+000  0.000000e+000  0.000000e+000  0.000000e+000  0.000000e+000  0.000000e+000  0.000000e+000  0.000000e+000  0.000000e+000  0.000000e+000  0.000000e+000  0.000000e+000  0.000000e+000  0.000000e+000  0.000000e+000  0.000000e+000  
0.000000e+000  0.000000e+000  0.000000e+000  0.000000e+000  0.000000e+000  0.000000e+000  0.000000e+000  0.000000e+000  0.000000e+000  0.000000e+000  0.000000e+000  0.000000e+000  0.000000e+000  0.000000e+000  0.000000e+000  0.000000e+000  0.000000e+000  
0.000000e+000  0.000000e+000  0.000000e+000  0.000000e+000  0.000000e+000  0.000000e+000  0.000000e+000  0.000000e+000  0.000000e+000  0.000000e+000  0.000000e+000  0.000000e+000  0.000000e+000  0.000000e+000  0.000000e+000  0.000000e+000  0.000000e+000  

-0.000000e+000  -0.000000e+000  -0.000000e+000  -0.000000e+000  -0.000000e+000  -0.000000e+000  -0.000000e+000  -0.000000e+000  -0.000000e+000  -0.000000e+000  -0.000000e+000  -0.000000e+000  -0.000000e+000  -0.000000e+000  -0.000000e+000  -0.000000e+000  -0.000000e+000  
-0.000000e+000  1.876560e+001  1.834047e+001  1.749983e+001  1.583088e+001  1.249973e+001  7.938767e+000  2.721272e+000  -2.721272e+000  -7.938767e+000  -1.249973e+001  -1.583088e+001  -1.749983e+001  -1.834047e+001  -1.876560e+001  -0.000000e+000  -0.000000e+000  
-0.000000e+000  1.876560e+001  1.834047e+001  1.749983e+001  1.583088e+001  1.249973e+001  7.938767e+000  2.721272e+000  -2.721272e+000  -7.938767e+000  -1.249973e+001  -1.583088e+001  -1.749983e+001  -1.834047e+001  -1.876560e+001  -0.000000e+000  -0.000000e+000  
-0.000000e+000  1.876560e+001  1.834047e+001  1.749983e+001  1.583088e+001  1.249973e+001  7.938767e+000  2.721272e+000  -2.721272e+000  -7.938767e+000  -1.249973e+001  -1.583088e+001  -1.749983e+001  -1.834047e+001  -1.876560e+001  -0.000000e+000  -0.000000e+000  
-0.000000e+000  1.876560e+001  1.834047e+001  1.749983e+001  1.583088e+001  1.249973e+001  7.938767e+000  2.721272e+000  -2.721272e+000  -7.938767e+000  -1.249973e+001  -1.583088e+001  -1.749983e+001  -1.834047e+001  -1.876560e+001  -0.000000e+000  -0.000000e+000  
-0.000000e+000  1.876560e+001  1.834047e+001  1.749983e+001  1.583088e+001  1.249973e+001  7.938767e+000  2.721272e+000  -2.721272e+000  -7.938767e+000  -1.249973e+001  -1.583088e+001  -1.749983e+001  -1.834047e+001  -1.876560e+001  -0.000000e+000  -0.000000e+000  
-0.000000e+000  1.876560e+001  1.834047e+001  1.749983e+001  1.583088e+001  1.249973e+001  7.938767e+000  2.721272e+000  -2.721272e+000  -7.938767e+000  -1.249973e+001  -1.583088e+001  -1.749983e+001  -1.834047e+001  -1.876560e+001  -0.000000e+000  -0.000000e+000  
-0.000000e+000  1.876560e+001  1.834047e+001  1.749983e+001  1.583088e+001  1.249973e+001  7.938767e+000  2.721272e+000  -2.721272e+000  -7.938767e+000  -1.249973e+001  -1.583088e+001  -1.749983e+001  -1.834047e+001  -1.876560e+001  -0.000000e+000  -0.000000e+000  
-0.000000e+000  1.876560e+001  1.834047e+001  1.749983e+001  1.583088e+001  1.249973e+001  7.938767e+000  2.721272e+000  -2.721272e+000  -7.938767e+000  -1.249973e+001  -1.583088e+001  -1.749983e+001  -1.834047e+001  -1.876560e+001  -0.000000e+000  -0.000000e+000  
-0.000000e+000  1.876560e+001  1.834047e+001  1.749983e+001  1.583088e+001  1.249973e+001  7.938767e+000  2.721272e+000  -2.721272e+000  -7.938767e+000  -1.249973e+001  -1.583088e+001  -1.749983e+001  -1.834047e+001  -1.876560e+001  -0.000000e+000  -0.000000e+000  
-0.000000e+000  1.876560e+001  1.834047e+001  1.749983e+001  1.583088e+001  1.249973e+001  7.938767e+000  2.721272e+000  -2.721272e+000  -7.938767e+000  -1.249973e+001  -1.583088e+001  -1.749983e+001  -1.834047e+001  -1.876560e+001  -0.000000e+000  -0.000000e+000  
-0.000000e+000  1.876560e+001  1.834047e+001  1.749983e+001  1.583088e+001  1.249973e+001  7.938767e+000  2.721272e+000  -2.721272e+000  -7.938767e+000  -1.249973e+001  -1.583088e+001  -1.749983e+001  -1.834047e+001  -1.876560e+001  -0.000000e+000  -0.000000e+000  
-0.000000e+000  1.876560e+001  1.834047e+001  1.749983e+001  1.583088e+001  1.249973e+001  7.938767e+000  2.721272e+000  -2.721272e+000  -7.938767e+000  -1.249973e+001  -1.583088e+001  -1.749983e+001  -1.834047e+001  -1.876560e+001  -0.000000e+000  -0.000000e+000  
-0.000000e+000  1.876560e+001  1.834047e+001  1.749983e+001  1.583088e+001  1.249973e+001  7.938767e+000  2.721272e+000  -2.721272e+000  -7.938767e+000  -1.249973e+001  -1.583088e+001  -1.749983e+001  -1.834047e+001  -1.876560e+001  -0.000000e+000  -0.000000e+000  
-0.000000e+000  -0.000000e+000  -0.000000e+000  -0.000000e+000  -0.000000e+000  -0.000000e+000  -0.000000e+000  -0.000000e+000  -0.000000e+000  -0.000000e+000  -0.000000e+000  -0.000000e+000  -0.000000e+000  -0.000000e+000  -0.000000e+000  -0.000000e+000  -0.000000e+000  
-0.000000e+000  -0.000000e+000  -0.000000e+000  -0.000000e+000  -0.000000e+000  -0.000000e+000  -0.000000e+000  -0.000000e+000  -0.000000e+000  -0.000000e+000  -0.000000e+000  -0.000000e+000  -0.000000e+000  -0.000000e+000  -0.000000e+000  -0.000000e+000  -0.000000e+000  

