Port monitor named: Port1_e3.prt

nx        = 17
ny        = 16
nz        = 3

nu        = 17
nv        = 16
iu        = 1
iv        = 1

idir      = 2
dcut      = 5.000000e-002
icut      = 3
type      = 0
frequency = 7.500000e+009

fcutoff   = 1.120827e+010
alpha     = 1.743292e+002
beta      = 0.000000e+000
accuracy  = 1.092387e-009

type          = UNDEF
wave imp.     = 3.384228e+002
wave imp.sig. = 3.322433e+002
line imp.     = 1.190962e+002

ref. port     = 0

-0.000000e+000  -0.000000e+000  -0.000000e+000  -0.000000e+000  -0.000000e+000  -0.000000e+000  -0.000000e+000  -0.000000e+000  -0.000000e+000  -0.000000e+000  -0.000000e+000  -0.000000e+000  -0.000000e+000  -0.000000e+000  -0.000000e+000  -0.000000e+000  -0.000000e+000  
-0.000000e+000  -0.000000e+000  -0.000000e+000  -0.000000e+000  -0.000000e+000  -0.000000e+000  -0.000000e+000  -0.000000e+000  -0.000000e+000  -0.000000e+000  -0.000000e+000  -0.000000e+000  -0.000000e+000  -0.000000e+000  -0.000000e+000  -0.000000e+000  -0.000000e+000  
-0.000000e+000  -3.932966e+002  -3.843864e+002  -3.667680e+002  -3.317895e+002  -2.619740e+002  -1.663837e+002  -5.703344e+001  5.703344e+001  1.663837e+002  2.619740e+002  3.317895e+002  3.667680e+002  3.843864e+002  3.932966e+002  -0.000000e+000  -0.000000e+000  
-0.000000e+000  -7.756922e+002  -7.581189e+002  -7.233703e+002  -6.543829e+002  -5.166870e+002  -3.281557e+002  -1.124861e+002  1.124861e+002  3.281557e+002  5.166870e+002  6.543829e+002  7.233703e+002  7.581189e+002  7.756922e+002  -0.000000e+000  -0.000000e+000  
-0.000000e+000  -1.136588e+003  -1.110839e+003  -1.059923e+003  -9.588388e+002  -7.570789e+002  -4.808322e+002  -1.648210e+002  1.648210e+002  4.808322e+002  7.570789e+002  9.588388e+002  1.059923e+003  1.110839e+003  1.136588e+003  -0.000000e+000  -0.000000e+000  
-0.000000e+000  -1.671231e+003  -1.633369e+003  -1.558504e+003  -1.409870e+003  -1.113204e+003  -7.070124e+002  -2.423516e+002  2.423516e+002  7.070124e+002  1.113204e+003  1.409870e+003  1.558504e+003  1.633369e+003  1.671231e+003  -0.000000e+000  -0.000000e+000  
-0.000000e+000  -2.119622e+003  -2.071602e+003  -1.976650e+003  -1.788138e+003  -1.411876e+003  -8.967037e+002  -3.073745e+002  3.073745e+002  8.967037e+002  1.411876e+003  1.788138e+003  1.976650e+003  2.071602e+003  2.119622e+003  -0.000000e+000  -0.000000e+000  
-0.000000e+000  -2.355641e+003  -2.302274e+003  -2.196749e+003  -1.987246e+003  -1.569088e+003  -9.965513e+002  -3.416005e+002  3.416005e+002  9.965513e+002  1.569088e+003  1.987246e+003  2.196749e+003  2.302274e+003  2.355641e+003  -0.000000e+000  -0.000000e+000  
-0.000000e+000  -2.355641e+003  -2.302274e+003  -2.196749e+003  -1.987246e+003  -1.569088e+003  -9.965513e+002  -3.416005e+002  3.416005e+002  9.965513e+002  1.569088e+003  1.987246e+003  2.196749e+003  2.302274e+003  2.355641e+003  -0.000000e+000  -0.000000e+000  
-0.000000e+000  -2.119622e+003  -2.071602e+003  -1.976650e+003  -1.788138e+003  -1.411876e+003  -8.967037e+002  -3.073745e+002  3.073745e+002  8.967037e+002  1.411876e+003  1.788138e+003  1.976650e+003  2.071602e+003  2.119622e+003  -0.000000e+000  -0.000000e+000  
-0.000000e+000  -1.671231e+003  -1.633369e+003  -1.558504e+003  -1.409870e+003  -1.113204e+003  -7.070124e+002  -2.423516e+002  2.423516e+002  7.070124e+002  1.113204e+003  1.409870e+003  1.558504e+003  1.633369e+003  1.671231e+003  -0.000000e+000  -0.000000e+000  
-0.000000e+000  -1.136588e+003  -1.110839e+003  -1.059923e+003  -9.588388e+002  -7.570789e+002  -4.808322e+002  -1.648210e+002  1.648210e+002  4.808322e+002  7.570789e+002  9.588388e+002  1.059923e+003  1.110839e+003  1.136588e+003  -0.000000e+000  -0.000000e+000  
-0.000000e+000  -7.756922e+002  -7.581189e+002  -7.233703e+002  -6.543829e+002  -5.166870e+002  -3.281557e+002  -1.124861e+002  1.124861e+002  3.281557e+002  5.166870e+002  6.543829e+002  7.233703e+002  7.581189e+002  7.756922e+002  -0.000000e+000  -0.000000e+000  
-0.000000e+000  -3.932966e+002  -3.843864e+002  -3.667680e+002  -3.317895e+002  -2.619740e+002  -1.663837e+002  -5.703344e+001  5.703344e+001  1.663837e+002  2.619740e+002  3.317895e+002  3.667680e+002  3.843864e+002  3.932966e+002  -0.000000e+000  -0.000000e+000  
-0.000000e+000  -0.000000e+000  -0.000000e+000  -0.000000e+000  -0.000000e+000  -0.000000e+000  -0.000000e+000  -0.000000e+000  -0.000000e+000  -0.000000e+000  -0.000000e+000  -0.000000e+000  -0.000000e+000  -0.000000e+000  -0.000000e+000  -0.000000e+000  -0.000000e+000  
-0.000000e+000  -0.000000e+000  -0.000000e+000  -0.000000e+000  -0.000000e+000  -0.000000e+000  -0.000000e+000  -0.000000e+000  -0.000000e+000  -0.000000e+000  -0.000000e+000  -0.000000e+000  -0.000000e+000  -0.000000e+000  -0.000000e+000  -0.000000e+000  -0.000000e+000  

-0.000000e+000  -0.000000e+000  -0.000000e+000  -0.000000e+000  -0.000000e+000  -0.000000e+000  -0.000000e+000  -0.000000e+000  -0.000000e+000  -0.000000e+000  -0.000000e+000  -0.000000e+000  -0.000000e+000  -0.000000e+000  -0.000000e+000  -0.000000e+000  -0.000000e+000  
-0.000000e+000  -0.000000e+000  9.362797e+001  1.851348e+002  2.724474e+002  4.065781e+002  5.257333e+002  6.014106e+002  6.273515e+002  6.014106e+002  5.257333e+002  4.065781e+002  2.724474e+002  1.851348e+002  9.362797e+001  -0.000000e+000  -0.000000e+000  
-0.000000e+000  -0.000000e+000  9.103289e+001  1.800034e+002  2.648960e+002  3.953090e+002  5.111616e+002  5.847414e+002  6.099632e+002  5.847414e+002  5.111616e+002  3.953090e+002  2.648960e+002  1.800034e+002  9.103289e+001  -0.000000e+000  -0.000000e+000  
-0.000000e+000  -0.000000e+000  8.591466e+001  1.698829e+002  2.500025e+002  3.730832e+002  4.824221e+002  5.518649e+002  5.756687e+002  5.518649e+002  4.824221e+002  3.730832e+002  2.500025e+002  1.698829e+002  8.591466e+001  -0.000000e+000  -0.000000e+000  
-0.000000e+000  -0.000000e+000  7.587483e+001  1.500307e+002  2.207877e+002  3.294854e+002  4.260472e+002  4.873750e+002  5.083971e+002  4.873750e+002  4.260472e+002  3.294854e+002  2.207877e+002  1.500307e+002  7.587483e+001  -0.000000e+000  -0.000000e+000  
-0.000000e+000  -0.000000e+000  5.614299e+001  1.110141e+002  1.633701e+002  2.438002e+002  3.152504e+002  3.606294e+002  3.761846e+002  3.606294e+002  3.152504e+002  2.438002e+002  1.633701e+002  1.110141e+002  5.614299e+001  -0.000000e+000  -0.000000e+000  
-0.000000e+000  -0.000000e+000  2.955194e+001  5.843439e+001  8.599300e+001  1.283289e+002  1.659381e+002  1.898243e+002  1.980120e+002  1.898243e+002  1.659381e+002  1.283289e+002  8.599300e+001  5.843439e+001  2.955194e+001  -0.000000e+000  -0.000000e+000  
-0.000000e+000  -0.000000e+000  -4.195231e-008  -0.000000e+000  5.639643e-008  -2.019240e-008  -2.151858e-008  -7.873608e-008  3.240047e-008  1.332586e-008  4.051217e-008  -7.731108e-008  -9.986680e-008  -1.535694e-007  -6.064454e-008  -0.000000e+000  -0.000000e+000  
-0.000000e+000  -0.000000e+000  -2.955194e+001  -5.843439e+001  -8.599300e+001  -1.283289e+002  -1.659381e+002  -1.898243e+002  -1.980120e+002  -1.898243e+002  -1.659381e+002  -1.283289e+002  -8.599300e+001  -5.843439e+001  -2.955194e+001  -0.000000e+000  -0.000000e+000  
-0.000000e+000  -0.000000e+000  -5.614299e+001  -1.110141e+002  -1.633701e+002  -2.438002e+002  -3.152504e+002  -3.606294e+002  -3.761846e+002  -3.606294e+002  -3.152504e+002  -2.438002e+002  -1.633701e+002  -1.110141e+002  -5.614299e+001  -0.000000e+000  -0.000000e+000  
-0.000000e+000  -0.000000e+000  -7.587483e+001  -1.500307e+002  -2.207877e+002  -3.294854e+002  -4.260472e+002  -4.873750e+002  -5.083971e+002  -4.873750e+002  -4.260472e+002  -3.294854e+002  -2.207877e+002  -1.500307e+002  -7.587483e+001  -0.000000e+000  -0.000000e+000  
-0.000000e+000  -0.000000e+000  -8.591466e+001  -1.698829e+002  -2.500025e+002  -3.730832e+002  -4.824221e+002  -5.518649e+002  -5.756687e+002  -5.518649e+002  -4.824221e+002  -3.730832e+002  -2.500025e+002  -1.698829e+002  -8.591466e+001  -0.000000e+000  -0.000000e+000  
-0.000000e+000  -0.000000e+000  -9.103289e+001  -1.800034e+002  -2.648960e+002  -3.953090e+002  -5.111616e+002  -5.847414e+002  -6.099632e+002  -5.847414e+002  -5.111616e+002  -3.953090e+002  -2.648960e+002  -1.800034e+002  -9.103289e+001  -0.000000e+000  -0.000000e+000  
-0.000000e+000  -0.000000e+000  -9.362797e+001  -1.851348e+002  -2.724474e+002  -4.065781e+002  -5.257333e+002  -6.014106e+002  -6.273515e+002  -6.014106e+002  -5.257333e+002  -4.065781e+002  -2.724474e+002  -1.851348e+002  -9.362797e+001  -0.000000e+000  -0.000000e+000  
-0.000000e+000  -0.000000e+000  -0.000000e+000  -0.000000e+000  -0.000000e+000  -0.000000e+000  -0.000000e+000  -0.000000e+000  -0.000000e+000  -0.000000e+000  -0.000000e+000  -0.000000e+000  -0.000000e+000  -0.000000e+000  -0.000000e+000  -0.000000e+000  -0.000000e+000  
-0.000000e+000  -0.000000e+000  -0.000000e+000  -0.000000e+000  -0.000000e+000  -0.000000e+000  -0.000000e+000  -0.000000e+000  -0.000000e+000  -0.000000e+000  -0.000000e+000  -0.000000e+000  -0.000000e+000  -0.000000e+000  -0.000000e+000  -0.000000e+000  -0.000000e+000  

-0.000000e+000  -0.000000e+000  -0.000000e+000  -0.000000e+000  -0.000000e+000  -0.000000e+000  -0.000000e+000  -0.000000e+000  -0.000000e+000  -0.000000e+000  -0.000000e+000  -0.000000e+000  -0.000000e+000  -0.000000e+000  -0.000000e+000  -0.000000e+000  -0.000000e+000  
-0.000000e+000  -0.000000e+000  -0.000000e+000  -0.000000e+000  -0.000000e+000  -0.000000e+000  -0.000000e+000  -0.000000e+000  -0.000000e+000  -0.000000e+000  -0.000000e+000  -0.000000e+000  -0.000000e+000  -0.000000e+000  -0.000000e+000  -0.000000e+000  -0.000000e+000  
-0.000000e+000  -0.000000e+000  3.771021e+001  7.456610e+001  1.097327e+002  1.637561e+002  2.117478e+002  2.422281e+002  2.526762e+002  2.422281e+002  2.117478e+002  1.637561e+002  1.097327e+002  7.456610e+001  3.771021e+001  -0.000000e+000  -0.000000e+000  
-0.000000e+000  -0.000000e+000  7.437522e+001  1.470655e+002  2.164239e+002  3.229733e+002  4.176266e+002  4.777423e+002  4.983490e+002  4.777423e+002  4.176266e+002  3.229733e+002  2.164239e+002  1.470655e+002  7.437522e+001  -0.000000e+000  -0.000000e+000  
-0.000000e+000  -0.000000e+000  1.089788e+002  2.154886e+002  3.171166e+002  4.732388e+002  6.119301e+002  7.000150e+002  7.302090e+002  7.000150e+002  6.119301e+002  4.732388e+002  3.171166e+002  2.154886e+002  1.089788e+002  -0.000000e+000  -0.000000e+000  
-0.000000e+000  -0.000000e+000  1.602416e+002  3.168530e+002  4.662860e+002  6.958470e+002  8.997777e+002  1.029297e+003  1.073694e+003  1.029297e+003  8.997777e+002  6.958470e+002  4.662860e+002  3.168530e+002  1.602416e+002  -0.000000e+000  -0.000000e+000  
-0.000000e+000  -0.000000e+000  2.032344e+002  4.018646e+002  5.913905e+002  8.825426e+002  1.141188e+003  1.305457e+003  1.361766e+003  1.305457e+003  1.141188e+003  8.825426e+002  5.913905e+002  4.018646e+002  2.032344e+002  -0.000000e+000  -0.000000e+000  
-0.000000e+000  -0.000000e+000  2.258645e+002  4.466121e+002  6.572416e+002  9.808135e+002  1.268259e+003  1.450820e+003  1.513398e+003  1.450820e+003  1.268259e+003  9.808135e+002  6.572416e+002  4.466121e+002  2.258645e+002  -0.000000e+000  -0.000000e+000  
-0.000000e+000  -0.000000e+000  2.258645e+002  4.466121e+002  6.572416e+002  9.808135e+002  1.268259e+003  1.450820e+003  1.513398e+003  1.450820e+003  1.268259e+003  9.808135e+002  6.572416e+002  4.466121e+002  2.258645e+002  -0.000000e+000  -0.000000e+000  
-0.000000e+000  -0.000000e+000  2.032344e+002  4.018646e+002  5.913905e+002  8.825426e+002  1.141188e+003  1.305457e+003  1.361766e+003  1.305457e+003  1.141188e+003  8.825426e+002  5.913905e+002  4.018646e+002  2.032344e+002  -0.000000e+000  -0.000000e+000  
-0.000000e+000  -0.000000e+000  1.602416e+002  3.168530e+002  4.662860e+002  6.958470e+002  8.997777e+002  1.029297e+003  1.073694e+003  1.029297e+003  8.997777e+002  6.958470e+002  4.662860e+002  3.168530e+002  1.602416e+002  -0.000000e+000  -0.000000e+000  
-0.000000e+000  -0.000000e+000  1.089788e+002  2.154886e+002  3.171166e+002  4.732388e+002  6.119301e+002  7.000150e+002  7.302090e+002  7.000150e+002  6.119301e+002  4.732388e+002  3.171166e+002  2.154886e+002  1.089788e+002  -0.000000e+000  -0.000000e+000  
-0.000000e+000  -0.000000e+000  7.437522e+001  1.470655e+002  2.164239e+002  3.229733e+002  4.176266e+002  4.777423e+002  4.983490e+002  4.777423e+002  4.176266e+002  3.229733e+002  2.164239e+002  1.470655e+002  7.437522e+001  -0.000000e+000  -0.000000e+000  
-0.000000e+000  -0.000000e+000  3.771021e+001  7.456610e+001  1.097327e+002  1.637561e+002  2.117478e+002  2.422281e+002  2.526762e+002  2.422281e+002  2.117478e+002  1.637561e+002  1.097327e+002  7.456610e+001  3.771021e+001  -0.000000e+000  -0.000000e+000  
-0.000000e+000  -0.000000e+000  -0.000000e+000  -0.000000e+000  -0.000000e+000  -0.000000e+000  -0.000000e+000  -0.000000e+000  -0.000000e+000  -0.000000e+000  -0.000000e+000  -0.000000e+000  -0.000000e+000  -0.000000e+000  -0.000000e+000  -0.000000e+000  -0.000000e+000  
-0.000000e+000  -0.000000e+000  -0.000000e+000  -0.000000e+000  -0.000000e+000  -0.000000e+000  -0.000000e+000  -0.000000e+000  -0.000000e+000  -0.000000e+000  -0.000000e+000  -0.000000e+000  -0.000000e+000  -0.000000e+000  -0.000000e+000  -0.000000e+000  -0.000000e+000  

0.000000e+000  0.000000e+000  0.000000e+000  0.000000e+000  0.000000e+000  0.000000e+000  0.000000e+000  0.000000e+000  0.000000e+000  0.000000e+000  0.000000e+000  0.000000e+000  0.000000e+000  0.000000e+000  0.000000e+000  0.000000e+000  0.000000e+000  
0.000000e+000  0.000000e+000  0.000000e+000  0.000000e+000  0.000000e+000  0.000000e+000  0.000000e+000  0.000000e+000  0.000000e+000  0.000000e+000  0.000000e+000  0.000000e+000  0.000000e+000  0.000000e+000  0.000000e+000  0.000000e+000  0.000000e+000  
0.000000e+000  0.000000e+000  0.000000e+000  0.000000e+000  0.000000e+000  0.000000e+000  0.000000e+000  0.000000e+000  0.000000e+000  0.000000e+000  0.000000e+000  0.000000e+000  0.000000e+000  0.000000e+000  0.000000e+000  0.000000e+000  0.000000e+000  
0.000000e+000  0.000000e+000  0.000000e+000  0.000000e+000  0.000000e+000  0.000000e+000  0.000000e+000  0.000000e+000  0.000000e+000  0.000000e+000  0.000000e+000  0.000000e+000  0.000000e+000  0.000000e+000  0.000000e+000  0.000000e+000  0.000000e+000  
0.000000e+000  0.000000e+000  0.000000e+000  0.000000e+000  0.000000e+000  0.000000e+000  0.000000e+000  0.000000e+000  0.000000e+000  0.000000e+000  0.000000e+000  0.000000e+000  0.000000e+000  0.000000e+000  0.000000e+000  0.000000e+000  0.000000e+000  
0.000000e+000  0.000000e+000  0.000000e+000  0.000000e+000  0.000000e+000  0.000000e+000  0.000000e+000  0.000000e+000  0.000000e+000  0.000000e+000  0.000000e+000  0.000000e+000  0.000000e+000  0.000000e+000  0.000000e+000  0.000000e+000  0.000000e+000  
0.000000e+000  0.000000e+000  0.000000e+000  0.000000e+000  0.000000e+000  0.000000e+000  0.000000e+000  0.000000e+000  0.000000e+000  0.000000e+000  0.000000e+000  0.000000e+000  0.000000e+000  0.000000e+000  0.000000e+000  0.000000e+000  0.000000e+000  
0.000000e+000  0.000000e+000  0.000000e+000  0.000000e+000  0.000000e+000  0.000000e+000  0.000000e+000  0.000000e+000  0.000000e+000  0.000000e+000  0.000000e+000  0.000000e+000  0.000000e+000  0.000000e+000  0.000000e+000  0.000000e+000  0.000000e+000  
0.000000e+000  0.000000e+000  0.000000e+000  0.000000e+000  0.000000e+000  0.000000e+000  0.000000e+000  0.000000e+000  0.000000e+000  0.000000e+000  0.000000e+000  0.000000e+000  0.000000e+000  0.000000e+000  0.000000e+000  0.000000e+000  0.000000e+000  
0.000000e+000  0.000000e+000  0.000000e+000  0.000000e+000  0.000000e+000  0.000000e+000  0.000000e+000  0.000000e+000  0.000000e+000  0.000000e+000  0.000000e+000  0.000000e+000  0.000000e+000  0.000000e+000  0.000000e+000  0.000000e+000  0.000000e+000  
0.000000e+000  0.000000e+000  0.000000e+000  0.000000e+000  0.000000e+000  0.000000e+000  0.000000e+000  0.000000e+000  0.000000e+000  0.000000e+000  0.000000e+000  0.000000e+000  0.000000e+000  0.000000e+000  0.000000e+000  0.000000e+000  0.000000e+000  
0.000000e+000  0.000000e+000  0.000000e+000  0.000000e+000  0.000000e+000  0.000000e+000  0.000000e+000  0.000000e+000  0.000000e+000  0.000000e+000  0.000000e+000  0.000000e+000  0.000000e+000  0.000000e+000  0.000000e+000  0.000000e+000  0.000000e+000  
0.000000e+000  0.000000e+000  0.000000e+000  0.000000e+000  0.000000e+000  0.000000e+000  0.000000e+000  0.000000e+000  0.000000e+000  0.000000e+000  0.000000e+000  0.000000e+000  0.000000e+000  0.000000e+000  0.000000e+000  0.000000e+000  0.000000e+000  
0.000000e+000  0.000000e+000  0.000000e+000  0.000000e+000  0.000000e+000  0.000000e+000  0.000000e+000  0.000000e+000  0.000000e+000  0.000000e+000  0.000000e+000  0.000000e+000  0.000000e+000  0.000000e+000  0.000000e+000  0.000000e+000  0.000000e+000  
0.000000e+000  0.000000e+000  0.000000e+000  0.000000e+000  0.000000e+000  0.000000e+000  0.000000e+000  0.000000e+000  0.000000e+000  0.000000e+000  0.000000e+000  0.000000e+000  0.000000e+000  0.000000e+000  0.000000e+000  0.000000e+000  0.000000e+000  
0.000000e+000  0.000000e+000  0.000000e+000  0.000000e+000  0.000000e+000  0.000000e+000  0.000000e+000  0.000000e+000  0.000000e+000  0.000000e+000  0.000000e+000  0.000000e+000  0.000000e+000  0.000000e+000  0.000000e+000  0.000000e+000  0.000000e+000  

0.000000e+000  0.000000e+000  0.000000e+000  0.000000e+000  0.000000e+000  0.000000e+000  0.000000e+000  0.000000e+000  0.000000e+000  0.000000e+000  0.000000e+000  0.000000e+000  0.000000e+000  0.000000e+000  0.000000e+000  0.000000e+000  0.000000e+000  
0.000000e+000  0.000000e+000  0.000000e+000  0.000000e+000  0.000000e+000  0.000000e+000  0.000000e+000  0.000000e+000  0.000000e+000  0.000000e+000  0.000000e+000  0.000000e+000  0.000000e+000  0.000000e+000  0.000000e+000  0.000000e+000  0.000000e+000  
0.000000e+000  0.000000e+000  0.000000e+000  0.000000e+000  0.000000e+000  0.000000e+000  0.000000e+000  0.000000e+000  0.000000e+000  0.000000e+000  0.000000e+000  0.000000e+000  0.000000e+000  0.000000e+000  0.000000e+000  0.000000e+000  0.000000e+000  
0.000000e+000  0.000000e+000  0.000000e+000  0.000000e+000  0.000000e+000  0.000000e+000  0.000000e+000  0.000000e+000  0.000000e+000  0.000000e+000  0.000000e+000  0.000000e+000  0.000000e+000  0.000000e+000  0.000000e+000  0.000000e+000  0.000000e+000  
0.000000e+000  0.000000e+000  0.000000e+000  0.000000e+000  0.000000e+000  0.000000e+000  0.000000e+000  0.000000e+000  0.000000e+000  0.000000e+000  0.000000e+000  0.000000e+000  0.000000e+000  0.000000e+000  0.000000e+000  0.000000e+000  0.000000e+000  
0.000000e+000  0.000000e+000  0.000000e+000  0.000000e+000  0.000000e+000  0.000000e+000  0.000000e+000  0.000000e+000  0.000000e+000  0.000000e+000  0.000000e+000  0.000000e+000  0.000000e+000  0.000000e+000  0.000000e+000  0.000000e+000  0.000000e+000  
0.000000e+000  0.000000e+000  0.000000e+000  0.000000e+000  0.000000e+000  0.000000e+000  0.000000e+000  0.000000e+000  0.000000e+000  0.000000e+000  0.000000e+000  0.000000e+000  0.000000e+000  0.000000e+000  0.000000e+000  0.000000e+000  0.000000e+000  
0.000000e+000  0.000000e+000  0.000000e+000  0.000000e+000  0.000000e+000  0.000000e+000  0.000000e+000  0.000000e+000  0.000000e+000  0.000000e+000  0.000000e+000  0.000000e+000  0.000000e+000  0.000000e+000  0.000000e+000  0.000000e+000  0.000000e+000  
0.000000e+000  0.000000e+000  0.000000e+000  0.000000e+000  0.000000e+000  0.000000e+000  0.000000e+000  0.000000e+000  0.000000e+000  0.000000e+000  0.000000e+000  0.000000e+000  0.000000e+000  0.000000e+000  0.000000e+000  0.000000e+000  0.000000e+000  
0.000000e+000  0.000000e+000  0.000000e+000  0.000000e+000  0.000000e+000  0.000000e+000  0.000000e+000  0.000000e+000  0.000000e+000  0.000000e+000  0.000000e+000  0.000000e+000  0.000000e+000  0.000000e+000  0.000000e+000  0.000000e+000  0.000000e+000  
0.000000e+000  0.000000e+000  0.000000e+000  0.000000e+000  0.000000e+000  0.000000e+000  0.000000e+000  0.000000e+000  0.000000e+000  0.000000e+000  0.000000e+000  0.000000e+000  0.000000e+000  0.000000e+000  0.000000e+000  0.000000e+000  0.000000e+000  
0.000000e+000  0.000000e+000  0.000000e+000  0.000000e+000  0.000000e+000  0.000000e+000  0.000000e+000  0.000000e+000  0.000000e+000  0.000000e+000  0.000000e+000  0.000000e+000  0.000000e+000  0.000000e+000  0.000000e+000  0.000000e+000  0.000000e+000  
0.000000e+000  0.000000e+000  0.000000e+000  0.000000e+000  0.000000e+000  0.000000e+000  0.000000e+000  0.000000e+000  0.000000e+000  0.000000e+000  0.000000e+000  0.000000e+000  0.000000e+000  0.000000e+000  0.000000e+000  0.000000e+000  0.000000e+000  
0.000000e+000  0.000000e+000  0.000000e+000  0.000000e+000  0.000000e+000  0.000000e+000  0.000000e+000  0.000000e+000  0.000000e+000  0.000000e+000  0.000000e+000  0.000000e+000  0.000000e+000  0.000000e+000  0.000000e+000  0.000000e+000  0.000000e+000  
0.000000e+000  0.000000e+000  0.000000e+000  0.000000e+000  0.000000e+000  0.000000e+000  0.000000e+000  0.000000e+000  0.000000e+000  0.000000e+000  0.000000e+000  0.000000e+000  0.000000e+000  0.000000e+000  0.000000e+000  0.000000e+000  0.000000e+000  
0.000000e+000  0.000000e+000  0.000000e+000  0.000000e+000  0.000000e+000  0.000000e+000  0.000000e+000  0.000000e+000  0.000000e+000  0.000000e+000  0.000000e+000  0.000000e+000  0.000000e+000  0.000000e+000  0.000000e+000  0.000000e+000  0.000000e+000  

0.000000e+000  0.000000e+000  0.000000e+000  0.000000e+000  0.000000e+000  0.000000e+000  0.000000e+000  0.000000e+000  0.000000e+000  0.000000e+000  0.000000e+000  0.000000e+000  0.000000e+000  0.000000e+000  0.000000e+000  0.000000e+000  0.000000e+000  
0.000000e+000  0.000000e+000  0.000000e+000  0.000000e+000  0.000000e+000  0.000000e+000  0.000000e+000  0.000000e+000  0.000000e+000  0.000000e+000  0.000000e+000  0.000000e+000  0.000000e+000  0.000000e+000  0.000000e+000  0.000000e+000  0.000000e+000  
0.000000e+000  0.000000e+000  0.000000e+000  0.000000e+000  0.000000e+000  0.000000e+000  0.000000e+000  0.000000e+000  0.000000e+000  0.000000e+000  0.000000e+000  0.000000e+000  0.000000e+000  0.000000e+000  0.000000e+000  0.000000e+000  0.000000e+000  
0.000000e+000  0.000000e+000  0.000000e+000  0.000000e+000  0.000000e+000  0.000000e+000  0.000000e+000  0.000000e+000  0.000000e+000  0.000000e+000  0.000000e+000  0.000000e+000  0.000000e+000  0.000000e+000  0.000000e+000  0.000000e+000  0.000000e+000  
0.000000e+000  0.000000e+000  0.000000e+000  0.000000e+000  0.000000e+000  0.000000e+000  0.000000e+000  0.000000e+000  0.000000e+000  0.000000e+000  0.000000e+000  0.000000e+000  0.000000e+000  0.000000e+000  0.000000e+000  0.000000e+000  0.000000e+000  
0.000000e+000  0.000000e+000  0.000000e+000  0.000000e+000  0.000000e+000  0.000000e+000  0.000000e+000  0.000000e+000  0.000000e+000  0.000000e+000  0.000000e+000  0.000000e+000  0.000000e+000  0.000000e+000  0.000000e+000  0.000000e+000  0.000000e+000  
0.000000e+000  0.000000e+000  0.000000e+000  0.000000e+000  0.000000e+000  0.000000e+000  0.000000e+000  0.000000e+000  0.000000e+000  0.000000e+000  0.000000e+000  0.000000e+000  0.000000e+000  0.000000e+000  0.000000e+000  0.000000e+000  0.000000e+000  
0.000000e+000  0.000000e+000  0.000000e+000  0.000000e+000  0.000000e+000  0.000000e+000  0.000000e+000  0.000000e+000  0.000000e+000  0.000000e+000  0.000000e+000  0.000000e+000  0.000000e+000  0.000000e+000  0.000000e+000  0.000000e+000  0.000000e+000  
0.000000e+000  0.000000e+000  0.000000e+000  0.000000e+000  0.000000e+000  0.000000e+000  0.000000e+000  0.000000e+000  0.000000e+000  0.000000e+000  0.000000e+000  0.000000e+000  0.000000e+000  0.000000e+000  0.000000e+000  0.000000e+000  0.000000e+000  
0.000000e+000  0.000000e+000  0.000000e+000  0.000000e+000  0.000000e+000  0.000000e+000  0.000000e+000  0.000000e+000  0.000000e+000  0.000000e+000  0.000000e+000  0.000000e+000  0.000000e+000  0.000000e+000  0.000000e+000  0.000000e+000  0.000000e+000  
0.000000e+000  0.000000e+000  0.000000e+000  0.000000e+000  0.000000e+000  0.000000e+000  0.000000e+000  0.000000e+000  0.000000e+000  0.000000e+000  0.000000e+000  0.000000e+000  0.000000e+000  0.000000e+000  0.000000e+000  0.000000e+000  0.000000e+000  
0.000000e+000  0.000000e+000  0.000000e+000  0.000000e+000  0.000000e+000  0.000000e+000  0.000000e+000  0.000000e+000  0.000000e+000  0.000000e+000  0.000000e+000  0.000000e+000  0.000000e+000  0.000000e+000  0.000000e+000  0.000000e+000  0.000000e+000  
0.000000e+000  0.000000e+000  0.000000e+000  0.000000e+000  0.000000e+000  0.000000e+000  0.000000e+000  0.000000e+000  0.000000e+000  0.000000e+000  0.000000e+000  0.000000e+000  0.000000e+000  0.000000e+000  0.000000e+000  0.000000e+000  0.000000e+000  
0.000000e+000  0.000000e+000  0.000000e+000  0.000000e+000  0.000000e+000  0.000000e+000  0.000000e+000  0.000000e+000  0.000000e+000  0.000000e+000  0.000000e+000  0.000000e+000  0.000000e+000  0.000000e+000  0.000000e+000  0.000000e+000  0.000000e+000  
0.000000e+000  0.000000e+000  0.000000e+000  0.000000e+000  0.000000e+000  0.000000e+000  0.000000e+000  0.000000e+000  0.000000e+000  0.000000e+000  0.000000e+000  0.000000e+000  0.000000e+000  0.000000e+000  0.000000e+000  0.000000e+000  0.000000e+000  
0.000000e+000  0.000000e+000  0.000000e+000  0.000000e+000  0.000000e+000  0.000000e+000  0.000000e+000  0.000000e+000  0.000000e+000  0.000000e+000  0.000000e+000  0.000000e+000  0.000000e+000  0.000000e+000  0.000000e+000  0.000000e+000  0.000000e+000  

