Port monitor named: Port2_h3[7.5].prt

nx        = 17
ny        = 16
nz        = 52

nu        = 17
nv        = 16
iu        = 1
iv        = 1

idir      = 2
dcut      = -5.000000e-002
icut      = 1
type      = 1
frequency = 7.500000e+009

fcutoff   = 1.120980e+010
alpha     = 1.743378e+002
beta      = 0.000000e+000
accuracy  = 1.507542e-010

type          = UNDEF
wave imp.     = 3.387902e+002
wave imp.sig. = 3.334103e+002
line imp.     = 0.000000e+000

ref. port     = 0

0.000000e+000  0.000000e+000  0.000000e+000  0.000000e+000  0.000000e+000  0.000000e+000  0.000000e+000  0.000000e+000  0.000000e+000  0.000000e+000  0.000000e+000  0.000000e+000  0.000000e+000  0.000000e+000  0.000000e+000  0.000000e+000  0.000000e+000  
0.000000e+000  0.000000e+000  0.000000e+000  0.000000e+000  0.000000e+000  0.000000e+000  0.000000e+000  0.000000e+000  0.000000e+000  0.000000e+000  0.000000e+000  0.000000e+000  0.000000e+000  0.000000e+000  0.000000e+000  0.000000e+000  0.000000e+000  
0.000000e+000  0.000000e+000  0.000000e+000  0.000000e+000  0.000000e+000  0.000000e+000  0.000000e+000  0.000000e+000  0.000000e+000  0.000000e+000  0.000000e+000  0.000000e+000  0.000000e+000  0.000000e+000  0.000000e+000  0.000000e+000  0.000000e+000  
0.000000e+000  0.000000e+000  0.000000e+000  0.000000e+000  0.000000e+000  0.000000e+000  0.000000e+000  0.000000e+000  0.000000e+000  0.000000e+000  0.000000e+000  0.000000e+000  0.000000e+000  0.000000e+000  0.000000e+000  0.000000e+000  0.000000e+000  
0.000000e+000  0.000000e+000  0.000000e+000  0.000000e+000  0.000000e+000  0.000000e+000  0.000000e+000  0.000000e+000  0.000000e+000  0.000000e+000  0.000000e+000  0.000000e+000  0.000000e+000  0.000000e+000  0.000000e+000  0.000000e+000  0.000000e+000  
0.000000e+000  0.000000e+000  0.000000e+000  0.000000e+000  0.000000e+000  0.000000e+000  0.000000e+000  0.000000e+000  0.000000e+000  0.000000e+000  0.000000e+000  0.000000e+000  0.000000e+000  0.000000e+000  0.000000e+000  0.000000e+000  0.000000e+000  
0.000000e+000  0.000000e+000  0.000000e+000  0.000000e+000  0.000000e+000  0.000000e+000  0.000000e+000  0.000000e+000  0.000000e+000  0.000000e+000  0.000000e+000  0.000000e+000  0.000000e+000  0.000000e+000  0.000000e+000  0.000000e+000  0.000000e+000  
0.000000e+000  0.000000e+000  0.000000e+000  0.000000e+000  0.000000e+000  0.000000e+000  0.000000e+000  0.000000e+000  0.000000e+000  0.000000e+000  0.000000e+000  0.000000e+000  0.000000e+000  0.000000e+000  0.000000e+000  0.000000e+000  0.000000e+000  
0.000000e+000  0.000000e+000  0.000000e+000  0.000000e+000  0.000000e+000  0.000000e+000  0.000000e+000  0.000000e+000  0.000000e+000  0.000000e+000  0.000000e+000  0.000000e+000  0.000000e+000  0.000000e+000  0.000000e+000  0.000000e+000  0.000000e+000  
0.000000e+000  0.000000e+000  0.000000e+000  0.000000e+000  0.000000e+000  0.000000e+000  0.000000e+000  0.000000e+000  0.000000e+000  0.000000e+000  0.000000e+000  0.000000e+000  0.000000e+000  0.000000e+000  0.000000e+000  0.000000e+000  0.000000e+000  
0.000000e+000  0.000000e+000  0.000000e+000  0.000000e+000  0.000000e+000  0.000000e+000  0.000000e+000  0.000000e+000  0.000000e+000  0.000000e+000  0.000000e+000  0.000000e+000  0.000000e+000  0.000000e+000  0.000000e+000  0.000000e+000  0.000000e+000  
0.000000e+000  0.000000e+000  0.000000e+000  0.000000e+000  0.000000e+000  0.000000e+000  0.000000e+000  0.000000e+000  0.000000e+000  0.000000e+000  0.000000e+000  0.000000e+000  0.000000e+000  0.000000e+000  0.000000e+000  0.000000e+000  0.000000e+000  
0.000000e+000  0.000000e+000  0.000000e+000  0.000000e+000  0.000000e+000  0.000000e+000  0.000000e+000  0.000000e+000  0.000000e+000  0.000000e+000  0.000000e+000  0.000000e+000  0.000000e+000  0.000000e+000  0.000000e+000  0.000000e+000  0.000000e+000  
0.000000e+000  0.000000e+000  0.000000e+000  0.000000e+000  0.000000e+000  0.000000e+000  0.000000e+000  0.000000e+000  0.000000e+000  0.000000e+000  0.000000e+000  0.000000e+000  0.000000e+000  0.000000e+000  0.000000e+000  0.000000e+000  0.000000e+000  
0.000000e+000  0.000000e+000  0.000000e+000  0.000000e+000  0.000000e+000  0.000000e+000  0.000000e+000  0.000000e+000  0.000000e+000  0.000000e+000  0.000000e+000  0.000000e+000  0.000000e+000  0.000000e+000  0.000000e+000  0.000000e+000  0.000000e+000  
0.000000e+000  0.000000e+000  0.000000e+000  0.000000e+000  0.000000e+000  0.000000e+000  0.000000e+000  0.000000e+000  0.000000e+000  0.000000e+000  0.000000e+000  0.000000e+000  0.000000e+000  0.000000e+000  0.000000e+000  0.000000e+000  0.000000e+000  

0.000000e+000  0.000000e+000  0.000000e+000  0.000000e+000  0.000000e+000  0.000000e+000  0.000000e+000  0.000000e+000  0.000000e+000  0.000000e+000  0.000000e+000  0.000000e+000  0.000000e+000  0.000000e+000  0.000000e+000  0.000000e+000  0.000000e+000  
0.000000e+000  0.000000e+000  0.000000e+000  0.000000e+000  0.000000e+000  0.000000e+000  0.000000e+000  0.000000e+000  0.000000e+000  0.000000e+000  0.000000e+000  0.000000e+000  0.000000e+000  0.000000e+000  0.000000e+000  0.000000e+000  0.000000e+000  
0.000000e+000  0.000000e+000  0.000000e+000  0.000000e+000  0.000000e+000  0.000000e+000  0.000000e+000  0.000000e+000  0.000000e+000  0.000000e+000  0.000000e+000  0.000000e+000  0.000000e+000  0.000000e+000  0.000000e+000  0.000000e+000  0.000000e+000  
0.000000e+000  0.000000e+000  0.000000e+000  0.000000e+000  0.000000e+000  0.000000e+000  0.000000e+000  0.000000e+000  0.000000e+000  0.000000e+000  0.000000e+000  0.000000e+000  0.000000e+000  0.000000e+000  0.000000e+000  0.000000e+000  0.000000e+000  
0.000000e+000  0.000000e+000  0.000000e+000  0.000000e+000  0.000000e+000  0.000000e+000  0.000000e+000  0.000000e+000  0.000000e+000  0.000000e+000  0.000000e+000  0.000000e+000  0.000000e+000  0.000000e+000  0.000000e+000  0.000000e+000  0.000000e+000  
0.000000e+000  0.000000e+000  0.000000e+000  0.000000e+000  0.000000e+000  0.000000e+000  0.000000e+000  0.000000e+000  0.000000e+000  0.000000e+000  0.000000e+000  0.000000e+000  0.000000e+000  0.000000e+000  0.000000e+000  0.000000e+000  0.000000e+000  
0.000000e+000  0.000000e+000  0.000000e+000  0.000000e+000  0.000000e+000  0.000000e+000  0.000000e+000  0.000000e+000  0.000000e+000  0.000000e+000  0.000000e+000  0.000000e+000  0.000000e+000  0.000000e+000  0.000000e+000  0.000000e+000  0.000000e+000  
0.000000e+000  0.000000e+000  0.000000e+000  0.000000e+000  0.000000e+000  0.000000e+000  0.000000e+000  0.000000e+000  0.000000e+000  0.000000e+000  0.000000e+000  0.000000e+000  0.000000e+000  0.000000e+000  0.000000e+000  0.000000e+000  0.000000e+000  
0.000000e+000  0.000000e+000  0.000000e+000  0.000000e+000  0.000000e+000  0.000000e+000  0.000000e+000  0.000000e+000  0.000000e+000  0.000000e+000  0.000000e+000  0.000000e+000  0.000000e+000  0.000000e+000  0.000000e+000  0.000000e+000  0.000000e+000  
0.000000e+000  0.000000e+000  0.000000e+000  0.000000e+000  0.000000e+000  0.000000e+000  0.000000e+000  0.000000e+000  0.000000e+000  0.000000e+000  0.000000e+000  0.000000e+000  0.000000e+000  0.000000e+000  0.000000e+000  0.000000e+000  0.000000e+000  
0.000000e+000  0.000000e+000  0.000000e+000  0.000000e+000  0.000000e+000  0.000000e+000  0.000000e+000  0.000000e+000  0.000000e+000  0.000000e+000  0.000000e+000  0.000000e+000  0.000000e+000  0.000000e+000  0.000000e+000  0.000000e+000  0.000000e+000  
0.000000e+000  0.000000e+000  0.000000e+000  0.000000e+000  0.000000e+000  0.000000e+000  0.000000e+000  0.000000e+000  0.000000e+000  0.000000e+000  0.000000e+000  0.000000e+000  0.000000e+000  0.000000e+000  0.000000e+000  0.000000e+000  0.000000e+000  
0.000000e+000  0.000000e+000  0.000000e+000  0.000000e+000  0.000000e+000  0.000000e+000  0.000000e+000  0.000000e+000  0.000000e+000  0.000000e+000  0.000000e+000  0.000000e+000  0.000000e+000  0.000000e+000  0.000000e+000  0.000000e+000  0.000000e+000  
0.000000e+000  0.000000e+000  0.000000e+000  0.000000e+000  0.000000e+000  0.000000e+000  0.000000e+000  0.000000e+000  0.000000e+000  0.000000e+000  0.000000e+000  0.000000e+000  0.000000e+000  0.000000e+000  0.000000e+000  0.000000e+000  0.000000e+000  
0.000000e+000  0.000000e+000  0.000000e+000  0.000000e+000  0.000000e+000  0.000000e+000  0.000000e+000  0.000000e+000  0.000000e+000  0.000000e+000  0.000000e+000  0.000000e+000  0.000000e+000  0.000000e+000  0.000000e+000  0.000000e+000  0.000000e+000  
0.000000e+000  0.000000e+000  0.000000e+000  0.000000e+000  0.000000e+000  0.000000e+000  0.000000e+000  0.000000e+000  0.000000e+000  0.000000e+000  0.000000e+000  0.000000e+000  0.000000e+000  0.000000e+000  0.000000e+000  0.000000e+000  0.000000e+000  

0.000000e+000  0.000000e+000  0.000000e+000  0.000000e+000  0.000000e+000  0.000000e+000  0.000000e+000  0.000000e+000  0.000000e+000  0.000000e+000  0.000000e+000  0.000000e+000  0.000000e+000  0.000000e+000  0.000000e+000  0.000000e+000  0.000000e+000  
0.000000e+000  0.000000e+000  0.000000e+000  0.000000e+000  0.000000e+000  0.000000e+000  0.000000e+000  0.000000e+000  0.000000e+000  0.000000e+000  0.000000e+000  0.000000e+000  0.000000e+000  0.000000e+000  0.000000e+000  0.000000e+000  0.000000e+000  
0.000000e+000  0.000000e+000  0.000000e+000  0.000000e+000  0.000000e+000  0.000000e+000  0.000000e+000  0.000000e+000  0.000000e+000  0.000000e+000  0.000000e+000  0.000000e+000  0.000000e+000  0.000000e+000  0.000000e+000  0.000000e+000  0.000000e+000  
0.000000e+000  0.000000e+000  0.000000e+000  0.000000e+000  0.000000e+000  0.000000e+000  0.000000e+000  0.000000e+000  0.000000e+000  0.000000e+000  0.000000e+000  0.000000e+000  0.000000e+000  0.000000e+000  0.000000e+000  0.000000e+000  0.000000e+000  
0.000000e+000  0.000000e+000  0.000000e+000  0.000000e+000  0.000000e+000  0.000000e+000  0.000000e+000  0.000000e+000  0.000000e+000  0.000000e+000  0.000000e+000  0.000000e+000  0.000000e+000  0.000000e+000  0.000000e+000  0.000000e+000  0.000000e+000  
0.000000e+000  0.000000e+000  0.000000e+000  0.000000e+000  0.000000e+000  0.000000e+000  0.000000e+000  0.000000e+000  0.000000e+000  0.000000e+000  0.000000e+000  0.000000e+000  0.000000e+000  0.000000e+000  0.000000e+000  0.000000e+000  0.000000e+000  
0.000000e+000  0.000000e+000  0.000000e+000  0.000000e+000  0.000000e+000  0.000000e+000  0.000000e+000  0.000000e+000  0.000000e+000  0.000000e+000  0.000000e+000  0.000000e+000  0.000000e+000  0.000000e+000  0.000000e+000  0.000000e+000  0.000000e+000  
0.000000e+000  0.000000e+000  0.000000e+000  0.000000e+000  0.000000e+000  0.000000e+000  0.000000e+000  0.000000e+000  0.000000e+000  0.000000e+000  0.000000e+000  0.000000e+000  0.000000e+000  0.000000e+000  0.000000e+000  0.000000e+000  0.000000e+000  
0.000000e+000  0.000000e+000  0.000000e+000  0.000000e+000  0.000000e+000  0.000000e+000  0.000000e+000  0.000000e+000  0.000000e+000  0.000000e+000  0.000000e+000  0.000000e+000  0.000000e+000  0.000000e+000  0.000000e+000  0.000000e+000  0.000000e+000  
0.000000e+000  0.000000e+000  0.000000e+000  0.000000e+000  0.000000e+000  0.000000e+000  0.000000e+000  0.000000e+000  0.000000e+000  0.000000e+000  0.000000e+000  0.000000e+000  0.000000e+000  0.000000e+000  0.000000e+000  0.000000e+000  0.000000e+000  
0.000000e+000  0.000000e+000  0.000000e+000  0.000000e+000  0.000000e+000  0.000000e+000  0.000000e+000  0.000000e+000  0.000000e+000  0.000000e+000  0.000000e+000  0.000000e+000  0.000000e+000  0.000000e+000  0.000000e+000  0.000000e+000  0.000000e+000  
0.000000e+000  0.000000e+000  0.000000e+000  0.000000e+000  0.000000e+000  0.000000e+000  0.000000e+000  0.000000e+000  0.000000e+000  0.000000e+000  0.000000e+000  0.000000e+000  0.000000e+000  0.000000e+000  0.000000e+000  0.000000e+000  0.000000e+000  
0.000000e+000  0.000000e+000  0.000000e+000  0.000000e+000  0.000000e+000  0.000000e+000  0.000000e+000  0.000000e+000  0.000000e+000  0.000000e+000  0.000000e+000  0.000000e+000  0.000000e+000  0.000000e+000  0.000000e+000  0.000000e+000  0.000000e+000  
0.000000e+000  0.000000e+000  0.000000e+000  0.000000e+000  0.000000e+000  0.000000e+000  0.000000e+000  0.000000e+000  0.000000e+000  0.000000e+000  0.000000e+000  0.000000e+000  0.000000e+000  0.000000e+000  0.000000e+000  0.000000e+000  0.000000e+000  
0.000000e+000  0.000000e+000  0.000000e+000  0.000000e+000  0.000000e+000  0.000000e+000  0.000000e+000  0.000000e+000  0.000000e+000  0.000000e+000  0.000000e+000  0.000000e+000  0.000000e+000  0.000000e+000  0.000000e+000  0.000000e+000  0.000000e+000  
0.000000e+000  0.000000e+000  0.000000e+000  0.000000e+000  0.000000e+000  0.000000e+000  0.000000e+000  0.000000e+000  0.000000e+000  0.000000e+000  0.000000e+000  0.000000e+000  0.000000e+000  0.000000e+000  0.000000e+000  0.000000e+000  0.000000e+000  

0.000000e+000  0.000000e+000  0.000000e+000  0.000000e+000  0.000000e+000  0.000000e+000  0.000000e+000  0.000000e+000  0.000000e+000  0.000000e+000  0.000000e+000  0.000000e+000  0.000000e+000  0.000000e+000  0.000000e+000  0.000000e+000  0.000000e+000  
0.000000e+000  0.000000e+000  -9.444527e-001  -1.867509e+000  -2.748256e+000  -4.101273e+000  -5.303226e+000  -6.066604e+000  -6.328277e+000  -6.066604e+000  -5.303226e+000  -4.101273e+000  -2.748256e+000  -1.867509e+000  -9.444527e-001  0.000000e+000  0.000000e+000  
0.000000e+000  0.000000e+000  -9.182753e-001  -1.815747e+000  -2.672083e+000  -3.987598e+000  -5.156237e+000  -5.898457e+000  -6.152877e+000  -5.898457e+000  -5.156237e+000  -3.987598e+000  -2.672083e+000  -1.815747e+000  -9.182753e-001  0.000000e+000  0.000000e+000  
0.000000e+000  0.000000e+000  -8.666463e-001  -1.713659e+000  -2.521848e+000  -3.763399e+000  -4.866333e+000  -5.566822e+000  -5.806938e+000  -5.566822e+000  -4.866333e+000  -3.763399e+000  -2.521848e+000  -1.713659e+000  -8.666463e-001  0.000000e+000  0.000000e+000  
0.000000e+000  0.000000e+000  -7.653716e-001  -1.513404e+000  -2.227149e+000  -3.323615e+000  -4.297662e+000  -4.916294e+000  -5.128350e+000  -4.916294e+000  -4.297662e+000  -3.323615e+000  -2.227149e+000  -1.513404e+000  -7.653716e-001  0.000000e+000  0.000000e+000  
0.000000e+000  0.000000e+000  -5.663309e-001  -1.119832e+000  -1.647962e+000  -2.459284e+000  -3.180023e+000  -3.637774e+000  -3.794684e+000  -3.637774e+000  -3.180023e+000  -2.459284e+000  -1.647962e+000  -1.119832e+000  -5.663309e-001  0.000000e+000  0.000000e+000  
0.000000e+000  0.000000e+000  -2.980992e-001  -5.894450e-001  -8.674368e-001  -1.294492e+000  -1.673866e+000  -1.914813e+000  -1.997405e+000  -1.914813e+000  -1.673866e+000  -1.294492e+000  -8.674368e-001  -5.894450e-001  -2.980992e-001  0.000000e+000  0.000000e+000  
0.000000e+000  0.000000e+000  -3.089006e-009  1.369010e-009  1.145824e-009  6.274004e-010  -3.017555e-010  1.885969e-010  -7.081074e-010  -6.428964e-010  -1.335137e-009  5.180550e-010  1.679937e-009  2.956574e-010  -2.202948e-009  0.000000e+000  0.000000e+000  
0.000000e+000  0.000000e+000  2.980992e-001  5.894450e-001  8.674368e-001  1.294492e+000  1.673866e+000  1.914813e+000  1.997405e+000  1.914813e+000  1.673866e+000  1.294492e+000  8.674368e-001  5.894450e-001  2.980992e-001  0.000000e+000  0.000000e+000  
0.000000e+000  0.000000e+000  5.663309e-001  1.119832e+000  1.647962e+000  2.459284e+000  3.180023e+000  3.637774e+000  3.794684e+000  3.637774e+000  3.180023e+000  2.459284e+000  1.647962e+000  1.119832e+000  5.663309e-001  0.000000e+000  0.000000e+000  
0.000000e+000  0.000000e+000  7.653716e-001  1.513404e+000  2.227149e+000  3.323615e+000  4.297662e+000  4.916294e+000  5.128350e+000  4.916294e+000  4.297662e+000  3.323615e+000  2.227149e+000  1.513404e+000  7.653716e-001  0.000000e+000  0.000000e+000  
0.000000e+000  0.000000e+000  8.666462e-001  1.713659e+000  2.521848e+000  3.763399e+000  4.866333e+000  5.566822e+000  5.806938e+000  5.566822e+000  4.866333e+000  3.763399e+000  2.521848e+000  1.713659e+000  8.666462e-001  0.000000e+000  0.000000e+000  
0.000000e+000  0.000000e+000  9.182754e-001  1.815747e+000  2.672083e+000  3.987598e+000  5.156237e+000  5.898457e+000  6.152877e+000  5.898457e+000  5.156237e+000  3.987598e+000  2.672083e+000  1.815747e+000  9.182753e-001  0.000000e+000  0.000000e+000  
0.000000e+000  0.000000e+000  9.444527e-001  1.867509e+000  2.748256e+000  4.101273e+000  5.303226e+000  6.066604e+000  6.328277e+000  6.066604e+000  5.303226e+000  4.101273e+000  2.748256e+000  1.867509e+000  9.444527e-001  0.000000e+000  0.000000e+000  
0.000000e+000  0.000000e+000  0.000000e+000  0.000000e+000  0.000000e+000  0.000000e+000  0.000000e+000  0.000000e+000  0.000000e+000  0.000000e+000  0.000000e+000  0.000000e+000  0.000000e+000  0.000000e+000  0.000000e+000  0.000000e+000  0.000000e+000  
0.000000e+000  0.000000e+000  0.000000e+000  0.000000e+000  0.000000e+000  0.000000e+000  0.000000e+000  0.000000e+000  0.000000e+000  0.000000e+000  0.000000e+000  0.000000e+000  0.000000e+000  0.000000e+000  0.000000e+000  0.000000e+000  0.000000e+000  

0.000000e+000  0.000000e+000  0.000000e+000  0.000000e+000  0.000000e+000  0.000000e+000  0.000000e+000  0.000000e+000  0.000000e+000  0.000000e+000  0.000000e+000  0.000000e+000  0.000000e+000  0.000000e+000  0.000000e+000  0.000000e+000  0.000000e+000  
0.000000e+000  0.000000e+000  0.000000e+000  0.000000e+000  0.000000e+000  0.000000e+000  0.000000e+000  0.000000e+000  0.000000e+000  0.000000e+000  0.000000e+000  0.000000e+000  0.000000e+000  0.000000e+000  0.000000e+000  0.000000e+000  0.000000e+000  
0.000000e+000  -4.932215e-001  -4.820476e-001  -4.599528e-001  -4.160874e-001  -3.285338e-001  -2.086568e-001  -7.152393e-002  7.152393e-002  2.086568e-001  3.285338e-001  4.160874e-001  4.599528e-001  4.820476e-001  4.932215e-001  0.000000e+000  0.000000e+000  
0.000000e+000  -9.727725e-001  -9.507342e-001  -9.071571e-001  -8.206421e-001  -6.479616e-001  -4.115302e-001  -1.410654e-001  1.410654e-001  4.115302e-001  6.479616e-001  8.206421e-001  9.071571e-001  9.507343e-001  9.727725e-001  0.000000e+000  0.000000e+000  
0.000000e+000  -1.425361e+000  -1.393070e+000  -1.329218e+000  -1.202451e+000  -9.494300e-001  -6.029974e-001  -2.066970e-001  2.066970e-001  6.029974e-001  9.494300e-001  1.202451e+000  1.329218e+000  1.393070e+000  1.425361e+000  0.000000e+000  0.000000e+000  
0.000000e+000  -2.095841e+000  -2.048360e+000  -1.954473e+000  -1.768076e+000  -1.396036e+000  -8.866433e-001  -3.039259e-001  3.039259e-001  8.866433e-001  1.396036e+000  1.768076e+000  1.954473e+000  2.048360e+000  2.095841e+000  0.000000e+000  0.000000e+000  
0.000000e+000  -2.658155e+000  -2.597934e+000  -2.478857e+000  -2.242450e+000  -1.770591e+000  -1.124529e+000  -3.854692e-001  3.854692e-001  1.124529e+000  1.770591e+000  2.242450e+000  2.478857e+000  2.597934e+000  2.658155e+000  0.000000e+000  0.000000e+000  
0.000000e+000  -2.954140e+000  -2.887213e+000  -2.754877e+000  -2.492146e+000  -1.967746e+000  -1.249745e+000  -4.283911e-001  4.283911e-001  1.249745e+000  1.967746e+000  2.492146e+000  2.754877e+000  2.887213e+000  2.954140e+000  0.000000e+000  0.000000e+000  
0.000000e+000  -2.954140e+000  -2.887213e+000  -2.754877e+000  -2.492146e+000  -1.967746e+000  -1.249745e+000  -4.283911e-001  4.283911e-001  1.249745e+000  1.967746e+000  2.492146e+000  2.754877e+000  2.887213e+000  2.954140e+000  0.000000e+000  0.000000e+000  
0.000000e+000  -2.658155e+000  -2.597934e+000  -2.478857e+000  -2.242450e+000  -1.770591e+000  -1.124529e+000  -3.854692e-001  3.854692e-001  1.124529e+000  1.770591e+000  2.242450e+000  2.478857e+000  2.597934e+000  2.658155e+000  0.000000e+000  0.000000e+000  
0.000000e+000  -2.095841e+000  -2.048360e+000  -1.954473e+000  -1.768076e+000  -1.396036e+000  -8.866433e-001  -3.039259e-001  3.039259e-001  8.866433e-001  1.396036e+000  1.768076e+000  1.954473e+000  2.048360e+000  2.095841e+000  0.000000e+000  0.000000e+000  
0.000000e+000  -1.425361e+000  -1.393070e+000  -1.329218e+000  -1.202451e+000  -9.494300e-001  -6.029974e-001  -2.066970e-001  2.066970e-001  6.029974e-001  9.494300e-001  1.202451e+000  1.329218e+000  1.393070e+000  1.425361e+000  0.000000e+000  0.000000e+000  
0.000000e+000  -9.727725e-001  -9.507343e-001  -9.071571e-001  -8.206421e-001  -6.479616e-001  -4.115302e-001  -1.410654e-001  1.410654e-001  4.115302e-001  6.479616e-001  8.206421e-001  9.071571e-001  9.507343e-001  9.727725e-001  0.000000e+000  0.000000e+000  
0.000000e+000  -4.932215e-001  -4.820476e-001  -4.599528e-001  -4.160874e-001  -3.285338e-001  -2.086568e-001  -7.152392e-002  7.152392e-002  2.086568e-001  3.285338e-001  4.160874e-001  4.599528e-001  4.820476e-001  4.932215e-001  0.000000e+000  0.000000e+000  
0.000000e+000  0.000000e+000  0.000000e+000  0.000000e+000  0.000000e+000  0.000000e+000  0.000000e+000  0.000000e+000  0.000000e+000  0.000000e+000  0.000000e+000  0.000000e+000  0.000000e+000  0.000000e+000  0.000000e+000  0.000000e+000  0.000000e+000  
0.000000e+000  0.000000e+000  0.000000e+000  0.000000e+000  0.000000e+000  0.000000e+000  0.000000e+000  0.000000e+000  0.000000e+000  0.000000e+000  0.000000e+000  0.000000e+000  0.000000e+000  0.000000e+000  0.000000e+000  0.000000e+000  0.000000e+000  

0.000000e+000  0.000000e+000  0.000000e+000  0.000000e+000  0.000000e+000  0.000000e+000  0.000000e+000  0.000000e+000  0.000000e+000  0.000000e+000  0.000000e+000  0.000000e+000  0.000000e+000  0.000000e+000  0.000000e+000  0.000000e+000  0.000000e+000  
0.000000e+000  -8.614787e+000  -8.419619e+000  -8.033704e+000  -7.267534e+000  -5.738292e+000  -3.644476e+000  -1.249263e+000  1.249263e+000  3.644476e+000  5.738292e+000  7.267534e+000  8.033704e+000  8.419619e+000  8.614787e+000  0.000000e+000  0.000000e+000  
0.000000e+000  -8.376012e+000  -8.186253e+000  -7.811034e+000  -7.066100e+000  -5.579244e+000  -3.543462e+000  -1.214637e+000  1.214637e+000  3.543462e+000  5.579244e+000  7.066100e+000  7.811034e+000  8.186253e+000  8.376012e+000  0.000000e+000  0.000000e+000  
0.000000e+000  -7.905079e+000  -7.725989e+000  -7.371867e+000  -6.668816e+000  -5.265557e+000  -3.344235e+000  -1.146346e+000  1.146346e+000  3.344235e+000  5.265557e+000  6.668816e+000  7.371867e+000  7.725989e+000  7.905079e+000  0.000000e+000  0.000000e+000  
0.000000e+000  -6.981306e+000  -6.823145e+000  -6.510404e+000  -5.889511e+000  -4.650234e+000  -2.953434e+000  -1.012386e+000  1.012386e+000  2.953434e+000  4.650234e+000  5.889511e+000  6.510404e+000  6.823145e+000  6.981306e+000  0.000000e+000  0.000000e+000  
0.000000e+000  -5.165765e+000  -5.048734e+000  -4.817325e+000  -4.357899e+000  -3.440905e+000  -2.185371e+000  -7.491073e-001  7.491073e-001  2.185371e+000  3.440905e+000  4.357899e+000  4.817325e+000  5.048734e+000  5.165765e+000  0.000000e+000  0.000000e+000  
0.000000e+000  -2.719100e+000  -2.657499e+000  -2.535692e+000  -2.293864e+000  -1.811187e+000  -1.150312e+000  -3.943071e-001  3.943071e-001  1.150312e+000  1.811187e+000  2.293864e+000  2.535692e+000  2.657499e+000  2.719100e+000  0.000000e+000  0.000000e+000  
0.000000e+000  -9.194015e-011  3.631567e-010  -2.248466e-010  2.319547e-010  0.000000e+000  6.532498e-011  -1.872687e-010  -8.344204e-011  1.582186e-010  0.000000e+000  0.000000e+000  -3.950607e-010  -4.256715e-010  0.000000e+000  0.000000e+000  0.000000e+000  
0.000000e+000  2.719100e+000  2.657499e+000  2.535692e+000  2.293864e+000  1.811187e+000  1.150312e+000  3.943071e-001  -3.943071e-001  -1.150312e+000  -1.811187e+000  -2.293864e+000  -2.535692e+000  -2.657499e+000  -2.719100e+000  0.000000e+000  0.000000e+000  
0.000000e+000  5.165765e+000  5.048734e+000  4.817325e+000  4.357899e+000  3.440905e+000  2.185371e+000  7.491073e-001  -7.491073e-001  -2.185371e+000  -3.440905e+000  -4.357899e+000  -4.817325e+000  -5.048734e+000  -5.165765e+000  0.000000e+000  0.000000e+000  
0.000000e+000  6.981306e+000  6.823145e+000  6.510404e+000  5.889511e+000  4.650234e+000  2.953434e+000  1.012386e+000  -1.012386e+000  -2.953434e+000  -4.650234e+000  -5.889511e+000  -6.510404e+000  -6.823145e+000  -6.981306e+000  0.000000e+000  0.000000e+000  
0.000000e+000  7.905079e+000  7.725989e+000  7.371867e+000  6.668816e+000  5.265557e+000  3.344235e+000  1.146346e+000  -1.146346e+000  -3.344235e+000  -5.265557e+000  -6.668816e+000  -7.371867e+000  -7.725989e+000  -7.905079e+000  0.000000e+000  0.000000e+000  
0.000000e+000  8.376012e+000  8.186253e+000  7.811034e+000  7.066100e+000  5.579244e+000  3.543462e+000  1.214637e+000  -1.214637e+000  -3.543462e+000  -5.579244e+000  -7.066100e+000  -7.811034e+000  -8.186253e+000  -8.376012e+000  0.000000e+000  0.000000e+000  
0.000000e+000  8.614787e+000  8.419619e+000  8.033704e+000  7.267534e+000  5.738292e+000  3.644476e+000  1.249263e+000  -1.249263e+000  -3.644476e+000  -5.738292e+000  -7.267534e+000  -8.033704e+000  -8.419619e+000  -8.614787e+000  0.000000e+000  0.000000e+000  
0.000000e+000  0.000000e+000  0.000000e+000  0.000000e+000  0.000000e+000  0.000000e+000  0.000000e+000  0.000000e+000  0.000000e+000  0.000000e+000  0.000000e+000  0.000000e+000  0.000000e+000  0.000000e+000  0.000000e+000  0.000000e+000  0.000000e+000  
0.000000e+000  0.000000e+000  0.000000e+000  0.000000e+000  0.000000e+000  0.000000e+000  0.000000e+000  0.000000e+000  0.000000e+000  0.000000e+000  0.000000e+000  0.000000e+000  0.000000e+000  0.000000e+000  0.000000e+000  0.000000e+000  0.000000e+000  

