Port monitor named: Port2_e1[7.5].prt

nx        = 17
ny        = 16
nz        = 52

nu        = 17
nv        = 16
iu        = 1
iv        = 1

idir      = 2
dcut      = -5.000000e-002
icut      = 1
type      = 0
frequency = 7.500000e+009

fcutoff   = 7.494020e+009
alpha     = 0.000000e+000
beta      = 6.269767e+000
accuracy  = 2.085022e-013

type          = TE
wave imp.     = 9.444948e+003
wave imp.sig. = 2.321158e-004
line imp.     = 0.000000e+000

ref. port     = 0

0.000000e+000  0.000000e+000  0.000000e+000  0.000000e+000  0.000000e+000  0.000000e+000  0.000000e+000  0.000000e+000  0.000000e+000  0.000000e+000  0.000000e+000  0.000000e+000  0.000000e+000  0.000000e+000  0.000000e+000  0.000000e+000  0.000000e+000  
0.000000e+000  0.000000e+000  0.000000e+000  0.000000e+000  0.000000e+000  0.000000e+000  0.000000e+000  0.000000e+000  0.000000e+000  0.000000e+000  0.000000e+000  0.000000e+000  0.000000e+000  0.000000e+000  0.000000e+000  0.000000e+000  0.000000e+000  
0.000000e+000  -7.932455e-006  -4.759546e-006  6.646450e-007  7.022413e-006  -1.372476e-005  -7.637001e-006  -2.105020e-006  2.104917e-006  7.636941e-006  1.372472e-005  -7.022418e-006  -6.649446e-007  4.759610e-006  7.932281e-006  0.000000e+000  0.000000e+000  
0.000000e+000  -1.883021e-005  -1.164367e-005  2.020449e-006  2.334480e-005  -3.475630e-005  -1.495160e-005  -3.803959e-006  3.803760e-006  1.495156e-005  3.475621e-005  -2.334504e-005  -2.020218e-006  1.164326e-005  1.882994e-005  0.000000e+000  0.000000e+000  
0.000000e+000  -3.642566e-005  -2.468313e-005  1.207167e-006  6.715178e-005  -7.708037e-005  -1.958110e-005  -4.456778e-006  4.456502e-006  1.958098e-005  7.708029e-005  -6.715189e-005  -1.207512e-006  2.468298e-005  3.642524e-005  0.000000e+000  0.000000e+000  
0.000000e+000  -7.176272e-005  -5.874027e-005  -3.159403e-005  7.941115e-005  1.941154e-005  -5.134154e-006  -3.118876e-006  3.118459e-006  5.133905e-006  -1.941168e-005  -7.941134e-005  3.159382e-005  5.874012e-005  7.176267e-005  0.000000e+000  0.000000e+000  
0.000000e+000  -2.813847e-005  -2.113802e-005  -7.554316e-006  1.796134e-005  1.084231e-005  1.591745e-006  -2.975693e-007  2.971637e-007  -1.592053e-006  -1.084251e-005  -1.796138e-005  7.554341e-006  2.113796e-005  2.813840e-005  0.000000e+000  0.000000e+000  
0.000000e+000  -7.302881e-006  -5.397896e-006  -1.990520e-006  3.263554e-006  3.073746e-006  9.661867e-007  1.107844e-007  -1.111778e-007  -9.663682e-007  -3.073822e-006  -3.263675e-006  1.990477e-006  5.398039e-006  7.302941e-006  0.000000e+000  0.000000e+000  
0.000000e+000  7.303155e-006  5.398189e-006  1.990766e-006  -3.263460e-006  -3.073738e-006  -9.662961e-007  -1.111372e-007  1.108583e-007  9.662002e-007  3.073703e-006  3.263487e-006  -1.990794e-006  -5.398255e-006  -7.303053e-006  0.000000e+000  0.000000e+000  
0.000000e+000  2.813873e-005  2.113822e-005  7.554545e-006  -1.796105e-005  -1.084236e-005  -1.591896e-006  2.973197e-007  -2.975287e-007  1.591908e-006  1.084248e-005  1.796117e-005  -7.554607e-006  -2.113834e-005  -2.813875e-005  0.000000e+000  0.000000e+000  
0.000000e+000  7.176291e-005  5.874047e-005  3.159409e-005  -7.941100e-005  -1.941154e-005  5.133987e-006  3.118604e-006  -3.118651e-006  -5.133864e-006  1.941166e-005  7.941112e-005  -3.159418e-005  -5.874045e-005  -7.176300e-005  0.000000e+000  0.000000e+000  
0.000000e+000  3.642539e-005  2.468285e-005  -1.207318e-006  -6.715182e-005  7.708034e-005  1.958114e-005  4.456654e-006  -4.456696e-006  -1.958105e-005  -7.708019e-005  6.715173e-005  1.207345e-006  -2.468310e-005  -3.642558e-005  0.000000e+000  0.000000e+000  
0.000000e+000  1.883007e-005  1.164342e-005  -2.020372e-006  -2.334485e-005  3.475625e-005  1.495152e-005  3.803859e-006  -3.803854e-006  -1.495147e-005  -3.475612e-005  2.334485e-005  2.020387e-006  -1.164351e-005  -1.883022e-005  0.000000e+000  0.000000e+000  
0.000000e+000  7.932412e-006  4.759725e-006  -6.648589e-007  -7.022360e-006  1.372478e-005  7.636836e-006  2.104912e-006  -2.104874e-006  -7.636822e-006  -1.372469e-005  7.022415e-006  6.648595e-007  -4.759570e-006  -7.932573e-006  0.000000e+000  0.000000e+000  
0.000000e+000  0.000000e+000  0.000000e+000  0.000000e+000  0.000000e+000  0.000000e+000  0.000000e+000  0.000000e+000  0.000000e+000  0.000000e+000  0.000000e+000  0.000000e+000  0.000000e+000  0.000000e+000  0.000000e+000  0.000000e+000  0.000000e+000  
0.000000e+000  0.000000e+000  0.000000e+000  0.000000e+000  0.000000e+000  0.000000e+000  0.000000e+000  0.000000e+000  0.000000e+000  0.000000e+000  0.000000e+000  0.000000e+000  0.000000e+000  0.000000e+000  0.000000e+000  0.000000e+000  0.000000e+000  

0.000000e+000  0.000000e+000  0.000000e+000  0.000000e+000  0.000000e+000  0.000000e+000  0.000000e+000  0.000000e+000  0.000000e+000  0.000000e+000  0.000000e+000  0.000000e+000  0.000000e+000  0.000000e+000  0.000000e+000  0.000000e+000  0.000000e+000  
0.000000e+000  0.000000e+000  1.085291e+003  2.145995e+003  3.158081e+003  4.712861e+003  6.094052e+003  6.971267e+003  7.271961e+003  6.971267e+003  6.094052e+003  4.712861e+003  3.158081e+003  2.145995e+003  1.085291e+003  0.000000e+000  0.000000e+000  
0.000000e+000  0.000000e+000  1.085291e+003  2.145995e+003  3.158081e+003  4.712861e+003  6.094052e+003  6.971267e+003  7.271961e+003  6.971267e+003  6.094052e+003  4.712861e+003  3.158081e+003  2.145995e+003  1.085291e+003  0.000000e+000  0.000000e+000  
0.000000e+000  0.000000e+000  1.085291e+003  2.145995e+003  3.158081e+003  4.712861e+003  6.094052e+003  6.971267e+003  7.271961e+003  6.971267e+003  6.094052e+003  4.712861e+003  3.158081e+003  2.145995e+003  1.085291e+003  0.000000e+000  0.000000e+000  
0.000000e+000  0.000000e+000  1.085291e+003  2.145995e+003  3.158081e+003  4.712861e+003  6.094052e+003  6.971267e+003  7.271961e+003  6.971267e+003  6.094052e+003  4.712861e+003  3.158081e+003  2.145995e+003  1.085291e+003  0.000000e+000  0.000000e+000  
0.000000e+000  0.000000e+000  1.085291e+003  2.145995e+003  3.158081e+003  4.712861e+003  6.094052e+003  6.971267e+003  7.271961e+003  6.971267e+003  6.094052e+003  4.712861e+003  3.158081e+003  2.145995e+003  1.085291e+003  0.000000e+000  0.000000e+000  
0.000000e+000  0.000000e+000  1.085291e+003  2.145995e+003  3.158081e+003  4.712861e+003  6.094052e+003  6.971267e+003  7.271961e+003  6.971267e+003  6.094052e+003  4.712861e+003  3.158081e+003  2.145995e+003  1.085291e+003  0.000000e+000  0.000000e+000  
0.000000e+000  0.000000e+000  1.085291e+003  2.145995e+003  3.158081e+003  4.712861e+003  6.094052e+003  6.971267e+003  7.271961e+003  6.971267e+003  6.094052e+003  4.712861e+003  3.158081e+003  2.145995e+003  1.085291e+003  0.000000e+000  0.000000e+000  
0.000000e+000  0.000000e+000  1.085291e+003  2.145995e+003  3.158081e+003  4.712861e+003  6.094052e+003  6.971267e+003  7.271961e+003  6.971267e+003  6.094052e+003  4.712861e+003  3.158081e+003  2.145995e+003  1.085291e+003  0.000000e+000  0.000000e+000  
0.000000e+000  0.000000e+000  1.085291e+003  2.145995e+003  3.158081e+003  4.712861e+003  6.094052e+003  6.971267e+003  7.271961e+003  6.971267e+003  6.094052e+003  4.712861e+003  3.158081e+003  2.145995e+003  1.085291e+003  0.000000e+000  0.000000e+000  
0.000000e+000  0.000000e+000  1.085291e+003  2.145995e+003  3.158081e+003  4.712861e+003  6.094052e+003  6.971267e+003  7.271961e+003  6.971267e+003  6.094052e+003  4.712861e+003  3.158081e+003  2.145995e+003  1.085291e+003  0.000000e+000  0.000000e+000  
0.000000e+000  0.000000e+000  1.085291e+003  2.145995e+003  3.158081e+003  4.712861e+003  6.094052e+003  6.971267e+003  7.271961e+003  6.971267e+003  6.094052e+003  4.712861e+003  3.158081e+003  2.145995e+003  1.085291e+003  0.000000e+000  0.000000e+000  
0.000000e+000  0.000000e+000  1.085291e+003  2.145995e+003  3.158081e+003  4.712861e+003  6.094052e+003  6.971267e+003  7.271961e+003  6.971267e+003  6.094052e+003  4.712861e+003  3.158081e+003  2.145995e+003  1.085291e+003  0.000000e+000  0.000000e+000  
0.000000e+000  0.000000e+000  1.085291e+003  2.145995e+003  3.158081e+003  4.712861e+003  6.094052e+003  6.971267e+003  7.271961e+003  6.971267e+003  6.094052e+003  4.712861e+003  3.158081e+003  2.145995e+003  1.085291e+003  0.000000e+000  0.000000e+000  
0.000000e+000  0.000000e+000  0.000000e+000  0.000000e+000  0.000000e+000  0.000000e+000  0.000000e+000  0.000000e+000  0.000000e+000  0.000000e+000  0.000000e+000  0.000000e+000  0.000000e+000  0.000000e+000  0.000000e+000  0.000000e+000  0.000000e+000  
0.000000e+000  0.000000e+000  0.000000e+000  0.000000e+000  0.000000e+000  0.000000e+000  0.000000e+000  0.000000e+000  0.000000e+000  0.000000e+000  0.000000e+000  0.000000e+000  0.000000e+000  0.000000e+000  0.000000e+000  0.000000e+000  0.000000e+000  

0.000000e+000  0.000000e+000  0.000000e+000  0.000000e+000  0.000000e+000  0.000000e+000  0.000000e+000  0.000000e+000  0.000000e+000  0.000000e+000  0.000000e+000  0.000000e+000  0.000000e+000  0.000000e+000  0.000000e+000  0.000000e+000  0.000000e+000  
0.000000e+000  0.000000e+000  0.000000e+000  0.000000e+000  0.000000e+000  0.000000e+000  0.000000e+000  0.000000e+000  0.000000e+000  0.000000e+000  0.000000e+000  0.000000e+000  0.000000e+000  0.000000e+000  0.000000e+000  0.000000e+000  0.000000e+000  
0.000000e+000  0.000000e+000  0.000000e+000  0.000000e+000  0.000000e+000  0.000000e+000  0.000000e+000  0.000000e+000  0.000000e+000  0.000000e+000  0.000000e+000  0.000000e+000  0.000000e+000  0.000000e+000  0.000000e+000  0.000000e+000  0.000000e+000  
0.000000e+000  0.000000e+000  0.000000e+000  0.000000e+000  0.000000e+000  0.000000e+000  0.000000e+000  0.000000e+000  0.000000e+000  0.000000e+000  0.000000e+000  0.000000e+000  0.000000e+000  0.000000e+000  0.000000e+000  0.000000e+000  0.000000e+000  
0.000000e+000  0.000000e+000  0.000000e+000  0.000000e+000  0.000000e+000  0.000000e+000  0.000000e+000  0.000000e+000  0.000000e+000  0.000000e+000  0.000000e+000  0.000000e+000  0.000000e+000  0.000000e+000  0.000000e+000  0.000000e+000  0.000000e+000  
0.000000e+000  0.000000e+000  0.000000e+000  0.000000e+000  0.000000e+000  0.000000e+000  0.000000e+000  0.000000e+000  0.000000e+000  0.000000e+000  0.000000e+000  0.000000e+000  0.000000e+000  0.000000e+000  0.000000e+000  0.000000e+000  0.000000e+000  
0.000000e+000  0.000000e+000  0.000000e+000  0.000000e+000  0.000000e+000  0.000000e+000  0.000000e+000  0.000000e+000  0.000000e+000  0.000000e+000  0.000000e+000  0.000000e+000  0.000000e+000  0.000000e+000  0.000000e+000  0.000000e+000  0.000000e+000  
0.000000e+000  0.000000e+000  0.000000e+000  0.000000e+000  0.000000e+000  0.000000e+000  0.000000e+000  0.000000e+000  0.000000e+000  0.000000e+000  0.000000e+000  0.000000e+000  0.000000e+000  0.000000e+000  0.000000e+000  0.000000e+000  0.000000e+000  
0.000000e+000  0.000000e+000  0.000000e+000  0.000000e+000  0.000000e+000  0.000000e+000  0.000000e+000  0.000000e+000  0.000000e+000  0.000000e+000  0.000000e+000  0.000000e+000  0.000000e+000  0.000000e+000  0.000000e+000  0.000000e+000  0.000000e+000  
0.000000e+000  0.000000e+000  0.000000e+000  0.000000e+000  0.000000e+000  0.000000e+000  0.000000e+000  0.000000e+000  0.000000e+000  0.000000e+000  0.000000e+000  0.000000e+000  0.000000e+000  0.000000e+000  0.000000e+000  0.000000e+000  0.000000e+000  
0.000000e+000  0.000000e+000  0.000000e+000  0.000000e+000  0.000000e+000  0.000000e+000  0.000000e+000  0.000000e+000  0.000000e+000  0.000000e+000  0.000000e+000  0.000000e+000  0.000000e+000  0.000000e+000  0.000000e+000  0.000000e+000  0.000000e+000  
0.000000e+000  0.000000e+000  0.000000e+000  0.000000e+000  0.000000e+000  0.000000e+000  0.000000e+000  0.000000e+000  0.000000e+000  0.000000e+000  0.000000e+000  0.000000e+000  0.000000e+000  0.000000e+000  0.000000e+000  0.000000e+000  0.000000e+000  
0.000000e+000  0.000000e+000  0.000000e+000  0.000000e+000  0.000000e+000  0.000000e+000  0.000000e+000  0.000000e+000  0.000000e+000  0.000000e+000  0.000000e+000  0.000000e+000  0.000000e+000  0.000000e+000  0.000000e+000  0.000000e+000  0.000000e+000  
0.000000e+000  0.000000e+000  0.000000e+000  0.000000e+000  0.000000e+000  0.000000e+000  0.000000e+000  0.000000e+000  0.000000e+000  0.000000e+000  0.000000e+000  0.000000e+000  0.000000e+000  0.000000e+000  0.000000e+000  0.000000e+000  0.000000e+000  
0.000000e+000  0.000000e+000  0.000000e+000  0.000000e+000  0.000000e+000  0.000000e+000  0.000000e+000  0.000000e+000  0.000000e+000  0.000000e+000  0.000000e+000  0.000000e+000  0.000000e+000  0.000000e+000  0.000000e+000  0.000000e+000  0.000000e+000  
0.000000e+000  0.000000e+000  0.000000e+000  0.000000e+000  0.000000e+000  0.000000e+000  0.000000e+000  0.000000e+000  0.000000e+000  0.000000e+000  0.000000e+000  0.000000e+000  0.000000e+000  0.000000e+000  0.000000e+000  0.000000e+000  0.000000e+000  

0.000000e+000  0.000000e+000  0.000000e+000  0.000000e+000  0.000000e+000  0.000000e+000  0.000000e+000  0.000000e+000  0.000000e+000  0.000000e+000  0.000000e+000  0.000000e+000  0.000000e+000  0.000000e+000  0.000000e+000  0.000000e+000  0.000000e+000  
0.000000e+000  0.000000e+000  0.000000e+000  0.000000e+000  0.000000e+000  0.000000e+000  0.000000e+000  0.000000e+000  0.000000e+000  0.000000e+000  0.000000e+000  0.000000e+000  0.000000e+000  0.000000e+000  0.000000e+000  0.000000e+000  0.000000e+000  
0.000000e+000  0.000000e+000  0.000000e+000  0.000000e+000  0.000000e+000  0.000000e+000  0.000000e+000  0.000000e+000  0.000000e+000  0.000000e+000  0.000000e+000  0.000000e+000  0.000000e+000  0.000000e+000  0.000000e+000  0.000000e+000  0.000000e+000  
0.000000e+000  0.000000e+000  0.000000e+000  0.000000e+000  0.000000e+000  0.000000e+000  0.000000e+000  0.000000e+000  0.000000e+000  0.000000e+000  0.000000e+000  0.000000e+000  0.000000e+000  0.000000e+000  0.000000e+000  0.000000e+000  0.000000e+000  
0.000000e+000  0.000000e+000  0.000000e+000  0.000000e+000  0.000000e+000  0.000000e+000  0.000000e+000  0.000000e+000  0.000000e+000  0.000000e+000  0.000000e+000  0.000000e+000  0.000000e+000  0.000000e+000  0.000000e+000  0.000000e+000  0.000000e+000  
0.000000e+000  0.000000e+000  0.000000e+000  0.000000e+000  0.000000e+000  0.000000e+000  0.000000e+000  0.000000e+000  0.000000e+000  0.000000e+000  0.000000e+000  0.000000e+000  0.000000e+000  0.000000e+000  0.000000e+000  0.000000e+000  0.000000e+000  
0.000000e+000  0.000000e+000  0.000000e+000  0.000000e+000  0.000000e+000  0.000000e+000  0.000000e+000  0.000000e+000  0.000000e+000  0.000000e+000  0.000000e+000  0.000000e+000  0.000000e+000  0.000000e+000  0.000000e+000  0.000000e+000  0.000000e+000  
0.000000e+000  0.000000e+000  0.000000e+000  0.000000e+000  0.000000e+000  0.000000e+000  0.000000e+000  0.000000e+000  0.000000e+000  0.000000e+000  0.000000e+000  0.000000e+000  0.000000e+000  0.000000e+000  0.000000e+000  0.000000e+000  0.000000e+000  
0.000000e+000  0.000000e+000  0.000000e+000  0.000000e+000  0.000000e+000  0.000000e+000  0.000000e+000  0.000000e+000  0.000000e+000  0.000000e+000  0.000000e+000  0.000000e+000  0.000000e+000  0.000000e+000  0.000000e+000  0.000000e+000  0.000000e+000  
0.000000e+000  0.000000e+000  0.000000e+000  0.000000e+000  0.000000e+000  0.000000e+000  0.000000e+000  0.000000e+000  0.000000e+000  0.000000e+000  0.000000e+000  0.000000e+000  0.000000e+000  0.000000e+000  0.000000e+000  0.000000e+000  0.000000e+000  
0.000000e+000  0.000000e+000  0.000000e+000  0.000000e+000  0.000000e+000  0.000000e+000  0.000000e+000  0.000000e+000  0.000000e+000  0.000000e+000  0.000000e+000  0.000000e+000  0.000000e+000  0.000000e+000  0.000000e+000  0.000000e+000  0.000000e+000  
0.000000e+000  0.000000e+000  0.000000e+000  0.000000e+000  0.000000e+000  0.000000e+000  0.000000e+000  0.000000e+000  0.000000e+000  0.000000e+000  0.000000e+000  0.000000e+000  0.000000e+000  0.000000e+000  0.000000e+000  0.000000e+000  0.000000e+000  
0.000000e+000  0.000000e+000  0.000000e+000  0.000000e+000  0.000000e+000  0.000000e+000  0.000000e+000  0.000000e+000  0.000000e+000  0.000000e+000  0.000000e+000  0.000000e+000  0.000000e+000  0.000000e+000  0.000000e+000  0.000000e+000  0.000000e+000  
0.000000e+000  0.000000e+000  0.000000e+000  0.000000e+000  0.000000e+000  0.000000e+000  0.000000e+000  0.000000e+000  0.000000e+000  0.000000e+000  0.000000e+000  0.000000e+000  0.000000e+000  0.000000e+000  0.000000e+000  0.000000e+000  0.000000e+000  
0.000000e+000  0.000000e+000  0.000000e+000  0.000000e+000  0.000000e+000  0.000000e+000  0.000000e+000  0.000000e+000  0.000000e+000  0.000000e+000  0.000000e+000  0.000000e+000  0.000000e+000  0.000000e+000  0.000000e+000  0.000000e+000  0.000000e+000  
0.000000e+000  0.000000e+000  0.000000e+000  0.000000e+000  0.000000e+000  0.000000e+000  0.000000e+000  0.000000e+000  0.000000e+000  0.000000e+000  0.000000e+000  0.000000e+000  0.000000e+000  0.000000e+000  0.000000e+000  0.000000e+000  0.000000e+000  

0.000000e+000  0.000000e+000  0.000000e+000  0.000000e+000  0.000000e+000  0.000000e+000  0.000000e+000  0.000000e+000  0.000000e+000  0.000000e+000  0.000000e+000  0.000000e+000  0.000000e+000  0.000000e+000  0.000000e+000  0.000000e+000  0.000000e+000  
0.000000e+000  0.000000e+000  0.000000e+000  0.000000e+000  0.000000e+000  0.000000e+000  0.000000e+000  0.000000e+000  0.000000e+000  0.000000e+000  0.000000e+000  0.000000e+000  0.000000e+000  0.000000e+000  0.000000e+000  0.000000e+000  0.000000e+000  
0.000000e+000  0.000000e+000  0.000000e+000  0.000000e+000  0.000000e+000  0.000000e+000  0.000000e+000  0.000000e+000  0.000000e+000  0.000000e+000  0.000000e+000  0.000000e+000  0.000000e+000  0.000000e+000  0.000000e+000  0.000000e+000  0.000000e+000  
0.000000e+000  0.000000e+000  0.000000e+000  0.000000e+000  0.000000e+000  0.000000e+000  0.000000e+000  0.000000e+000  0.000000e+000  0.000000e+000  0.000000e+000  0.000000e+000  0.000000e+000  0.000000e+000  0.000000e+000  0.000000e+000  0.000000e+000  
0.000000e+000  0.000000e+000  0.000000e+000  0.000000e+000  0.000000e+000  0.000000e+000  0.000000e+000  0.000000e+000  0.000000e+000  0.000000e+000  0.000000e+000  0.000000e+000  0.000000e+000  0.000000e+000  0.000000e+000  0.000000e+000  0.000000e+000  
0.000000e+000  0.000000e+000  0.000000e+000  0.000000e+000  0.000000e+000  0.000000e+000  0.000000e+000  0.000000e+000  0.000000e+000  0.000000e+000  0.000000e+000  0.000000e+000  0.000000e+000  0.000000e+000  0.000000e+000  0.000000e+000  0.000000e+000  
0.000000e+000  0.000000e+000  0.000000e+000  0.000000e+000  0.000000e+000  0.000000e+000  0.000000e+000  0.000000e+000  0.000000e+000  0.000000e+000  0.000000e+000  0.000000e+000  0.000000e+000  0.000000e+000  0.000000e+000  0.000000e+000  0.000000e+000  
0.000000e+000  0.000000e+000  0.000000e+000  0.000000e+000  0.000000e+000  0.000000e+000  0.000000e+000  0.000000e+000  0.000000e+000  0.000000e+000  0.000000e+000  0.000000e+000  0.000000e+000  0.000000e+000  0.000000e+000  0.000000e+000  0.000000e+000  
0.000000e+000  0.000000e+000  0.000000e+000  0.000000e+000  0.000000e+000  0.000000e+000  0.000000e+000  0.000000e+000  0.000000e+000  0.000000e+000  0.000000e+000  0.000000e+000  0.000000e+000  0.000000e+000  0.000000e+000  0.000000e+000  0.000000e+000  
0.000000e+000  0.000000e+000  0.000000e+000  0.000000e+000  0.000000e+000  0.000000e+000  0.000000e+000  0.000000e+000  0.000000e+000  0.000000e+000  0.000000e+000  0.000000e+000  0.000000e+000  0.000000e+000  0.000000e+000  0.000000e+000  0.000000e+000  
0.000000e+000  0.000000e+000  0.000000e+000  0.000000e+000  0.000000e+000  0.000000e+000  0.000000e+000  0.000000e+000  0.000000e+000  0.000000e+000  0.000000e+000  0.000000e+000  0.000000e+000  0.000000e+000  0.000000e+000  0.000000e+000  0.000000e+000  
0.000000e+000  0.000000e+000  0.000000e+000  0.000000e+000  0.000000e+000  0.000000e+000  0.000000e+000  0.000000e+000  0.000000e+000  0.000000e+000  0.000000e+000  0.000000e+000  0.000000e+000  0.000000e+000  0.000000e+000  0.000000e+000  0.000000e+000  
0.000000e+000  0.000000e+000  0.000000e+000  0.000000e+000  0.000000e+000  0.000000e+000  0.000000e+000  0.000000e+000  0.000000e+000  0.000000e+000  0.000000e+000  0.000000e+000  0.000000e+000  0.000000e+000  0.000000e+000  0.000000e+000  0.000000e+000  
0.000000e+000  0.000000e+000  0.000000e+000  0.000000e+000  0.000000e+000  0.000000e+000  0.000000e+000  0.000000e+000  0.000000e+000  0.000000e+000  0.000000e+000  0.000000e+000  0.000000e+000  0.000000e+000  0.000000e+000  0.000000e+000  0.000000e+000  
0.000000e+000  0.000000e+000  0.000000e+000  0.000000e+000  0.000000e+000  0.000000e+000  0.000000e+000  0.000000e+000  0.000000e+000  0.000000e+000  0.000000e+000  0.000000e+000  0.000000e+000  0.000000e+000  0.000000e+000  0.000000e+000  0.000000e+000  
0.000000e+000  0.000000e+000  0.000000e+000  0.000000e+000  0.000000e+000  0.000000e+000  0.000000e+000  0.000000e+000  0.000000e+000  0.000000e+000  0.000000e+000  0.000000e+000  0.000000e+000  0.000000e+000  0.000000e+000  0.000000e+000  0.000000e+000  

0.000000e+000  0.000000e+000  0.000000e+000  0.000000e+000  0.000000e+000  0.000000e+000  0.000000e+000  0.000000e+000  0.000000e+000  0.000000e+000  0.000000e+000  0.000000e+000  0.000000e+000  0.000000e+000  0.000000e+000  0.000000e+000  0.000000e+000  
0.000000e+000  0.000000e+000  0.000000e+000  0.000000e+000  0.000000e+000  0.000000e+000  0.000000e+000  0.000000e+000  0.000000e+000  0.000000e+000  0.000000e+000  0.000000e+000  0.000000e+000  0.000000e+000  0.000000e+000  0.000000e+000  0.000000e+000  
0.000000e+000  0.000000e+000  -9.771532e-008  -2.873980e-008  -1.568898e-007  -2.035367e-007  1.980835e-007  4.742804e-007  5.218853e-007  4.728065e-007  1.811344e-007  -2.088425e-007  -1.544580e-007  -8.975660e-008  -3.135586e-008  0.000000e+000  0.000000e+000  
0.000000e+000  0.000000e+000  -5.814282e-008  -2.294762e-007  -2.467201e-007  -5.749434e-007  4.511411e-007  9.609410e-007  1.144876e-006  9.192314e-007  4.896083e-007  -6.135579e-007  -2.506258e-007  -1.922619e-007  -7.781853e-008  0.000000e+000  0.000000e+000  
0.000000e+000  0.000000e+000  -1.675567e-007  -2.917826e-007  -2.837871e-007  -1.358656e-006  8.576251e-007  1.557697e-006  1.718640e-006  1.546054e-006  8.252007e-007  -1.337506e-006  -2.802499e-007  -2.749809e-007  -1.458729e-007  0.000000e+000  0.000000e+000  
0.000000e+000  0.000000e+000  -5.569810e-007  -1.146681e-006  -1.938573e-006  -4.347521e-006  -6.339484e-006  -7.267263e-006  -7.566084e-006  -7.289813e-006  -6.364097e-006  -4.347005e-006  -1.936583e-006  -1.157661e-006  -5.560598e-007  0.000000e+000  0.000000e+000  
0.000000e+000  0.000000e+000  -4.443615e-007  -9.370648e-007  -1.457255e-006  -2.607731e-006  -3.711266e-006  -4.317160e-006  -4.527403e-006  -4.332267e-006  -3.710750e-006  -2.609132e-006  -1.452723e-006  -9.149204e-007  -4.353343e-007  0.000000e+000  0.000000e+000  
0.000000e+000  0.000000e+000  -1.770445e-007  -3.091739e-007  -5.216642e-007  -8.650679e-007  -1.213188e-006  -1.419820e-006  -1.504049e-006  -1.433600e-006  -1.222326e-006  -8.648469e-007  -5.227696e-007  -3.394612e-007  -1.754233e-007  0.000000e+000  0.000000e+000  
0.000000e+000  0.000000e+000  1.754786e-007  3.169852e-007  5.459456e-007  8.820171e-007  1.237506e-006  1.441190e-006  1.505818e-006  1.423873e-006  1.220852e-006  8.689736e-007  5.324600e-007  3.197118e-007  1.540711e-007  0.000000e+000  0.000000e+000  
0.000000e+000  0.000000e+000  4.506990e-007  9.248688e-007  1.435811e-006  2.627997e-006  3.701981e-006  4.327182e-006  4.524013e-006  4.291810e-006  3.704118e-006  2.633892e-006  1.459724e-006  9.413389e-007  4.423902e-007  0.000000e+000  0.000000e+000  
0.000000e+000  0.000000e+000  5.438638e-007  1.167352e-006  1.925788e-006  4.357469e-006  6.358201e-006  7.280823e-006  7.555767e-006  7.271538e-006  6.341842e-006  4.356880e-006  1.973835e-006  1.156408e-006  5.636869e-007  0.000000e+000  0.000000e+000  
0.000000e+000  0.000000e+000  1.836399e-007  2.716648e-007  2.950619e-007  1.364109e-006  -8.512876e-007  -1.536916e-006  -1.686363e-006  -1.550328e-006  -8.686788e-007  1.376121e-006  2.806920e-007  3.273389e-007  1.633379e-007  0.000000e+000  0.000000e+000  
0.000000e+000  0.000000e+000  7.748692e-008  2.064844e-007  2.387614e-007  5.921872e-007  -4.551205e-007  -9.462026e-007  -1.120263e-006  -9.724369e-007  -4.621949e-007  5.927768e-007  2.311712e-007  1.839347e-007  1.225494e-007  0.000000e+000  0.000000e+000  
0.000000e+000  0.000000e+000  6.746484e-008  6.941767e-008  1.380984e-007  2.041263e-007  -1.923356e-007  -4.701536e-007  -5.413399e-007  -4.834182e-007  -1.985257e-007  2.097268e-007  1.159909e-007  7.295487e-008  6.879129e-008  0.000000e+000  0.000000e+000  
0.000000e+000  0.000000e+000  0.000000e+000  0.000000e+000  0.000000e+000  0.000000e+000  0.000000e+000  0.000000e+000  0.000000e+000  0.000000e+000  0.000000e+000  0.000000e+000  0.000000e+000  0.000000e+000  0.000000e+000  0.000000e+000  0.000000e+000  
0.000000e+000  0.000000e+000  0.000000e+000  0.000000e+000  0.000000e+000  0.000000e+000  0.000000e+000  0.000000e+000  0.000000e+000  0.000000e+000  0.000000e+000  0.000000e+000  0.000000e+000  0.000000e+000  0.000000e+000  0.000000e+000  0.000000e+000  

