Port monitor named: Port1_e2[7.5].prt

nx        = 17
ny        = 16
nz        = 52

nu        = 17
nv        = 16
iu        = 1
iv        = 1

idir      = 2
dcut      = 5.000000e-002
icut      = 52
type      = 0
frequency = 7.500000e+009

fcutoff   = 8.328585e+009
alpha     = 7.581956e+001
beta      = 0.000000e+000
accuracy  = 8.760104e-012

type          = TE
wave imp.     = 7.810336e+002
wave imp.sig. = 1.955537e-005
line imp.     = 0.000000e+000

ref. port     = 0

0.000000e+000  0.000000e+000  0.000000e+000  0.000000e+000  0.000000e+000  0.000000e+000  0.000000e+000  0.000000e+000  0.000000e+000  0.000000e+000  0.000000e+000  0.000000e+000  0.000000e+000  0.000000e+000  0.000000e+000  0.000000e+000  0.000000e+000  
0.000000e+000  0.000000e+000  0.000000e+000  0.000000e+000  0.000000e+000  0.000000e+000  0.000000e+000  0.000000e+000  0.000000e+000  0.000000e+000  0.000000e+000  0.000000e+000  0.000000e+000  0.000000e+000  0.000000e+000  0.000000e+000  0.000000e+000  
0.000000e+000  3.450888e+002  3.450888e+002  3.450888e+002  3.450888e+002  3.450888e+002  3.450888e+002  3.450888e+002  3.450888e+002  3.450888e+002  3.450888e+002  3.450888e+002  3.450888e+002  3.450888e+002  3.450888e+002  0.000000e+000  0.000000e+000  
0.000000e+000  6.806128e+002  6.806128e+002  6.806128e+002  6.806128e+002  6.806128e+002  6.806128e+002  6.806128e+002  6.806128e+002  6.806128e+002  6.806128e+002  6.806128e+002  6.806128e+002  6.806128e+002  6.806128e+002  0.000000e+000  0.000000e+000  
0.000000e+000  9.972723e+002  9.972723e+002  9.972723e+002  9.972723e+002  9.972723e+002  9.972723e+002  9.972723e+002  9.972723e+002  9.972723e+002  9.972723e+002  9.972723e+002  9.972723e+002  9.972723e+002  9.972723e+002  0.000000e+000  0.000000e+000  
0.000000e+000  1.466382e+003  1.466382e+003  1.466382e+003  1.466382e+003  1.466382e+003  1.466382e+003  1.466382e+003  1.466382e+003  1.466382e+003  1.466382e+003  1.466382e+003  1.466382e+003  1.466382e+003  1.466382e+003  0.000000e+000  0.000000e+000  
0.000000e+000  1.859812e+003  1.859812e+003  1.859812e+003  1.859812e+003  1.859812e+003  1.859812e+003  1.859812e+003  1.859812e+003  1.859812e+003  1.859812e+003  1.859812e+003  1.859812e+003  1.859812e+003  1.859812e+003  0.000000e+000  0.000000e+000  
0.000000e+000  2.066902e+003  2.066902e+003  2.066902e+003  2.066902e+003  2.066902e+003  2.066902e+003  2.066902e+003  2.066902e+003  2.066902e+003  2.066902e+003  2.066902e+003  2.066902e+003  2.066902e+003  2.066902e+003  0.000000e+000  0.000000e+000  
0.000000e+000  2.066902e+003  2.066902e+003  2.066902e+003  2.066902e+003  2.066902e+003  2.066902e+003  2.066902e+003  2.066902e+003  2.066902e+003  2.066902e+003  2.066902e+003  2.066902e+003  2.066902e+003  2.066902e+003  0.000000e+000  0.000000e+000  
0.000000e+000  1.859812e+003  1.859812e+003  1.859812e+003  1.859812e+003  1.859812e+003  1.859812e+003  1.859812e+003  1.859812e+003  1.859812e+003  1.859812e+003  1.859812e+003  1.859812e+003  1.859812e+003  1.859812e+003  0.000000e+000  0.000000e+000  
0.000000e+000  1.466382e+003  1.466382e+003  1.466382e+003  1.466382e+003  1.466382e+003  1.466382e+003  1.466382e+003  1.466382e+003  1.466382e+003  1.466382e+003  1.466382e+003  1.466382e+003  1.466382e+003  1.466382e+003  0.000000e+000  0.000000e+000  
0.000000e+000  9.972723e+002  9.972723e+002  9.972723e+002  9.972723e+002  9.972723e+002  9.972723e+002  9.972723e+002  9.972723e+002  9.972723e+002  9.972723e+002  9.972723e+002  9.972723e+002  9.972723e+002  9.972723e+002  0.000000e+000  0.000000e+000  
0.000000e+000  6.806128e+002  6.806128e+002  6.806128e+002  6.806128e+002  6.806128e+002  6.806128e+002  6.806128e+002  6.806128e+002  6.806128e+002  6.806128e+002  6.806128e+002  6.806128e+002  6.806128e+002  6.806128e+002  0.000000e+000  0.000000e+000  
0.000000e+000  3.450888e+002  3.450888e+002  3.450888e+002  3.450888e+002  3.450888e+002  3.450888e+002  3.450888e+002  3.450888e+002  3.450888e+002  3.450888e+002  3.450888e+002  3.450888e+002  3.450888e+002  3.450888e+002  0.000000e+000  0.000000e+000  
0.000000e+000  0.000000e+000  0.000000e+000  0.000000e+000  0.000000e+000  0.000000e+000  0.000000e+000  0.000000e+000  0.000000e+000  0.000000e+000  0.000000e+000  0.000000e+000  0.000000e+000  0.000000e+000  0.000000e+000  0.000000e+000  0.000000e+000  
0.000000e+000  0.000000e+000  0.000000e+000  0.000000e+000  0.000000e+000  0.000000e+000  0.000000e+000  0.000000e+000  0.000000e+000  0.000000e+000  0.000000e+000  0.000000e+000  0.000000e+000  0.000000e+000  0.000000e+000  0.000000e+000  0.000000e+000  

0.000000e+000  0.000000e+000  0.000000e+000  0.000000e+000  0.000000e+000  0.000000e+000  0.000000e+000  0.000000e+000  0.000000e+000  0.000000e+000  0.000000e+000  0.000000e+000  0.000000e+000  0.000000e+000  0.000000e+000  0.000000e+000  0.000000e+000  
0.000000e+000  0.000000e+000  9.754920e-006  2.006562e-005  3.244677e-005  5.466299e-005  3.771294e-005  1.946265e-005  0.000000e+000  -1.946528e-005  -3.771408e-005  -5.466278e-005  -3.244751e-005  -2.006606e-005  -9.754575e-006  0.000000e+000  0.000000e+000  
0.000000e+000  0.000000e+000  8.931463e-006  1.746095e-005  2.654760e-005  5.139450e-005  3.702140e-005  1.925301e-005  0.000000e+000  -1.925620e-005  -3.702362e-005  -5.139580e-005  -2.654861e-005  -1.746118e-005  -8.933619e-006  0.000000e+000  0.000000e+000  
0.000000e+000  0.000000e+000  8.272391e-006  1.380706e-005  1.148444e-005  4.544158e-005  3.622497e-005  1.891329e-005  0.000000e+000  -1.891556e-005  -3.622616e-005  -4.544142e-005  -1.148423e-005  -1.380759e-005  -8.271027e-006  0.000000e+000  0.000000e+000  
0.000000e+000  0.000000e+000  1.070258e-005  1.883611e-005  1.949868e-005  5.464238e-005  3.675603e-005  1.833986e-005  0.000000e+000  -1.834147e-005  -3.675871e-005  -5.464308e-005  -1.949937e-005  -1.883735e-005  -1.070261e-005  0.000000e+000  0.000000e+000  
0.000000e+000  0.000000e+000  2.070491e-005  4.620899e-005  8.453462e-005  6.382725e-005  3.484467e-005  1.598548e-005  0.000000e+000  -1.598698e-005  -3.484512e-005  -6.382848e-005  -8.453519e-005  -4.620887e-005  -2.070381e-005  0.000000e+000  0.000000e+000  
0.000000e+000  0.000000e+000  1.206368e-005  2.474462e-005  3.765044e-005  3.174417e-005  1.938887e-005  9.065088e-006  0.000000e+000  -9.065624e-006  -1.939031e-005  -3.174524e-005  -3.765139e-005  -2.474531e-005  -1.206329e-005  0.000000e+000  0.000000e+000  
0.000000e+000  0.000000e+000  0.000000e+000  0.000000e+000  0.000000e+000  0.000000e+000  0.000000e+000  0.000000e+000  0.000000e+000  0.000000e+000  0.000000e+000  0.000000e+000  0.000000e+000  0.000000e+000  0.000000e+000  0.000000e+000  0.000000e+000  
0.000000e+000  0.000000e+000  -1.206332e-005  -2.474570e-005  -3.765144e-005  -3.174530e-005  -1.939080e-005  -9.066462e-006  0.000000e+000  9.063701e-006  1.938959e-005  3.174359e-005  3.765080e-005  2.474544e-005  1.206423e-005  0.000000e+000  0.000000e+000  
0.000000e+000  0.000000e+000  -2.070391e-005  -4.620912e-005  -8.453511e-005  -6.382816e-005  -3.484630e-005  -1.598726e-005  0.000000e+000  1.598613e-005  3.484530e-005  6.382609e-005  8.453393e-005  4.620893e-005  2.070480e-005  0.000000e+000  0.000000e+000  
0.000000e+000  0.000000e+000  -1.070292e-005  -1.883640e-005  -1.949850e-005  -5.464113e-005  -3.675950e-005  -1.834210e-005  0.000000e+000  1.834113e-005  3.675763e-005  5.464118e-005  1.949780e-005  1.883657e-005  1.070333e-005  0.000000e+000  0.000000e+000  
0.000000e+000  0.000000e+000  -8.272053e-006  -1.380910e-005  -1.148409e-005  -4.544148e-005  -3.622805e-005  -1.891574e-005  0.000000e+000  1.891530e-005  3.622656e-005  4.544095e-005  1.148333e-005  1.380774e-005  8.271781e-006  0.000000e+000  0.000000e+000  
0.000000e+000  0.000000e+000  -8.933974e-006  -1.745796e-005  -2.654766e-005  -5.139371e-005  -3.702487e-005  -1.925526e-005  0.000000e+000  1.925596e-005  3.702297e-005  5.139302e-005  2.654514e-005  1.745761e-005  8.933995e-006  0.000000e+000  0.000000e+000  
0.000000e+000  0.000000e+000  -9.755780e-006  -2.006629e-005  -3.244664e-005  -5.466390e-005  -3.771755e-005  -1.946550e-005  0.000000e+000  1.946433e-005  3.771483e-005  5.466099e-005  3.244407e-005  2.006491e-005  9.754904e-006  0.000000e+000  0.000000e+000  
0.000000e+000  0.000000e+000  0.000000e+000  0.000000e+000  0.000000e+000  0.000000e+000  0.000000e+000  0.000000e+000  0.000000e+000  0.000000e+000  0.000000e+000  0.000000e+000  0.000000e+000  0.000000e+000  0.000000e+000  0.000000e+000  0.000000e+000  
0.000000e+000  0.000000e+000  0.000000e+000  0.000000e+000  0.000000e+000  0.000000e+000  0.000000e+000  0.000000e+000  0.000000e+000  0.000000e+000  0.000000e+000  0.000000e+000  0.000000e+000  0.000000e+000  0.000000e+000  0.000000e+000  0.000000e+000  

0.000000e+000  0.000000e+000  0.000000e+000  0.000000e+000  0.000000e+000  0.000000e+000  0.000000e+000  0.000000e+000  0.000000e+000  0.000000e+000  0.000000e+000  0.000000e+000  0.000000e+000  0.000000e+000  0.000000e+000  0.000000e+000  0.000000e+000  
0.000000e+000  0.000000e+000  0.000000e+000  0.000000e+000  0.000000e+000  0.000000e+000  0.000000e+000  0.000000e+000  0.000000e+000  0.000000e+000  0.000000e+000  0.000000e+000  0.000000e+000  0.000000e+000  0.000000e+000  0.000000e+000  0.000000e+000  
0.000000e+000  0.000000e+000  -1.686726e-006  -3.290564e-006  -5.262332e-006  -5.529639e-006  -3.715905e-006  -1.929397e-006  0.000000e+000  1.917039e-006  3.701128e-006  5.510633e-006  5.256620e-006  3.257733e-006  1.693732e-006  0.000000e+000  0.000000e+000  
0.000000e+000  0.000000e+000  -3.112438e-006  -6.461840e-006  -9.825217e-006  -1.051720e-005  -7.348241e-006  -3.849243e-006  0.000000e+000  3.858246e-006  7.359580e-006  1.053255e-005  9.830209e-006  6.460894e-006  3.151150e-006  0.000000e+000  0.000000e+000  
0.000000e+000  0.000000e+000  -4.636491e-006  -9.011438e-006  -1.289448e-005  -1.436321e-005  -1.087143e-005  -5.747729e-006  0.000000e+000  5.753035e-006  1.085394e-005  1.435980e-005  1.290327e-005  8.974031e-006  4.622647e-006  0.000000e+000  0.000000e+000  
0.000000e+000  0.000000e+000  -7.181673e-006  -1.404309e-005  -1.996659e-005  -2.188219e-005  -1.706085e-005  -8.977815e-006  0.000000e+000  8.982650e-006  1.707240e-005  2.188385e-005  1.997863e-005  1.402186e-005  7.214027e-006  0.000000e+000  0.000000e+000  
0.000000e+000  0.000000e+000  -1.068510e-005  -2.148885e-005  -3.261167e-005  -3.946154e-005  -2.548523e-005  -1.262442e-005  0.000000e+000  1.262818e-005  2.548740e-005  3.947988e-005  3.261564e-005  2.147254e-005  1.066763e-005  0.000000e+000  0.000000e+000  
0.000000e+000  0.000000e+000  -1.268501e-005  -2.558664e-005  -3.891055e-005  -4.751310e-005  -3.025015e-005  -1.478788e-005  0.000000e+000  1.478893e-005  3.026102e-005  4.752755e-005  3.892347e-005  2.560543e-005  1.267241e-005  0.000000e+000  0.000000e+000  
0.000000e+000  0.000000e+000  -1.269068e-005  -2.560440e-005  -3.892374e-005  -4.751852e-005  -3.026903e-005  -1.479519e-005  0.000000e+000  1.477086e-005  3.025744e-005  4.751533e-005  3.890347e-005  2.561403e-005  1.267895e-005  0.000000e+000  0.000000e+000  
0.000000e+000  0.000000e+000  -1.068385e-005  -2.147197e-005  -3.261011e-005  -3.947440e-005  -2.548575e-005  -1.262190e-005  -9.900926e-009  1.264397e-005  2.548135e-005  3.946637e-005  3.258879e-005  2.150492e-005  1.067549e-005  0.000000e+000  0.000000e+000  
0.000000e+000  0.000000e+000  -7.194154e-006  -1.403624e-005  -1.997827e-005  -2.187471e-005  -1.706517e-005  -8.981829e-006  0.000000e+000  8.984786e-006  1.706361e-005  2.189252e-005  1.996081e-005  1.405008e-005  7.206012e-006  0.000000e+000  0.000000e+000  
0.000000e+000  0.000000e+000  -4.627770e-006  -8.983635e-006  -1.291982e-005  -1.436941e-005  -1.086525e-005  -5.750195e-006  0.000000e+000  5.754679e-006  1.087587e-005  1.437394e-005  1.289887e-005  8.979600e-006  4.660741e-006  0.000000e+000  0.000000e+000  
0.000000e+000  0.000000e+000  -3.115278e-006  -6.424723e-006  -9.812631e-006  -1.049976e-005  -7.350521e-006  -3.844061e-006  -8.145908e-009  3.859695e-006  7.353493e-006  1.050277e-005  9.802670e-006  6.430990e-006  3.125061e-006  0.000000e+000  0.000000e+000  
0.000000e+000  0.000000e+000  -1.677349e-006  -3.325168e-006  -5.254211e-006  -5.553460e-006  -3.737507e-006  -1.935435e-006  0.000000e+000  1.914067e-006  3.721027e-006  5.521460e-006  5.260074e-006  3.302206e-006  1.673279e-006  0.000000e+000  0.000000e+000  
0.000000e+000  0.000000e+000  0.000000e+000  0.000000e+000  0.000000e+000  0.000000e+000  0.000000e+000  0.000000e+000  0.000000e+000  0.000000e+000  0.000000e+000  0.000000e+000  0.000000e+000  0.000000e+000  0.000000e+000  0.000000e+000  0.000000e+000  
0.000000e+000  0.000000e+000  0.000000e+000  0.000000e+000  0.000000e+000  0.000000e+000  0.000000e+000  0.000000e+000  0.000000e+000  0.000000e+000  0.000000e+000  0.000000e+000  0.000000e+000  0.000000e+000  0.000000e+000  0.000000e+000  0.000000e+000  

0.000000e+000  0.000000e+000  0.000000e+000  0.000000e+000  0.000000e+000  0.000000e+000  0.000000e+000  0.000000e+000  0.000000e+000  0.000000e+000  0.000000e+000  0.000000e+000  0.000000e+000  0.000000e+000  0.000000e+000  0.000000e+000  0.000000e+000  
0.000000e+000  0.000000e+000  0.000000e+000  0.000000e+000  0.000000e+000  0.000000e+000  0.000000e+000  0.000000e+000  0.000000e+000  0.000000e+000  0.000000e+000  0.000000e+000  0.000000e+000  0.000000e+000  0.000000e+000  0.000000e+000  0.000000e+000  
0.000000e+000  0.000000e+000  0.000000e+000  0.000000e+000  0.000000e+000  0.000000e+000  0.000000e+000  0.000000e+000  0.000000e+000  0.000000e+000  0.000000e+000  0.000000e+000  0.000000e+000  0.000000e+000  0.000000e+000  0.000000e+000  0.000000e+000  
0.000000e+000  0.000000e+000  0.000000e+000  0.000000e+000  0.000000e+000  0.000000e+000  0.000000e+000  0.000000e+000  0.000000e+000  0.000000e+000  0.000000e+000  0.000000e+000  0.000000e+000  0.000000e+000  0.000000e+000  0.000000e+000  0.000000e+000  
0.000000e+000  0.000000e+000  0.000000e+000  0.000000e+000  0.000000e+000  0.000000e+000  0.000000e+000  0.000000e+000  0.000000e+000  0.000000e+000  0.000000e+000  0.000000e+000  0.000000e+000  0.000000e+000  0.000000e+000  0.000000e+000  0.000000e+000  
0.000000e+000  0.000000e+000  0.000000e+000  0.000000e+000  0.000000e+000  0.000000e+000  0.000000e+000  0.000000e+000  0.000000e+000  0.000000e+000  0.000000e+000  0.000000e+000  0.000000e+000  0.000000e+000  0.000000e+000  0.000000e+000  0.000000e+000  
0.000000e+000  0.000000e+000  0.000000e+000  0.000000e+000  0.000000e+000  0.000000e+000  0.000000e+000  0.000000e+000  0.000000e+000  0.000000e+000  0.000000e+000  0.000000e+000  0.000000e+000  0.000000e+000  0.000000e+000  0.000000e+000  0.000000e+000  
0.000000e+000  0.000000e+000  0.000000e+000  0.000000e+000  0.000000e+000  0.000000e+000  0.000000e+000  0.000000e+000  0.000000e+000  0.000000e+000  0.000000e+000  0.000000e+000  0.000000e+000  0.000000e+000  0.000000e+000  0.000000e+000  0.000000e+000  
0.000000e+000  0.000000e+000  0.000000e+000  0.000000e+000  0.000000e+000  0.000000e+000  0.000000e+000  0.000000e+000  0.000000e+000  0.000000e+000  0.000000e+000  0.000000e+000  0.000000e+000  0.000000e+000  0.000000e+000  0.000000e+000  0.000000e+000  
0.000000e+000  0.000000e+000  0.000000e+000  0.000000e+000  0.000000e+000  0.000000e+000  0.000000e+000  0.000000e+000  0.000000e+000  0.000000e+000  0.000000e+000  0.000000e+000  0.000000e+000  0.000000e+000  0.000000e+000  0.000000e+000  0.000000e+000  
0.000000e+000  0.000000e+000  0.000000e+000  0.000000e+000  0.000000e+000  0.000000e+000  0.000000e+000  0.000000e+000  0.000000e+000  0.000000e+000  0.000000e+000  0.000000e+000  0.000000e+000  0.000000e+000  0.000000e+000  0.000000e+000  0.000000e+000  
0.000000e+000  0.000000e+000  0.000000e+000  0.000000e+000  0.000000e+000  0.000000e+000  0.000000e+000  0.000000e+000  0.000000e+000  0.000000e+000  0.000000e+000  0.000000e+000  0.000000e+000  0.000000e+000  0.000000e+000  0.000000e+000  0.000000e+000  
0.000000e+000  0.000000e+000  0.000000e+000  0.000000e+000  0.000000e+000  0.000000e+000  0.000000e+000  0.000000e+000  0.000000e+000  0.000000e+000  0.000000e+000  0.000000e+000  0.000000e+000  0.000000e+000  0.000000e+000  0.000000e+000  0.000000e+000  
0.000000e+000  0.000000e+000  0.000000e+000  0.000000e+000  0.000000e+000  0.000000e+000  0.000000e+000  0.000000e+000  0.000000e+000  0.000000e+000  0.000000e+000  0.000000e+000  0.000000e+000  0.000000e+000  0.000000e+000  0.000000e+000  0.000000e+000  
0.000000e+000  0.000000e+000  0.000000e+000  0.000000e+000  0.000000e+000  0.000000e+000  0.000000e+000  0.000000e+000  0.000000e+000  0.000000e+000  0.000000e+000  0.000000e+000  0.000000e+000  0.000000e+000  0.000000e+000  0.000000e+000  0.000000e+000  
0.000000e+000  0.000000e+000  0.000000e+000  0.000000e+000  0.000000e+000  0.000000e+000  0.000000e+000  0.000000e+000  0.000000e+000  0.000000e+000  0.000000e+000  0.000000e+000  0.000000e+000  0.000000e+000  0.000000e+000  0.000000e+000  0.000000e+000  

0.000000e+000  0.000000e+000  0.000000e+000  0.000000e+000  0.000000e+000  0.000000e+000  0.000000e+000  0.000000e+000  0.000000e+000  0.000000e+000  0.000000e+000  0.000000e+000  0.000000e+000  0.000000e+000  0.000000e+000  0.000000e+000  0.000000e+000  
0.000000e+000  0.000000e+000  0.000000e+000  0.000000e+000  0.000000e+000  0.000000e+000  0.000000e+000  0.000000e+000  0.000000e+000  0.000000e+000  0.000000e+000  0.000000e+000  0.000000e+000  0.000000e+000  0.000000e+000  0.000000e+000  0.000000e+000  
0.000000e+000  0.000000e+000  0.000000e+000  0.000000e+000  0.000000e+000  0.000000e+000  0.000000e+000  0.000000e+000  0.000000e+000  0.000000e+000  0.000000e+000  0.000000e+000  0.000000e+000  0.000000e+000  0.000000e+000  0.000000e+000  0.000000e+000  
0.000000e+000  0.000000e+000  0.000000e+000  0.000000e+000  0.000000e+000  0.000000e+000  0.000000e+000  0.000000e+000  0.000000e+000  0.000000e+000  0.000000e+000  0.000000e+000  0.000000e+000  0.000000e+000  0.000000e+000  0.000000e+000  0.000000e+000  
0.000000e+000  0.000000e+000  0.000000e+000  0.000000e+000  0.000000e+000  0.000000e+000  0.000000e+000  0.000000e+000  0.000000e+000  0.000000e+000  0.000000e+000  0.000000e+000  0.000000e+000  0.000000e+000  0.000000e+000  0.000000e+000  0.000000e+000  
0.000000e+000  0.000000e+000  0.000000e+000  0.000000e+000  0.000000e+000  0.000000e+000  0.000000e+000  0.000000e+000  0.000000e+000  0.000000e+000  0.000000e+000  0.000000e+000  0.000000e+000  0.000000e+000  0.000000e+000  0.000000e+000  0.000000e+000  
0.000000e+000  0.000000e+000  0.000000e+000  0.000000e+000  0.000000e+000  0.000000e+000  0.000000e+000  0.000000e+000  0.000000e+000  0.000000e+000  0.000000e+000  0.000000e+000  0.000000e+000  0.000000e+000  0.000000e+000  0.000000e+000  0.000000e+000  
0.000000e+000  0.000000e+000  0.000000e+000  0.000000e+000  0.000000e+000  0.000000e+000  0.000000e+000  0.000000e+000  0.000000e+000  0.000000e+000  0.000000e+000  0.000000e+000  0.000000e+000  0.000000e+000  0.000000e+000  0.000000e+000  0.000000e+000  
0.000000e+000  0.000000e+000  0.000000e+000  0.000000e+000  0.000000e+000  0.000000e+000  0.000000e+000  0.000000e+000  0.000000e+000  0.000000e+000  0.000000e+000  0.000000e+000  0.000000e+000  0.000000e+000  0.000000e+000  0.000000e+000  0.000000e+000  
0.000000e+000  0.000000e+000  0.000000e+000  0.000000e+000  0.000000e+000  0.000000e+000  0.000000e+000  0.000000e+000  0.000000e+000  0.000000e+000  0.000000e+000  0.000000e+000  0.000000e+000  0.000000e+000  0.000000e+000  0.000000e+000  0.000000e+000  
0.000000e+000  0.000000e+000  0.000000e+000  0.000000e+000  0.000000e+000  0.000000e+000  0.000000e+000  0.000000e+000  0.000000e+000  0.000000e+000  0.000000e+000  0.000000e+000  0.000000e+000  0.000000e+000  0.000000e+000  0.000000e+000  0.000000e+000  
0.000000e+000  0.000000e+000  0.000000e+000  0.000000e+000  0.000000e+000  0.000000e+000  0.000000e+000  0.000000e+000  0.000000e+000  0.000000e+000  0.000000e+000  0.000000e+000  0.000000e+000  0.000000e+000  0.000000e+000  0.000000e+000  0.000000e+000  
0.000000e+000  0.000000e+000  0.000000e+000  0.000000e+000  0.000000e+000  0.000000e+000  0.000000e+000  0.000000e+000  0.000000e+000  0.000000e+000  0.000000e+000  0.000000e+000  0.000000e+000  0.000000e+000  0.000000e+000  0.000000e+000  0.000000e+000  
0.000000e+000  0.000000e+000  0.000000e+000  0.000000e+000  0.000000e+000  0.000000e+000  0.000000e+000  0.000000e+000  0.000000e+000  0.000000e+000  0.000000e+000  0.000000e+000  0.000000e+000  0.000000e+000  0.000000e+000  0.000000e+000  0.000000e+000  
0.000000e+000  0.000000e+000  0.000000e+000  0.000000e+000  0.000000e+000  0.000000e+000  0.000000e+000  0.000000e+000  0.000000e+000  0.000000e+000  0.000000e+000  0.000000e+000  0.000000e+000  0.000000e+000  0.000000e+000  0.000000e+000  0.000000e+000  
0.000000e+000  0.000000e+000  0.000000e+000  0.000000e+000  0.000000e+000  0.000000e+000  0.000000e+000  0.000000e+000  0.000000e+000  0.000000e+000  0.000000e+000  0.000000e+000  0.000000e+000  0.000000e+000  0.000000e+000  0.000000e+000  0.000000e+000  

0.000000e+000  0.000000e+000  0.000000e+000  0.000000e+000  0.000000e+000  0.000000e+000  0.000000e+000  0.000000e+000  0.000000e+000  0.000000e+000  0.000000e+000  0.000000e+000  0.000000e+000  0.000000e+000  0.000000e+000  0.000000e+000  0.000000e+000  
0.000000e+000  0.000000e+000  0.000000e+000  0.000000e+000  0.000000e+000  0.000000e+000  0.000000e+000  0.000000e+000  0.000000e+000  0.000000e+000  0.000000e+000  0.000000e+000  0.000000e+000  0.000000e+000  0.000000e+000  0.000000e+000  0.000000e+000  
0.000000e+000  0.000000e+000  0.000000e+000  0.000000e+000  0.000000e+000  0.000000e+000  0.000000e+000  0.000000e+000  0.000000e+000  0.000000e+000  0.000000e+000  0.000000e+000  0.000000e+000  0.000000e+000  0.000000e+000  0.000000e+000  0.000000e+000  
0.000000e+000  0.000000e+000  0.000000e+000  0.000000e+000  0.000000e+000  0.000000e+000  0.000000e+000  0.000000e+000  0.000000e+000  0.000000e+000  0.000000e+000  0.000000e+000  0.000000e+000  0.000000e+000  0.000000e+000  0.000000e+000  0.000000e+000  
0.000000e+000  0.000000e+000  0.000000e+000  0.000000e+000  0.000000e+000  0.000000e+000  0.000000e+000  0.000000e+000  0.000000e+000  0.000000e+000  0.000000e+000  0.000000e+000  0.000000e+000  0.000000e+000  0.000000e+000  0.000000e+000  0.000000e+000  
0.000000e+000  0.000000e+000  0.000000e+000  0.000000e+000  0.000000e+000  0.000000e+000  0.000000e+000  0.000000e+000  0.000000e+000  0.000000e+000  0.000000e+000  0.000000e+000  0.000000e+000  0.000000e+000  0.000000e+000  0.000000e+000  0.000000e+000  
0.000000e+000  0.000000e+000  0.000000e+000  0.000000e+000  0.000000e+000  0.000000e+000  0.000000e+000  0.000000e+000  0.000000e+000  0.000000e+000  0.000000e+000  0.000000e+000  0.000000e+000  0.000000e+000  0.000000e+000  0.000000e+000  0.000000e+000  
0.000000e+000  0.000000e+000  0.000000e+000  0.000000e+000  0.000000e+000  0.000000e+000  0.000000e+000  0.000000e+000  0.000000e+000  0.000000e+000  0.000000e+000  0.000000e+000  0.000000e+000  0.000000e+000  0.000000e+000  0.000000e+000  0.000000e+000  
0.000000e+000  0.000000e+000  0.000000e+000  0.000000e+000  0.000000e+000  0.000000e+000  0.000000e+000  0.000000e+000  0.000000e+000  0.000000e+000  0.000000e+000  0.000000e+000  0.000000e+000  0.000000e+000  0.000000e+000  0.000000e+000  0.000000e+000  
0.000000e+000  0.000000e+000  0.000000e+000  0.000000e+000  0.000000e+000  0.000000e+000  0.000000e+000  0.000000e+000  0.000000e+000  0.000000e+000  0.000000e+000  0.000000e+000  0.000000e+000  0.000000e+000  0.000000e+000  0.000000e+000  0.000000e+000  
0.000000e+000  0.000000e+000  0.000000e+000  0.000000e+000  0.000000e+000  0.000000e+000  0.000000e+000  0.000000e+000  0.000000e+000  0.000000e+000  0.000000e+000  0.000000e+000  0.000000e+000  0.000000e+000  0.000000e+000  0.000000e+000  0.000000e+000  
0.000000e+000  0.000000e+000  0.000000e+000  0.000000e+000  0.000000e+000  0.000000e+000  0.000000e+000  0.000000e+000  0.000000e+000  0.000000e+000  0.000000e+000  0.000000e+000  0.000000e+000  0.000000e+000  0.000000e+000  0.000000e+000  0.000000e+000  
0.000000e+000  0.000000e+000  0.000000e+000  0.000000e+000  0.000000e+000  0.000000e+000  0.000000e+000  0.000000e+000  0.000000e+000  0.000000e+000  0.000000e+000  0.000000e+000  0.000000e+000  0.000000e+000  0.000000e+000  0.000000e+000  0.000000e+000  
0.000000e+000  0.000000e+000  0.000000e+000  0.000000e+000  0.000000e+000  0.000000e+000  0.000000e+000  0.000000e+000  0.000000e+000  0.000000e+000  0.000000e+000  0.000000e+000  0.000000e+000  0.000000e+000  0.000000e+000  0.000000e+000  0.000000e+000  
0.000000e+000  0.000000e+000  0.000000e+000  0.000000e+000  0.000000e+000  0.000000e+000  0.000000e+000  0.000000e+000  0.000000e+000  0.000000e+000  0.000000e+000  0.000000e+000  0.000000e+000  0.000000e+000  0.000000e+000  0.000000e+000  0.000000e+000  
0.000000e+000  0.000000e+000  0.000000e+000  0.000000e+000  0.000000e+000  0.000000e+000  0.000000e+000  0.000000e+000  0.000000e+000  0.000000e+000  0.000000e+000  0.000000e+000  0.000000e+000  0.000000e+000  0.000000e+000  0.000000e+000  0.000000e+000  

