Port monitor named: Port1_h2[7.5].prt

nx        = 17
ny        = 16
nz        = 52

nu        = 17
nv        = 16
iu        = 1
iv        = 1

idir      = 2
dcut      = 5.000000e-002
icut      = 52
type      = 1
frequency = 7.500000e+009

fcutoff   = 8.328585e+009
alpha     = 7.581956e+001
beta      = 0.000000e+000
accuracy  = 8.760104e-012

type          = TE
wave imp.     = 7.810336e+002
wave imp.sig. = 1.955537e-005
line imp.     = 0.000000e+000

ref. port     = 0

0.000000e+000  0.000000e+000  0.000000e+000  0.000000e+000  0.000000e+000  0.000000e+000  0.000000e+000  0.000000e+000  0.000000e+000  0.000000e+000  0.000000e+000  0.000000e+000  0.000000e+000  0.000000e+000  0.000000e+000  0.000000e+000  0.000000e+000  
0.000000e+000  0.000000e+000  0.000000e+000  0.000000e+000  0.000000e+000  0.000000e+000  0.000000e+000  0.000000e+000  0.000000e+000  0.000000e+000  0.000000e+000  0.000000e+000  0.000000e+000  0.000000e+000  0.000000e+000  0.000000e+000  0.000000e+000  
0.000000e+000  0.000000e+000  0.000000e+000  0.000000e+000  0.000000e+000  0.000000e+000  0.000000e+000  0.000000e+000  0.000000e+000  0.000000e+000  0.000000e+000  0.000000e+000  0.000000e+000  0.000000e+000  0.000000e+000  0.000000e+000  0.000000e+000  
0.000000e+000  0.000000e+000  0.000000e+000  0.000000e+000  0.000000e+000  0.000000e+000  0.000000e+000  0.000000e+000  0.000000e+000  0.000000e+000  0.000000e+000  0.000000e+000  0.000000e+000  0.000000e+000  0.000000e+000  0.000000e+000  0.000000e+000  
0.000000e+000  0.000000e+000  0.000000e+000  0.000000e+000  0.000000e+000  0.000000e+000  0.000000e+000  0.000000e+000  0.000000e+000  0.000000e+000  0.000000e+000  0.000000e+000  0.000000e+000  0.000000e+000  0.000000e+000  0.000000e+000  0.000000e+000  
0.000000e+000  0.000000e+000  0.000000e+000  0.000000e+000  0.000000e+000  0.000000e+000  0.000000e+000  0.000000e+000  0.000000e+000  0.000000e+000  0.000000e+000  0.000000e+000  0.000000e+000  0.000000e+000  0.000000e+000  0.000000e+000  0.000000e+000  
0.000000e+000  0.000000e+000  0.000000e+000  0.000000e+000  0.000000e+000  0.000000e+000  0.000000e+000  0.000000e+000  0.000000e+000  0.000000e+000  0.000000e+000  0.000000e+000  0.000000e+000  0.000000e+000  0.000000e+000  0.000000e+000  0.000000e+000  
0.000000e+000  0.000000e+000  0.000000e+000  0.000000e+000  0.000000e+000  0.000000e+000  0.000000e+000  0.000000e+000  0.000000e+000  0.000000e+000  0.000000e+000  0.000000e+000  0.000000e+000  0.000000e+000  0.000000e+000  0.000000e+000  0.000000e+000  
0.000000e+000  0.000000e+000  0.000000e+000  0.000000e+000  0.000000e+000  0.000000e+000  0.000000e+000  0.000000e+000  0.000000e+000  0.000000e+000  0.000000e+000  0.000000e+000  0.000000e+000  0.000000e+000  0.000000e+000  0.000000e+000  0.000000e+000  
0.000000e+000  0.000000e+000  0.000000e+000  0.000000e+000  0.000000e+000  0.000000e+000  0.000000e+000  0.000000e+000  0.000000e+000  0.000000e+000  0.000000e+000  0.000000e+000  0.000000e+000  0.000000e+000  0.000000e+000  0.000000e+000  0.000000e+000  
0.000000e+000  0.000000e+000  0.000000e+000  0.000000e+000  0.000000e+000  0.000000e+000  0.000000e+000  0.000000e+000  0.000000e+000  0.000000e+000  0.000000e+000  0.000000e+000  0.000000e+000  0.000000e+000  0.000000e+000  0.000000e+000  0.000000e+000  
0.000000e+000  0.000000e+000  0.000000e+000  0.000000e+000  0.000000e+000  0.000000e+000  0.000000e+000  0.000000e+000  0.000000e+000  0.000000e+000  0.000000e+000  0.000000e+000  0.000000e+000  0.000000e+000  0.000000e+000  0.000000e+000  0.000000e+000  
0.000000e+000  0.000000e+000  0.000000e+000  0.000000e+000  0.000000e+000  0.000000e+000  0.000000e+000  0.000000e+000  0.000000e+000  0.000000e+000  0.000000e+000  0.000000e+000  0.000000e+000  0.000000e+000  0.000000e+000  0.000000e+000  0.000000e+000  
0.000000e+000  0.000000e+000  0.000000e+000  0.000000e+000  0.000000e+000  0.000000e+000  0.000000e+000  0.000000e+000  0.000000e+000  0.000000e+000  0.000000e+000  0.000000e+000  0.000000e+000  0.000000e+000  0.000000e+000  0.000000e+000  0.000000e+000  
0.000000e+000  0.000000e+000  0.000000e+000  0.000000e+000  0.000000e+000  0.000000e+000  0.000000e+000  0.000000e+000  0.000000e+000  0.000000e+000  0.000000e+000  0.000000e+000  0.000000e+000  0.000000e+000  0.000000e+000  0.000000e+000  0.000000e+000  
0.000000e+000  0.000000e+000  0.000000e+000  0.000000e+000  0.000000e+000  0.000000e+000  0.000000e+000  0.000000e+000  0.000000e+000  0.000000e+000  0.000000e+000  0.000000e+000  0.000000e+000  0.000000e+000  0.000000e+000  0.000000e+000  0.000000e+000  

0.000000e+000  0.000000e+000  0.000000e+000  0.000000e+000  0.000000e+000  0.000000e+000  0.000000e+000  0.000000e+000  0.000000e+000  0.000000e+000  0.000000e+000  0.000000e+000  0.000000e+000  0.000000e+000  0.000000e+000  0.000000e+000  0.000000e+000  
0.000000e+000  0.000000e+000  0.000000e+000  0.000000e+000  0.000000e+000  0.000000e+000  0.000000e+000  0.000000e+000  0.000000e+000  0.000000e+000  0.000000e+000  0.000000e+000  0.000000e+000  0.000000e+000  0.000000e+000  0.000000e+000  0.000000e+000  
0.000000e+000  0.000000e+000  0.000000e+000  0.000000e+000  0.000000e+000  0.000000e+000  0.000000e+000  0.000000e+000  0.000000e+000  0.000000e+000  0.000000e+000  0.000000e+000  0.000000e+000  0.000000e+000  0.000000e+000  0.000000e+000  0.000000e+000  
0.000000e+000  0.000000e+000  0.000000e+000  0.000000e+000  0.000000e+000  0.000000e+000  0.000000e+000  0.000000e+000  0.000000e+000  0.000000e+000  0.000000e+000  0.000000e+000  0.000000e+000  0.000000e+000  0.000000e+000  0.000000e+000  0.000000e+000  
0.000000e+000  0.000000e+000  0.000000e+000  0.000000e+000  0.000000e+000  0.000000e+000  0.000000e+000  0.000000e+000  0.000000e+000  0.000000e+000  0.000000e+000  0.000000e+000  0.000000e+000  0.000000e+000  0.000000e+000  0.000000e+000  0.000000e+000  
0.000000e+000  0.000000e+000  0.000000e+000  0.000000e+000  0.000000e+000  0.000000e+000  0.000000e+000  0.000000e+000  0.000000e+000  0.000000e+000  0.000000e+000  0.000000e+000  0.000000e+000  0.000000e+000  0.000000e+000  0.000000e+000  0.000000e+000  
0.000000e+000  0.000000e+000  0.000000e+000  0.000000e+000  0.000000e+000  0.000000e+000  0.000000e+000  0.000000e+000  0.000000e+000  0.000000e+000  0.000000e+000  0.000000e+000  0.000000e+000  0.000000e+000  0.000000e+000  0.000000e+000  0.000000e+000  
0.000000e+000  0.000000e+000  0.000000e+000  0.000000e+000  0.000000e+000  0.000000e+000  0.000000e+000  0.000000e+000  0.000000e+000  0.000000e+000  0.000000e+000  0.000000e+000  0.000000e+000  0.000000e+000  0.000000e+000  0.000000e+000  0.000000e+000  
0.000000e+000  0.000000e+000  0.000000e+000  0.000000e+000  0.000000e+000  0.000000e+000  0.000000e+000  0.000000e+000  0.000000e+000  0.000000e+000  0.000000e+000  0.000000e+000  0.000000e+000  0.000000e+000  0.000000e+000  0.000000e+000  0.000000e+000  
0.000000e+000  0.000000e+000  0.000000e+000  0.000000e+000  0.000000e+000  0.000000e+000  0.000000e+000  0.000000e+000  0.000000e+000  0.000000e+000  0.000000e+000  0.000000e+000  0.000000e+000  0.000000e+000  0.000000e+000  0.000000e+000  0.000000e+000  
0.000000e+000  0.000000e+000  0.000000e+000  0.000000e+000  0.000000e+000  0.000000e+000  0.000000e+000  0.000000e+000  0.000000e+000  0.000000e+000  0.000000e+000  0.000000e+000  0.000000e+000  0.000000e+000  0.000000e+000  0.000000e+000  0.000000e+000  
0.000000e+000  0.000000e+000  0.000000e+000  0.000000e+000  0.000000e+000  0.000000e+000  0.000000e+000  0.000000e+000  0.000000e+000  0.000000e+000  0.000000e+000  0.000000e+000  0.000000e+000  0.000000e+000  0.000000e+000  0.000000e+000  0.000000e+000  
0.000000e+000  0.000000e+000  0.000000e+000  0.000000e+000  0.000000e+000  0.000000e+000  0.000000e+000  0.000000e+000  0.000000e+000  0.000000e+000  0.000000e+000  0.000000e+000  0.000000e+000  0.000000e+000  0.000000e+000  0.000000e+000  0.000000e+000  
0.000000e+000  0.000000e+000  0.000000e+000  0.000000e+000  0.000000e+000  0.000000e+000  0.000000e+000  0.000000e+000  0.000000e+000  0.000000e+000  0.000000e+000  0.000000e+000  0.000000e+000  0.000000e+000  0.000000e+000  0.000000e+000  0.000000e+000  
0.000000e+000  0.000000e+000  0.000000e+000  0.000000e+000  0.000000e+000  0.000000e+000  0.000000e+000  0.000000e+000  0.000000e+000  0.000000e+000  0.000000e+000  0.000000e+000  0.000000e+000  0.000000e+000  0.000000e+000  0.000000e+000  0.000000e+000  
0.000000e+000  0.000000e+000  0.000000e+000  0.000000e+000  0.000000e+000  0.000000e+000  0.000000e+000  0.000000e+000  0.000000e+000  0.000000e+000  0.000000e+000  0.000000e+000  0.000000e+000  0.000000e+000  0.000000e+000  0.000000e+000  0.000000e+000  

0.000000e+000  0.000000e+000  0.000000e+000  0.000000e+000  0.000000e+000  0.000000e+000  0.000000e+000  0.000000e+000  0.000000e+000  0.000000e+000  0.000000e+000  0.000000e+000  0.000000e+000  0.000000e+000  0.000000e+000  0.000000e+000  0.000000e+000  
0.000000e+000  0.000000e+000  0.000000e+000  0.000000e+000  0.000000e+000  0.000000e+000  0.000000e+000  0.000000e+000  0.000000e+000  0.000000e+000  0.000000e+000  0.000000e+000  0.000000e+000  0.000000e+000  0.000000e+000  0.000000e+000  0.000000e+000  
0.000000e+000  0.000000e+000  0.000000e+000  0.000000e+000  0.000000e+000  0.000000e+000  0.000000e+000  0.000000e+000  0.000000e+000  0.000000e+000  0.000000e+000  0.000000e+000  0.000000e+000  0.000000e+000  0.000000e+000  0.000000e+000  0.000000e+000  
0.000000e+000  0.000000e+000  0.000000e+000  0.000000e+000  0.000000e+000  0.000000e+000  0.000000e+000  0.000000e+000  0.000000e+000  0.000000e+000  0.000000e+000  0.000000e+000  0.000000e+000  0.000000e+000  0.000000e+000  0.000000e+000  0.000000e+000  
0.000000e+000  0.000000e+000  0.000000e+000  0.000000e+000  0.000000e+000  0.000000e+000  0.000000e+000  0.000000e+000  0.000000e+000  0.000000e+000  0.000000e+000  0.000000e+000  0.000000e+000  0.000000e+000  0.000000e+000  0.000000e+000  0.000000e+000  
0.000000e+000  0.000000e+000  0.000000e+000  0.000000e+000  0.000000e+000  0.000000e+000  0.000000e+000  0.000000e+000  0.000000e+000  0.000000e+000  0.000000e+000  0.000000e+000  0.000000e+000  0.000000e+000  0.000000e+000  0.000000e+000  0.000000e+000  
0.000000e+000  0.000000e+000  0.000000e+000  0.000000e+000  0.000000e+000  0.000000e+000  0.000000e+000  0.000000e+000  0.000000e+000  0.000000e+000  0.000000e+000  0.000000e+000  0.000000e+000  0.000000e+000  0.000000e+000  0.000000e+000  0.000000e+000  
0.000000e+000  0.000000e+000  0.000000e+000  0.000000e+000  0.000000e+000  0.000000e+000  0.000000e+000  0.000000e+000  0.000000e+000  0.000000e+000  0.000000e+000  0.000000e+000  0.000000e+000  0.000000e+000  0.000000e+000  0.000000e+000  0.000000e+000  
0.000000e+000  0.000000e+000  0.000000e+000  0.000000e+000  0.000000e+000  0.000000e+000  0.000000e+000  0.000000e+000  0.000000e+000  0.000000e+000  0.000000e+000  0.000000e+000  0.000000e+000  0.000000e+000  0.000000e+000  0.000000e+000  0.000000e+000  
0.000000e+000  0.000000e+000  0.000000e+000  0.000000e+000  0.000000e+000  0.000000e+000  0.000000e+000  0.000000e+000  0.000000e+000  0.000000e+000  0.000000e+000  0.000000e+000  0.000000e+000  0.000000e+000  0.000000e+000  0.000000e+000  0.000000e+000  
0.000000e+000  0.000000e+000  0.000000e+000  0.000000e+000  0.000000e+000  0.000000e+000  0.000000e+000  0.000000e+000  0.000000e+000  0.000000e+000  0.000000e+000  0.000000e+000  0.000000e+000  0.000000e+000  0.000000e+000  0.000000e+000  0.000000e+000  
0.000000e+000  0.000000e+000  0.000000e+000  0.000000e+000  0.000000e+000  0.000000e+000  0.000000e+000  0.000000e+000  0.000000e+000  0.000000e+000  0.000000e+000  0.000000e+000  0.000000e+000  0.000000e+000  0.000000e+000  0.000000e+000  0.000000e+000  
0.000000e+000  0.000000e+000  0.000000e+000  0.000000e+000  0.000000e+000  0.000000e+000  0.000000e+000  0.000000e+000  0.000000e+000  0.000000e+000  0.000000e+000  0.000000e+000  0.000000e+000  0.000000e+000  0.000000e+000  0.000000e+000  0.000000e+000  
0.000000e+000  0.000000e+000  0.000000e+000  0.000000e+000  0.000000e+000  0.000000e+000  0.000000e+000  0.000000e+000  0.000000e+000  0.000000e+000  0.000000e+000  0.000000e+000  0.000000e+000  0.000000e+000  0.000000e+000  0.000000e+000  0.000000e+000  
0.000000e+000  0.000000e+000  0.000000e+000  0.000000e+000  0.000000e+000  0.000000e+000  0.000000e+000  0.000000e+000  0.000000e+000  0.000000e+000  0.000000e+000  0.000000e+000  0.000000e+000  0.000000e+000  0.000000e+000  0.000000e+000  0.000000e+000  
0.000000e+000  0.000000e+000  0.000000e+000  0.000000e+000  0.000000e+000  0.000000e+000  0.000000e+000  0.000000e+000  0.000000e+000  0.000000e+000  0.000000e+000  0.000000e+000  0.000000e+000  0.000000e+000  0.000000e+000  0.000000e+000  0.000000e+000  

0.000000e+000  0.000000e+000  0.000000e+000  0.000000e+000  0.000000e+000  0.000000e+000  0.000000e+000  0.000000e+000  0.000000e+000  0.000000e+000  0.000000e+000  0.000000e+000  0.000000e+000  0.000000e+000  0.000000e+000  0.000000e+000  0.000000e+000  
0.000000e+000  0.000000e+000  1.735674e-008  3.253518e-008  5.157322e-008  2.785856e-008  1.746675e-008  9.221459e-009  0.000000e+000  -8.999395e-009  -1.720379e-008  -2.752253e-008  -5.147119e-008  -3.195368e-008  -1.748116e-008  0.000000e+000  0.000000e+000  
0.000000e+000  0.000000e+000  1.379243e-008  3.375930e-008  4.674958e-008  2.245130e-008  1.687339e-008  9.320858e-009  0.000000e+000  -9.694768e-009  -1.733269e-008  -2.305755e-008  -4.693770e-008  -3.432321e-008  -1.435070e-008  0.000000e+000  0.000000e+000  
0.000000e+000  0.000000e+000  1.637641e-008  2.743702e-008  3.960632e-008  9.873554e-009  1.596173e-008  9.377852e-009  0.000000e+000  -9.309525e-009  -1.545019e-008  -9.541784e-009  -3.967368e-008  -2.679116e-008  -1.544820e-008  0.000000e+000  0.000000e+000  
0.000000e+000  0.000000e+000  1.314516e-008  2.896025e-008  4.963599e-008  9.353543e-009  1.822932e-008  1.059154e-008  0.000000e+000  -1.058451e-008  -1.853219e-008  -9.406171e-009  -4.966944e-008  -2.912929e-008  -1.363244e-008  0.000000e+000  0.000000e+000  
0.000000e+000  0.000000e+000  6.096231e-009  1.013262e-008  9.451442e-009  8.188669e-008  3.379084e-008  1.347131e-008  0.000000e+000  -1.345937e-008  -3.370294e-008  -8.204026e-008  -9.375590e-009  -1.017859e-008  -5.633934e-009  0.000000e+000  0.000000e+000  
0.000000e+000  0.000000e+000  3.167004e-009  6.455617e-009  1.041673e-008  3.429072e-008  1.952173e-008  8.528392e-009  0.000000e+000  -8.502538e-009  -1.960079e-008  -3.425320e-008  -1.049884e-008  -6.781300e-009  -3.212811e-009  0.000000e+000  0.000000e+000  
0.000000e+000  0.000000e+000  0.000000e+000  1.652650e-010  1.227185e-010  5.049337e-011  1.756894e-010  6.805378e-011  0.000000e+000  1.682097e-010  0.000000e+000  1.136917e-010  1.861263e-010  0.000000e+000  0.000000e+000  0.000000e+000  0.000000e+000  
0.000000e+000  0.000000e+000  -3.231836e-009  -6.776651e-009  -1.055268e-008  -3.422007e-008  -1.969015e-008  -8.618184e-009  9.214633e-011  8.189820e-009  1.962471e-008  3.426730e-008  1.056332e-008  6.559931e-009  3.199390e-009  0.000000e+000  0.000000e+000  
0.000000e+000  0.000000e+000  -5.969737e-009  -1.003903e-008  -9.327572e-009  -8.207481e-008  -3.375333e-008  -1.340817e-008  -9.214633e-011  1.358755e-008  3.372826e-008  8.183694e-008  9.293190e-009  1.021716e-008  5.780406e-009  0.000000e+000  0.000000e+000  
0.000000e+000  0.000000e+000  -1.336837e-008  -2.918093e-008  -4.949225e-008  -9.210872e-009  -1.833560e-008  -1.060500e-008  0.000000e+000  1.059014e-008  1.820949e-008  9.350886e-009  4.952991e-008  2.936925e-008  1.314513e-008  0.000000e+000  0.000000e+000  
0.000000e+000  0.000000e+000  -1.617228e-008  -2.759922e-008  -4.027771e-008  -1.029197e-008  -1.580819e-008  -9.510040e-009  1.441413e-010  9.313305e-009  1.594545e-008  1.031961e-008  4.008427e-008  2.741867e-008  1.658293e-008  0.000000e+000  0.000000e+000  
0.000000e+000  0.000000e+000  -1.400541e-008  -3.249403e-008  -4.667049e-008  -2.172220e-008  -1.652708e-008  -9.119454e-009  -1.441413e-010  9.773299e-009  1.687370e-008  2.234255e-008  4.639371e-008  3.301168e-008  1.425050e-008  0.000000e+000  0.000000e+000  
0.000000e+000  0.000000e+000  -1.718971e-008  -3.314664e-008  -5.142969e-008  -2.827890e-008  -1.784307e-008  -9.324633e-009  0.000000e+000  8.948037e-009  1.755494e-008  2.771639e-008  5.153671e-008  3.274210e-008  1.711882e-008  0.000000e+000  0.000000e+000  
0.000000e+000  0.000000e+000  0.000000e+000  0.000000e+000  0.000000e+000  0.000000e+000  0.000000e+000  0.000000e+000  0.000000e+000  0.000000e+000  0.000000e+000  0.000000e+000  0.000000e+000  0.000000e+000  0.000000e+000  0.000000e+000  0.000000e+000  
0.000000e+000  0.000000e+000  0.000000e+000  0.000000e+000  0.000000e+000  0.000000e+000  0.000000e+000  0.000000e+000  0.000000e+000  0.000000e+000  0.000000e+000  0.000000e+000  0.000000e+000  0.000000e+000  0.000000e+000  0.000000e+000  0.000000e+000  

0.000000e+000  0.000000e+000  0.000000e+000  0.000000e+000  0.000000e+000  0.000000e+000  0.000000e+000  0.000000e+000  0.000000e+000  0.000000e+000  0.000000e+000  0.000000e+000  0.000000e+000  0.000000e+000  0.000000e+000  0.000000e+000  0.000000e+000  
0.000000e+000  0.000000e+000  0.000000e+000  0.000000e+000  0.000000e+000  0.000000e+000  0.000000e+000  0.000000e+000  0.000000e+000  0.000000e+000  0.000000e+000  0.000000e+000  0.000000e+000  0.000000e+000  0.000000e+000  0.000000e+000  0.000000e+000  
0.000000e+000  4.418360e-001  4.418360e-001  4.418360e-001  4.418360e-001  4.418360e-001  4.418360e-001  4.418360e-001  4.418360e-001  4.418360e-001  4.418360e-001  4.418360e-001  4.418360e-001  4.418360e-001  4.418360e-001  0.000000e+000  0.000000e+000  
0.000000e+000  8.714257e-001  8.714257e-001  8.714257e-001  8.714257e-001  8.714257e-001  8.714257e-001  8.714257e-001  8.714257e-001  8.714257e-001  8.714257e-001  8.714257e-001  8.714257e-001  8.714257e-001  8.714257e-001  0.000000e+000  0.000000e+000  
0.000000e+000  1.276862e+000  1.276862e+000  1.276862e+000  1.276862e+000  1.276862e+000  1.276862e+000  1.276862e+000  1.276862e+000  1.276862e+000  1.276862e+000  1.276862e+000  1.276862e+000  1.276862e+000  1.276862e+000  0.000000e+000  0.000000e+000  
0.000000e+000  1.877489e+000  1.877489e+000  1.877489e+000  1.877489e+000  1.877489e+000  1.877489e+000  1.877489e+000  1.877489e+000  1.877489e+000  1.877489e+000  1.877489e+000  1.877489e+000  1.877489e+000  1.877489e+000  0.000000e+000  0.000000e+000  
0.000000e+000  2.381219e+000  2.381219e+000  2.381219e+000  2.381219e+000  2.381219e+000  2.381219e+000  2.381219e+000  2.381219e+000  2.381219e+000  2.381219e+000  2.381219e+000  2.381219e+000  2.381219e+000  2.381219e+000  0.000000e+000  0.000000e+000  
0.000000e+000  2.646367e+000  2.646367e+000  2.646367e+000  2.646367e+000  2.646367e+000  2.646367e+000  2.646367e+000  2.646367e+000  2.646367e+000  2.646367e+000  2.646367e+000  2.646367e+000  2.646367e+000  2.646367e+000  0.000000e+000  0.000000e+000  
0.000000e+000  2.646367e+000  2.646367e+000  2.646367e+000  2.646367e+000  2.646367e+000  2.646367e+000  2.646367e+000  2.646367e+000  2.646367e+000  2.646367e+000  2.646367e+000  2.646367e+000  2.646367e+000  2.646367e+000  0.000000e+000  0.000000e+000  
0.000000e+000  2.381219e+000  2.381219e+000  2.381219e+000  2.381219e+000  2.381219e+000  2.381219e+000  2.381219e+000  2.381219e+000  2.381219e+000  2.381219e+000  2.381219e+000  2.381219e+000  2.381219e+000  2.381219e+000  0.000000e+000  0.000000e+000  
0.000000e+000  1.877489e+000  1.877489e+000  1.877489e+000  1.877489e+000  1.877489e+000  1.877489e+000  1.877489e+000  1.877489e+000  1.877489e+000  1.877489e+000  1.877489e+000  1.877489e+000  1.877489e+000  1.877489e+000  0.000000e+000  0.000000e+000  
0.000000e+000  1.276862e+000  1.276862e+000  1.276862e+000  1.276862e+000  1.276862e+000  1.276862e+000  1.276862e+000  1.276862e+000  1.276862e+000  1.276862e+000  1.276862e+000  1.276862e+000  1.276862e+000  1.276862e+000  0.000000e+000  0.000000e+000  
0.000000e+000  8.714257e-001  8.714257e-001  8.714257e-001  8.714257e-001  8.714257e-001  8.714257e-001  8.714257e-001  8.714257e-001  8.714257e-001  8.714257e-001  8.714257e-001  8.714257e-001  8.714257e-001  8.714257e-001  0.000000e+000  0.000000e+000  
0.000000e+000  4.418360e-001  4.418360e-001  4.418360e-001  4.418360e-001  4.418360e-001  4.418360e-001  4.418360e-001  4.418360e-001  4.418360e-001  4.418360e-001  4.418360e-001  4.418360e-001  4.418360e-001  4.418360e-001  0.000000e+000  0.000000e+000  
0.000000e+000  0.000000e+000  0.000000e+000  0.000000e+000  0.000000e+000  0.000000e+000  0.000000e+000  0.000000e+000  0.000000e+000  0.000000e+000  0.000000e+000  0.000000e+000  0.000000e+000  0.000000e+000  0.000000e+000  0.000000e+000  0.000000e+000  
0.000000e+000  0.000000e+000  0.000000e+000  0.000000e+000  0.000000e+000  0.000000e+000  0.000000e+000  0.000000e+000  0.000000e+000  0.000000e+000  0.000000e+000  0.000000e+000  0.000000e+000  0.000000e+000  0.000000e+000  0.000000e+000  0.000000e+000  

0.000000e+000  0.000000e+000  0.000000e+000  0.000000e+000  0.000000e+000  0.000000e+000  0.000000e+000  0.000000e+000  0.000000e+000  0.000000e+000  0.000000e+000  0.000000e+000  0.000000e+000  0.000000e+000  0.000000e+000  0.000000e+000  0.000000e+000  
0.000000e+000  6.106321e+000  6.106321e+000  6.106321e+000  6.106321e+000  6.106321e+000  6.106321e+000  6.106321e+000  6.106321e+000  6.106321e+000  6.106321e+000  6.106321e+000  6.106321e+000  6.106321e+000  6.106321e+000  0.000000e+000  0.000000e+000  
0.000000e+000  5.937072e+000  5.937072e+000  5.937072e+000  5.937072e+000  5.937072e+000  5.937072e+000  5.937072e+000  5.937072e+000  5.937072e+000  5.937072e+000  5.937072e+000  5.937072e+000  5.937072e+000  5.937072e+000  0.000000e+000  0.000000e+000  
0.000000e+000  5.603267e+000  5.603267e+000  5.603267e+000  5.603267e+000  5.603267e+000  5.603267e+000  5.603267e+000  5.603267e+000  5.603267e+000  5.603267e+000  5.603267e+000  5.603267e+000  5.603267e+000  5.603267e+000  0.000000e+000  0.000000e+000  
0.000000e+000  4.948479e+000  4.948479e+000  4.948479e+000  4.948479e+000  4.948479e+000  4.948479e+000  4.948479e+000  4.948479e+000  4.948479e+000  4.948479e+000  4.948479e+000  4.948479e+000  4.948479e+000  4.948479e+000  0.000000e+000  0.000000e+000  
0.000000e+000  3.661590e+000  3.661590e+000  3.661590e+000  3.661590e+000  3.661590e+000  3.661590e+000  3.661590e+000  3.661590e+000  3.661590e+000  3.661590e+000  3.661590e+000  3.661590e+000  3.661590e+000  3.661590e+000  0.000000e+000  0.000000e+000  
0.000000e+000  1.927349e+000  1.927349e+000  1.927349e+000  1.927349e+000  1.927349e+000  1.927349e+000  1.927349e+000  1.927349e+000  1.927349e+000  1.927349e+000  1.927349e+000  1.927349e+000  1.927349e+000  1.927349e+000  0.000000e+000  0.000000e+000  
0.000000e+000  0.000000e+000  0.000000e+000  0.000000e+000  0.000000e+000  0.000000e+000  0.000000e+000  0.000000e+000  0.000000e+000  0.000000e+000  0.000000e+000  0.000000e+000  0.000000e+000  0.000000e+000  0.000000e+000  0.000000e+000  0.000000e+000  
0.000000e+000  -1.927349e+000  -1.927349e+000  -1.927349e+000  -1.927349e+000  -1.927349e+000  -1.927349e+000  -1.927349e+000  -1.927349e+000  -1.927349e+000  -1.927349e+000  -1.927349e+000  -1.927349e+000  -1.927349e+000  -1.927349e+000  0.000000e+000  0.000000e+000  
0.000000e+000  -3.661590e+000  -3.661590e+000  -3.661590e+000  -3.661590e+000  -3.661590e+000  -3.661590e+000  -3.661590e+000  -3.661590e+000  -3.661590e+000  -3.661590e+000  -3.661590e+000  -3.661590e+000  -3.661590e+000  -3.661590e+000  0.000000e+000  0.000000e+000  
0.000000e+000  -4.948479e+000  -4.948479e+000  -4.948479e+000  -4.948479e+000  -4.948479e+000  -4.948479e+000  -4.948479e+000  -4.948479e+000  -4.948479e+000  -4.948479e+000  -4.948479e+000  -4.948479e+000  -4.948479e+000  -4.948479e+000  0.000000e+000  0.000000e+000  
0.000000e+000  -5.603267e+000  -5.603267e+000  -5.603267e+000  -5.603267e+000  -5.603267e+000  -5.603267e+000  -5.603267e+000  -5.603267e+000  -5.603267e+000  -5.603267e+000  -5.603267e+000  -5.603267e+000  -5.603267e+000  -5.603267e+000  0.000000e+000  0.000000e+000  
0.000000e+000  -5.937072e+000  -5.937072e+000  -5.937072e+000  -5.937072e+000  -5.937072e+000  -5.937072e+000  -5.937072e+000  -5.937072e+000  -5.937072e+000  -5.937072e+000  -5.937072e+000  -5.937072e+000  -5.937072e+000  -5.937072e+000  0.000000e+000  0.000000e+000  
0.000000e+000  -6.106321e+000  -6.106321e+000  -6.106321e+000  -6.106321e+000  -6.106321e+000  -6.106321e+000  -6.106321e+000  -6.106321e+000  -6.106321e+000  -6.106321e+000  -6.106321e+000  -6.106321e+000  -6.106321e+000  -6.106321e+000  0.000000e+000  0.000000e+000  
0.000000e+000  0.000000e+000  0.000000e+000  0.000000e+000  0.000000e+000  0.000000e+000  0.000000e+000  0.000000e+000  0.000000e+000  0.000000e+000  0.000000e+000  0.000000e+000  0.000000e+000  0.000000e+000  0.000000e+000  0.000000e+000  0.000000e+000  
0.000000e+000  0.000000e+000  0.000000e+000  0.000000e+000  0.000000e+000  0.000000e+000  0.000000e+000  0.000000e+000  0.000000e+000  0.000000e+000  0.000000e+000  0.000000e+000  0.000000e+000  0.000000e+000  0.000000e+000  0.000000e+000  0.000000e+000  

