Port monitor named: Port1_e3[7.5].prt

nx        = 17
ny        = 16
nz        = 52

nu        = 17
nv        = 16
iu        = 1
iv        = 1

idir      = 2
dcut      = 5.000000e-002
icut      = 52
type      = 0
frequency = 7.500000e+009

fcutoff   = 1.120980e+010
alpha     = 1.743378e+002
beta      = 0.000000e+000
accuracy  = 1.093533e-009

type          = UNDEF
wave imp.     = 3.383856e+002
wave imp.sig. = 3.322072e+002
line imp.     = 0.000000e+000

ref. port     = 0

-0.000000e+000  -0.000000e+000  -0.000000e+000  -0.000000e+000  -0.000000e+000  -0.000000e+000  -0.000000e+000  -0.000000e+000  -0.000000e+000  -0.000000e+000  -0.000000e+000  -0.000000e+000  -0.000000e+000  -0.000000e+000  -0.000000e+000  -0.000000e+000  -0.000000e+000  
-0.000000e+000  -0.000000e+000  -0.000000e+000  -0.000000e+000  -0.000000e+000  -0.000000e+000  -0.000000e+000  -0.000000e+000  -0.000000e+000  -0.000000e+000  -0.000000e+000  -0.000000e+000  -0.000000e+000  -0.000000e+000  -0.000000e+000  -0.000000e+000  -0.000000e+000  
-0.000000e+000  -3.932936e+002  -3.843835e+002  -3.667652e+002  -3.317870e+002  -2.619720e+002  -1.663824e+002  -5.703299e+001  5.703299e+001  1.663824e+002  2.619720e+002  3.317870e+002  3.667652e+002  3.843835e+002  3.932936e+002  -0.000000e+000  -0.000000e+000  
-0.000000e+000  -7.756862e+002  -7.581130e+002  -7.233647e+002  -6.543778e+002  -5.166830e+002  -3.281531e+002  -1.124852e+002  1.124852e+002  3.281531e+002  5.166830e+002  6.543778e+002  7.233647e+002  7.581130e+002  7.756862e+002  -0.000000e+000  -0.000000e+000  
-0.000000e+000  -1.136579e+003  -1.110830e+003  -1.059915e+003  -9.588313e+002  -7.570730e+002  -4.808285e+002  -1.648197e+002  1.648197e+002  4.808285e+002  7.570731e+002  9.588313e+002  1.059915e+003  1.110830e+003  1.136579e+003  -0.000000e+000  -0.000000e+000  
-0.000000e+000  -1.671218e+003  -1.633357e+003  -1.558491e+003  -1.409859e+003  -1.113195e+003  -7.070069e+002  -2.423497e+002  2.423497e+002  7.070069e+002  1.113195e+003  1.409859e+003  1.558491e+003  1.633357e+003  1.671218e+003  -0.000000e+000  -0.000000e+000  
-0.000000e+000  -2.119606e+003  -2.071586e+003  -1.976634e+003  -1.788124e+003  -1.411865e+003  -8.966967e+002  -3.073721e+002  3.073721e+002  8.966967e+002  1.411865e+003  1.788124e+003  1.976634e+003  2.071586e+003  2.119606e+003  -0.000000e+000  -0.000000e+000  
-0.000000e+000  -2.355623e+003  -2.302257e+003  -2.196732e+003  -1.987231e+003  -1.569076e+003  -9.965436e+002  -3.415979e+002  3.415979e+002  9.965436e+002  1.569076e+003  1.987231e+003  2.196732e+003  2.302257e+003  2.355623e+003  -0.000000e+000  -0.000000e+000  
-0.000000e+000  -2.355623e+003  -2.302257e+003  -2.196732e+003  -1.987231e+003  -1.569076e+003  -9.965436e+002  -3.415979e+002  3.415979e+002  9.965436e+002  1.569076e+003  1.987231e+003  2.196732e+003  2.302257e+003  2.355623e+003  -0.000000e+000  -0.000000e+000  
-0.000000e+000  -2.119606e+003  -2.071586e+003  -1.976634e+003  -1.788124e+003  -1.411865e+003  -8.966967e+002  -3.073721e+002  3.073721e+002  8.966967e+002  1.411865e+003  1.788124e+003  1.976634e+003  2.071586e+003  2.119606e+003  -0.000000e+000  -0.000000e+000  
-0.000000e+000  -1.671218e+003  -1.633357e+003  -1.558491e+003  -1.409859e+003  -1.113195e+003  -7.070069e+002  -2.423497e+002  2.423497e+002  7.070069e+002  1.113195e+003  1.409859e+003  1.558491e+003  1.633357e+003  1.671218e+003  -0.000000e+000  -0.000000e+000  
-0.000000e+000  -1.136579e+003  -1.110830e+003  -1.059915e+003  -9.588313e+002  -7.570730e+002  -4.808285e+002  -1.648197e+002  1.648197e+002  4.808285e+002  7.570730e+002  9.588313e+002  1.059915e+003  1.110830e+003  1.136579e+003  -0.000000e+000  -0.000000e+000  
-0.000000e+000  -7.756862e+002  -7.581130e+002  -7.233647e+002  -6.543778e+002  -5.166830e+002  -3.281531e+002  -1.124852e+002  1.124852e+002  3.281531e+002  5.166830e+002  6.543778e+002  7.233647e+002  7.581130e+002  7.756862e+002  -0.000000e+000  -0.000000e+000  
-0.000000e+000  -3.932936e+002  -3.843835e+002  -3.667652e+002  -3.317870e+002  -2.619720e+002  -1.663824e+002  -5.703299e+001  5.703299e+001  1.663824e+002  2.619720e+002  3.317870e+002  3.667652e+002  3.843835e+002  3.932936e+002  -0.000000e+000  -0.000000e+000  
-0.000000e+000  -0.000000e+000  -0.000000e+000  -0.000000e+000  -0.000000e+000  -0.000000e+000  -0.000000e+000  -0.000000e+000  -0.000000e+000  -0.000000e+000  -0.000000e+000  -0.000000e+000  -0.000000e+000  -0.000000e+000  -0.000000e+000  -0.000000e+000  -0.000000e+000  
-0.000000e+000  -0.000000e+000  -0.000000e+000  -0.000000e+000  -0.000000e+000  -0.000000e+000  -0.000000e+000  -0.000000e+000  -0.000000e+000  -0.000000e+000  -0.000000e+000  -0.000000e+000  -0.000000e+000  -0.000000e+000  -0.000000e+000  -0.000000e+000  -0.000000e+000  

-0.000000e+000  -0.000000e+000  -0.000000e+000  -0.000000e+000  -0.000000e+000  -0.000000e+000  -0.000000e+000  -0.000000e+000  -0.000000e+000  -0.000000e+000  -0.000000e+000  -0.000000e+000  -0.000000e+000  -0.000000e+000  -0.000000e+000  -0.000000e+000  -0.000000e+000  
-0.000000e+000  -0.000000e+000  9.361484e+001  1.851088e+002  2.724092e+002  4.065211e+002  5.256597e+002  6.013263e+002  6.272636e+002  6.013263e+002  5.256597e+002  4.065211e+002  2.724092e+002  1.851088e+002  9.361484e+001  -0.000000e+000  -0.000000e+000  
-0.000000e+000  -0.000000e+000  9.102013e+001  1.799782e+002  2.648588e+002  3.952536e+002  5.110900e+002  5.846594e+002  6.098777e+002  5.846594e+002  5.110900e+002  3.952536e+002  2.648588e+002  1.799782e+002  9.102013e+001  -0.000000e+000  -0.000000e+000  
-0.000000e+000  -0.000000e+000  8.590261e+001  1.698591e+002  2.499674e+002  3.730309e+002  4.823545e+002  5.517875e+002  5.755880e+002  5.517875e+002  4.823545e+002  3.730309e+002  2.499674e+002  1.698591e+002  8.590261e+001  -0.000000e+000  -0.000000e+000  
-0.000000e+000  -0.000000e+000  7.586419e+001  1.500097e+002  2.207567e+002  3.294392e+002  4.259875e+002  4.873067e+002  5.083259e+002  4.873067e+002  4.259874e+002  3.294392e+002  2.207567e+002  1.500097e+002  7.586419e+001  -0.000000e+000  -0.000000e+000  
-0.000000e+000  -0.000000e+000  5.613512e+001  1.109985e+002  1.633472e+002  2.437660e+002  3.152062e+002  3.605789e+002  3.761319e+002  3.605789e+002  3.152062e+002  2.437660e+002  1.633472e+002  1.109985e+002  5.613512e+001  -0.000000e+000  -0.000000e+000  
-0.000000e+000  -0.000000e+000  2.954780e+001  5.842620e+001  8.598095e+001  1.283109e+002  1.659149e+002  1.897977e+002  1.979843e+002  1.897977e+002  1.659149e+002  1.283109e+002  8.598095e+001  5.842620e+001  2.954780e+001  -0.000000e+000  -0.000000e+000  
-0.000000e+000  -0.000000e+000  4.209385e-008  -0.000000e+000  -5.653916e-008  2.031516e-008  2.167031e-008  7.919776e-008  -3.222492e-008  -1.328203e-008  -4.080374e-008  7.722366e-008  1.001189e-007  1.538050e-007  6.082357e-008  -0.000000e+000  -0.000000e+000  
-0.000000e+000  -0.000000e+000  -2.954780e+001  -5.842620e+001  -8.598095e+001  -1.283109e+002  -1.659149e+002  -1.897977e+002  -1.979843e+002  -1.897977e+002  -1.659149e+002  -1.283109e+002  -8.598095e+001  -5.842620e+001  -2.954780e+001  -0.000000e+000  -0.000000e+000  
-0.000000e+000  -0.000000e+000  -5.613512e+001  -1.109985e+002  -1.633472e+002  -2.437660e+002  -3.152062e+002  -3.605789e+002  -3.761319e+002  -3.605789e+002  -3.152062e+002  -2.437660e+002  -1.633472e+002  -1.109985e+002  -5.613512e+001  -0.000000e+000  -0.000000e+000  
-0.000000e+000  -0.000000e+000  -7.586419e+001  -1.500097e+002  -2.207567e+002  -3.294392e+002  -4.259874e+002  -4.873067e+002  -5.083259e+002  -4.873067e+002  -4.259874e+002  -3.294392e+002  -2.207567e+002  -1.500097e+002  -7.586419e+001  -0.000000e+000  -0.000000e+000  
-0.000000e+000  -0.000000e+000  -8.590261e+001  -1.698591e+002  -2.499674e+002  -3.730309e+002  -4.823545e+002  -5.517875e+002  -5.755880e+002  -5.517875e+002  -4.823545e+002  -3.730309e+002  -2.499674e+002  -1.698591e+002  -8.590261e+001  -0.000000e+000  -0.000000e+000  
-0.000000e+000  -0.000000e+000  -9.102013e+001  -1.799782e+002  -2.648588e+002  -3.952536e+002  -5.110900e+002  -5.846594e+002  -6.098777e+002  -5.846594e+002  -5.110900e+002  -3.952536e+002  -2.648588e+002  -1.799782e+002  -9.102013e+001  -0.000000e+000  -0.000000e+000  
-0.000000e+000  -0.000000e+000  -9.361484e+001  -1.851088e+002  -2.724092e+002  -4.065211e+002  -5.256597e+002  -6.013263e+002  -6.272636e+002  -6.013263e+002  -5.256597e+002  -4.065211e+002  -2.724092e+002  -1.851088e+002  -9.361484e+001  -0.000000e+000  -0.000000e+000  
-0.000000e+000  -0.000000e+000  -0.000000e+000  -0.000000e+000  -0.000000e+000  -0.000000e+000  -0.000000e+000  -0.000000e+000  -0.000000e+000  -0.000000e+000  -0.000000e+000  -0.000000e+000  -0.000000e+000  -0.000000e+000  -0.000000e+000  -0.000000e+000  -0.000000e+000  
-0.000000e+000  -0.000000e+000  -0.000000e+000  -0.000000e+000  -0.000000e+000  -0.000000e+000  -0.000000e+000  -0.000000e+000  -0.000000e+000  -0.000000e+000  -0.000000e+000  -0.000000e+000  -0.000000e+000  -0.000000e+000  -0.000000e+000  -0.000000e+000  -0.000000e+000  

-0.000000e+000  -0.000000e+000  -0.000000e+000  -0.000000e+000  -0.000000e+000  -0.000000e+000  -0.000000e+000  -0.000000e+000  -0.000000e+000  -0.000000e+000  -0.000000e+000  -0.000000e+000  -0.000000e+000  -0.000000e+000  -0.000000e+000  -0.000000e+000  -0.000000e+000  
-0.000000e+000  -0.000000e+000  -0.000000e+000  -0.000000e+000  -0.000000e+000  -0.000000e+000  -0.000000e+000  -0.000000e+000  -0.000000e+000  -0.000000e+000  -0.000000e+000  -0.000000e+000  -0.000000e+000  -0.000000e+000  -0.000000e+000  -0.000000e+000  -0.000000e+000  
-0.000000e+000  -0.000000e+000  3.771012e+001  7.456591e+001  1.097324e+002  1.637557e+002  2.117473e+002  2.422275e+002  2.526755e+002  2.422275e+002  2.117473e+002  1.637557e+002  1.097324e+002  7.456591e+001  3.771012e+001  -0.000000e+000  -0.000000e+000  
-0.000000e+000  -0.000000e+000  7.437503e+001  1.470651e+002  2.164234e+002  3.229725e+002  4.176256e+002  4.777411e+002  4.983477e+002  4.777411e+002  4.176256e+002  3.229725e+002  2.164234e+002  1.470651e+002  7.437503e+001  -0.000000e+000  -0.000000e+000  
-0.000000e+000  -0.000000e+000  1.089785e+002  2.154881e+002  3.171158e+002  4.732376e+002  6.119286e+002  7.000133e+002  7.302072e+002  7.000133e+002  6.119286e+002  4.732376e+002  3.171158e+002  2.154881e+002  1.089785e+002  -0.000000e+000  -0.000000e+000  
-0.000000e+000  -0.000000e+000  1.602412e+002  3.168522e+002  4.662848e+002  6.958452e+002  8.997755e+002  1.029295e+003  1.073692e+003  1.029295e+003  8.997755e+002  6.958452e+002  4.662848e+002  3.168522e+002  1.602412e+002  -0.000000e+000  -0.000000e+000  
-0.000000e+000  -0.000000e+000  2.032339e+002  4.018636e+002  5.913890e+002  8.825404e+002  1.141185e+003  1.305454e+003  1.361763e+003  1.305454e+003  1.141185e+003  8.825404e+002  5.913890e+002  4.018636e+002  2.032339e+002  -0.000000e+000  -0.000000e+000  
-0.000000e+000  -0.000000e+000  2.258639e+002  4.466109e+002  6.572400e+002  9.808110e+002  1.268256e+003  1.450816e+003  1.513395e+003  1.450816e+003  1.268256e+003  9.808110e+002  6.572400e+002  4.466109e+002  2.258639e+002  -0.000000e+000  -0.000000e+000  
-0.000000e+000  -0.000000e+000  2.258639e+002  4.466109e+002  6.572400e+002  9.808110e+002  1.268256e+003  1.450816e+003  1.513395e+003  1.450816e+003  1.268256e+003  9.808110e+002  6.572400e+002  4.466109e+002  2.258639e+002  -0.000000e+000  -0.000000e+000  
-0.000000e+000  -0.000000e+000  2.032339e+002  4.018636e+002  5.913890e+002  8.825404e+002  1.141185e+003  1.305454e+003  1.361763e+003  1.305454e+003  1.141185e+003  8.825404e+002  5.913890e+002  4.018636e+002  2.032339e+002  -0.000000e+000  -0.000000e+000  
-0.000000e+000  -0.000000e+000  1.602412e+002  3.168522e+002  4.662848e+002  6.958452e+002  8.997755e+002  1.029295e+003  1.073692e+003  1.029295e+003  8.997755e+002  6.958452e+002  4.662848e+002  3.168522e+002  1.602412e+002  -0.000000e+000  -0.000000e+000  
-0.000000e+000  -0.000000e+000  1.089785e+002  2.154881e+002  3.171158e+002  4.732376e+002  6.119286e+002  7.000133e+002  7.302072e+002  7.000133e+002  6.119286e+002  4.732376e+002  3.171158e+002  2.154881e+002  1.089785e+002  -0.000000e+000  -0.000000e+000  
-0.000000e+000  -0.000000e+000  7.437503e+001  1.470651e+002  2.164234e+002  3.229725e+002  4.176256e+002  4.777411e+002  4.983477e+002  4.777411e+002  4.176256e+002  3.229725e+002  2.164234e+002  1.470651e+002  7.437503e+001  -0.000000e+000  -0.000000e+000  
-0.000000e+000  -0.000000e+000  3.771012e+001  7.456592e+001  1.097324e+002  1.637557e+002  2.117473e+002  2.422275e+002  2.526755e+002  2.422275e+002  2.117473e+002  1.637557e+002  1.097324e+002  7.456591e+001  3.771012e+001  -0.000000e+000  -0.000000e+000  
-0.000000e+000  -0.000000e+000  -0.000000e+000  -0.000000e+000  -0.000000e+000  -0.000000e+000  -0.000000e+000  -0.000000e+000  -0.000000e+000  -0.000000e+000  -0.000000e+000  -0.000000e+000  -0.000000e+000  -0.000000e+000  -0.000000e+000  -0.000000e+000  -0.000000e+000  
-0.000000e+000  -0.000000e+000  -0.000000e+000  -0.000000e+000  -0.000000e+000  -0.000000e+000  -0.000000e+000  -0.000000e+000  -0.000000e+000  -0.000000e+000  -0.000000e+000  -0.000000e+000  -0.000000e+000  -0.000000e+000  -0.000000e+000  -0.000000e+000  -0.000000e+000  

0.000000e+000  0.000000e+000  0.000000e+000  0.000000e+000  0.000000e+000  0.000000e+000  0.000000e+000  0.000000e+000  0.000000e+000  0.000000e+000  0.000000e+000  0.000000e+000  0.000000e+000  0.000000e+000  0.000000e+000  0.000000e+000  0.000000e+000  
0.000000e+000  0.000000e+000  0.000000e+000  0.000000e+000  0.000000e+000  0.000000e+000  0.000000e+000  0.000000e+000  0.000000e+000  0.000000e+000  0.000000e+000  0.000000e+000  0.000000e+000  0.000000e+000  0.000000e+000  0.000000e+000  0.000000e+000  
0.000000e+000  0.000000e+000  0.000000e+000  0.000000e+000  0.000000e+000  0.000000e+000  0.000000e+000  0.000000e+000  0.000000e+000  0.000000e+000  0.000000e+000  0.000000e+000  0.000000e+000  0.000000e+000  0.000000e+000  0.000000e+000  0.000000e+000  
0.000000e+000  0.000000e+000  0.000000e+000  0.000000e+000  0.000000e+000  0.000000e+000  0.000000e+000  0.000000e+000  0.000000e+000  0.000000e+000  0.000000e+000  0.000000e+000  0.000000e+000  0.000000e+000  0.000000e+000  0.000000e+000  0.000000e+000  
0.000000e+000  0.000000e+000  0.000000e+000  0.000000e+000  0.000000e+000  0.000000e+000  0.000000e+000  0.000000e+000  0.000000e+000  0.000000e+000  0.000000e+000  0.000000e+000  0.000000e+000  0.000000e+000  0.000000e+000  0.000000e+000  0.000000e+000  
0.000000e+000  0.000000e+000  0.000000e+000  0.000000e+000  0.000000e+000  0.000000e+000  0.000000e+000  0.000000e+000  0.000000e+000  0.000000e+000  0.000000e+000  0.000000e+000  0.000000e+000  0.000000e+000  0.000000e+000  0.000000e+000  0.000000e+000  
0.000000e+000  0.000000e+000  0.000000e+000  0.000000e+000  0.000000e+000  0.000000e+000  0.000000e+000  0.000000e+000  0.000000e+000  0.000000e+000  0.000000e+000  0.000000e+000  0.000000e+000  0.000000e+000  0.000000e+000  0.000000e+000  0.000000e+000  
0.000000e+000  0.000000e+000  0.000000e+000  0.000000e+000  0.000000e+000  0.000000e+000  0.000000e+000  0.000000e+000  0.000000e+000  0.000000e+000  0.000000e+000  0.000000e+000  0.000000e+000  0.000000e+000  0.000000e+000  0.000000e+000  0.000000e+000  
0.000000e+000  0.000000e+000  0.000000e+000  0.000000e+000  0.000000e+000  0.000000e+000  0.000000e+000  0.000000e+000  0.000000e+000  0.000000e+000  0.000000e+000  0.000000e+000  0.000000e+000  0.000000e+000  0.000000e+000  0.000000e+000  0.000000e+000  
0.000000e+000  0.000000e+000  0.000000e+000  0.000000e+000  0.000000e+000  0.000000e+000  0.000000e+000  0.000000e+000  0.000000e+000  0.000000e+000  0.000000e+000  0.000000e+000  0.000000e+000  0.000000e+000  0.000000e+000  0.000000e+000  0.000000e+000  
0.000000e+000  0.000000e+000  0.000000e+000  0.000000e+000  0.000000e+000  0.000000e+000  0.000000e+000  0.000000e+000  0.000000e+000  0.000000e+000  0.000000e+000  0.000000e+000  0.000000e+000  0.000000e+000  0.000000e+000  0.000000e+000  0.000000e+000  
0.000000e+000  0.000000e+000  0.000000e+000  0.000000e+000  0.000000e+000  0.000000e+000  0.000000e+000  0.000000e+000  0.000000e+000  0.000000e+000  0.000000e+000  0.000000e+000  0.000000e+000  0.000000e+000  0.000000e+000  0.000000e+000  0.000000e+000  
0.000000e+000  0.000000e+000  0.000000e+000  0.000000e+000  0.000000e+000  0.000000e+000  0.000000e+000  0.000000e+000  0.000000e+000  0.000000e+000  0.000000e+000  0.000000e+000  0.000000e+000  0.000000e+000  0.000000e+000  0.000000e+000  0.000000e+000  
0.000000e+000  0.000000e+000  0.000000e+000  0.000000e+000  0.000000e+000  0.000000e+000  0.000000e+000  0.000000e+000  0.000000e+000  0.000000e+000  0.000000e+000  0.000000e+000  0.000000e+000  0.000000e+000  0.000000e+000  0.000000e+000  0.000000e+000  
0.000000e+000  0.000000e+000  0.000000e+000  0.000000e+000  0.000000e+000  0.000000e+000  0.000000e+000  0.000000e+000  0.000000e+000  0.000000e+000  0.000000e+000  0.000000e+000  0.000000e+000  0.000000e+000  0.000000e+000  0.000000e+000  0.000000e+000  
0.000000e+000  0.000000e+000  0.000000e+000  0.000000e+000  0.000000e+000  0.000000e+000  0.000000e+000  0.000000e+000  0.000000e+000  0.000000e+000  0.000000e+000  0.000000e+000  0.000000e+000  0.000000e+000  0.000000e+000  0.000000e+000  0.000000e+000  

0.000000e+000  0.000000e+000  0.000000e+000  0.000000e+000  0.000000e+000  0.000000e+000  0.000000e+000  0.000000e+000  0.000000e+000  0.000000e+000  0.000000e+000  0.000000e+000  0.000000e+000  0.000000e+000  0.000000e+000  0.000000e+000  0.000000e+000  
0.000000e+000  0.000000e+000  0.000000e+000  0.000000e+000  0.000000e+000  0.000000e+000  0.000000e+000  0.000000e+000  0.000000e+000  0.000000e+000  0.000000e+000  0.000000e+000  0.000000e+000  0.000000e+000  0.000000e+000  0.000000e+000  0.000000e+000  
0.000000e+000  0.000000e+000  0.000000e+000  0.000000e+000  0.000000e+000  0.000000e+000  0.000000e+000  0.000000e+000  0.000000e+000  0.000000e+000  0.000000e+000  0.000000e+000  0.000000e+000  0.000000e+000  0.000000e+000  0.000000e+000  0.000000e+000  
0.000000e+000  0.000000e+000  0.000000e+000  0.000000e+000  0.000000e+000  0.000000e+000  0.000000e+000  0.000000e+000  0.000000e+000  0.000000e+000  0.000000e+000  0.000000e+000  0.000000e+000  0.000000e+000  0.000000e+000  0.000000e+000  0.000000e+000  
0.000000e+000  0.000000e+000  0.000000e+000  0.000000e+000  0.000000e+000  0.000000e+000  0.000000e+000  0.000000e+000  0.000000e+000  0.000000e+000  0.000000e+000  0.000000e+000  0.000000e+000  0.000000e+000  0.000000e+000  0.000000e+000  0.000000e+000  
0.000000e+000  0.000000e+000  0.000000e+000  0.000000e+000  0.000000e+000  0.000000e+000  0.000000e+000  0.000000e+000  0.000000e+000  0.000000e+000  0.000000e+000  0.000000e+000  0.000000e+000  0.000000e+000  0.000000e+000  0.000000e+000  0.000000e+000  
0.000000e+000  0.000000e+000  0.000000e+000  0.000000e+000  0.000000e+000  0.000000e+000  0.000000e+000  0.000000e+000  0.000000e+000  0.000000e+000  0.000000e+000  0.000000e+000  0.000000e+000  0.000000e+000  0.000000e+000  0.000000e+000  0.000000e+000  
0.000000e+000  0.000000e+000  0.000000e+000  0.000000e+000  0.000000e+000  0.000000e+000  0.000000e+000  0.000000e+000  0.000000e+000  0.000000e+000  0.000000e+000  0.000000e+000  0.000000e+000  0.000000e+000  0.000000e+000  0.000000e+000  0.000000e+000  
0.000000e+000  0.000000e+000  0.000000e+000  0.000000e+000  0.000000e+000  0.000000e+000  0.000000e+000  0.000000e+000  0.000000e+000  0.000000e+000  0.000000e+000  0.000000e+000  0.000000e+000  0.000000e+000  0.000000e+000  0.000000e+000  0.000000e+000  
0.000000e+000  0.000000e+000  0.000000e+000  0.000000e+000  0.000000e+000  0.000000e+000  0.000000e+000  0.000000e+000  0.000000e+000  0.000000e+000  0.000000e+000  0.000000e+000  0.000000e+000  0.000000e+000  0.000000e+000  0.000000e+000  0.000000e+000  
0.000000e+000  0.000000e+000  0.000000e+000  0.000000e+000  0.000000e+000  0.000000e+000  0.000000e+000  0.000000e+000  0.000000e+000  0.000000e+000  0.000000e+000  0.000000e+000  0.000000e+000  0.000000e+000  0.000000e+000  0.000000e+000  0.000000e+000  
0.000000e+000  0.000000e+000  0.000000e+000  0.000000e+000  0.000000e+000  0.000000e+000  0.000000e+000  0.000000e+000  0.000000e+000  0.000000e+000  0.000000e+000  0.000000e+000  0.000000e+000  0.000000e+000  0.000000e+000  0.000000e+000  0.000000e+000  
0.000000e+000  0.000000e+000  0.000000e+000  0.000000e+000  0.000000e+000  0.000000e+000  0.000000e+000  0.000000e+000  0.000000e+000  0.000000e+000  0.000000e+000  0.000000e+000  0.000000e+000  0.000000e+000  0.000000e+000  0.000000e+000  0.000000e+000  
0.000000e+000  0.000000e+000  0.000000e+000  0.000000e+000  0.000000e+000  0.000000e+000  0.000000e+000  0.000000e+000  0.000000e+000  0.000000e+000  0.000000e+000  0.000000e+000  0.000000e+000  0.000000e+000  0.000000e+000  0.000000e+000  0.000000e+000  
0.000000e+000  0.000000e+000  0.000000e+000  0.000000e+000  0.000000e+000  0.000000e+000  0.000000e+000  0.000000e+000  0.000000e+000  0.000000e+000  0.000000e+000  0.000000e+000  0.000000e+000  0.000000e+000  0.000000e+000  0.000000e+000  0.000000e+000  
0.000000e+000  0.000000e+000  0.000000e+000  0.000000e+000  0.000000e+000  0.000000e+000  0.000000e+000  0.000000e+000  0.000000e+000  0.000000e+000  0.000000e+000  0.000000e+000  0.000000e+000  0.000000e+000  0.000000e+000  0.000000e+000  0.000000e+000  

0.000000e+000  0.000000e+000  0.000000e+000  0.000000e+000  0.000000e+000  0.000000e+000  0.000000e+000  0.000000e+000  0.000000e+000  0.000000e+000  0.000000e+000  0.000000e+000  0.000000e+000  0.000000e+000  0.000000e+000  0.000000e+000  0.000000e+000  
0.000000e+000  0.000000e+000  0.000000e+000  0.000000e+000  0.000000e+000  0.000000e+000  0.000000e+000  0.000000e+000  0.000000e+000  0.000000e+000  0.000000e+000  0.000000e+000  0.000000e+000  0.000000e+000  0.000000e+000  0.000000e+000  0.000000e+000  
0.000000e+000  0.000000e+000  0.000000e+000  0.000000e+000  0.000000e+000  0.000000e+000  0.000000e+000  0.000000e+000  0.000000e+000  0.000000e+000  0.000000e+000  0.000000e+000  0.000000e+000  0.000000e+000  0.000000e+000  0.000000e+000  0.000000e+000  
0.000000e+000  0.000000e+000  0.000000e+000  0.000000e+000  0.000000e+000  0.000000e+000  0.000000e+000  0.000000e+000  0.000000e+000  0.000000e+000  0.000000e+000  0.000000e+000  0.000000e+000  0.000000e+000  0.000000e+000  0.000000e+000  0.000000e+000  
0.000000e+000  0.000000e+000  0.000000e+000  0.000000e+000  0.000000e+000  0.000000e+000  0.000000e+000  0.000000e+000  0.000000e+000  0.000000e+000  0.000000e+000  0.000000e+000  0.000000e+000  0.000000e+000  0.000000e+000  0.000000e+000  0.000000e+000  
0.000000e+000  0.000000e+000  0.000000e+000  0.000000e+000  0.000000e+000  0.000000e+000  0.000000e+000  0.000000e+000  0.000000e+000  0.000000e+000  0.000000e+000  0.000000e+000  0.000000e+000  0.000000e+000  0.000000e+000  0.000000e+000  0.000000e+000  
0.000000e+000  0.000000e+000  0.000000e+000  0.000000e+000  0.000000e+000  0.000000e+000  0.000000e+000  0.000000e+000  0.000000e+000  0.000000e+000  0.000000e+000  0.000000e+000  0.000000e+000  0.000000e+000  0.000000e+000  0.000000e+000  0.000000e+000  
0.000000e+000  0.000000e+000  0.000000e+000  0.000000e+000  0.000000e+000  0.000000e+000  0.000000e+000  0.000000e+000  0.000000e+000  0.000000e+000  0.000000e+000  0.000000e+000  0.000000e+000  0.000000e+000  0.000000e+000  0.000000e+000  0.000000e+000  
0.000000e+000  0.000000e+000  0.000000e+000  0.000000e+000  0.000000e+000  0.000000e+000  0.000000e+000  0.000000e+000  0.000000e+000  0.000000e+000  0.000000e+000  0.000000e+000  0.000000e+000  0.000000e+000  0.000000e+000  0.000000e+000  0.000000e+000  
0.000000e+000  0.000000e+000  0.000000e+000  0.000000e+000  0.000000e+000  0.000000e+000  0.000000e+000  0.000000e+000  0.000000e+000  0.000000e+000  0.000000e+000  0.000000e+000  0.000000e+000  0.000000e+000  0.000000e+000  0.000000e+000  0.000000e+000  
0.000000e+000  0.000000e+000  0.000000e+000  0.000000e+000  0.000000e+000  0.000000e+000  0.000000e+000  0.000000e+000  0.000000e+000  0.000000e+000  0.000000e+000  0.000000e+000  0.000000e+000  0.000000e+000  0.000000e+000  0.000000e+000  0.000000e+000  
0.000000e+000  0.000000e+000  0.000000e+000  0.000000e+000  0.000000e+000  0.000000e+000  0.000000e+000  0.000000e+000  0.000000e+000  0.000000e+000  0.000000e+000  0.000000e+000  0.000000e+000  0.000000e+000  0.000000e+000  0.000000e+000  0.000000e+000  
0.000000e+000  0.000000e+000  0.000000e+000  0.000000e+000  0.000000e+000  0.000000e+000  0.000000e+000  0.000000e+000  0.000000e+000  0.000000e+000  0.000000e+000  0.000000e+000  0.000000e+000  0.000000e+000  0.000000e+000  0.000000e+000  0.000000e+000  
0.000000e+000  0.000000e+000  0.000000e+000  0.000000e+000  0.000000e+000  0.000000e+000  0.000000e+000  0.000000e+000  0.000000e+000  0.000000e+000  0.000000e+000  0.000000e+000  0.000000e+000  0.000000e+000  0.000000e+000  0.000000e+000  0.000000e+000  
0.000000e+000  0.000000e+000  0.000000e+000  0.000000e+000  0.000000e+000  0.000000e+000  0.000000e+000  0.000000e+000  0.000000e+000  0.000000e+000  0.000000e+000  0.000000e+000  0.000000e+000  0.000000e+000  0.000000e+000  0.000000e+000  0.000000e+000  
0.000000e+000  0.000000e+000  0.000000e+000  0.000000e+000  0.000000e+000  0.000000e+000  0.000000e+000  0.000000e+000  0.000000e+000  0.000000e+000  0.000000e+000  0.000000e+000  0.000000e+000  0.000000e+000  0.000000e+000  0.000000e+000  0.000000e+000  

