Port monitor named: Port1_h1.prt

nx        = 17
ny        = 16
nz        = 3

nu        = 17
nv        = 16
iu        = 1
iv        = 1

idir      = 2
dcut      = 5.000000e-002
icut      = 3
type      = 1
frequency = 7.500000e+009

fcutoff   = 7.493563e+009
alpha     = 0.000000e+000
beta      = 6.505522e+000
accuracy  = 3.570018e-013

type          = TE
wave imp.     = 9.102671e+003
wave imp.sig. = 2.242163e-004
line imp.     = 0.000000e+000

ref. port     = 0

-0.000000e+000  -0.000000e+000  -0.000000e+000  -0.000000e+000  -0.000000e+000  -0.000000e+000  -0.000000e+000  -0.000000e+000  -0.000000e+000  -0.000000e+000  -0.000000e+000  -0.000000e+000  -0.000000e+000  -0.000000e+000  -0.000000e+000  -0.000000e+000  -0.000000e+000  
-0.000000e+000  -0.000000e+000  1.170475e-001  2.314432e-001  3.405956e-001  5.082770e-001  6.572369e-001  7.518436e-001  7.842732e-001  7.518436e-001  6.572369e-001  5.082770e-001  3.405956e-001  2.314432e-001  1.170475e-001  -0.000000e+000  -0.000000e+000  
-0.000000e+000  -0.000000e+000  1.170475e-001  2.314432e-001  3.405956e-001  5.082770e-001  6.572369e-001  7.518436e-001  7.842732e-001  7.518436e-001  6.572369e-001  5.082770e-001  3.405956e-001  2.314432e-001  1.170475e-001  -0.000000e+000  -0.000000e+000  
-0.000000e+000  -0.000000e+000  1.170475e-001  2.314432e-001  3.405956e-001  5.082770e-001  6.572369e-001  7.518436e-001  7.842732e-001  7.518436e-001  6.572369e-001  5.082770e-001  3.405956e-001  2.314432e-001  1.170475e-001  -0.000000e+000  -0.000000e+000  
-0.000000e+000  -0.000000e+000  1.170475e-001  2.314432e-001  3.405956e-001  5.082770e-001  6.572369e-001  7.518436e-001  7.842732e-001  7.518436e-001  6.572369e-001  5.082770e-001  3.405956e-001  2.314432e-001  1.170475e-001  -0.000000e+000  -0.000000e+000  
-0.000000e+000  -0.000000e+000  1.170475e-001  2.314432e-001  3.405956e-001  5.082770e-001  6.572369e-001  7.518436e-001  7.842732e-001  7.518436e-001  6.572369e-001  5.082770e-001  3.405956e-001  2.314432e-001  1.170475e-001  -0.000000e+000  -0.000000e+000  
-0.000000e+000  -0.000000e+000  1.170475e-001  2.314432e-001  3.405956e-001  5.082770e-001  6.572369e-001  7.518436e-001  7.842732e-001  7.518436e-001  6.572369e-001  5.082770e-001  3.405956e-001  2.314432e-001  1.170475e-001  -0.000000e+000  -0.000000e+000  
-0.000000e+000  -0.000000e+000  1.170475e-001  2.314432e-001  3.405956e-001  5.082770e-001  6.572369e-001  7.518436e-001  7.842732e-001  7.518436e-001  6.572369e-001  5.082770e-001  3.405956e-001  2.314432e-001  1.170475e-001  -0.000000e+000  -0.000000e+000  
-0.000000e+000  -0.000000e+000  1.170475e-001  2.314432e-001  3.405956e-001  5.082770e-001  6.572369e-001  7.518436e-001  7.842732e-001  7.518436e-001  6.572369e-001  5.082770e-001  3.405956e-001  2.314432e-001  1.170475e-001  -0.000000e+000  -0.000000e+000  
-0.000000e+000  -0.000000e+000  1.170475e-001  2.314432e-001  3.405956e-001  5.082770e-001  6.572369e-001  7.518436e-001  7.842732e-001  7.518436e-001  6.572369e-001  5.082770e-001  3.405956e-001  2.314432e-001  1.170475e-001  -0.000000e+000  -0.000000e+000  
-0.000000e+000  -0.000000e+000  1.170475e-001  2.314432e-001  3.405956e-001  5.082770e-001  6.572369e-001  7.518436e-001  7.842732e-001  7.518436e-001  6.572369e-001  5.082770e-001  3.405956e-001  2.314432e-001  1.170475e-001  -0.000000e+000  -0.000000e+000  
-0.000000e+000  -0.000000e+000  1.170475e-001  2.314432e-001  3.405956e-001  5.082770e-001  6.572369e-001  7.518436e-001  7.842732e-001  7.518436e-001  6.572369e-001  5.082770e-001  3.405956e-001  2.314432e-001  1.170475e-001  -0.000000e+000  -0.000000e+000  
-0.000000e+000  -0.000000e+000  1.170475e-001  2.314432e-001  3.405956e-001  5.082770e-001  6.572369e-001  7.518436e-001  7.842732e-001  7.518436e-001  6.572369e-001  5.082770e-001  3.405956e-001  2.314432e-001  1.170475e-001  -0.000000e+000  -0.000000e+000  
-0.000000e+000  -0.000000e+000  1.170475e-001  2.314432e-001  3.405956e-001  5.082770e-001  6.572369e-001  7.518436e-001  7.842732e-001  7.518436e-001  6.572369e-001  5.082770e-001  3.405956e-001  2.314432e-001  1.170475e-001  -0.000000e+000  -0.000000e+000  
-0.000000e+000  -0.000000e+000  -0.000000e+000  -0.000000e+000  -0.000000e+000  -0.000000e+000  -0.000000e+000  -0.000000e+000  -0.000000e+000  -0.000000e+000  -0.000000e+000  -0.000000e+000  -0.000000e+000  -0.000000e+000  -0.000000e+000  -0.000000e+000  -0.000000e+000  
-0.000000e+000  -0.000000e+000  -0.000000e+000  -0.000000e+000  -0.000000e+000  -0.000000e+000  -0.000000e+000  -0.000000e+000  -0.000000e+000  -0.000000e+000  -0.000000e+000  -0.000000e+000  -0.000000e+000  -0.000000e+000  -0.000000e+000  -0.000000e+000  -0.000000e+000  

-0.000000e+000  -0.000000e+000  -0.000000e+000  -0.000000e+000  -0.000000e+000  -0.000000e+000  -0.000000e+000  -0.000000e+000  -0.000000e+000  -0.000000e+000  -0.000000e+000  -0.000000e+000  -0.000000e+000  -0.000000e+000  -0.000000e+000  -0.000000e+000  -0.000000e+000  
-0.000000e+000  -0.000000e+000  -0.000000e+000  -0.000000e+000  -0.000000e+000  -0.000000e+000  -0.000000e+000  -0.000000e+000  -0.000000e+000  -0.000000e+000  -0.000000e+000  -0.000000e+000  -0.000000e+000  -0.000000e+000  -0.000000e+000  -0.000000e+000  -0.000000e+000  
-0.000000e+000  8.554975e-010  2.502242e-009  -0.000000e+000  3.961858e-010  -2.290934e-009  -1.769030e-009  -5.534076e-010  2.443622e-010  1.542497e-009  2.771519e-009  -0.000000e+000  -2.699021e-009  1.620127e-009  -2.988897e-009  -0.000000e+000  -0.000000e+000  
-0.000000e+000  5.118004e-009  4.801600e-010  2.118778e-009  7.263188e-010  -5.920357e-009  -3.050346e-009  -6.831223e-010  8.219088e-010  3.020228e-009  6.232034e-009  -1.305288e-009  8.171094e-010  -5.374908e-009  -2.978941e-009  -0.000000e+000  -0.000000e+000  
-0.000000e+000  6.260119e-009  5.605403e-009  -0.000000e+000  3.899777e-009  -1.235493e-008  -4.271642e-009  -1.355164e-009  1.192800e-009  4.237612e-009  1.238835e-008  -3.836401e-009  -9.374256e-010  -3.663967e-009  -7.053778e-009  -0.000000e+000  -0.000000e+000  
-0.000000e+000  1.796591e-008  1.673908e-008  1.766695e-008  1.674271e-008  1.685978e-008  9.246345e-009  3.112344e-009  -3.185634e-009  -9.124522e-009  -1.694879e-008  -1.646975e-008  -1.850939e-008  -1.629683e-008  -1.795148e-008  -0.000000e+000  -0.000000e+000  
-0.000000e+000  1.086563e-008  1.060975e-008  1.067181e-008  1.047598e-008  9.146343e-009  5.584570e-009  1.758566e-009  -1.873091e-009  -5.646064e-009  -8.888326e-009  -1.028551e-008  -1.139542e-008  -1.053684e-008  -1.069452e-008  -0.000000e+000  -0.000000e+000  
-0.000000e+000  3.918288e-009  3.385112e-009  3.328775e-009  3.446763e-009  3.216416e-009  1.594785e-009  5.936652e-010  -4.816632e-010  -1.993467e-009  -2.694549e-009  -3.336972e-009  -3.448231e-009  -4.510305e-009  -3.309098e-009  -0.000000e+000  -0.000000e+000  
-0.000000e+000  -3.890171e-009  -3.973064e-009  -3.644015e-009  -3.198130e-009  -2.938114e-009  -1.768244e-009  -5.634967e-010  3.265409e-010  2.028227e-009  3.055378e-009  3.309404e-009  4.418352e-009  2.470111e-009  4.162256e-009  -0.000000e+000  -0.000000e+000  
-0.000000e+000  -1.084621e-008  -1.063036e-008  -1.104329e-008  -1.031388e-008  -8.907969e-009  -5.560302e-009  -2.163140e-009  2.220163e-009  5.312224e-009  9.221003e-009  9.963677e-009  1.161565e-008  1.025703e-008  1.100952e-008  -0.000000e+000  -0.000000e+000  
-0.000000e+000  -1.743677e-008  -1.732198e-008  -1.798091e-008  -1.636921e-008  -1.691932e-008  -9.231238e-009  -2.915238e-009  2.912010e-009  9.118028e-009  1.705032e-008  1.645765e-008  1.804099e-008  1.690765e-008  1.761349e-008  -0.000000e+000  -0.000000e+000  
-0.000000e+000  -6.954954e-009  -3.982325e-009  -1.229524e-009  -3.631624e-009  1.234708e-008  4.331872e-009  1.002923e-009  -1.006860e-009  -4.185217e-009  -1.237719e-008  3.786329e-009  -1.156568e-009  7.298196e-009  5.547398e-009  -0.000000e+000  -0.000000e+000  
-0.000000e+000  -2.030772e-009  -5.621367e-009  7.220426e-010  -1.316346e-009  6.196672e-009  3.106637e-009  8.821340e-010  -1.051079e-009  -3.229738e-009  -6.076184e-009  6.489757e-010  3.333415e-009  -5.912669e-010  5.649041e-009  -0.000000e+000  -0.000000e+000  
-0.000000e+000  -2.215843e-009  -6.640342e-010  -1.335561e-009  -3.365152e-010  2.916851e-009  1.569992e-009  2.299609e-010  -2.784234e-010  -1.429890e-009  -2.495204e-009  5.383576e-010  -1.191277e-009  3.227800e-009  8.554952e-010  -0.000000e+000  -0.000000e+000  
-0.000000e+000  -0.000000e+000  -0.000000e+000  -0.000000e+000  -0.000000e+000  -0.000000e+000  -0.000000e+000  -0.000000e+000  -0.000000e+000  -0.000000e+000  -0.000000e+000  -0.000000e+000  -0.000000e+000  -0.000000e+000  -0.000000e+000  -0.000000e+000  -0.000000e+000  
-0.000000e+000  -0.000000e+000  -0.000000e+000  -0.000000e+000  -0.000000e+000  -0.000000e+000  -0.000000e+000  -0.000000e+000  -0.000000e+000  -0.000000e+000  -0.000000e+000  -0.000000e+000  -0.000000e+000  -0.000000e+000  -0.000000e+000  -0.000000e+000  -0.000000e+000  

0.000000e+000  0.000000e+000  0.000000e+000  0.000000e+000  0.000000e+000  0.000000e+000  0.000000e+000  0.000000e+000  0.000000e+000  0.000000e+000  0.000000e+000  0.000000e+000  0.000000e+000  0.000000e+000  0.000000e+000  0.000000e+000  0.000000e+000  
0.000000e+000  0.000000e+000  0.000000e+000  0.000000e+000  0.000000e+000  0.000000e+000  0.000000e+000  0.000000e+000  0.000000e+000  0.000000e+000  0.000000e+000  0.000000e+000  0.000000e+000  0.000000e+000  0.000000e+000  0.000000e+000  0.000000e+000  
0.000000e+000  0.000000e+000  0.000000e+000  0.000000e+000  0.000000e+000  0.000000e+000  0.000000e+000  0.000000e+000  0.000000e+000  0.000000e+000  0.000000e+000  0.000000e+000  0.000000e+000  0.000000e+000  0.000000e+000  0.000000e+000  0.000000e+000  
0.000000e+000  0.000000e+000  0.000000e+000  0.000000e+000  0.000000e+000  0.000000e+000  0.000000e+000  0.000000e+000  0.000000e+000  0.000000e+000  0.000000e+000  0.000000e+000  0.000000e+000  0.000000e+000  0.000000e+000  0.000000e+000  0.000000e+000  
0.000000e+000  0.000000e+000  0.000000e+000  0.000000e+000  0.000000e+000  0.000000e+000  0.000000e+000  0.000000e+000  0.000000e+000  0.000000e+000  0.000000e+000  0.000000e+000  0.000000e+000  0.000000e+000  0.000000e+000  0.000000e+000  0.000000e+000  
0.000000e+000  0.000000e+000  0.000000e+000  0.000000e+000  0.000000e+000  0.000000e+000  0.000000e+000  0.000000e+000  0.000000e+000  0.000000e+000  0.000000e+000  0.000000e+000  0.000000e+000  0.000000e+000  0.000000e+000  0.000000e+000  0.000000e+000  
0.000000e+000  0.000000e+000  0.000000e+000  0.000000e+000  0.000000e+000  0.000000e+000  0.000000e+000  0.000000e+000  0.000000e+000  0.000000e+000  0.000000e+000  0.000000e+000  0.000000e+000  0.000000e+000  0.000000e+000  0.000000e+000  0.000000e+000  
0.000000e+000  0.000000e+000  0.000000e+000  0.000000e+000  0.000000e+000  0.000000e+000  0.000000e+000  0.000000e+000  0.000000e+000  0.000000e+000  0.000000e+000  0.000000e+000  0.000000e+000  0.000000e+000  0.000000e+000  0.000000e+000  0.000000e+000  
0.000000e+000  0.000000e+000  0.000000e+000  0.000000e+000  0.000000e+000  0.000000e+000  0.000000e+000  0.000000e+000  0.000000e+000  0.000000e+000  0.000000e+000  0.000000e+000  0.000000e+000  0.000000e+000  0.000000e+000  0.000000e+000  0.000000e+000  
0.000000e+000  0.000000e+000  0.000000e+000  0.000000e+000  0.000000e+000  0.000000e+000  0.000000e+000  0.000000e+000  0.000000e+000  0.000000e+000  0.000000e+000  0.000000e+000  0.000000e+000  0.000000e+000  0.000000e+000  0.000000e+000  0.000000e+000  
0.000000e+000  0.000000e+000  0.000000e+000  0.000000e+000  0.000000e+000  0.000000e+000  0.000000e+000  0.000000e+000  0.000000e+000  0.000000e+000  0.000000e+000  0.000000e+000  0.000000e+000  0.000000e+000  0.000000e+000  0.000000e+000  0.000000e+000  
0.000000e+000  0.000000e+000  0.000000e+000  0.000000e+000  0.000000e+000  0.000000e+000  0.000000e+000  0.000000e+000  0.000000e+000  0.000000e+000  0.000000e+000  0.000000e+000  0.000000e+000  0.000000e+000  0.000000e+000  0.000000e+000  0.000000e+000  
0.000000e+000  0.000000e+000  0.000000e+000  0.000000e+000  0.000000e+000  0.000000e+000  0.000000e+000  0.000000e+000  0.000000e+000  0.000000e+000  0.000000e+000  0.000000e+000  0.000000e+000  0.000000e+000  0.000000e+000  0.000000e+000  0.000000e+000  
0.000000e+000  0.000000e+000  0.000000e+000  0.000000e+000  0.000000e+000  0.000000e+000  0.000000e+000  0.000000e+000  0.000000e+000  0.000000e+000  0.000000e+000  0.000000e+000  0.000000e+000  0.000000e+000  0.000000e+000  0.000000e+000  0.000000e+000  
0.000000e+000  0.000000e+000  0.000000e+000  0.000000e+000  0.000000e+000  0.000000e+000  0.000000e+000  0.000000e+000  0.000000e+000  0.000000e+000  0.000000e+000  0.000000e+000  0.000000e+000  0.000000e+000  0.000000e+000  0.000000e+000  0.000000e+000  
0.000000e+000  0.000000e+000  0.000000e+000  0.000000e+000  0.000000e+000  0.000000e+000  0.000000e+000  0.000000e+000  0.000000e+000  0.000000e+000  0.000000e+000  0.000000e+000  0.000000e+000  0.000000e+000  0.000000e+000  0.000000e+000  0.000000e+000  

0.000000e+000  0.000000e+000  0.000000e+000  0.000000e+000  0.000000e+000  0.000000e+000  0.000000e+000  0.000000e+000  0.000000e+000  0.000000e+000  0.000000e+000  0.000000e+000  0.000000e+000  0.000000e+000  0.000000e+000  0.000000e+000  0.000000e+000  
0.000000e+000  0.000000e+000  0.000000e+000  0.000000e+000  0.000000e+000  0.000000e+000  0.000000e+000  0.000000e+000  0.000000e+000  0.000000e+000  0.000000e+000  0.000000e+000  0.000000e+000  0.000000e+000  0.000000e+000  0.000000e+000  0.000000e+000  
0.000000e+000  0.000000e+000  0.000000e+000  0.000000e+000  0.000000e+000  0.000000e+000  0.000000e+000  0.000000e+000  0.000000e+000  0.000000e+000  0.000000e+000  0.000000e+000  0.000000e+000  0.000000e+000  0.000000e+000  0.000000e+000  0.000000e+000  
0.000000e+000  0.000000e+000  0.000000e+000  0.000000e+000  0.000000e+000  0.000000e+000  0.000000e+000  0.000000e+000  0.000000e+000  0.000000e+000  0.000000e+000  0.000000e+000  0.000000e+000  0.000000e+000  0.000000e+000  0.000000e+000  0.000000e+000  
0.000000e+000  0.000000e+000  0.000000e+000  0.000000e+000  0.000000e+000  0.000000e+000  0.000000e+000  0.000000e+000  0.000000e+000  0.000000e+000  0.000000e+000  0.000000e+000  0.000000e+000  0.000000e+000  0.000000e+000  0.000000e+000  0.000000e+000  
0.000000e+000  0.000000e+000  0.000000e+000  0.000000e+000  0.000000e+000  0.000000e+000  0.000000e+000  0.000000e+000  0.000000e+000  0.000000e+000  0.000000e+000  0.000000e+000  0.000000e+000  0.000000e+000  0.000000e+000  0.000000e+000  0.000000e+000  
0.000000e+000  0.000000e+000  0.000000e+000  0.000000e+000  0.000000e+000  0.000000e+000  0.000000e+000  0.000000e+000  0.000000e+000  0.000000e+000  0.000000e+000  0.000000e+000  0.000000e+000  0.000000e+000  0.000000e+000  0.000000e+000  0.000000e+000  
0.000000e+000  0.000000e+000  0.000000e+000  0.000000e+000  0.000000e+000  0.000000e+000  0.000000e+000  0.000000e+000  0.000000e+000  0.000000e+000  0.000000e+000  0.000000e+000  0.000000e+000  0.000000e+000  0.000000e+000  0.000000e+000  0.000000e+000  
0.000000e+000  0.000000e+000  0.000000e+000  0.000000e+000  0.000000e+000  0.000000e+000  0.000000e+000  0.000000e+000  0.000000e+000  0.000000e+000  0.000000e+000  0.000000e+000  0.000000e+000  0.000000e+000  0.000000e+000  0.000000e+000  0.000000e+000  
0.000000e+000  0.000000e+000  0.000000e+000  0.000000e+000  0.000000e+000  0.000000e+000  0.000000e+000  0.000000e+000  0.000000e+000  0.000000e+000  0.000000e+000  0.000000e+000  0.000000e+000  0.000000e+000  0.000000e+000  0.000000e+000  0.000000e+000  
0.000000e+000  0.000000e+000  0.000000e+000  0.000000e+000  0.000000e+000  0.000000e+000  0.000000e+000  0.000000e+000  0.000000e+000  0.000000e+000  0.000000e+000  0.000000e+000  0.000000e+000  0.000000e+000  0.000000e+000  0.000000e+000  0.000000e+000  
0.000000e+000  0.000000e+000  0.000000e+000  0.000000e+000  0.000000e+000  0.000000e+000  0.000000e+000  0.000000e+000  0.000000e+000  0.000000e+000  0.000000e+000  0.000000e+000  0.000000e+000  0.000000e+000  0.000000e+000  0.000000e+000  0.000000e+000  
0.000000e+000  0.000000e+000  0.000000e+000  0.000000e+000  0.000000e+000  0.000000e+000  0.000000e+000  0.000000e+000  0.000000e+000  0.000000e+000  0.000000e+000  0.000000e+000  0.000000e+000  0.000000e+000  0.000000e+000  0.000000e+000  0.000000e+000  
0.000000e+000  0.000000e+000  0.000000e+000  0.000000e+000  0.000000e+000  0.000000e+000  0.000000e+000  0.000000e+000  0.000000e+000  0.000000e+000  0.000000e+000  0.000000e+000  0.000000e+000  0.000000e+000  0.000000e+000  0.000000e+000  0.000000e+000  
0.000000e+000  0.000000e+000  0.000000e+000  0.000000e+000  0.000000e+000  0.000000e+000  0.000000e+000  0.000000e+000  0.000000e+000  0.000000e+000  0.000000e+000  0.000000e+000  0.000000e+000  0.000000e+000  0.000000e+000  0.000000e+000  0.000000e+000  
0.000000e+000  0.000000e+000  0.000000e+000  0.000000e+000  0.000000e+000  0.000000e+000  0.000000e+000  0.000000e+000  0.000000e+000  0.000000e+000  0.000000e+000  0.000000e+000  0.000000e+000  0.000000e+000  0.000000e+000  0.000000e+000  0.000000e+000  

0.000000e+000  0.000000e+000  0.000000e+000  0.000000e+000  0.000000e+000  0.000000e+000  0.000000e+000  0.000000e+000  0.000000e+000  0.000000e+000  0.000000e+000  0.000000e+000  0.000000e+000  0.000000e+000  0.000000e+000  0.000000e+000  0.000000e+000  
0.000000e+000  0.000000e+000  0.000000e+000  0.000000e+000  0.000000e+000  0.000000e+000  0.000000e+000  0.000000e+000  0.000000e+000  0.000000e+000  0.000000e+000  0.000000e+000  0.000000e+000  0.000000e+000  0.000000e+000  0.000000e+000  0.000000e+000  
0.000000e+000  0.000000e+000  0.000000e+000  0.000000e+000  0.000000e+000  0.000000e+000  0.000000e+000  0.000000e+000  0.000000e+000  0.000000e+000  0.000000e+000  0.000000e+000  0.000000e+000  0.000000e+000  0.000000e+000  0.000000e+000  0.000000e+000  
0.000000e+000  0.000000e+000  0.000000e+000  0.000000e+000  0.000000e+000  0.000000e+000  0.000000e+000  0.000000e+000  0.000000e+000  0.000000e+000  0.000000e+000  0.000000e+000  0.000000e+000  0.000000e+000  0.000000e+000  0.000000e+000  0.000000e+000  
0.000000e+000  0.000000e+000  0.000000e+000  0.000000e+000  0.000000e+000  0.000000e+000  0.000000e+000  0.000000e+000  0.000000e+000  0.000000e+000  0.000000e+000  0.000000e+000  0.000000e+000  0.000000e+000  0.000000e+000  0.000000e+000  0.000000e+000  
0.000000e+000  0.000000e+000  0.000000e+000  0.000000e+000  0.000000e+000  0.000000e+000  0.000000e+000  0.000000e+000  0.000000e+000  0.000000e+000  0.000000e+000  0.000000e+000  0.000000e+000  0.000000e+000  0.000000e+000  0.000000e+000  0.000000e+000  
0.000000e+000  0.000000e+000  0.000000e+000  0.000000e+000  0.000000e+000  0.000000e+000  0.000000e+000  0.000000e+000  0.000000e+000  0.000000e+000  0.000000e+000  0.000000e+000  0.000000e+000  0.000000e+000  0.000000e+000  0.000000e+000  0.000000e+000  
0.000000e+000  0.000000e+000  0.000000e+000  0.000000e+000  0.000000e+000  0.000000e+000  0.000000e+000  0.000000e+000  0.000000e+000  0.000000e+000  0.000000e+000  0.000000e+000  0.000000e+000  0.000000e+000  0.000000e+000  0.000000e+000  0.000000e+000  
0.000000e+000  0.000000e+000  0.000000e+000  0.000000e+000  0.000000e+000  0.000000e+000  0.000000e+000  0.000000e+000  0.000000e+000  0.000000e+000  0.000000e+000  0.000000e+000  0.000000e+000  0.000000e+000  0.000000e+000  0.000000e+000  0.000000e+000  
0.000000e+000  0.000000e+000  0.000000e+000  0.000000e+000  0.000000e+000  0.000000e+000  0.000000e+000  0.000000e+000  0.000000e+000  0.000000e+000  0.000000e+000  0.000000e+000  0.000000e+000  0.000000e+000  0.000000e+000  0.000000e+000  0.000000e+000  
0.000000e+000  0.000000e+000  0.000000e+000  0.000000e+000  0.000000e+000  0.000000e+000  0.000000e+000  0.000000e+000  0.000000e+000  0.000000e+000  0.000000e+000  0.000000e+000  0.000000e+000  0.000000e+000  0.000000e+000  0.000000e+000  0.000000e+000  
0.000000e+000  0.000000e+000  0.000000e+000  0.000000e+000  0.000000e+000  0.000000e+000  0.000000e+000  0.000000e+000  0.000000e+000  0.000000e+000  0.000000e+000  0.000000e+000  0.000000e+000  0.000000e+000  0.000000e+000  0.000000e+000  0.000000e+000  
0.000000e+000  0.000000e+000  0.000000e+000  0.000000e+000  0.000000e+000  0.000000e+000  0.000000e+000  0.000000e+000  0.000000e+000  0.000000e+000  0.000000e+000  0.000000e+000  0.000000e+000  0.000000e+000  0.000000e+000  0.000000e+000  0.000000e+000  
0.000000e+000  0.000000e+000  0.000000e+000  0.000000e+000  0.000000e+000  0.000000e+000  0.000000e+000  0.000000e+000  0.000000e+000  0.000000e+000  0.000000e+000  0.000000e+000  0.000000e+000  0.000000e+000  0.000000e+000  0.000000e+000  0.000000e+000  
0.000000e+000  0.000000e+000  0.000000e+000  0.000000e+000  0.000000e+000  0.000000e+000  0.000000e+000  0.000000e+000  0.000000e+000  0.000000e+000  0.000000e+000  0.000000e+000  0.000000e+000  0.000000e+000  0.000000e+000  0.000000e+000  0.000000e+000  
0.000000e+000  0.000000e+000  0.000000e+000  0.000000e+000  0.000000e+000  0.000000e+000  0.000000e+000  0.000000e+000  0.000000e+000  0.000000e+000  0.000000e+000  0.000000e+000  0.000000e+000  0.000000e+000  0.000000e+000  0.000000e+000  0.000000e+000  

-0.000000e+000  -0.000000e+000  -0.000000e+000  -0.000000e+000  -0.000000e+000  -0.000000e+000  -0.000000e+000  -0.000000e+000  -0.000000e+000  -0.000000e+000  -0.000000e+000  -0.000000e+000  -0.000000e+000  -0.000000e+000  -0.000000e+000  -0.000000e+000  -0.000000e+000  
-0.000000e+000  1.876560e+001  1.834047e+001  1.749983e+001  1.583088e+001  1.249973e+001  7.938767e+000  2.721272e+000  -2.721272e+000  -7.938767e+000  -1.249973e+001  -1.583088e+001  -1.749983e+001  -1.834047e+001  -1.876560e+001  -0.000000e+000  -0.000000e+000  
-0.000000e+000  1.876560e+001  1.834047e+001  1.749983e+001  1.583088e+001  1.249973e+001  7.938767e+000  2.721272e+000  -2.721272e+000  -7.938767e+000  -1.249973e+001  -1.583088e+001  -1.749983e+001  -1.834047e+001  -1.876560e+001  -0.000000e+000  -0.000000e+000  
-0.000000e+000  1.876560e+001  1.834047e+001  1.749983e+001  1.583088e+001  1.249973e+001  7.938767e+000  2.721272e+000  -2.721272e+000  -7.938767e+000  -1.249973e+001  -1.583088e+001  -1.749983e+001  -1.834047e+001  -1.876560e+001  -0.000000e+000  -0.000000e+000  
-0.000000e+000  1.876560e+001  1.834047e+001  1.749983e+001  1.583088e+001  1.249973e+001  7.938767e+000  2.721272e+000  -2.721272e+000  -7.938767e+000  -1.249973e+001  -1.583088e+001  -1.749983e+001  -1.834047e+001  -1.876560e+001  -0.000000e+000  -0.000000e+000  
-0.000000e+000  1.876560e+001  1.834047e+001  1.749983e+001  1.583088e+001  1.249973e+001  7.938767e+000  2.721272e+000  -2.721272e+000  -7.938767e+000  -1.249973e+001  -1.583088e+001  -1.749983e+001  -1.834047e+001  -1.876560e+001  -0.000000e+000  -0.000000e+000  
-0.000000e+000  1.876560e+001  1.834047e+001  1.749983e+001  1.583088e+001  1.249973e+001  7.938767e+000  2.721272e+000  -2.721272e+000  -7.938767e+000  -1.249973e+001  -1.583088e+001  -1.749983e+001  -1.834047e+001  -1.876560e+001  -0.000000e+000  -0.000000e+000  
-0.000000e+000  1.876560e+001  1.834047e+001  1.749983e+001  1.583088e+001  1.249973e+001  7.938767e+000  2.721272e+000  -2.721272e+000  -7.938767e+000  -1.249973e+001  -1.583088e+001  -1.749983e+001  -1.834047e+001  -1.876560e+001  -0.000000e+000  -0.000000e+000  
-0.000000e+000  1.876560e+001  1.834047e+001  1.749983e+001  1.583088e+001  1.249973e+001  7.938767e+000  2.721272e+000  -2.721272e+000  -7.938767e+000  -1.249973e+001  -1.583088e+001  -1.749983e+001  -1.834047e+001  -1.876560e+001  -0.000000e+000  -0.000000e+000  
-0.000000e+000  1.876560e+001  1.834047e+001  1.749983e+001  1.583088e+001  1.249973e+001  7.938767e+000  2.721272e+000  -2.721272e+000  -7.938767e+000  -1.249973e+001  -1.583088e+001  -1.749983e+001  -1.834047e+001  -1.876560e+001  -0.000000e+000  -0.000000e+000  
-0.000000e+000  1.876560e+001  1.834047e+001  1.749983e+001  1.583088e+001  1.249973e+001  7.938767e+000  2.721272e+000  -2.721272e+000  -7.938767e+000  -1.249973e+001  -1.583088e+001  -1.749983e+001  -1.834047e+001  -1.876560e+001  -0.000000e+000  -0.000000e+000  
-0.000000e+000  1.876560e+001  1.834047e+001  1.749983e+001  1.583088e+001  1.249973e+001  7.938767e+000  2.721272e+000  -2.721272e+000  -7.938767e+000  -1.249973e+001  -1.583088e+001  -1.749983e+001  -1.834047e+001  -1.876560e+001  -0.000000e+000  -0.000000e+000  
-0.000000e+000  1.876560e+001  1.834047e+001  1.749983e+001  1.583088e+001  1.249973e+001  7.938767e+000  2.721272e+000  -2.721272e+000  -7.938767e+000  -1.249973e+001  -1.583088e+001  -1.749983e+001  -1.834047e+001  -1.876560e+001  -0.000000e+000  -0.000000e+000  
-0.000000e+000  1.876560e+001  1.834047e+001  1.749983e+001  1.583088e+001  1.249973e+001  7.938767e+000  2.721272e+000  -2.721272e+000  -7.938767e+000  -1.249973e+001  -1.583088e+001  -1.749983e+001  -1.834047e+001  -1.876560e+001  -0.000000e+000  -0.000000e+000  
-0.000000e+000  -0.000000e+000  -0.000000e+000  -0.000000e+000  -0.000000e+000  -0.000000e+000  -0.000000e+000  -0.000000e+000  -0.000000e+000  -0.000000e+000  -0.000000e+000  -0.000000e+000  -0.000000e+000  -0.000000e+000  -0.000000e+000  -0.000000e+000  -0.000000e+000  
-0.000000e+000  -0.000000e+000  -0.000000e+000  -0.000000e+000  -0.000000e+000  -0.000000e+000  -0.000000e+000  -0.000000e+000  -0.000000e+000  -0.000000e+000  -0.000000e+000  -0.000000e+000  -0.000000e+000  -0.000000e+000  -0.000000e+000  -0.000000e+000  -0.000000e+000  

