Port monitor named: Port1_e1[7.5].prt

nx        = 17
ny        = 16
nz        = 52

nu        = 17
nv        = 16
iu        = 1
iv        = 1

idir      = 2
dcut      = 5.000000e-002
icut      = 52
type      = 0
frequency = 7.500000e+009

fcutoff   = 7.494020e+009
alpha     = 0.000000e+000
beta      = 6.269767e+000
accuracy  = 3.579763e-013

type          = TE
wave imp.     = 9.444948e+003
wave imp.sig. = 2.326919e-004
line imp.     = 0.000000e+000

ref. port     = 0

0.000000e+000  0.000000e+000  0.000000e+000  0.000000e+000  0.000000e+000  0.000000e+000  0.000000e+000  0.000000e+000  0.000000e+000  0.000000e+000  0.000000e+000  0.000000e+000  0.000000e+000  0.000000e+000  0.000000e+000  0.000000e+000  0.000000e+000  
0.000000e+000  0.000000e+000  0.000000e+000  0.000000e+000  0.000000e+000  0.000000e+000  0.000000e+000  0.000000e+000  0.000000e+000  0.000000e+000  0.000000e+000  0.000000e+000  0.000000e+000  0.000000e+000  0.000000e+000  0.000000e+000  0.000000e+000  
0.000000e+000  -7.932366e-006  -4.759643e-006  6.649559e-007  7.022339e-006  -1.372486e-005  -7.636906e-006  -2.104888e-006  2.105087e-006  7.636932e-006  1.372462e-005  -7.022483e-006  -6.648803e-007  4.759158e-006  7.932378e-006  0.000000e+000  0.000000e+000  
0.000000e+000  -1.883005e-005  -1.164326e-005  2.020335e-006  2.334495e-005  -3.475640e-005  -1.495163e-005  -3.803909e-006  3.804034e-006  1.495164e-005  3.475609e-005  -2.334504e-005  -2.020713e-006  1.164330e-005  1.882970e-005  0.000000e+000  0.000000e+000  
0.000000e+000  -3.642553e-005  -2.468316e-005  1.207165e-006  6.715174e-005  -7.708048e-005  -1.958115e-005  -4.456699e-006  4.456656e-006  1.958102e-005  7.708018e-005  -6.715199e-005  -1.207356e-006  2.468269e-005  3.642523e-005  0.000000e+000  0.000000e+000  
0.000000e+000  -7.176290e-005  -5.874037e-005  -3.159417e-005  7.941102e-005  1.941143e-005  -5.134257e-006  -3.118818e-006  3.118480e-006  5.133826e-006  -1.941171e-005  -7.941147e-005  3.159382e-005  5.873986e-005  7.176244e-005  0.000000e+000  0.000000e+000  
0.000000e+000  -2.813873e-005  -2.113828e-005  -7.554748e-006  1.796093e-005  1.084212e-005  1.591718e-006  -2.975313e-007  2.970731e-007  -1.592163e-006  -1.084267e-005  -1.796144e-005  7.554459e-006  2.113789e-005  2.813826e-005  0.000000e+000  0.000000e+000  
0.000000e+000  -7.302949e-006  -5.398042e-006  -1.990527e-006  3.263413e-006  3.073498e-006  9.661254e-007  1.107528e-007  -1.111737e-007  -9.664658e-007  -3.074050e-006  -3.263733e-006  1.990502e-006  5.398188e-006  7.302907e-006  0.000000e+000  0.000000e+000  
0.000000e+000  7.303231e-006  5.398348e-006  1.990683e-006  -3.263626e-006  -3.073933e-006  -9.664812e-007  -1.112226e-007  1.107702e-007  9.659119e-007  3.073295e-006  3.263226e-006  -1.990990e-006  -5.398306e-006  -7.303352e-006  0.000000e+000  0.000000e+000  
0.000000e+000  2.813845e-005  2.113803e-005  7.554479e-006  -1.796138e-005  -1.084266e-005  -1.592110e-006  2.971797e-007  -2.977570e-007  1.591580e-006  1.084190e-005  1.796082e-005  -7.555148e-006  -2.113859e-005  -2.813906e-005  0.000000e+000  0.000000e+000  
0.000000e+000  7.176273e-005  5.874032e-005  3.159403e-005  -7.941136e-005  -1.941178e-005  5.133817e-006  3.118484e-006  -3.118898e-006  -5.134319e-006  1.941120e-005  7.941090e-005  -3.159437e-005  -5.874056e-005  -7.176303e-005  0.000000e+000  0.000000e+000  
0.000000e+000  3.642521e-005  2.468275e-005  -1.207206e-006  -6.715197e-005  7.708035e-005  1.958120e-005  4.456754e-006  -4.456672e-006  -1.958118e-005  -7.708041e-005  6.715183e-005  1.207343e-006  -2.468336e-005  -3.642530e-005  0.000000e+000  0.000000e+000  
0.000000e+000  1.882978e-005  1.164361e-005  -2.020717e-006  -2.334495e-005  3.475616e-005  1.495177e-005  3.804109e-006  -3.803840e-006  -1.495163e-005  -3.475635e-005  2.334494e-005  2.020138e-006  -1.164292e-005  -1.883036e-005  0.000000e+000  0.000000e+000  
0.000000e+000  7.932363e-006  4.759457e-006  -6.647485e-007  -7.022384e-006  1.372475e-005  7.636958e-006  2.105061e-006  -2.104934e-006  -7.636899e-006  -1.372486e-005  7.022290e-006  6.650772e-007  -4.760010e-006  -7.932342e-006  0.000000e+000  0.000000e+000  
0.000000e+000  0.000000e+000  0.000000e+000  0.000000e+000  0.000000e+000  0.000000e+000  0.000000e+000  0.000000e+000  0.000000e+000  0.000000e+000  0.000000e+000  0.000000e+000  0.000000e+000  0.000000e+000  0.000000e+000  0.000000e+000  0.000000e+000  
0.000000e+000  0.000000e+000  0.000000e+000  0.000000e+000  0.000000e+000  0.000000e+000  0.000000e+000  0.000000e+000  0.000000e+000  0.000000e+000  0.000000e+000  0.000000e+000  0.000000e+000  0.000000e+000  0.000000e+000  0.000000e+000  0.000000e+000  

0.000000e+000  0.000000e+000  0.000000e+000  0.000000e+000  0.000000e+000  0.000000e+000  0.000000e+000  0.000000e+000  0.000000e+000  0.000000e+000  0.000000e+000  0.000000e+000  0.000000e+000  0.000000e+000  0.000000e+000  0.000000e+000  0.000000e+000  
0.000000e+000  0.000000e+000  1.085291e+003  2.145995e+003  3.158081e+003  4.712861e+003  6.094052e+003  6.971267e+003  7.271961e+003  6.971267e+003  6.094052e+003  4.712861e+003  3.158081e+003  2.145995e+003  1.085291e+003  0.000000e+000  0.000000e+000  
0.000000e+000  0.000000e+000  1.085291e+003  2.145995e+003  3.158081e+003  4.712861e+003  6.094052e+003  6.971267e+003  7.271961e+003  6.971267e+003  6.094052e+003  4.712861e+003  3.158081e+003  2.145995e+003  1.085291e+003  0.000000e+000  0.000000e+000  
0.000000e+000  0.000000e+000  1.085291e+003  2.145995e+003  3.158081e+003  4.712861e+003  6.094052e+003  6.971267e+003  7.271961e+003  6.971267e+003  6.094052e+003  4.712861e+003  3.158081e+003  2.145995e+003  1.085291e+003  0.000000e+000  0.000000e+000  
0.000000e+000  0.000000e+000  1.085291e+003  2.145995e+003  3.158081e+003  4.712861e+003  6.094052e+003  6.971267e+003  7.271961e+003  6.971267e+003  6.094052e+003  4.712861e+003  3.158081e+003  2.145995e+003  1.085291e+003  0.000000e+000  0.000000e+000  
0.000000e+000  0.000000e+000  1.085291e+003  2.145995e+003  3.158081e+003  4.712861e+003  6.094052e+003  6.971267e+003  7.271961e+003  6.971267e+003  6.094052e+003  4.712861e+003  3.158081e+003  2.145995e+003  1.085291e+003  0.000000e+000  0.000000e+000  
0.000000e+000  0.000000e+000  1.085291e+003  2.145995e+003  3.158081e+003  4.712861e+003  6.094052e+003  6.971267e+003  7.271961e+003  6.971267e+003  6.094052e+003  4.712861e+003  3.158081e+003  2.145995e+003  1.085291e+003  0.000000e+000  0.000000e+000  
0.000000e+000  0.000000e+000  1.085291e+003  2.145995e+003  3.158081e+003  4.712861e+003  6.094052e+003  6.971267e+003  7.271961e+003  6.971267e+003  6.094052e+003  4.712861e+003  3.158081e+003  2.145995e+003  1.085291e+003  0.000000e+000  0.000000e+000  
0.000000e+000  0.000000e+000  1.085291e+003  2.145995e+003  3.158081e+003  4.712861e+003  6.094052e+003  6.971267e+003  7.271961e+003  6.971267e+003  6.094052e+003  4.712861e+003  3.158081e+003  2.145995e+003  1.085291e+003  0.000000e+000  0.000000e+000  
0.000000e+000  0.000000e+000  1.085291e+003  2.145995e+003  3.158081e+003  4.712861e+003  6.094052e+003  6.971267e+003  7.271961e+003  6.971267e+003  6.094052e+003  4.712861e+003  3.158081e+003  2.145995e+003  1.085291e+003  0.000000e+000  0.000000e+000  
0.000000e+000  0.000000e+000  1.085291e+003  2.145995e+003  3.158081e+003  4.712861e+003  6.094052e+003  6.971267e+003  7.271961e+003  6.971267e+003  6.094052e+003  4.712861e+003  3.158081e+003  2.145995e+003  1.085291e+003  0.000000e+000  0.000000e+000  
0.000000e+000  0.000000e+000  1.085291e+003  2.145995e+003  3.158081e+003  4.712861e+003  6.094052e+003  6.971267e+003  7.271961e+003  6.971267e+003  6.094052e+003  4.712861e+003  3.158081e+003  2.145995e+003  1.085291e+003  0.000000e+000  0.000000e+000  
0.000000e+000  0.000000e+000  1.085291e+003  2.145995e+003  3.158081e+003  4.712861e+003  6.094052e+003  6.971267e+003  7.271961e+003  6.971267e+003  6.094052e+003  4.712861e+003  3.158081e+003  2.145995e+003  1.085291e+003  0.000000e+000  0.000000e+000  
0.000000e+000  0.000000e+000  1.085291e+003  2.145995e+003  3.158081e+003  4.712861e+003  6.094052e+003  6.971267e+003  7.271961e+003  6.971267e+003  6.094052e+003  4.712861e+003  3.158081e+003  2.145995e+003  1.085291e+003  0.000000e+000  0.000000e+000  
0.000000e+000  0.000000e+000  0.000000e+000  0.000000e+000  0.000000e+000  0.000000e+000  0.000000e+000  0.000000e+000  0.000000e+000  0.000000e+000  0.000000e+000  0.000000e+000  0.000000e+000  0.000000e+000  0.000000e+000  0.000000e+000  0.000000e+000  
0.000000e+000  0.000000e+000  0.000000e+000  0.000000e+000  0.000000e+000  0.000000e+000  0.000000e+000  0.000000e+000  0.000000e+000  0.000000e+000  0.000000e+000  0.000000e+000  0.000000e+000  0.000000e+000  0.000000e+000  0.000000e+000  0.000000e+000  

0.000000e+000  0.000000e+000  0.000000e+000  0.000000e+000  0.000000e+000  0.000000e+000  0.000000e+000  0.000000e+000  0.000000e+000  0.000000e+000  0.000000e+000  0.000000e+000  0.000000e+000  0.000000e+000  0.000000e+000  0.000000e+000  0.000000e+000  
0.000000e+000  0.000000e+000  0.000000e+000  0.000000e+000  0.000000e+000  0.000000e+000  0.000000e+000  0.000000e+000  0.000000e+000  0.000000e+000  0.000000e+000  0.000000e+000  0.000000e+000  0.000000e+000  0.000000e+000  0.000000e+000  0.000000e+000  
0.000000e+000  0.000000e+000  0.000000e+000  0.000000e+000  0.000000e+000  0.000000e+000  0.000000e+000  0.000000e+000  0.000000e+000  0.000000e+000  0.000000e+000  0.000000e+000  0.000000e+000  0.000000e+000  0.000000e+000  0.000000e+000  0.000000e+000  
0.000000e+000  0.000000e+000  0.000000e+000  0.000000e+000  0.000000e+000  0.000000e+000  0.000000e+000  0.000000e+000  0.000000e+000  0.000000e+000  0.000000e+000  0.000000e+000  0.000000e+000  0.000000e+000  0.000000e+000  0.000000e+000  0.000000e+000  
0.000000e+000  0.000000e+000  0.000000e+000  0.000000e+000  0.000000e+000  0.000000e+000  0.000000e+000  0.000000e+000  0.000000e+000  0.000000e+000  0.000000e+000  0.000000e+000  0.000000e+000  0.000000e+000  0.000000e+000  0.000000e+000  0.000000e+000  
0.000000e+000  0.000000e+000  0.000000e+000  0.000000e+000  0.000000e+000  0.000000e+000  0.000000e+000  0.000000e+000  0.000000e+000  0.000000e+000  0.000000e+000  0.000000e+000  0.000000e+000  0.000000e+000  0.000000e+000  0.000000e+000  0.000000e+000  
0.000000e+000  0.000000e+000  0.000000e+000  0.000000e+000  0.000000e+000  0.000000e+000  0.000000e+000  0.000000e+000  0.000000e+000  0.000000e+000  0.000000e+000  0.000000e+000  0.000000e+000  0.000000e+000  0.000000e+000  0.000000e+000  0.000000e+000  
0.000000e+000  0.000000e+000  0.000000e+000  0.000000e+000  0.000000e+000  0.000000e+000  0.000000e+000  0.000000e+000  0.000000e+000  0.000000e+000  0.000000e+000  0.000000e+000  0.000000e+000  0.000000e+000  0.000000e+000  0.000000e+000  0.000000e+000  
0.000000e+000  0.000000e+000  0.000000e+000  0.000000e+000  0.000000e+000  0.000000e+000  0.000000e+000  0.000000e+000  0.000000e+000  0.000000e+000  0.000000e+000  0.000000e+000  0.000000e+000  0.000000e+000  0.000000e+000  0.000000e+000  0.000000e+000  
0.000000e+000  0.000000e+000  0.000000e+000  0.000000e+000  0.000000e+000  0.000000e+000  0.000000e+000  0.000000e+000  0.000000e+000  0.000000e+000  0.000000e+000  0.000000e+000  0.000000e+000  0.000000e+000  0.000000e+000  0.000000e+000  0.000000e+000  
0.000000e+000  0.000000e+000  0.000000e+000  0.000000e+000  0.000000e+000  0.000000e+000  0.000000e+000  0.000000e+000  0.000000e+000  0.000000e+000  0.000000e+000  0.000000e+000  0.000000e+000  0.000000e+000  0.000000e+000  0.000000e+000  0.000000e+000  
0.000000e+000  0.000000e+000  0.000000e+000  0.000000e+000  0.000000e+000  0.000000e+000  0.000000e+000  0.000000e+000  0.000000e+000  0.000000e+000  0.000000e+000  0.000000e+000  0.000000e+000  0.000000e+000  0.000000e+000  0.000000e+000  0.000000e+000  
0.000000e+000  0.000000e+000  0.000000e+000  0.000000e+000  0.000000e+000  0.000000e+000  0.000000e+000  0.000000e+000  0.000000e+000  0.000000e+000  0.000000e+000  0.000000e+000  0.000000e+000  0.000000e+000  0.000000e+000  0.000000e+000  0.000000e+000  
0.000000e+000  0.000000e+000  0.000000e+000  0.000000e+000  0.000000e+000  0.000000e+000  0.000000e+000  0.000000e+000  0.000000e+000  0.000000e+000  0.000000e+000  0.000000e+000  0.000000e+000  0.000000e+000  0.000000e+000  0.000000e+000  0.000000e+000  
0.000000e+000  0.000000e+000  0.000000e+000  0.000000e+000  0.000000e+000  0.000000e+000  0.000000e+000  0.000000e+000  0.000000e+000  0.000000e+000  0.000000e+000  0.000000e+000  0.000000e+000  0.000000e+000  0.000000e+000  0.000000e+000  0.000000e+000  
0.000000e+000  0.000000e+000  0.000000e+000  0.000000e+000  0.000000e+000  0.000000e+000  0.000000e+000  0.000000e+000  0.000000e+000  0.000000e+000  0.000000e+000  0.000000e+000  0.000000e+000  0.000000e+000  0.000000e+000  0.000000e+000  0.000000e+000  

0.000000e+000  0.000000e+000  0.000000e+000  0.000000e+000  0.000000e+000  0.000000e+000  0.000000e+000  0.000000e+000  0.000000e+000  0.000000e+000  0.000000e+000  0.000000e+000  0.000000e+000  0.000000e+000  0.000000e+000  0.000000e+000  0.000000e+000  
0.000000e+000  0.000000e+000  0.000000e+000  0.000000e+000  0.000000e+000  0.000000e+000  0.000000e+000  0.000000e+000  0.000000e+000  0.000000e+000  0.000000e+000  0.000000e+000  0.000000e+000  0.000000e+000  0.000000e+000  0.000000e+000  0.000000e+000  
0.000000e+000  0.000000e+000  0.000000e+000  0.000000e+000  0.000000e+000  0.000000e+000  0.000000e+000  0.000000e+000  0.000000e+000  0.000000e+000  0.000000e+000  0.000000e+000  0.000000e+000  0.000000e+000  0.000000e+000  0.000000e+000  0.000000e+000  
0.000000e+000  0.000000e+000  0.000000e+000  0.000000e+000  0.000000e+000  0.000000e+000  0.000000e+000  0.000000e+000  0.000000e+000  0.000000e+000  0.000000e+000  0.000000e+000  0.000000e+000  0.000000e+000  0.000000e+000  0.000000e+000  0.000000e+000  
0.000000e+000  0.000000e+000  0.000000e+000  0.000000e+000  0.000000e+000  0.000000e+000  0.000000e+000  0.000000e+000  0.000000e+000  0.000000e+000  0.000000e+000  0.000000e+000  0.000000e+000  0.000000e+000  0.000000e+000  0.000000e+000  0.000000e+000  
0.000000e+000  0.000000e+000  0.000000e+000  0.000000e+000  0.000000e+000  0.000000e+000  0.000000e+000  0.000000e+000  0.000000e+000  0.000000e+000  0.000000e+000  0.000000e+000  0.000000e+000  0.000000e+000  0.000000e+000  0.000000e+000  0.000000e+000  
0.000000e+000  0.000000e+000  0.000000e+000  0.000000e+000  0.000000e+000  0.000000e+000  0.000000e+000  0.000000e+000  0.000000e+000  0.000000e+000  0.000000e+000  0.000000e+000  0.000000e+000  0.000000e+000  0.000000e+000  0.000000e+000  0.000000e+000  
0.000000e+000  0.000000e+000  0.000000e+000  0.000000e+000  0.000000e+000  0.000000e+000  0.000000e+000  0.000000e+000  0.000000e+000  0.000000e+000  0.000000e+000  0.000000e+000  0.000000e+000  0.000000e+000  0.000000e+000  0.000000e+000  0.000000e+000  
0.000000e+000  0.000000e+000  0.000000e+000  0.000000e+000  0.000000e+000  0.000000e+000  0.000000e+000  0.000000e+000  0.000000e+000  0.000000e+000  0.000000e+000  0.000000e+000  0.000000e+000  0.000000e+000  0.000000e+000  0.000000e+000  0.000000e+000  
0.000000e+000  0.000000e+000  0.000000e+000  0.000000e+000  0.000000e+000  0.000000e+000  0.000000e+000  0.000000e+000  0.000000e+000  0.000000e+000  0.000000e+000  0.000000e+000  0.000000e+000  0.000000e+000  0.000000e+000  0.000000e+000  0.000000e+000  
0.000000e+000  0.000000e+000  0.000000e+000  0.000000e+000  0.000000e+000  0.000000e+000  0.000000e+000  0.000000e+000  0.000000e+000  0.000000e+000  0.000000e+000  0.000000e+000  0.000000e+000  0.000000e+000  0.000000e+000  0.000000e+000  0.000000e+000  
0.000000e+000  0.000000e+000  0.000000e+000  0.000000e+000  0.000000e+000  0.000000e+000  0.000000e+000  0.000000e+000  0.000000e+000  0.000000e+000  0.000000e+000  0.000000e+000  0.000000e+000  0.000000e+000  0.000000e+000  0.000000e+000  0.000000e+000  
0.000000e+000  0.000000e+000  0.000000e+000  0.000000e+000  0.000000e+000  0.000000e+000  0.000000e+000  0.000000e+000  0.000000e+000  0.000000e+000  0.000000e+000  0.000000e+000  0.000000e+000  0.000000e+000  0.000000e+000  0.000000e+000  0.000000e+000  
0.000000e+000  0.000000e+000  0.000000e+000  0.000000e+000  0.000000e+000  0.000000e+000  0.000000e+000  0.000000e+000  0.000000e+000  0.000000e+000  0.000000e+000  0.000000e+000  0.000000e+000  0.000000e+000  0.000000e+000  0.000000e+000  0.000000e+000  
0.000000e+000  0.000000e+000  0.000000e+000  0.000000e+000  0.000000e+000  0.000000e+000  0.000000e+000  0.000000e+000  0.000000e+000  0.000000e+000  0.000000e+000  0.000000e+000  0.000000e+000  0.000000e+000  0.000000e+000  0.000000e+000  0.000000e+000  
0.000000e+000  0.000000e+000  0.000000e+000  0.000000e+000  0.000000e+000  0.000000e+000  0.000000e+000  0.000000e+000  0.000000e+000  0.000000e+000  0.000000e+000  0.000000e+000  0.000000e+000  0.000000e+000  0.000000e+000  0.000000e+000  0.000000e+000  

0.000000e+000  0.000000e+000  0.000000e+000  0.000000e+000  0.000000e+000  0.000000e+000  0.000000e+000  0.000000e+000  0.000000e+000  0.000000e+000  0.000000e+000  0.000000e+000  0.000000e+000  0.000000e+000  0.000000e+000  0.000000e+000  0.000000e+000  
0.000000e+000  0.000000e+000  0.000000e+000  0.000000e+000  0.000000e+000  0.000000e+000  0.000000e+000  0.000000e+000  0.000000e+000  0.000000e+000  0.000000e+000  0.000000e+000  0.000000e+000  0.000000e+000  0.000000e+000  0.000000e+000  0.000000e+000  
0.000000e+000  0.000000e+000  0.000000e+000  0.000000e+000  0.000000e+000  0.000000e+000  0.000000e+000  0.000000e+000  0.000000e+000  0.000000e+000  0.000000e+000  0.000000e+000  0.000000e+000  0.000000e+000  0.000000e+000  0.000000e+000  0.000000e+000  
0.000000e+000  0.000000e+000  0.000000e+000  0.000000e+000  0.000000e+000  0.000000e+000  0.000000e+000  0.000000e+000  0.000000e+000  0.000000e+000  0.000000e+000  0.000000e+000  0.000000e+000  0.000000e+000  0.000000e+000  0.000000e+000  0.000000e+000  
0.000000e+000  0.000000e+000  0.000000e+000  0.000000e+000  0.000000e+000  0.000000e+000  0.000000e+000  0.000000e+000  0.000000e+000  0.000000e+000  0.000000e+000  0.000000e+000  0.000000e+000  0.000000e+000  0.000000e+000  0.000000e+000  0.000000e+000  
0.000000e+000  0.000000e+000  0.000000e+000  0.000000e+000  0.000000e+000  0.000000e+000  0.000000e+000  0.000000e+000  0.000000e+000  0.000000e+000  0.000000e+000  0.000000e+000  0.000000e+000  0.000000e+000  0.000000e+000  0.000000e+000  0.000000e+000  
0.000000e+000  0.000000e+000  0.000000e+000  0.000000e+000  0.000000e+000  0.000000e+000  0.000000e+000  0.000000e+000  0.000000e+000  0.000000e+000  0.000000e+000  0.000000e+000  0.000000e+000  0.000000e+000  0.000000e+000  0.000000e+000  0.000000e+000  
0.000000e+000  0.000000e+000  0.000000e+000  0.000000e+000  0.000000e+000  0.000000e+000  0.000000e+000  0.000000e+000  0.000000e+000  0.000000e+000  0.000000e+000  0.000000e+000  0.000000e+000  0.000000e+000  0.000000e+000  0.000000e+000  0.000000e+000  
0.000000e+000  0.000000e+000  0.000000e+000  0.000000e+000  0.000000e+000  0.000000e+000  0.000000e+000  0.000000e+000  0.000000e+000  0.000000e+000  0.000000e+000  0.000000e+000  0.000000e+000  0.000000e+000  0.000000e+000  0.000000e+000  0.000000e+000  
0.000000e+000  0.000000e+000  0.000000e+000  0.000000e+000  0.000000e+000  0.000000e+000  0.000000e+000  0.000000e+000  0.000000e+000  0.000000e+000  0.000000e+000  0.000000e+000  0.000000e+000  0.000000e+000  0.000000e+000  0.000000e+000  0.000000e+000  
0.000000e+000  0.000000e+000  0.000000e+000  0.000000e+000  0.000000e+000  0.000000e+000  0.000000e+000  0.000000e+000  0.000000e+000  0.000000e+000  0.000000e+000  0.000000e+000  0.000000e+000  0.000000e+000  0.000000e+000  0.000000e+000  0.000000e+000  
0.000000e+000  0.000000e+000  0.000000e+000  0.000000e+000  0.000000e+000  0.000000e+000  0.000000e+000  0.000000e+000  0.000000e+000  0.000000e+000  0.000000e+000  0.000000e+000  0.000000e+000  0.000000e+000  0.000000e+000  0.000000e+000  0.000000e+000  
0.000000e+000  0.000000e+000  0.000000e+000  0.000000e+000  0.000000e+000  0.000000e+000  0.000000e+000  0.000000e+000  0.000000e+000  0.000000e+000  0.000000e+000  0.000000e+000  0.000000e+000  0.000000e+000  0.000000e+000  0.000000e+000  0.000000e+000  
0.000000e+000  0.000000e+000  0.000000e+000  0.000000e+000  0.000000e+000  0.000000e+000  0.000000e+000  0.000000e+000  0.000000e+000  0.000000e+000  0.000000e+000  0.000000e+000  0.000000e+000  0.000000e+000  0.000000e+000  0.000000e+000  0.000000e+000  
0.000000e+000  0.000000e+000  0.000000e+000  0.000000e+000  0.000000e+000  0.000000e+000  0.000000e+000  0.000000e+000  0.000000e+000  0.000000e+000  0.000000e+000  0.000000e+000  0.000000e+000  0.000000e+000  0.000000e+000  0.000000e+000  0.000000e+000  
0.000000e+000  0.000000e+000  0.000000e+000  0.000000e+000  0.000000e+000  0.000000e+000  0.000000e+000  0.000000e+000  0.000000e+000  0.000000e+000  0.000000e+000  0.000000e+000  0.000000e+000  0.000000e+000  0.000000e+000  0.000000e+000  0.000000e+000  

0.000000e+000  0.000000e+000  0.000000e+000  0.000000e+000  0.000000e+000  0.000000e+000  0.000000e+000  0.000000e+000  0.000000e+000  0.000000e+000  0.000000e+000  0.000000e+000  0.000000e+000  0.000000e+000  0.000000e+000  0.000000e+000  0.000000e+000  
0.000000e+000  0.000000e+000  0.000000e+000  0.000000e+000  0.000000e+000  0.000000e+000  0.000000e+000  0.000000e+000  0.000000e+000  0.000000e+000  0.000000e+000  0.000000e+000  0.000000e+000  0.000000e+000  0.000000e+000  0.000000e+000  0.000000e+000  
0.000000e+000  0.000000e+000  0.000000e+000  -1.132643e-007  -1.036844e-007  -2.162117e-007  1.829030e-007  4.608685e-007  5.453193e-007  4.962405e-007  2.445094e-007  -2.106111e-007  -1.585110e-007  0.000000e+000  -1.260130e-007  0.000000e+000  0.000000e+000  
0.000000e+000  0.000000e+000  -1.798448e-007  -1.246128e-007  -2.579213e-007  -5.653634e-007  4.648478e-007  9.599093e-007  1.075753e-006  9.456131e-007  4.537941e-007  -6.122314e-007  -2.464990e-007  -2.896087e-007  -4.697852e-008  0.000000e+000  0.000000e+000  
0.000000e+000  0.000000e+000  -1.267130e-007  -2.961305e-007  -3.020627e-007  -1.354750e-006  8.442132e-007  1.526452e-006  1.721588e-006  1.542664e-006  8.667629e-007  -1.337285e-006  -2.891666e-007  -2.256811e-007  -1.743732e-007  0.000000e+000  0.000000e+000  
0.000000e+000  0.000000e+000  -5.705587e-007  -1.148634e-006  -1.943879e-006  -4.339562e-006  -6.357907e-006  -7.285392e-006  -7.580232e-006  -7.275812e-006  -6.364023e-006  -4.334551e-006  -1.967534e-006  -1.122952e-006  -5.688822e-007  0.000000e+000  0.000000e+000  
0.000000e+000  0.000000e+000  -4.366239e-007  -9.000347e-007  -1.448375e-006  -2.626375e-006  -3.724236e-006  -4.335804e-006  -4.519444e-006  -4.322687e-006  -3.704118e-006  -2.635145e-006  -1.477815e-006  -8.842278e-007  -4.264360e-007  0.000000e+000  0.000000e+000  
0.000000e+000  0.000000e+000  -1.749443e-007  -3.308761e-007  -5.032412e-007  -8.616781e-007  -1.242075e-006  -1.420336e-006  -1.484447e-006  -1.434853e-006  -1.209724e-006  -8.896810e-007  -5.418926e-007  -3.596528e-007  -1.391117e-007  0.000000e+000  0.000000e+000  
0.000000e+000  0.000000e+000  1.759944e-007  3.637427e-007  5.554150e-007  8.903442e-007  1.238538e-006  1.436769e-006  1.496386e-006  1.465656e-006  1.235148e-006  8.746479e-007  5.289965e-007  2.911563e-007  1.872140e-007  0.000000e+000  0.000000e+000  
0.000000e+000  0.000000e+000  4.353343e-007  8.995925e-007  1.472067e-006  2.632418e-006  3.703381e-006  4.313402e-006  4.542804e-006  4.306327e-006  3.726078e-006  2.617311e-006  1.492480e-006  8.893125e-007  4.426113e-007  0.000000e+000  0.000000e+000  
0.000000e+000  0.000000e+000  5.398661e-007  1.152429e-006  1.966392e-006  4.324087e-006  6.349948e-006  7.274485e-006  7.547513e-006  7.275001e-006  6.363065e-006  4.322539e-006  1.956554e-006  1.137433e-006  5.504408e-007  0.000000e+000  0.000000e+000  
0.000000e+000  0.000000e+000  1.696385e-007  2.382087e-007  3.208541e-007  1.346054e-006  -8.527614e-007  -1.539274e-006  -1.695796e-006  -1.539274e-006  -8.691210e-007  1.333674e-006  2.924827e-007  3.526889e-007  8.522456e-008  0.000000e+000  0.000000e+000  
0.000000e+000  0.000000e+000  0.000000e+000  2.478255e-007  2.128219e-007  5.789227e-007  -4.823865e-007  -9.836380e-007  -1.121736e-006  -9.653625e-007  -4.483409e-007  5.982300e-007  2.999256e-007  9.005137e-008  2.089162e-007  0.000000e+000  0.000000e+000  
0.000000e+000  0.000000e+000  7.803961e-008  8.246111e-008  1.648485e-007  2.707436e-007  -2.005891e-007  -4.558574e-007  -5.031676e-007  -4.506990e-007  -2.104638e-007  2.106111e-007  8.504033e-008  1.547528e-007  0.000000e+000  0.000000e+000  0.000000e+000  
0.000000e+000  0.000000e+000  0.000000e+000  0.000000e+000  0.000000e+000  0.000000e+000  0.000000e+000  0.000000e+000  0.000000e+000  0.000000e+000  0.000000e+000  0.000000e+000  0.000000e+000  0.000000e+000  0.000000e+000  0.000000e+000  0.000000e+000  
0.000000e+000  0.000000e+000  0.000000e+000  0.000000e+000  0.000000e+000  0.000000e+000  0.000000e+000  0.000000e+000  0.000000e+000  0.000000e+000  0.000000e+000  0.000000e+000  0.000000e+000  0.000000e+000  0.000000e+000  0.000000e+000  0.000000e+000  

