Port monitor named: Port2_h2.prt

nx        = 17
ny        = 16
nz        = 3

nu        = 17
nv        = 16
iu        = 1
iv        = 1

idir      = 2
dcut      = -5.000000e-002
icut      = 1
type      = 1
frequency = 7.500000e+009

fcutoff   = 8.327958e+009
alpha     = 7.579969e+001
beta      = 0.000000e+000
accuracy  = 8.760023e-012

type          = TE
wave imp.     = 7.812383e+002
wave imp.sig. = 1.956049e-005
line imp.     = 0.000000e+000

ref. port     = 0

0.000000e+000  0.000000e+000  0.000000e+000  0.000000e+000  0.000000e+000  0.000000e+000  0.000000e+000  0.000000e+000  0.000000e+000  0.000000e+000  0.000000e+000  0.000000e+000  0.000000e+000  0.000000e+000  0.000000e+000  0.000000e+000  0.000000e+000  
0.000000e+000  0.000000e+000  0.000000e+000  0.000000e+000  0.000000e+000  0.000000e+000  0.000000e+000  0.000000e+000  0.000000e+000  0.000000e+000  0.000000e+000  0.000000e+000  0.000000e+000  0.000000e+000  0.000000e+000  0.000000e+000  0.000000e+000  
0.000000e+000  0.000000e+000  0.000000e+000  0.000000e+000  0.000000e+000  0.000000e+000  0.000000e+000  0.000000e+000  0.000000e+000  0.000000e+000  0.000000e+000  0.000000e+000  0.000000e+000  0.000000e+000  0.000000e+000  0.000000e+000  0.000000e+000  
0.000000e+000  0.000000e+000  0.000000e+000  0.000000e+000  0.000000e+000  0.000000e+000  0.000000e+000  0.000000e+000  0.000000e+000  0.000000e+000  0.000000e+000  0.000000e+000  0.000000e+000  0.000000e+000  0.000000e+000  0.000000e+000  0.000000e+000  
0.000000e+000  0.000000e+000  0.000000e+000  0.000000e+000  0.000000e+000  0.000000e+000  0.000000e+000  0.000000e+000  0.000000e+000  0.000000e+000  0.000000e+000  0.000000e+000  0.000000e+000  0.000000e+000  0.000000e+000  0.000000e+000  0.000000e+000  
0.000000e+000  0.000000e+000  0.000000e+000  0.000000e+000  0.000000e+000  0.000000e+000  0.000000e+000  0.000000e+000  0.000000e+000  0.000000e+000  0.000000e+000  0.000000e+000  0.000000e+000  0.000000e+000  0.000000e+000  0.000000e+000  0.000000e+000  
0.000000e+000  0.000000e+000  0.000000e+000  0.000000e+000  0.000000e+000  0.000000e+000  0.000000e+000  0.000000e+000  0.000000e+000  0.000000e+000  0.000000e+000  0.000000e+000  0.000000e+000  0.000000e+000  0.000000e+000  0.000000e+000  0.000000e+000  
0.000000e+000  0.000000e+000  0.000000e+000  0.000000e+000  0.000000e+000  0.000000e+000  0.000000e+000  0.000000e+000  0.000000e+000  0.000000e+000  0.000000e+000  0.000000e+000  0.000000e+000  0.000000e+000  0.000000e+000  0.000000e+000  0.000000e+000  
0.000000e+000  0.000000e+000  0.000000e+000  0.000000e+000  0.000000e+000  0.000000e+000  0.000000e+000  0.000000e+000  0.000000e+000  0.000000e+000  0.000000e+000  0.000000e+000  0.000000e+000  0.000000e+000  0.000000e+000  0.000000e+000  0.000000e+000  
0.000000e+000  0.000000e+000  0.000000e+000  0.000000e+000  0.000000e+000  0.000000e+000  0.000000e+000  0.000000e+000  0.000000e+000  0.000000e+000  0.000000e+000  0.000000e+000  0.000000e+000  0.000000e+000  0.000000e+000  0.000000e+000  0.000000e+000  
0.000000e+000  0.000000e+000  0.000000e+000  0.000000e+000  0.000000e+000  0.000000e+000  0.000000e+000  0.000000e+000  0.000000e+000  0.000000e+000  0.000000e+000  0.000000e+000  0.000000e+000  0.000000e+000  0.000000e+000  0.000000e+000  0.000000e+000  
0.000000e+000  0.000000e+000  0.000000e+000  0.000000e+000  0.000000e+000  0.000000e+000  0.000000e+000  0.000000e+000  0.000000e+000  0.000000e+000  0.000000e+000  0.000000e+000  0.000000e+000  0.000000e+000  0.000000e+000  0.000000e+000  0.000000e+000  
0.000000e+000  0.000000e+000  0.000000e+000  0.000000e+000  0.000000e+000  0.000000e+000  0.000000e+000  0.000000e+000  0.000000e+000  0.000000e+000  0.000000e+000  0.000000e+000  0.000000e+000  0.000000e+000  0.000000e+000  0.000000e+000  0.000000e+000  
0.000000e+000  0.000000e+000  0.000000e+000  0.000000e+000  0.000000e+000  0.000000e+000  0.000000e+000  0.000000e+000  0.000000e+000  0.000000e+000  0.000000e+000  0.000000e+000  0.000000e+000  0.000000e+000  0.000000e+000  0.000000e+000  0.000000e+000  
0.000000e+000  0.000000e+000  0.000000e+000  0.000000e+000  0.000000e+000  0.000000e+000  0.000000e+000  0.000000e+000  0.000000e+000  0.000000e+000  0.000000e+000  0.000000e+000  0.000000e+000  0.000000e+000  0.000000e+000  0.000000e+000  0.000000e+000  
0.000000e+000  0.000000e+000  0.000000e+000  0.000000e+000  0.000000e+000  0.000000e+000  0.000000e+000  0.000000e+000  0.000000e+000  0.000000e+000  0.000000e+000  0.000000e+000  0.000000e+000  0.000000e+000  0.000000e+000  0.000000e+000  0.000000e+000  

0.000000e+000  0.000000e+000  0.000000e+000  0.000000e+000  0.000000e+000  0.000000e+000  0.000000e+000  0.000000e+000  0.000000e+000  0.000000e+000  0.000000e+000  0.000000e+000  0.000000e+000  0.000000e+000  0.000000e+000  0.000000e+000  0.000000e+000  
0.000000e+000  0.000000e+000  0.000000e+000  0.000000e+000  0.000000e+000  0.000000e+000  0.000000e+000  0.000000e+000  0.000000e+000  0.000000e+000  0.000000e+000  0.000000e+000  0.000000e+000  0.000000e+000  0.000000e+000  0.000000e+000  0.000000e+000  
0.000000e+000  0.000000e+000  0.000000e+000  0.000000e+000  0.000000e+000  0.000000e+000  0.000000e+000  0.000000e+000  0.000000e+000  0.000000e+000  0.000000e+000  0.000000e+000  0.000000e+000  0.000000e+000  0.000000e+000  0.000000e+000  0.000000e+000  
0.000000e+000  0.000000e+000  0.000000e+000  0.000000e+000  0.000000e+000  0.000000e+000  0.000000e+000  0.000000e+000  0.000000e+000  0.000000e+000  0.000000e+000  0.000000e+000  0.000000e+000  0.000000e+000  0.000000e+000  0.000000e+000  0.000000e+000  
0.000000e+000  0.000000e+000  0.000000e+000  0.000000e+000  0.000000e+000  0.000000e+000  0.000000e+000  0.000000e+000  0.000000e+000  0.000000e+000  0.000000e+000  0.000000e+000  0.000000e+000  0.000000e+000  0.000000e+000  0.000000e+000  0.000000e+000  
0.000000e+000  0.000000e+000  0.000000e+000  0.000000e+000  0.000000e+000  0.000000e+000  0.000000e+000  0.000000e+000  0.000000e+000  0.000000e+000  0.000000e+000  0.000000e+000  0.000000e+000  0.000000e+000  0.000000e+000  0.000000e+000  0.000000e+000  
0.000000e+000  0.000000e+000  0.000000e+000  0.000000e+000  0.000000e+000  0.000000e+000  0.000000e+000  0.000000e+000  0.000000e+000  0.000000e+000  0.000000e+000  0.000000e+000  0.000000e+000  0.000000e+000  0.000000e+000  0.000000e+000  0.000000e+000  
0.000000e+000  0.000000e+000  0.000000e+000  0.000000e+000  0.000000e+000  0.000000e+000  0.000000e+000  0.000000e+000  0.000000e+000  0.000000e+000  0.000000e+000  0.000000e+000  0.000000e+000  0.000000e+000  0.000000e+000  0.000000e+000  0.000000e+000  
0.000000e+000  0.000000e+000  0.000000e+000  0.000000e+000  0.000000e+000  0.000000e+000  0.000000e+000  0.000000e+000  0.000000e+000  0.000000e+000  0.000000e+000  0.000000e+000  0.000000e+000  0.000000e+000  0.000000e+000  0.000000e+000  0.000000e+000  
0.000000e+000  0.000000e+000  0.000000e+000  0.000000e+000  0.000000e+000  0.000000e+000  0.000000e+000  0.000000e+000  0.000000e+000  0.000000e+000  0.000000e+000  0.000000e+000  0.000000e+000  0.000000e+000  0.000000e+000  0.000000e+000  0.000000e+000  
0.000000e+000  0.000000e+000  0.000000e+000  0.000000e+000  0.000000e+000  0.000000e+000  0.000000e+000  0.000000e+000  0.000000e+000  0.000000e+000  0.000000e+000  0.000000e+000  0.000000e+000  0.000000e+000  0.000000e+000  0.000000e+000  0.000000e+000  
0.000000e+000  0.000000e+000  0.000000e+000  0.000000e+000  0.000000e+000  0.000000e+000  0.000000e+000  0.000000e+000  0.000000e+000  0.000000e+000  0.000000e+000  0.000000e+000  0.000000e+000  0.000000e+000  0.000000e+000  0.000000e+000  0.000000e+000  
0.000000e+000  0.000000e+000  0.000000e+000  0.000000e+000  0.000000e+000  0.000000e+000  0.000000e+000  0.000000e+000  0.000000e+000  0.000000e+000  0.000000e+000  0.000000e+000  0.000000e+000  0.000000e+000  0.000000e+000  0.000000e+000  0.000000e+000  
0.000000e+000  0.000000e+000  0.000000e+000  0.000000e+000  0.000000e+000  0.000000e+000  0.000000e+000  0.000000e+000  0.000000e+000  0.000000e+000  0.000000e+000  0.000000e+000  0.000000e+000  0.000000e+000  0.000000e+000  0.000000e+000  0.000000e+000  
0.000000e+000  0.000000e+000  0.000000e+000  0.000000e+000  0.000000e+000  0.000000e+000  0.000000e+000  0.000000e+000  0.000000e+000  0.000000e+000  0.000000e+000  0.000000e+000  0.000000e+000  0.000000e+000  0.000000e+000  0.000000e+000  0.000000e+000  
0.000000e+000  0.000000e+000  0.000000e+000  0.000000e+000  0.000000e+000  0.000000e+000  0.000000e+000  0.000000e+000  0.000000e+000  0.000000e+000  0.000000e+000  0.000000e+000  0.000000e+000  0.000000e+000  0.000000e+000  0.000000e+000  0.000000e+000  

0.000000e+000  0.000000e+000  0.000000e+000  0.000000e+000  0.000000e+000  0.000000e+000  0.000000e+000  0.000000e+000  0.000000e+000  0.000000e+000  0.000000e+000  0.000000e+000  0.000000e+000  0.000000e+000  0.000000e+000  0.000000e+000  0.000000e+000  
0.000000e+000  0.000000e+000  0.000000e+000  0.000000e+000  0.000000e+000  0.000000e+000  0.000000e+000  0.000000e+000  0.000000e+000  0.000000e+000  0.000000e+000  0.000000e+000  0.000000e+000  0.000000e+000  0.000000e+000  0.000000e+000  0.000000e+000  
0.000000e+000  0.000000e+000  0.000000e+000  0.000000e+000  0.000000e+000  0.000000e+000  0.000000e+000  0.000000e+000  0.000000e+000  0.000000e+000  0.000000e+000  0.000000e+000  0.000000e+000  0.000000e+000  0.000000e+000  0.000000e+000  0.000000e+000  
0.000000e+000  0.000000e+000  0.000000e+000  0.000000e+000  0.000000e+000  0.000000e+000  0.000000e+000  0.000000e+000  0.000000e+000  0.000000e+000  0.000000e+000  0.000000e+000  0.000000e+000  0.000000e+000  0.000000e+000  0.000000e+000  0.000000e+000  
0.000000e+000  0.000000e+000  0.000000e+000  0.000000e+000  0.000000e+000  0.000000e+000  0.000000e+000  0.000000e+000  0.000000e+000  0.000000e+000  0.000000e+000  0.000000e+000  0.000000e+000  0.000000e+000  0.000000e+000  0.000000e+000  0.000000e+000  
0.000000e+000  0.000000e+000  0.000000e+000  0.000000e+000  0.000000e+000  0.000000e+000  0.000000e+000  0.000000e+000  0.000000e+000  0.000000e+000  0.000000e+000  0.000000e+000  0.000000e+000  0.000000e+000  0.000000e+000  0.000000e+000  0.000000e+000  
0.000000e+000  0.000000e+000  0.000000e+000  0.000000e+000  0.000000e+000  0.000000e+000  0.000000e+000  0.000000e+000  0.000000e+000  0.000000e+000  0.000000e+000  0.000000e+000  0.000000e+000  0.000000e+000  0.000000e+000  0.000000e+000  0.000000e+000  
0.000000e+000  0.000000e+000  0.000000e+000  0.000000e+000  0.000000e+000  0.000000e+000  0.000000e+000  0.000000e+000  0.000000e+000  0.000000e+000  0.000000e+000  0.000000e+000  0.000000e+000  0.000000e+000  0.000000e+000  0.000000e+000  0.000000e+000  
0.000000e+000  0.000000e+000  0.000000e+000  0.000000e+000  0.000000e+000  0.000000e+000  0.000000e+000  0.000000e+000  0.000000e+000  0.000000e+000  0.000000e+000  0.000000e+000  0.000000e+000  0.000000e+000  0.000000e+000  0.000000e+000  0.000000e+000  
0.000000e+000  0.000000e+000  0.000000e+000  0.000000e+000  0.000000e+000  0.000000e+000  0.000000e+000  0.000000e+000  0.000000e+000  0.000000e+000  0.000000e+000  0.000000e+000  0.000000e+000  0.000000e+000  0.000000e+000  0.000000e+000  0.000000e+000  
0.000000e+000  0.000000e+000  0.000000e+000  0.000000e+000  0.000000e+000  0.000000e+000  0.000000e+000  0.000000e+000  0.000000e+000  0.000000e+000  0.000000e+000  0.000000e+000  0.000000e+000  0.000000e+000  0.000000e+000  0.000000e+000  0.000000e+000  
0.000000e+000  0.000000e+000  0.000000e+000  0.000000e+000  0.000000e+000  0.000000e+000  0.000000e+000  0.000000e+000  0.000000e+000  0.000000e+000  0.000000e+000  0.000000e+000  0.000000e+000  0.000000e+000  0.000000e+000  0.000000e+000  0.000000e+000  
0.000000e+000  0.000000e+000  0.000000e+000  0.000000e+000  0.000000e+000  0.000000e+000  0.000000e+000  0.000000e+000  0.000000e+000  0.000000e+000  0.000000e+000  0.000000e+000  0.000000e+000  0.000000e+000  0.000000e+000  0.000000e+000  0.000000e+000  
0.000000e+000  0.000000e+000  0.000000e+000  0.000000e+000  0.000000e+000  0.000000e+000  0.000000e+000  0.000000e+000  0.000000e+000  0.000000e+000  0.000000e+000  0.000000e+000  0.000000e+000  0.000000e+000  0.000000e+000  0.000000e+000  0.000000e+000  
0.000000e+000  0.000000e+000  0.000000e+000  0.000000e+000  0.000000e+000  0.000000e+000  0.000000e+000  0.000000e+000  0.000000e+000  0.000000e+000  0.000000e+000  0.000000e+000  0.000000e+000  0.000000e+000  0.000000e+000  0.000000e+000  0.000000e+000  
0.000000e+000  0.000000e+000  0.000000e+000  0.000000e+000  0.000000e+000  0.000000e+000  0.000000e+000  0.000000e+000  0.000000e+000  0.000000e+000  0.000000e+000  0.000000e+000  0.000000e+000  0.000000e+000  0.000000e+000  0.000000e+000  0.000000e+000  

0.000000e+000  0.000000e+000  0.000000e+000  0.000000e+000  0.000000e+000  0.000000e+000  0.000000e+000  0.000000e+000  0.000000e+000  0.000000e+000  0.000000e+000  0.000000e+000  0.000000e+000  0.000000e+000  0.000000e+000  0.000000e+000  0.000000e+000  
0.000000e+000  0.000000e+000  -1.735428e-008  -3.253056e-008  -5.156670e-008  -2.785505e-008  -1.746421e-008  -9.220343e-009  0.000000e+000  8.997890e-009  1.720121e-008  2.751865e-008  5.146398e-008  3.194851e-008  1.747899e-008  0.000000e+000  0.000000e+000  
0.000000e+000  0.000000e+000  -1.379055e-008  -3.375603e-008  -4.674275e-008  -2.244862e-008  -1.687143e-008  -9.319696e-009  0.000000e+000  9.693983e-009  1.733113e-008  2.305516e-008  4.693247e-008  3.432062e-008  1.434894e-008  0.000000e+000  0.000000e+000  
0.000000e+000  0.000000e+000  -1.637475e-008  -2.743294e-008  -3.960178e-008  -9.871545e-009  -1.595986e-008  -9.376289e-009  0.000000e+000  9.308222e-009  1.544744e-008  9.540228e-009  3.966811e-008  2.678602e-008  1.544610e-008  0.000000e+000  0.000000e+000  
0.000000e+000  0.000000e+000  -1.314299e-008  -2.895646e-008  -4.962943e-008  -9.352555e-009  -1.822671e-008  -1.059022e-008  0.000000e+000  1.058302e-008  1.853000e-008  9.404880e-009  4.966299e-008  2.912554e-008  1.363068e-008  0.000000e+000  0.000000e+000  
0.000000e+000  0.000000e+000  -6.096051e-009  -1.013102e-008  -9.449886e-009  -8.187602e-008  -3.378654e-008  -1.346957e-008  0.000000e+000  1.345765e-008  3.369837e-008  8.202975e-008  9.374108e-009  1.017776e-008  5.632774e-009  0.000000e+000  0.000000e+000  
0.000000e+000  0.000000e+000  -3.165894e-009  -6.455032e-009  -1.041604e-008  -3.428602e-008  -1.951918e-008  -8.527487e-009  0.000000e+000  8.501198e-009  1.959838e-008  3.424841e-008  1.049772e-008  6.780578e-009  3.212261e-009  0.000000e+000  0.000000e+000  
0.000000e+000  0.000000e+000  0.000000e+000  -1.650410e-010  -1.224748e-010  -5.024550e-011  -1.757382e-010  -6.761197e-011  0.000000e+000  -1.677565e-010  0.000000e+000  -1.135359e-010  -1.863122e-010  0.000000e+000  0.000000e+000  0.000000e+000  0.000000e+000  
0.000000e+000  0.000000e+000  3.230882e-009  6.776082e-009  1.055141e-008  3.421513e-008  1.968779e-008  8.616892e-009  -9.224139e-011  -8.188971e-009  -1.962202e-008  -3.426300e-008  -1.056213e-008  -6.558553e-009  -3.199549e-009  0.000000e+000  0.000000e+000  
0.000000e+000  0.000000e+000  5.969118e-009  1.003748e-008  9.326439e-009  8.206429e-008  3.374890e-008  1.340644e-008  9.224139e-011  -1.358563e-008  -3.372399e-008  -8.182608e-008  -9.291613e-009  -1.021671e-008  -5.778805e-009  0.000000e+000  0.000000e+000  
0.000000e+000  0.000000e+000  1.336691e-008  2.917699e-008  4.948566e-008  9.209356e-009  1.833300e-008  1.060372e-008  0.000000e+000  -1.058888e-008  -1.820711e-008  -9.349635e-009  -4.952346e-008  -2.936543e-008  -1.314313e-008  0.000000e+000  0.000000e+000  
0.000000e+000  0.000000e+000  1.616990e-008  2.759529e-008  4.027287e-008  1.029162e-008  1.580633e-008  9.508365e-009  -1.443004e-010  -9.311753e-009  -1.594347e-008  -1.031833e-008  -4.007922e-008  -2.741461e-008  -1.658213e-008  0.000000e+000  0.000000e+000  
0.000000e+000  0.000000e+000  1.400313e-008  3.249002e-008  4.666397e-008  2.171811e-008  1.652492e-008  9.118359e-009  1.443004e-010  -9.772487e-009  -1.687134e-008  -2.233978e-008  -4.638714e-008  -3.300826e-008  -1.424791e-008  0.000000e+000  0.000000e+000  
0.000000e+000  0.000000e+000  1.718788e-008  3.314233e-008  5.142305e-008  2.827578e-008  1.784073e-008  9.323425e-009  0.000000e+000  -8.946679e-009  -1.755270e-008  -2.771257e-008  -5.153026e-008  -3.273696e-008  -1.711661e-008  0.000000e+000  0.000000e+000  
0.000000e+000  0.000000e+000  0.000000e+000  0.000000e+000  0.000000e+000  0.000000e+000  0.000000e+000  0.000000e+000  0.000000e+000  0.000000e+000  0.000000e+000  0.000000e+000  0.000000e+000  0.000000e+000  0.000000e+000  0.000000e+000  0.000000e+000  
0.000000e+000  0.000000e+000  0.000000e+000  0.000000e+000  0.000000e+000  0.000000e+000  0.000000e+000  0.000000e+000  0.000000e+000  0.000000e+000  0.000000e+000  0.000000e+000  0.000000e+000  0.000000e+000  0.000000e+000  0.000000e+000  0.000000e+000  

0.000000e+000  0.000000e+000  0.000000e+000  0.000000e+000  0.000000e+000  0.000000e+000  0.000000e+000  0.000000e+000  0.000000e+000  0.000000e+000  0.000000e+000  0.000000e+000  0.000000e+000  0.000000e+000  0.000000e+000  0.000000e+000  0.000000e+000  
0.000000e+000  0.000000e+000  0.000000e+000  0.000000e+000  0.000000e+000  0.000000e+000  0.000000e+000  0.000000e+000  0.000000e+000  0.000000e+000  0.000000e+000  0.000000e+000  0.000000e+000  0.000000e+000  0.000000e+000  0.000000e+000  0.000000e+000  
0.000000e+000  -4.417781e-001  -4.417781e-001  -4.417781e-001  -4.417781e-001  -4.417781e-001  -4.417781e-001  -4.417781e-001  -4.417781e-001  -4.417781e-001  -4.417781e-001  -4.417781e-001  -4.417781e-001  -4.417781e-001  -4.417781e-001  0.000000e+000  0.000000e+000  
0.000000e+000  -8.713115e-001  -8.713115e-001  -8.713115e-001  -8.713115e-001  -8.713115e-001  -8.713115e-001  -8.713115e-001  -8.713115e-001  -8.713115e-001  -8.713115e-001  -8.713115e-001  -8.713115e-001  -8.713115e-001  -8.713115e-001  0.000000e+000  0.000000e+000  
0.000000e+000  -1.276695e+000  -1.276695e+000  -1.276695e+000  -1.276695e+000  -1.276695e+000  -1.276695e+000  -1.276695e+000  -1.276695e+000  -1.276695e+000  -1.276695e+000  -1.276695e+000  -1.276695e+000  -1.276695e+000  -1.276695e+000  0.000000e+000  0.000000e+000  
0.000000e+000  -1.877243e+000  -1.877243e+000  -1.877243e+000  -1.877243e+000  -1.877243e+000  -1.877243e+000  -1.877243e+000  -1.877243e+000  -1.877243e+000  -1.877243e+000  -1.877243e+000  -1.877243e+000  -1.877243e+000  -1.877243e+000  0.000000e+000  0.000000e+000  
0.000000e+000  -2.380907e+000  -2.380907e+000  -2.380907e+000  -2.380907e+000  -2.380907e+000  -2.380907e+000  -2.380907e+000  -2.380907e+000  -2.380907e+000  -2.380907e+000  -2.380907e+000  -2.380907e+000  -2.380907e+000  -2.380907e+000  0.000000e+000  0.000000e+000  
0.000000e+000  -2.646021e+000  -2.646021e+000  -2.646021e+000  -2.646021e+000  -2.646021e+000  -2.646021e+000  -2.646021e+000  -2.646021e+000  -2.646021e+000  -2.646021e+000  -2.646021e+000  -2.646021e+000  -2.646021e+000  -2.646021e+000  0.000000e+000  0.000000e+000  
0.000000e+000  -2.646021e+000  -2.646021e+000  -2.646021e+000  -2.646021e+000  -2.646021e+000  -2.646021e+000  -2.646021e+000  -2.646021e+000  -2.646021e+000  -2.646021e+000  -2.646021e+000  -2.646021e+000  -2.646021e+000  -2.646021e+000  0.000000e+000  0.000000e+000  
0.000000e+000  -2.380907e+000  -2.380907e+000  -2.380907e+000  -2.380907e+000  -2.380907e+000  -2.380907e+000  -2.380907e+000  -2.380907e+000  -2.380907e+000  -2.380907e+000  -2.380907e+000  -2.380907e+000  -2.380907e+000  -2.380907e+000  0.000000e+000  0.000000e+000  
0.000000e+000  -1.877243e+000  -1.877243e+000  -1.877243e+000  -1.877243e+000  -1.877243e+000  -1.877243e+000  -1.877243e+000  -1.877243e+000  -1.877243e+000  -1.877243e+000  -1.877243e+000  -1.877243e+000  -1.877243e+000  -1.877243e+000  0.000000e+000  0.000000e+000  
0.000000e+000  -1.276695e+000  -1.276695e+000  -1.276695e+000  -1.276695e+000  -1.276695e+000  -1.276695e+000  -1.276695e+000  -1.276695e+000  -1.276695e+000  -1.276695e+000  -1.276695e+000  -1.276695e+000  -1.276695e+000  -1.276695e+000  0.000000e+000  0.000000e+000  
0.000000e+000  -8.713115e-001  -8.713115e-001  -8.713115e-001  -8.713115e-001  -8.713115e-001  -8.713115e-001  -8.713115e-001  -8.713115e-001  -8.713115e-001  -8.713115e-001  -8.713115e-001  -8.713115e-001  -8.713115e-001  -8.713115e-001  0.000000e+000  0.000000e+000  
0.000000e+000  -4.417781e-001  -4.417781e-001  -4.417781e-001  -4.417781e-001  -4.417781e-001  -4.417781e-001  -4.417781e-001  -4.417781e-001  -4.417781e-001  -4.417781e-001  -4.417781e-001  -4.417781e-001  -4.417781e-001  -4.417781e-001  0.000000e+000  0.000000e+000  
0.000000e+000  0.000000e+000  0.000000e+000  0.000000e+000  0.000000e+000  0.000000e+000  0.000000e+000  0.000000e+000  0.000000e+000  0.000000e+000  0.000000e+000  0.000000e+000  0.000000e+000  0.000000e+000  0.000000e+000  0.000000e+000  0.000000e+000  
0.000000e+000  0.000000e+000  0.000000e+000  0.000000e+000  0.000000e+000  0.000000e+000  0.000000e+000  0.000000e+000  0.000000e+000  0.000000e+000  0.000000e+000  0.000000e+000  0.000000e+000  0.000000e+000  0.000000e+000  0.000000e+000  0.000000e+000  

0.000000e+000  0.000000e+000  0.000000e+000  0.000000e+000  0.000000e+000  0.000000e+000  0.000000e+000  0.000000e+000  0.000000e+000  0.000000e+000  0.000000e+000  0.000000e+000  0.000000e+000  0.000000e+000  0.000000e+000  0.000000e+000  0.000000e+000  
0.000000e+000  -6.107121e+000  -6.107121e+000  -6.107121e+000  -6.107121e+000  -6.107121e+000  -6.107121e+000  -6.107121e+000  -6.107121e+000  -6.107121e+000  -6.107121e+000  -6.107121e+000  -6.107121e+000  -6.107121e+000  -6.107121e+000  0.000000e+000  0.000000e+000  
0.000000e+000  -5.937850e+000  -5.937850e+000  -5.937850e+000  -5.937850e+000  -5.937850e+000  -5.937850e+000  -5.937850e+000  -5.937850e+000  -5.937850e+000  -5.937850e+000  -5.937850e+000  -5.937850e+000  -5.937850e+000  -5.937850e+000  0.000000e+000  0.000000e+000  
0.000000e+000  -5.604001e+000  -5.604001e+000  -5.604001e+000  -5.604001e+000  -5.604001e+000  -5.604001e+000  -5.604001e+000  -5.604001e+000  -5.604001e+000  -5.604001e+000  -5.604001e+000  -5.604001e+000  -5.604001e+000  -5.604001e+000  0.000000e+000  0.000000e+000  
0.000000e+000  -4.949128e+000  -4.949128e+000  -4.949128e+000  -4.949128e+000  -4.949128e+000  -4.949128e+000  -4.949128e+000  -4.949128e+000  -4.949128e+000  -4.949128e+000  -4.949128e+000  -4.949128e+000  -4.949128e+000  -4.949128e+000  0.000000e+000  0.000000e+000  
0.000000e+000  -3.662070e+000  -3.662070e+000  -3.662070e+000  -3.662070e+000  -3.662070e+000  -3.662070e+000  -3.662070e+000  -3.662070e+000  -3.662070e+000  -3.662070e+000  -3.662070e+000  -3.662070e+000  -3.662070e+000  -3.662070e+000  0.000000e+000  0.000000e+000  
0.000000e+000  -1.927601e+000  -1.927601e+000  -1.927601e+000  -1.927601e+000  -1.927601e+000  -1.927601e+000  -1.927601e+000  -1.927601e+000  -1.927601e+000  -1.927601e+000  -1.927601e+000  -1.927601e+000  -1.927601e+000  -1.927601e+000  0.000000e+000  0.000000e+000  
0.000000e+000  0.000000e+000  0.000000e+000  0.000000e+000  0.000000e+000  0.000000e+000  0.000000e+000  0.000000e+000  0.000000e+000  0.000000e+000  0.000000e+000  0.000000e+000  0.000000e+000  0.000000e+000  0.000000e+000  0.000000e+000  0.000000e+000  
0.000000e+000  1.927601e+000  1.927601e+000  1.927601e+000  1.927601e+000  1.927601e+000  1.927601e+000  1.927601e+000  1.927601e+000  1.927601e+000  1.927601e+000  1.927601e+000  1.927601e+000  1.927601e+000  1.927601e+000  0.000000e+000  0.000000e+000  
0.000000e+000  3.662070e+000  3.662070e+000  3.662070e+000  3.662070e+000  3.662070e+000  3.662070e+000  3.662070e+000  3.662070e+000  3.662070e+000  3.662070e+000  3.662070e+000  3.662070e+000  3.662070e+000  3.662070e+000  0.000000e+000  0.000000e+000  
0.000000e+000  4.949128e+000  4.949128e+000  4.949128e+000  4.949128e+000  4.949128e+000  4.949128e+000  4.949128e+000  4.949128e+000  4.949128e+000  4.949128e+000  4.949128e+000  4.949128e+000  4.949128e+000  4.949128e+000  0.000000e+000  0.000000e+000  
0.000000e+000  5.604001e+000  5.604001e+000  5.604001e+000  5.604001e+000  5.604001e+000  5.604001e+000  5.604001e+000  5.604001e+000  5.604001e+000  5.604001e+000  5.604001e+000  5.604001e+000  5.604001e+000  5.604001e+000  0.000000e+000  0.000000e+000  
0.000000e+000  5.937850e+000  5.937850e+000  5.937850e+000  5.937850e+000  5.937850e+000  5.937850e+000  5.937850e+000  5.937850e+000  5.937850e+000  5.937850e+000  5.937850e+000  5.937850e+000  5.937850e+000  5.937850e+000  0.000000e+000  0.000000e+000  
0.000000e+000  6.107121e+000  6.107121e+000  6.107121e+000  6.107121e+000  6.107121e+000  6.107121e+000  6.107121e+000  6.107121e+000  6.107121e+000  6.107121e+000  6.107121e+000  6.107121e+000  6.107121e+000  6.107121e+000  0.000000e+000  0.000000e+000  
0.000000e+000  0.000000e+000  0.000000e+000  0.000000e+000  0.000000e+000  0.000000e+000  0.000000e+000  0.000000e+000  0.000000e+000  0.000000e+000  0.000000e+000  0.000000e+000  0.000000e+000  0.000000e+000  0.000000e+000  0.000000e+000  0.000000e+000  
0.000000e+000  0.000000e+000  0.000000e+000  0.000000e+000  0.000000e+000  0.000000e+000  0.000000e+000  0.000000e+000  0.000000e+000  0.000000e+000  0.000000e+000  0.000000e+000  0.000000e+000  0.000000e+000  0.000000e+000  0.000000e+000  0.000000e+000  

