Port monitor named: Port1_h2.prt

nx        = 17
ny        = 16
nz        = 3

nu        = 17
nv        = 16
iu        = 1
iv        = 1

idir      = 2
dcut      = 5.000000e-002
icut      = 3
type      = 1
frequency = 7.500000e+009

fcutoff   = 8.327958e+009
alpha     = 7.579969e+001
beta      = 0.000000e+000
accuracy  = 8.759647e-012

type          = TE
wave imp.     = 7.812383e+002
wave imp.sig. = 1.956048e-005
line imp.     = 0.000000e+000

ref. port     = 0

0.000000e+000  0.000000e+000  0.000000e+000  0.000000e+000  0.000000e+000  0.000000e+000  0.000000e+000  0.000000e+000  0.000000e+000  0.000000e+000  0.000000e+000  0.000000e+000  0.000000e+000  0.000000e+000  0.000000e+000  0.000000e+000  0.000000e+000  
0.000000e+000  0.000000e+000  0.000000e+000  0.000000e+000  0.000000e+000  0.000000e+000  0.000000e+000  0.000000e+000  0.000000e+000  0.000000e+000  0.000000e+000  0.000000e+000  0.000000e+000  0.000000e+000  0.000000e+000  0.000000e+000  0.000000e+000  
0.000000e+000  0.000000e+000  0.000000e+000  0.000000e+000  0.000000e+000  0.000000e+000  0.000000e+000  0.000000e+000  0.000000e+000  0.000000e+000  0.000000e+000  0.000000e+000  0.000000e+000  0.000000e+000  0.000000e+000  0.000000e+000  0.000000e+000  
0.000000e+000  0.000000e+000  0.000000e+000  0.000000e+000  0.000000e+000  0.000000e+000  0.000000e+000  0.000000e+000  0.000000e+000  0.000000e+000  0.000000e+000  0.000000e+000  0.000000e+000  0.000000e+000  0.000000e+000  0.000000e+000  0.000000e+000  
0.000000e+000  0.000000e+000  0.000000e+000  0.000000e+000  0.000000e+000  0.000000e+000  0.000000e+000  0.000000e+000  0.000000e+000  0.000000e+000  0.000000e+000  0.000000e+000  0.000000e+000  0.000000e+000  0.000000e+000  0.000000e+000  0.000000e+000  
0.000000e+000  0.000000e+000  0.000000e+000  0.000000e+000  0.000000e+000  0.000000e+000  0.000000e+000  0.000000e+000  0.000000e+000  0.000000e+000  0.000000e+000  0.000000e+000  0.000000e+000  0.000000e+000  0.000000e+000  0.000000e+000  0.000000e+000  
0.000000e+000  0.000000e+000  0.000000e+000  0.000000e+000  0.000000e+000  0.000000e+000  0.000000e+000  0.000000e+000  0.000000e+000  0.000000e+000  0.000000e+000  0.000000e+000  0.000000e+000  0.000000e+000  0.000000e+000  0.000000e+000  0.000000e+000  
0.000000e+000  0.000000e+000  0.000000e+000  0.000000e+000  0.000000e+000  0.000000e+000  0.000000e+000  0.000000e+000  0.000000e+000  0.000000e+000  0.000000e+000  0.000000e+000  0.000000e+000  0.000000e+000  0.000000e+000  0.000000e+000  0.000000e+000  
0.000000e+000  0.000000e+000  0.000000e+000  0.000000e+000  0.000000e+000  0.000000e+000  0.000000e+000  0.000000e+000  0.000000e+000  0.000000e+000  0.000000e+000  0.000000e+000  0.000000e+000  0.000000e+000  0.000000e+000  0.000000e+000  0.000000e+000  
0.000000e+000  0.000000e+000  0.000000e+000  0.000000e+000  0.000000e+000  0.000000e+000  0.000000e+000  0.000000e+000  0.000000e+000  0.000000e+000  0.000000e+000  0.000000e+000  0.000000e+000  0.000000e+000  0.000000e+000  0.000000e+000  0.000000e+000  
0.000000e+000  0.000000e+000  0.000000e+000  0.000000e+000  0.000000e+000  0.000000e+000  0.000000e+000  0.000000e+000  0.000000e+000  0.000000e+000  0.000000e+000  0.000000e+000  0.000000e+000  0.000000e+000  0.000000e+000  0.000000e+000  0.000000e+000  
0.000000e+000  0.000000e+000  0.000000e+000  0.000000e+000  0.000000e+000  0.000000e+000  0.000000e+000  0.000000e+000  0.000000e+000  0.000000e+000  0.000000e+000  0.000000e+000  0.000000e+000  0.000000e+000  0.000000e+000  0.000000e+000  0.000000e+000  
0.000000e+000  0.000000e+000  0.000000e+000  0.000000e+000  0.000000e+000  0.000000e+000  0.000000e+000  0.000000e+000  0.000000e+000  0.000000e+000  0.000000e+000  0.000000e+000  0.000000e+000  0.000000e+000  0.000000e+000  0.000000e+000  0.000000e+000  
0.000000e+000  0.000000e+000  0.000000e+000  0.000000e+000  0.000000e+000  0.000000e+000  0.000000e+000  0.000000e+000  0.000000e+000  0.000000e+000  0.000000e+000  0.000000e+000  0.000000e+000  0.000000e+000  0.000000e+000  0.000000e+000  0.000000e+000  
0.000000e+000  0.000000e+000  0.000000e+000  0.000000e+000  0.000000e+000  0.000000e+000  0.000000e+000  0.000000e+000  0.000000e+000  0.000000e+000  0.000000e+000  0.000000e+000  0.000000e+000  0.000000e+000  0.000000e+000  0.000000e+000  0.000000e+000  
0.000000e+000  0.000000e+000  0.000000e+000  0.000000e+000  0.000000e+000  0.000000e+000  0.000000e+000  0.000000e+000  0.000000e+000  0.000000e+000  0.000000e+000  0.000000e+000  0.000000e+000  0.000000e+000  0.000000e+000  0.000000e+000  0.000000e+000  

0.000000e+000  0.000000e+000  0.000000e+000  0.000000e+000  0.000000e+000  0.000000e+000  0.000000e+000  0.000000e+000  0.000000e+000  0.000000e+000  0.000000e+000  0.000000e+000  0.000000e+000  0.000000e+000  0.000000e+000  0.000000e+000  0.000000e+000  
0.000000e+000  0.000000e+000  0.000000e+000  0.000000e+000  0.000000e+000  0.000000e+000  0.000000e+000  0.000000e+000  0.000000e+000  0.000000e+000  0.000000e+000  0.000000e+000  0.000000e+000  0.000000e+000  0.000000e+000  0.000000e+000  0.000000e+000  
0.000000e+000  0.000000e+000  0.000000e+000  0.000000e+000  0.000000e+000  0.000000e+000  0.000000e+000  0.000000e+000  0.000000e+000  0.000000e+000  0.000000e+000  0.000000e+000  0.000000e+000  0.000000e+000  0.000000e+000  0.000000e+000  0.000000e+000  
0.000000e+000  0.000000e+000  0.000000e+000  0.000000e+000  0.000000e+000  0.000000e+000  0.000000e+000  0.000000e+000  0.000000e+000  0.000000e+000  0.000000e+000  0.000000e+000  0.000000e+000  0.000000e+000  0.000000e+000  0.000000e+000  0.000000e+000  
0.000000e+000  0.000000e+000  0.000000e+000  0.000000e+000  0.000000e+000  0.000000e+000  0.000000e+000  0.000000e+000  0.000000e+000  0.000000e+000  0.000000e+000  0.000000e+000  0.000000e+000  0.000000e+000  0.000000e+000  0.000000e+000  0.000000e+000  
0.000000e+000  0.000000e+000  0.000000e+000  0.000000e+000  0.000000e+000  0.000000e+000  0.000000e+000  0.000000e+000  0.000000e+000  0.000000e+000  0.000000e+000  0.000000e+000  0.000000e+000  0.000000e+000  0.000000e+000  0.000000e+000  0.000000e+000  
0.000000e+000  0.000000e+000  0.000000e+000  0.000000e+000  0.000000e+000  0.000000e+000  0.000000e+000  0.000000e+000  0.000000e+000  0.000000e+000  0.000000e+000  0.000000e+000  0.000000e+000  0.000000e+000  0.000000e+000  0.000000e+000  0.000000e+000  
0.000000e+000  0.000000e+000  0.000000e+000  0.000000e+000  0.000000e+000  0.000000e+000  0.000000e+000  0.000000e+000  0.000000e+000  0.000000e+000  0.000000e+000  0.000000e+000  0.000000e+000  0.000000e+000  0.000000e+000  0.000000e+000  0.000000e+000  
0.000000e+000  0.000000e+000  0.000000e+000  0.000000e+000  0.000000e+000  0.000000e+000  0.000000e+000  0.000000e+000  0.000000e+000  0.000000e+000  0.000000e+000  0.000000e+000  0.000000e+000  0.000000e+000  0.000000e+000  0.000000e+000  0.000000e+000  
0.000000e+000  0.000000e+000  0.000000e+000  0.000000e+000  0.000000e+000  0.000000e+000  0.000000e+000  0.000000e+000  0.000000e+000  0.000000e+000  0.000000e+000  0.000000e+000  0.000000e+000  0.000000e+000  0.000000e+000  0.000000e+000  0.000000e+000  
0.000000e+000  0.000000e+000  0.000000e+000  0.000000e+000  0.000000e+000  0.000000e+000  0.000000e+000  0.000000e+000  0.000000e+000  0.000000e+000  0.000000e+000  0.000000e+000  0.000000e+000  0.000000e+000  0.000000e+000  0.000000e+000  0.000000e+000  
0.000000e+000  0.000000e+000  0.000000e+000  0.000000e+000  0.000000e+000  0.000000e+000  0.000000e+000  0.000000e+000  0.000000e+000  0.000000e+000  0.000000e+000  0.000000e+000  0.000000e+000  0.000000e+000  0.000000e+000  0.000000e+000  0.000000e+000  
0.000000e+000  0.000000e+000  0.000000e+000  0.000000e+000  0.000000e+000  0.000000e+000  0.000000e+000  0.000000e+000  0.000000e+000  0.000000e+000  0.000000e+000  0.000000e+000  0.000000e+000  0.000000e+000  0.000000e+000  0.000000e+000  0.000000e+000  
0.000000e+000  0.000000e+000  0.000000e+000  0.000000e+000  0.000000e+000  0.000000e+000  0.000000e+000  0.000000e+000  0.000000e+000  0.000000e+000  0.000000e+000  0.000000e+000  0.000000e+000  0.000000e+000  0.000000e+000  0.000000e+000  0.000000e+000  
0.000000e+000  0.000000e+000  0.000000e+000  0.000000e+000  0.000000e+000  0.000000e+000  0.000000e+000  0.000000e+000  0.000000e+000  0.000000e+000  0.000000e+000  0.000000e+000  0.000000e+000  0.000000e+000  0.000000e+000  0.000000e+000  0.000000e+000  
0.000000e+000  0.000000e+000  0.000000e+000  0.000000e+000  0.000000e+000  0.000000e+000  0.000000e+000  0.000000e+000  0.000000e+000  0.000000e+000  0.000000e+000  0.000000e+000  0.000000e+000  0.000000e+000  0.000000e+000  0.000000e+000  0.000000e+000  

0.000000e+000  0.000000e+000  0.000000e+000  0.000000e+000  0.000000e+000  0.000000e+000  0.000000e+000  0.000000e+000  0.000000e+000  0.000000e+000  0.000000e+000  0.000000e+000  0.000000e+000  0.000000e+000  0.000000e+000  0.000000e+000  0.000000e+000  
0.000000e+000  0.000000e+000  0.000000e+000  0.000000e+000  0.000000e+000  0.000000e+000  0.000000e+000  0.000000e+000  0.000000e+000  0.000000e+000  0.000000e+000  0.000000e+000  0.000000e+000  0.000000e+000  0.000000e+000  0.000000e+000  0.000000e+000  
0.000000e+000  0.000000e+000  0.000000e+000  0.000000e+000  0.000000e+000  0.000000e+000  0.000000e+000  0.000000e+000  0.000000e+000  0.000000e+000  0.000000e+000  0.000000e+000  0.000000e+000  0.000000e+000  0.000000e+000  0.000000e+000  0.000000e+000  
0.000000e+000  0.000000e+000  0.000000e+000  0.000000e+000  0.000000e+000  0.000000e+000  0.000000e+000  0.000000e+000  0.000000e+000  0.000000e+000  0.000000e+000  0.000000e+000  0.000000e+000  0.000000e+000  0.000000e+000  0.000000e+000  0.000000e+000  
0.000000e+000  0.000000e+000  0.000000e+000  0.000000e+000  0.000000e+000  0.000000e+000  0.000000e+000  0.000000e+000  0.000000e+000  0.000000e+000  0.000000e+000  0.000000e+000  0.000000e+000  0.000000e+000  0.000000e+000  0.000000e+000  0.000000e+000  
0.000000e+000  0.000000e+000  0.000000e+000  0.000000e+000  0.000000e+000  0.000000e+000  0.000000e+000  0.000000e+000  0.000000e+000  0.000000e+000  0.000000e+000  0.000000e+000  0.000000e+000  0.000000e+000  0.000000e+000  0.000000e+000  0.000000e+000  
0.000000e+000  0.000000e+000  0.000000e+000  0.000000e+000  0.000000e+000  0.000000e+000  0.000000e+000  0.000000e+000  0.000000e+000  0.000000e+000  0.000000e+000  0.000000e+000  0.000000e+000  0.000000e+000  0.000000e+000  0.000000e+000  0.000000e+000  
0.000000e+000  0.000000e+000  0.000000e+000  0.000000e+000  0.000000e+000  0.000000e+000  0.000000e+000  0.000000e+000  0.000000e+000  0.000000e+000  0.000000e+000  0.000000e+000  0.000000e+000  0.000000e+000  0.000000e+000  0.000000e+000  0.000000e+000  
0.000000e+000  0.000000e+000  0.000000e+000  0.000000e+000  0.000000e+000  0.000000e+000  0.000000e+000  0.000000e+000  0.000000e+000  0.000000e+000  0.000000e+000  0.000000e+000  0.000000e+000  0.000000e+000  0.000000e+000  0.000000e+000  0.000000e+000  
0.000000e+000  0.000000e+000  0.000000e+000  0.000000e+000  0.000000e+000  0.000000e+000  0.000000e+000  0.000000e+000  0.000000e+000  0.000000e+000  0.000000e+000  0.000000e+000  0.000000e+000  0.000000e+000  0.000000e+000  0.000000e+000  0.000000e+000  
0.000000e+000  0.000000e+000  0.000000e+000  0.000000e+000  0.000000e+000  0.000000e+000  0.000000e+000  0.000000e+000  0.000000e+000  0.000000e+000  0.000000e+000  0.000000e+000  0.000000e+000  0.000000e+000  0.000000e+000  0.000000e+000  0.000000e+000  
0.000000e+000  0.000000e+000  0.000000e+000  0.000000e+000  0.000000e+000  0.000000e+000  0.000000e+000  0.000000e+000  0.000000e+000  0.000000e+000  0.000000e+000  0.000000e+000  0.000000e+000  0.000000e+000  0.000000e+000  0.000000e+000  0.000000e+000  
0.000000e+000  0.000000e+000  0.000000e+000  0.000000e+000  0.000000e+000  0.000000e+000  0.000000e+000  0.000000e+000  0.000000e+000  0.000000e+000  0.000000e+000  0.000000e+000  0.000000e+000  0.000000e+000  0.000000e+000  0.000000e+000  0.000000e+000  
0.000000e+000  0.000000e+000  0.000000e+000  0.000000e+000  0.000000e+000  0.000000e+000  0.000000e+000  0.000000e+000  0.000000e+000  0.000000e+000  0.000000e+000  0.000000e+000  0.000000e+000  0.000000e+000  0.000000e+000  0.000000e+000  0.000000e+000  
0.000000e+000  0.000000e+000  0.000000e+000  0.000000e+000  0.000000e+000  0.000000e+000  0.000000e+000  0.000000e+000  0.000000e+000  0.000000e+000  0.000000e+000  0.000000e+000  0.000000e+000  0.000000e+000  0.000000e+000  0.000000e+000  0.000000e+000  
0.000000e+000  0.000000e+000  0.000000e+000  0.000000e+000  0.000000e+000  0.000000e+000  0.000000e+000  0.000000e+000  0.000000e+000  0.000000e+000  0.000000e+000  0.000000e+000  0.000000e+000  0.000000e+000  0.000000e+000  0.000000e+000  0.000000e+000  

-0.000000e+000  -0.000000e+000  -0.000000e+000  -0.000000e+000  -0.000000e+000  -0.000000e+000  -0.000000e+000  -0.000000e+000  -0.000000e+000  -0.000000e+000  -0.000000e+000  -0.000000e+000  -0.000000e+000  -0.000000e+000  -0.000000e+000  -0.000000e+000  -0.000000e+000  
-0.000000e+000  -0.000000e+000  1.735398e-008  3.253060e-008  5.156661e-008  2.785509e-008  1.746409e-008  9.220431e-009  -0.000000e+000  -8.997690e-009  -1.720117e-008  -2.751845e-008  -5.146386e-008  -3.194883e-008  -1.747890e-008  -0.000000e+000  -0.000000e+000  
-0.000000e+000  -0.000000e+000  1.379105e-008  3.375591e-008  4.674288e-008  2.244844e-008  1.687137e-008  9.319587e-009  -0.000000e+000  -9.694459e-009  -1.733130e-008  -2.305560e-008  -4.693286e-008  -3.432032e-008  -1.434908e-008  -0.000000e+000  -0.000000e+000  
-0.000000e+000  -0.000000e+000  1.637481e-008  2.743283e-008  3.960153e-008  9.871647e-009  1.596014e-008  9.376211e-009  -0.000000e+000  -9.307908e-009  -1.544762e-008  -9.539733e-009  -3.966761e-008  -2.678566e-008  -1.544625e-008  -0.000000e+000  -0.000000e+000  
-0.000000e+000  -0.000000e+000  1.314287e-008  2.895650e-008  4.962942e-008  9.352568e-009  1.822663e-008  1.059009e-008  -0.000000e+000  -1.058316e-008  -1.852982e-008  -9.405027e-009  -4.966312e-008  -2.912548e-008  -1.363077e-008  -0.000000e+000  -0.000000e+000  
-0.000000e+000  -0.000000e+000  6.095980e-009  1.013115e-008  9.449897e-009  8.187596e-008  3.378633e-008  1.346951e-008  -0.000000e+000  -1.345771e-008  -3.369838e-008  -8.202976e-008  -9.373930e-009  -1.017793e-008  -5.632663e-009  -0.000000e+000  -0.000000e+000  
-0.000000e+000  -0.000000e+000  3.166230e-009  6.454984e-009  1.041592e-008  3.428611e-008  1.951923e-008  8.527405e-009  -0.000000e+000  -8.501185e-009  -1.959847e-008  -3.424856e-008  -1.049793e-008  -6.780512e-009  -3.212299e-009  -0.000000e+000  -0.000000e+000  
-0.000000e+000  -0.000000e+000  -0.000000e+000  1.651447e-010  1.222107e-010  5.042107e-011  1.757864e-010  6.787224e-011  -0.000000e+000  1.679905e-010  -0.000000e+000  1.136750e-010  1.863722e-010  -0.000000e+000  -0.000000e+000  -0.000000e+000  -0.000000e+000  
-0.000000e+000  -0.000000e+000  -3.230921e-009  -6.776409e-009  -1.055094e-008  -3.421543e-008  -1.968774e-008  -8.616931e-009  9.215629e-011  8.188965e-009  1.962202e-008  3.426292e-008  1.056203e-008  6.558704e-009  3.199279e-009  -0.000000e+000  -0.000000e+000  
-0.000000e+000  -0.000000e+000  -5.969208e-009  -1.003738e-008  -9.326372e-009  -8.206435e-008  -3.374876e-008  -1.340639e-008  -9.215629e-011  1.358552e-008  3.372402e-008  8.182612e-008  9.291819e-009  1.021659e-008  5.778750e-009  -0.000000e+000  -0.000000e+000  
-0.000000e+000  -0.000000e+000  -1.336705e-008  -2.917674e-008  -4.948572e-008  -9.209057e-009  -1.833310e-008  -1.060369e-008  -0.000000e+000  1.058901e-008  1.820724e-008  9.349723e-009  4.952323e-008  2.936542e-008  1.314318e-008  -0.000000e+000  -0.000000e+000  
-0.000000e+000  -0.000000e+000  -1.616946e-008  -2.759549e-008  -4.027319e-008  -1.029194e-008  -1.580623e-008  -9.508446e-009  1.444082e-010  9.311353e-009  1.594320e-008  1.031832e-008  4.007954e-008  2.741494e-008  1.658215e-008  -0.000000e+000  -0.000000e+000  
-0.000000e+000  -0.000000e+000  -1.400362e-008  -3.248993e-008  -4.666334e-008  -2.171801e-008  -1.652503e-008  -9.117944e-009  -1.444082e-010  9.773042e-009  1.687147e-008  2.233941e-008  4.638681e-008  3.300781e-008  1.424810e-008  -0.000000e+000  -0.000000e+000  
-0.000000e+000  -0.000000e+000  -1.718765e-008  -3.314242e-008  -5.142338e-008  -2.827574e-008  -1.784063e-008  -9.323710e-009  -0.000000e+000  8.946395e-009  1.755272e-008  2.771291e-008  5.153039e-008  3.273714e-008  1.711648e-008  -0.000000e+000  -0.000000e+000  
-0.000000e+000  -0.000000e+000  -0.000000e+000  -0.000000e+000  -0.000000e+000  -0.000000e+000  -0.000000e+000  -0.000000e+000  -0.000000e+000  -0.000000e+000  -0.000000e+000  -0.000000e+000  -0.000000e+000  -0.000000e+000  -0.000000e+000  -0.000000e+000  -0.000000e+000  
-0.000000e+000  -0.000000e+000  -0.000000e+000  -0.000000e+000  -0.000000e+000  -0.000000e+000  -0.000000e+000  -0.000000e+000  -0.000000e+000  -0.000000e+000  -0.000000e+000  -0.000000e+000  -0.000000e+000  -0.000000e+000  -0.000000e+000  -0.000000e+000  -0.000000e+000  

-0.000000e+000  -0.000000e+000  -0.000000e+000  -0.000000e+000  -0.000000e+000  -0.000000e+000  -0.000000e+000  -0.000000e+000  -0.000000e+000  -0.000000e+000  -0.000000e+000  -0.000000e+000  -0.000000e+000  -0.000000e+000  -0.000000e+000  -0.000000e+000  -0.000000e+000  
-0.000000e+000  -0.000000e+000  -0.000000e+000  -0.000000e+000  -0.000000e+000  -0.000000e+000  -0.000000e+000  -0.000000e+000  -0.000000e+000  -0.000000e+000  -0.000000e+000  -0.000000e+000  -0.000000e+000  -0.000000e+000  -0.000000e+000  -0.000000e+000  -0.000000e+000  
-0.000000e+000  4.417781e-001  4.417781e-001  4.417781e-001  4.417781e-001  4.417781e-001  4.417781e-001  4.417781e-001  4.417781e-001  4.417781e-001  4.417781e-001  4.417781e-001  4.417781e-001  4.417781e-001  4.417781e-001  -0.000000e+000  -0.000000e+000  
-0.000000e+000  8.713115e-001  8.713115e-001  8.713115e-001  8.713115e-001  8.713115e-001  8.713115e-001  8.713115e-001  8.713115e-001  8.713115e-001  8.713115e-001  8.713115e-001  8.713115e-001  8.713115e-001  8.713115e-001  -0.000000e+000  -0.000000e+000  
-0.000000e+000  1.276695e+000  1.276695e+000  1.276695e+000  1.276695e+000  1.276695e+000  1.276695e+000  1.276695e+000  1.276695e+000  1.276695e+000  1.276695e+000  1.276695e+000  1.276695e+000  1.276695e+000  1.276695e+000  -0.000000e+000  -0.000000e+000  
-0.000000e+000  1.877243e+000  1.877243e+000  1.877243e+000  1.877243e+000  1.877243e+000  1.877243e+000  1.877243e+000  1.877243e+000  1.877243e+000  1.877243e+000  1.877243e+000  1.877243e+000  1.877243e+000  1.877243e+000  -0.000000e+000  -0.000000e+000  
-0.000000e+000  2.380907e+000  2.380907e+000  2.380907e+000  2.380907e+000  2.380907e+000  2.380907e+000  2.380907e+000  2.380907e+000  2.380907e+000  2.380907e+000  2.380907e+000  2.380907e+000  2.380907e+000  2.380907e+000  -0.000000e+000  -0.000000e+000  
-0.000000e+000  2.646021e+000  2.646021e+000  2.646021e+000  2.646021e+000  2.646021e+000  2.646021e+000  2.646021e+000  2.646021e+000  2.646021e+000  2.646021e+000  2.646021e+000  2.646021e+000  2.646021e+000  2.646021e+000  -0.000000e+000  -0.000000e+000  
-0.000000e+000  2.646021e+000  2.646021e+000  2.646021e+000  2.646021e+000  2.646021e+000  2.646021e+000  2.646021e+000  2.646021e+000  2.646021e+000  2.646021e+000  2.646021e+000  2.646021e+000  2.646021e+000  2.646021e+000  -0.000000e+000  -0.000000e+000  
-0.000000e+000  2.380907e+000  2.380907e+000  2.380907e+000  2.380907e+000  2.380907e+000  2.380907e+000  2.380907e+000  2.380907e+000  2.380907e+000  2.380907e+000  2.380907e+000  2.380907e+000  2.380907e+000  2.380907e+000  -0.000000e+000  -0.000000e+000  
-0.000000e+000  1.877243e+000  1.877243e+000  1.877243e+000  1.877243e+000  1.877243e+000  1.877243e+000  1.877243e+000  1.877243e+000  1.877243e+000  1.877243e+000  1.877243e+000  1.877243e+000  1.877243e+000  1.877243e+000  -0.000000e+000  -0.000000e+000  
-0.000000e+000  1.276695e+000  1.276695e+000  1.276695e+000  1.276695e+000  1.276695e+000  1.276695e+000  1.276695e+000  1.276695e+000  1.276695e+000  1.276695e+000  1.276695e+000  1.276695e+000  1.276695e+000  1.276695e+000  -0.000000e+000  -0.000000e+000  
-0.000000e+000  8.713115e-001  8.713115e-001  8.713115e-001  8.713115e-001  8.713115e-001  8.713115e-001  8.713115e-001  8.713115e-001  8.713115e-001  8.713115e-001  8.713115e-001  8.713115e-001  8.713115e-001  8.713115e-001  -0.000000e+000  -0.000000e+000  
-0.000000e+000  4.417781e-001  4.417781e-001  4.417781e-001  4.417781e-001  4.417781e-001  4.417781e-001  4.417781e-001  4.417781e-001  4.417781e-001  4.417781e-001  4.417781e-001  4.417781e-001  4.417781e-001  4.417781e-001  -0.000000e+000  -0.000000e+000  
-0.000000e+000  -0.000000e+000  -0.000000e+000  -0.000000e+000  -0.000000e+000  -0.000000e+000  -0.000000e+000  -0.000000e+000  -0.000000e+000  -0.000000e+000  -0.000000e+000  -0.000000e+000  -0.000000e+000  -0.000000e+000  -0.000000e+000  -0.000000e+000  -0.000000e+000  
-0.000000e+000  -0.000000e+000  -0.000000e+000  -0.000000e+000  -0.000000e+000  -0.000000e+000  -0.000000e+000  -0.000000e+000  -0.000000e+000  -0.000000e+000  -0.000000e+000  -0.000000e+000  -0.000000e+000  -0.000000e+000  -0.000000e+000  -0.000000e+000  -0.000000e+000  

0.000000e+000  0.000000e+000  0.000000e+000  0.000000e+000  0.000000e+000  0.000000e+000  0.000000e+000  0.000000e+000  0.000000e+000  0.000000e+000  0.000000e+000  0.000000e+000  0.000000e+000  0.000000e+000  0.000000e+000  0.000000e+000  0.000000e+000  
0.000000e+000  -6.107121e+000  -6.107121e+000  -6.107121e+000  -6.107121e+000  -6.107121e+000  -6.107121e+000  -6.107121e+000  -6.107121e+000  -6.107121e+000  -6.107121e+000  -6.107121e+000  -6.107121e+000  -6.107121e+000  -6.107121e+000  0.000000e+000  0.000000e+000  
0.000000e+000  -5.937850e+000  -5.937850e+000  -5.937850e+000  -5.937850e+000  -5.937850e+000  -5.937850e+000  -5.937850e+000  -5.937850e+000  -5.937850e+000  -5.937850e+000  -5.937850e+000  -5.937850e+000  -5.937850e+000  -5.937850e+000  0.000000e+000  0.000000e+000  
0.000000e+000  -5.604001e+000  -5.604001e+000  -5.604001e+000  -5.604001e+000  -5.604001e+000  -5.604001e+000  -5.604001e+000  -5.604001e+000  -5.604001e+000  -5.604001e+000  -5.604001e+000  -5.604001e+000  -5.604001e+000  -5.604001e+000  0.000000e+000  0.000000e+000  
0.000000e+000  -4.949128e+000  -4.949128e+000  -4.949128e+000  -4.949128e+000  -4.949128e+000  -4.949128e+000  -4.949128e+000  -4.949128e+000  -4.949128e+000  -4.949128e+000  -4.949128e+000  -4.949128e+000  -4.949128e+000  -4.949128e+000  0.000000e+000  0.000000e+000  
0.000000e+000  -3.662070e+000  -3.662070e+000  -3.662070e+000  -3.662070e+000  -3.662070e+000  -3.662070e+000  -3.662070e+000  -3.662070e+000  -3.662070e+000  -3.662070e+000  -3.662070e+000  -3.662070e+000  -3.662070e+000  -3.662070e+000  0.000000e+000  0.000000e+000  
0.000000e+000  -1.927601e+000  -1.927601e+000  -1.927601e+000  -1.927601e+000  -1.927601e+000  -1.927601e+000  -1.927601e+000  -1.927601e+000  -1.927601e+000  -1.927601e+000  -1.927601e+000  -1.927601e+000  -1.927601e+000  -1.927601e+000  0.000000e+000  0.000000e+000  
0.000000e+000  0.000000e+000  0.000000e+000  0.000000e+000  0.000000e+000  0.000000e+000  0.000000e+000  0.000000e+000  0.000000e+000  0.000000e+000  0.000000e+000  0.000000e+000  0.000000e+000  0.000000e+000  0.000000e+000  0.000000e+000  0.000000e+000  
0.000000e+000  1.927601e+000  1.927601e+000  1.927601e+000  1.927601e+000  1.927601e+000  1.927601e+000  1.927601e+000  1.927601e+000  1.927601e+000  1.927601e+000  1.927601e+000  1.927601e+000  1.927601e+000  1.927601e+000  0.000000e+000  0.000000e+000  
0.000000e+000  3.662070e+000  3.662070e+000  3.662070e+000  3.662070e+000  3.662070e+000  3.662070e+000  3.662070e+000  3.662070e+000  3.662070e+000  3.662070e+000  3.662070e+000  3.662070e+000  3.662070e+000  3.662070e+000  0.000000e+000  0.000000e+000  
0.000000e+000  4.949128e+000  4.949128e+000  4.949128e+000  4.949128e+000  4.949128e+000  4.949128e+000  4.949128e+000  4.949128e+000  4.949128e+000  4.949128e+000  4.949128e+000  4.949128e+000  4.949128e+000  4.949128e+000  0.000000e+000  0.000000e+000  
0.000000e+000  5.604001e+000  5.604001e+000  5.604001e+000  5.604001e+000  5.604001e+000  5.604001e+000  5.604001e+000  5.604001e+000  5.604001e+000  5.604001e+000  5.604001e+000  5.604001e+000  5.604001e+000  5.604001e+000  0.000000e+000  0.000000e+000  
0.000000e+000  5.937850e+000  5.937850e+000  5.937850e+000  5.937850e+000  5.937850e+000  5.937850e+000  5.937850e+000  5.937850e+000  5.937850e+000  5.937850e+000  5.937850e+000  5.937850e+000  5.937850e+000  5.937850e+000  0.000000e+000  0.000000e+000  
0.000000e+000  6.107121e+000  6.107121e+000  6.107121e+000  6.107121e+000  6.107121e+000  6.107121e+000  6.107121e+000  6.107121e+000  6.107121e+000  6.107121e+000  6.107121e+000  6.107121e+000  6.107121e+000  6.107121e+000  0.000000e+000  0.000000e+000  
0.000000e+000  0.000000e+000  0.000000e+000  0.000000e+000  0.000000e+000  0.000000e+000  0.000000e+000  0.000000e+000  0.000000e+000  0.000000e+000  0.000000e+000  0.000000e+000  0.000000e+000  0.000000e+000  0.000000e+000  0.000000e+000  0.000000e+000  
0.000000e+000  0.000000e+000  0.000000e+000  0.000000e+000  0.000000e+000  0.000000e+000  0.000000e+000  0.000000e+000  0.000000e+000  0.000000e+000  0.000000e+000  0.000000e+000  0.000000e+000  0.000000e+000  0.000000e+000  0.000000e+000  0.000000e+000  

