Port monitor named: Port2_e1.prt

nx        = 17
ny        = 16
nz        = 3

nu        = 17
nv        = 16
iu        = 1
iv        = 1

idir      = 2
dcut      = -5.000000e-002
icut      = 1
type      = 0
frequency = 7.500000e+009

fcutoff   = 7.493563e+009
alpha     = 0.000000e+000
beta      = 6.505522e+000
accuracy  = 3.573231e-013

type          = TE
wave imp.     = 9.102671e+003
wave imp.sig. = 2.241982e-004
line imp.     = 0.000000e+000

ref. port     = 0

0.000000e+000  0.000000e+000  0.000000e+000  0.000000e+000  0.000000e+000  0.000000e+000  0.000000e+000  0.000000e+000  0.000000e+000  0.000000e+000  0.000000e+000  0.000000e+000  0.000000e+000  0.000000e+000  0.000000e+000  0.000000e+000  0.000000e+000  
0.000000e+000  0.000000e+000  0.000000e+000  0.000000e+000  0.000000e+000  0.000000e+000  0.000000e+000  0.000000e+000  0.000000e+000  0.000000e+000  0.000000e+000  0.000000e+000  0.000000e+000  0.000000e+000  0.000000e+000  0.000000e+000  0.000000e+000  
0.000000e+000  -7.787310e-006  -4.672603e-006  6.527935e-007  6.893921e-006  -1.347388e-005  -7.497251e-006  -2.066398e-006  2.066589e-006  7.497276e-006  1.347364e-005  -6.894066e-006  -6.527240e-007  4.672133e-006  7.787325e-006  0.000000e+000  0.000000e+000  
0.000000e+000  -1.848571e-005  -1.143035e-005  1.983386e-006  2.291805e-005  -3.412082e-005  -1.467822e-005  -3.734350e-006  3.734468e-006  1.467823e-005  3.412051e-005  -2.291814e-005  -1.983761e-006  1.143038e-005  1.848537e-005  0.000000e+000  0.000000e+000  
0.000000e+000  -3.575942e-005  -2.423178e-005  1.185086e-006  6.592375e-005  -7.567092e-005  -1.922308e-005  -4.375201e-006  4.375158e-006  1.922295e-005  7.567064e-005  -6.592400e-005  -1.185275e-006  2.423133e-005  3.575913e-005  0.000000e+000  0.000000e+000  
0.000000e+000  -7.045059e-005  -5.766620e-005  -3.101642e-005  7.795885e-005  1.905645e-005  -5.040371e-006  -3.061789e-006  3.061451e-006  5.039945e-006  -1.905673e-005  -7.795928e-005  3.101607e-005  5.766569e-005  7.045014e-005  0.000000e+000  0.000000e+000  
0.000000e+000  -2.762415e-005  -2.075172e-005  -7.416597e-006  1.763249e-005  1.064386e-005  1.562609e-006  -2.920880e-007  2.916414e-007  -1.563045e-006  -1.064440e-005  -1.763298e-005  7.416312e-006  2.075135e-005  2.762370e-005  0.000000e+000  0.000000e+000  
0.000000e+000  -7.169402e-006  -5.299326e-006  -1.954125e-006  3.203733e-006  3.017293e-006  9.484575e-007  1.087266e-007  -1.091398e-007  -9.487889e-007  -3.017836e-006  -3.204050e-006  1.954098e-006  5.299472e-006  7.169359e-006  0.000000e+000  0.000000e+000  
0.000000e+000  7.169674e-006  5.299635e-006  1.954281e-006  -3.203946e-006  -3.017722e-006  -9.488079e-007  -1.091899e-007  1.087408e-007  9.482467e-007  3.017091e-006  3.203549e-006  -1.954581e-006  -5.299585e-006  -7.169804e-006  0.000000e+000  0.000000e+000  
0.000000e+000  2.762389e-005  2.075148e-005  7.416330e-006  -1.763293e-005  -1.064438e-005  -1.562993e-006  2.917477e-007  -2.923123e-007  1.562472e-006  1.064364e-005  1.763237e-005  -7.416996e-006  -2.075203e-005  -2.762450e-005  0.000000e+000  0.000000e+000  
0.000000e+000  7.045042e-005  5.766615e-005  3.101628e-005  -7.795918e-005  -1.905681e-005  5.039932e-006  3.061457e-006  -3.061864e-006  -5.040427e-006  1.905624e-005  7.795873e-005  -3.101661e-005  -5.766638e-005  -7.045070e-005  0.000000e+000  0.000000e+000  
0.000000e+000  3.575911e-005  2.423138e-005  -1.185133e-006  -6.592398e-005  7.567080e-005  1.922312e-005  4.375254e-006  -4.375173e-006  -1.922311e-005  -7.567086e-005  6.592384e-005  1.185264e-006  -2.423198e-005  -3.575920e-005  0.000000e+000  0.000000e+000  
0.000000e+000  1.848545e-005  1.143069e-005  -1.983768e-006  -2.291805e-005  3.412058e-005  1.467835e-005  3.734544e-006  -3.734280e-006  -1.467821e-005  -3.412076e-005  2.291804e-005  1.983200e-006  -1.143001e-005  -1.848600e-005  0.000000e+000  0.000000e+000  
0.000000e+000  7.787306e-006  4.672418e-006  -6.525961e-007  -6.893965e-006  1.347377e-005  7.497303e-006  2.066566e-006  -2.066440e-006  -7.497243e-006  -1.347388e-005  6.893872e-006  6.529152e-007  -4.672968e-006  -7.787288e-006  0.000000e+000  0.000000e+000  
0.000000e+000  0.000000e+000  0.000000e+000  0.000000e+000  0.000000e+000  0.000000e+000  0.000000e+000  0.000000e+000  0.000000e+000  0.000000e+000  0.000000e+000  0.000000e+000  0.000000e+000  0.000000e+000  0.000000e+000  0.000000e+000  0.000000e+000  
0.000000e+000  0.000000e+000  0.000000e+000  0.000000e+000  0.000000e+000  0.000000e+000  0.000000e+000  0.000000e+000  0.000000e+000  0.000000e+000  0.000000e+000  0.000000e+000  0.000000e+000  0.000000e+000  0.000000e+000  0.000000e+000  0.000000e+000  

0.000000e+000  0.000000e+000  0.000000e+000  0.000000e+000  0.000000e+000  0.000000e+000  0.000000e+000  0.000000e+000  0.000000e+000  0.000000e+000  0.000000e+000  0.000000e+000  0.000000e+000  0.000000e+000  0.000000e+000  0.000000e+000  0.000000e+000  
0.000000e+000  0.000000e+000  1.065445e+003  2.106751e+003  3.100330e+003  4.626678e+003  5.982611e+003  6.843785e+003  7.138980e+003  6.843785e+003  5.982611e+003  4.626678e+003  3.100330e+003  2.106751e+003  1.065445e+003  0.000000e+000  0.000000e+000  
0.000000e+000  0.000000e+000  1.065445e+003  2.106751e+003  3.100330e+003  4.626678e+003  5.982611e+003  6.843785e+003  7.138980e+003  6.843785e+003  5.982611e+003  4.626678e+003  3.100330e+003  2.106751e+003  1.065445e+003  0.000000e+000  0.000000e+000  
0.000000e+000  0.000000e+000  1.065445e+003  2.106751e+003  3.100330e+003  4.626678e+003  5.982611e+003  6.843785e+003  7.138980e+003  6.843785e+003  5.982611e+003  4.626678e+003  3.100330e+003  2.106751e+003  1.065445e+003  0.000000e+000  0.000000e+000  
0.000000e+000  0.000000e+000  1.065445e+003  2.106751e+003  3.100330e+003  4.626678e+003  5.982611e+003  6.843785e+003  7.138981e+003  6.843785e+003  5.982611e+003  4.626678e+003  3.100330e+003  2.106751e+003  1.065445e+003  0.000000e+000  0.000000e+000  
0.000000e+000  0.000000e+000  1.065445e+003  2.106751e+003  3.100330e+003  4.626678e+003  5.982611e+003  6.843785e+003  7.138980e+003  6.843785e+003  5.982611e+003  4.626678e+003  3.100330e+003  2.106751e+003  1.065445e+003  0.000000e+000  0.000000e+000  
0.000000e+000  0.000000e+000  1.065444e+003  2.106751e+003  3.100330e+003  4.626678e+003  5.982611e+003  6.843785e+003  7.138980e+003  6.843785e+003  5.982611e+003  4.626678e+003  3.100330e+003  2.106751e+003  1.065444e+003  0.000000e+000  0.000000e+000  
0.000000e+000  0.000000e+000  1.065444e+003  2.106751e+003  3.100330e+003  4.626678e+003  5.982611e+003  6.843785e+003  7.138980e+003  6.843785e+003  5.982611e+003  4.626678e+003  3.100330e+003  2.106751e+003  1.065444e+003  0.000000e+000  0.000000e+000  
0.000000e+000  0.000000e+000  1.065444e+003  2.106751e+003  3.100330e+003  4.626678e+003  5.982611e+003  6.843785e+003  7.138980e+003  6.843785e+003  5.982611e+003  4.626678e+003  3.100330e+003  2.106751e+003  1.065444e+003  0.000000e+000  0.000000e+000  
0.000000e+000  0.000000e+000  1.065445e+003  2.106751e+003  3.100330e+003  4.626678e+003  5.982611e+003  6.843785e+003  7.138980e+003  6.843785e+003  5.982611e+003  4.626678e+003  3.100330e+003  2.106751e+003  1.065445e+003  0.000000e+000  0.000000e+000  
0.000000e+000  0.000000e+000  1.065445e+003  2.106751e+003  3.100330e+003  4.626678e+003  5.982611e+003  6.843785e+003  7.138981e+003  6.843785e+003  5.982611e+003  4.626678e+003  3.100330e+003  2.106751e+003  1.065445e+003  0.000000e+000  0.000000e+000  
0.000000e+000  0.000000e+000  1.065445e+003  2.106751e+003  3.100330e+003  4.626678e+003  5.982611e+003  6.843785e+003  7.138980e+003  6.843785e+003  5.982611e+003  4.626678e+003  3.100330e+003  2.106751e+003  1.065445e+003  0.000000e+000  0.000000e+000  
0.000000e+000  0.000000e+000  1.065445e+003  2.106751e+003  3.100330e+003  4.626678e+003  5.982611e+003  6.843785e+003  7.138980e+003  6.843785e+003  5.982611e+003  4.626678e+003  3.100330e+003  2.106751e+003  1.065445e+003  0.000000e+000  0.000000e+000  
0.000000e+000  0.000000e+000  1.065445e+003  2.106751e+003  3.100330e+003  4.626678e+003  5.982611e+003  6.843785e+003  7.138980e+003  6.843785e+003  5.982611e+003  4.626678e+003  3.100330e+003  2.106751e+003  1.065445e+003  0.000000e+000  0.000000e+000  
0.000000e+000  0.000000e+000  0.000000e+000  0.000000e+000  0.000000e+000  0.000000e+000  0.000000e+000  0.000000e+000  0.000000e+000  0.000000e+000  0.000000e+000  0.000000e+000  0.000000e+000  0.000000e+000  0.000000e+000  0.000000e+000  0.000000e+000  
0.000000e+000  0.000000e+000  0.000000e+000  0.000000e+000  0.000000e+000  0.000000e+000  0.000000e+000  0.000000e+000  0.000000e+000  0.000000e+000  0.000000e+000  0.000000e+000  0.000000e+000  0.000000e+000  0.000000e+000  0.000000e+000  0.000000e+000  

0.000000e+000  0.000000e+000  0.000000e+000  0.000000e+000  0.000000e+000  0.000000e+000  0.000000e+000  0.000000e+000  0.000000e+000  0.000000e+000  0.000000e+000  0.000000e+000  0.000000e+000  0.000000e+000  0.000000e+000  0.000000e+000  0.000000e+000  
0.000000e+000  0.000000e+000  0.000000e+000  0.000000e+000  0.000000e+000  0.000000e+000  0.000000e+000  0.000000e+000  0.000000e+000  0.000000e+000  0.000000e+000  0.000000e+000  0.000000e+000  0.000000e+000  0.000000e+000  0.000000e+000  0.000000e+000  
0.000000e+000  0.000000e+000  0.000000e+000  0.000000e+000  0.000000e+000  0.000000e+000  0.000000e+000  0.000000e+000  0.000000e+000  0.000000e+000  0.000000e+000  0.000000e+000  0.000000e+000  0.000000e+000  0.000000e+000  0.000000e+000  0.000000e+000  
0.000000e+000  0.000000e+000  0.000000e+000  0.000000e+000  0.000000e+000  0.000000e+000  0.000000e+000  0.000000e+000  0.000000e+000  0.000000e+000  0.000000e+000  0.000000e+000  0.000000e+000  0.000000e+000  0.000000e+000  0.000000e+000  0.000000e+000  
0.000000e+000  0.000000e+000  0.000000e+000  0.000000e+000  0.000000e+000  0.000000e+000  0.000000e+000  0.000000e+000  0.000000e+000  0.000000e+000  0.000000e+000  0.000000e+000  0.000000e+000  0.000000e+000  0.000000e+000  0.000000e+000  0.000000e+000  
0.000000e+000  0.000000e+000  0.000000e+000  0.000000e+000  0.000000e+000  0.000000e+000  0.000000e+000  0.000000e+000  0.000000e+000  0.000000e+000  0.000000e+000  0.000000e+000  0.000000e+000  0.000000e+000  0.000000e+000  0.000000e+000  0.000000e+000  
0.000000e+000  0.000000e+000  0.000000e+000  0.000000e+000  0.000000e+000  0.000000e+000  0.000000e+000  0.000000e+000  0.000000e+000  0.000000e+000  0.000000e+000  0.000000e+000  0.000000e+000  0.000000e+000  0.000000e+000  0.000000e+000  0.000000e+000  
0.000000e+000  0.000000e+000  0.000000e+000  0.000000e+000  0.000000e+000  0.000000e+000  0.000000e+000  0.000000e+000  0.000000e+000  0.000000e+000  0.000000e+000  0.000000e+000  0.000000e+000  0.000000e+000  0.000000e+000  0.000000e+000  0.000000e+000  
0.000000e+000  0.000000e+000  0.000000e+000  0.000000e+000  0.000000e+000  0.000000e+000  0.000000e+000  0.000000e+000  0.000000e+000  0.000000e+000  0.000000e+000  0.000000e+000  0.000000e+000  0.000000e+000  0.000000e+000  0.000000e+000  0.000000e+000  
0.000000e+000  0.000000e+000  0.000000e+000  0.000000e+000  0.000000e+000  0.000000e+000  0.000000e+000  0.000000e+000  0.000000e+000  0.000000e+000  0.000000e+000  0.000000e+000  0.000000e+000  0.000000e+000  0.000000e+000  0.000000e+000  0.000000e+000  
0.000000e+000  0.000000e+000  0.000000e+000  0.000000e+000  0.000000e+000  0.000000e+000  0.000000e+000  0.000000e+000  0.000000e+000  0.000000e+000  0.000000e+000  0.000000e+000  0.000000e+000  0.000000e+000  0.000000e+000  0.000000e+000  0.000000e+000  
0.000000e+000  0.000000e+000  0.000000e+000  0.000000e+000  0.000000e+000  0.000000e+000  0.000000e+000  0.000000e+000  0.000000e+000  0.000000e+000  0.000000e+000  0.000000e+000  0.000000e+000  0.000000e+000  0.000000e+000  0.000000e+000  0.000000e+000  
0.000000e+000  0.000000e+000  0.000000e+000  0.000000e+000  0.000000e+000  0.000000e+000  0.000000e+000  0.000000e+000  0.000000e+000  0.000000e+000  0.000000e+000  0.000000e+000  0.000000e+000  0.000000e+000  0.000000e+000  0.000000e+000  0.000000e+000  
0.000000e+000  0.000000e+000  0.000000e+000  0.000000e+000  0.000000e+000  0.000000e+000  0.000000e+000  0.000000e+000  0.000000e+000  0.000000e+000  0.000000e+000  0.000000e+000  0.000000e+000  0.000000e+000  0.000000e+000  0.000000e+000  0.000000e+000  
0.000000e+000  0.000000e+000  0.000000e+000  0.000000e+000  0.000000e+000  0.000000e+000  0.000000e+000  0.000000e+000  0.000000e+000  0.000000e+000  0.000000e+000  0.000000e+000  0.000000e+000  0.000000e+000  0.000000e+000  0.000000e+000  0.000000e+000  
0.000000e+000  0.000000e+000  0.000000e+000  0.000000e+000  0.000000e+000  0.000000e+000  0.000000e+000  0.000000e+000  0.000000e+000  0.000000e+000  0.000000e+000  0.000000e+000  0.000000e+000  0.000000e+000  0.000000e+000  0.000000e+000  0.000000e+000  

0.000000e+000  0.000000e+000  0.000000e+000  0.000000e+000  0.000000e+000  0.000000e+000  0.000000e+000  0.000000e+000  0.000000e+000  0.000000e+000  0.000000e+000  0.000000e+000  0.000000e+000  0.000000e+000  0.000000e+000  0.000000e+000  0.000000e+000  
0.000000e+000  0.000000e+000  0.000000e+000  0.000000e+000  0.000000e+000  0.000000e+000  0.000000e+000  0.000000e+000  0.000000e+000  0.000000e+000  0.000000e+000  0.000000e+000  0.000000e+000  0.000000e+000  0.000000e+000  0.000000e+000  0.000000e+000  
0.000000e+000  0.000000e+000  0.000000e+000  0.000000e+000  0.000000e+000  0.000000e+000  0.000000e+000  0.000000e+000  0.000000e+000  0.000000e+000  0.000000e+000  0.000000e+000  0.000000e+000  0.000000e+000  0.000000e+000  0.000000e+000  0.000000e+000  
0.000000e+000  0.000000e+000  0.000000e+000  0.000000e+000  0.000000e+000  0.000000e+000  0.000000e+000  0.000000e+000  0.000000e+000  0.000000e+000  0.000000e+000  0.000000e+000  0.000000e+000  0.000000e+000  0.000000e+000  0.000000e+000  0.000000e+000  
0.000000e+000  0.000000e+000  0.000000e+000  0.000000e+000  0.000000e+000  0.000000e+000  0.000000e+000  0.000000e+000  0.000000e+000  0.000000e+000  0.000000e+000  0.000000e+000  0.000000e+000  0.000000e+000  0.000000e+000  0.000000e+000  0.000000e+000  
0.000000e+000  0.000000e+000  0.000000e+000  0.000000e+000  0.000000e+000  0.000000e+000  0.000000e+000  0.000000e+000  0.000000e+000  0.000000e+000  0.000000e+000  0.000000e+000  0.000000e+000  0.000000e+000  0.000000e+000  0.000000e+000  0.000000e+000  
0.000000e+000  0.000000e+000  0.000000e+000  0.000000e+000  0.000000e+000  0.000000e+000  0.000000e+000  0.000000e+000  0.000000e+000  0.000000e+000  0.000000e+000  0.000000e+000  0.000000e+000  0.000000e+000  0.000000e+000  0.000000e+000  0.000000e+000  
0.000000e+000  0.000000e+000  0.000000e+000  0.000000e+000  0.000000e+000  0.000000e+000  0.000000e+000  0.000000e+000  0.000000e+000  0.000000e+000  0.000000e+000  0.000000e+000  0.000000e+000  0.000000e+000  0.000000e+000  0.000000e+000  0.000000e+000  
0.000000e+000  0.000000e+000  0.000000e+000  0.000000e+000  0.000000e+000  0.000000e+000  0.000000e+000  0.000000e+000  0.000000e+000  0.000000e+000  0.000000e+000  0.000000e+000  0.000000e+000  0.000000e+000  0.000000e+000  0.000000e+000  0.000000e+000  
0.000000e+000  0.000000e+000  0.000000e+000  0.000000e+000  0.000000e+000  0.000000e+000  0.000000e+000  0.000000e+000  0.000000e+000  0.000000e+000  0.000000e+000  0.000000e+000  0.000000e+000  0.000000e+000  0.000000e+000  0.000000e+000  0.000000e+000  
0.000000e+000  0.000000e+000  0.000000e+000  0.000000e+000  0.000000e+000  0.000000e+000  0.000000e+000  0.000000e+000  0.000000e+000  0.000000e+000  0.000000e+000  0.000000e+000  0.000000e+000  0.000000e+000  0.000000e+000  0.000000e+000  0.000000e+000  
0.000000e+000  0.000000e+000  0.000000e+000  0.000000e+000  0.000000e+000  0.000000e+000  0.000000e+000  0.000000e+000  0.000000e+000  0.000000e+000  0.000000e+000  0.000000e+000  0.000000e+000  0.000000e+000  0.000000e+000  0.000000e+000  0.000000e+000  
0.000000e+000  0.000000e+000  0.000000e+000  0.000000e+000  0.000000e+000  0.000000e+000  0.000000e+000  0.000000e+000  0.000000e+000  0.000000e+000  0.000000e+000  0.000000e+000  0.000000e+000  0.000000e+000  0.000000e+000  0.000000e+000  0.000000e+000  
0.000000e+000  0.000000e+000  0.000000e+000  0.000000e+000  0.000000e+000  0.000000e+000  0.000000e+000  0.000000e+000  0.000000e+000  0.000000e+000  0.000000e+000  0.000000e+000  0.000000e+000  0.000000e+000  0.000000e+000  0.000000e+000  0.000000e+000  
0.000000e+000  0.000000e+000  0.000000e+000  0.000000e+000  0.000000e+000  0.000000e+000  0.000000e+000  0.000000e+000  0.000000e+000  0.000000e+000  0.000000e+000  0.000000e+000  0.000000e+000  0.000000e+000  0.000000e+000  0.000000e+000  0.000000e+000  
0.000000e+000  0.000000e+000  0.000000e+000  0.000000e+000  0.000000e+000  0.000000e+000  0.000000e+000  0.000000e+000  0.000000e+000  0.000000e+000  0.000000e+000  0.000000e+000  0.000000e+000  0.000000e+000  0.000000e+000  0.000000e+000  0.000000e+000  

0.000000e+000  0.000000e+000  0.000000e+000  0.000000e+000  0.000000e+000  0.000000e+000  0.000000e+000  0.000000e+000  0.000000e+000  0.000000e+000  0.000000e+000  0.000000e+000  0.000000e+000  0.000000e+000  0.000000e+000  0.000000e+000  0.000000e+000  
0.000000e+000  0.000000e+000  0.000000e+000  0.000000e+000  0.000000e+000  0.000000e+000  0.000000e+000  0.000000e+000  0.000000e+000  0.000000e+000  0.000000e+000  0.000000e+000  0.000000e+000  0.000000e+000  0.000000e+000  0.000000e+000  0.000000e+000  
0.000000e+000  0.000000e+000  0.000000e+000  0.000000e+000  0.000000e+000  0.000000e+000  0.000000e+000  0.000000e+000  0.000000e+000  0.000000e+000  0.000000e+000  0.000000e+000  0.000000e+000  0.000000e+000  0.000000e+000  0.000000e+000  0.000000e+000  
0.000000e+000  0.000000e+000  0.000000e+000  0.000000e+000  0.000000e+000  0.000000e+000  0.000000e+000  0.000000e+000  0.000000e+000  0.000000e+000  0.000000e+000  0.000000e+000  0.000000e+000  0.000000e+000  0.000000e+000  0.000000e+000  0.000000e+000  
0.000000e+000  0.000000e+000  0.000000e+000  0.000000e+000  0.000000e+000  0.000000e+000  0.000000e+000  0.000000e+000  0.000000e+000  0.000000e+000  0.000000e+000  0.000000e+000  0.000000e+000  0.000000e+000  0.000000e+000  0.000000e+000  0.000000e+000  
0.000000e+000  0.000000e+000  0.000000e+000  0.000000e+000  0.000000e+000  0.000000e+000  0.000000e+000  0.000000e+000  0.000000e+000  0.000000e+000  0.000000e+000  0.000000e+000  0.000000e+000  0.000000e+000  0.000000e+000  0.000000e+000  0.000000e+000  
0.000000e+000  0.000000e+000  0.000000e+000  0.000000e+000  0.000000e+000  0.000000e+000  0.000000e+000  0.000000e+000  0.000000e+000  0.000000e+000  0.000000e+000  0.000000e+000  0.000000e+000  0.000000e+000  0.000000e+000  0.000000e+000  0.000000e+000  
0.000000e+000  0.000000e+000  0.000000e+000  0.000000e+000  0.000000e+000  0.000000e+000  0.000000e+000  0.000000e+000  0.000000e+000  0.000000e+000  0.000000e+000  0.000000e+000  0.000000e+000  0.000000e+000  0.000000e+000  0.000000e+000  0.000000e+000  
0.000000e+000  0.000000e+000  0.000000e+000  0.000000e+000  0.000000e+000  0.000000e+000  0.000000e+000  0.000000e+000  0.000000e+000  0.000000e+000  0.000000e+000  0.000000e+000  0.000000e+000  0.000000e+000  0.000000e+000  0.000000e+000  0.000000e+000  
0.000000e+000  0.000000e+000  0.000000e+000  0.000000e+000  0.000000e+000  0.000000e+000  0.000000e+000  0.000000e+000  0.000000e+000  0.000000e+000  0.000000e+000  0.000000e+000  0.000000e+000  0.000000e+000  0.000000e+000  0.000000e+000  0.000000e+000  
0.000000e+000  0.000000e+000  0.000000e+000  0.000000e+000  0.000000e+000  0.000000e+000  0.000000e+000  0.000000e+000  0.000000e+000  0.000000e+000  0.000000e+000  0.000000e+000  0.000000e+000  0.000000e+000  0.000000e+000  0.000000e+000  0.000000e+000  
0.000000e+000  0.000000e+000  0.000000e+000  0.000000e+000  0.000000e+000  0.000000e+000  0.000000e+000  0.000000e+000  0.000000e+000  0.000000e+000  0.000000e+000  0.000000e+000  0.000000e+000  0.000000e+000  0.000000e+000  0.000000e+000  0.000000e+000  
0.000000e+000  0.000000e+000  0.000000e+000  0.000000e+000  0.000000e+000  0.000000e+000  0.000000e+000  0.000000e+000  0.000000e+000  0.000000e+000  0.000000e+000  0.000000e+000  0.000000e+000  0.000000e+000  0.000000e+000  0.000000e+000  0.000000e+000  
0.000000e+000  0.000000e+000  0.000000e+000  0.000000e+000  0.000000e+000  0.000000e+000  0.000000e+000  0.000000e+000  0.000000e+000  0.000000e+000  0.000000e+000  0.000000e+000  0.000000e+000  0.000000e+000  0.000000e+000  0.000000e+000  0.000000e+000  
0.000000e+000  0.000000e+000  0.000000e+000  0.000000e+000  0.000000e+000  0.000000e+000  0.000000e+000  0.000000e+000  0.000000e+000  0.000000e+000  0.000000e+000  0.000000e+000  0.000000e+000  0.000000e+000  0.000000e+000  0.000000e+000  0.000000e+000  
0.000000e+000  0.000000e+000  0.000000e+000  0.000000e+000  0.000000e+000  0.000000e+000  0.000000e+000  0.000000e+000  0.000000e+000  0.000000e+000  0.000000e+000  0.000000e+000  0.000000e+000  0.000000e+000  0.000000e+000  0.000000e+000  0.000000e+000  

0.000000e+000  0.000000e+000  0.000000e+000  0.000000e+000  0.000000e+000  0.000000e+000  0.000000e+000  0.000000e+000  0.000000e+000  0.000000e+000  0.000000e+000  0.000000e+000  0.000000e+000  0.000000e+000  0.000000e+000  0.000000e+000  0.000000e+000  
0.000000e+000  0.000000e+000  0.000000e+000  0.000000e+000  0.000000e+000  0.000000e+000  0.000000e+000  0.000000e+000  0.000000e+000  0.000000e+000  0.000000e+000  0.000000e+000  0.000000e+000  0.000000e+000  0.000000e+000  0.000000e+000  0.000000e+000  
0.000000e+000  0.000000e+000  0.000000e+000  -1.124267e-007  -1.083074e-007  -2.200239e-007  1.896268e-007  4.700187e-007  5.553863e-007  5.036828e-007  2.482903e-007  -2.137740e-007  -1.583064e-007  0.000000e+000  -1.216949e-007  0.000000e+000  0.000000e+000  
0.000000e+000  0.000000e+000  -1.754935e-007  -1.310342e-007  -2.634179e-007  -5.768347e-007  4.720073e-007  9.785310e-007  1.098131e-006  9.631904e-007  4.605019e-007  -6.217201e-007  -2.532618e-007  -2.874230e-007  -5.308839e-008  0.000000e+000  0.000000e+000  
0.000000e+000  0.000000e+000  -1.318687e-007  -3.002424e-007  -3.063857e-007  -1.380156e-006  8.614879e-007  1.554513e-006  1.752947e-006  1.570564e-006  8.825102e-007  -1.363466e-006  -2.943831e-007  -2.342636e-007  -1.776242e-007  0.000000e+000  0.000000e+000  
0.000000e+000  0.000000e+000  -5.805278e-007  -1.170466e-006  -1.980890e-006  -4.420008e-006  -6.475719e-006  -7.419236e-006  -7.720437e-006  -7.411140e-006  -6.481045e-006  -4.416386e-006  -2.002729e-006  -1.146461e-006  -5.791606e-007  0.000000e+000  0.000000e+000  
0.000000e+000  0.000000e+000  -4.447884e-007  -9.174172e-007  -1.476461e-006  -2.673880e-006  -3.792251e-006  -4.416528e-006  -4.603030e-006  -4.403389e-006  -3.773360e-006  -2.682686e-006  -1.503875e-006  -9.035680e-007  -4.348632e-007  0.000000e+000  0.000000e+000  
0.000000e+000  0.000000e+000  -1.776242e-007  -3.373155e-007  -5.133772e-007  -8.796694e-007  -1.264107e-006  -1.448337e-006  -1.514599e-006  -1.461262e-006  -1.233213e-006  -9.050950e-007  -5.504503e-007  -3.653689e-007  -1.434097e-007  0.000000e+000  0.000000e+000  
0.000000e+000  0.000000e+000  1.767009e-007  3.690265e-007  5.631276e-007  9.061603e-007  1.260485e-006  1.464032e-006  1.525537e-006  1.490097e-006  1.257502e-006  8.905356e-007  5.375954e-007  2.991771e-007  1.905856e-007  0.000000e+000  0.000000e+000  
0.000000e+000  0.000000e+000  4.443445e-007  9.172041e-007  1.498442e-006  2.680058e-006  3.773005e-006  4.394228e-006  4.625757e-006  4.388120e-006  3.793601e-006  2.666138e-006  1.518506e-006  9.059472e-007  4.523522e-007  0.000000e+000  0.000000e+000  
0.000000e+000  0.000000e+000  5.508054e-007  1.174656e-006  2.002160e-006  4.405875e-006  6.468333e-006  7.409080e-006  7.688904e-006  7.409506e-006  6.480548e-006  4.404100e-006  1.992004e-006  1.160807e-006  5.596831e-007  0.000000e+000  0.000000e+000  
0.000000e+000  0.000000e+000  1.721200e-007  2.469054e-007  3.239990e-007  1.372415e-006  -8.694423e-007  -1.567439e-006  -1.729510e-006  -1.567297e-006  -8.849249e-007  1.360412e-006  2.966558e-007  3.551773e-007  9.229213e-008  0.000000e+000  0.000000e+000  
0.000000e+000  0.000000e+000  0.000000e+000  2.478642e-007  2.188165e-007  5.883401e-007  -4.907569e-007  -1.002110e-006  -1.142022e-006  -9.846388e-007  -4.580871e-007  6.070898e-007  3.026216e-007  9.999794e-008  2.054290e-007  0.000000e+000  0.000000e+000  
0.000000e+000  0.000000e+000  7.691603e-008  8.529654e-008  1.657636e-007  2.714433e-007  -2.043992e-007  -4.656154e-007  -5.149042e-007  -4.600757e-007  -2.154785e-007  2.149103e-007  9.055211e-008  1.540451e-007  0.000000e+000  0.000000e+000  0.000000e+000  
0.000000e+000  0.000000e+000  0.000000e+000  0.000000e+000  0.000000e+000  0.000000e+000  0.000000e+000  0.000000e+000  0.000000e+000  0.000000e+000  0.000000e+000  0.000000e+000  0.000000e+000  0.000000e+000  0.000000e+000  0.000000e+000  0.000000e+000  
0.000000e+000  0.000000e+000  0.000000e+000  0.000000e+000  0.000000e+000  0.000000e+000  0.000000e+000  0.000000e+000  0.000000e+000  0.000000e+000  0.000000e+000  0.000000e+000  0.000000e+000  0.000000e+000  0.000000e+000  0.000000e+000  0.000000e+000  

