Port monitor named: Port2_e3.prt

nx        = 17
ny        = 16
nz        = 3

nu        = 17
nv        = 16
iu        = 1
iv        = 1

idir      = 2
dcut      = -5.000000e-002
icut      = 1
type      = 0
frequency = 7.500000e+009

fcutoff   = 1.120827e+010
alpha     = 1.743292e+002
beta      = 0.000000e+000
accuracy  = 1.092387e-009

type          = UNDEF
wave imp.     = 3.384228e+002
wave imp.sig. = 3.322434e+002
line imp.     = 1.190961e+002

ref. port     = 0

-0.000000e+000  -0.000000e+000  -0.000000e+000  -0.000000e+000  -0.000000e+000  -0.000000e+000  -0.000000e+000  -0.000000e+000  -0.000000e+000  -0.000000e+000  -0.000000e+000  -0.000000e+000  -0.000000e+000  -0.000000e+000  -0.000000e+000  -0.000000e+000  -0.000000e+000  
-0.000000e+000  -0.000000e+000  -0.000000e+000  -0.000000e+000  -0.000000e+000  -0.000000e+000  -0.000000e+000  -0.000000e+000  -0.000000e+000  -0.000000e+000  -0.000000e+000  -0.000000e+000  -0.000000e+000  -0.000000e+000  -0.000000e+000  -0.000000e+000  -0.000000e+000  
-0.000000e+000  -3.932966e+002  -3.843865e+002  -3.667681e+002  -3.317896e+002  -2.619741e+002  -1.663837e+002  -5.703344e+001  5.703344e+001  1.663837e+002  2.619741e+002  3.317896e+002  3.667681e+002  3.843865e+002  3.932966e+002  -0.000000e+000  -0.000000e+000  
-0.000000e+000  -7.756923e+002  -7.581190e+002  -7.233704e+002  -6.543830e+002  -5.166870e+002  -3.281557e+002  -1.124861e+002  1.124861e+002  3.281557e+002  5.166870e+002  6.543830e+002  7.233704e+002  7.581190e+002  7.756923e+002  -0.000000e+000  -0.000000e+000  
-0.000000e+000  -1.136588e+003  -1.110839e+003  -1.059923e+003  -9.588389e+002  -7.570790e+002  -4.808323e+002  -1.648210e+002  1.648210e+002  4.808323e+002  7.570790e+002  9.588389e+002  1.059923e+003  1.110839e+003  1.136588e+003  -0.000000e+000  -0.000000e+000  
-0.000000e+000  -1.671231e+003  -1.633370e+003  -1.558504e+003  -1.409870e+003  -1.113204e+003  -7.070125e+002  -2.423516e+002  2.423516e+002  7.070125e+002  1.113204e+003  1.409870e+003  1.558504e+003  1.633370e+003  1.671231e+003  -0.000000e+000  -0.000000e+000  
-0.000000e+000  -2.119622e+003  -2.071602e+003  -1.976650e+003  -1.788138e+003  -1.411876e+003  -8.967038e+002  -3.073745e+002  3.073745e+002  8.967038e+002  1.411876e+003  1.788138e+003  1.976650e+003  2.071602e+003  2.119622e+003  -0.000000e+000  -0.000000e+000  
-0.000000e+000  -2.355642e+003  -2.302275e+003  -2.196749e+003  -1.987246e+003  -1.569088e+003  -9.965515e+002  -3.416006e+002  3.416006e+002  9.965515e+002  1.569088e+003  1.987246e+003  2.196749e+003  2.302275e+003  2.355642e+003  -0.000000e+000  -0.000000e+000  
-0.000000e+000  -2.355642e+003  -2.302275e+003  -2.196749e+003  -1.987246e+003  -1.569088e+003  -9.965515e+002  -3.416006e+002  3.416006e+002  9.965515e+002  1.569088e+003  1.987246e+003  2.196749e+003  2.302275e+003  2.355642e+003  -0.000000e+000  -0.000000e+000  
-0.000000e+000  -2.119622e+003  -2.071602e+003  -1.976650e+003  -1.788138e+003  -1.411876e+003  -8.967038e+002  -3.073745e+002  3.073745e+002  8.967038e+002  1.411876e+003  1.788138e+003  1.976650e+003  2.071602e+003  2.119622e+003  -0.000000e+000  -0.000000e+000  
-0.000000e+000  -1.671231e+003  -1.633370e+003  -1.558504e+003  -1.409870e+003  -1.113204e+003  -7.070125e+002  -2.423516e+002  2.423516e+002  7.070125e+002  1.113204e+003  1.409870e+003  1.558504e+003  1.633370e+003  1.671231e+003  -0.000000e+000  -0.000000e+000  
-0.000000e+000  -1.136588e+003  -1.110839e+003  -1.059923e+003  -9.588389e+002  -7.570790e+002  -4.808323e+002  -1.648210e+002  1.648210e+002  4.808323e+002  7.570790e+002  9.588389e+002  1.059923e+003  1.110839e+003  1.136588e+003  -0.000000e+000  -0.000000e+000  
-0.000000e+000  -7.756923e+002  -7.581190e+002  -7.233704e+002  -6.543830e+002  -5.166870e+002  -3.281557e+002  -1.124861e+002  1.124861e+002  3.281557e+002  5.166870e+002  6.543830e+002  7.233704e+002  7.581190e+002  7.756923e+002  -0.000000e+000  -0.000000e+000  
-0.000000e+000  -3.932966e+002  -3.843865e+002  -3.667681e+002  -3.317896e+002  -2.619741e+002  -1.663837e+002  -5.703344e+001  5.703344e+001  1.663837e+002  2.619741e+002  3.317896e+002  3.667681e+002  3.843865e+002  3.932966e+002  -0.000000e+000  -0.000000e+000  
-0.000000e+000  -0.000000e+000  -0.000000e+000  -0.000000e+000  -0.000000e+000  -0.000000e+000  -0.000000e+000  -0.000000e+000  -0.000000e+000  -0.000000e+000  -0.000000e+000  -0.000000e+000  -0.000000e+000  -0.000000e+000  -0.000000e+000  -0.000000e+000  -0.000000e+000  
-0.000000e+000  -0.000000e+000  -0.000000e+000  -0.000000e+000  -0.000000e+000  -0.000000e+000  -0.000000e+000  -0.000000e+000  -0.000000e+000  -0.000000e+000  -0.000000e+000  -0.000000e+000  -0.000000e+000  -0.000000e+000  -0.000000e+000  -0.000000e+000  -0.000000e+000  

-0.000000e+000  -0.000000e+000  -0.000000e+000  -0.000000e+000  -0.000000e+000  -0.000000e+000  -0.000000e+000  -0.000000e+000  -0.000000e+000  -0.000000e+000  -0.000000e+000  -0.000000e+000  -0.000000e+000  -0.000000e+000  -0.000000e+000  -0.000000e+000  -0.000000e+000  
-0.000000e+000  -0.000000e+000  9.362795e+001  1.851348e+002  2.724473e+002  4.065780e+002  5.257332e+002  6.014105e+002  6.273514e+002  6.014105e+002  5.257332e+002  4.065780e+002  2.724473e+002  1.851348e+002  9.362795e+001  -0.000000e+000  -0.000000e+000  
-0.000000e+000  -0.000000e+000  9.103287e+001  1.800034e+002  2.648959e+002  3.953090e+002  5.111615e+002  5.847413e+002  6.099631e+002  5.847413e+002  5.111615e+002  3.953090e+002  2.648959e+002  1.800034e+002  9.103287e+001  -0.000000e+000  -0.000000e+000  
-0.000000e+000  -0.000000e+000  8.591464e+001  1.698829e+002  2.500024e+002  3.730831e+002  4.824220e+002  5.518648e+002  5.756686e+002  5.518648e+002  4.824220e+002  3.730831e+002  2.500024e+002  1.698829e+002  8.591464e+001  -0.000000e+000  -0.000000e+000  
-0.000000e+000  -0.000000e+000  7.587481e+001  1.500307e+002  2.207876e+002  3.294853e+002  4.260471e+002  4.873749e+002  5.083971e+002  4.873749e+002  4.260471e+002  3.294853e+002  2.207876e+002  1.500307e+002  7.587481e+001  -0.000000e+000  -0.000000e+000  
-0.000000e+000  -0.000000e+000  5.614298e+001  1.110140e+002  1.633700e+002  2.438001e+002  3.152503e+002  3.606294e+002  3.761845e+002  3.606294e+002  3.152503e+002  2.438001e+002  1.633700e+002  1.110140e+002  5.614298e+001  -0.000000e+000  -0.000000e+000  
-0.000000e+000  -0.000000e+000  2.955194e+001  5.843438e+001  8.599298e+001  1.283289e+002  1.659381e+002  1.898242e+002  1.980120e+002  1.898242e+002  1.659381e+002  1.283289e+002  8.599298e+001  5.843438e+001  2.955194e+001  -0.000000e+000  -0.000000e+000  
-0.000000e+000  -0.000000e+000  -4.195227e-008  -0.000000e+000  5.639657e-008  -2.019224e-008  -2.151840e-008  -7.873603e-008  3.240039e-008  1.332569e-008  4.051195e-008  -7.731135e-008  -9.986705e-008  -1.535695e-007  -6.064463e-008  -0.000000e+000  -0.000000e+000  
-0.000000e+000  -0.000000e+000  -2.955194e+001  -5.843438e+001  -8.599298e+001  -1.283289e+002  -1.659381e+002  -1.898242e+002  -1.980120e+002  -1.898242e+002  -1.659381e+002  -1.283289e+002  -8.599298e+001  -5.843438e+001  -2.955194e+001  -0.000000e+000  -0.000000e+000  
-0.000000e+000  -0.000000e+000  -5.614298e+001  -1.110140e+002  -1.633700e+002  -2.438001e+002  -3.152503e+002  -3.606294e+002  -3.761845e+002  -3.606294e+002  -3.152503e+002  -2.438001e+002  -1.633700e+002  -1.110140e+002  -5.614298e+001  -0.000000e+000  -0.000000e+000  
-0.000000e+000  -0.000000e+000  -7.587481e+001  -1.500307e+002  -2.207876e+002  -3.294853e+002  -4.260471e+002  -4.873749e+002  -5.083971e+002  -4.873749e+002  -4.260471e+002  -3.294853e+002  -2.207876e+002  -1.500307e+002  -7.587481e+001  -0.000000e+000  -0.000000e+000  
-0.000000e+000  -0.000000e+000  -8.591464e+001  -1.698829e+002  -2.500024e+002  -3.730831e+002  -4.824220e+002  -5.518648e+002  -5.756686e+002  -5.518648e+002  -4.824220e+002  -3.730831e+002  -2.500024e+002  -1.698829e+002  -8.591464e+001  -0.000000e+000  -0.000000e+000  
-0.000000e+000  -0.000000e+000  -9.103287e+001  -1.800034e+002  -2.648959e+002  -3.953090e+002  -5.111615e+002  -5.847413e+002  -6.099631e+002  -5.847413e+002  -5.111615e+002  -3.953090e+002  -2.648959e+002  -1.800034e+002  -9.103287e+001  -0.000000e+000  -0.000000e+000  
-0.000000e+000  -0.000000e+000  -9.362795e+001  -1.851348e+002  -2.724473e+002  -4.065780e+002  -5.257332e+002  -6.014105e+002  -6.273514e+002  -6.014105e+002  -5.257332e+002  -4.065780e+002  -2.724473e+002  -1.851348e+002  -9.362795e+001  -0.000000e+000  -0.000000e+000  
-0.000000e+000  -0.000000e+000  -0.000000e+000  -0.000000e+000  -0.000000e+000  -0.000000e+000  -0.000000e+000  -0.000000e+000  -0.000000e+000  -0.000000e+000  -0.000000e+000  -0.000000e+000  -0.000000e+000  -0.000000e+000  -0.000000e+000  -0.000000e+000  -0.000000e+000  
-0.000000e+000  -0.000000e+000  -0.000000e+000  -0.000000e+000  -0.000000e+000  -0.000000e+000  -0.000000e+000  -0.000000e+000  -0.000000e+000  -0.000000e+000  -0.000000e+000  -0.000000e+000  -0.000000e+000  -0.000000e+000  -0.000000e+000  -0.000000e+000  -0.000000e+000  

-0.000000e+000  -0.000000e+000  -0.000000e+000  -0.000000e+000  -0.000000e+000  -0.000000e+000  -0.000000e+000  -0.000000e+000  -0.000000e+000  -0.000000e+000  -0.000000e+000  -0.000000e+000  -0.000000e+000  -0.000000e+000  -0.000000e+000  -0.000000e+000  -0.000000e+000  
-0.000000e+000  -0.000000e+000  -0.000000e+000  -0.000000e+000  -0.000000e+000  -0.000000e+000  -0.000000e+000  -0.000000e+000  -0.000000e+000  -0.000000e+000  -0.000000e+000  -0.000000e+000  -0.000000e+000  -0.000000e+000  -0.000000e+000  -0.000000e+000  -0.000000e+000  
-0.000000e+000  -0.000000e+000  3.771022e+001  7.456612e+001  1.097327e+002  1.637561e+002  2.117478e+002  2.422281e+002  2.526762e+002  2.422281e+002  2.117478e+002  1.637561e+002  1.097327e+002  7.456612e+001  3.771022e+001  -0.000000e+000  -0.000000e+000  
-0.000000e+000  -0.000000e+000  7.437523e+001  1.470655e+002  2.164240e+002  3.229734e+002  4.176267e+002  4.777424e+002  4.983491e+002  4.777424e+002  4.176267e+002  3.229734e+002  2.164240e+002  1.470655e+002  7.437523e+001  -0.000000e+000  -0.000000e+000  
-0.000000e+000  -0.000000e+000  1.089788e+002  2.154887e+002  3.171166e+002  4.732389e+002  6.119302e+002  7.000152e+002  7.302092e+002  7.000152e+002  6.119302e+002  4.732389e+002  3.171166e+002  2.154887e+002  1.089788e+002  -0.000000e+000  -0.000000e+000  
-0.000000e+000  -0.000000e+000  1.602417e+002  3.168530e+002  4.662861e+002  6.958471e+002  8.997779e+002  1.029297e+003  1.073694e+003  1.029297e+003  8.997779e+002  6.958471e+002  4.662861e+002  3.168530e+002  1.602417e+002  -0.000000e+000  -0.000000e+000  
-0.000000e+000  -0.000000e+000  2.032345e+002  4.018647e+002  5.913906e+002  8.825428e+002  1.141188e+003  1.305458e+003  1.361767e+003  1.305458e+003  1.141188e+003  8.825428e+002  5.913906e+002  4.018647e+002  2.032345e+002  -0.000000e+000  -0.000000e+000  
-0.000000e+000  -0.000000e+000  2.258646e+002  4.466122e+002  6.572418e+002  9.808137e+002  1.268259e+003  1.450820e+003  1.513399e+003  1.450820e+003  1.268259e+003  9.808137e+002  6.572418e+002  4.466122e+002  2.258646e+002  -0.000000e+000  -0.000000e+000  
-0.000000e+000  -0.000000e+000  2.258646e+002  4.466122e+002  6.572418e+002  9.808137e+002  1.268259e+003  1.450820e+003  1.513399e+003  1.450820e+003  1.268259e+003  9.808137e+002  6.572417e+002  4.466122e+002  2.258646e+002  -0.000000e+000  -0.000000e+000  
-0.000000e+000  -0.000000e+000  2.032345e+002  4.018647e+002  5.913906e+002  8.825428e+002  1.141188e+003  1.305458e+003  1.361767e+003  1.305458e+003  1.141188e+003  8.825428e+002  5.913906e+002  4.018647e+002  2.032345e+002  -0.000000e+000  -0.000000e+000  
-0.000000e+000  -0.000000e+000  1.602417e+002  3.168530e+002  4.662861e+002  6.958471e+002  8.997779e+002  1.029297e+003  1.073694e+003  1.029297e+003  8.997779e+002  6.958471e+002  4.662861e+002  3.168530e+002  1.602417e+002  -0.000000e+000  -0.000000e+000  
-0.000000e+000  -0.000000e+000  1.089788e+002  2.154887e+002  3.171166e+002  4.732389e+002  6.119302e+002  7.000152e+002  7.302092e+002  7.000152e+002  6.119302e+002  4.732389e+002  3.171166e+002  2.154887e+002  1.089788e+002  -0.000000e+000  -0.000000e+000  
-0.000000e+000  -0.000000e+000  7.437523e+001  1.470655e+002  2.164240e+002  3.229734e+002  4.176267e+002  4.777424e+002  4.983491e+002  4.777424e+002  4.176267e+002  3.229734e+002  2.164240e+002  1.470655e+002  7.437524e+001  -0.000000e+000  -0.000000e+000  
-0.000000e+000  -0.000000e+000  3.771022e+001  7.456612e+001  1.097327e+002  1.637561e+002  2.117479e+002  2.422281e+002  2.526762e+002  2.422281e+002  2.117479e+002  1.637561e+002  1.097327e+002  7.456612e+001  3.771022e+001  -0.000000e+000  -0.000000e+000  
-0.000000e+000  -0.000000e+000  -0.000000e+000  -0.000000e+000  -0.000000e+000  -0.000000e+000  -0.000000e+000  -0.000000e+000  -0.000000e+000  -0.000000e+000  -0.000000e+000  -0.000000e+000  -0.000000e+000  -0.000000e+000  -0.000000e+000  -0.000000e+000  -0.000000e+000  
-0.000000e+000  -0.000000e+000  -0.000000e+000  -0.000000e+000  -0.000000e+000  -0.000000e+000  -0.000000e+000  -0.000000e+000  -0.000000e+000  -0.000000e+000  -0.000000e+000  -0.000000e+000  -0.000000e+000  -0.000000e+000  -0.000000e+000  -0.000000e+000  -0.000000e+000  

0.000000e+000  0.000000e+000  0.000000e+000  0.000000e+000  0.000000e+000  0.000000e+000  0.000000e+000  0.000000e+000  0.000000e+000  0.000000e+000  0.000000e+000  0.000000e+000  0.000000e+000  0.000000e+000  0.000000e+000  0.000000e+000  0.000000e+000  
0.000000e+000  0.000000e+000  0.000000e+000  0.000000e+000  0.000000e+000  0.000000e+000  0.000000e+000  0.000000e+000  0.000000e+000  0.000000e+000  0.000000e+000  0.000000e+000  0.000000e+000  0.000000e+000  0.000000e+000  0.000000e+000  0.000000e+000  
0.000000e+000  0.000000e+000  0.000000e+000  0.000000e+000  0.000000e+000  0.000000e+000  0.000000e+000  0.000000e+000  0.000000e+000  0.000000e+000  0.000000e+000  0.000000e+000  0.000000e+000  0.000000e+000  0.000000e+000  0.000000e+000  0.000000e+000  
0.000000e+000  0.000000e+000  0.000000e+000  0.000000e+000  0.000000e+000  0.000000e+000  0.000000e+000  0.000000e+000  0.000000e+000  0.000000e+000  0.000000e+000  0.000000e+000  0.000000e+000  0.000000e+000  0.000000e+000  0.000000e+000  0.000000e+000  
0.000000e+000  0.000000e+000  0.000000e+000  0.000000e+000  0.000000e+000  0.000000e+000  0.000000e+000  0.000000e+000  0.000000e+000  0.000000e+000  0.000000e+000  0.000000e+000  0.000000e+000  0.000000e+000  0.000000e+000  0.000000e+000  0.000000e+000  
0.000000e+000  0.000000e+000  0.000000e+000  0.000000e+000  0.000000e+000  0.000000e+000  0.000000e+000  0.000000e+000  0.000000e+000  0.000000e+000  0.000000e+000  0.000000e+000  0.000000e+000  0.000000e+000  0.000000e+000  0.000000e+000  0.000000e+000  
0.000000e+000  0.000000e+000  0.000000e+000  0.000000e+000  0.000000e+000  0.000000e+000  0.000000e+000  0.000000e+000  0.000000e+000  0.000000e+000  0.000000e+000  0.000000e+000  0.000000e+000  0.000000e+000  0.000000e+000  0.000000e+000  0.000000e+000  
0.000000e+000  0.000000e+000  0.000000e+000  0.000000e+000  0.000000e+000  0.000000e+000  0.000000e+000  0.000000e+000  0.000000e+000  0.000000e+000  0.000000e+000  0.000000e+000  0.000000e+000  0.000000e+000  0.000000e+000  0.000000e+000  0.000000e+000  
0.000000e+000  0.000000e+000  0.000000e+000  0.000000e+000  0.000000e+000  0.000000e+000  0.000000e+000  0.000000e+000  0.000000e+000  0.000000e+000  0.000000e+000  0.000000e+000  0.000000e+000  0.000000e+000  0.000000e+000  0.000000e+000  0.000000e+000  
0.000000e+000  0.000000e+000  0.000000e+000  0.000000e+000  0.000000e+000  0.000000e+000  0.000000e+000  0.000000e+000  0.000000e+000  0.000000e+000  0.000000e+000  0.000000e+000  0.000000e+000  0.000000e+000  0.000000e+000  0.000000e+000  0.000000e+000  
0.000000e+000  0.000000e+000  0.000000e+000  0.000000e+000  0.000000e+000  0.000000e+000  0.000000e+000  0.000000e+000  0.000000e+000  0.000000e+000  0.000000e+000  0.000000e+000  0.000000e+000  0.000000e+000  0.000000e+000  0.000000e+000  0.000000e+000  
0.000000e+000  0.000000e+000  0.000000e+000  0.000000e+000  0.000000e+000  0.000000e+000  0.000000e+000  0.000000e+000  0.000000e+000  0.000000e+000  0.000000e+000  0.000000e+000  0.000000e+000  0.000000e+000  0.000000e+000  0.000000e+000  0.000000e+000  
0.000000e+000  0.000000e+000  0.000000e+000  0.000000e+000  0.000000e+000  0.000000e+000  0.000000e+000  0.000000e+000  0.000000e+000  0.000000e+000  0.000000e+000  0.000000e+000  0.000000e+000  0.000000e+000  0.000000e+000  0.000000e+000  0.000000e+000  
0.000000e+000  0.000000e+000  0.000000e+000  0.000000e+000  0.000000e+000  0.000000e+000  0.000000e+000  0.000000e+000  0.000000e+000  0.000000e+000  0.000000e+000  0.000000e+000  0.000000e+000  0.000000e+000  0.000000e+000  0.000000e+000  0.000000e+000  
0.000000e+000  0.000000e+000  0.000000e+000  0.000000e+000  0.000000e+000  0.000000e+000  0.000000e+000  0.000000e+000  0.000000e+000  0.000000e+000  0.000000e+000  0.000000e+000  0.000000e+000  0.000000e+000  0.000000e+000  0.000000e+000  0.000000e+000  
0.000000e+000  0.000000e+000  0.000000e+000  0.000000e+000  0.000000e+000  0.000000e+000  0.000000e+000  0.000000e+000  0.000000e+000  0.000000e+000  0.000000e+000  0.000000e+000  0.000000e+000  0.000000e+000  0.000000e+000  0.000000e+000  0.000000e+000  

0.000000e+000  0.000000e+000  0.000000e+000  0.000000e+000  0.000000e+000  0.000000e+000  0.000000e+000  0.000000e+000  0.000000e+000  0.000000e+000  0.000000e+000  0.000000e+000  0.000000e+000  0.000000e+000  0.000000e+000  0.000000e+000  0.000000e+000  
0.000000e+000  0.000000e+000  0.000000e+000  0.000000e+000  0.000000e+000  0.000000e+000  0.000000e+000  0.000000e+000  0.000000e+000  0.000000e+000  0.000000e+000  0.000000e+000  0.000000e+000  0.000000e+000  0.000000e+000  0.000000e+000  0.000000e+000  
0.000000e+000  0.000000e+000  0.000000e+000  0.000000e+000  0.000000e+000  0.000000e+000  0.000000e+000  0.000000e+000  0.000000e+000  0.000000e+000  0.000000e+000  0.000000e+000  0.000000e+000  0.000000e+000  0.000000e+000  0.000000e+000  0.000000e+000  
0.000000e+000  0.000000e+000  0.000000e+000  0.000000e+000  0.000000e+000  0.000000e+000  0.000000e+000  0.000000e+000  0.000000e+000  0.000000e+000  0.000000e+000  0.000000e+000  0.000000e+000  0.000000e+000  0.000000e+000  0.000000e+000  0.000000e+000  
0.000000e+000  0.000000e+000  0.000000e+000  0.000000e+000  0.000000e+000  0.000000e+000  0.000000e+000  0.000000e+000  0.000000e+000  0.000000e+000  0.000000e+000  0.000000e+000  0.000000e+000  0.000000e+000  0.000000e+000  0.000000e+000  0.000000e+000  
0.000000e+000  0.000000e+000  0.000000e+000  0.000000e+000  0.000000e+000  0.000000e+000  0.000000e+000  0.000000e+000  0.000000e+000  0.000000e+000  0.000000e+000  0.000000e+000  0.000000e+000  0.000000e+000  0.000000e+000  0.000000e+000  0.000000e+000  
0.000000e+000  0.000000e+000  0.000000e+000  0.000000e+000  0.000000e+000  0.000000e+000  0.000000e+000  0.000000e+000  0.000000e+000  0.000000e+000  0.000000e+000  0.000000e+000  0.000000e+000  0.000000e+000  0.000000e+000  0.000000e+000  0.000000e+000  
0.000000e+000  0.000000e+000  0.000000e+000  0.000000e+000  0.000000e+000  0.000000e+000  0.000000e+000  0.000000e+000  0.000000e+000  0.000000e+000  0.000000e+000  0.000000e+000  0.000000e+000  0.000000e+000  0.000000e+000  0.000000e+000  0.000000e+000  
0.000000e+000  0.000000e+000  0.000000e+000  0.000000e+000  0.000000e+000  0.000000e+000  0.000000e+000  0.000000e+000  0.000000e+000  0.000000e+000  0.000000e+000  0.000000e+000  0.000000e+000  0.000000e+000  0.000000e+000  0.000000e+000  0.000000e+000  
0.000000e+000  0.000000e+000  0.000000e+000  0.000000e+000  0.000000e+000  0.000000e+000  0.000000e+000  0.000000e+000  0.000000e+000  0.000000e+000  0.000000e+000  0.000000e+000  0.000000e+000  0.000000e+000  0.000000e+000  0.000000e+000  0.000000e+000  
0.000000e+000  0.000000e+000  0.000000e+000  0.000000e+000  0.000000e+000  0.000000e+000  0.000000e+000  0.000000e+000  0.000000e+000  0.000000e+000  0.000000e+000  0.000000e+000  0.000000e+000  0.000000e+000  0.000000e+000  0.000000e+000  0.000000e+000  
0.000000e+000  0.000000e+000  0.000000e+000  0.000000e+000  0.000000e+000  0.000000e+000  0.000000e+000  0.000000e+000  0.000000e+000  0.000000e+000  0.000000e+000  0.000000e+000  0.000000e+000  0.000000e+000  0.000000e+000  0.000000e+000  0.000000e+000  
0.000000e+000  0.000000e+000  0.000000e+000  0.000000e+000  0.000000e+000  0.000000e+000  0.000000e+000  0.000000e+000  0.000000e+000  0.000000e+000  0.000000e+000  0.000000e+000  0.000000e+000  0.000000e+000  0.000000e+000  0.000000e+000  0.000000e+000  
0.000000e+000  0.000000e+000  0.000000e+000  0.000000e+000  0.000000e+000  0.000000e+000  0.000000e+000  0.000000e+000  0.000000e+000  0.000000e+000  0.000000e+000  0.000000e+000  0.000000e+000  0.000000e+000  0.000000e+000  0.000000e+000  0.000000e+000  
0.000000e+000  0.000000e+000  0.000000e+000  0.000000e+000  0.000000e+000  0.000000e+000  0.000000e+000  0.000000e+000  0.000000e+000  0.000000e+000  0.000000e+000  0.000000e+000  0.000000e+000  0.000000e+000  0.000000e+000  0.000000e+000  0.000000e+000  
0.000000e+000  0.000000e+000  0.000000e+000  0.000000e+000  0.000000e+000  0.000000e+000  0.000000e+000  0.000000e+000  0.000000e+000  0.000000e+000  0.000000e+000  0.000000e+000  0.000000e+000  0.000000e+000  0.000000e+000  0.000000e+000  0.000000e+000  

0.000000e+000  0.000000e+000  0.000000e+000  0.000000e+000  0.000000e+000  0.000000e+000  0.000000e+000  0.000000e+000  0.000000e+000  0.000000e+000  0.000000e+000  0.000000e+000  0.000000e+000  0.000000e+000  0.000000e+000  0.000000e+000  0.000000e+000  
0.000000e+000  0.000000e+000  0.000000e+000  0.000000e+000  0.000000e+000  0.000000e+000  0.000000e+000  0.000000e+000  0.000000e+000  0.000000e+000  0.000000e+000  0.000000e+000  0.000000e+000  0.000000e+000  0.000000e+000  0.000000e+000  0.000000e+000  
0.000000e+000  0.000000e+000  0.000000e+000  0.000000e+000  0.000000e+000  0.000000e+000  0.000000e+000  0.000000e+000  0.000000e+000  0.000000e+000  0.000000e+000  0.000000e+000  0.000000e+000  0.000000e+000  0.000000e+000  0.000000e+000  0.000000e+000  
0.000000e+000  0.000000e+000  0.000000e+000  0.000000e+000  0.000000e+000  0.000000e+000  0.000000e+000  0.000000e+000  0.000000e+000  0.000000e+000  0.000000e+000  0.000000e+000  0.000000e+000  0.000000e+000  0.000000e+000  0.000000e+000  0.000000e+000  
0.000000e+000  0.000000e+000  0.000000e+000  0.000000e+000  0.000000e+000  0.000000e+000  0.000000e+000  0.000000e+000  0.000000e+000  0.000000e+000  0.000000e+000  0.000000e+000  0.000000e+000  0.000000e+000  0.000000e+000  0.000000e+000  0.000000e+000  
0.000000e+000  0.000000e+000  0.000000e+000  0.000000e+000  0.000000e+000  0.000000e+000  0.000000e+000  0.000000e+000  0.000000e+000  0.000000e+000  0.000000e+000  0.000000e+000  0.000000e+000  0.000000e+000  0.000000e+000  0.000000e+000  0.000000e+000  
0.000000e+000  0.000000e+000  0.000000e+000  0.000000e+000  0.000000e+000  0.000000e+000  0.000000e+000  0.000000e+000  0.000000e+000  0.000000e+000  0.000000e+000  0.000000e+000  0.000000e+000  0.000000e+000  0.000000e+000  0.000000e+000  0.000000e+000  
0.000000e+000  0.000000e+000  0.000000e+000  0.000000e+000  0.000000e+000  0.000000e+000  0.000000e+000  0.000000e+000  0.000000e+000  0.000000e+000  0.000000e+000  0.000000e+000  0.000000e+000  0.000000e+000  0.000000e+000  0.000000e+000  0.000000e+000  
0.000000e+000  0.000000e+000  0.000000e+000  0.000000e+000  0.000000e+000  0.000000e+000  0.000000e+000  0.000000e+000  0.000000e+000  0.000000e+000  0.000000e+000  0.000000e+000  0.000000e+000  0.000000e+000  0.000000e+000  0.000000e+000  0.000000e+000  
0.000000e+000  0.000000e+000  0.000000e+000  0.000000e+000  0.000000e+000  0.000000e+000  0.000000e+000  0.000000e+000  0.000000e+000  0.000000e+000  0.000000e+000  0.000000e+000  0.000000e+000  0.000000e+000  0.000000e+000  0.000000e+000  0.000000e+000  
0.000000e+000  0.000000e+000  0.000000e+000  0.000000e+000  0.000000e+000  0.000000e+000  0.000000e+000  0.000000e+000  0.000000e+000  0.000000e+000  0.000000e+000  0.000000e+000  0.000000e+000  0.000000e+000  0.000000e+000  0.000000e+000  0.000000e+000  
0.000000e+000  0.000000e+000  0.000000e+000  0.000000e+000  0.000000e+000  0.000000e+000  0.000000e+000  0.000000e+000  0.000000e+000  0.000000e+000  0.000000e+000  0.000000e+000  0.000000e+000  0.000000e+000  0.000000e+000  0.000000e+000  0.000000e+000  
0.000000e+000  0.000000e+000  0.000000e+000  0.000000e+000  0.000000e+000  0.000000e+000  0.000000e+000  0.000000e+000  0.000000e+000  0.000000e+000  0.000000e+000  0.000000e+000  0.000000e+000  0.000000e+000  0.000000e+000  0.000000e+000  0.000000e+000  
0.000000e+000  0.000000e+000  0.000000e+000  0.000000e+000  0.000000e+000  0.000000e+000  0.000000e+000  0.000000e+000  0.000000e+000  0.000000e+000  0.000000e+000  0.000000e+000  0.000000e+000  0.000000e+000  0.000000e+000  0.000000e+000  0.000000e+000  
0.000000e+000  0.000000e+000  0.000000e+000  0.000000e+000  0.000000e+000  0.000000e+000  0.000000e+000  0.000000e+000  0.000000e+000  0.000000e+000  0.000000e+000  0.000000e+000  0.000000e+000  0.000000e+000  0.000000e+000  0.000000e+000  0.000000e+000  
0.000000e+000  0.000000e+000  0.000000e+000  0.000000e+000  0.000000e+000  0.000000e+000  0.000000e+000  0.000000e+000  0.000000e+000  0.000000e+000  0.000000e+000  0.000000e+000  0.000000e+000  0.000000e+000  0.000000e+000  0.000000e+000  0.000000e+000  

