Port monitor named: Port2_h2[7.5].prt

nx        = 17
ny        = 16
nz        = 52

nu        = 17
nv        = 16
iu        = 1
iv        = 1

idir      = 2
dcut      = -5.000000e-002
icut      = 1
type      = 1
frequency = 7.500000e+009

fcutoff   = 8.328585e+009
alpha     = 7.581956e+001
beta      = 0.000000e+000
accuracy  = 3.139287e-011

type          = TE
wave imp.     = 7.810336e+002
wave imp.sig. = 1.959630e-005
line imp.     = 0.000000e+000

ref. port     = 0

0.000000e+000  0.000000e+000  0.000000e+000  0.000000e+000  0.000000e+000  0.000000e+000  0.000000e+000  0.000000e+000  0.000000e+000  0.000000e+000  0.000000e+000  0.000000e+000  0.000000e+000  0.000000e+000  0.000000e+000  0.000000e+000  0.000000e+000  
0.000000e+000  0.000000e+000  0.000000e+000  0.000000e+000  0.000000e+000  0.000000e+000  0.000000e+000  0.000000e+000  0.000000e+000  0.000000e+000  0.000000e+000  0.000000e+000  0.000000e+000  0.000000e+000  0.000000e+000  0.000000e+000  0.000000e+000  
0.000000e+000  0.000000e+000  0.000000e+000  0.000000e+000  0.000000e+000  0.000000e+000  0.000000e+000  0.000000e+000  0.000000e+000  0.000000e+000  0.000000e+000  0.000000e+000  0.000000e+000  0.000000e+000  0.000000e+000  0.000000e+000  0.000000e+000  
0.000000e+000  0.000000e+000  0.000000e+000  0.000000e+000  0.000000e+000  0.000000e+000  0.000000e+000  0.000000e+000  0.000000e+000  0.000000e+000  0.000000e+000  0.000000e+000  0.000000e+000  0.000000e+000  0.000000e+000  0.000000e+000  0.000000e+000  
0.000000e+000  0.000000e+000  0.000000e+000  0.000000e+000  0.000000e+000  0.000000e+000  0.000000e+000  0.000000e+000  0.000000e+000  0.000000e+000  0.000000e+000  0.000000e+000  0.000000e+000  0.000000e+000  0.000000e+000  0.000000e+000  0.000000e+000  
0.000000e+000  0.000000e+000  0.000000e+000  0.000000e+000  0.000000e+000  0.000000e+000  0.000000e+000  0.000000e+000  0.000000e+000  0.000000e+000  0.000000e+000  0.000000e+000  0.000000e+000  0.000000e+000  0.000000e+000  0.000000e+000  0.000000e+000  
0.000000e+000  0.000000e+000  0.000000e+000  0.000000e+000  0.000000e+000  0.000000e+000  0.000000e+000  0.000000e+000  0.000000e+000  0.000000e+000  0.000000e+000  0.000000e+000  0.000000e+000  0.000000e+000  0.000000e+000  0.000000e+000  0.000000e+000  
0.000000e+000  0.000000e+000  0.000000e+000  0.000000e+000  0.000000e+000  0.000000e+000  0.000000e+000  0.000000e+000  0.000000e+000  0.000000e+000  0.000000e+000  0.000000e+000  0.000000e+000  0.000000e+000  0.000000e+000  0.000000e+000  0.000000e+000  
0.000000e+000  0.000000e+000  0.000000e+000  0.000000e+000  0.000000e+000  0.000000e+000  0.000000e+000  0.000000e+000  0.000000e+000  0.000000e+000  0.000000e+000  0.000000e+000  0.000000e+000  0.000000e+000  0.000000e+000  0.000000e+000  0.000000e+000  
0.000000e+000  0.000000e+000  0.000000e+000  0.000000e+000  0.000000e+000  0.000000e+000  0.000000e+000  0.000000e+000  0.000000e+000  0.000000e+000  0.000000e+000  0.000000e+000  0.000000e+000  0.000000e+000  0.000000e+000  0.000000e+000  0.000000e+000  
0.000000e+000  0.000000e+000  0.000000e+000  0.000000e+000  0.000000e+000  0.000000e+000  0.000000e+000  0.000000e+000  0.000000e+000  0.000000e+000  0.000000e+000  0.000000e+000  0.000000e+000  0.000000e+000  0.000000e+000  0.000000e+000  0.000000e+000  
0.000000e+000  0.000000e+000  0.000000e+000  0.000000e+000  0.000000e+000  0.000000e+000  0.000000e+000  0.000000e+000  0.000000e+000  0.000000e+000  0.000000e+000  0.000000e+000  0.000000e+000  0.000000e+000  0.000000e+000  0.000000e+000  0.000000e+000  
0.000000e+000  0.000000e+000  0.000000e+000  0.000000e+000  0.000000e+000  0.000000e+000  0.000000e+000  0.000000e+000  0.000000e+000  0.000000e+000  0.000000e+000  0.000000e+000  0.000000e+000  0.000000e+000  0.000000e+000  0.000000e+000  0.000000e+000  
0.000000e+000  0.000000e+000  0.000000e+000  0.000000e+000  0.000000e+000  0.000000e+000  0.000000e+000  0.000000e+000  0.000000e+000  0.000000e+000  0.000000e+000  0.000000e+000  0.000000e+000  0.000000e+000  0.000000e+000  0.000000e+000  0.000000e+000  
0.000000e+000  0.000000e+000  0.000000e+000  0.000000e+000  0.000000e+000  0.000000e+000  0.000000e+000  0.000000e+000  0.000000e+000  0.000000e+000  0.000000e+000  0.000000e+000  0.000000e+000  0.000000e+000  0.000000e+000  0.000000e+000  0.000000e+000  
0.000000e+000  0.000000e+000  0.000000e+000  0.000000e+000  0.000000e+000  0.000000e+000  0.000000e+000  0.000000e+000  0.000000e+000  0.000000e+000  0.000000e+000  0.000000e+000  0.000000e+000  0.000000e+000  0.000000e+000  0.000000e+000  0.000000e+000  

0.000000e+000  0.000000e+000  0.000000e+000  0.000000e+000  0.000000e+000  0.000000e+000  0.000000e+000  0.000000e+000  0.000000e+000  0.000000e+000  0.000000e+000  0.000000e+000  0.000000e+000  0.000000e+000  0.000000e+000  0.000000e+000  0.000000e+000  
0.000000e+000  0.000000e+000  0.000000e+000  0.000000e+000  0.000000e+000  0.000000e+000  0.000000e+000  0.000000e+000  0.000000e+000  0.000000e+000  0.000000e+000  0.000000e+000  0.000000e+000  0.000000e+000  0.000000e+000  0.000000e+000  0.000000e+000  
0.000000e+000  0.000000e+000  0.000000e+000  0.000000e+000  0.000000e+000  0.000000e+000  0.000000e+000  0.000000e+000  0.000000e+000  0.000000e+000  0.000000e+000  0.000000e+000  0.000000e+000  0.000000e+000  0.000000e+000  0.000000e+000  0.000000e+000  
0.000000e+000  0.000000e+000  0.000000e+000  0.000000e+000  0.000000e+000  0.000000e+000  0.000000e+000  0.000000e+000  0.000000e+000  0.000000e+000  0.000000e+000  0.000000e+000  0.000000e+000  0.000000e+000  0.000000e+000  0.000000e+000  0.000000e+000  
0.000000e+000  0.000000e+000  0.000000e+000  0.000000e+000  0.000000e+000  0.000000e+000  0.000000e+000  0.000000e+000  0.000000e+000  0.000000e+000  0.000000e+000  0.000000e+000  0.000000e+000  0.000000e+000  0.000000e+000  0.000000e+000  0.000000e+000  
0.000000e+000  0.000000e+000  0.000000e+000  0.000000e+000  0.000000e+000  0.000000e+000  0.000000e+000  0.000000e+000  0.000000e+000  0.000000e+000  0.000000e+000  0.000000e+000  0.000000e+000  0.000000e+000  0.000000e+000  0.000000e+000  0.000000e+000  
0.000000e+000  0.000000e+000  0.000000e+000  0.000000e+000  0.000000e+000  0.000000e+000  0.000000e+000  0.000000e+000  0.000000e+000  0.000000e+000  0.000000e+000  0.000000e+000  0.000000e+000  0.000000e+000  0.000000e+000  0.000000e+000  0.000000e+000  
0.000000e+000  0.000000e+000  0.000000e+000  0.000000e+000  0.000000e+000  0.000000e+000  0.000000e+000  0.000000e+000  0.000000e+000  0.000000e+000  0.000000e+000  0.000000e+000  0.000000e+000  0.000000e+000  0.000000e+000  0.000000e+000  0.000000e+000  
0.000000e+000  0.000000e+000  0.000000e+000  0.000000e+000  0.000000e+000  0.000000e+000  0.000000e+000  0.000000e+000  0.000000e+000  0.000000e+000  0.000000e+000  0.000000e+000  0.000000e+000  0.000000e+000  0.000000e+000  0.000000e+000  0.000000e+000  
0.000000e+000  0.000000e+000  0.000000e+000  0.000000e+000  0.000000e+000  0.000000e+000  0.000000e+000  0.000000e+000  0.000000e+000  0.000000e+000  0.000000e+000  0.000000e+000  0.000000e+000  0.000000e+000  0.000000e+000  0.000000e+000  0.000000e+000  
0.000000e+000  0.000000e+000  0.000000e+000  0.000000e+000  0.000000e+000  0.000000e+000  0.000000e+000  0.000000e+000  0.000000e+000  0.000000e+000  0.000000e+000  0.000000e+000  0.000000e+000  0.000000e+000  0.000000e+000  0.000000e+000  0.000000e+000  
0.000000e+000  0.000000e+000  0.000000e+000  0.000000e+000  0.000000e+000  0.000000e+000  0.000000e+000  0.000000e+000  0.000000e+000  0.000000e+000  0.000000e+000  0.000000e+000  0.000000e+000  0.000000e+000  0.000000e+000  0.000000e+000  0.000000e+000  
0.000000e+000  0.000000e+000  0.000000e+000  0.000000e+000  0.000000e+000  0.000000e+000  0.000000e+000  0.000000e+000  0.000000e+000  0.000000e+000  0.000000e+000  0.000000e+000  0.000000e+000  0.000000e+000  0.000000e+000  0.000000e+000  0.000000e+000  
0.000000e+000  0.000000e+000  0.000000e+000  0.000000e+000  0.000000e+000  0.000000e+000  0.000000e+000  0.000000e+000  0.000000e+000  0.000000e+000  0.000000e+000  0.000000e+000  0.000000e+000  0.000000e+000  0.000000e+000  0.000000e+000  0.000000e+000  
0.000000e+000  0.000000e+000  0.000000e+000  0.000000e+000  0.000000e+000  0.000000e+000  0.000000e+000  0.000000e+000  0.000000e+000  0.000000e+000  0.000000e+000  0.000000e+000  0.000000e+000  0.000000e+000  0.000000e+000  0.000000e+000  0.000000e+000  
0.000000e+000  0.000000e+000  0.000000e+000  0.000000e+000  0.000000e+000  0.000000e+000  0.000000e+000  0.000000e+000  0.000000e+000  0.000000e+000  0.000000e+000  0.000000e+000  0.000000e+000  0.000000e+000  0.000000e+000  0.000000e+000  0.000000e+000  

0.000000e+000  0.000000e+000  0.000000e+000  0.000000e+000  0.000000e+000  0.000000e+000  0.000000e+000  0.000000e+000  0.000000e+000  0.000000e+000  0.000000e+000  0.000000e+000  0.000000e+000  0.000000e+000  0.000000e+000  0.000000e+000  0.000000e+000  
0.000000e+000  0.000000e+000  0.000000e+000  0.000000e+000  0.000000e+000  0.000000e+000  0.000000e+000  0.000000e+000  0.000000e+000  0.000000e+000  0.000000e+000  0.000000e+000  0.000000e+000  0.000000e+000  0.000000e+000  0.000000e+000  0.000000e+000  
0.000000e+000  0.000000e+000  0.000000e+000  0.000000e+000  0.000000e+000  0.000000e+000  0.000000e+000  0.000000e+000  0.000000e+000  0.000000e+000  0.000000e+000  0.000000e+000  0.000000e+000  0.000000e+000  0.000000e+000  0.000000e+000  0.000000e+000  
0.000000e+000  0.000000e+000  0.000000e+000  0.000000e+000  0.000000e+000  0.000000e+000  0.000000e+000  0.000000e+000  0.000000e+000  0.000000e+000  0.000000e+000  0.000000e+000  0.000000e+000  0.000000e+000  0.000000e+000  0.000000e+000  0.000000e+000  
0.000000e+000  0.000000e+000  0.000000e+000  0.000000e+000  0.000000e+000  0.000000e+000  0.000000e+000  0.000000e+000  0.000000e+000  0.000000e+000  0.000000e+000  0.000000e+000  0.000000e+000  0.000000e+000  0.000000e+000  0.000000e+000  0.000000e+000  
0.000000e+000  0.000000e+000  0.000000e+000  0.000000e+000  0.000000e+000  0.000000e+000  0.000000e+000  0.000000e+000  0.000000e+000  0.000000e+000  0.000000e+000  0.000000e+000  0.000000e+000  0.000000e+000  0.000000e+000  0.000000e+000  0.000000e+000  
0.000000e+000  0.000000e+000  0.000000e+000  0.000000e+000  0.000000e+000  0.000000e+000  0.000000e+000  0.000000e+000  0.000000e+000  0.000000e+000  0.000000e+000  0.000000e+000  0.000000e+000  0.000000e+000  0.000000e+000  0.000000e+000  0.000000e+000  
0.000000e+000  0.000000e+000  0.000000e+000  0.000000e+000  0.000000e+000  0.000000e+000  0.000000e+000  0.000000e+000  0.000000e+000  0.000000e+000  0.000000e+000  0.000000e+000  0.000000e+000  0.000000e+000  0.000000e+000  0.000000e+000  0.000000e+000  
0.000000e+000  0.000000e+000  0.000000e+000  0.000000e+000  0.000000e+000  0.000000e+000  0.000000e+000  0.000000e+000  0.000000e+000  0.000000e+000  0.000000e+000  0.000000e+000  0.000000e+000  0.000000e+000  0.000000e+000  0.000000e+000  0.000000e+000  
0.000000e+000  0.000000e+000  0.000000e+000  0.000000e+000  0.000000e+000  0.000000e+000  0.000000e+000  0.000000e+000  0.000000e+000  0.000000e+000  0.000000e+000  0.000000e+000  0.000000e+000  0.000000e+000  0.000000e+000  0.000000e+000  0.000000e+000  
0.000000e+000  0.000000e+000  0.000000e+000  0.000000e+000  0.000000e+000  0.000000e+000  0.000000e+000  0.000000e+000  0.000000e+000  0.000000e+000  0.000000e+000  0.000000e+000  0.000000e+000  0.000000e+000  0.000000e+000  0.000000e+000  0.000000e+000  
0.000000e+000  0.000000e+000  0.000000e+000  0.000000e+000  0.000000e+000  0.000000e+000  0.000000e+000  0.000000e+000  0.000000e+000  0.000000e+000  0.000000e+000  0.000000e+000  0.000000e+000  0.000000e+000  0.000000e+000  0.000000e+000  0.000000e+000  
0.000000e+000  0.000000e+000  0.000000e+000  0.000000e+000  0.000000e+000  0.000000e+000  0.000000e+000  0.000000e+000  0.000000e+000  0.000000e+000  0.000000e+000  0.000000e+000  0.000000e+000  0.000000e+000  0.000000e+000  0.000000e+000  0.000000e+000  
0.000000e+000  0.000000e+000  0.000000e+000  0.000000e+000  0.000000e+000  0.000000e+000  0.000000e+000  0.000000e+000  0.000000e+000  0.000000e+000  0.000000e+000  0.000000e+000  0.000000e+000  0.000000e+000  0.000000e+000  0.000000e+000  0.000000e+000  
0.000000e+000  0.000000e+000  0.000000e+000  0.000000e+000  0.000000e+000  0.000000e+000  0.000000e+000  0.000000e+000  0.000000e+000  0.000000e+000  0.000000e+000  0.000000e+000  0.000000e+000  0.000000e+000  0.000000e+000  0.000000e+000  0.000000e+000  
0.000000e+000  0.000000e+000  0.000000e+000  0.000000e+000  0.000000e+000  0.000000e+000  0.000000e+000  0.000000e+000  0.000000e+000  0.000000e+000  0.000000e+000  0.000000e+000  0.000000e+000  0.000000e+000  0.000000e+000  0.000000e+000  0.000000e+000  

-0.000000e+000  -0.000000e+000  -0.000000e+000  -0.000000e+000  -0.000000e+000  -0.000000e+000  -0.000000e+000  -0.000000e+000  -0.000000e+000  -0.000000e+000  -0.000000e+000  -0.000000e+000  -0.000000e+000  -0.000000e+000  -0.000000e+000  -0.000000e+000  -0.000000e+000  
-0.000000e+000  -0.000000e+000  1.746469e-008  3.147329e-008  5.290505e-008  2.784455e-008  1.758543e-008  1.024463e-008  5.843220e-010  -1.098307e-008  -1.782154e-008  -2.888077e-008  -4.896087e-008  -3.946767e-008  -1.254226e-008  -0.000000e+000  -0.000000e+000  
-0.000000e+000  -0.000000e+000  1.358778e-008  3.471388e-008  4.741479e-008  2.436216e-008  1.734464e-008  6.345373e-009  -0.000000e+000  -7.168899e-009  -1.607528e-008  -2.198160e-008  -5.036992e-008  -2.094154e-008  -2.296852e-008  -0.000000e+000  -0.000000e+000  
-0.000000e+000  -0.000000e+000  1.837223e-008  2.777841e-008  3.986988e-008  9.911953e-009  1.607974e-008  1.259690e-008  -3.524277e-010  -9.692793e-009  -1.674479e-008  -8.155960e-009  -3.657635e-008  -3.408916e-008  -9.178347e-009  -0.000000e+000  -0.000000e+000  
-0.000000e+000  -0.000000e+000  1.254439e-008  2.829410e-008  4.863946e-008  8.380510e-009  1.831968e-008  1.042747e-008  2.141701e-010  -1.021711e-008  -1.750044e-008  -9.858182e-009  -4.941645e-008  -2.899290e-008  -1.406682e-008  -0.000000e+000  -0.000000e+000  
-0.000000e+000  -0.000000e+000  6.175287e-009  1.002081e-008  9.518712e-009  8.168706e-008  3.361936e-008  1.343913e-008  -3.100138e-010  -1.388090e-008  -3.441268e-008  -8.167222e-008  -9.766607e-009  -9.621162e-009  -5.688881e-009  -0.000000e+000  -0.000000e+000  
-0.000000e+000  -0.000000e+000  2.913847e-009  6.319760e-009  1.047825e-008  3.475565e-008  1.915297e-008  7.887317e-009  1.852284e-010  -8.885896e-009  -1.996908e-008  -3.421212e-008  -9.984739e-009  -6.681249e-009  -3.517667e-009  -0.000000e+000  -0.000000e+000  
-0.000000e+000  -0.000000e+000  -5.868718e-010  3.483660e-010  -1.126123e-010  -0.000000e+000  4.961597e-010  1.401627e-010  4.556132e-010  -3.987412e-010  6.370434e-010  1.131075e-010  -1.732464e-010  2.777751e-010  -0.000000e+000  -0.000000e+000  -0.000000e+000  
-0.000000e+000  -0.000000e+000  -3.193473e-009  -6.388941e-009  -1.007691e-008  -3.452081e-008  -1.940363e-008  -8.299291e-009  -3.131756e-010  9.167432e-009  1.931149e-008  3.379716e-008  9.854855e-009  6.451594e-009  2.574539e-009  -0.000000e+000  -0.000000e+000  
-0.000000e+000  -0.000000e+000  -5.736412e-009  -9.974869e-009  -1.039022e-008  -8.122070e-008  -3.374828e-008  -1.316365e-008  -1.992935e-010  1.375879e-008  3.449945e-008  8.218175e-008  8.907650e-009  1.056822e-008  5.408330e-009  -0.000000e+000  -0.000000e+000  
-0.000000e+000  -0.000000e+000  -1.419464e-008  -2.788954e-008  -4.997654e-008  -9.627218e-009  -1.914826e-008  -1.096782e-008  -1.455013e-010  1.061736e-008  1.804812e-008  1.023715e-008  4.949852e-008  2.891461e-008  1.451303e-008  -0.000000e+000  -0.000000e+000  
-0.000000e+000  -0.000000e+000  -1.104192e-008  -3.217407e-008  -3.813463e-008  -1.074280e-008  -1.639380e-008  -8.908410e-009  2.250000e-010  9.399484e-009  1.646783e-008  9.673545e-009  3.975426e-008  2.673846e-008  1.478095e-008  -0.000000e+000  -0.000000e+000  
-0.000000e+000  -0.000000e+000  -2.064796e-008  -2.600668e-008  -4.965115e-008  -2.199903e-008  -1.577517e-008  -8.168167e-009  -2.250000e-010  9.784923e-009  1.475217e-008  2.094411e-008  4.748776e-008  3.435604e-008  1.435976e-008  -0.000000e+000  -0.000000e+000  
-0.000000e+000  -0.000000e+000  -1.414163e-008  -3.708354e-008  -4.908400e-008  -2.856363e-008  -1.762558e-008  -1.117446e-008  -0.000000e+000  8.473370e-009  1.841250e-008  2.741455e-008  5.076419e-008  3.165430e-008  1.720760e-008  -0.000000e+000  -0.000000e+000  
-0.000000e+000  -0.000000e+000  -0.000000e+000  -0.000000e+000  -0.000000e+000  -0.000000e+000  -0.000000e+000  -0.000000e+000  -0.000000e+000  -0.000000e+000  -0.000000e+000  -0.000000e+000  -0.000000e+000  -0.000000e+000  -0.000000e+000  -0.000000e+000  -0.000000e+000  
-0.000000e+000  -0.000000e+000  -0.000000e+000  -0.000000e+000  -0.000000e+000  -0.000000e+000  -0.000000e+000  -0.000000e+000  -0.000000e+000  -0.000000e+000  -0.000000e+000  -0.000000e+000  -0.000000e+000  -0.000000e+000  -0.000000e+000  -0.000000e+000  -0.000000e+000  

-0.000000e+000  -0.000000e+000  -0.000000e+000  -0.000000e+000  -0.000000e+000  -0.000000e+000  -0.000000e+000  -0.000000e+000  -0.000000e+000  -0.000000e+000  -0.000000e+000  -0.000000e+000  -0.000000e+000  -0.000000e+000  -0.000000e+000  -0.000000e+000  -0.000000e+000  
-0.000000e+000  -0.000000e+000  -0.000000e+000  -0.000000e+000  -0.000000e+000  -0.000000e+000  -0.000000e+000  -0.000000e+000  -0.000000e+000  -0.000000e+000  -0.000000e+000  -0.000000e+000  -0.000000e+000  -0.000000e+000  -0.000000e+000  -0.000000e+000  -0.000000e+000  
-0.000000e+000  4.418360e-001  4.418360e-001  4.418360e-001  4.418360e-001  4.418360e-001  4.418360e-001  4.418360e-001  4.418360e-001  4.418360e-001  4.418360e-001  4.418360e-001  4.418360e-001  4.418360e-001  4.418360e-001  -0.000000e+000  -0.000000e+000  
-0.000000e+000  8.714257e-001  8.714257e-001  8.714257e-001  8.714257e-001  8.714257e-001  8.714257e-001  8.714257e-001  8.714257e-001  8.714257e-001  8.714257e-001  8.714257e-001  8.714257e-001  8.714257e-001  8.714257e-001  -0.000000e+000  -0.000000e+000  
-0.000000e+000  1.276862e+000  1.276862e+000  1.276862e+000  1.276862e+000  1.276862e+000  1.276862e+000  1.276862e+000  1.276862e+000  1.276862e+000  1.276862e+000  1.276862e+000  1.276862e+000  1.276862e+000  1.276862e+000  -0.000000e+000  -0.000000e+000  
-0.000000e+000  1.877489e+000  1.877489e+000  1.877489e+000  1.877489e+000  1.877489e+000  1.877489e+000  1.877489e+000  1.877489e+000  1.877489e+000  1.877489e+000  1.877489e+000  1.877489e+000  1.877489e+000  1.877489e+000  -0.000000e+000  -0.000000e+000  
-0.000000e+000  2.381219e+000  2.381219e+000  2.381219e+000  2.381219e+000  2.381219e+000  2.381219e+000  2.381219e+000  2.381219e+000  2.381219e+000  2.381219e+000  2.381219e+000  2.381219e+000  2.381219e+000  2.381219e+000  -0.000000e+000  -0.000000e+000  
-0.000000e+000  2.646367e+000  2.646367e+000  2.646367e+000  2.646367e+000  2.646367e+000  2.646367e+000  2.646367e+000  2.646367e+000  2.646367e+000  2.646367e+000  2.646367e+000  2.646367e+000  2.646367e+000  2.646367e+000  -0.000000e+000  -0.000000e+000  
-0.000000e+000  2.646367e+000  2.646367e+000  2.646367e+000  2.646367e+000  2.646367e+000  2.646367e+000  2.646367e+000  2.646367e+000  2.646367e+000  2.646367e+000  2.646367e+000  2.646367e+000  2.646367e+000  2.646367e+000  -0.000000e+000  -0.000000e+000  
-0.000000e+000  2.381219e+000  2.381219e+000  2.381219e+000  2.381219e+000  2.381219e+000  2.381219e+000  2.381219e+000  2.381219e+000  2.381219e+000  2.381219e+000  2.381219e+000  2.381219e+000  2.381219e+000  2.381219e+000  -0.000000e+000  -0.000000e+000  
-0.000000e+000  1.877489e+000  1.877489e+000  1.877489e+000  1.877489e+000  1.877489e+000  1.877489e+000  1.877489e+000  1.877489e+000  1.877489e+000  1.877489e+000  1.877489e+000  1.877489e+000  1.877489e+000  1.877489e+000  -0.000000e+000  -0.000000e+000  
-0.000000e+000  1.276862e+000  1.276862e+000  1.276862e+000  1.276862e+000  1.276862e+000  1.276862e+000  1.276862e+000  1.276862e+000  1.276862e+000  1.276862e+000  1.276862e+000  1.276862e+000  1.276862e+000  1.276862e+000  -0.000000e+000  -0.000000e+000  
-0.000000e+000  8.714257e-001  8.714257e-001  8.714257e-001  8.714257e-001  8.714257e-001  8.714257e-001  8.714257e-001  8.714257e-001  8.714257e-001  8.714257e-001  8.714257e-001  8.714257e-001  8.714257e-001  8.714257e-001  -0.000000e+000  -0.000000e+000  
-0.000000e+000  4.418360e-001  4.418360e-001  4.418360e-001  4.418360e-001  4.418360e-001  4.418360e-001  4.418360e-001  4.418360e-001  4.418360e-001  4.418360e-001  4.418360e-001  4.418360e-001  4.418360e-001  4.418360e-001  -0.000000e+000  -0.000000e+000  
-0.000000e+000  -0.000000e+000  -0.000000e+000  -0.000000e+000  -0.000000e+000  -0.000000e+000  -0.000000e+000  -0.000000e+000  -0.000000e+000  -0.000000e+000  -0.000000e+000  -0.000000e+000  -0.000000e+000  -0.000000e+000  -0.000000e+000  -0.000000e+000  -0.000000e+000  
-0.000000e+000  -0.000000e+000  -0.000000e+000  -0.000000e+000  -0.000000e+000  -0.000000e+000  -0.000000e+000  -0.000000e+000  -0.000000e+000  -0.000000e+000  -0.000000e+000  -0.000000e+000  -0.000000e+000  -0.000000e+000  -0.000000e+000  -0.000000e+000  -0.000000e+000  

-0.000000e+000  -0.000000e+000  -0.000000e+000  -0.000000e+000  -0.000000e+000  -0.000000e+000  -0.000000e+000  -0.000000e+000  -0.000000e+000  -0.000000e+000  -0.000000e+000  -0.000000e+000  -0.000000e+000  -0.000000e+000  -0.000000e+000  -0.000000e+000  -0.000000e+000  
-0.000000e+000  6.106321e+000  6.106321e+000  6.106321e+000  6.106321e+000  6.106321e+000  6.106321e+000  6.106321e+000  6.106321e+000  6.106321e+000  6.106321e+000  6.106321e+000  6.106321e+000  6.106321e+000  6.106321e+000  -0.000000e+000  -0.000000e+000  
-0.000000e+000  5.937072e+000  5.937072e+000  5.937072e+000  5.937072e+000  5.937072e+000  5.937072e+000  5.937072e+000  5.937072e+000  5.937072e+000  5.937072e+000  5.937072e+000  5.937072e+000  5.937072e+000  5.937072e+000  -0.000000e+000  -0.000000e+000  
-0.000000e+000  5.603267e+000  5.603267e+000  5.603267e+000  5.603267e+000  5.603267e+000  5.603267e+000  5.603267e+000  5.603267e+000  5.603267e+000  5.603267e+000  5.603267e+000  5.603267e+000  5.603267e+000  5.603267e+000  -0.000000e+000  -0.000000e+000  
-0.000000e+000  4.948479e+000  4.948479e+000  4.948479e+000  4.948479e+000  4.948479e+000  4.948479e+000  4.948479e+000  4.948479e+000  4.948479e+000  4.948479e+000  4.948479e+000  4.948479e+000  4.948479e+000  4.948479e+000  -0.000000e+000  -0.000000e+000  
-0.000000e+000  3.661590e+000  3.661590e+000  3.661590e+000  3.661590e+000  3.661590e+000  3.661590e+000  3.661590e+000  3.661590e+000  3.661590e+000  3.661590e+000  3.661590e+000  3.661590e+000  3.661590e+000  3.661590e+000  -0.000000e+000  -0.000000e+000  
-0.000000e+000  1.927349e+000  1.927349e+000  1.927349e+000  1.927349e+000  1.927349e+000  1.927349e+000  1.927349e+000  1.927349e+000  1.927349e+000  1.927349e+000  1.927349e+000  1.927349e+000  1.927349e+000  1.927349e+000  -0.000000e+000  -0.000000e+000  
-0.000000e+000  -7.361506e-011  -0.000000e+000  -0.000000e+000  -0.000000e+000  -0.000000e+000  -0.000000e+000  -0.000000e+000  -6.215271e-011  -0.000000e+000  -0.000000e+000  -0.000000e+000  -0.000000e+000  -0.000000e+000  -0.000000e+000  -0.000000e+000  -0.000000e+000  
-0.000000e+000  -1.927349e+000  -1.927349e+000  -1.927349e+000  -1.927349e+000  -1.927349e+000  -1.927349e+000  -1.927349e+000  -1.927349e+000  -1.927349e+000  -1.927349e+000  -1.927349e+000  -1.927349e+000  -1.927349e+000  -1.927349e+000  -0.000000e+000  -0.000000e+000  
-0.000000e+000  -3.661590e+000  -3.661590e+000  -3.661590e+000  -3.661590e+000  -3.661590e+000  -3.661590e+000  -3.661590e+000  -3.661590e+000  -3.661590e+000  -3.661590e+000  -3.661590e+000  -3.661590e+000  -3.661590e+000  -3.661590e+000  -0.000000e+000  -0.000000e+000  
-0.000000e+000  -4.948479e+000  -4.948479e+000  -4.948479e+000  -4.948479e+000  -4.948479e+000  -4.948479e+000  -4.948479e+000  -4.948479e+000  -4.948479e+000  -4.948479e+000  -4.948479e+000  -4.948479e+000  -4.948479e+000  -4.948479e+000  -0.000000e+000  -0.000000e+000  
-0.000000e+000  -5.603267e+000  -5.603267e+000  -5.603267e+000  -5.603267e+000  -5.603267e+000  -5.603267e+000  -5.603267e+000  -5.603267e+000  -5.603267e+000  -5.603267e+000  -5.603267e+000  -5.603267e+000  -5.603267e+000  -5.603267e+000  -0.000000e+000  -0.000000e+000  
-0.000000e+000  -5.937072e+000  -5.937072e+000  -5.937072e+000  -5.937072e+000  -5.937072e+000  -5.937072e+000  -5.937072e+000  -5.937072e+000  -5.937072e+000  -5.937072e+000  -5.937072e+000  -5.937072e+000  -5.937072e+000  -5.937072e+000  -0.000000e+000  -0.000000e+000  
-0.000000e+000  -6.106321e+000  -6.106321e+000  -6.106321e+000  -6.106321e+000  -6.106321e+000  -6.106321e+000  -6.106321e+000  -6.106321e+000  -6.106321e+000  -6.106321e+000  -6.106321e+000  -6.106321e+000  -6.106321e+000  -6.106321e+000  -0.000000e+000  -0.000000e+000  
-0.000000e+000  -0.000000e+000  -0.000000e+000  -0.000000e+000  -0.000000e+000  -0.000000e+000  -0.000000e+000  -0.000000e+000  -0.000000e+000  -0.000000e+000  -0.000000e+000  -0.000000e+000  -0.000000e+000  -0.000000e+000  -0.000000e+000  -0.000000e+000  -0.000000e+000  
-0.000000e+000  -0.000000e+000  -0.000000e+000  -0.000000e+000  -0.000000e+000  -0.000000e+000  -0.000000e+000  -0.000000e+000  -0.000000e+000  -0.000000e+000  -0.000000e+000  -0.000000e+000  -0.000000e+000  -0.000000e+000  -0.000000e+000  -0.000000e+000  -0.000000e+000  

