Port monitor named: Port1_h1[7.5].prt

nx        = 17
ny        = 16
nz        = 52

nu        = 17
nv        = 16
iu        = 1
iv        = 1

idir      = 2
dcut      = 5.000000e-002
icut      = 52
type      = 1
frequency = 7.500000e+009

fcutoff   = 7.494020e+009
alpha     = 0.000000e+000
beta      = 6.269767e+000
accuracy  = 3.579763e-013

type          = TE
wave imp.     = 9.444948e+003
wave imp.sig. = 2.326919e-004
line imp.     = 0.000000e+000

ref. port     = 0

0.000000e+000  0.000000e+000  0.000000e+000  0.000000e+000  0.000000e+000  0.000000e+000  0.000000e+000  0.000000e+000  0.000000e+000  0.000000e+000  0.000000e+000  0.000000e+000  0.000000e+000  0.000000e+000  0.000000e+000  0.000000e+000  0.000000e+000  
0.000000e+000  0.000000e+000  -1.149071e-001  -2.272109e-001  -3.343672e-001  -4.989823e-001  -6.452182e-001  -7.380948e-001  -7.699313e-001  -7.380948e-001  -6.452182e-001  -4.989823e-001  -3.343672e-001  -2.272109e-001  -1.149070e-001  0.000000e+000  0.000000e+000  
0.000000e+000  0.000000e+000  -1.149070e-001  -2.272109e-001  -3.343672e-001  -4.989823e-001  -6.452182e-001  -7.380948e-001  -7.699313e-001  -7.380948e-001  -6.452182e-001  -4.989823e-001  -3.343672e-001  -2.272109e-001  -1.149071e-001  0.000000e+000  0.000000e+000  
0.000000e+000  0.000000e+000  -1.149070e-001  -2.272109e-001  -3.343672e-001  -4.989823e-001  -6.452182e-001  -7.380948e-001  -7.699313e-001  -7.380948e-001  -6.452182e-001  -4.989823e-001  -3.343672e-001  -2.272109e-001  -1.149070e-001  0.000000e+000  0.000000e+000  
0.000000e+000  0.000000e+000  -1.149070e-001  -2.272109e-001  -3.343672e-001  -4.989822e-001  -6.452182e-001  -7.380948e-001  -7.699313e-001  -7.380948e-001  -6.452182e-001  -4.989822e-001  -3.343672e-001  -2.272109e-001  -1.149070e-001  0.000000e+000  0.000000e+000  
0.000000e+000  0.000000e+000  -1.149070e-001  -2.272109e-001  -3.343672e-001  -4.989823e-001  -6.452182e-001  -7.380948e-001  -7.699313e-001  -7.380948e-001  -6.452182e-001  -4.989823e-001  -3.343672e-001  -2.272109e-001  -1.149070e-001  0.000000e+000  0.000000e+000  
0.000000e+000  0.000000e+000  -1.149070e-001  -2.272109e-001  -3.343672e-001  -4.989823e-001  -6.452182e-001  -7.380948e-001  -7.699313e-001  -7.380948e-001  -6.452182e-001  -4.989823e-001  -3.343672e-001  -2.272109e-001  -1.149070e-001  0.000000e+000  0.000000e+000  
0.000000e+000  0.000000e+000  -1.149070e-001  -2.272109e-001  -3.343672e-001  -4.989823e-001  -6.452182e-001  -7.380948e-001  -7.699313e-001  -7.380948e-001  -6.452182e-001  -4.989823e-001  -3.343672e-001  -2.272109e-001  -1.149070e-001  0.000000e+000  0.000000e+000  
0.000000e+000  0.000000e+000  -1.149070e-001  -2.272109e-001  -3.343672e-001  -4.989823e-001  -6.452182e-001  -7.380948e-001  -7.699313e-001  -7.380948e-001  -6.452182e-001  -4.989823e-001  -3.343672e-001  -2.272109e-001  -1.149070e-001  0.000000e+000  0.000000e+000  
0.000000e+000  0.000000e+000  -1.149070e-001  -2.272109e-001  -3.343672e-001  -4.989823e-001  -6.452182e-001  -7.380948e-001  -7.699313e-001  -7.380948e-001  -6.452182e-001  -4.989823e-001  -3.343672e-001  -2.272109e-001  -1.149070e-001  0.000000e+000  0.000000e+000  
0.000000e+000  0.000000e+000  -1.149070e-001  -2.272109e-001  -3.343672e-001  -4.989822e-001  -6.452182e-001  -7.380948e-001  -7.699313e-001  -7.380948e-001  -6.452182e-001  -4.989822e-001  -3.343672e-001  -2.272109e-001  -1.149070e-001  0.000000e+000  0.000000e+000  
0.000000e+000  0.000000e+000  -1.149070e-001  -2.272109e-001  -3.343672e-001  -4.989823e-001  -6.452182e-001  -7.380948e-001  -7.699313e-001  -7.380948e-001  -6.452182e-001  -4.989823e-001  -3.343672e-001  -2.272109e-001  -1.149071e-001  0.000000e+000  0.000000e+000  
0.000000e+000  0.000000e+000  -1.149071e-001  -2.272109e-001  -3.343672e-001  -4.989823e-001  -6.452182e-001  -7.380948e-001  -7.699313e-001  -7.380948e-001  -6.452182e-001  -4.989823e-001  -3.343672e-001  -2.272109e-001  -1.149070e-001  0.000000e+000  0.000000e+000  
0.000000e+000  0.000000e+000  -1.149070e-001  -2.272109e-001  -3.343672e-001  -4.989823e-001  -6.452182e-001  -7.380948e-001  -7.699313e-001  -7.380948e-001  -6.452182e-001  -4.989823e-001  -3.343672e-001  -2.272109e-001  -1.149071e-001  0.000000e+000  0.000000e+000  
0.000000e+000  0.000000e+000  0.000000e+000  0.000000e+000  0.000000e+000  0.000000e+000  0.000000e+000  0.000000e+000  0.000000e+000  0.000000e+000  0.000000e+000  0.000000e+000  0.000000e+000  0.000000e+000  0.000000e+000  0.000000e+000  0.000000e+000  
0.000000e+000  0.000000e+000  0.000000e+000  0.000000e+000  0.000000e+000  0.000000e+000  0.000000e+000  0.000000e+000  0.000000e+000  0.000000e+000  0.000000e+000  0.000000e+000  0.000000e+000  0.000000e+000  0.000000e+000  0.000000e+000  0.000000e+000  

0.000000e+000  0.000000e+000  0.000000e+000  0.000000e+000  0.000000e+000  0.000000e+000  0.000000e+000  0.000000e+000  0.000000e+000  0.000000e+000  0.000000e+000  0.000000e+000  0.000000e+000  0.000000e+000  0.000000e+000  0.000000e+000  0.000000e+000  
0.000000e+000  0.000000e+000  0.000000e+000  0.000000e+000  0.000000e+000  0.000000e+000  0.000000e+000  0.000000e+000  0.000000e+000  0.000000e+000  0.000000e+000  0.000000e+000  0.000000e+000  0.000000e+000  0.000000e+000  0.000000e+000  0.000000e+000  
0.000000e+000  -8.398529e-010  -2.498852e-009  2.391341e-010  -4.236019e-010  2.226114e-009  1.753866e-009  5.556548e-010  -2.295548e-010  -1.512022e-009  -2.742431e-009  0.000000e+000  2.721449e-009  -1.715574e-009  3.059312e-009  0.000000e+000  0.000000e+000  
0.000000e+000  -5.161259e-009  -2.599529e-010  -2.134047e-009  -7.170218e-010  5.817156e-009  2.980717e-009  6.651631e-010  -7.969401e-010  -2.950825e-009  -6.147343e-009  1.321583e-009  -9.732348e-010  5.506185e-009  2.821057e-009  0.000000e+000  0.000000e+000  
0.000000e+000  -6.088404e-009  -5.597310e-009  0.000000e+000  -3.808388e-009  1.211021e-008  4.216059e-009  1.327008e-009  -1.177560e-009  -4.157651e-009  -1.215712e-008  3.760975e-009  9.903347e-010  3.517005e-009  6.927807e-009  0.000000e+000  0.000000e+000  
0.000000e+000  -1.764723e-008  -1.640084e-008  -1.735169e-008  -1.643962e-008  -1.655098e-008  -9.093660e-009  -3.048214e-009  3.136491e-009  8.948917e-009  1.665353e-008  1.614225e-008  1.822061e-008  1.597798e-008  1.761766e-008  0.000000e+000  0.000000e+000  
0.000000e+000  -1.066946e-008  -1.040008e-008  -1.045776e-008  -1.031626e-008  -8.972746e-009  -5.469243e-009  -1.724395e-009  1.845267e-009  5.533732e-009  8.706390e-009  1.010182e-008  1.125466e-008  1.030107e-008  1.048998e-008  0.000000e+000  0.000000e+000  
0.000000e+000  -3.854495e-009  -3.317944e-009  -3.246606e-009  -3.372093e-009  -3.181295e-009  -1.541012e-009  -5.792919e-010  4.454191e-010  1.973030e-009  2.624865e-009  3.261616e-009  3.420526e-009  4.455919e-009  3.223373e-009  0.000000e+000  0.000000e+000  
0.000000e+000  3.873020e-009  3.878357e-009  3.586680e-009  3.128255e-009  2.884382e-009  1.725073e-009  5.378030e-010  -2.715531e-010  -2.022680e-009  -2.997897e-009  -3.239505e-009  -4.399865e-009  -2.402283e-009  -4.070643e-009  0.000000e+000  0.000000e+000  
0.000000e+000  1.064672e-008  1.041498e-008  1.088280e-008  1.013316e-008  8.724734e-009  5.454935e-009  2.146222e-009  -2.211499e-009  -5.180542e-009  -9.073311e-009  -9.764823e-009  -1.142346e-008  -1.010580e-008  -1.077496e-008  0.000000e+000  0.000000e+000  
0.000000e+000  1.710663e-008  1.700826e-008  1.768134e-008  1.604558e-008  1.662024e-008  9.066440e-009  2.847097e-009  -2.842385e-009  -8.950327e-009  -1.675548e-008  -1.613161e-008  -1.777224e-008  -1.655791e-008  -1.729291e-008  0.000000e+000  0.000000e+000  
0.000000e+000  6.844413e-009  3.821051e-009  1.327812e-009  3.523276e-009  -1.210887e-008  -4.255455e-009  -9.710328e-010  9.710415e-010  4.104646e-009  1.214555e-008  -3.689146e-009  1.188237e-009  -7.324226e-009  -5.357646e-009  0.000000e+000  0.000000e+000  
0.000000e+000  1.993636e-009  5.597722e-009  -8.304630e-010  1.325414e-009  -6.103859e-009  -3.037766e-009  -8.702999e-010  1.038803e-009  3.183158e-009  5.967973e-009  -6.222483e-010  -3.482616e-009  8.608448e-010  -5.673324e-009  0.000000e+000  0.000000e+000  
0.000000e+000  2.214359e-009  5.817914e-010  1.380703e-009  3.548091e-010  -2.891870e-009  -1.544627e-009  0.000000e+000  2.608203e-010  1.406050e-009  2.428555e-009  -5.588903e-010  1.298257e-009  -3.229625e-009  -8.398503e-010  0.000000e+000  0.000000e+000  
0.000000e+000  0.000000e+000  0.000000e+000  0.000000e+000  0.000000e+000  0.000000e+000  0.000000e+000  0.000000e+000  0.000000e+000  0.000000e+000  0.000000e+000  0.000000e+000  0.000000e+000  0.000000e+000  0.000000e+000  0.000000e+000  0.000000e+000  
0.000000e+000  0.000000e+000  0.000000e+000  0.000000e+000  0.000000e+000  0.000000e+000  0.000000e+000  0.000000e+000  0.000000e+000  0.000000e+000  0.000000e+000  0.000000e+000  0.000000e+000  0.000000e+000  0.000000e+000  0.000000e+000  0.000000e+000  

0.000000e+000  0.000000e+000  0.000000e+000  0.000000e+000  0.000000e+000  0.000000e+000  0.000000e+000  0.000000e+000  0.000000e+000  0.000000e+000  0.000000e+000  0.000000e+000  0.000000e+000  0.000000e+000  0.000000e+000  0.000000e+000  0.000000e+000  
0.000000e+000  0.000000e+000  0.000000e+000  0.000000e+000  0.000000e+000  0.000000e+000  0.000000e+000  0.000000e+000  0.000000e+000  0.000000e+000  0.000000e+000  0.000000e+000  0.000000e+000  0.000000e+000  0.000000e+000  0.000000e+000  0.000000e+000  
0.000000e+000  0.000000e+000  0.000000e+000  0.000000e+000  0.000000e+000  0.000000e+000  0.000000e+000  0.000000e+000  0.000000e+000  0.000000e+000  0.000000e+000  0.000000e+000  0.000000e+000  0.000000e+000  0.000000e+000  0.000000e+000  0.000000e+000  
0.000000e+000  0.000000e+000  0.000000e+000  0.000000e+000  0.000000e+000  0.000000e+000  0.000000e+000  0.000000e+000  0.000000e+000  0.000000e+000  0.000000e+000  0.000000e+000  0.000000e+000  0.000000e+000  0.000000e+000  0.000000e+000  0.000000e+000  
0.000000e+000  0.000000e+000  0.000000e+000  0.000000e+000  0.000000e+000  0.000000e+000  0.000000e+000  0.000000e+000  0.000000e+000  0.000000e+000  0.000000e+000  0.000000e+000  0.000000e+000  0.000000e+000  0.000000e+000  0.000000e+000  0.000000e+000  
0.000000e+000  0.000000e+000  0.000000e+000  0.000000e+000  0.000000e+000  0.000000e+000  0.000000e+000  0.000000e+000  0.000000e+000  0.000000e+000  0.000000e+000  0.000000e+000  0.000000e+000  0.000000e+000  0.000000e+000  0.000000e+000  0.000000e+000  
0.000000e+000  0.000000e+000  0.000000e+000  0.000000e+000  0.000000e+000  0.000000e+000  0.000000e+000  0.000000e+000  0.000000e+000  0.000000e+000  0.000000e+000  0.000000e+000  0.000000e+000  0.000000e+000  0.000000e+000  0.000000e+000  0.000000e+000  
0.000000e+000  0.000000e+000  0.000000e+000  0.000000e+000  0.000000e+000  0.000000e+000  0.000000e+000  0.000000e+000  0.000000e+000  0.000000e+000  0.000000e+000  0.000000e+000  0.000000e+000  0.000000e+000  0.000000e+000  0.000000e+000  0.000000e+000  
0.000000e+000  0.000000e+000  0.000000e+000  0.000000e+000  0.000000e+000  0.000000e+000  0.000000e+000  0.000000e+000  0.000000e+000  0.000000e+000  0.000000e+000  0.000000e+000  0.000000e+000  0.000000e+000  0.000000e+000  0.000000e+000  0.000000e+000  
0.000000e+000  0.000000e+000  0.000000e+000  0.000000e+000  0.000000e+000  0.000000e+000  0.000000e+000  0.000000e+000  0.000000e+000  0.000000e+000  0.000000e+000  0.000000e+000  0.000000e+000  0.000000e+000  0.000000e+000  0.000000e+000  0.000000e+000  
0.000000e+000  0.000000e+000  0.000000e+000  0.000000e+000  0.000000e+000  0.000000e+000  0.000000e+000  0.000000e+000  0.000000e+000  0.000000e+000  0.000000e+000  0.000000e+000  0.000000e+000  0.000000e+000  0.000000e+000  0.000000e+000  0.000000e+000  
0.000000e+000  0.000000e+000  0.000000e+000  0.000000e+000  0.000000e+000  0.000000e+000  0.000000e+000  0.000000e+000  0.000000e+000  0.000000e+000  0.000000e+000  0.000000e+000  0.000000e+000  0.000000e+000  0.000000e+000  0.000000e+000  0.000000e+000  
0.000000e+000  0.000000e+000  0.000000e+000  0.000000e+000  0.000000e+000  0.000000e+000  0.000000e+000  0.000000e+000  0.000000e+000  0.000000e+000  0.000000e+000  0.000000e+000  0.000000e+000  0.000000e+000  0.000000e+000  0.000000e+000  0.000000e+000  
0.000000e+000  0.000000e+000  0.000000e+000  0.000000e+000  0.000000e+000  0.000000e+000  0.000000e+000  0.000000e+000  0.000000e+000  0.000000e+000  0.000000e+000  0.000000e+000  0.000000e+000  0.000000e+000  0.000000e+000  0.000000e+000  0.000000e+000  
0.000000e+000  0.000000e+000  0.000000e+000  0.000000e+000  0.000000e+000  0.000000e+000  0.000000e+000  0.000000e+000  0.000000e+000  0.000000e+000  0.000000e+000  0.000000e+000  0.000000e+000  0.000000e+000  0.000000e+000  0.000000e+000  0.000000e+000  
0.000000e+000  0.000000e+000  0.000000e+000  0.000000e+000  0.000000e+000  0.000000e+000  0.000000e+000  0.000000e+000  0.000000e+000  0.000000e+000  0.000000e+000  0.000000e+000  0.000000e+000  0.000000e+000  0.000000e+000  0.000000e+000  0.000000e+000  

0.000000e+000  0.000000e+000  0.000000e+000  0.000000e+000  0.000000e+000  0.000000e+000  0.000000e+000  0.000000e+000  0.000000e+000  0.000000e+000  0.000000e+000  0.000000e+000  0.000000e+000  0.000000e+000  0.000000e+000  0.000000e+000  0.000000e+000  
0.000000e+000  0.000000e+000  0.000000e+000  0.000000e+000  0.000000e+000  0.000000e+000  0.000000e+000  0.000000e+000  0.000000e+000  0.000000e+000  0.000000e+000  0.000000e+000  0.000000e+000  0.000000e+000  0.000000e+000  0.000000e+000  0.000000e+000  
0.000000e+000  0.000000e+000  0.000000e+000  0.000000e+000  0.000000e+000  0.000000e+000  0.000000e+000  0.000000e+000  0.000000e+000  0.000000e+000  0.000000e+000  0.000000e+000  0.000000e+000  0.000000e+000  0.000000e+000  0.000000e+000  0.000000e+000  
0.000000e+000  0.000000e+000  0.000000e+000  0.000000e+000  0.000000e+000  0.000000e+000  0.000000e+000  0.000000e+000  0.000000e+000  0.000000e+000  0.000000e+000  0.000000e+000  0.000000e+000  0.000000e+000  0.000000e+000  0.000000e+000  0.000000e+000  
0.000000e+000  0.000000e+000  0.000000e+000  0.000000e+000  0.000000e+000  0.000000e+000  0.000000e+000  0.000000e+000  0.000000e+000  0.000000e+000  0.000000e+000  0.000000e+000  0.000000e+000  0.000000e+000  0.000000e+000  0.000000e+000  0.000000e+000  
0.000000e+000  0.000000e+000  0.000000e+000  0.000000e+000  0.000000e+000  0.000000e+000  0.000000e+000  0.000000e+000  0.000000e+000  0.000000e+000  0.000000e+000  0.000000e+000  0.000000e+000  0.000000e+000  0.000000e+000  0.000000e+000  0.000000e+000  
0.000000e+000  0.000000e+000  0.000000e+000  0.000000e+000  0.000000e+000  0.000000e+000  0.000000e+000  0.000000e+000  0.000000e+000  0.000000e+000  0.000000e+000  0.000000e+000  0.000000e+000  0.000000e+000  0.000000e+000  0.000000e+000  0.000000e+000  
0.000000e+000  0.000000e+000  0.000000e+000  0.000000e+000  0.000000e+000  0.000000e+000  0.000000e+000  0.000000e+000  0.000000e+000  0.000000e+000  0.000000e+000  0.000000e+000  0.000000e+000  0.000000e+000  0.000000e+000  0.000000e+000  0.000000e+000  
0.000000e+000  0.000000e+000  0.000000e+000  0.000000e+000  0.000000e+000  0.000000e+000  0.000000e+000  0.000000e+000  0.000000e+000  0.000000e+000  0.000000e+000  0.000000e+000  0.000000e+000  0.000000e+000  0.000000e+000  0.000000e+000  0.000000e+000  
0.000000e+000  0.000000e+000  0.000000e+000  0.000000e+000  0.000000e+000  0.000000e+000  0.000000e+000  0.000000e+000  0.000000e+000  0.000000e+000  0.000000e+000  0.000000e+000  0.000000e+000  0.000000e+000  0.000000e+000  0.000000e+000  0.000000e+000  
0.000000e+000  0.000000e+000  0.000000e+000  0.000000e+000  0.000000e+000  0.000000e+000  0.000000e+000  0.000000e+000  0.000000e+000  0.000000e+000  0.000000e+000  0.000000e+000  0.000000e+000  0.000000e+000  0.000000e+000  0.000000e+000  0.000000e+000  
0.000000e+000  0.000000e+000  0.000000e+000  0.000000e+000  0.000000e+000  0.000000e+000  0.000000e+000  0.000000e+000  0.000000e+000  0.000000e+000  0.000000e+000  0.000000e+000  0.000000e+000  0.000000e+000  0.000000e+000  0.000000e+000  0.000000e+000  
0.000000e+000  0.000000e+000  0.000000e+000  0.000000e+000  0.000000e+000  0.000000e+000  0.000000e+000  0.000000e+000  0.000000e+000  0.000000e+000  0.000000e+000  0.000000e+000  0.000000e+000  0.000000e+000  0.000000e+000  0.000000e+000  0.000000e+000  
0.000000e+000  0.000000e+000  0.000000e+000  0.000000e+000  0.000000e+000  0.000000e+000  0.000000e+000  0.000000e+000  0.000000e+000  0.000000e+000  0.000000e+000  0.000000e+000  0.000000e+000  0.000000e+000  0.000000e+000  0.000000e+000  0.000000e+000  
0.000000e+000  0.000000e+000  0.000000e+000  0.000000e+000  0.000000e+000  0.000000e+000  0.000000e+000  0.000000e+000  0.000000e+000  0.000000e+000  0.000000e+000  0.000000e+000  0.000000e+000  0.000000e+000  0.000000e+000  0.000000e+000  0.000000e+000  
0.000000e+000  0.000000e+000  0.000000e+000  0.000000e+000  0.000000e+000  0.000000e+000  0.000000e+000  0.000000e+000  0.000000e+000  0.000000e+000  0.000000e+000  0.000000e+000  0.000000e+000  0.000000e+000  0.000000e+000  0.000000e+000  0.000000e+000  

0.000000e+000  0.000000e+000  0.000000e+000  0.000000e+000  0.000000e+000  0.000000e+000  0.000000e+000  0.000000e+000  0.000000e+000  0.000000e+000  0.000000e+000  0.000000e+000  0.000000e+000  0.000000e+000  0.000000e+000  0.000000e+000  0.000000e+000  
0.000000e+000  0.000000e+000  0.000000e+000  0.000000e+000  0.000000e+000  0.000000e+000  0.000000e+000  0.000000e+000  0.000000e+000  0.000000e+000  0.000000e+000  0.000000e+000  0.000000e+000  0.000000e+000  0.000000e+000  0.000000e+000  0.000000e+000  
0.000000e+000  0.000000e+000  0.000000e+000  0.000000e+000  0.000000e+000  0.000000e+000  0.000000e+000  0.000000e+000  0.000000e+000  0.000000e+000  0.000000e+000  0.000000e+000  0.000000e+000  0.000000e+000  0.000000e+000  0.000000e+000  0.000000e+000  
0.000000e+000  0.000000e+000  0.000000e+000  0.000000e+000  0.000000e+000  0.000000e+000  0.000000e+000  0.000000e+000  0.000000e+000  0.000000e+000  0.000000e+000  0.000000e+000  0.000000e+000  0.000000e+000  0.000000e+000  0.000000e+000  0.000000e+000  
0.000000e+000  0.000000e+000  0.000000e+000  0.000000e+000  0.000000e+000  0.000000e+000  0.000000e+000  0.000000e+000  0.000000e+000  0.000000e+000  0.000000e+000  0.000000e+000  0.000000e+000  0.000000e+000  0.000000e+000  0.000000e+000  0.000000e+000  
0.000000e+000  0.000000e+000  0.000000e+000  0.000000e+000  0.000000e+000  0.000000e+000  0.000000e+000  0.000000e+000  0.000000e+000  0.000000e+000  0.000000e+000  0.000000e+000  0.000000e+000  0.000000e+000  0.000000e+000  0.000000e+000  0.000000e+000  
0.000000e+000  0.000000e+000  0.000000e+000  0.000000e+000  0.000000e+000  0.000000e+000  0.000000e+000  0.000000e+000  0.000000e+000  0.000000e+000  0.000000e+000  0.000000e+000  0.000000e+000  0.000000e+000  0.000000e+000  0.000000e+000  0.000000e+000  
0.000000e+000  0.000000e+000  0.000000e+000  0.000000e+000  0.000000e+000  0.000000e+000  0.000000e+000  0.000000e+000  0.000000e+000  0.000000e+000  0.000000e+000  0.000000e+000  0.000000e+000  0.000000e+000  0.000000e+000  0.000000e+000  0.000000e+000  
0.000000e+000  0.000000e+000  0.000000e+000  0.000000e+000  0.000000e+000  0.000000e+000  0.000000e+000  0.000000e+000  0.000000e+000  0.000000e+000  0.000000e+000  0.000000e+000  0.000000e+000  0.000000e+000  0.000000e+000  0.000000e+000  0.000000e+000  
0.000000e+000  0.000000e+000  0.000000e+000  0.000000e+000  0.000000e+000  0.000000e+000  0.000000e+000  0.000000e+000  0.000000e+000  0.000000e+000  0.000000e+000  0.000000e+000  0.000000e+000  0.000000e+000  0.000000e+000  0.000000e+000  0.000000e+000  
0.000000e+000  0.000000e+000  0.000000e+000  0.000000e+000  0.000000e+000  0.000000e+000  0.000000e+000  0.000000e+000  0.000000e+000  0.000000e+000  0.000000e+000  0.000000e+000  0.000000e+000  0.000000e+000  0.000000e+000  0.000000e+000  0.000000e+000  
0.000000e+000  0.000000e+000  0.000000e+000  0.000000e+000  0.000000e+000  0.000000e+000  0.000000e+000  0.000000e+000  0.000000e+000  0.000000e+000  0.000000e+000  0.000000e+000  0.000000e+000  0.000000e+000  0.000000e+000  0.000000e+000  0.000000e+000  
0.000000e+000  0.000000e+000  0.000000e+000  0.000000e+000  0.000000e+000  0.000000e+000  0.000000e+000  0.000000e+000  0.000000e+000  0.000000e+000  0.000000e+000  0.000000e+000  0.000000e+000  0.000000e+000  0.000000e+000  0.000000e+000  0.000000e+000  
0.000000e+000  0.000000e+000  0.000000e+000  0.000000e+000  0.000000e+000  0.000000e+000  0.000000e+000  0.000000e+000  0.000000e+000  0.000000e+000  0.000000e+000  0.000000e+000  0.000000e+000  0.000000e+000  0.000000e+000  0.000000e+000  0.000000e+000  
0.000000e+000  0.000000e+000  0.000000e+000  0.000000e+000  0.000000e+000  0.000000e+000  0.000000e+000  0.000000e+000  0.000000e+000  0.000000e+000  0.000000e+000  0.000000e+000  0.000000e+000  0.000000e+000  0.000000e+000  0.000000e+000  0.000000e+000  
0.000000e+000  0.000000e+000  0.000000e+000  0.000000e+000  0.000000e+000  0.000000e+000  0.000000e+000  0.000000e+000  0.000000e+000  0.000000e+000  0.000000e+000  0.000000e+000  0.000000e+000  0.000000e+000  0.000000e+000  0.000000e+000  0.000000e+000  

0.000000e+000  0.000000e+000  0.000000e+000  0.000000e+000  0.000000e+000  0.000000e+000  0.000000e+000  0.000000e+000  0.000000e+000  0.000000e+000  0.000000e+000  0.000000e+000  0.000000e+000  0.000000e+000  0.000000e+000  0.000000e+000  0.000000e+000  
0.000000e+000  -1.911516e+001  -1.868210e+001  -1.782581e+001  -1.612577e+001  -1.273257e+001  -8.086646e+000  -2.771962e+000  2.771962e+000  8.086646e+000  1.273257e+001  1.612577e+001  1.782581e+001  1.868210e+001  1.911516e+001  0.000000e+000  0.000000e+000  
0.000000e+000  -1.911516e+001  -1.868210e+001  -1.782581e+001  -1.612577e+001  -1.273257e+001  -8.086646e+000  -2.771962e+000  2.771962e+000  8.086646e+000  1.273257e+001  1.612577e+001  1.782581e+001  1.868210e+001  1.911516e+001  0.000000e+000  0.000000e+000  
0.000000e+000  -1.911516e+001  -1.868210e+001  -1.782581e+001  -1.612577e+001  -1.273257e+001  -8.086646e+000  -2.771962e+000  2.771962e+000  8.086646e+000  1.273257e+001  1.612577e+001  1.782581e+001  1.868210e+001  1.911516e+001  0.000000e+000  0.000000e+000  
0.000000e+000  -1.911516e+001  -1.868210e+001  -1.782581e+001  -1.612577e+001  -1.273257e+001  -8.086646e+000  -2.771962e+000  2.771962e+000  8.086646e+000  1.273257e+001  1.612577e+001  1.782581e+001  1.868210e+001  1.911516e+001  0.000000e+000  0.000000e+000  
0.000000e+000  -1.911516e+001  -1.868210e+001  -1.782581e+001  -1.612577e+001  -1.273257e+001  -8.086646e+000  -2.771962e+000  2.771962e+000  8.086646e+000  1.273257e+001  1.612577e+001  1.782581e+001  1.868210e+001  1.911516e+001  0.000000e+000  0.000000e+000  
0.000000e+000  -1.911516e+001  -1.868210e+001  -1.782581e+001  -1.612577e+001  -1.273257e+001  -8.086646e+000  -2.771962e+000  2.771962e+000  8.086646e+000  1.273257e+001  1.612577e+001  1.782581e+001  1.868210e+001  1.911516e+001  0.000000e+000  0.000000e+000  
0.000000e+000  -1.911516e+001  -1.868210e+001  -1.782581e+001  -1.612577e+001  -1.273257e+001  -8.086646e+000  -2.771962e+000  2.771962e+000  8.086646e+000  1.273257e+001  1.612577e+001  1.782581e+001  1.868210e+001  1.911516e+001  0.000000e+000  0.000000e+000  
0.000000e+000  -1.911516e+001  -1.868210e+001  -1.782581e+001  -1.612577e+001  -1.273257e+001  -8.086646e+000  -2.771962e+000  2.771962e+000  8.086646e+000  1.273257e+001  1.612577e+001  1.782581e+001  1.868210e+001  1.911516e+001  0.000000e+000  0.000000e+000  
0.000000e+000  -1.911516e+001  -1.868210e+001  -1.782581e+001  -1.612577e+001  -1.273257e+001  -8.086646e+000  -2.771962e+000  2.771962e+000  8.086646e+000  1.273257e+001  1.612577e+001  1.782581e+001  1.868210e+001  1.911516e+001  0.000000e+000  0.000000e+000  
0.000000e+000  -1.911516e+001  -1.868210e+001  -1.782581e+001  -1.612577e+001  -1.273257e+001  -8.086646e+000  -2.771962e+000  2.771962e+000  8.086646e+000  1.273257e+001  1.612577e+001  1.782581e+001  1.868210e+001  1.911516e+001  0.000000e+000  0.000000e+000  
0.000000e+000  -1.911516e+001  -1.868210e+001  -1.782581e+001  -1.612577e+001  -1.273257e+001  -8.086646e+000  -2.771962e+000  2.771962e+000  8.086646e+000  1.273257e+001  1.612577e+001  1.782581e+001  1.868210e+001  1.911516e+001  0.000000e+000  0.000000e+000  
0.000000e+000  -1.911516e+001  -1.868210e+001  -1.782581e+001  -1.612577e+001  -1.273257e+001  -8.086646e+000  -2.771962e+000  2.771962e+000  8.086646e+000  1.273257e+001  1.612577e+001  1.782581e+001  1.868210e+001  1.911516e+001  0.000000e+000  0.000000e+000  
0.000000e+000  -1.911516e+001  -1.868210e+001  -1.782581e+001  -1.612577e+001  -1.273257e+001  -8.086646e+000  -2.771962e+000  2.771962e+000  8.086646e+000  1.273257e+001  1.612577e+001  1.782581e+001  1.868210e+001  1.911516e+001  0.000000e+000  0.000000e+000  
0.000000e+000  0.000000e+000  0.000000e+000  0.000000e+000  0.000000e+000  0.000000e+000  0.000000e+000  0.000000e+000  0.000000e+000  0.000000e+000  0.000000e+000  0.000000e+000  0.000000e+000  0.000000e+000  0.000000e+000  0.000000e+000  0.000000e+000  
0.000000e+000  0.000000e+000  0.000000e+000  0.000000e+000  0.000000e+000  0.000000e+000  0.000000e+000  0.000000e+000  0.000000e+000  0.000000e+000  0.000000e+000  0.000000e+000  0.000000e+000  0.000000e+000  0.000000e+000  0.000000e+000  0.000000e+000  

