Port monitor named: Port2_h1.prt

nx        = 18
ny        = 12
nz        = 3

nu        = 18
nv        = 12
iu        = 1
iv        = 1

idir      = 2
dcut      = -5.000000e-002
icut      = 1
type      = 1
frequency = 7.500000e+009

fcutoff   = 6.554622e+009
alpha     = 0.000000e+000
beta      = 7.633990e+001
accuracy  = 1.788048e-011

type          = TE
wave imp.     = 7.757100e+002
wave imp.sig. = 1.172216e-005
line imp.     = 0.000000e+000

ref. port     = 0

-0.000000e+000  -0.000000e+000  -0.000000e+000  -0.000000e+000  -0.000000e+000  -0.000000e+000  -0.000000e+000  -0.000000e+000  -0.000000e+000  -0.000000e+000  -0.000000e+000  -0.000000e+000  -0.000000e+000  -0.000000e+000  -0.000000e+000  -0.000000e+000  -0.000000e+000  -0.000000e+000  
-0.000000e+000  -0.000000e+000  -4.466227e-001  -8.851488e-001  -1.307628e+000  -2.011156e+000  -2.638612e+000  -3.082809e+000  -3.312898e+000  -3.312898e+000  -3.082809e+000  -2.638612e+000  -2.011156e+000  -1.307628e+000  -8.851488e-001  -4.466227e-001  -0.000000e+000  -0.000000e+000  
-0.000000e+000  -0.000000e+000  -4.466227e-001  -8.851488e-001  -1.307628e+000  -2.011156e+000  -2.638612e+000  -3.082809e+000  -3.312898e+000  -3.312898e+000  -3.082809e+000  -2.638612e+000  -2.011156e+000  -1.307628e+000  -8.851488e-001  -4.466227e-001  -0.000000e+000  -0.000000e+000  
-0.000000e+000  -0.000000e+000  -4.466227e-001  -8.851488e-001  -1.307628e+000  -2.011156e+000  -2.638612e+000  -3.082809e+000  -3.312898e+000  -3.312898e+000  -3.082809e+000  -2.638612e+000  -2.011156e+000  -1.307628e+000  -8.851488e-001  -4.466227e-001  -0.000000e+000  -0.000000e+000  
-0.000000e+000  -0.000000e+000  -4.466227e-001  -8.851488e-001  -1.307628e+000  -2.011156e+000  -2.638612e+000  -3.082809e+000  -3.312898e+000  -3.312898e+000  -3.082809e+000  -2.638612e+000  -2.011156e+000  -1.307628e+000  -8.851488e-001  -4.466227e-001  -0.000000e+000  -0.000000e+000  
-0.000000e+000  -0.000000e+000  -4.466227e-001  -8.851488e-001  -1.307628e+000  -2.011156e+000  -2.638612e+000  -3.082809e+000  -3.312898e+000  -3.312898e+000  -3.082809e+000  -2.638612e+000  -2.011156e+000  -1.307628e+000  -8.851488e-001  -4.466227e-001  -0.000000e+000  -0.000000e+000  
-0.000000e+000  -0.000000e+000  -4.466227e-001  -8.851488e-001  -1.307628e+000  -2.011156e+000  -2.638612e+000  -3.082809e+000  -3.312898e+000  -3.312898e+000  -3.082809e+000  -2.638612e+000  -2.011156e+000  -1.307628e+000  -8.851488e-001  -4.466227e-001  -0.000000e+000  -0.000000e+000  
-0.000000e+000  -0.000000e+000  -4.466227e-001  -8.851488e-001  -1.307628e+000  -2.011156e+000  -2.638612e+000  -3.082809e+000  -3.312898e+000  -3.312898e+000  -3.082809e+000  -2.638612e+000  -2.011156e+000  -1.307628e+000  -8.851488e-001  -4.466227e-001  -0.000000e+000  -0.000000e+000  
-0.000000e+000  -0.000000e+000  -4.466227e-001  -8.851488e-001  -1.307628e+000  -2.011156e+000  -2.638612e+000  -3.082809e+000  -3.312898e+000  -3.312898e+000  -3.082809e+000  -2.638612e+000  -2.011156e+000  -1.307628e+000  -8.851488e-001  -4.466227e-001  -0.000000e+000  -0.000000e+000  
-0.000000e+000  -0.000000e+000  -4.466227e-001  -8.851488e-001  -1.307628e+000  -2.011156e+000  -2.638612e+000  -3.082809e+000  -3.312898e+000  -3.312898e+000  -3.082809e+000  -2.638612e+000  -2.011156e+000  -1.307628e+000  -8.851488e-001  -4.466227e-001  -0.000000e+000  -0.000000e+000  
-0.000000e+000  -0.000000e+000  -0.000000e+000  -0.000000e+000  -0.000000e+000  -0.000000e+000  -0.000000e+000  -0.000000e+000  -0.000000e+000  -0.000000e+000  -0.000000e+000  -0.000000e+000  -0.000000e+000  -0.000000e+000  -0.000000e+000  -0.000000e+000  -0.000000e+000  -0.000000e+000  
-0.000000e+000  -0.000000e+000  -0.000000e+000  -0.000000e+000  -0.000000e+000  -0.000000e+000  -0.000000e+000  -0.000000e+000  -0.000000e+000  -0.000000e+000  -0.000000e+000  -0.000000e+000  -0.000000e+000  -0.000000e+000  -0.000000e+000  -0.000000e+000  -0.000000e+000  -0.000000e+000  

-0.000000e+000  -0.000000e+000  -0.000000e+000  -0.000000e+000  -0.000000e+000  -0.000000e+000  -0.000000e+000  -0.000000e+000  -0.000000e+000  -0.000000e+000  -0.000000e+000  -0.000000e+000  -0.000000e+000  -0.000000e+000  -0.000000e+000  -0.000000e+000  -0.000000e+000  -0.000000e+000  
-0.000000e+000  -0.000000e+000  -0.000000e+000  -0.000000e+000  -0.000000e+000  -0.000000e+000  -0.000000e+000  -0.000000e+000  -0.000000e+000  -0.000000e+000  -0.000000e+000  -0.000000e+000  -0.000000e+000  -0.000000e+000  -0.000000e+000  -0.000000e+000  -0.000000e+000  -0.000000e+000  
-0.000000e+000  -1.489114e-008  -1.117139e-008  -1.218900e-008  -6.213317e-009  -4.793245e-009  -5.861252e-009  -3.699065e-009  -2.411032e-010  4.183621e-009  5.879727e-009  4.737852e-009  6.686452e-009  9.851209e-009  1.277211e-008  1.437473e-008  -0.000000e+000  -0.000000e+000  
-0.000000e+000  -2.963246e-008  -2.873108e-008  -1.817609e-008  -1.265199e-008  -8.663083e-009  -1.219996e-008  -7.738066e-009  -4.017854e-010  7.936113e-009  1.253247e-008  8.973533e-009  1.185551e-008  2.057995e-008  2.731844e-008  2.923562e-008  -0.000000e+000  -0.000000e+000  
-0.000000e+000  -4.671686e-008  -4.414895e-008  -3.036216e-008  -1.441732e-008  -1.193062e-008  -2.014091e-008  -1.291823e-008  4.919527e-010  1.236389e-008  2.072335e-008  1.116249e-008  1.494961e-008  3.078123e-008  4.309571e-008  4.688019e-008  -0.000000e+000  -0.000000e+000  
-0.000000e+000  2.646337e-008  2.132421e-008  5.872827e-009  1.457497e-008  -2.203195e-010  -1.666342e-009  -1.362033e-009  -7.016864e-011  1.673265e-009  1.337434e-009  -0.000000e+000  -1.444220e-008  -6.097283e-009  -2.131205e-008  -2.594580e-008  -0.000000e+000  -0.000000e+000  
-0.000000e+000  -2.739828e-008  -2.091204e-008  -5.676286e-009  -1.454148e-008  2.512416e-010  1.552133e-009  1.523302e-009  9.062007e-011  -1.457089e-009  -1.553529e-009  1.400046e-010  1.429612e-008  5.715176e-009  2.182272e-008  2.581059e-008  -0.000000e+000  -0.000000e+000  
-0.000000e+000  4.716062e-008  4.289698e-008  3.155993e-008  1.382989e-008  1.196173e-008  2.088496e-008  1.249332e-008  -1.096069e-010  -1.235940e-008  -2.076668e-008  -1.164433e-008  -1.412434e-008  -3.184109e-008  -4.311028e-008  -4.703627e-008  -0.000000e+000  -0.000000e+000  
-0.000000e+000  3.089125e-008  2.590830e-008  2.063201e-008  1.180741e-008  8.836477e-009  1.229282e-008  8.034140e-009  -0.000000e+000  -8.000094e-009  -1.245771e-008  -8.886440e-009  -1.216477e-008  -1.937908e-008  -2.831500e-008  -2.858630e-008  -0.000000e+000  -0.000000e+000  
-0.000000e+000  1.359170e-008  1.489869e-008  9.359822e-009  6.232856e-009  4.796177e-009  6.195899e-009  4.184083e-009  -2.432335e-010  -4.311077e-009  -5.520030e-009  -4.850002e-009  -6.439511e-009  -1.254507e-008  -9.778624e-009  -1.563921e-008  -0.000000e+000  -0.000000e+000  
-0.000000e+000  -0.000000e+000  -0.000000e+000  -0.000000e+000  -0.000000e+000  -0.000000e+000  -0.000000e+000  -0.000000e+000  -0.000000e+000  -0.000000e+000  -0.000000e+000  -0.000000e+000  -0.000000e+000  -0.000000e+000  -0.000000e+000  -0.000000e+000  -0.000000e+000  -0.000000e+000  
-0.000000e+000  -0.000000e+000  -0.000000e+000  -0.000000e+000  -0.000000e+000  -0.000000e+000  -0.000000e+000  -0.000000e+000  -0.000000e+000  -0.000000e+000  -0.000000e+000  -0.000000e+000  -0.000000e+000  -0.000000e+000  -0.000000e+000  -0.000000e+000  -0.000000e+000  -0.000000e+000  

0.000000e+000  0.000000e+000  0.000000e+000  0.000000e+000  0.000000e+000  0.000000e+000  0.000000e+000  0.000000e+000  0.000000e+000  0.000000e+000  0.000000e+000  0.000000e+000  0.000000e+000  0.000000e+000  0.000000e+000  0.000000e+000  0.000000e+000  0.000000e+000  
0.000000e+000  0.000000e+000  0.000000e+000  0.000000e+000  0.000000e+000  0.000000e+000  0.000000e+000  0.000000e+000  0.000000e+000  0.000000e+000  0.000000e+000  0.000000e+000  0.000000e+000  0.000000e+000  0.000000e+000  0.000000e+000  0.000000e+000  0.000000e+000  
0.000000e+000  0.000000e+000  0.000000e+000  0.000000e+000  0.000000e+000  0.000000e+000  0.000000e+000  0.000000e+000  0.000000e+000  0.000000e+000  0.000000e+000  0.000000e+000  0.000000e+000  0.000000e+000  0.000000e+000  0.000000e+000  0.000000e+000  0.000000e+000  
0.000000e+000  0.000000e+000  0.000000e+000  0.000000e+000  0.000000e+000  0.000000e+000  0.000000e+000  0.000000e+000  0.000000e+000  0.000000e+000  0.000000e+000  0.000000e+000  0.000000e+000  0.000000e+000  0.000000e+000  0.000000e+000  0.000000e+000  0.000000e+000  
0.000000e+000  0.000000e+000  0.000000e+000  0.000000e+000  0.000000e+000  0.000000e+000  0.000000e+000  0.000000e+000  0.000000e+000  0.000000e+000  0.000000e+000  0.000000e+000  0.000000e+000  0.000000e+000  0.000000e+000  0.000000e+000  0.000000e+000  0.000000e+000  
0.000000e+000  0.000000e+000  0.000000e+000  0.000000e+000  0.000000e+000  0.000000e+000  0.000000e+000  0.000000e+000  0.000000e+000  0.000000e+000  0.000000e+000  0.000000e+000  0.000000e+000  0.000000e+000  0.000000e+000  0.000000e+000  0.000000e+000  0.000000e+000  
0.000000e+000  0.000000e+000  0.000000e+000  0.000000e+000  0.000000e+000  0.000000e+000  0.000000e+000  0.000000e+000  0.000000e+000  0.000000e+000  0.000000e+000  0.000000e+000  0.000000e+000  0.000000e+000  0.000000e+000  0.000000e+000  0.000000e+000  0.000000e+000  
0.000000e+000  0.000000e+000  0.000000e+000  0.000000e+000  0.000000e+000  0.000000e+000  0.000000e+000  0.000000e+000  0.000000e+000  0.000000e+000  0.000000e+000  0.000000e+000  0.000000e+000  0.000000e+000  0.000000e+000  0.000000e+000  0.000000e+000  0.000000e+000  
0.000000e+000  0.000000e+000  0.000000e+000  0.000000e+000  0.000000e+000  0.000000e+000  0.000000e+000  0.000000e+000  0.000000e+000  0.000000e+000  0.000000e+000  0.000000e+000  0.000000e+000  0.000000e+000  0.000000e+000  0.000000e+000  0.000000e+000  0.000000e+000  
0.000000e+000  0.000000e+000  0.000000e+000  0.000000e+000  0.000000e+000  0.000000e+000  0.000000e+000  0.000000e+000  0.000000e+000  0.000000e+000  0.000000e+000  0.000000e+000  0.000000e+000  0.000000e+000  0.000000e+000  0.000000e+000  0.000000e+000  0.000000e+000  
0.000000e+000  0.000000e+000  0.000000e+000  0.000000e+000  0.000000e+000  0.000000e+000  0.000000e+000  0.000000e+000  0.000000e+000  0.000000e+000  0.000000e+000  0.000000e+000  0.000000e+000  0.000000e+000  0.000000e+000  0.000000e+000  0.000000e+000  0.000000e+000  
0.000000e+000  0.000000e+000  0.000000e+000  0.000000e+000  0.000000e+000  0.000000e+000  0.000000e+000  0.000000e+000  0.000000e+000  0.000000e+000  0.000000e+000  0.000000e+000  0.000000e+000  0.000000e+000  0.000000e+000  0.000000e+000  0.000000e+000  0.000000e+000  

0.000000e+000  0.000000e+000  0.000000e+000  0.000000e+000  0.000000e+000  0.000000e+000  0.000000e+000  0.000000e+000  0.000000e+000  0.000000e+000  0.000000e+000  0.000000e+000  0.000000e+000  0.000000e+000  0.000000e+000  0.000000e+000  0.000000e+000  0.000000e+000  
0.000000e+000  0.000000e+000  0.000000e+000  0.000000e+000  0.000000e+000  0.000000e+000  0.000000e+000  0.000000e+000  0.000000e+000  0.000000e+000  0.000000e+000  0.000000e+000  0.000000e+000  0.000000e+000  0.000000e+000  0.000000e+000  0.000000e+000  0.000000e+000  
0.000000e+000  0.000000e+000  0.000000e+000  0.000000e+000  0.000000e+000  0.000000e+000  0.000000e+000  0.000000e+000  0.000000e+000  0.000000e+000  0.000000e+000  0.000000e+000  0.000000e+000  0.000000e+000  0.000000e+000  0.000000e+000  0.000000e+000  0.000000e+000  
0.000000e+000  0.000000e+000  0.000000e+000  0.000000e+000  0.000000e+000  0.000000e+000  0.000000e+000  0.000000e+000  0.000000e+000  0.000000e+000  0.000000e+000  0.000000e+000  0.000000e+000  0.000000e+000  0.000000e+000  0.000000e+000  0.000000e+000  0.000000e+000  
0.000000e+000  0.000000e+000  0.000000e+000  0.000000e+000  0.000000e+000  0.000000e+000  0.000000e+000  0.000000e+000  0.000000e+000  0.000000e+000  0.000000e+000  0.000000e+000  0.000000e+000  0.000000e+000  0.000000e+000  0.000000e+000  0.000000e+000  0.000000e+000  
0.000000e+000  0.000000e+000  0.000000e+000  0.000000e+000  0.000000e+000  0.000000e+000  0.000000e+000  0.000000e+000  0.000000e+000  0.000000e+000  0.000000e+000  0.000000e+000  0.000000e+000  0.000000e+000  0.000000e+000  0.000000e+000  0.000000e+000  0.000000e+000  
0.000000e+000  0.000000e+000  0.000000e+000  0.000000e+000  0.000000e+000  0.000000e+000  0.000000e+000  0.000000e+000  0.000000e+000  0.000000e+000  0.000000e+000  0.000000e+000  0.000000e+000  0.000000e+000  0.000000e+000  0.000000e+000  0.000000e+000  0.000000e+000  
0.000000e+000  0.000000e+000  0.000000e+000  0.000000e+000  0.000000e+000  0.000000e+000  0.000000e+000  0.000000e+000  0.000000e+000  0.000000e+000  0.000000e+000  0.000000e+000  0.000000e+000  0.000000e+000  0.000000e+000  0.000000e+000  0.000000e+000  0.000000e+000  
0.000000e+000  0.000000e+000  0.000000e+000  0.000000e+000  0.000000e+000  0.000000e+000  0.000000e+000  0.000000e+000  0.000000e+000  0.000000e+000  0.000000e+000  0.000000e+000  0.000000e+000  0.000000e+000  0.000000e+000  0.000000e+000  0.000000e+000  0.000000e+000  
0.000000e+000  0.000000e+000  0.000000e+000  0.000000e+000  0.000000e+000  0.000000e+000  0.000000e+000  0.000000e+000  0.000000e+000  0.000000e+000  0.000000e+000  0.000000e+000  0.000000e+000  0.000000e+000  0.000000e+000  0.000000e+000  0.000000e+000  0.000000e+000  
0.000000e+000  0.000000e+000  0.000000e+000  0.000000e+000  0.000000e+000  0.000000e+000  0.000000e+000  0.000000e+000  0.000000e+000  0.000000e+000  0.000000e+000  0.000000e+000  0.000000e+000  0.000000e+000  0.000000e+000  0.000000e+000  0.000000e+000  0.000000e+000  
0.000000e+000  0.000000e+000  0.000000e+000  0.000000e+000  0.000000e+000  0.000000e+000  0.000000e+000  0.000000e+000  0.000000e+000  0.000000e+000  0.000000e+000  0.000000e+000  0.000000e+000  0.000000e+000  0.000000e+000  0.000000e+000  0.000000e+000  0.000000e+000  

0.000000e+000  0.000000e+000  0.000000e+000  0.000000e+000  0.000000e+000  0.000000e+000  0.000000e+000  0.000000e+000  0.000000e+000  0.000000e+000  0.000000e+000  0.000000e+000  0.000000e+000  0.000000e+000  0.000000e+000  0.000000e+000  0.000000e+000  0.000000e+000  
0.000000e+000  0.000000e+000  0.000000e+000  0.000000e+000  0.000000e+000  0.000000e+000  0.000000e+000  0.000000e+000  0.000000e+000  0.000000e+000  0.000000e+000  0.000000e+000  0.000000e+000  0.000000e+000  0.000000e+000  0.000000e+000  0.000000e+000  0.000000e+000  
0.000000e+000  0.000000e+000  0.000000e+000  0.000000e+000  0.000000e+000  0.000000e+000  0.000000e+000  0.000000e+000  0.000000e+000  0.000000e+000  0.000000e+000  0.000000e+000  0.000000e+000  0.000000e+000  0.000000e+000  0.000000e+000  0.000000e+000  0.000000e+000  
0.000000e+000  0.000000e+000  0.000000e+000  0.000000e+000  0.000000e+000  0.000000e+000  0.000000e+000  0.000000e+000  0.000000e+000  0.000000e+000  0.000000e+000  0.000000e+000  0.000000e+000  0.000000e+000  0.000000e+000  0.000000e+000  0.000000e+000  0.000000e+000  
0.000000e+000  0.000000e+000  0.000000e+000  0.000000e+000  0.000000e+000  0.000000e+000  0.000000e+000  0.000000e+000  0.000000e+000  0.000000e+000  0.000000e+000  0.000000e+000  0.000000e+000  0.000000e+000  0.000000e+000  0.000000e+000  0.000000e+000  0.000000e+000  
0.000000e+000  0.000000e+000  0.000000e+000  0.000000e+000  0.000000e+000  0.000000e+000  0.000000e+000  0.000000e+000  0.000000e+000  0.000000e+000  0.000000e+000  0.000000e+000  0.000000e+000  0.000000e+000  0.000000e+000  0.000000e+000  0.000000e+000  0.000000e+000  
0.000000e+000  0.000000e+000  0.000000e+000  0.000000e+000  0.000000e+000  0.000000e+000  0.000000e+000  0.000000e+000  0.000000e+000  0.000000e+000  0.000000e+000  0.000000e+000  0.000000e+000  0.000000e+000  0.000000e+000  0.000000e+000  0.000000e+000  0.000000e+000  
0.000000e+000  0.000000e+000  0.000000e+000  0.000000e+000  0.000000e+000  0.000000e+000  0.000000e+000  0.000000e+000  0.000000e+000  0.000000e+000  0.000000e+000  0.000000e+000  0.000000e+000  0.000000e+000  0.000000e+000  0.000000e+000  0.000000e+000  0.000000e+000  
0.000000e+000  0.000000e+000  0.000000e+000  0.000000e+000  0.000000e+000  0.000000e+000  0.000000e+000  0.000000e+000  0.000000e+000  0.000000e+000  0.000000e+000  0.000000e+000  0.000000e+000  0.000000e+000  0.000000e+000  0.000000e+000  0.000000e+000  0.000000e+000  
0.000000e+000  0.000000e+000  0.000000e+000  0.000000e+000  0.000000e+000  0.000000e+000  0.000000e+000  0.000000e+000  0.000000e+000  0.000000e+000  0.000000e+000  0.000000e+000  0.000000e+000  0.000000e+000  0.000000e+000  0.000000e+000  0.000000e+000  0.000000e+000  
0.000000e+000  0.000000e+000  0.000000e+000  0.000000e+000  0.000000e+000  0.000000e+000  0.000000e+000  0.000000e+000  0.000000e+000  0.000000e+000  0.000000e+000  0.000000e+000  0.000000e+000  0.000000e+000  0.000000e+000  0.000000e+000  0.000000e+000  0.000000e+000  
0.000000e+000  0.000000e+000  0.000000e+000  0.000000e+000  0.000000e+000  0.000000e+000  0.000000e+000  0.000000e+000  0.000000e+000  0.000000e+000  0.000000e+000  0.000000e+000  0.000000e+000  0.000000e+000  0.000000e+000  0.000000e+000  0.000000e+000  0.000000e+000  

0.000000e+000  0.000000e+000  0.000000e+000  0.000000e+000  0.000000e+000  0.000000e+000  0.000000e+000  0.000000e+000  0.000000e+000  0.000000e+000  0.000000e+000  0.000000e+000  0.000000e+000  0.000000e+000  0.000000e+000  0.000000e+000  0.000000e+000  0.000000e+000  
0.000000e+000  5.967277e+000  5.859099e+000  5.644705e+000  5.200083e+000  4.283078e+000  3.032140e+000  1.570611e+000  0.000000e+000  -1.570611e+000  -3.032140e+000  -4.283078e+000  -5.200083e+000  -5.644705e+000  -5.859099e+000  -5.967277e+000  0.000000e+000  0.000000e+000  
0.000000e+000  5.967277e+000  5.859099e+000  5.644705e+000  5.200083e+000  4.283078e+000  3.032140e+000  1.570611e+000  0.000000e+000  -1.570611e+000  -3.032140e+000  -4.283078e+000  -5.200083e+000  -5.644705e+000  -5.859099e+000  -5.967277e+000  0.000000e+000  0.000000e+000  
0.000000e+000  5.967277e+000  5.859099e+000  5.644705e+000  5.200083e+000  4.283078e+000  3.032140e+000  1.570611e+000  6.144860e-011  -1.570611e+000  -3.032140e+000  -4.283078e+000  -5.200083e+000  -5.644705e+000  -5.859099e+000  -5.967277e+000  0.000000e+000  0.000000e+000  
0.000000e+000  5.967277e+000  5.859099e+000  5.644704e+000  5.200083e+000  4.283078e+000  3.032140e+000  1.570611e+000  0.000000e+000  -1.570611e+000  -3.032140e+000  -4.283078e+000  -5.200083e+000  -5.644704e+000  -5.859099e+000  -5.967277e+000  0.000000e+000  0.000000e+000  
0.000000e+000  5.967277e+000  5.859099e+000  5.644705e+000  5.200083e+000  4.283078e+000  3.032140e+000  1.570611e+000  0.000000e+000  -1.570611e+000  -3.032140e+000  -4.283078e+000  -5.200083e+000  -5.644705e+000  -5.859099e+000  -5.967277e+000  0.000000e+000  0.000000e+000  
0.000000e+000  5.967277e+000  5.859099e+000  5.644704e+000  5.200083e+000  4.283078e+000  3.032140e+000  1.570611e+000  0.000000e+000  -1.570611e+000  -3.032140e+000  -4.283078e+000  -5.200083e+000  -5.644704e+000  -5.859099e+000  -5.967277e+000  0.000000e+000  0.000000e+000  
0.000000e+000  5.967277e+000  5.859099e+000  5.644705e+000  5.200083e+000  4.283078e+000  3.032140e+000  1.570611e+000  0.000000e+000  -1.570611e+000  -3.032140e+000  -4.283078e+000  -5.200083e+000  -5.644705e+000  -5.859099e+000  -5.967277e+000  0.000000e+000  0.000000e+000  
0.000000e+000  5.967277e+000  5.859099e+000  5.644705e+000  5.200083e+000  4.283078e+000  3.032140e+000  1.570611e+000  0.000000e+000  -1.570611e+000  -3.032140e+000  -4.283078e+000  -5.200083e+000  -5.644705e+000  -5.859099e+000  -5.967277e+000  0.000000e+000  0.000000e+000  
0.000000e+000  5.967277e+000  5.859099e+000  5.644705e+000  5.200083e+000  4.283078e+000  3.032140e+000  1.570611e+000  0.000000e+000  -1.570611e+000  -3.032140e+000  -4.283078e+000  -5.200083e+000  -5.644705e+000  -5.859099e+000  -5.967277e+000  0.000000e+000  0.000000e+000  
0.000000e+000  0.000000e+000  0.000000e+000  0.000000e+000  0.000000e+000  0.000000e+000  0.000000e+000  0.000000e+000  0.000000e+000  0.000000e+000  0.000000e+000  0.000000e+000  0.000000e+000  0.000000e+000  0.000000e+000  0.000000e+000  0.000000e+000  0.000000e+000  
0.000000e+000  0.000000e+000  0.000000e+000  0.000000e+000  0.000000e+000  0.000000e+000  0.000000e+000  0.000000e+000  0.000000e+000  0.000000e+000  0.000000e+000  0.000000e+000  0.000000e+000  0.000000e+000  0.000000e+000  0.000000e+000  0.000000e+000  0.000000e+000  

