Port monitor named: Port2_e1.prt

nx        = 18
ny        = 12
nz        = 3

nu        = 18
nv        = 12
iu        = 1
iv        = 1

idir      = 2
dcut      = -5.000000e-002
icut      = 1
type      = 0
frequency = 7.500000e+009

fcutoff   = 6.554622e+009
alpha     = 0.000000e+000
beta      = 7.633990e+001
accuracy  = 1.788048e-011

type          = TE
wave imp.     = 7.757100e+002
wave imp.sig. = 1.172216e-005
line imp.     = 0.000000e+000

ref. port     = 0

-0.000000e+000  -0.000000e+000  -0.000000e+000  -0.000000e+000  -0.000000e+000  -0.000000e+000  -0.000000e+000  -0.000000e+000  -0.000000e+000  -0.000000e+000  -0.000000e+000  -0.000000e+000  -0.000000e+000  -0.000000e+000  -0.000000e+000  -0.000000e+000  -0.000000e+000  -0.000000e+000  
-0.000000e+000  -0.000000e+000  -0.000000e+000  -0.000000e+000  -0.000000e+000  -0.000000e+000  -0.000000e+000  -0.000000e+000  -0.000000e+000  -0.000000e+000  -0.000000e+000  -0.000000e+000  -0.000000e+000  -0.000000e+000  -0.000000e+000  -0.000000e+000  -0.000000e+000  -0.000000e+000  
-0.000000e+000  -9.461621e-006  -1.006378e-005  -1.062868e-005  -9.138748e-006  -1.797504e-005  -1.319739e-005  -6.659542e-006  -0.000000e+000  6.659133e-006  1.319920e-005  1.797421e-005  9.140837e-006  1.062910e-005  1.006033e-005  9.464422e-006  -0.000000e+000  -0.000000e+000  
-0.000000e+000  -1.823793e-005  -1.999295e-005  -2.252757e-005  -1.528969e-005  -3.891150e-005  -2.659315e-005  -1.323876e-005  -0.000000e+000  1.323874e-005  2.659535e-005  3.891200e-005  1.529054e-005  2.252988e-005  1.999803e-005  1.823489e-005  -0.000000e+000  -0.000000e+000  
-0.000000e+000  -2.514836e-005  -2.890912e-005  -4.093654e-005  -1.245010e-005  -6.781216e-005  -3.980228e-005  -1.957514e-005  -0.000000e+000  1.957606e-005  3.980317e-005  6.781150e-005  1.245051e-005  4.093719e-005  2.890783e-005  2.515051e-005  -0.000000e+000  -0.000000e+000  
-0.000000e+000  3.586830e-006  4.295789e-006  8.344617e-006  -3.951855e-006  -2.046765e-005  -1.470085e-005  -7.391015e-006  -0.000000e+000  7.391913e-006  1.470214e-005  2.046788e-005  3.950551e-006  -8.346298e-006  -4.298490e-006  -3.587736e-006  -0.000000e+000  -0.000000e+000  
-0.000000e+000  -3.590449e-006  -4.298276e-006  -8.346123e-006  3.948789e-006  2.046925e-005  1.470308e-005  7.391614e-006  -0.000000e+000  -7.390056e-006  -1.470291e-005  -2.046907e-005  -3.951695e-006  8.344562e-006  4.297330e-006  3.585452e-006  -0.000000e+000  -0.000000e+000  
-0.000000e+000  2.514933e-005  2.890710e-005  4.093563e-005  1.244753e-005  6.781240e-005  3.980502e-005  1.957460e-005  -0.000000e+000  -1.957400e-005  -3.980373e-005  -6.781254e-005  -1.244938e-005  -4.093689e-005  -2.890976e-005  -2.514706e-005  -0.000000e+000  -0.000000e+000  
-0.000000e+000  1.823987e-005  1.999533e-005  2.253122e-005  1.528813e-005  3.891193e-005  2.659578e-005  1.323810e-005  -0.000000e+000  -1.323818e-005  -2.659499e-005  -3.891340e-005  -1.528976e-005  -2.253289e-005  -1.999070e-005  -1.823776e-005  -0.000000e+000  -0.000000e+000  
-0.000000e+000  9.461359e-006  1.006492e-005  1.062677e-005  9.138493e-006  1.797481e-005  1.319934e-005  6.659162e-006  -0.000000e+000  -6.660048e-006  -1.319789e-005  -1.797424e-005  -9.138176e-006  -1.062630e-005  -1.006224e-005  -9.462180e-006  -0.000000e+000  -0.000000e+000  
-0.000000e+000  -0.000000e+000  -0.000000e+000  -0.000000e+000  -0.000000e+000  -0.000000e+000  -0.000000e+000  -0.000000e+000  -0.000000e+000  -0.000000e+000  -0.000000e+000  -0.000000e+000  -0.000000e+000  -0.000000e+000  -0.000000e+000  -0.000000e+000  -0.000000e+000  -0.000000e+000  
-0.000000e+000  -0.000000e+000  -0.000000e+000  -0.000000e+000  -0.000000e+000  -0.000000e+000  -0.000000e+000  -0.000000e+000  -0.000000e+000  -0.000000e+000  -0.000000e+000  -0.000000e+000  -0.000000e+000  -0.000000e+000  -0.000000e+000  -0.000000e+000  -0.000000e+000  -0.000000e+000  

-0.000000e+000  -0.000000e+000  -0.000000e+000  -0.000000e+000  -0.000000e+000  -0.000000e+000  -0.000000e+000  -0.000000e+000  -0.000000e+000  -0.000000e+000  -0.000000e+000  -0.000000e+000  -0.000000e+000  -0.000000e+000  -0.000000e+000  -0.000000e+000  -0.000000e+000  -0.000000e+000  
-0.000000e+000  -0.000000e+000  3.464497e+002  6.866187e+002  1.014340e+003  1.560074e+003  2.046797e+003  2.391366e+003  2.569848e+003  2.569848e+003  2.391366e+003  2.046797e+003  1.560074e+003  1.014340e+003  6.866187e+002  3.464497e+002  -0.000000e+000  -0.000000e+000  
-0.000000e+000  -0.000000e+000  3.464497e+002  6.866187e+002  1.014340e+003  1.560074e+003  2.046797e+003  2.391366e+003  2.569848e+003  2.569848e+003  2.391366e+003  2.046797e+003  1.560074e+003  1.014340e+003  6.866187e+002  3.464497e+002  -0.000000e+000  -0.000000e+000  
-0.000000e+000  -0.000000e+000  3.464497e+002  6.866187e+002  1.014340e+003  1.560074e+003  2.046797e+003  2.391366e+003  2.569848e+003  2.569848e+003  2.391366e+003  2.046797e+003  1.560074e+003  1.014340e+003  6.866187e+002  3.464497e+002  -0.000000e+000  -0.000000e+000  
-0.000000e+000  -0.000000e+000  3.464497e+002  6.866188e+002  1.014340e+003  1.560074e+003  2.046797e+003  2.391366e+003  2.569848e+003  2.569848e+003  2.391366e+003  2.046797e+003  1.560074e+003  1.014340e+003  6.866188e+002  3.464497e+002  -0.000000e+000  -0.000000e+000  
-0.000000e+000  -0.000000e+000  3.464497e+002  6.866188e+002  1.014340e+003  1.560074e+003  2.046798e+003  2.391366e+003  2.569848e+003  2.569848e+003  2.391366e+003  2.046798e+003  1.560074e+003  1.014340e+003  6.866188e+002  3.464497e+002  -0.000000e+000  -0.000000e+000  
-0.000000e+000  -0.000000e+000  3.464497e+002  6.866188e+002  1.014340e+003  1.560074e+003  2.046797e+003  2.391366e+003  2.569848e+003  2.569848e+003  2.391366e+003  2.046797e+003  1.560074e+003  1.014340e+003  6.866188e+002  3.464497e+002  -0.000000e+000  -0.000000e+000  
-0.000000e+000  -0.000000e+000  3.464497e+002  6.866187e+002  1.014340e+003  1.560074e+003  2.046797e+003  2.391366e+003  2.569848e+003  2.569848e+003  2.391366e+003  2.046797e+003  1.560074e+003  1.014340e+003  6.866187e+002  3.464497e+002  -0.000000e+000  -0.000000e+000  
-0.000000e+000  -0.000000e+000  3.464497e+002  6.866187e+002  1.014340e+003  1.560074e+003  2.046797e+003  2.391366e+003  2.569848e+003  2.569848e+003  2.391366e+003  2.046797e+003  1.560074e+003  1.014340e+003  6.866187e+002  3.464497e+002  -0.000000e+000  -0.000000e+000  
-0.000000e+000  -0.000000e+000  3.464497e+002  6.866187e+002  1.014340e+003  1.560074e+003  2.046797e+003  2.391366e+003  2.569848e+003  2.569848e+003  2.391366e+003  2.046797e+003  1.560074e+003  1.014340e+003  6.866187e+002  3.464497e+002  -0.000000e+000  -0.000000e+000  
-0.000000e+000  -0.000000e+000  -0.000000e+000  -0.000000e+000  -0.000000e+000  -0.000000e+000  -0.000000e+000  -0.000000e+000  -0.000000e+000  -0.000000e+000  -0.000000e+000  -0.000000e+000  -0.000000e+000  -0.000000e+000  -0.000000e+000  -0.000000e+000  -0.000000e+000  -0.000000e+000  
-0.000000e+000  -0.000000e+000  -0.000000e+000  -0.000000e+000  -0.000000e+000  -0.000000e+000  -0.000000e+000  -0.000000e+000  -0.000000e+000  -0.000000e+000  -0.000000e+000  -0.000000e+000  -0.000000e+000  -0.000000e+000  -0.000000e+000  -0.000000e+000  -0.000000e+000  -0.000000e+000  

0.000000e+000  0.000000e+000  0.000000e+000  0.000000e+000  0.000000e+000  0.000000e+000  0.000000e+000  0.000000e+000  0.000000e+000  0.000000e+000  0.000000e+000  0.000000e+000  0.000000e+000  0.000000e+000  0.000000e+000  0.000000e+000  0.000000e+000  0.000000e+000  
0.000000e+000  0.000000e+000  0.000000e+000  0.000000e+000  0.000000e+000  0.000000e+000  0.000000e+000  0.000000e+000  0.000000e+000  0.000000e+000  0.000000e+000  0.000000e+000  0.000000e+000  0.000000e+000  0.000000e+000  0.000000e+000  0.000000e+000  0.000000e+000  
0.000000e+000  0.000000e+000  0.000000e+000  0.000000e+000  0.000000e+000  0.000000e+000  0.000000e+000  0.000000e+000  0.000000e+000  0.000000e+000  0.000000e+000  0.000000e+000  0.000000e+000  0.000000e+000  0.000000e+000  0.000000e+000  0.000000e+000  0.000000e+000  
0.000000e+000  0.000000e+000  0.000000e+000  0.000000e+000  0.000000e+000  0.000000e+000  0.000000e+000  0.000000e+000  0.000000e+000  0.000000e+000  0.000000e+000  0.000000e+000  0.000000e+000  0.000000e+000  0.000000e+000  0.000000e+000  0.000000e+000  0.000000e+000  
0.000000e+000  0.000000e+000  0.000000e+000  0.000000e+000  0.000000e+000  0.000000e+000  0.000000e+000  0.000000e+000  0.000000e+000  0.000000e+000  0.000000e+000  0.000000e+000  0.000000e+000  0.000000e+000  0.000000e+000  0.000000e+000  0.000000e+000  0.000000e+000  
0.000000e+000  0.000000e+000  0.000000e+000  0.000000e+000  0.000000e+000  0.000000e+000  0.000000e+000  0.000000e+000  0.000000e+000  0.000000e+000  0.000000e+000  0.000000e+000  0.000000e+000  0.000000e+000  0.000000e+000  0.000000e+000  0.000000e+000  0.000000e+000  
0.000000e+000  0.000000e+000  0.000000e+000  0.000000e+000  0.000000e+000  0.000000e+000  0.000000e+000  0.000000e+000  0.000000e+000  0.000000e+000  0.000000e+000  0.000000e+000  0.000000e+000  0.000000e+000  0.000000e+000  0.000000e+000  0.000000e+000  0.000000e+000  
0.000000e+000  0.000000e+000  0.000000e+000  0.000000e+000  0.000000e+000  0.000000e+000  0.000000e+000  0.000000e+000  0.000000e+000  0.000000e+000  0.000000e+000  0.000000e+000  0.000000e+000  0.000000e+000  0.000000e+000  0.000000e+000  0.000000e+000  0.000000e+000  
0.000000e+000  0.000000e+000  0.000000e+000  0.000000e+000  0.000000e+000  0.000000e+000  0.000000e+000  0.000000e+000  0.000000e+000  0.000000e+000  0.000000e+000  0.000000e+000  0.000000e+000  0.000000e+000  0.000000e+000  0.000000e+000  0.000000e+000  0.000000e+000  
0.000000e+000  0.000000e+000  0.000000e+000  0.000000e+000  0.000000e+000  0.000000e+000  0.000000e+000  0.000000e+000  0.000000e+000  0.000000e+000  0.000000e+000  0.000000e+000  0.000000e+000  0.000000e+000  0.000000e+000  0.000000e+000  0.000000e+000  0.000000e+000  
0.000000e+000  0.000000e+000  0.000000e+000  0.000000e+000  0.000000e+000  0.000000e+000  0.000000e+000  0.000000e+000  0.000000e+000  0.000000e+000  0.000000e+000  0.000000e+000  0.000000e+000  0.000000e+000  0.000000e+000  0.000000e+000  0.000000e+000  0.000000e+000  
0.000000e+000  0.000000e+000  0.000000e+000  0.000000e+000  0.000000e+000  0.000000e+000  0.000000e+000  0.000000e+000  0.000000e+000  0.000000e+000  0.000000e+000  0.000000e+000  0.000000e+000  0.000000e+000  0.000000e+000  0.000000e+000  0.000000e+000  0.000000e+000  

0.000000e+000  0.000000e+000  0.000000e+000  0.000000e+000  0.000000e+000  0.000000e+000  0.000000e+000  0.000000e+000  0.000000e+000  0.000000e+000  0.000000e+000  0.000000e+000  0.000000e+000  0.000000e+000  0.000000e+000  0.000000e+000  0.000000e+000  0.000000e+000  
0.000000e+000  0.000000e+000  0.000000e+000  0.000000e+000  0.000000e+000  0.000000e+000  0.000000e+000  0.000000e+000  0.000000e+000  0.000000e+000  0.000000e+000  0.000000e+000  0.000000e+000  0.000000e+000  0.000000e+000  0.000000e+000  0.000000e+000  0.000000e+000  
0.000000e+000  0.000000e+000  0.000000e+000  0.000000e+000  0.000000e+000  0.000000e+000  0.000000e+000  0.000000e+000  0.000000e+000  0.000000e+000  0.000000e+000  0.000000e+000  0.000000e+000  0.000000e+000  0.000000e+000  0.000000e+000  0.000000e+000  0.000000e+000  
0.000000e+000  0.000000e+000  0.000000e+000  0.000000e+000  0.000000e+000  0.000000e+000  0.000000e+000  0.000000e+000  0.000000e+000  0.000000e+000  0.000000e+000  0.000000e+000  0.000000e+000  0.000000e+000  0.000000e+000  0.000000e+000  0.000000e+000  0.000000e+000  
0.000000e+000  0.000000e+000  0.000000e+000  0.000000e+000  0.000000e+000  0.000000e+000  0.000000e+000  0.000000e+000  0.000000e+000  0.000000e+000  0.000000e+000  0.000000e+000  0.000000e+000  0.000000e+000  0.000000e+000  0.000000e+000  0.000000e+000  0.000000e+000  
0.000000e+000  0.000000e+000  0.000000e+000  0.000000e+000  0.000000e+000  0.000000e+000  0.000000e+000  0.000000e+000  0.000000e+000  0.000000e+000  0.000000e+000  0.000000e+000  0.000000e+000  0.000000e+000  0.000000e+000  0.000000e+000  0.000000e+000  0.000000e+000  
0.000000e+000  0.000000e+000  0.000000e+000  0.000000e+000  0.000000e+000  0.000000e+000  0.000000e+000  0.000000e+000  0.000000e+000  0.000000e+000  0.000000e+000  0.000000e+000  0.000000e+000  0.000000e+000  0.000000e+000  0.000000e+000  0.000000e+000  0.000000e+000  
0.000000e+000  0.000000e+000  0.000000e+000  0.000000e+000  0.000000e+000  0.000000e+000  0.000000e+000  0.000000e+000  0.000000e+000  0.000000e+000  0.000000e+000  0.000000e+000  0.000000e+000  0.000000e+000  0.000000e+000  0.000000e+000  0.000000e+000  0.000000e+000  
0.000000e+000  0.000000e+000  0.000000e+000  0.000000e+000  0.000000e+000  0.000000e+000  0.000000e+000  0.000000e+000  0.000000e+000  0.000000e+000  0.000000e+000  0.000000e+000  0.000000e+000  0.000000e+000  0.000000e+000  0.000000e+000  0.000000e+000  0.000000e+000  
0.000000e+000  0.000000e+000  0.000000e+000  0.000000e+000  0.000000e+000  0.000000e+000  0.000000e+000  0.000000e+000  0.000000e+000  0.000000e+000  0.000000e+000  0.000000e+000  0.000000e+000  0.000000e+000  0.000000e+000  0.000000e+000  0.000000e+000  0.000000e+000  
0.000000e+000  0.000000e+000  0.000000e+000  0.000000e+000  0.000000e+000  0.000000e+000  0.000000e+000  0.000000e+000  0.000000e+000  0.000000e+000  0.000000e+000  0.000000e+000  0.000000e+000  0.000000e+000  0.000000e+000  0.000000e+000  0.000000e+000  0.000000e+000  
0.000000e+000  0.000000e+000  0.000000e+000  0.000000e+000  0.000000e+000  0.000000e+000  0.000000e+000  0.000000e+000  0.000000e+000  0.000000e+000  0.000000e+000  0.000000e+000  0.000000e+000  0.000000e+000  0.000000e+000  0.000000e+000  0.000000e+000  0.000000e+000  

0.000000e+000  0.000000e+000  0.000000e+000  0.000000e+000  0.000000e+000  0.000000e+000  0.000000e+000  0.000000e+000  0.000000e+000  0.000000e+000  0.000000e+000  0.000000e+000  0.000000e+000  0.000000e+000  0.000000e+000  0.000000e+000  0.000000e+000  0.000000e+000  
0.000000e+000  0.000000e+000  0.000000e+000  0.000000e+000  0.000000e+000  0.000000e+000  0.000000e+000  0.000000e+000  0.000000e+000  0.000000e+000  0.000000e+000  0.000000e+000  0.000000e+000  0.000000e+000  0.000000e+000  0.000000e+000  0.000000e+000  0.000000e+000  
0.000000e+000  0.000000e+000  0.000000e+000  0.000000e+000  0.000000e+000  0.000000e+000  0.000000e+000  0.000000e+000  0.000000e+000  0.000000e+000  0.000000e+000  0.000000e+000  0.000000e+000  0.000000e+000  0.000000e+000  0.000000e+000  0.000000e+000  0.000000e+000  
0.000000e+000  0.000000e+000  0.000000e+000  0.000000e+000  0.000000e+000  0.000000e+000  0.000000e+000  0.000000e+000  0.000000e+000  0.000000e+000  0.000000e+000  0.000000e+000  0.000000e+000  0.000000e+000  0.000000e+000  0.000000e+000  0.000000e+000  0.000000e+000  
0.000000e+000  0.000000e+000  0.000000e+000  0.000000e+000  0.000000e+000  0.000000e+000  0.000000e+000  0.000000e+000  0.000000e+000  0.000000e+000  0.000000e+000  0.000000e+000  0.000000e+000  0.000000e+000  0.000000e+000  0.000000e+000  0.000000e+000  0.000000e+000  
0.000000e+000  0.000000e+000  0.000000e+000  0.000000e+000  0.000000e+000  0.000000e+000  0.000000e+000  0.000000e+000  0.000000e+000  0.000000e+000  0.000000e+000  0.000000e+000  0.000000e+000  0.000000e+000  0.000000e+000  0.000000e+000  0.000000e+000  0.000000e+000  
0.000000e+000  0.000000e+000  0.000000e+000  0.000000e+000  0.000000e+000  0.000000e+000  0.000000e+000  0.000000e+000  0.000000e+000  0.000000e+000  0.000000e+000  0.000000e+000  0.000000e+000  0.000000e+000  0.000000e+000  0.000000e+000  0.000000e+000  0.000000e+000  
0.000000e+000  0.000000e+000  0.000000e+000  0.000000e+000  0.000000e+000  0.000000e+000  0.000000e+000  0.000000e+000  0.000000e+000  0.000000e+000  0.000000e+000  0.000000e+000  0.000000e+000  0.000000e+000  0.000000e+000  0.000000e+000  0.000000e+000  0.000000e+000  
0.000000e+000  0.000000e+000  0.000000e+000  0.000000e+000  0.000000e+000  0.000000e+000  0.000000e+000  0.000000e+000  0.000000e+000  0.000000e+000  0.000000e+000  0.000000e+000  0.000000e+000  0.000000e+000  0.000000e+000  0.000000e+000  0.000000e+000  0.000000e+000  
0.000000e+000  0.000000e+000  0.000000e+000  0.000000e+000  0.000000e+000  0.000000e+000  0.000000e+000  0.000000e+000  0.000000e+000  0.000000e+000  0.000000e+000  0.000000e+000  0.000000e+000  0.000000e+000  0.000000e+000  0.000000e+000  0.000000e+000  0.000000e+000  
0.000000e+000  0.000000e+000  0.000000e+000  0.000000e+000  0.000000e+000  0.000000e+000  0.000000e+000  0.000000e+000  0.000000e+000  0.000000e+000  0.000000e+000  0.000000e+000  0.000000e+000  0.000000e+000  0.000000e+000  0.000000e+000  0.000000e+000  0.000000e+000  
0.000000e+000  0.000000e+000  0.000000e+000  0.000000e+000  0.000000e+000  0.000000e+000  0.000000e+000  0.000000e+000  0.000000e+000  0.000000e+000  0.000000e+000  0.000000e+000  0.000000e+000  0.000000e+000  0.000000e+000  0.000000e+000  0.000000e+000  0.000000e+000  

-0.000000e+000  -0.000000e+000  -0.000000e+000  -0.000000e+000  -0.000000e+000  -0.000000e+000  -0.000000e+000  -0.000000e+000  -0.000000e+000  -0.000000e+000  -0.000000e+000  -0.000000e+000  -0.000000e+000  -0.000000e+000  -0.000000e+000  -0.000000e+000  -0.000000e+000  -0.000000e+000  
-0.000000e+000  -0.000000e+000  -0.000000e+000  -0.000000e+000  -0.000000e+000  -0.000000e+000  -0.000000e+000  -0.000000e+000  -0.000000e+000  -0.000000e+000  -0.000000e+000  -0.000000e+000  -0.000000e+000  -0.000000e+000  -0.000000e+000  -0.000000e+000  -0.000000e+000  -0.000000e+000  
-0.000000e+000  -0.000000e+000  -1.563954e-007  -5.176060e-008  3.607461e-008  6.204009e-007  2.708982e-006  3.976287e-006  4.531529e-006  4.504130e-006  4.004012e-006  2.738541e-006  6.437870e-007  1.088321e-007  -1.147618e-007  -1.262044e-007  -0.000000e+000  -0.000000e+000  
-0.000000e+000  -0.000000e+000  -3.553860e-007  -5.270839e-007  1.037270e-007  8.445047e-007  5.560440e-006  8.069854e-006  9.129941e-006  9.084283e-006  8.046704e-006  5.574754e-006  8.940245e-007  6.954371e-008  -4.218756e-007  -3.325735e-007  -0.000000e+000  -0.000000e+000  
-0.000000e+000  -0.000000e+000  -8.300625e-007  -1.229561e-006  7.157274e-008  2.429112e-007  8.821372e-006  1.236348e-005  1.376315e-005  1.381906e-005  1.235625e-005  8.880206e-006  2.145533e-007  9.902133e-008  -1.177831e-006  -8.393845e-007  -0.000000e+000  -0.000000e+000  
-0.000000e+000  -0.000000e+000  1.267960e-006  2.184486e-006  1.900897e-006  3.965149e-006  6.938550e-006  8.902811e-006  9.830789e-006  9.822815e-006  8.930074e-006  6.928246e-006  3.932919e-006  1.882778e-006  2.153461e-006  1.237843e-006  -0.000000e+000  -0.000000e+000  
-0.000000e+000  -0.000000e+000  -1.321968e-006  -2.214378e-006  -1.919265e-006  -3.979588e-006  -6.949711e-006  -8.927278e-006  -9.837017e-006  -9.826719e-006  -8.909684e-006  -6.932301e-006  -3.917745e-006  -1.882779e-006  -2.175517e-006  -1.230164e-006  -0.000000e+000  -0.000000e+000  
-0.000000e+000  -0.000000e+000  8.557536e-007  1.182717e-006  -4.880860e-008  -2.814491e-007  -8.856409e-006  -1.231436e-005  -1.376225e-005  -1.377470e-005  -1.231169e-005  -8.840482e-006  -2.294328e-007  -2.744406e-008  1.187852e-006  8.487043e-007  -0.000000e+000  -0.000000e+000  
-0.000000e+000  -0.000000e+000  4.283236e-007  4.359578e-007  -5.253983e-008  -8.817414e-007  -5.578034e-006  -8.077281e-006  -9.103626e-006  -9.112366e-006  -8.082141e-006  -5.601747e-006  -9.109164e-007  -1.189969e-007  4.423686e-007  2.946597e-007  -0.000000e+000  -0.000000e+000  
-0.000000e+000  -0.000000e+000  8.097193e-008  1.926516e-007  -5.929720e-008  -6.415385e-007  -2.729753e-006  -3.959316e-006  -4.459386e-006  -4.487026e-006  -4.001258e-006  -2.695104e-006  -6.130898e-007  -5.257917e-008  1.440442e-008  1.997857e-007  -0.000000e+000  -0.000000e+000  
-0.000000e+000  -0.000000e+000  -0.000000e+000  -0.000000e+000  -0.000000e+000  -0.000000e+000  -0.000000e+000  -0.000000e+000  -0.000000e+000  -0.000000e+000  -0.000000e+000  -0.000000e+000  -0.000000e+000  -0.000000e+000  -0.000000e+000  -0.000000e+000  -0.000000e+000  -0.000000e+000  
-0.000000e+000  -0.000000e+000  -0.000000e+000  -0.000000e+000  -0.000000e+000  -0.000000e+000  -0.000000e+000  -0.000000e+000  -0.000000e+000  -0.000000e+000  -0.000000e+000  -0.000000e+000  -0.000000e+000  -0.000000e+000  -0.000000e+000  -0.000000e+000  -0.000000e+000  -0.000000e+000  

