Port monitor named: Port2_e1[7.5].prt

nx        = 18
ny        = 12
nz        = 52

nu        = 18
nv        = 12
iu        = 1
iv        = 1

idir      = 2
dcut      = -5.000000e-002
icut      = 1
type      = 0
frequency = 7.500000e+009

fcutoff   = 6.554923e+009
alpha     = 0.000000e+000
beta      = 7.632046e+001
accuracy  = 1.724822e-011

type          = TE
wave imp.     = 7.759076e+002
wave imp.sig. = 1.175914e-005
line imp.     = 0.000000e+000

ref. port     = 0

0.000000e+000  0.000000e+000  0.000000e+000  0.000000e+000  0.000000e+000  0.000000e+000  0.000000e+000  0.000000e+000  0.000000e+000  0.000000e+000  0.000000e+000  0.000000e+000  0.000000e+000  0.000000e+000  0.000000e+000  0.000000e+000  0.000000e+000  0.000000e+000  
0.000000e+000  0.000000e+000  0.000000e+000  0.000000e+000  0.000000e+000  0.000000e+000  0.000000e+000  0.000000e+000  0.000000e+000  0.000000e+000  0.000000e+000  0.000000e+000  0.000000e+000  0.000000e+000  0.000000e+000  0.000000e+000  0.000000e+000  0.000000e+000  
0.000000e+000  -9.463353e-006  -1.006435e-005  -1.062684e-005  -9.140817e-006  -1.797731e-005  -1.320125e-005  -6.660432e-006  0.000000e+000  6.659920e-006  1.320119e-005  1.797912e-005  9.140632e-006  1.063178e-005  1.006154e-005  9.465570e-006  0.000000e+000  0.000000e+000  
0.000000e+000  -1.823802e-005  -1.999163e-005  -2.253052e-005  -1.529122e-005  -3.891621e-005  -2.659925e-005  -1.324072e-005  0.000000e+000  1.323855e-005  2.659827e-005  3.891907e-005  1.529323e-005  2.253273e-005  2.000482e-005  1.823944e-005  0.000000e+000  0.000000e+000  
0.000000e+000  -2.514820e-005  -2.890789e-005  -4.094062e-005  -1.244981e-005  -6.781959e-005  -3.980937e-005  -1.957921e-005  0.000000e+000  1.957632e-005  3.980979e-005  6.782264e-005  1.245405e-005  4.094600e-005  2.891498e-005  2.515643e-005  0.000000e+000  0.000000e+000  
0.000000e+000  3.591325e-006  4.302532e-006  8.349859e-006  -3.947811e-006  -2.047018e-005  -1.470500e-005  -7.394171e-006  0.000000e+000  7.388972e-006  1.470443e-005  2.047387e-005  3.953872e-006  -8.342374e-006  -4.292493e-006  -3.582133e-006  0.000000e+000  0.000000e+000  
0.000000e+000  -3.588043e-006  -4.293641e-006  -8.342038e-006  3.953060e-006  2.047070e-005  1.470374e-005  7.389617e-006  0.000000e+000  -7.394457e-006  -1.470520e-005  -2.047145e-005  -3.952608e-006  8.348540e-006  4.299539e-006  3.588177e-006  0.000000e+000  0.000000e+000  
0.000000e+000  2.515164e-005  2.891246e-005  4.094615e-005  1.245342e-005  6.782059e-005  3.980880e-005  1.957477e-005  0.000000e+000  -1.957943e-005  -3.981050e-005  -6.782122e-005  -1.245220e-005  -4.094416e-005  -2.891163e-005  -2.514987e-005  0.000000e+000  0.000000e+000  
0.000000e+000  1.823770e-005  2.000186e-005  2.253022e-005  1.529343e-005  3.891726e-005  2.659925e-005  1.323851e-005  0.000000e+000  -1.324162e-005  -2.659947e-005  -3.891772e-005  -1.529029e-005  -2.253170e-005  -1.999813e-005  -1.823890e-005  0.000000e+000  0.000000e+000  
0.000000e+000  9.465955e-006  1.006108e-005  1.063062e-005  9.140905e-006  1.797700e-005  1.320063e-005  6.658946e-006  0.000000e+000  -6.661033e-006  -1.320114e-005  -1.797821e-005  -9.139005e-006  -1.062832e-005  -1.006156e-005  -9.466151e-006  0.000000e+000  0.000000e+000  
0.000000e+000  0.000000e+000  0.000000e+000  0.000000e+000  0.000000e+000  0.000000e+000  0.000000e+000  0.000000e+000  0.000000e+000  0.000000e+000  0.000000e+000  0.000000e+000  0.000000e+000  0.000000e+000  0.000000e+000  0.000000e+000  0.000000e+000  0.000000e+000  
0.000000e+000  0.000000e+000  0.000000e+000  0.000000e+000  0.000000e+000  0.000000e+000  0.000000e+000  0.000000e+000  0.000000e+000  0.000000e+000  0.000000e+000  0.000000e+000  0.000000e+000  0.000000e+000  0.000000e+000  0.000000e+000  0.000000e+000  0.000000e+000  

0.000000e+000  0.000000e+000  0.000000e+000  0.000000e+000  0.000000e+000  0.000000e+000  0.000000e+000  0.000000e+000  0.000000e+000  0.000000e+000  0.000000e+000  0.000000e+000  0.000000e+000  0.000000e+000  0.000000e+000  0.000000e+000  0.000000e+000  0.000000e+000  
0.000000e+000  0.000000e+000  3.464938e+002  6.867062e+002  1.014470e+003  1.560272e+003  2.047058e+003  2.391670e+003  2.570176e+003  2.570176e+003  2.391670e+003  2.047058e+003  1.560272e+003  1.014470e+003  6.867062e+002  3.464938e+002  0.000000e+000  0.000000e+000  
0.000000e+000  0.000000e+000  3.464938e+002  6.867062e+002  1.014470e+003  1.560272e+003  2.047058e+003  2.391670e+003  2.570176e+003  2.570176e+003  2.391670e+003  2.047058e+003  1.560272e+003  1.014470e+003  6.867062e+002  3.464938e+002  0.000000e+000  0.000000e+000  
0.000000e+000  0.000000e+000  3.464938e+002  6.867062e+002  1.014470e+003  1.560272e+003  2.047058e+003  2.391670e+003  2.570176e+003  2.570176e+003  2.391670e+003  2.047058e+003  1.560272e+003  1.014470e+003  6.867062e+002  3.464938e+002  0.000000e+000  0.000000e+000  
0.000000e+000  0.000000e+000  3.464938e+002  6.867062e+002  1.014470e+003  1.560272e+003  2.047058e+003  2.391671e+003  2.570176e+003  2.570176e+003  2.391671e+003  2.047058e+003  1.560272e+003  1.014470e+003  6.867062e+002  3.464938e+002  0.000000e+000  0.000000e+000  
0.000000e+000  0.000000e+000  3.464938e+002  6.867062e+002  1.014470e+003  1.560272e+003  2.047058e+003  2.391671e+003  2.570176e+003  2.570176e+003  2.391671e+003  2.047058e+003  1.560272e+003  1.014470e+003  6.867062e+002  3.464938e+002  0.000000e+000  0.000000e+000  
0.000000e+000  0.000000e+000  3.464938e+002  6.867062e+002  1.014470e+003  1.560272e+003  2.047058e+003  2.391671e+003  2.570176e+003  2.570176e+003  2.391671e+003  2.047058e+003  1.560272e+003  1.014470e+003  6.867062e+002  3.464938e+002  0.000000e+000  0.000000e+000  
0.000000e+000  0.000000e+000  3.464938e+002  6.867062e+002  1.014470e+003  1.560272e+003  2.047058e+003  2.391670e+003  2.570176e+003  2.570176e+003  2.391670e+003  2.047058e+003  1.560272e+003  1.014470e+003  6.867062e+002  3.464938e+002  0.000000e+000  0.000000e+000  
0.000000e+000  0.000000e+000  3.464938e+002  6.867062e+002  1.014470e+003  1.560272e+003  2.047058e+003  2.391670e+003  2.570176e+003  2.570176e+003  2.391670e+003  2.047058e+003  1.560272e+003  1.014470e+003  6.867062e+002  3.464938e+002  0.000000e+000  0.000000e+000  
0.000000e+000  0.000000e+000  3.464938e+002  6.867062e+002  1.014470e+003  1.560272e+003  2.047058e+003  2.391670e+003  2.570176e+003  2.570176e+003  2.391670e+003  2.047058e+003  1.560272e+003  1.014470e+003  6.867062e+002  3.464938e+002  0.000000e+000  0.000000e+000  
0.000000e+000  0.000000e+000  0.000000e+000  0.000000e+000  0.000000e+000  0.000000e+000  0.000000e+000  0.000000e+000  0.000000e+000  0.000000e+000  0.000000e+000  0.000000e+000  0.000000e+000  0.000000e+000  0.000000e+000  0.000000e+000  0.000000e+000  0.000000e+000  
0.000000e+000  0.000000e+000  0.000000e+000  0.000000e+000  0.000000e+000  0.000000e+000  0.000000e+000  0.000000e+000  0.000000e+000  0.000000e+000  0.000000e+000  0.000000e+000  0.000000e+000  0.000000e+000  0.000000e+000  0.000000e+000  0.000000e+000  0.000000e+000  

0.000000e+000  0.000000e+000  0.000000e+000  0.000000e+000  0.000000e+000  0.000000e+000  0.000000e+000  0.000000e+000  0.000000e+000  0.000000e+000  0.000000e+000  0.000000e+000  0.000000e+000  0.000000e+000  0.000000e+000  0.000000e+000  0.000000e+000  0.000000e+000  
0.000000e+000  0.000000e+000  0.000000e+000  0.000000e+000  0.000000e+000  0.000000e+000  0.000000e+000  0.000000e+000  0.000000e+000  0.000000e+000  0.000000e+000  0.000000e+000  0.000000e+000  0.000000e+000  0.000000e+000  0.000000e+000  0.000000e+000  0.000000e+000  
0.000000e+000  0.000000e+000  0.000000e+000  0.000000e+000  0.000000e+000  0.000000e+000  0.000000e+000  0.000000e+000  0.000000e+000  0.000000e+000  0.000000e+000  0.000000e+000  0.000000e+000  0.000000e+000  0.000000e+000  0.000000e+000  0.000000e+000  0.000000e+000  
0.000000e+000  0.000000e+000  0.000000e+000  0.000000e+000  0.000000e+000  0.000000e+000  0.000000e+000  0.000000e+000  0.000000e+000  0.000000e+000  0.000000e+000  0.000000e+000  0.000000e+000  0.000000e+000  0.000000e+000  0.000000e+000  0.000000e+000  0.000000e+000  
0.000000e+000  0.000000e+000  0.000000e+000  0.000000e+000  0.000000e+000  0.000000e+000  0.000000e+000  0.000000e+000  0.000000e+000  0.000000e+000  0.000000e+000  0.000000e+000  0.000000e+000  0.000000e+000  0.000000e+000  0.000000e+000  0.000000e+000  0.000000e+000  
0.000000e+000  0.000000e+000  0.000000e+000  0.000000e+000  0.000000e+000  0.000000e+000  0.000000e+000  0.000000e+000  0.000000e+000  0.000000e+000  0.000000e+000  0.000000e+000  0.000000e+000  0.000000e+000  0.000000e+000  0.000000e+000  0.000000e+000  0.000000e+000  
0.000000e+000  0.000000e+000  0.000000e+000  0.000000e+000  0.000000e+000  0.000000e+000  0.000000e+000  0.000000e+000  0.000000e+000  0.000000e+000  0.000000e+000  0.000000e+000  0.000000e+000  0.000000e+000  0.000000e+000  0.000000e+000  0.000000e+000  0.000000e+000  
0.000000e+000  0.000000e+000  0.000000e+000  0.000000e+000  0.000000e+000  0.000000e+000  0.000000e+000  0.000000e+000  0.000000e+000  0.000000e+000  0.000000e+000  0.000000e+000  0.000000e+000  0.000000e+000  0.000000e+000  0.000000e+000  0.000000e+000  0.000000e+000  
0.000000e+000  0.000000e+000  0.000000e+000  0.000000e+000  0.000000e+000  0.000000e+000  0.000000e+000  0.000000e+000  0.000000e+000  0.000000e+000  0.000000e+000  0.000000e+000  0.000000e+000  0.000000e+000  0.000000e+000  0.000000e+000  0.000000e+000  0.000000e+000  
0.000000e+000  0.000000e+000  0.000000e+000  0.000000e+000  0.000000e+000  0.000000e+000  0.000000e+000  0.000000e+000  0.000000e+000  0.000000e+000  0.000000e+000  0.000000e+000  0.000000e+000  0.000000e+000  0.000000e+000  0.000000e+000  0.000000e+000  0.000000e+000  
0.000000e+000  0.000000e+000  0.000000e+000  0.000000e+000  0.000000e+000  0.000000e+000  0.000000e+000  0.000000e+000  0.000000e+000  0.000000e+000  0.000000e+000  0.000000e+000  0.000000e+000  0.000000e+000  0.000000e+000  0.000000e+000  0.000000e+000  0.000000e+000  
0.000000e+000  0.000000e+000  0.000000e+000  0.000000e+000  0.000000e+000  0.000000e+000  0.000000e+000  0.000000e+000  0.000000e+000  0.000000e+000  0.000000e+000  0.000000e+000  0.000000e+000  0.000000e+000  0.000000e+000  0.000000e+000  0.000000e+000  0.000000e+000  

0.000000e+000  0.000000e+000  0.000000e+000  0.000000e+000  0.000000e+000  0.000000e+000  0.000000e+000  0.000000e+000  0.000000e+000  0.000000e+000  0.000000e+000  0.000000e+000  0.000000e+000  0.000000e+000  0.000000e+000  0.000000e+000  0.000000e+000  0.000000e+000  
0.000000e+000  0.000000e+000  0.000000e+000  0.000000e+000  0.000000e+000  0.000000e+000  0.000000e+000  0.000000e+000  0.000000e+000  0.000000e+000  0.000000e+000  0.000000e+000  0.000000e+000  0.000000e+000  0.000000e+000  0.000000e+000  0.000000e+000  0.000000e+000  
0.000000e+000  0.000000e+000  0.000000e+000  0.000000e+000  0.000000e+000  0.000000e+000  0.000000e+000  0.000000e+000  0.000000e+000  0.000000e+000  0.000000e+000  0.000000e+000  0.000000e+000  0.000000e+000  0.000000e+000  0.000000e+000  0.000000e+000  0.000000e+000  
0.000000e+000  0.000000e+000  0.000000e+000  0.000000e+000  0.000000e+000  0.000000e+000  0.000000e+000  0.000000e+000  0.000000e+000  0.000000e+000  0.000000e+000  0.000000e+000  0.000000e+000  0.000000e+000  0.000000e+000  0.000000e+000  0.000000e+000  0.000000e+000  
0.000000e+000  0.000000e+000  0.000000e+000  0.000000e+000  0.000000e+000  0.000000e+000  0.000000e+000  0.000000e+000  0.000000e+000  0.000000e+000  0.000000e+000  0.000000e+000  0.000000e+000  0.000000e+000  0.000000e+000  0.000000e+000  0.000000e+000  0.000000e+000  
0.000000e+000  0.000000e+000  0.000000e+000  0.000000e+000  0.000000e+000  0.000000e+000  0.000000e+000  0.000000e+000  0.000000e+000  0.000000e+000  0.000000e+000  0.000000e+000  0.000000e+000  0.000000e+000  0.000000e+000  0.000000e+000  0.000000e+000  0.000000e+000  
0.000000e+000  0.000000e+000  0.000000e+000  0.000000e+000  0.000000e+000  0.000000e+000  0.000000e+000  0.000000e+000  0.000000e+000  0.000000e+000  0.000000e+000  0.000000e+000  0.000000e+000  0.000000e+000  0.000000e+000  0.000000e+000  0.000000e+000  0.000000e+000  
0.000000e+000  0.000000e+000  0.000000e+000  0.000000e+000  0.000000e+000  0.000000e+000  0.000000e+000  0.000000e+000  0.000000e+000  0.000000e+000  0.000000e+000  0.000000e+000  0.000000e+000  0.000000e+000  0.000000e+000  0.000000e+000  0.000000e+000  0.000000e+000  
0.000000e+000  0.000000e+000  0.000000e+000  0.000000e+000  0.000000e+000  0.000000e+000  0.000000e+000  0.000000e+000  0.000000e+000  0.000000e+000  0.000000e+000  0.000000e+000  0.000000e+000  0.000000e+000  0.000000e+000  0.000000e+000  0.000000e+000  0.000000e+000  
0.000000e+000  0.000000e+000  0.000000e+000  0.000000e+000  0.000000e+000  0.000000e+000  0.000000e+000  0.000000e+000  0.000000e+000  0.000000e+000  0.000000e+000  0.000000e+000  0.000000e+000  0.000000e+000  0.000000e+000  0.000000e+000  0.000000e+000  0.000000e+000  
0.000000e+000  0.000000e+000  0.000000e+000  0.000000e+000  0.000000e+000  0.000000e+000  0.000000e+000  0.000000e+000  0.000000e+000  0.000000e+000  0.000000e+000  0.000000e+000  0.000000e+000  0.000000e+000  0.000000e+000  0.000000e+000  0.000000e+000  0.000000e+000  
0.000000e+000  0.000000e+000  0.000000e+000  0.000000e+000  0.000000e+000  0.000000e+000  0.000000e+000  0.000000e+000  0.000000e+000  0.000000e+000  0.000000e+000  0.000000e+000  0.000000e+000  0.000000e+000  0.000000e+000  0.000000e+000  0.000000e+000  0.000000e+000  

0.000000e+000  0.000000e+000  0.000000e+000  0.000000e+000  0.000000e+000  0.000000e+000  0.000000e+000  0.000000e+000  0.000000e+000  0.000000e+000  0.000000e+000  0.000000e+000  0.000000e+000  0.000000e+000  0.000000e+000  0.000000e+000  0.000000e+000  0.000000e+000  
0.000000e+000  0.000000e+000  0.000000e+000  0.000000e+000  0.000000e+000  0.000000e+000  0.000000e+000  0.000000e+000  0.000000e+000  0.000000e+000  0.000000e+000  0.000000e+000  0.000000e+000  0.000000e+000  0.000000e+000  0.000000e+000  0.000000e+000  0.000000e+000  
0.000000e+000  0.000000e+000  0.000000e+000  0.000000e+000  0.000000e+000  0.000000e+000  0.000000e+000  0.000000e+000  0.000000e+000  0.000000e+000  0.000000e+000  0.000000e+000  0.000000e+000  0.000000e+000  0.000000e+000  0.000000e+000  0.000000e+000  0.000000e+000  
0.000000e+000  0.000000e+000  0.000000e+000  0.000000e+000  0.000000e+000  0.000000e+000  0.000000e+000  0.000000e+000  0.000000e+000  0.000000e+000  0.000000e+000  0.000000e+000  0.000000e+000  0.000000e+000  0.000000e+000  0.000000e+000  0.000000e+000  0.000000e+000  
0.000000e+000  0.000000e+000  0.000000e+000  0.000000e+000  0.000000e+000  0.000000e+000  0.000000e+000  0.000000e+000  0.000000e+000  0.000000e+000  0.000000e+000  0.000000e+000  0.000000e+000  0.000000e+000  0.000000e+000  0.000000e+000  0.000000e+000  0.000000e+000  
0.000000e+000  0.000000e+000  0.000000e+000  0.000000e+000  0.000000e+000  0.000000e+000  0.000000e+000  0.000000e+000  0.000000e+000  0.000000e+000  0.000000e+000  0.000000e+000  0.000000e+000  0.000000e+000  0.000000e+000  0.000000e+000  0.000000e+000  0.000000e+000  
0.000000e+000  0.000000e+000  0.000000e+000  0.000000e+000  0.000000e+000  0.000000e+000  0.000000e+000  0.000000e+000  0.000000e+000  0.000000e+000  0.000000e+000  0.000000e+000  0.000000e+000  0.000000e+000  0.000000e+000  0.000000e+000  0.000000e+000  0.000000e+000  
0.000000e+000  0.000000e+000  0.000000e+000  0.000000e+000  0.000000e+000  0.000000e+000  0.000000e+000  0.000000e+000  0.000000e+000  0.000000e+000  0.000000e+000  0.000000e+000  0.000000e+000  0.000000e+000  0.000000e+000  0.000000e+000  0.000000e+000  0.000000e+000  
0.000000e+000  0.000000e+000  0.000000e+000  0.000000e+000  0.000000e+000  0.000000e+000  0.000000e+000  0.000000e+000  0.000000e+000  0.000000e+000  0.000000e+000  0.000000e+000  0.000000e+000  0.000000e+000  0.000000e+000  0.000000e+000  0.000000e+000  0.000000e+000  
0.000000e+000  0.000000e+000  0.000000e+000  0.000000e+000  0.000000e+000  0.000000e+000  0.000000e+000  0.000000e+000  0.000000e+000  0.000000e+000  0.000000e+000  0.000000e+000  0.000000e+000  0.000000e+000  0.000000e+000  0.000000e+000  0.000000e+000  0.000000e+000  
0.000000e+000  0.000000e+000  0.000000e+000  0.000000e+000  0.000000e+000  0.000000e+000  0.000000e+000  0.000000e+000  0.000000e+000  0.000000e+000  0.000000e+000  0.000000e+000  0.000000e+000  0.000000e+000  0.000000e+000  0.000000e+000  0.000000e+000  0.000000e+000  
0.000000e+000  0.000000e+000  0.000000e+000  0.000000e+000  0.000000e+000  0.000000e+000  0.000000e+000  0.000000e+000  0.000000e+000  0.000000e+000  0.000000e+000  0.000000e+000  0.000000e+000  0.000000e+000  0.000000e+000  0.000000e+000  0.000000e+000  0.000000e+000  

0.000000e+000  0.000000e+000  0.000000e+000  0.000000e+000  0.000000e+000  0.000000e+000  0.000000e+000  0.000000e+000  0.000000e+000  0.000000e+000  0.000000e+000  0.000000e+000  0.000000e+000  0.000000e+000  0.000000e+000  0.000000e+000  0.000000e+000  0.000000e+000  
0.000000e+000  0.000000e+000  0.000000e+000  0.000000e+000  0.000000e+000  0.000000e+000  0.000000e+000  0.000000e+000  0.000000e+000  0.000000e+000  0.000000e+000  0.000000e+000  0.000000e+000  0.000000e+000  0.000000e+000  0.000000e+000  0.000000e+000  0.000000e+000  
0.000000e+000  0.000000e+000  -1.152292e-007  -8.347613e-008  7.152589e-008  6.328725e-007  2.682424e-006  3.941576e-006  4.476116e-006  4.520570e-006  3.959768e-006  2.690294e-006  6.427463e-007  3.301754e-008  -1.391017e-008  -1.899099e-007  0.000000e+000  0.000000e+000  
0.000000e+000  0.000000e+000  -3.940001e-007  -3.967205e-007  1.443715e-007  9.187672e-007  5.614961e-006  8.072619e-006  9.081688e-006  9.085883e-006  8.038832e-006  5.530771e-006  8.684751e-007  8.550719e-008  -5.776056e-007  -2.085738e-007  0.000000e+000  0.000000e+000  
0.000000e+000  0.000000e+000  -8.444399e-007  -1.157391e-006  1.004616e-007  2.350820e-007  8.872316e-006  1.233496e-005  1.373717e-005  1.371257e-005  1.230485e-005  8.846412e-006  1.918244e-007  5.431337e-008  -1.172920e-006  -8.860675e-007  0.000000e+000  0.000000e+000  
0.000000e+000  0.000000e+000  1.247935e-006  2.211858e-006  1.900665e-006  4.010640e-006  6.982904e-006  8.950952e-006  9.814067e-006  9.827258e-006  8.849929e-006  6.913027e-006  3.959933e-006  1.881387e-006  2.154693e-006  1.263519e-006  0.000000e+000  0.000000e+000  
0.000000e+000  0.000000e+000  -1.284440e-006  -2.143454e-006  -1.822005e-006  -3.923044e-006  -6.920110e-006  -8.872341e-006  -9.821295e-006  -9.778613e-006  -8.902558e-006  -6.928979e-006  -3.946077e-006  -1.912773e-006  -2.170926e-006  -1.246370e-006  0.000000e+000  0.000000e+000  
0.000000e+000  0.000000e+000  8.077916e-007  1.150556e-006  -6.214852e-008  -1.857887e-007  -8.837931e-006  -1.236451e-005  -1.376497e-005  -1.377303e-005  -1.235157e-005  -8.900963e-006  -2.171112e-007  -1.108939e-007  1.140485e-006  8.519671e-007  0.000000e+000  0.000000e+000  
0.000000e+000  0.000000e+000  3.027372e-007  5.025564e-007  -1.329722e-007  -8.768051e-007  -5.552916e-006  -8.024793e-006  -9.141705e-006  -9.147408e-006  -8.109014e-006  -5.606952e-006  -9.134822e-007  -1.056301e-007  4.687610e-007  2.339423e-007  0.000000e+000  0.000000e+000  
0.000000e+000  0.000000e+000  1.461930e-007  5.739779e-008  -5.154526e-008  -6.730184e-007  -2.701705e-006  -3.935135e-006  -4.552146e-006  -4.515702e-006  -3.998349e-006  -2.724740e-006  -6.824442e-007  -3.767293e-008  1.677514e-008  2.072223e-007  0.000000e+000  0.000000e+000  
0.000000e+000  0.000000e+000  0.000000e+000  0.000000e+000  0.000000e+000  0.000000e+000  0.000000e+000  0.000000e+000  0.000000e+000  0.000000e+000  0.000000e+000  0.000000e+000  0.000000e+000  0.000000e+000  0.000000e+000  0.000000e+000  0.000000e+000  0.000000e+000  
0.000000e+000  0.000000e+000  0.000000e+000  0.000000e+000  0.000000e+000  0.000000e+000  0.000000e+000  0.000000e+000  0.000000e+000  0.000000e+000  0.000000e+000  0.000000e+000  0.000000e+000  0.000000e+000  0.000000e+000  0.000000e+000  0.000000e+000  0.000000e+000  

